Fri Jun 13 13:55:15 UTC 2014
  PID USER      PR  NI    VIRT    RES    SHR S  %CPU %MEM     TIME+ COMMAND
 1634 ubuntu    20   0 9059532 295384  14212 S   0.0  3.8   0:19.16 java
Fri Jun 13 13:55:16 UTC 2014
  PID USER      PR  NI    VIRT    RES    SHR S  %CPU %MEM     TIME+ COMMAND
 1634 ubuntu    20   0 9059532 295384  14212 S   0.0  3.8   0:19.17 java
Fri Jun 13 13:55:17 UTC 2014
  PID USER      PR  NI    VIRT    RES    SHR S  %CPU %MEM     TIME+ COMMAND
 1634 ubuntu    20   0 9059532 295384  14212 S   0.0  3.8   0:19.18 java
Fri Jun 13 13:55:18 UTC 2014
  PID USER      PR  NI    VIRT    RES    SHR S  %CPU %MEM     TIME+ COMMAND
 1634 ubuntu    20   0 9059532 295384  14212 S   0.0  3.8   0:19.19 java
Fri Jun 13 13:55:19 UTC 2014
  PID USER      PR  NI    VIRT    RES    SHR S  %CPU %MEM     TIME+ COMMAND
 1634 ubuntu    20   0 9059532 295384  14212 S   0.0  3.8   0:19.20 java
Fri Jun 13 13:55:21 UTC 2014
  PID USER      PR  NI    VIRT    RES    SHR S  %CPU %MEM     TIME+ COMMAND
 1634 ubuntu    20   0 9059532 295384  14212 S   0.0  3.8   0:19.21 java
Fri Jun 13 13:55:22 UTC 2014
  PID USER      PR  NI    VIRT    RES    SHR S  %CPU %MEM     TIME+ COMMAND
 1634 ubuntu    20   0 9059532 295384  14212 S   0.0  3.8   0:19.21 java
Fri Jun 13 13:55:23 UTC 2014
  PID USER      PR  NI    VIRT    RES    SHR S  %CPU %MEM     TIME+ COMMAND
 1634 ubuntu    20   0 9059532 295384  14212 S   6.6  3.8   0:19.22 java
Fri Jun 13 13:55:24 UTC 2014
  PID USER      PR  NI    VIRT    RES    SHR S  %CPU %MEM     TIME+ COMMAND
 1634 ubuntu    20   0 9059532 295384  14212 S   0.0  3.8   0:19.24 java
Fri Jun 13 13:55:25 UTC 2014
  PID USER      PR  NI    VIRT    RES    SHR S  %CPU %MEM     TIME+ COMMAND
 1634 ubuntu    20   0 9059532 295384  14212 S   0.0  3.8   0:19.24 java
Fri Jun 13 13:55:26 UTC 2014
  PID USER      PR  NI    VIRT    RES    SHR S  %CPU %MEM     TIME+ COMMAND
 1634 ubuntu    20   0 9059532 295384  14212 S   0.0  3.8   0:19.25 java
Fri Jun 13 13:55:28 UTC 2014
  PID USER      PR  NI    VIRT    RES    SHR S  %CPU %MEM     TIME+ COMMAND
 1634 ubuntu    20   0 9059532 295384  14212 S   0.0  3.8   0:19.25 java
Fri Jun 13 13:55:29 UTC 2014
  PID USER      PR  NI    VIRT    RES    SHR S  %CPU %MEM     TIME+ COMMAND
 1634 ubuntu    20   0 9059532 295384  14212 S   0.0  3.8   0:19.26 java
Fri Jun 13 13:55:30 UTC 2014
  PID USER      PR  NI    VIRT    RES    SHR S  %CPU %MEM     TIME+ COMMAND
 1634 ubuntu    20   0 9059532 295384  14212 S   0.0  3.8   0:19.28 java
Fri Jun 13 13:55:31 UTC 2014
  PID USER      PR  NI    VIRT    RES    SHR S  %CPU %MEM     TIME+ COMMAND
 1634 ubuntu    20   0 9059532 295384  14212 S   0.0  3.8   0:19.28 java
Fri Jun 13 13:55:32 UTC 2014
  PID USER      PR  NI    VIRT    RES    SHR S  %CPU %MEM     TIME+ COMMAND
 1634 ubuntu    20   0 9059532 295384  14212 S   0.0  3.8   0:19.29 java
Fri Jun 13 13:55:33 UTC 2014
  PID USER      PR  NI    VIRT    RES    SHR S  %CPU %MEM     TIME+ COMMAND
 1634 ubuntu    20   0 9059532 295384  14212 S   0.0  3.8   0:19.30 java
Fri Jun 13 13:55:35 UTC 2014
  PID USER      PR  NI    VIRT    RES    SHR S  %CPU %MEM     TIME+ COMMAND
 1634 ubuntu    20   0 9059532 295384  14212 S   0.0  3.8   0:19.31 java
Fri Jun 13 13:55:36 UTC 2014
  PID USER      PR  NI    VIRT    RES    SHR S  %CPU %MEM     TIME+ COMMAND
 1634 ubuntu    20   0 9059532 295384  14212 S   0.0  3.8   0:19.31 java
Fri Jun 13 13:55:37 UTC 2014
  PID USER      PR  NI    VIRT    RES    SHR S  %CPU %MEM     TIME+ COMMAND
 1634 ubuntu    20   0 9059532 295384  14212 S   0.0  3.8   0:19.32 java
Fri Jun 13 13:55:38 UTC 2014
  PID USER      PR  NI    VIRT    RES    SHR S  %CPU %MEM     TIME+ COMMAND
 1634 ubuntu    20   0 9059532 295384  14212 S   0.0  3.8   0:19.33 java
Fri Jun 13 13:55:39 UTC 2014
  PID USER      PR  NI    VIRT    RES    SHR S  %CPU %MEM     TIME+ COMMAND
 1634 ubuntu    20   0 9059532 295384  14212 S   0.0  3.8   0:19.34 java
Fri Jun 13 13:55:41 UTC 2014
  PID USER      PR  NI    VIRT    RES    SHR S  %CPU %MEM     TIME+ COMMAND
 1634 ubuntu    20   0 9059532 295384  14212 S   0.0  3.8   0:19.34 java
Fri Jun 13 13:55:42 UTC 2014
  PID USER      PR  NI    VIRT    RES    SHR S  %CPU %MEM     TIME+ COMMAND
 1634 ubuntu    20   0 9059532 295384  14212 S   0.0  3.8   0:19.35 java
Fri Jun 13 13:55:43 UTC 2014
  PID USER      PR  NI    VIRT    RES    SHR S  %CPU %MEM     TIME+ COMMAND
 1634 ubuntu    20   0 9059532 295384  14212 S   0.0  3.8   0:19.36 java
Fri Jun 13 13:55:44 UTC 2014
  PID USER      PR  NI    VIRT    RES    SHR S  %CPU %MEM     TIME+ COMMAND
 1634 ubuntu    20   0 9059532 295384  14212 S   6.6  3.8   0:19.38 java
Fri Jun 13 13:55:45 UTC 2014
  PID USER      PR  NI    VIRT    RES    SHR S  %CPU %MEM     TIME+ COMMAND
 1634 ubuntu    20   0 9059532 295384  14212 S   6.6  3.8   0:19.39 java
Fri Jun 13 13:55:46 UTC 2014
  PID USER      PR  NI    VIRT    RES    SHR S  %CPU %MEM     TIME+ COMMAND
 1634 ubuntu    20   0 9059532 295384  14212 S   0.0  3.8   0:19.39 java
Fri Jun 13 13:55:48 UTC 2014
  PID USER      PR  NI    VIRT    RES    SHR S  %CPU %MEM     TIME+ COMMAND
 1634 ubuntu    20   0 9059532 295384  14212 S   0.0  3.8   0:19.41 java
Fri Jun 13 13:55:49 UTC 2014
  PID USER      PR  NI    VIRT    RES    SHR S  %CPU %MEM     TIME+ COMMAND
 1634 ubuntu    20   0 9059532 295904  14212 S   0.0  3.8   0:19.41 java
Fri Jun 13 13:55:50 UTC 2014
  PID USER      PR  NI    VIRT    RES    SHR S  %CPU %MEM     TIME+ COMMAND
 1634 ubuntu    20   0 9059532 295904  14212 S   0.0  3.8   0:19.42 java
Fri Jun 13 13:55:51 UTC 2014
  PID USER      PR  NI    VIRT    RES    SHR S  %CPU %MEM     TIME+ COMMAND
 1634 ubuntu    20   0 9059532 295904  14212 S   0.0  3.8   0:19.43 java
Fri Jun 13 13:55:52 UTC 2014
  PID USER      PR  NI    VIRT    RES    SHR S  %CPU %MEM     TIME+ COMMAND
 1634 ubuntu    20   0 9059532 296108  14212 S  26.5  3.8   0:19.52 java
Fri Jun 13 13:55:53 UTC 2014
  PID USER      PR  NI    VIRT    RES    SHR S  %CPU %MEM     TIME+ COMMAND
 1634 ubuntu    20   0 9059532 297612  14212 S  19.9  3.9   0:19.64 java
Fri Jun 13 13:55:55 UTC 2014
  PID USER      PR  NI    VIRT    RES    SHR S  %CPU %MEM     TIME+ COMMAND
 1634 ubuntu    20   0 9059532 298056  14212 S   6.6  3.9   0:19.79 java
Fri Jun 13 13:55:56 UTC 2014
  PID USER      PR  NI    VIRT    RES    SHR S  %CPU %MEM     TIME+ COMMAND
 1634 ubuntu    20   0 9059532 299284  14360 S  46.3  3.9   0:20.16 java
Fri Jun 13 13:55:57 UTC 2014
  PID USER      PR  NI    VIRT    RES    SHR S  %CPU %MEM     TIME+ COMMAND
 1634 ubuntu    20   0 9059532 300596  14384 S  53.1  3.9   0:20.52 java
Fri Jun 13 13:55:58 UTC 2014
  PID USER      PR  NI    VIRT    RES    SHR S  %CPU %MEM     TIME+ COMMAND
 1634 ubuntu    20   0 9059532 301528  14384 S  39.7  3.9   0:21.00 java
Fri Jun 13 13:55:59 UTC 2014
  PID USER      PR  NI    VIRT    RES    SHR S  %CPU %MEM     TIME+ COMMAND
 1634 ubuntu    20   0 9059532 302984  14384 S  19.7  3.9   0:21.54 java
Fri Jun 13 13:56:00 UTC 2014
  PID USER      PR  NI    VIRT    RES    SHR S  %CPU %MEM     TIME+ COMMAND
 1634 ubuntu    20   0 9059532 304404  14384 S  33.1  4.0   0:22.22 java
Fri Jun 13 13:56:02 UTC 2014
  PID USER      PR  NI    VIRT    RES    SHR S  %CPU %MEM     TIME+ COMMAND
 1634 ubuntu    20   0 9059532 315420  14392 S 189.0  4.1   0:23.08 java
Fri Jun 13 13:56:03 UTC 2014
  PID USER      PR  NI    VIRT    RES    SHR S  %CPU %MEM     TIME+ COMMAND
 1634 ubuntu    20   0 9059532 330316  14392 S  33.2  4.3   0:24.08 java
Fri Jun 13 13:56:04 UTC 2014
  PID USER      PR  NI    VIRT    RES    SHR S  %CPU %MEM     TIME+ COMMAND
 1634 ubuntu    20   0 9059532 360724  14396 S  66.3  4.7   0:25.21 java
Fri Jun 13 13:56:05 UTC 2014
  PID USER      PR  NI    VIRT    RES    SHR S  %CPU %MEM     TIME+ COMMAND
 1634 ubuntu    20   0 9059532 362044  14396 S  33.1  4.7   0:26.18 java
Fri Jun 13 13:56:06 UTC 2014
  PID USER      PR  NI    VIRT    RES    SHR S  %CPU %MEM     TIME+ COMMAND
 1634 ubuntu    20   0 9059532 362836  14396 S  53.0  4.7   0:26.77 java
Fri Jun 13 13:56:08 UTC 2014
  PID USER      PR  NI    VIRT    RES    SHR S  %CPU %MEM     TIME+ COMMAND
 1634 ubuntu    20   0 9059532 363492  14396 S  39.7  4.7   0:27.52 java
Fri Jun 13 13:56:09 UTC 2014
  PID USER      PR  NI    VIRT    RES    SHR S  %CPU %MEM     TIME+ COMMAND
 1634 ubuntu    20   0 9059532 364284  14396 S  39.8  4.7   0:28.06 java
Fri Jun 13 13:56:10 UTC 2014
  PID USER      PR  NI    VIRT    RES    SHR S  %CPU %MEM     TIME+ COMMAND
 1634 ubuntu    20   0 9059532 362488  14396 S  59.6  4.7   0:28.52 java
Fri Jun 13 13:56:11 UTC 2014
  PID USER      PR  NI    VIRT    RES    SHR S  %CPU %MEM     TIME+ COMMAND
 1634 ubuntu    20   0 9059532 363172  14396 S  39.8  4.7   0:29.39 java
Fri Jun 13 13:56:12 UTC 2014
  PID USER      PR  NI    VIRT    RES    SHR S  %CPU %MEM     TIME+ COMMAND
 1634 ubuntu    20   0 9059532 364196  14400 S  33.0  4.7   0:29.97 java
Fri Jun 13 13:56:13 UTC 2014
  PID USER      PR  NI    VIRT    RES    SHR S  %CPU %MEM     TIME+ COMMAND
 1634 ubuntu    20   0 9059532 375780  14400 S  59.7  4.9   0:30.54 java
Fri Jun 13 13:56:15 UTC 2014
  PID USER      PR  NI    VIRT    RES    SHR S  %CPU %MEM     TIME+ COMMAND
 1634 ubuntu    20   0 9059532 375372  14400 S  39.8  4.9   0:31.01 java
Fri Jun 13 13:56:16 UTC 2014
  PID USER      PR  NI    VIRT    RES    SHR S  %CPU %MEM     TIME+ COMMAND
 1634 ubuntu    20   0 9059532 375792  14400 S 132.4  4.9   0:31.80 java
Fri Jun 13 13:56:17 UTC 2014
  PID USER      PR  NI    VIRT    RES    SHR S  %CPU %MEM     TIME+ COMMAND
 1634 ubuntu    20   0 9059532 376108  14404 S  19.9  4.9   0:32.30 java
Fri Jun 13 13:56:18 UTC 2014
  PID USER      PR  NI    VIRT    RES    SHR S  %CPU %MEM     TIME+ COMMAND
 1634 ubuntu    20   0 9059532 376236  14404 S  19.9  4.9   0:32.71 java
Fri Jun 13 13:56:19 UTC 2014
  PID USER      PR  NI    VIRT    RES    SHR S  %CPU %MEM     TIME+ COMMAND
 1634 ubuntu    20   0 9059532 376816  14404 S  13.3  4.9   0:33.04 java
Fri Jun 13 13:56:20 UTC 2014
  PID USER      PR  NI    VIRT    RES    SHR S  %CPU %MEM     TIME+ COMMAND
 1634 ubuntu    20   0 9059532 376816  14404 S  19.8  4.9   0:33.24 java
Fri Jun 13 13:56:22 UTC 2014
  PID USER      PR  NI    VIRT    RES    SHR S  %CPU %MEM     TIME+ COMMAND
 1634 ubuntu    20   0 9059532 376816  14404 S  26.5  4.9   0:33.43 java
Fri Jun 13 13:56:23 UTC 2014
  PID USER      PR  NI    VIRT    RES    SHR S  %CPU %MEM     TIME+ COMMAND
 1634 ubuntu    20   0 9059532 376960  14404 S   6.6  4.9   0:33.56 java
Fri Jun 13 13:56:24 UTC 2014
  PID USER      PR  NI    VIRT    RES    SHR S  %CPU %MEM     TIME+ COMMAND
 1634 ubuntu    20   0 9059532 376960  14404 S  19.9  4.9   0:33.75 java
Fri Jun 13 13:56:25 UTC 2014
  PID USER      PR  NI    VIRT    RES    SHR S  %CPU %MEM     TIME+ COMMAND
 1634 ubuntu    20   0 9059532 377744  14404 S  19.9  4.9   0:33.99 java
Fri Jun 13 13:56:26 UTC 2014
  PID USER      PR  NI    VIRT    RES    SHR S  %CPU %MEM     TIME+ COMMAND
 1634 ubuntu    20   0 9059532 377744  14404 S   6.6  4.9   0:34.16 java
Fri Jun 13 13:56:27 UTC 2014
  PID USER      PR  NI    VIRT    RES    SHR S  %CPU %MEM     TIME+ COMMAND
 1634 ubuntu    20   0 9059532 377744  14404 S   0.0  4.9   0:34.31 java
Fri Jun 13 13:56:29 UTC 2014
  PID USER      PR  NI    VIRT    RES    SHR S  %CPU %MEM     TIME+ COMMAND
 1634 ubuntu    20   0 9059532 377744  14404 S   6.6  4.9   0:34.47 java
Fri Jun 13 13:56:30 UTC 2014
  PID USER      PR  NI    VIRT    RES    SHR S  %CPU %MEM     TIME+ COMMAND
 1634 ubuntu    20   0 9059532 377844  14408 S  59.6  4.9   0:34.91 java
Fri Jun 13 13:56:31 UTC 2014
  PID USER      PR  NI    VIRT    RES    SHR S  %CPU %MEM     TIME+ COMMAND
 1634 ubuntu    20   0 9059532 378376  14408 S  19.9  4.9   0:35.31 java
Fri Jun 13 13:56:32 UTC 2014
  PID USER      PR  NI    VIRT    RES    SHR S  %CPU %MEM     TIME+ COMMAND
 1634 ubuntu    20   0 9059532 378376  14408 S  19.9  4.9   0:35.64 java
Fri Jun 13 13:56:33 UTC 2014
  PID USER      PR  NI    VIRT    RES    SHR S  %CPU %MEM     TIME+ COMMAND
 1634 ubuntu    20   0 9059532 378376  14408 S  19.9  4.9   0:35.84 java
Fri Jun 13 13:56:35 UTC 2014
  PID USER      PR  NI    VIRT    RES    SHR S  %CPU %MEM     TIME+ COMMAND
 1634 ubuntu    20   0 9059532 378644  14408 S  19.9  4.9   0:36.16 java
Fri Jun 13 13:56:36 UTC 2014
  PID USER      PR  NI    VIRT    RES    SHR S  %CPU %MEM     TIME+ COMMAND
 1634 ubuntu    20   0 9059532 377572  14408 S  26.5  4.9   0:36.43 java
Fri Jun 13 13:56:37 UTC 2014
  PID USER      PR  NI    VIRT    RES    SHR S  %CPU %MEM     TIME+ COMMAND
 1634 ubuntu    20   0 9059532 377572  14408 S   0.0  4.9   0:36.63 java
Fri Jun 13 13:56:38 UTC 2014
  PID USER      PR  NI    VIRT    RES    SHR S  %CPU %MEM     TIME+ COMMAND
 1634 ubuntu    20   0 9059532 377572  14408 S  26.5  4.9   0:36.87 java
Fri Jun 13 13:56:39 UTC 2014
  PID USER      PR  NI    VIRT    RES    SHR S  %CPU %MEM     TIME+ COMMAND
 1634 ubuntu    20   0 9059532 377572  14408 S  19.9  4.9   0:37.04 java
Fri Jun 13 13:56:40 UTC 2014
  PID USER      PR  NI    VIRT    RES    SHR S  %CPU %MEM     TIME+ COMMAND
 1634 ubuntu    20   0 9059532 378096  14408 S  26.5  4.9   0:37.30 java
Fri Jun 13 13:56:42 UTC 2014
  PID USER      PR  NI    VIRT    RES    SHR S  %CPU %MEM     TIME+ COMMAND
 1634 ubuntu    20   0 9059532 378096  14408 S  19.9  4.9   0:37.46 java
Fri Jun 13 13:56:43 UTC 2014
  PID USER      PR  NI    VIRT    RES    SHR S  %CPU %MEM     TIME+ COMMAND
 1634 ubuntu    20   0 9059532 378096  14408 S  13.3  4.9   0:37.69 java
Fri Jun 13 13:56:44 UTC 2014
  PID USER      PR  NI    VIRT    RES    SHR S  %CPU %MEM     TIME+ COMMAND
 1634 ubuntu    20   0 9059532 378096  14408 S  52.6  4.9   0:37.96 java
Fri Jun 13 13:56:45 UTC 2014
  PID USER      PR  NI    VIRT    RES    SHR S  %CPU %MEM     TIME+ COMMAND
 1634 ubuntu    20   0 9059532 378012  14408 S  26.5  4.9   0:38.37 java
Fri Jun 13 13:56:46 UTC 2014
  PID USER      PR  NI    VIRT    RES    SHR S  %CPU %MEM     TIME+ COMMAND
 1634 ubuntu    20   0 9059532 378012  14408 S  13.2  4.9   0:38.59 java
Fri Jun 13 13:56:47 UTC 2014
  PID USER      PR  NI    VIRT    RES    SHR S  %CPU %MEM     TIME+ COMMAND
 1634 ubuntu    20   0 9059532 378012  14408 S  26.5  4.9   0:38.83 java
Fri Jun 13 13:56:49 UTC 2014
  PID USER      PR  NI    VIRT    RES    SHR S  %CPU %MEM     TIME+ COMMAND
 1634 ubuntu    20   0 9059532 378012  14408 S  26.5  4.9   0:39.12 java
Fri Jun 13 13:56:50 UTC 2014
  PID USER      PR  NI    VIRT    RES    SHR S  %CPU %MEM     TIME+ COMMAND
 1634 ubuntu    20   0 9059532 378012  14408 S  26.4  4.9   0:39.45 java
Fri Jun 13 13:56:51 UTC 2014
  PID USER      PR  NI    VIRT    RES    SHR S  %CPU %MEM     TIME+ COMMAND
 1634 ubuntu    20   0 9059532 378012  14408 S  19.8  4.9   0:39.70 java
Fri Jun 13 13:56:52 UTC 2014
  PID USER      PR  NI    VIRT    RES    SHR S  %CPU %MEM     TIME+ COMMAND
 1634 ubuntu    20   0 9059532 377944  14408 S  13.0  4.9   0:40.04 java
Fri Jun 13 13:56:53 UTC 2014
  PID USER      PR  NI    VIRT    RES    SHR S  %CPU %MEM     TIME+ COMMAND
 1634 ubuntu    20   0 9059532 377944  14408 S  13.1  4.9   0:40.27 java
Fri Jun 13 13:56:55 UTC 2014
  PID USER      PR  NI    VIRT    RES    SHR S  %CPU %MEM     TIME+ COMMAND
 1634 ubuntu    20   0 9059532 377944  14408 S  26.5  4.9   0:40.50 java
Fri Jun 13 13:56:56 UTC 2014
  PID USER      PR  NI    VIRT    RES    SHR S  %CPU %MEM     TIME+ COMMAND
 1634 ubuntu    20   0 9059532 377944  14408 S  26.5  4.9   0:40.68 java
Fri Jun 13 13:56:57 UTC 2014
  PID USER      PR  NI    VIRT    RES    SHR S  %CPU %MEM     TIME+ COMMAND
 1634 ubuntu    20   0 9059532 377944  14408 S  19.9  4.9   0:40.95 java
Fri Jun 13 13:56:58 UTC 2014
  PID USER      PR  NI    VIRT    RES    SHR S  %CPU %MEM     TIME+ COMMAND
 1634 ubuntu    20   0 9059532 377944  14408 S  19.9  4.9   0:41.16 java
Fri Jun 13 13:56:59 UTC 2014
  PID USER      PR  NI    VIRT    RES    SHR S  %CPU %MEM     TIME+ COMMAND
 1634 ubuntu    20   0 9059532 377944  14408 S  19.8  4.9   0:41.34 java
Fri Jun 13 13:57:00 UTC 2014
  PID USER      PR  NI    VIRT    RES    SHR S  %CPU %MEM     TIME+ COMMAND
 1634 ubuntu    20   0 9059532 373948  14408 S  19.8  4.9   0:41.59 java
Fri Jun 13 13:57:02 UTC 2014
  PID USER      PR  NI    VIRT    RES    SHR S  %CPU %MEM     TIME+ COMMAND
 1634 ubuntu    20   0 9059532 373948  14408 S  19.9  4.9   0:41.82 java
Fri Jun 13 13:57:03 UTC 2014
  PID USER      PR  NI    VIRT    RES    SHR S  %CPU %MEM     TIME+ COMMAND
 1634 ubuntu    20   0 9059532 373948  14408 S  13.3  4.9   0:42.07 java
Fri Jun 13 13:57:04 UTC 2014
  PID USER      PR  NI    VIRT    RES    SHR S  %CPU %MEM     TIME+ COMMAND
 1634 ubuntu    20   0 9059532 373992  14408 S 118.2  4.9   0:42.84 java
Fri Jun 13 13:57:05 UTC 2014
  PID USER      PR  NI    VIRT    RES    SHR S  %CPU %MEM     TIME+ COMMAND
 1634 ubuntu    20   0 9059532 365216  14408 S  19.9  4.7   0:43.34 java
Fri Jun 13 13:57:06 UTC 2014
  PID USER      PR  NI    VIRT    RES    SHR S  %CPU %MEM     TIME+ COMMAND
 1634 ubuntu    20   0 9059532 365216  14408 S  45.1  4.7   0:43.86 java
Fri Jun 13 13:57:07 UTC 2014
  PID USER      PR  NI    VIRT    RES    SHR S  %CPU %MEM     TIME+ COMMAND
 1634 ubuntu    20   0 9059532 365216  14408 S   6.6  4.7   0:44.06 java
Fri Jun 13 13:57:09 UTC 2014
  PID USER      PR  NI    VIRT    RES    SHR S  %CPU %MEM     TIME+ COMMAND
 1634 ubuntu    20   0 9060560 365216  14408 S  19.7  4.7   0:44.31 java
Fri Jun 13 13:57:10 UTC 2014
  PID USER      PR  NI    VIRT    RES    SHR S  %CPU %MEM     TIME+ COMMAND
 1634 ubuntu    20   0 9060560 364464  14408 S  33.1  4.7   0:44.69 java
Fri Jun 13 13:57:11 UTC 2014
  PID USER      PR  NI    VIRT    RES    SHR S  %CPU %MEM     TIME+ COMMAND
 1634 ubuntu    20   0 9060560 357072  14408 S  19.9  4.6   0:44.97 java
Fri Jun 13 13:57:12 UTC 2014
  PID USER      PR  NI    VIRT    RES    SHR S  %CPU %MEM     TIME+ COMMAND
 1634 ubuntu    20   0 9060560 357496  14408 S  26.5  4.6   0:45.40 java
Fri Jun 13 13:57:13 UTC 2014
  PID USER      PR  NI    VIRT    RES    SHR S  %CPU %MEM     TIME+ COMMAND
 1634 ubuntu    20   0 9060560 357496  14408 S  26.5  4.6   0:45.71 java
Fri Jun 13 13:57:14 UTC 2014
  PID USER      PR  NI    VIRT    RES    SHR S  %CPU %MEM     TIME+ COMMAND
 1634 ubuntu    20   0 9060560 344736  14408 S  26.5  4.5   0:46.08 java
Fri Jun 13 13:57:16 UTC 2014
  PID USER      PR  NI    VIRT    RES    SHR S  %CPU %MEM     TIME+ COMMAND
 1634 ubuntu    20   0 9060560 344736  14408 S  46.4  4.5   0:46.45 java
Fri Jun 13 13:57:17 UTC 2014
  PID USER      PR  NI    VIRT    RES    SHR S  %CPU %MEM     TIME+ COMMAND
 1634 ubuntu    20   0 9060560 344736  14408 S  66.3  4.5   0:46.90 java
Fri Jun 13 13:57:18 UTC 2014
  PID USER      PR  NI    VIRT    RES    SHR S  %CPU %MEM     TIME+ COMMAND
 1634 ubuntu    20   0 9060560 333448  14408 S  39.7  4.3   0:47.42 java
Fri Jun 13 13:57:19 UTC 2014
  PID USER      PR  NI    VIRT    RES    SHR S  %CPU %MEM     TIME+ COMMAND
 1634 ubuntu    20   0 9060560 333448  14408 S  53.0  4.3   0:47.74 java
Fri Jun 13 13:57:20 UTC 2014
  PID USER      PR  NI    VIRT    RES    SHR S  %CPU %MEM     TIME+ COMMAND
 1634 ubuntu    20   0 9060560 333448  14408 S  19.9  4.3   0:48.12 java
Fri Jun 13 13:57:22 UTC 2014
  PID USER      PR  NI    VIRT    RES    SHR S  %CPU %MEM     TIME+ COMMAND
 1634 ubuntu    20   0 9060560 323704  14408 S  33.1  4.2   0:48.51 java
Fri Jun 13 13:57:23 UTC 2014
  PID USER      PR  NI    VIRT    RES    SHR S  %CPU %MEM     TIME+ COMMAND
 1634 ubuntu    20   0 9060560 323704  14408 S  52.9  4.2   0:48.95 java
Fri Jun 13 13:57:24 UTC 2014
  PID USER      PR  NI    VIRT    RES    SHR S  %CPU %MEM     TIME+ COMMAND
 1634 ubuntu    20   0 9060560 314980  14408 S  45.1  4.1   0:49.51 java
Fri Jun 13 13:57:25 UTC 2014
  PID USER      PR  NI    VIRT    RES    SHR S  %CPU %MEM     TIME+ COMMAND
 1634 ubuntu    20   0 9060560 314980  14408 S  33.1  4.1   0:49.84 java
Fri Jun 13 13:57:26 UTC 2014
  PID USER      PR  NI    VIRT    RES    SHR S  %CPU %MEM     TIME+ COMMAND
 1634 ubuntu    20   0 9060560 307288  14408 S  46.4  4.0   0:50.27 java
Fri Jun 13 13:57:27 UTC 2014
  PID USER      PR  NI    VIRT    RES    SHR S  %CPU %MEM     TIME+ COMMAND
 1634 ubuntu    20   0 9060560 307288  14408 S  33.1  4.0   0:50.65 java
Fri Jun 13 13:57:29 UTC 2014
  PID USER      PR  NI    VIRT    RES    SHR S  %CPU %MEM     TIME+ COMMAND
 1634 ubuntu    20   0 9060560 301144  14408 S  46.4  3.9   0:51.09 java
Fri Jun 13 13:57:30 UTC 2014
  PID USER      PR  NI    VIRT    RES    SHR S  %CPU %MEM     TIME+ COMMAND
 1634 ubuntu    20   0 9060560 301144  14408 S  19.9  3.9   0:51.45 java
Fri Jun 13 13:57:31 UTC 2014
  PID USER      PR  NI    VIRT    RES    SHR S  %CPU %MEM     TIME+ COMMAND
 1634 ubuntu    20   0 9060560 295504  14408 S  26.5  3.8   0:51.91 java
Fri Jun 13 13:57:32 UTC 2014
  PID USER      PR  NI    VIRT    RES    SHR S  %CPU %MEM     TIME+ COMMAND
 1634 ubuntu    20   0 9060560 295504  14408 S  53.0  3.8   0:52.35 java
Fri Jun 13 13:57:33 UTC 2014
  PID USER      PR  NI    VIRT    RES    SHR S  %CPU %MEM     TIME+ COMMAND
 1634 ubuntu    20   0 9060560 290932  14408 S  45.7  3.8   0:52.98 java
Fri Jun 13 13:57:34 UTC 2014
  PID USER      PR  NI    VIRT    RES    SHR S  %CPU %MEM     TIME+ COMMAND
 1634 ubuntu    20   0 9060560 286828  14408 S  33.1  3.7   0:53.37 java
Fri Jun 13 13:57:36 UTC 2014
  PID USER      PR  NI    VIRT    RES    SHR S  %CPU %MEM     TIME+ COMMAND
 1634 ubuntu    20   0 9060560 283240  14408 S 105.8  3.7   0:54.00 java
Fri Jun 13 13:57:37 UTC 2014
  PID USER      PR  NI    VIRT    RES    SHR S  %CPU %MEM     TIME+ COMMAND
 1634 ubuntu    20   0 9061588 280700  14408 S  33.1  3.6   0:54.79 java
Fri Jun 13 13:57:38 UTC 2014
  PID USER      PR  NI    VIRT    RES    SHR S  %CPU %MEM     TIME+ COMMAND
 1634 ubuntu    20   0 9061588 278652  14408 S  72.3  3.6   0:55.27 java
Fri Jun 13 13:57:39 UTC 2014
  PID USER      PR  NI    VIRT    RES    SHR S  %CPU %MEM     TIME+ COMMAND
 1634 ubuntu    20   0 9061588 276600  14408 S  65.2  3.6   0:55.89 java
Fri Jun 13 13:57:40 UTC 2014
  PID USER      PR  NI    VIRT    RES    SHR S  %CPU %MEM     TIME+ COMMAND
 1634 ubuntu    20   0 9061588 275060  14408 S  13.3  3.6   0:56.29 java
Fri Jun 13 13:57:41 UTC 2014
  PID USER      PR  NI    VIRT    RES    SHR S  %CPU %MEM     TIME+ COMMAND
 1634 ubuntu    20   0 9061588 273520  14408 S 105.9  3.6   0:56.80 java
Fri Jun 13 13:57:43 UTC 2014
  PID USER      PR  NI    VIRT    RES    SHR S  %CPU %MEM     TIME+ COMMAND
 1634 ubuntu    20   0 9061588 271984  14408 S  33.1  3.5   0:57.25 java
Fri Jun 13 13:57:44 UTC 2014
  PID USER      PR  NI    VIRT    RES    SHR S  %CPU %MEM     TIME+ COMMAND
 1634 ubuntu    20   0 9061588 270956  14408 S  46.3  3.5   0:57.72 java
Fri Jun 13 13:57:45 UTC 2014
  PID USER      PR  NI    VIRT    RES    SHR S  %CPU %MEM     TIME+ COMMAND
 1634 ubuntu    20   0 9061588 269932  14408 S  46.3  3.5   0:58.16 java
Fri Jun 13 13:57:46 UTC 2014
  PID USER      PR  NI    VIRT    RES    SHR S  %CPU %MEM     TIME+ COMMAND
 1634 ubuntu    20   0 9061588 269432  14408 S  39.8  3.5   0:58.68 java
Fri Jun 13 13:57:47 UTC 2014
  PID USER      PR  NI    VIRT    RES    SHR S  %CPU %MEM     TIME+ COMMAND
 1634 ubuntu    20   0 9061588 269108  14408 S  52.9  3.5   0:59.23 java
Fri Jun 13 13:57:49 UTC 2014
  PID USER      PR  NI    VIRT    RES    SHR S  %CPU %MEM     TIME+ COMMAND
 1634 ubuntu    20   0 9061588 268080  14408 S  59.6  3.5   0:59.89 java
Fri Jun 13 13:57:50 UTC 2014
  PID USER      PR  NI    VIRT    RES    SHR S  %CPU %MEM     TIME+ COMMAND
 1634 ubuntu    20   0 9061588 267056  14408 S  72.8  3.5   1:00.72 java
Fri Jun 13 13:57:51 UTC 2014
  PID USER      PR  NI    VIRT    RES    SHR S  %CPU %MEM     TIME+ COMMAND
 1634 ubuntu    20   0 9061588 266580  14408 S  19.9  3.5   1:01.38 java
Fri Jun 13 13:57:52 UTC 2014
  PID USER      PR  NI    VIRT    RES    SHR S  %CPU %MEM     TIME+ COMMAND
 1634 ubuntu    20   0 9061588 266592  14408 S  52.7  3.5   1:01.87 java
Fri Jun 13 13:57:53 UTC 2014
  PID USER      PR  NI    VIRT    RES    SHR S  %CPU %MEM     TIME+ COMMAND
 1634 ubuntu    20   0 9061588 266080  14408 S  26.5  3.5   1:02.39 java
Fri Jun 13 13:57:54 UTC 2014
  PID USER      PR  NI    VIRT    RES    SHR S  %CPU %MEM     TIME+ COMMAND
 1634 ubuntu    20   0 9061588 266080  14408 S  26.5  3.5   1:03.00 java
Fri Jun 13 13:57:56 UTC 2014
  PID USER      PR  NI    VIRT    RES    SHR S  %CPU %MEM     TIME+ COMMAND
 1634 ubuntu    20   0 9061588 266304  14408 S  53.0  3.5   1:03.51 java
Fri Jun 13 13:57:57 UTC 2014
  PID USER      PR  NI    VIRT    RES    SHR S  %CPU %MEM     TIME+ COMMAND
 1634 ubuntu    20   0 9061588 266552  14408 S  59.7  3.5   1:04.09 java
Fri Jun 13 13:57:58 UTC 2014
  PID USER      PR  NI    VIRT    RES    SHR S  %CPU %MEM     TIME+ COMMAND
 1634 ubuntu    20   0 9061588 266804  14408 S  66.2  3.5   1:04.74 java
Fri Jun 13 13:57:59 UTC 2014
  PID USER      PR  NI    VIRT    RES    SHR S  %CPU %MEM     TIME+ COMMAND
 1634 ubuntu    20   0 9061588 267324  14408 S  59.5  3.5   1:05.44 java
Fri Jun 13 13:58:00 UTC 2014
  PID USER      PR  NI    VIRT    RES    SHR S  %CPU %MEM     TIME+ COMMAND
 1634 ubuntu    20   0 9061588 267580  14408 S  66.0  3.5   1:06.13 java
Fri Jun 13 13:58:02 UTC 2014
  PID USER      PR  NI    VIRT    RES    SHR S  %CPU %MEM     TIME+ COMMAND
 1634 ubuntu    20   0 9061588 268092  14408 S  66.1  3.5   1:06.80 java
Fri Jun 13 13:58:03 UTC 2014
  PID USER      PR  NI    VIRT    RES    SHR S  %CPU %MEM     TIME+ COMMAND
 1634 ubuntu    20   0 9061588 268092  14408 S  26.3  3.5   1:07.28 java
Fri Jun 13 13:58:04 UTC 2014
  PID USER      PR  NI    VIRT    RES    SHR S  %CPU %MEM     TIME+ COMMAND
 1634 ubuntu    20   0 9061588 268616  14408 S  79.2  3.5   1:08.07 java
Fri Jun 13 13:58:05 UTC 2014
  PID USER      PR  NI    VIRT    RES    SHR S  %CPU %MEM     TIME+ COMMAND
 1634 ubuntu    20   0 9061588 268920  14408 S  79.6  3.5   1:09.15 java
Fri Jun 13 13:58:06 UTC 2014
  PID USER      PR  NI    VIRT    RES    SHR S  %CPU %MEM     TIME+ COMMAND
 1634 ubuntu    20   0 9061588 269184  14408 S  86.0  3.5   1:10.00 java
Fri Jun 13 13:58:07 UTC 2014
  PID USER      PR  NI    VIRT    RES    SHR S  %CPU %MEM     TIME+ COMMAND
 1634 ubuntu    20   0 9061588 269476  14408 S  46.4  3.5   1:10.96 java
Fri Jun 13 13:58:09 UTC 2014
  PID USER      PR  NI    VIRT    RES    SHR S  %CPU %MEM     TIME+ COMMAND
 1634 ubuntu    20   0 9061588 270000  14408 S  39.8  3.5   1:11.63 java
Fri Jun 13 13:58:10 UTC 2014
  PID USER      PR  NI    VIRT    RES    SHR S  %CPU %MEM     TIME+ COMMAND
 1634 ubuntu    20   0 9061588 270000  14408 S  66.2  3.5   1:12.30 java
Fri Jun 13 13:58:11 UTC 2014
  PID USER      PR  NI    VIRT    RES    SHR S  %CPU %MEM     TIME+ COMMAND
 1634 ubuntu    20   0 9061588 270000  14408 S  46.3  3.5   1:12.89 java
Fri Jun 13 13:58:12 UTC 2014
  PID USER      PR  NI    VIRT    RES    SHR S  %CPU %MEM     TIME+ COMMAND
 1634 ubuntu    20   0 9061588 270512  14408 S  59.7  3.5   1:13.70 java
Fri Jun 13 13:58:13 UTC 2014
  PID USER      PR  NI    VIRT    RES    SHR S  %CPU %MEM     TIME+ COMMAND
 1634 ubuntu    20   0 9061588 270260  14408 S  52.9  3.5   1:14.32 java
Fri Jun 13 13:58:14 UTC 2014
  PID USER      PR  NI    VIRT    RES    SHR S  %CPU %MEM     TIME+ COMMAND
 1634 ubuntu    20   0 9061588 270264  14408 S  86.1  3.5   1:15.17 java
Fri Jun 13 13:58:16 UTC 2014
  PID USER      PR  NI    VIRT    RES    SHR S  %CPU %MEM     TIME+ COMMAND
 1634 ubuntu    20   0 9061588 269752  14408 S  92.7  3.5   1:16.17 java
Fri Jun 13 13:58:17 UTC 2014
  PID USER      PR  NI    VIRT    RES    SHR S  %CPU %MEM     TIME+ COMMAND
 1634 ubuntu    20   0 9061588 268984  14408 S  79.6  3.5   1:17.19 java
Fri Jun 13 13:58:18 UTC 2014
  PID USER      PR  NI    VIRT    RES    SHR S  %CPU %MEM     TIME+ COMMAND
 1634 ubuntu    20   0 9061588 268728  14408 S  72.7  3.5   1:18.03 java
Fri Jun 13 13:58:19 UTC 2014
  PID USER      PR  NI    VIRT    RES    SHR S  %CPU %MEM     TIME+ COMMAND
 1634 ubuntu    20   0 9061588 268216  14408 S  79.5  3.5   1:18.74 java
Fri Jun 13 13:58:20 UTC 2014
  PID USER      PR  NI    VIRT    RES    SHR S  %CPU %MEM     TIME+ COMMAND
 1634 ubuntu    20   0 9061588 267964  14408 S  99.2  3.5   1:19.53 java
Fri Jun 13 13:58:22 UTC 2014
  PID USER      PR  NI    VIRT    RES    SHR S  %CPU %MEM     TIME+ COMMAND
 1634 ubuntu    20   0 9061588 267436  14408 S  99.4  3.5   1:20.49 java
Fri Jun 13 13:58:23 UTC 2014
  PID USER      PR  NI    VIRT    RES    SHR S  %CPU %MEM     TIME+ COMMAND
 1634 ubuntu    20   0 9061588 266660  14408 S 105.9  3.5   1:21.63 java
Fri Jun 13 13:58:24 UTC 2014
  PID USER      PR  NI    VIRT    RES    SHR S  %CPU %MEM     TIME+ COMMAND
 1634 ubuntu    20   0 9061588 267264  14408 S  79.5  3.5   1:22.87 java
Fri Jun 13 13:58:25 UTC 2014
  PID USER      PR  NI    VIRT    RES    SHR S  %CPU %MEM     TIME+ COMMAND
 1634 ubuntu    20   0 9061588 268628  14408 S  66.2  3.5   1:23.91 java
Fri Jun 13 13:58:26 UTC 2014
  PID USER      PR  NI    VIRT    RES    SHR S  %CPU %MEM     TIME+ COMMAND
 1634 ubuntu    20   0 9061588 269372  14408 S  99.3  3.5   1:24.78 java
Fri Jun 13 13:58:27 UTC 2014
  PID USER      PR  NI    VIRT    RES    SHR S  %CPU %MEM     TIME+ COMMAND
 1634 ubuntu    20   0 9061588 270424  14408 S  66.3  3.5   1:25.65 java
Fri Jun 13 13:58:29 UTC 2014
  PID USER      PR  NI    VIRT    RES    SHR S  %CPU %MEM     TIME+ COMMAND
 1634 ubuntu    20   0 9061588 270276  14408 S 129.1  3.5   1:26.63 java
Fri Jun 13 13:58:30 UTC 2014
  PID USER      PR  NI    VIRT    RES    SHR S  %CPU %MEM     TIME+ COMMAND
 1634 ubuntu    20   0 9061588 270908  14408 S  90.8  3.5   1:27.85 java
Fri Jun 13 13:58:31 UTC 2014
  PID USER      PR  NI    VIRT    RES    SHR S  %CPU %MEM     TIME+ COMMAND
 1634 ubuntu    20   0 9061588 271444  14408 S  65.0  3.5   1:28.85 java
Fri Jun 13 13:58:32 UTC 2014
  PID USER      PR  NI    VIRT    RES    SHR S  %CPU %MEM     TIME+ COMMAND
 1634 ubuntu    20   0 9061588 271672  14408 S  71.9  3.5   1:29.74 java
Fri Jun 13 13:58:33 UTC 2014
  PID USER      PR  NI    VIRT    RES    SHR S  %CPU %MEM     TIME+ COMMAND
 1634 ubuntu    20   0 9061588 272860  14408 S  66.3  3.5   1:30.84 java
Fri Jun 13 13:58:35 UTC 2014
  PID USER      PR  NI    VIRT    RES    SHR S  %CPU %MEM     TIME+ COMMAND
 1634 ubuntu    20   0 9061588 273188  14408 S 113.0  3.6   1:31.98 java
Fri Jun 13 13:58:36 UTC 2014
  PID USER      PR  NI    VIRT    RES    SHR S  %CPU %MEM     TIME+ COMMAND
 1634 ubuntu    20   0 9061588 273252  14408 S  66.3  3.6   1:32.79 java
Fri Jun 13 13:58:37 UTC 2014
  PID USER      PR  NI    VIRT    RES    SHR S  %CPU %MEM     TIME+ COMMAND
 1634 ubuntu    20   0 9061588 273768  14408 S  86.0  3.6   1:33.81 java
Fri Jun 13 13:58:38 UTC 2014
  PID USER      PR  NI    VIRT    RES    SHR S  %CPU %MEM     TIME+ COMMAND
 1634 ubuntu    20   0 9061588 282184  14408 S  86.1  3.7   1:34.80 java
Fri Jun 13 13:58:39 UTC 2014
  PID USER      PR  NI    VIRT    RES    SHR S  %CPU %MEM     TIME+ COMMAND
 1634 ubuntu    20   0 9061588 282932  14408 S 105.8  3.7   1:35.99 java
Fri Jun 13 13:58:40 UTC 2014
  PID USER      PR  NI    VIRT    RES    SHR S  %CPU %MEM     TIME+ COMMAND
 1634 ubuntu    20   0 9061588 283196  14408 S  99.2  3.7   1:36.96 java
Fri Jun 13 13:58:42 UTC 2014
  PID USER      PR  NI    VIRT    RES    SHR S  %CPU %MEM     TIME+ COMMAND
 1634 ubuntu    20   0 9061588 282792  14408 S  52.9  3.7   1:37.91 java
Fri Jun 13 13:58:43 UTC 2014
  PID USER      PR  NI    VIRT    RES    SHR S  %CPU %MEM     TIME+ COMMAND
 1634 ubuntu    20   0 9061588 282604  14408 S  92.4  3.7   1:38.81 java
Fri Jun 13 13:58:44 UTC 2014
  PID USER      PR  NI    VIRT    RES    SHR S  %CPU %MEM     TIME+ COMMAND
 1634 ubuntu    20   0 9061588 282620  14408 S  72.4  3.7   1:39.61 java
Fri Jun 13 13:58:45 UTC 2014
  PID USER      PR  NI    VIRT    RES    SHR S  %CPU %MEM     TIME+ COMMAND
 1634 ubuntu    20   0 9061588 283936  14408 S  86.2  3.7   1:40.77 java
Fri Jun 13 13:58:46 UTC 2014
  PID USER      PR  NI    VIRT    RES    SHR S  %CPU %MEM     TIME+ COMMAND
 1634 ubuntu    20   0 9061588 283688  14408 S  91.5  3.7   1:41.78 java
Fri Jun 13 13:58:48 UTC 2014
  PID USER      PR  NI    VIRT    RES    SHR S  %CPU %MEM     TIME+ COMMAND
 1634 ubuntu    20   0 9061588 284928  14408 S  99.2  3.7   1:43.05 java
Fri Jun 13 13:58:49 UTC 2014
  PID USER      PR  NI    VIRT    RES    SHR S  %CPU %MEM     TIME+ COMMAND
 1634 ubuntu    20   0 9061588 285008  14408 S  72.6  3.7   1:44.05 java
Fri Jun 13 13:58:50 UTC 2014
  PID USER      PR  NI    VIRT    RES    SHR S  %CPU %MEM     TIME+ COMMAND
 1634 ubuntu    20   0 9061588 284992  14408 S  92.6  3.7   1:45.38 java
Fri Jun 13 13:58:51 UTC 2014
  PID USER      PR  NI    VIRT    RES    SHR S  %CPU %MEM     TIME+ COMMAND
 1634 ubuntu    20   0 9061588 284996  14408 S  53.1  3.7   1:46.41 java
Fri Jun 13 13:58:52 UTC 2014
  PID USER      PR  NI    VIRT    RES    SHR S  %CPU %MEM     TIME+ COMMAND
 1634 ubuntu    20   0 9061588 285008  14408 S  59.6  3.7   1:47.36 java
Fri Jun 13 13:58:53 UTC 2014
  PID USER      PR  NI    VIRT    RES    SHR S  %CPU %MEM     TIME+ COMMAND
 1634 ubuntu    20   0 9061588 284540  14408 S  52.9  3.7   1:48.47 java
Fri Jun 13 13:58:55 UTC 2014
  PID USER      PR  NI    VIRT    RES    SHR S  %CPU %MEM     TIME+ COMMAND
 1634 ubuntu    20   0 9061588 287704  14408 S 185.2  3.7   1:49.86 java
Fri Jun 13 13:58:56 UTC 2014
  PID USER      PR  NI    VIRT    RES    SHR S  %CPU %MEM     TIME+ COMMAND
 1634 ubuntu    20   0 9061588 287952  14408 S  99.2  3.7   1:50.99 java
Fri Jun 13 13:58:57 UTC 2014
  PID USER      PR  NI    VIRT    RES    SHR S  %CPU %MEM     TIME+ COMMAND
 1634 ubuntu    20   0 9061588 305624  14408 S  59.5  4.0   1:51.95 java
Fri Jun 13 13:58:58 UTC 2014
  PID USER      PR  NI    VIRT    RES    SHR S  %CPU %MEM     TIME+ COMMAND
 1634 ubuntu    20   0 9061588 305884  14408 S 119.1  4.0   1:53.04 java
Fri Jun 13 13:58:59 UTC 2014
  PID USER      PR  NI    VIRT    RES    SHR S  %CPU %MEM     TIME+ COMMAND
 1634 ubuntu    20   0 9061588 303256  14408 S 132.5  3.9   1:54.26 java
Fri Jun 13 13:59:01 UTC 2014
  PID USER      PR  NI    VIRT    RES    SHR S  %CPU %MEM     TIME+ COMMAND
 1634 ubuntu    20   0 9061588 302536  14408 S  66.3  3.9   1:55.08 java
Fri Jun 13 13:59:02 UTC 2014
  PID USER      PR  NI    VIRT    RES    SHR S  %CPU %MEM     TIME+ COMMAND
 1634 ubuntu    20   0 9061588 302296  14408 S  59.0  3.9   1:55.96 java
Fri Jun 13 13:59:03 UTC 2014
  PID USER      PR  NI    VIRT    RES    SHR S  %CPU %MEM     TIME+ COMMAND
 1634 ubuntu    20   0 9061588 302296  14408 S  79.5  3.9   1:56.83 java
Fri Jun 13 13:59:04 UTC 2014
  PID USER      PR  NI    VIRT    RES    SHR S  %CPU %MEM     TIME+ COMMAND
 1634 ubuntu    20   0 9061588 301796  14408 S  97.3  3.9   1:58.05 java
Fri Jun 13 13:59:05 UTC 2014
  PID USER      PR  NI    VIRT    RES    SHR S  %CPU %MEM     TIME+ COMMAND
 1634 ubuntu    20   0 9061588 301880  14408 S 119.0  3.9   1:59.34 java
Fri Jun 13 13:59:06 UTC 2014
  PID USER      PR  NI    VIRT    RES    SHR S  %CPU %MEM     TIME+ COMMAND
 1634 ubuntu    20   0 9061588 301624  14408 S 106.0  3.9   2:00.51 java
Fri Jun 13 13:59:08 UTC 2014
  PID USER      PR  NI    VIRT    RES    SHR S  %CPU %MEM     TIME+ COMMAND
 1634 ubuntu    20   0 9061588 301648  14408 S  99.4  3.9   2:01.54 java
Fri Jun 13 13:59:09 UTC 2014
  PID USER      PR  NI    VIRT    RES    SHR S  %CPU %MEM     TIME+ COMMAND
 1634 ubuntu    20   0 9061588 301392  14408 S  59.6  3.9   2:02.46 java
Fri Jun 13 13:59:10 UTC 2014
  PID USER      PR  NI    VIRT    RES    SHR S  %CPU %MEM     TIME+ COMMAND
 1634 ubuntu    20   0 9061588 302708  14408 S  72.9  3.9   2:03.79 java
Fri Jun 13 13:59:11 UTC 2014
  PID USER      PR  NI    VIRT    RES    SHR S  %CPU %MEM     TIME+ COMMAND
 1634 ubuntu    20   0 9061588 303248  14408 S  79.5  3.9   2:05.00 java
Fri Jun 13 13:59:12 UTC 2014
  PID USER      PR  NI    VIRT    RES    SHR S  %CPU %MEM     TIME+ COMMAND
 1634 ubuntu    20   0 9061588 303552  14408 S 105.9  3.9   2:05.86 java
Fri Jun 13 13:59:13 UTC 2014
  PID USER      PR  NI    VIRT    RES    SHR S  %CPU %MEM     TIME+ COMMAND
 1634 ubuntu    20   0 9061588 304080  14408 S  92.6  4.0   2:06.91 java
Fri Jun 13 13:59:15 UTC 2014
  PID USER      PR  NI    VIRT    RES    SHR S  %CPU %MEM     TIME+ COMMAND
 1634 ubuntu    20   0 9061588 305576  14408 S 152.2  4.0   2:08.36 java
Fri Jun 13 13:59:16 UTC 2014
  PID USER      PR  NI    VIRT    RES    SHR S  %CPU %MEM     TIME+ COMMAND
 1634 ubuntu    20   0 9061588 306120  14408 S 112.4  4.0   2:09.71 java
Fri Jun 13 13:59:17 UTC 2014
  PID USER      PR  NI    VIRT    RES    SHR S  %CPU %MEM     TIME+ COMMAND
 1634 ubuntu    20   0 9061588 306940  14408 S 145.7  4.0   2:11.30 java
Fri Jun 13 13:59:18 UTC 2014
  PID USER      PR  NI    VIRT    RES    SHR S  %CPU %MEM     TIME+ COMMAND
 1634 ubuntu    20   0 9061588 307204  14408 S  52.9  4.0   2:12.30 java
Fri Jun 13 13:59:19 UTC 2014
  PID USER      PR  NI    VIRT    RES    SHR S  %CPU %MEM     TIME+ COMMAND
 1634 ubuntu    20   0 9061588 317292  14408 S  92.8  4.1   2:13.22 java
Fri Jun 13 13:59:21 UTC 2014
  PID USER      PR  NI    VIRT    RES    SHR S  %CPU %MEM     TIME+ COMMAND
 1634 ubuntu    20   0 9061588 317812  14408 S  66.1  4.1   2:14.35 java
Fri Jun 13 13:59:22 UTC 2014
  PID USER      PR  NI    VIRT    RES    SHR S  %CPU %MEM     TIME+ COMMAND
 1634 ubuntu    20   0 9061588 318148  14408 S  90.5  4.1   2:15.57 java
Fri Jun 13 13:59:23 UTC 2014
  PID USER      PR  NI    VIRT    RES    SHR S  %CPU %MEM     TIME+ COMMAND
 1634 ubuntu    20   0 9061588 316656  14408 S  86.2  4.1   2:16.69 java
Fri Jun 13 13:59:24 UTC 2014
  PID USER      PR  NI    VIRT    RES    SHR S  %CPU %MEM     TIME+ COMMAND
 1634 ubuntu    20   0 9061588 315912  14408 S  86.0  4.1   2:17.54 java
Fri Jun 13 13:59:25 UTC 2014
  PID USER      PR  NI    VIRT    RES    SHR S  %CPU %MEM     TIME+ COMMAND
 1634 ubuntu    20   0 9061588 315712  14408 S  64.5  4.1   2:18.60 java
Fri Jun 13 13:59:27 UTC 2014
  PID USER      PR  NI    VIRT    RES    SHR S  %CPU %MEM     TIME+ COMMAND
 1634 ubuntu    20   0 9061588 314176  14408 S  92.5  4.1   2:19.77 java
Fri Jun 13 13:59:28 UTC 2014
  PID USER      PR  NI    VIRT    RES    SHR S  %CPU %MEM     TIME+ COMMAND
 1634 ubuntu    20   0 9061588 313668  14408 S 106.6  4.1   2:20.88 java
Fri Jun 13 13:59:29 UTC 2014
  PID USER      PR  NI    VIRT    RES    SHR S  %CPU %MEM     TIME+ COMMAND
 1634 ubuntu    20   0 9061588 313156  14408 S  99.2  4.1   2:22.13 java
Fri Jun 13 13:59:30 UTC 2014
  PID USER      PR  NI    VIRT    RES    SHR S  %CPU %MEM     TIME+ COMMAND
 1634 ubuntu    20   0 9061588 311616  14408 S  83.2  4.1   2:23.43 java
Fri Jun 13 13:59:31 UTC 2014
  PID USER      PR  NI    VIRT    RES    SHR S  %CPU %MEM     TIME+ COMMAND
 1634 ubuntu    20   0 9061588 310856  14408 S  52.9  4.0   2:24.35 java
Fri Jun 13 13:59:32 UTC 2014
  PID USER      PR  NI    VIRT    RES    SHR S  %CPU %MEM     TIME+ COMMAND
 1634 ubuntu    20   0 9061588 309872  14408 S  59.6  4.0   2:25.23 java
Fri Jun 13 13:59:34 UTC 2014
  PID USER      PR  NI    VIRT    RES    SHR S  %CPU %MEM     TIME+ COMMAND
 1634 ubuntu    20   0 9061588 309112  14408 S  46.4  4.0   2:26.04 java
Fri Jun 13 13:59:35 UTC 2014
  PID USER      PR  NI    VIRT    RES    SHR S  %CPU %MEM     TIME+ COMMAND
 1634 ubuntu    20   0 9061588 308084  14408 S  79.3  4.0   2:26.78 java
Fri Jun 13 13:59:36 UTC 2014
  PID USER      PR  NI    VIRT    RES    SHR S  %CPU %MEM     TIME+ COMMAND
 1634 ubuntu    20   0 9061588 307304  14408 S  59.5  4.0   2:27.71 java
Fri Jun 13 13:59:37 UTC 2014
  PID USER      PR  NI    VIRT    RES    SHR S  %CPU %MEM     TIME+ COMMAND
 1634 ubuntu    20   0 9061588 306788  14408 S  66.2  4.0   2:28.39 java
Fri Jun 13 13:59:38 UTC 2014
  PID USER      PR  NI    VIRT    RES    SHR S  %CPU %MEM     TIME+ COMMAND
 1634 ubuntu    20   0 9061588 306276  14408 S  92.5  4.0   2:29.25 java
Fri Jun 13 13:59:40 UTC 2014
  PID USER      PR  NI    VIRT    RES    SHR S  %CPU %MEM     TIME+ COMMAND
 1634 ubuntu    20   0 9061588 305764  14408 S  79.3  4.0   2:30.13 java
Fri Jun 13 13:59:41 UTC 2014
  PID USER      PR  NI    VIRT    RES    SHR S  %CPU %MEM     TIME+ COMMAND
 1634 ubuntu    20   0 9061588 305000  14408 S  65.8  4.0   2:30.86 java
Fri Jun 13 13:59:42 UTC 2014
  PID USER      PR  NI    VIRT    RES    SHR S  %CPU %MEM     TIME+ COMMAND
 1634 ubuntu    20   0 9061588 305004  14408 S  72.7  4.0   2:31.67 java
Fri Jun 13 13:59:43 UTC 2014
  PID USER      PR  NI    VIRT    RES    SHR S  %CPU %MEM     TIME+ COMMAND
 1634 ubuntu    20   0 9061588 304752  14408 S  79.5  4.0   2:32.58 java
Fri Jun 13 13:59:44 UTC 2014
  PID USER      PR  NI    VIRT    RES    SHR S  %CPU %MEM     TIME+ COMMAND
 1634 ubuntu    20   0 9061588 304224  14408 S  86.0  4.0   2:33.72 java
Fri Jun 13 13:59:45 UTC 2014
  PID USER      PR  NI    VIRT    RES    SHR S  %CPU %MEM     TIME+ COMMAND
 1634 ubuntu    20   0 9061588 303220  14408 S  72.8  3.9   2:34.79 java
Fri Jun 13 13:59:47 UTC 2014
  PID USER      PR  NI    VIRT    RES    SHR S  %CPU %MEM     TIME+ COMMAND
 1634 ubuntu    20   0 9061588 303220  14408 S  92.3  3.9   2:35.92 java
Fri Jun 13 13:59:48 UTC 2014
  PID USER      PR  NI    VIRT    RES    SHR S  %CPU %MEM     TIME+ COMMAND
 1634 ubuntu    20   0 9061588 302456  14408 S  98.4  3.9   2:36.88 java
Fri Jun 13 13:59:49 UTC 2014
  PID USER      PR  NI    VIRT    RES    SHR S  %CPU %MEM     TIME+ COMMAND
 1634 ubuntu    20   0 9061588 302468  14408 S 112.5  3.9   2:37.98 java
Fri Jun 13 13:59:50 UTC 2014
  PID USER      PR  NI    VIRT    RES    SHR S  %CPU %MEM     TIME+ COMMAND
 1634 ubuntu    20   0 9061588 302732  14408 S  59.6  3.9   2:38.96 java
Fri Jun 13 13:59:51 UTC 2014
  PID USER      PR  NI    VIRT    RES    SHR S  %CPU %MEM     TIME+ COMMAND
 1634 ubuntu    20   0 9061588 302740  14408 S  99.1  3.9   2:39.80 java
Fri Jun 13 13:59:53 UTC 2014
  PID USER      PR  NI    VIRT    RES    SHR S  %CPU %MEM     TIME+ COMMAND
 1634 ubuntu    20   0 9061588 302228  14408 S  92.5  3.9   2:40.58 java
Fri Jun 13 13:59:54 UTC 2014
  PID USER      PR  NI    VIRT    RES    SHR S  %CPU %MEM     TIME+ COMMAND
 1634 ubuntu    20   0 9061588 302228  14408 S  59.7  3.9   2:41.37 java
Fri Jun 13 13:59:55 UTC 2014
  PID USER      PR  NI    VIRT    RES    SHR S  %CPU %MEM     TIME+ COMMAND
 1634 ubuntu    20   0 9061588 302040  14408 S  59.2  3.9   2:42.13 java
Fri Jun 13 13:59:56 UTC 2014
  PID USER      PR  NI    VIRT    RES    SHR S  %CPU %MEM     TIME+ COMMAND
 1634 ubuntu    20   0 9061588 301528  14408 S  86.1  3.9   2:42.95 java
Fri Jun 13 13:59:57 UTC 2014
  PID USER      PR  NI    VIRT    RES    SHR S  %CPU %MEM     TIME+ COMMAND
 1634 ubuntu    20   0 9061588 301080  14408 S  86.1  3.9   2:43.99 java
Fri Jun 13 13:59:58 UTC 2014
  PID USER      PR  NI    VIRT    RES    SHR S  %CPU %MEM     TIME+ COMMAND
 1634 ubuntu    20   0 9061588 309812  14408 S  59.5  4.0   2:45.38 java
Fri Jun 13 14:00:00 UTC 2014
  PID USER      PR  NI    VIRT    RES    SHR S  %CPU %MEM     TIME+ COMMAND
 1634 ubuntu    20   0 9061588 308016  14408 S  26.5  4.0   2:45.69 java
Fri Jun 13 14:00:01 UTC 2014
  PID USER      PR  NI    VIRT    RES    SHR S  %CPU %MEM     TIME+ COMMAND
 1634 ubuntu    20   0 9061588 308016  14408 S   6.6  4.0   2:45.94 java
Fri Jun 13 14:00:02 UTC 2014
  PID USER      PR  NI    VIRT    RES    SHR S  %CPU %MEM     TIME+ COMMAND
 1634 ubuntu    20   0 9061588 307500  14408 S  46.4  4.0   2:46.37 java
Fri Jun 13 14:00:03 UTC 2014
  PID USER      PR  NI    VIRT    RES    SHR S  %CPU %MEM     TIME+ COMMAND
 1634 ubuntu    20   0 9061588 307016  14408 S   0.0  4.0   2:46.58 java
Fri Jun 13 14:00:04 UTC 2014
  PID USER      PR  NI    VIRT    RES    SHR S  %CPU %MEM     TIME+ COMMAND
 1634 ubuntu    20   0 9061588 307016  14408 S   6.6  4.0   2:46.64 java
Fri Jun 13 14:00:05 UTC 2014
  PID USER      PR  NI    VIRT    RES    SHR S  %CPU %MEM     TIME+ COMMAND
 1634 ubuntu    20   0 9061588 307016  14408 S  19.9  4.0   2:46.78 java
Fri Jun 13 14:00:07 UTC 2014
  PID USER      PR  NI    VIRT    RES    SHR S  %CPU %MEM     TIME+ COMMAND
 1634 ubuntu    20   0 9061588 306504  14408 S  19.9  4.0   2:46.98 java
Fri Jun 13 14:00:08 UTC 2014
  PID USER      PR  NI    VIRT    RES    SHR S  %CPU %MEM     TIME+ COMMAND
 1634 ubuntu    20   0 9061588 306504  14408 S  13.3  4.0   2:47.15 java
Fri Jun 13 14:00:09 UTC 2014
  PID USER      PR  NI    VIRT    RES    SHR S  %CPU %MEM     TIME+ COMMAND
 1634 ubuntu    20   0 9061588 306752  14408 S  13.3  4.0   2:47.40 java
Fri Jun 13 14:00:10 UTC 2014
  PID USER      PR  NI    VIRT    RES    SHR S  %CPU %MEM     TIME+ COMMAND
 1634 ubuntu    20   0 9061588 306240  14408 S  13.3  4.0   2:47.55 java
Fri Jun 13 14:00:11 UTC 2014
  PID USER      PR  NI    VIRT    RES    SHR S  %CPU %MEM     TIME+ COMMAND
 1634 ubuntu    20   0 9061588 306504  14408 S  33.2  4.0   2:47.81 java
Fri Jun 13 14:00:12 UTC 2014
  PID USER      PR  NI    VIRT    RES    SHR S  %CPU %MEM     TIME+ COMMAND
 1634 ubuntu    20   0 9061588 306504  14408 S   6.6  4.0   2:48.00 java
Fri Jun 13 14:00:14 UTC 2014
  PID USER      PR  NI    VIRT    RES    SHR S  %CPU %MEM     TIME+ COMMAND
 1634 ubuntu    20   0 9061588 305988  14408 S   6.6  4.0   2:48.08 java
Fri Jun 13 14:00:15 UTC 2014
  PID USER      PR  NI    VIRT    RES    SHR S  %CPU %MEM     TIME+ COMMAND
 1634 ubuntu    20   0 9061588 305988  14408 S   0.0  4.0   2:48.10 java
Fri Jun 13 14:00:16 UTC 2014
  PID USER      PR  NI    VIRT    RES    SHR S  %CPU %MEM     TIME+ COMMAND
 1634 ubuntu    20   0 9061588 305988  14408 S   0.0  4.0   2:48.12 java
Fri Jun 13 14:00:17 UTC 2014
  PID USER      PR  NI    VIRT    RES    SHR S  %CPU %MEM     TIME+ COMMAND
 1634 ubuntu    20   0 9061588 305988  14408 S   0.0  4.0   2:48.12 java
Fri Jun 13 14:00:18 UTC 2014
  PID USER      PR  NI    VIRT    RES    SHR S  %CPU %MEM     TIME+ COMMAND
 1634 ubuntu    20   0 9061588 305988  14408 S   0.0  4.0   2:48.13 java
Fri Jun 13 14:00:20 UTC 2014
  PID USER      PR  NI    VIRT    RES    SHR S  %CPU %MEM     TIME+ COMMAND
 1634 ubuntu    20   0 9061588 305988  14408 S   0.0  4.0   2:48.13 java
Fri Jun 13 14:00:21 UTC 2014
  PID USER      PR  NI    VIRT    RES    SHR S  %CPU %MEM     TIME+ COMMAND
 1634 ubuntu    20   0 9061588 305988  14408 S   0.0  4.0   2:48.14 java
Fri Jun 13 14:00:22 UTC 2014
  PID USER      PR  NI    VIRT    RES    SHR S  %CPU %MEM     TIME+ COMMAND
 1634 ubuntu    20   0 9061588 305988  14408 S   0.0  4.0   2:48.15 java
Fri Jun 13 14:00:23 UTC 2014
  PID USER      PR  NI    VIRT    RES    SHR S  %CPU %MEM     TIME+ COMMAND
 1634 ubuntu    20   0 9061588 305988  14408 S   0.0  4.0   2:48.15 java
Fri Jun 13 14:00:24 UTC 2014
  PID USER      PR  NI    VIRT    RES    SHR S  %CPU %MEM     TIME+ COMMAND
 1634 ubuntu    20   0 9061588 305988  14408 S   6.6  4.0   2:48.17 java
Fri Jun 13 14:00:25 UTC 2014
  PID USER      PR  NI    VIRT    RES    SHR S  %CPU %MEM     TIME+ COMMAND
 1634 ubuntu    20   0 9061588 305988  14408 S   0.0  4.0   2:48.17 java
Fri Jun 13 14:00:27 UTC 2014
  PID USER      PR  NI    VIRT    RES    SHR S  %CPU %MEM     TIME+ COMMAND
 1634 ubuntu    20   0 9061588 305988  14408 S   0.0  4.0   2:48.17 java
Fri Jun 13 14:00:28 UTC 2014
  PID USER      PR  NI    VIRT    RES    SHR S  %CPU %MEM     TIME+ COMMAND
 1634 ubuntu    20   0 9061588 305988  14408 S   0.0  4.0   2:48.19 java
Fri Jun 13 14:00:29 UTC 2014
  PID USER      PR  NI    VIRT    RES    SHR S  %CPU %MEM     TIME+ COMMAND
 1634 ubuntu    20   0 9061588 305988  14408 S   0.0  4.0   2:48.19 java
Fri Jun 13 14:00:30 UTC 2014
  PID USER      PR  NI    VIRT    RES    SHR S  %CPU %MEM     TIME+ COMMAND
 1634 ubuntu    20   0 9061588 305988  14408 S   0.0  4.0   2:48.20 java
Fri Jun 13 14:00:31 UTC 2014
  PID USER      PR  NI    VIRT    RES    SHR S  %CPU %MEM     TIME+ COMMAND
 1634 ubuntu    20   0 9061588 305988  14408 S   0.0  4.0   2:48.20 java
Fri Jun 13 14:00:32 UTC 2014
  PID USER      PR  NI    VIRT    RES    SHR S  %CPU %MEM     TIME+ COMMAND
 1634 ubuntu    20   0 9061588 305988  14408 S   0.0  4.0   2:48.20 java
Fri Jun 13 14:00:34 UTC 2014
  PID USER      PR  NI    VIRT    RES    SHR S  %CPU %MEM     TIME+ COMMAND
 1634 ubuntu    20   0 9061588 305988  14408 S   0.0  4.0   2:48.22 java
Fri Jun 13 14:00:35 UTC 2014
  PID USER      PR  NI    VIRT    RES    SHR S  %CPU %MEM     TIME+ COMMAND
 1634 ubuntu    20   0 9061588 305988  14408 S   0.0  4.0   2:48.23 java
Fri Jun 13 14:00:36 UTC 2014
  PID USER      PR  NI    VIRT    RES    SHR S  %CPU %MEM     TIME+ COMMAND
 1634 ubuntu    20   0 9061588 305988  14408 S   0.0  4.0   2:48.23 java
Fri Jun 13 14:00:37 UTC 2014
  PID USER      PR  NI    VIRT    RES    SHR S  %CPU %MEM     TIME+ COMMAND
 1634 ubuntu    20   0 9061588 305988  14408 S   0.0  4.0   2:48.24 java
Fri Jun 13 14:00:38 UTC 2014
  PID USER      PR  NI    VIRT    RES    SHR S  %CPU %MEM     TIME+ COMMAND
 1634 ubuntu    20   0 9061588 305988  14408 S   0.0  4.0   2:48.24 java
Fri Jun 13 14:00:39 UTC 2014
  PID USER      PR  NI    VIRT    RES    SHR S  %CPU %MEM     TIME+ COMMAND
 1634 ubuntu    20   0 9061588 305988  14408 S   0.0  4.0   2:48.26 java
Fri Jun 13 14:00:41 UTC 2014
  PID USER      PR  NI    VIRT    RES    SHR S  %CPU %MEM     TIME+ COMMAND
 1634 ubuntu    20   0 9061588 305988  14408 S   0.0  4.0   2:48.26 java
Fri Jun 13 14:00:42 UTC 2014
  PID USER      PR  NI    VIRT    RES    SHR S  %CPU %MEM     TIME+ COMMAND
 1634 ubuntu    20   0 9061588 305988  14408 S   0.0  4.0   2:48.26 java
Fri Jun 13 14:00:43 UTC 2014
  PID USER      PR  NI    VIRT    RES    SHR S  %CPU %MEM     TIME+ COMMAND
 1634 ubuntu    20   0 9061588 305988  14408 S   0.0  4.0   2:48.27 java
Fri Jun 13 14:00:44 UTC 2014
  PID USER      PR  NI    VIRT    RES    SHR S  %CPU %MEM     TIME+ COMMAND
 1634 ubuntu    20   0 9061588 305988  14408 S   0.0  4.0   2:48.28 java
Fri Jun 13 14:00:45 UTC 2014
  PID USER      PR  NI    VIRT    RES    SHR S  %CPU %MEM     TIME+ COMMAND
 1634 ubuntu    20   0 9061588 305988  14408 S   0.0  4.0   2:48.30 java
Fri Jun 13 14:00:46 UTC 2014
  PID USER      PR  NI    VIRT    RES    SHR S  %CPU %MEM     TIME+ COMMAND
 1634 ubuntu    20   0 9061588 305988  14408 S   0.0  4.0   2:48.30 java
Fri Jun 13 14:00:48 UTC 2014
  PID USER      PR  NI    VIRT    RES    SHR S  %CPU %MEM     TIME+ COMMAND
 1634 ubuntu    20   0 9061588 305988  14408 S   0.0  4.0   2:48.30 java
Fri Jun 13 14:00:49 UTC 2014
  PID USER      PR  NI    VIRT    RES    SHR S  %CPU %MEM     TIME+ COMMAND
 1634 ubuntu    20   0 9061588 305988  14408 S   0.0  4.0   2:48.31 java
Fri Jun 13 14:00:50 UTC 2014
  PID USER      PR  NI    VIRT    RES    SHR S  %CPU %MEM     TIME+ COMMAND
 1634 ubuntu    20   0 9061588 305988  14408 S   0.0  4.0   2:48.33 java
Fri Jun 13 14:00:51 UTC 2014
  PID USER      PR  NI    VIRT    RES    SHR S  %CPU %MEM     TIME+ COMMAND
 1634 ubuntu    20   0 9061588 305988  14408 S   0.0  4.0   2:48.33 java
Fri Jun 13 14:00:52 UTC 2014
  PID USER      PR  NI    VIRT    RES    SHR S  %CPU %MEM     TIME+ COMMAND
 1634 ubuntu    20   0 9061588 305988  14408 S   0.0  4.0   2:48.33 java
Fri Jun 13 14:00:54 UTC 2014
  PID USER      PR  NI    VIRT    RES    SHR S  %CPU %MEM     TIME+ COMMAND
 1634 ubuntu    20   0 9061588 305988  14408 S   0.0  4.0   2:48.34 java
Fri Jun 13 14:00:55 UTC 2014
  PID USER      PR  NI    VIRT    RES    SHR S  %CPU %MEM     TIME+ COMMAND
 1634 ubuntu    20   0 9061588 305988  14408 S   0.0  4.0   2:48.36 java
Fri Jun 13 14:00:56 UTC 2014
  PID USER      PR  NI    VIRT    RES    SHR S  %CPU %MEM     TIME+ COMMAND
 1634 ubuntu    20   0 9061588 305988  14408 S   0.0  4.0   2:48.37 java
Fri Jun 13 14:00:57 UTC 2014
  PID USER      PR  NI    VIRT    RES    SHR S  %CPU %MEM     TIME+ COMMAND
 1634 ubuntu    20   0 9061588 305988  14408 S   0.0  4.0   2:48.37 java
Fri Jun 13 14:00:58 UTC 2014
  PID USER      PR  NI    VIRT    RES    SHR S  %CPU %MEM     TIME+ COMMAND
 1634 ubuntu    20   0 9061588 305988  14408 S   0.0  4.0   2:48.37 java
Fri Jun 13 14:00:59 UTC 2014
  PID USER      PR  NI    VIRT    RES    SHR S  %CPU %MEM     TIME+ COMMAND
 1634 ubuntu    20   0 9061588 305988  14408 S   0.0  4.0   2:48.38 java
Fri Jun 13 14:01:01 UTC 2014
  PID USER      PR  NI    VIRT    RES    SHR S  %CPU %MEM     TIME+ COMMAND
 1634 ubuntu    20   0 9061588 305988  14408 S   0.0  4.0   2:48.39 java
Fri Jun 13 14:01:02 UTC 2014
  PID USER      PR  NI    VIRT    RES    SHR S  %CPU %MEM     TIME+ COMMAND
 1634 ubuntu    20   0 9061588 305988  14408 S   0.0  4.0   2:48.40 java
Fri Jun 13 14:01:03 UTC 2014
  PID USER      PR  NI    VIRT    RES    SHR S  %CPU %MEM     TIME+ COMMAND
 1634 ubuntu    20   0 9061588 305988  14408 S   0.0  4.0   2:48.40 java
Fri Jun 13 14:01:04 UTC 2014
  PID USER      PR  NI    VIRT    RES    SHR S  %CPU %MEM     TIME+ COMMAND
 1634 ubuntu    20   0 9061588 305988  14408 S   6.6  4.0   2:48.42 java
Fri Jun 13 14:01:05 UTC 2014
  PID USER      PR  NI    VIRT    RES    SHR S  %CPU %MEM     TIME+ COMMAND
 1634 ubuntu    20   0 9061588 305988  14408 S   0.0  4.0   2:48.42 java
Fri Jun 13 14:01:06 UTC 2014
  PID USER      PR  NI    VIRT    RES    SHR S  %CPU %MEM     TIME+ COMMAND
 1634 ubuntu    20   0 9061588 305988  14408 S   0.0  4.0   2:48.43 java
Fri Jun 13 14:01:08 UTC 2014
  PID USER      PR  NI    VIRT    RES    SHR S  %CPU %MEM     TIME+ COMMAND
 1634 ubuntu    20   0 9061588 305988  14408 S   0.0  4.0   2:48.44 java
Fri Jun 13 14:01:09 UTC 2014
  PID USER      PR  NI    VIRT    RES    SHR S  %CPU %MEM     TIME+ COMMAND
 1634 ubuntu    20   0 9061588 306012  14408 S   6.6  4.0   2:48.45 java
Fri Jun 13 14:01:10 UTC 2014
  PID USER      PR  NI    VIRT    RES    SHR S  %CPU %MEM     TIME+ COMMAND
 1634 ubuntu    20   0 9061588 305972  14408 S   0.0  4.0   2:48.45 java
Fri Jun 13 14:01:11 UTC 2014
  PID USER      PR  NI    VIRT    RES    SHR S  %CPU %MEM     TIME+ COMMAND
 1634 ubuntu    20   0 9061588 305972  14408 S   0.0  4.0   2:48.45 java
Fri Jun 13 14:01:12 UTC 2014
  PID USER      PR  NI    VIRT    RES    SHR S  %CPU %MEM     TIME+ COMMAND
 1634 ubuntu    20   0 9061588 305972  14408 S   0.0  4.0   2:48.47 java
Fri Jun 13 14:01:13 UTC 2014
  PID USER      PR  NI    VIRT    RES    SHR S  %CPU %MEM     TIME+ COMMAND
 1634 ubuntu    20   0 9061588 305972  14408 S   0.0  4.0   2:48.47 java
Fri Jun 13 14:01:15 UTC 2014
  PID USER      PR  NI    VIRT    RES    SHR S  %CPU %MEM     TIME+ COMMAND
 1634 ubuntu    20   0 9061588 305972  14408 S   0.0  4.0   2:48.48 java
Fri Jun 13 14:01:16 UTC 2014
  PID USER      PR  NI    VIRT    RES    SHR S  %CPU %MEM     TIME+ COMMAND
 1634 ubuntu    20   0 9061588 305972  14408 S   0.0  4.0   2:48.49 java
Fri Jun 13 14:01:17 UTC 2014
  PID USER      PR  NI    VIRT    RES    SHR S  %CPU %MEM     TIME+ COMMAND
 1634 ubuntu    20   0 9061588 305972  14408 S   6.6  4.0   2:48.50 java
Fri Jun 13 14:01:18 UTC 2014
  PID USER      PR  NI    VIRT    RES    SHR S  %CPU %MEM     TIME+ COMMAND
 1634 ubuntu    20   0 9061588 305972  14408 S   0.0  4.0   2:48.50 java
Fri Jun 13 14:01:19 UTC 2014
  PID USER      PR  NI    VIRT    RES    SHR S  %CPU %MEM     TIME+ COMMAND
 1634 ubuntu    20   0 9061588 305972  14408 S   0.0  4.0   2:48.51 java
Fri Jun 13 14:01:20 UTC 2014
  PID USER      PR  NI    VIRT    RES    SHR S  %CPU %MEM     TIME+ COMMAND
 1634 ubuntu    20   0 9061588 305972  14408 S   0.0  4.0   2:48.51 java
Fri Jun 13 14:01:22 UTC 2014
  PID USER      PR  NI    VIRT    RES    SHR S  %CPU %MEM     TIME+ COMMAND
 1634 ubuntu    20   0 9061588 305972  14408 S   0.0  4.0   2:48.52 java
Fri Jun 13 14:01:23 UTC 2014
  PID USER      PR  NI    VIRT    RES    SHR S  %CPU %MEM     TIME+ COMMAND
 1634 ubuntu    20   0 9061588 305972  14408 S   0.0  4.0   2:48.52 java
Fri Jun 13 14:01:24 UTC 2014
  PID USER      PR  NI    VIRT    RES    SHR S  %CPU %MEM     TIME+ COMMAND
 1634 ubuntu    20   0 9061588 305972  14408 S   0.0  4.0   2:48.54 java
Fri Jun 13 14:01:25 UTC 2014
  PID USER      PR  NI    VIRT    RES    SHR S  %CPU %MEM     TIME+ COMMAND
 1634 ubuntu    20   0 9061588 305972  14408 S   0.0  4.0   2:48.54 java
Fri Jun 13 14:01:26 UTC 2014
  PID USER      PR  NI    VIRT    RES    SHR S  %CPU %MEM     TIME+ COMMAND
 1634 ubuntu    20   0 9061588 305972  14408 S   0.0  4.0   2:48.55 java
Fri Jun 13 14:01:27 UTC 2014
  PID USER      PR  NI    VIRT    RES    SHR S  %CPU %MEM     TIME+ COMMAND
 1634 ubuntu    20   0 9061588 305972  14408 S   0.0  4.0   2:48.55 java
Fri Jun 13 14:01:29 UTC 2014
  PID USER      PR  NI    VIRT    RES    SHR S  %CPU %MEM     TIME+ COMMAND
 1634 ubuntu    20   0 9061588 305972  14408 S   6.6  4.0   2:48.56 java
Fri Jun 13 14:01:30 UTC 2014
  PID USER      PR  NI    VIRT    RES    SHR S  %CPU %MEM     TIME+ COMMAND
 1634 ubuntu    20   0 9061588 305972  14408 S   0.0  4.0   2:48.56 java
Fri Jun 13 14:01:31 UTC 2014
  PID USER      PR  NI    VIRT    RES    SHR S  %CPU %MEM     TIME+ COMMAND
 1634 ubuntu    20   0 9061588 305972  14408 S   0.0  4.0   2:48.57 java
Fri Jun 13 14:01:32 UTC 2014
  PID USER      PR  NI    VIRT    RES    SHR S  %CPU %MEM     TIME+ COMMAND
 1634 ubuntu    20   0 9061588 305972  14408 S   0.0  4.0   2:48.58 java
Fri Jun 13 14:01:33 UTC 2014
  PID USER      PR  NI    VIRT    RES    SHR S  %CPU %MEM     TIME+ COMMAND
 1634 ubuntu    20   0 9061588 305972  14408 S   0.0  4.0   2:48.58 java
