Fri Jun 13 08:08:14 UTC 2014
  PID USER      PR  NI    VIRT    RES    SHR S  %CPU %MEM     TIME+ COMMAND
 1472 ubuntu    20   0 16.876g 231776  14428 S   0.0  1.5   0:15.71 java
Fri Jun 13 08:08:15 UTC 2014
  PID USER      PR  NI    VIRT    RES    SHR S  %CPU %MEM     TIME+ COMMAND
 1472 ubuntu    20   0 16.876g 231776  14428 S   0.0  1.5   0:15.72 java
Fri Jun 13 08:08:16 UTC 2014
  PID USER      PR  NI    VIRT    RES    SHR S  %CPU %MEM     TIME+ COMMAND
 1472 ubuntu    20   0 16.876g 231776  14428 S   0.0  1.5   0:15.72 java
Fri Jun 13 08:08:18 UTC 2014
  PID USER      PR  NI    VIRT    RES    SHR S  %CPU %MEM     TIME+ COMMAND
 1472 ubuntu    20   0 16.877g 231776  14428 S   0.0  1.5   0:15.74 java
Fri Jun 13 08:08:19 UTC 2014
  PID USER      PR  NI    VIRT    RES    SHR S  %CPU %MEM     TIME+ COMMAND
 1472 ubuntu    20   0 16.877g 231776  14428 S   0.0  1.5   0:15.74 java
Fri Jun 13 08:08:20 UTC 2014
  PID USER      PR  NI    VIRT    RES    SHR S  %CPU %MEM     TIME+ COMMAND
 1472 ubuntu    20   0 16.878g 231776  14428 S   0.0  1.5   0:15.75 java
Fri Jun 13 08:08:21 UTC 2014
  PID USER      PR  NI    VIRT    RES    SHR S  %CPU %MEM     TIME+ COMMAND
 1472 ubuntu    20   0 16.878g 231776  14428 S   0.0  1.5   0:15.76 java
Fri Jun 13 08:08:22 UTC 2014
  PID USER      PR  NI    VIRT    RES    SHR S  %CPU %MEM     TIME+ COMMAND
 1472 ubuntu    20   0 16.878g 231776  14428 S   0.0  1.5   0:15.76 java
Fri Jun 13 08:08:24 UTC 2014
  PID USER      PR  NI    VIRT    RES    SHR S  %CPU %MEM     TIME+ COMMAND
 1472 ubuntu    20   0 16.878g 231776  14428 S   0.0  1.5   0:15.78 java
Fri Jun 13 08:08:25 UTC 2014
  PID USER      PR  NI    VIRT    RES    SHR S  %CPU %MEM     TIME+ COMMAND
 1472 ubuntu    20   0 16.878g 231776  14428 S   0.0  1.5   0:15.79 java
Fri Jun 13 08:08:26 UTC 2014
  PID USER      PR  NI    VIRT    RES    SHR S  %CPU %MEM     TIME+ COMMAND
 1472 ubuntu    20   0 16.878g 231776  14428 S   6.6  1.5   0:15.80 java
Fri Jun 13 08:08:27 UTC 2014
  PID USER      PR  NI    VIRT    RES    SHR S  %CPU %MEM     TIME+ COMMAND
 1472 ubuntu    20   0 16.878g 231776  14428 S   0.0  1.5   0:15.80 java
Fri Jun 13 08:08:28 UTC 2014
  PID USER      PR  NI    VIRT    RES    SHR S  %CPU %MEM     TIME+ COMMAND
 1472 ubuntu    20   0 16.878g 231776  14428 S   0.0  1.5   0:15.80 java
Fri Jun 13 08:08:29 UTC 2014
  PID USER      PR  NI    VIRT    RES    SHR S  %CPU %MEM     TIME+ COMMAND
 1472 ubuntu    20   0 16.878g 231776  14428 S   0.0  1.5   0:15.83 java
Fri Jun 13 08:08:31 UTC 2014
  PID USER      PR  NI    VIRT    RES    SHR S  %CPU %MEM     TIME+ COMMAND
 1472 ubuntu    20   0 16.878g 231776  14428 S   0.0  1.5   0:15.83 java
Fri Jun 13 08:08:32 UTC 2014
  PID USER      PR  NI    VIRT    RES    SHR S  %CPU %MEM     TIME+ COMMAND
 1472 ubuntu    20   0 16.878g 231776  14428 S   0.0  1.5   0:15.84 java
Fri Jun 13 08:08:33 UTC 2014
  PID USER      PR  NI    VIRT    RES    SHR S  %CPU %MEM     TIME+ COMMAND
 1472 ubuntu    20   0 16.878g 231776  14428 S   0.0  1.5   0:15.84 java
Fri Jun 13 08:08:34 UTC 2014
  PID USER      PR  NI    VIRT    RES    SHR S  %CPU %MEM     TIME+ COMMAND
 1472 ubuntu    20   0 16.878g 231776  14428 S   0.0  1.5   0:15.85 java
Fri Jun 13 08:08:35 UTC 2014
  PID USER      PR  NI    VIRT    RES    SHR S  %CPU %MEM     TIME+ COMMAND
 1472 ubuntu    20   0 16.878g 231776  14428 S   0.0  1.5   0:15.87 java
Fri Jun 13 08:08:36 UTC 2014
  PID USER      PR  NI    VIRT    RES    SHR S  %CPU %MEM     TIME+ COMMAND
 1472 ubuntu    20   0 16.878g 231776  14428 S   0.0  1.5   0:15.88 java
Fri Jun 13 08:08:38 UTC 2014
  PID USER      PR  NI    VIRT    RES    SHR S  %CPU %MEM     TIME+ COMMAND
 1472 ubuntu    20   0 16.878g 231776  14428 S   0.0  1.5   0:15.88 java
Fri Jun 13 08:08:39 UTC 2014
  PID USER      PR  NI    VIRT    RES    SHR S  %CPU %MEM     TIME+ COMMAND
 1472 ubuntu    20   0 16.878g 231776  14428 S   0.0  1.5   0:15.88 java
Fri Jun 13 08:08:40 UTC 2014
  PID USER      PR  NI    VIRT    RES    SHR S  %CPU %MEM     TIME+ COMMAND
 1472 ubuntu    20   0 16.878g 231776  14428 S   0.0  1.5   0:15.89 java
Fri Jun 13 08:08:41 UTC 2014
  PID USER      PR  NI    VIRT    RES    SHR S  %CPU %MEM     TIME+ COMMAND
 1472 ubuntu    20   0 16.878g 231776  14428 S   0.0  1.5   0:15.91 java
Fri Jun 13 08:08:42 UTC 2014
  PID USER      PR  NI    VIRT    RES    SHR S  %CPU %MEM     TIME+ COMMAND
 1472 ubuntu    20   0 16.878g 231776  14428 S   0.0  1.5   0:15.91 java
Fri Jun 13 08:08:43 UTC 2014
  PID USER      PR  NI    VIRT    RES    SHR S  %CPU %MEM     TIME+ COMMAND
 1472 ubuntu    20   0 16.878g 231776  14428 S   0.0  1.5   0:15.92 java
Fri Jun 13 08:08:45 UTC 2014
  PID USER      PR  NI    VIRT    RES    SHR S  %CPU %MEM     TIME+ COMMAND
 1472 ubuntu    20   0 16.878g 231776  14428 S   0.0  1.5   0:15.93 java
Fri Jun 13 08:08:46 UTC 2014
  PID USER      PR  NI    VIRT    RES    SHR S  %CPU %MEM     TIME+ COMMAND
 1472 ubuntu    20   0 16.878g 231776  14428 S   0.0  1.5   0:15.93 java
Fri Jun 13 08:08:47 UTC 2014
  PID USER      PR  NI    VIRT    RES    SHR S  %CPU %MEM     TIME+ COMMAND
 1472 ubuntu    20   0 16.878g 231776  14428 S   6.6  1.5   0:15.95 java
Fri Jun 13 08:08:48 UTC 2014
  PID USER      PR  NI    VIRT    RES    SHR S  %CPU %MEM     TIME+ COMMAND
 1472 ubuntu    20   0 16.878g 231776  14428 S   0.0  1.5   0:15.95 java
Fri Jun 13 08:08:49 UTC 2014
  PID USER      PR  NI    VIRT    RES    SHR S  %CPU %MEM     TIME+ COMMAND
 1472 ubuntu    20   0 16.878g 231776  14428 S   0.0  1.5   0:15.96 java
Fri Jun 13 08:08:50 UTC 2014
  PID USER      PR  NI    VIRT    RES    SHR S  %CPU %MEM     TIME+ COMMAND
 1472 ubuntu    20   0 16.878g 232016  14428 S   0.0  1.5   0:15.97 java
Fri Jun 13 08:08:52 UTC 2014
  PID USER      PR  NI    VIRT    RES    SHR S  %CPU %MEM     TIME+ COMMAND
 1472 ubuntu    20   0 16.878g 232016  14428 S   0.0  1.5   0:15.97 java
Fri Jun 13 08:08:53 UTC 2014
  PID USER      PR  NI    VIRT    RES    SHR S  %CPU %MEM     TIME+ COMMAND
 1472 ubuntu    20   0 16.878g 232016  14428 S   0.0  1.5   0:15.97 java
Fri Jun 13 08:08:54 UTC 2014
  PID USER      PR  NI    VIRT    RES    SHR S  %CPU %MEM     TIME+ COMMAND
 1472 ubuntu    20   0 16.878g 232016  14428 S   6.6  1.5   0:16.00 java
Fri Jun 13 08:08:55 UTC 2014
  PID USER      PR  NI    VIRT    RES    SHR S  %CPU %MEM     TIME+ COMMAND
 1472 ubuntu    20   0 16.878g 232016  14428 S   6.6  1.5   0:16.01 java
Fri Jun 13 08:08:56 UTC 2014
  PID USER      PR  NI    VIRT    RES    SHR S  %CPU %MEM     TIME+ COMMAND
 1472 ubuntu    20   0 16.878g 232016  14428 S   0.0  1.5   0:16.01 java
Fri Jun 13 08:08:57 UTC 2014
  PID USER      PR  NI    VIRT    RES    SHR S  %CPU %MEM     TIME+ COMMAND
 1472 ubuntu    20   0 16.878g 232016  14428 S   0.0  1.5   0:16.01 java
Fri Jun 13 08:08:59 UTC 2014
  PID USER      PR  NI    VIRT    RES    SHR S  %CPU %MEM     TIME+ COMMAND
 1472 ubuntu    20   0 16.878g 232016  14428 S   0.0  1.5   0:16.02 java
Fri Jun 13 08:09:00 UTC 2014
  PID USER      PR  NI    VIRT    RES    SHR S  %CPU %MEM     TIME+ COMMAND
 1472 ubuntu    20   0 16.878g 232016  14428 S   0.0  1.5   0:16.02 java
Fri Jun 13 08:09:01 UTC 2014
  PID USER      PR  NI    VIRT    RES    SHR S  %CPU %MEM     TIME+ COMMAND
 1472 ubuntu    20   0 16.878g 232016  14428 S   0.0  1.5   0:16.04 java
Fri Jun 13 08:09:02 UTC 2014
  PID USER      PR  NI    VIRT    RES    SHR S  %CPU %MEM     TIME+ COMMAND
 1472 ubuntu    20   0 16.878g 232016  14428 S   0.0  1.5   0:16.05 java
Fri Jun 13 08:09:03 UTC 2014
  PID USER      PR  NI    VIRT    RES    SHR S  %CPU %MEM     TIME+ COMMAND
 1472 ubuntu    20   0 16.878g 232016  14428 S   0.0  1.5   0:16.06 java
Fri Jun 13 08:09:04 UTC 2014
  PID USER      PR  NI    VIRT    RES    SHR S  %CPU %MEM     TIME+ COMMAND
 1472 ubuntu    20   0 16.878g 232016  14428 S   0.0  1.5   0:16.06 java
Fri Jun 13 08:09:06 UTC 2014
  PID USER      PR  NI    VIRT    RES    SHR S  %CPU %MEM     TIME+ COMMAND
 1472 ubuntu    20   0 16.878g 232016  14428 S   0.0  1.5   0:16.07 java
Fri Jun 13 08:09:07 UTC 2014
  PID USER      PR  NI    VIRT    RES    SHR S  %CPU %MEM     TIME+ COMMAND
 1472 ubuntu    20   0 16.878g 232016  14428 S   0.0  1.5   0:16.08 java
Fri Jun 13 08:09:08 UTC 2014
  PID USER      PR  NI    VIRT    RES    SHR S  %CPU %MEM     TIME+ COMMAND
 1472 ubuntu    20   0 16.878g 232016  14428 S   0.0  1.5   0:16.09 java
Fri Jun 13 08:09:09 UTC 2014
  PID USER      PR  NI    VIRT    RES    SHR S  %CPU %MEM     TIME+ COMMAND
 1472 ubuntu    20   0 16.878g 232016  14428 S   0.0  1.5   0:16.09 java
Fri Jun 13 08:09:10 UTC 2014
  PID USER      PR  NI    VIRT    RES    SHR S  %CPU %MEM     TIME+ COMMAND
 1472 ubuntu    20   0 16.878g 232016  14428 S   0.0  1.5   0:16.10 java
Fri Jun 13 08:09:12 UTC 2014
  PID USER      PR  NI    VIRT    RES    SHR S  %CPU %MEM     TIME+ COMMAND
 1472 ubuntu    20   0 16.878g 232016  14428 S   0.0  1.5   0:16.10 java
Fri Jun 13 08:09:13 UTC 2014
  PID USER      PR  NI    VIRT    RES    SHR S  %CPU %MEM     TIME+ COMMAND
 1472 ubuntu    20   0 16.878g 232016  14428 S   0.0  1.5   0:16.11 java
Fri Jun 13 08:09:14 UTC 2014
  PID USER      PR  NI    VIRT    RES    SHR S  %CPU %MEM     TIME+ COMMAND
 1472 ubuntu    20   0 16.878g 232016  14428 S   0.0  1.5   0:16.13 java
Fri Jun 13 08:09:15 UTC 2014
  PID USER      PR  NI    VIRT    RES    SHR S  %CPU %MEM     TIME+ COMMAND
 1472 ubuntu    20   0 16.878g 232016  14428 S   0.0  1.5   0:16.14 java
Fri Jun 13 08:09:16 UTC 2014
  PID USER      PR  NI    VIRT    RES    SHR S  %CPU %MEM     TIME+ COMMAND
 1472 ubuntu    20   0 16.878g 232016  14428 S   0.0  1.5   0:16.14 java
Fri Jun 13 08:09:17 UTC 2014
  PID USER      PR  NI    VIRT    RES    SHR S  %CPU %MEM     TIME+ COMMAND
 1472 ubuntu    20   0 16.878g 232016  14428 S   0.0  1.5   0:16.15 java
Fri Jun 13 08:09:19 UTC 2014
  PID USER      PR  NI    VIRT    RES    SHR S  %CPU %MEM     TIME+ COMMAND
 1472 ubuntu    20   0 16.878g 232020  14428 S   0.0  1.5   0:16.15 java
Fri Jun 13 08:09:20 UTC 2014
  PID USER      PR  NI    VIRT    RES    SHR S  %CPU %MEM     TIME+ COMMAND
 1472 ubuntu    20   0 16.878g 232032  14428 S   0.0  1.5   0:16.17 java
Fri Jun 13 08:09:21 UTC 2014
  PID USER      PR  NI    VIRT    RES    SHR S  %CPU %MEM     TIME+ COMMAND
 1472 ubuntu    20   0 16.878g 232032  14428 S   0.0  1.5   0:16.17 java
Fri Jun 13 08:09:22 UTC 2014
  PID USER      PR  NI    VIRT    RES    SHR S  %CPU %MEM     TIME+ COMMAND
 1472 ubuntu    20   0 16.878g 232032  14428 S   0.0  1.5   0:16.18 java
Fri Jun 13 08:09:23 UTC 2014
  PID USER      PR  NI    VIRT    RES    SHR S  %CPU %MEM     TIME+ COMMAND
 1472 ubuntu    20   0 16.878g 232032  14428 S   0.0  1.5   0:16.19 java
Fri Jun 13 08:09:24 UTC 2014
  PID USER      PR  NI    VIRT    RES    SHR S  %CPU %MEM     TIME+ COMMAND
 1472 ubuntu    20   0 16.878g 232032  14428 S   0.0  1.5   0:16.19 java
Fri Jun 13 08:09:26 UTC 2014
  PID USER      PR  NI    VIRT    RES    SHR S  %CPU %MEM     TIME+ COMMAND
 1472 ubuntu    20   0 16.878g 232032  14428 S   0.0  1.5   0:16.21 java
Fri Jun 13 08:09:27 UTC 2014
  PID USER      PR  NI    VIRT    RES    SHR S  %CPU %MEM     TIME+ COMMAND
 1472 ubuntu    20   0 16.878g 232032  14428 S   0.0  1.5   0:16.22 java
Fri Jun 13 08:09:28 UTC 2014
  PID USER      PR  NI    VIRT    RES    SHR S  %CPU %MEM     TIME+ COMMAND
 1472 ubuntu    20   0 16.878g 232032  14428 S   0.0  1.5   0:16.22 java
Fri Jun 13 08:09:29 UTC 2014
  PID USER      PR  NI    VIRT    RES    SHR S  %CPU %MEM     TIME+ COMMAND
 1472 ubuntu    20   0 16.878g 232032  14428 S   0.0  1.5   0:16.24 java
Fri Jun 13 08:09:30 UTC 2014
  PID USER      PR  NI    VIRT    RES    SHR S  %CPU %MEM     TIME+ COMMAND
 1472 ubuntu    20   0 16.878g 232032  14428 S   6.6  1.5   0:16.25 java
Fri Jun 13 08:09:31 UTC 2014
  PID USER      PR  NI    VIRT    RES    SHR S  %CPU %MEM     TIME+ COMMAND
 1472 ubuntu    20   0 16.878g 232032  14428 S   6.6  1.5   0:16.26 java
Fri Jun 13 08:09:33 UTC 2014
  PID USER      PR  NI    VIRT    RES    SHR S  %CPU %MEM     TIME+ COMMAND
 1472 ubuntu    20   0 16.878g 232032  14428 S   0.0  1.5   0:16.26 java
Fri Jun 13 08:09:34 UTC 2014
  PID USER      PR  NI    VIRT    RES    SHR S  %CPU %MEM     TIME+ COMMAND
 1472 ubuntu    20   0 16.878g 232424  14428 S  19.9  1.5   0:16.35 java
Fri Jun 13 08:09:35 UTC 2014
  PID USER      PR  NI    VIRT    RES    SHR S  %CPU %MEM     TIME+ COMMAND
 1472 ubuntu    20   0 16.878g 232776  14428 S  26.5  1.5   0:16.49 java
Fri Jun 13 08:09:36 UTC 2014
  PID USER      PR  NI    VIRT    RES    SHR S  %CPU %MEM     TIME+ COMMAND
 1472 ubuntu    20   0 16.878g 233808  14428 S   6.6  1.5   0:16.57 java
Fri Jun 13 08:09:37 UTC 2014
  PID USER      PR  NI    VIRT    RES    SHR S  %CPU %MEM     TIME+ COMMAND
 1472 ubuntu    20   0 16.878g 235744  14572 S  59.6  1.5   0:17.24 java
Fri Jun 13 08:09:38 UTC 2014
  PID USER      PR  NI    VIRT    RES    SHR S  %CPU %MEM     TIME+ COMMAND
 1472 ubuntu    20   0 16.878g 236044  14592 S  26.5  1.5   0:17.45 java
Fri Jun 13 08:09:40 UTC 2014
  PID USER      PR  NI    VIRT    RES    SHR S  %CPU %MEM     TIME+ COMMAND
 1472 ubuntu    20   0 16.878g 238220  14592 S  66.3  1.5   0:17.96 java
Fri Jun 13 08:09:41 UTC 2014
  PID USER      PR  NI    VIRT    RES    SHR S  %CPU %MEM     TIME+ COMMAND
 1472 ubuntu    20   0 16.878g 247244  14604 S  86.1  1.6   0:18.41 java
Fri Jun 13 08:09:42 UTC 2014
  PID USER      PR  NI    VIRT    RES    SHR S  %CPU %MEM     TIME+ COMMAND
 1472 ubuntu    20   0 16.878g 248748  14604 S  59.7  1.6   0:18.98 java
Fri Jun 13 08:09:43 UTC 2014
  PID USER      PR  NI    VIRT    RES    SHR S  %CPU %MEM     TIME+ COMMAND
 1472 ubuntu    20   0 16.878g 249652  14612 S 112.7  1.6   0:19.62 java
Fri Jun 13 08:09:44 UTC 2014
  PID USER      PR  NI    VIRT    RES    SHR S  %CPU %MEM     TIME+ COMMAND
 1472 ubuntu    20   0 16.879g 251540  14612 S  79.5  1.6   0:20.60 java
Fri Jun 13 08:09:45 UTC 2014
  PID USER      PR  NI    VIRT    RES    SHR S  %CPU %MEM     TIME+ COMMAND
 1472 ubuntu    20   0 16.879g 264724  14616 S  72.9  1.7   0:21.44 java
Fri Jun 13 08:09:47 UTC 2014
  PID USER      PR  NI    VIRT    RES    SHR S  %CPU %MEM     TIME+ COMMAND
 1472 ubuntu    20   0 16.879g 253732  14616 S  53.0  1.6   0:22.17 java
Fri Jun 13 08:09:48 UTC 2014
  PID USER      PR  NI    VIRT    RES    SHR S  %CPU %MEM     TIME+ COMMAND
 1472 ubuntu    20   0 16.879g 254732  14616 S  33.1  1.7   0:22.86 java
Fri Jun 13 08:09:49 UTC 2014
  PID USER      PR  NI    VIRT    RES    SHR S  %CPU %MEM     TIME+ COMMAND
 1472 ubuntu    20   0 16.879g 254476  14616 S  72.9  1.7   0:23.80 java
Fri Jun 13 08:09:50 UTC 2014
  PID USER      PR  NI    VIRT    RES    SHR S  %CPU %MEM     TIME+ COMMAND
 1472 ubuntu    20   0 16.879g 255116  14616 S  26.5  1.7   0:24.49 java
Fri Jun 13 08:09:51 UTC 2014
  PID USER      PR  NI    VIRT    RES    SHR S  %CPU %MEM     TIME+ COMMAND
 1472 ubuntu    20   0 16.879g 257612  14616 S  26.5  1.7   0:25.26 java
Fri Jun 13 08:09:52 UTC 2014
  PID USER      PR  NI    VIRT    RES    SHR S  %CPU %MEM     TIME+ COMMAND
 1472 ubuntu    20   0 16.879g 258272  14616 S  53.0  1.7   0:26.12 java
Fri Jun 13 08:09:54 UTC 2014
  PID USER      PR  NI    VIRT    RES    SHR S  %CPU %MEM     TIME+ COMMAND
 1472 ubuntu    20   0 16.879g 258324  14616 S  33.1  1.7   0:26.61 java
Fri Jun 13 08:09:55 UTC 2014
  PID USER      PR  NI    VIRT    RES    SHR S  %CPU %MEM     TIME+ COMMAND
 1472 ubuntu    20   0 16.879g 257948  14616 S  33.1  1.7   0:27.15 java
Fri Jun 13 08:09:56 UTC 2014
  PID USER      PR  NI    VIRT    RES    SHR S  %CPU %MEM     TIME+ COMMAND
 1472 ubuntu    20   0 16.879g 258012  14616 S  59.6  1.7   0:27.72 java
Fri Jun 13 08:09:57 UTC 2014
  PID USER      PR  NI    VIRT    RES    SHR S  %CPU %MEM     TIME+ COMMAND
 1472 ubuntu    20   0 16.879g 265940  14620 S 191.9  1.7   0:28.76 java
Fri Jun 13 08:09:58 UTC 2014
  PID USER      PR  NI    VIRT    RES    SHR S  %CPU %MEM     TIME+ COMMAND
 1472 ubuntu    20   0 16.879g 264368  14620 S  26.5  1.7   0:29.05 java
Fri Jun 13 08:10:00 UTC 2014
  PID USER      PR  NI    VIRT    RES    SHR S  %CPU %MEM     TIME+ COMMAND
 1472 ubuntu    20   0 16.879g 264368  14620 S  19.9  1.7   0:29.26 java
Fri Jun 13 08:10:01 UTC 2014
  PID USER      PR  NI    VIRT    RES    SHR S  %CPU %MEM     TIME+ COMMAND
 1472 ubuntu    20   0 16.879g 259212  14620 S   6.6  1.7   0:29.45 java
Fri Jun 13 08:10:02 UTC 2014
  PID USER      PR  NI    VIRT    RES    SHR S  %CPU %MEM     TIME+ COMMAND
 1472 ubuntu    20   0 16.879g 259536  14620 S   6.6  1.7   0:29.62 java
Fri Jun 13 08:10:03 UTC 2014
  PID USER      PR  NI    VIRT    RES    SHR S  %CPU %MEM     TIME+ COMMAND
 1472 ubuntu    20   0 16.879g 257708  14620 S  53.0  1.7   0:29.86 java
Fri Jun 13 08:10:04 UTC 2014
  PID USER      PR  NI    VIRT    RES    SHR S  %CPU %MEM     TIME+ COMMAND
 1472 ubuntu    20   0 16.879g 257436  14620 S  19.9  1.7   0:30.07 java
Fri Jun 13 08:10:05 UTC 2014
  PID USER      PR  NI    VIRT    RES    SHR S  %CPU %MEM     TIME+ COMMAND
 1472 ubuntu    20   0 16.879g 256328  14620 S  19.9  1.7   0:30.27 java
Fri Jun 13 08:10:07 UTC 2014
  PID USER      PR  NI    VIRT    RES    SHR S  %CPU %MEM     TIME+ COMMAND
 1472 ubuntu    20   0 16.879g 256328  14620 S  92.8  1.7   0:30.57 java
Fri Jun 13 08:10:08 UTC 2014
  PID USER      PR  NI    VIRT    RES    SHR S  %CPU %MEM     TIME+ COMMAND
 1472 ubuntu    20   0 16.879g 256036  14620 S   6.6  1.7   0:30.83 java
Fri Jun 13 08:10:09 UTC 2014
  PID USER      PR  NI    VIRT    RES    SHR S  %CPU %MEM     TIME+ COMMAND
 1472 ubuntu    20   0 16.879g 256032  14620 S  53.0  1.7   0:31.31 java
Fri Jun 13 08:10:10 UTC 2014
  PID USER      PR  NI    VIRT    RES    SHR S  %CPU %MEM     TIME+ COMMAND
 1472 ubuntu    20   0 16.879g 253988  14620 S  33.1  1.6   0:31.59 java
Fri Jun 13 08:10:11 UTC 2014
  PID USER      PR  NI    VIRT    RES    SHR S  %CPU %MEM     TIME+ COMMAND
 1472 ubuntu    20   0 16.879g 251904  14620 S  46.4  1.6   0:31.84 java
Fri Jun 13 08:10:12 UTC 2014
  PID USER      PR  NI    VIRT    RES    SHR S  %CPU %MEM     TIME+ COMMAND
 1472 ubuntu    20   0 16.879g 250420  14620 S  79.5  1.6   0:32.61 java
Fri Jun 13 08:10:14 UTC 2014
  PID USER      PR  NI    VIRT    RES    SHR S  %CPU %MEM     TIME+ COMMAND
 1472 ubuntu    20   0 16.879g 247856  14620 S  33.1  1.6   0:32.97 java
Fri Jun 13 08:10:15 UTC 2014
  PID USER      PR  NI    VIRT    RES    SHR S  %CPU %MEM     TIME+ COMMAND
 1472 ubuntu    20   0 16.879g 246316  14620 S  13.2  1.6   0:33.14 java
Fri Jun 13 08:10:16 UTC 2014
  PID USER      PR  NI    VIRT    RES    SHR S  %CPU %MEM     TIME+ COMMAND
 1472 ubuntu    20   0 16.879g 243752  14620 S  26.5  1.6   0:33.36 java
Fri Jun 13 08:10:17 UTC 2014
  PID USER      PR  NI    VIRT    RES    SHR S  %CPU %MEM     TIME+ COMMAND
 1472 ubuntu    20   0 16.879g 242460  14620 S  19.8  1.6   0:33.69 java
Fri Jun 13 08:10:18 UTC 2014
  PID USER      PR  NI    VIRT    RES    SHR S  %CPU %MEM     TIME+ COMMAND
 1472 ubuntu    20   0 16.879g 242460  14620 S   6.6  1.6   0:33.81 java
Fri Jun 13 08:10:19 UTC 2014
  PID USER      PR  NI    VIRT    RES    SHR S  %CPU %MEM     TIME+ COMMAND
 1472 ubuntu    20   0 16.879g 239896  14620 S  13.3  1.6   0:34.03 java
Fri Jun 13 08:10:21 UTC 2014
  PID USER      PR  NI    VIRT    RES    SHR S  %CPU %MEM     TIME+ COMMAND
 1472 ubuntu    20   0 16.879g 238676  14624 S   6.6  1.5   0:34.26 java
Fri Jun 13 08:10:22 UTC 2014
  PID USER      PR  NI    VIRT    RES    SHR S  %CPU %MEM     TIME+ COMMAND
 1472 ubuntu    20   0 16.879g 237136  14624 S  26.5  1.5   0:34.49 java
Fri Jun 13 08:10:23 UTC 2014
  PID USER      PR  NI    VIRT    RES    SHR S  %CPU %MEM     TIME+ COMMAND
 1472 ubuntu    20   0 16.879g 234572  14624 S  13.3  1.5   0:34.68 java
Fri Jun 13 08:10:24 UTC 2014
  PID USER      PR  NI    VIRT    RES    SHR S  %CPU %MEM     TIME+ COMMAND
 1472 ubuntu    20   0 16.879g 233032  14624 S   6.6  1.5   0:34.88 java
Fri Jun 13 08:10:25 UTC 2014
  PID USER      PR  NI    VIRT    RES    SHR S  %CPU %MEM     TIME+ COMMAND
 1472 ubuntu    20   0 16.879g 231740  14624 S  13.3  1.5   0:35.09 java
Fri Jun 13 08:10:26 UTC 2014
  PID USER      PR  NI    VIRT    RES    SHR S  %CPU %MEM     TIME+ COMMAND
 1472 ubuntu    20   0 16.879g 230452  14624 S  26.5  1.5   0:35.27 java
Fri Jun 13 08:10:28 UTC 2014
  PID USER      PR  NI    VIRT    RES    SHR S  %CPU %MEM     TIME+ COMMAND
 1472 ubuntu    20   0 16.879g 228912  14624 S  19.9  1.5   0:35.45 java
Fri Jun 13 08:10:29 UTC 2014
  PID USER      PR  NI    VIRT    RES    SHR S  %CPU %MEM     TIME+ COMMAND
 1472 ubuntu    20   0 16.879g 227372  14624 S  33.1  1.5   0:35.70 java
Fri Jun 13 08:10:30 UTC 2014
  PID USER      PR  NI    VIRT    RES    SHR S  %CPU %MEM     TIME+ COMMAND
 1472 ubuntu    20   0 16.879g 225836  14624 S   6.6  1.5   0:35.84 java
Fri Jun 13 08:10:31 UTC 2014
  PID USER      PR  NI    VIRT    RES    SHR S  %CPU %MEM     TIME+ COMMAND
 1472 ubuntu    20   0 16.879g 224296  14624 S  26.5  1.5   0:36.02 java
Fri Jun 13 08:10:32 UTC 2014
  PID USER      PR  NI    VIRT    RES    SHR S  %CPU %MEM     TIME+ COMMAND
 1472 ubuntu    20   0 16.879g 224296  14624 S  13.3  1.5   0:36.21 java
Fri Jun 13 08:10:34 UTC 2014
  PID USER      PR  NI    VIRT    RES    SHR S  %CPU %MEM     TIME+ COMMAND
 1472 ubuntu    20   0 16.879g 222244  14624 S  19.9  1.4   0:36.44 java
Fri Jun 13 08:10:35 UTC 2014
  PID USER      PR  NI    VIRT    RES    SHR S  %CPU %MEM     TIME+ COMMAND
 1472 ubuntu    20   0 16.879g 220704  14624 S  26.5  1.4   0:36.71 java
Fri Jun 13 08:10:36 UTC 2014
  PID USER      PR  NI    VIRT    RES    SHR S  %CPU %MEM     TIME+ COMMAND
 1472 ubuntu    20   0 16.879g 220192  14624 S   6.6  1.4   0:36.88 java
Fri Jun 13 08:10:37 UTC 2014
  PID USER      PR  NI    VIRT    RES    SHR S  %CPU %MEM     TIME+ COMMAND
 1472 ubuntu    20   0 16.879g 217112  14624 S  26.5  1.4   0:37.15 java
Fri Jun 13 08:10:38 UTC 2014
  PID USER      PR  NI    VIRT    RES    SHR S  %CPU %MEM     TIME+ COMMAND
 1472 ubuntu    20   0 16.879g 217112  14624 S  13.2  1.4   0:37.27 java
Fri Jun 13 08:10:39 UTC 2014
  PID USER      PR  NI    VIRT    RES    SHR S  %CPU %MEM     TIME+ COMMAND
 1472 ubuntu    20   0 16.879g 216600  14624 S  19.9  1.4   0:37.45 java
Fri Jun 13 08:10:41 UTC 2014
  PID USER      PR  NI    VIRT    RES    SHR S  %CPU %MEM     TIME+ COMMAND
 1472 ubuntu    20   0 16.879g 214548  14624 S  26.5  1.4   0:37.68 java
Fri Jun 13 08:10:42 UTC 2014
  PID USER      PR  NI    VIRT    RES    SHR S  %CPU %MEM     TIME+ COMMAND
 1472 ubuntu    20   0 16.879g 214036  14624 S  19.9  1.4   0:37.88 java
Fri Jun 13 08:10:43 UTC 2014
  PID USER      PR  NI    VIRT    RES    SHR S  %CPU %MEM     TIME+ COMMAND
 1472 ubuntu    20   0 16.879g 212756  14624 S  59.6  1.4   0:38.39 java
Fri Jun 13 08:10:44 UTC 2014
  PID USER      PR  NI    VIRT    RES    SHR S  %CPU %MEM     TIME+ COMMAND
 1472 ubuntu    20   0 16.879g 211944  14624 S  26.5  1.4   0:38.82 java
Fri Jun 13 08:10:45 UTC 2014
  PID USER      PR  NI    VIRT    RES    SHR S  %CPU %MEM     TIME+ COMMAND
 1472 ubuntu    20   0 16.879g 211944  14624 S   6.6  1.4   0:39.04 java
Fri Jun 13 08:10:46 UTC 2014
  PID USER      PR  NI    VIRT    RES    SHR S  %CPU %MEM     TIME+ COMMAND
 1472 ubuntu    20   0 16.879g 211944  14624 S  26.5  1.4   0:39.29 java
Fri Jun 13 08:10:48 UTC 2014
  PID USER      PR  NI    VIRT    RES    SHR S  %CPU %MEM     TIME+ COMMAND
 1472 ubuntu    20   0 16.879g 210916  14624 S  33.1  1.4   0:39.52 java
Fri Jun 13 08:10:49 UTC 2014
  PID USER      PR  NI    VIRT    RES    SHR S  %CPU %MEM     TIME+ COMMAND
 1472 ubuntu    20   0 16.879g 210916  14624 S  13.3  1.4   0:39.77 java
Fri Jun 13 08:10:50 UTC 2014
  PID USER      PR  NI    VIRT    RES    SHR S  %CPU %MEM     TIME+ COMMAND
 1472 ubuntu    20   0 16.879g 210916  14624 S  13.3  1.4   0:39.99 java
Fri Jun 13 08:10:51 UTC 2014
  PID USER      PR  NI    VIRT    RES    SHR S  %CPU %MEM     TIME+ COMMAND
 1472 ubuntu    20   0 16.879g 211180  14624 S  13.3  1.4   0:40.24 java
Fri Jun 13 08:10:52 UTC 2014
  PID USER      PR  NI    VIRT    RES    SHR S  %CPU %MEM     TIME+ COMMAND
 1472 ubuntu    20   0 16.879g 210684  14624 S  19.9  1.4   0:40.69 java
Fri Jun 13 08:10:53 UTC 2014
  PID USER      PR  NI    VIRT    RES    SHR S  %CPU %MEM     TIME+ COMMAND
 1472 ubuntu    20   0 16.879g 210932  14624 S  13.3  1.4   0:40.98 java
Fri Jun 13 08:10:55 UTC 2014
  PID USER      PR  NI    VIRT    RES    SHR S  %CPU %MEM     TIME+ COMMAND
 1472 ubuntu    20   0 16.879g 210932  14624 S  46.3  1.4   0:41.34 java
Fri Jun 13 08:10:56 UTC 2014
  PID USER      PR  NI    VIRT    RES    SHR S  %CPU %MEM     TIME+ COMMAND
 1472 ubuntu    20   0 16.879g 210932  14624 S  59.5  1.4   0:41.78 java
Fri Jun 13 08:10:57 UTC 2014
  PID USER      PR  NI    VIRT    RES    SHR S  %CPU %MEM     TIME+ COMMAND
 1472 ubuntu    20   0 16.879g 211196  14624 S  13.3  1.4   0:42.17 java
Fri Jun 13 08:10:58 UTC 2014
  PID USER      PR  NI    VIRT    RES    SHR S  %CPU %MEM     TIME+ COMMAND
 1472 ubuntu    20   0 16.879g 211196  14624 S 124.0  1.4   0:42.75 java
Fri Jun 13 08:10:59 UTC 2014
  PID USER      PR  NI    VIRT    RES    SHR S  %CPU %MEM     TIME+ COMMAND
 1472 ubuntu    20   0 16.879g 211936  14624 S  13.3  1.4   0:43.51 java
Fri Jun 13 08:11:00 UTC 2014
  PID USER      PR  NI    VIRT    RES    SHR S  %CPU %MEM     TIME+ COMMAND
 1472 ubuntu    20   0 16.879g 211300  14624 S  19.9  1.4   0:43.85 java
Fri Jun 13 08:11:02 UTC 2014
  PID USER      PR  NI    VIRT    RES    SHR S  %CPU %MEM     TIME+ COMMAND
 1472 ubuntu    20   0 16.879g 211300  14624 S  19.9  1.4   0:44.17 java
Fri Jun 13 08:11:03 UTC 2014
  PID USER      PR  NI    VIRT    RES    SHR S  %CPU %MEM     TIME+ COMMAND
 1472 ubuntu    20   0 16.879g 210784  14624 S  46.4  1.4   0:44.53 java
Fri Jun 13 08:11:04 UTC 2014
  PID USER      PR  NI    VIRT    RES    SHR S  %CPU %MEM     TIME+ COMMAND
 1472 ubuntu    20   0 16.879g 210784  14624 S  26.5  1.4   0:44.88 java
Fri Jun 13 08:11:05 UTC 2014
  PID USER      PR  NI    VIRT    RES    SHR S  %CPU %MEM     TIME+ COMMAND
 1472 ubuntu    20   0 16.879g 210784  14624 S  19.9  1.4   0:45.20 java
Fri Jun 13 08:11:06 UTC 2014
  PID USER      PR  NI    VIRT    RES    SHR S  %CPU %MEM     TIME+ COMMAND
 1472 ubuntu    20   0 16.879g 210784  14624 S  13.2  1.4   0:45.55 java
Fri Jun 13 08:11:08 UTC 2014
  PID USER      PR  NI    VIRT    RES    SHR S  %CPU %MEM     TIME+ COMMAND
 1472 ubuntu    20   0 16.879g 211104  14628 S  86.1  1.4   0:46.15 java
Fri Jun 13 08:11:09 UTC 2014
  PID USER      PR  NI    VIRT    RES    SHR S  %CPU %MEM     TIME+ COMMAND
 1472 ubuntu    20   0 16.879g 211632  14628 S  26.5  1.4   0:46.81 java
Fri Jun 13 08:11:10 UTC 2014
  PID USER      PR  NI    VIRT    RES    SHR S  %CPU %MEM     TIME+ COMMAND
 1472 ubuntu    20   0 16.879g 211632  14628 S   6.6  1.4   0:47.19 java
Fri Jun 13 08:11:11 UTC 2014
  PID USER      PR  NI    VIRT    RES    SHR S  %CPU %MEM     TIME+ COMMAND
 1472 ubuntu    20   0 16.879g 211896  14628 S  26.5  1.4   0:47.58 java
Fri Jun 13 08:11:12 UTC 2014
  PID USER      PR  NI    VIRT    RES    SHR S  %CPU %MEM     TIME+ COMMAND
 1472 ubuntu    20   0 16.879g 211896  14628 S  13.3  1.4   0:47.96 java
Fri Jun 13 08:11:13 UTC 2014
  PID USER      PR  NI    VIRT    RES    SHR S  %CPU %MEM     TIME+ COMMAND
 1472 ubuntu    20   0 16.879g 211896  14628 S  33.1  1.4   0:48.27 java
Fri Jun 13 08:11:15 UTC 2014
  PID USER      PR  NI    VIRT    RES    SHR S  %CPU %MEM     TIME+ COMMAND
 1472 ubuntu    20   0 16.879g 211896  14628 S   6.6  1.4   0:48.58 java
Fri Jun 13 08:11:16 UTC 2014
  PID USER      PR  NI    VIRT    RES    SHR S  %CPU %MEM     TIME+ COMMAND
 1472 ubuntu    20   0 16.879g 211896  14628 S  79.5  1.4   0:49.33 java
Fri Jun 13 08:11:17 UTC 2014
  PID USER      PR  NI    VIRT    RES    SHR S  %CPU %MEM     TIME+ COMMAND
 1472 ubuntu    20   0 16.879g 211896  14628 S  46.4  1.4   0:49.90 java
Fri Jun 13 08:11:18 UTC 2014
  PID USER      PR  NI    VIRT    RES    SHR S  %CPU %MEM     TIME+ COMMAND
 1472 ubuntu    20   0 16.879g 211908  14628 S  39.8  1.4   0:50.69 java
Fri Jun 13 08:11:19 UTC 2014
  PID USER      PR  NI    VIRT    RES    SHR S  %CPU %MEM     TIME+ COMMAND
 1472 ubuntu    20   0 16.879g 212172  14628 S 119.3  1.4   0:51.15 java
Fri Jun 13 08:11:20 UTC 2014
  PID USER      PR  NI    VIRT    RES    SHR S  %CPU %MEM     TIME+ COMMAND
 1472 ubuntu    20   0 16.879g 212436  14628 S  33.1  1.4   0:51.63 java
Fri Jun 13 08:11:22 UTC 2014
  PID USER      PR  NI    VIRT    RES    SHR S  %CPU %MEM     TIME+ COMMAND
 1472 ubuntu    20   0 16.879g 212436  14628 S  72.9  1.4   0:52.11 java
Fri Jun 13 08:11:23 UTC 2014
  PID USER      PR  NI    VIRT    RES    SHR S  %CPU %MEM     TIME+ COMMAND
 1472 ubuntu    20   0 16.879g 212528  14628 S  19.9  1.4   0:53.07 java
Fri Jun 13 08:11:24 UTC 2014
  PID USER      PR  NI    VIRT    RES    SHR S  %CPU %MEM     TIME+ COMMAND
 1472 ubuntu    20   0 16.879g 213056  14628 S  26.5  1.4   0:53.65 java
Fri Jun 13 08:11:25 UTC 2014
  PID USER      PR  NI    VIRT    RES    SHR S  %CPU %MEM     TIME+ COMMAND
 1472 ubuntu    20   0 16.879g 213056  14628 S  26.5  1.4   0:54.18 java
Fri Jun 13 08:11:26 UTC 2014
  PID USER      PR  NI    VIRT    RES    SHR S  %CPU %MEM     TIME+ COMMAND
 1472 ubuntu    20   0 16.879g 213088  14628 S  53.0  1.4   0:54.77 java
Fri Jun 13 08:11:27 UTC 2014
  PID USER      PR  NI    VIRT    RES    SHR S  %CPU %MEM     TIME+ COMMAND
 1472 ubuntu    20   0 16.879g 213088  14628 S  33.1  1.4   0:55.16 java
Fri Jun 13 08:11:29 UTC 2014
  PID USER      PR  NI    VIRT    RES    SHR S  %CPU %MEM     TIME+ COMMAND
 1472 ubuntu    20   0 16.879g 213632  14628 S  39.8  1.4   0:55.70 java
Fri Jun 13 08:11:30 UTC 2014
  PID USER      PR  NI    VIRT    RES    SHR S  %CPU %MEM     TIME+ COMMAND
 1472 ubuntu    20   0 16.879g 213896  14628 S  53.0  1.4   0:56.26 java
Fri Jun 13 08:11:31 UTC 2014
  PID USER      PR  NI    VIRT    RES    SHR S  %CPU %MEM     TIME+ COMMAND
 1472 ubuntu    20   0 16.879g 213896  14628 S  39.8  1.4   0:56.65 java
Fri Jun 13 08:11:32 UTC 2014
  PID USER      PR  NI    VIRT    RES    SHR S  %CPU %MEM     TIME+ COMMAND
 1472 ubuntu    20   0 16.879g 214160  14628 S  19.9  1.4   0:57.23 java
Fri Jun 13 08:11:33 UTC 2014
  PID USER      PR  NI    VIRT    RES    SHR S  %CPU %MEM     TIME+ COMMAND
 1472 ubuntu    20   0 16.879g 214160  14628 S  53.0  1.4   0:57.64 java
Fri Jun 13 08:11:34 UTC 2014
  PID USER      PR  NI    VIRT    RES    SHR S  %CPU %MEM     TIME+ COMMAND
 1472 ubuntu    20   0 16.879g 214440  14628 S  92.8  1.4   0:58.60 java
Fri Jun 13 08:11:36 UTC 2014
  PID USER      PR  NI    VIRT    RES    SHR S  %CPU %MEM     TIME+ COMMAND
 1472 ubuntu    20   0 16.879g 214440  14628 S  26.5  1.4   0:59.07 java
Fri Jun 13 08:11:37 UTC 2014
  PID USER      PR  NI    VIRT    RES    SHR S  %CPU %MEM     TIME+ COMMAND
 1472 ubuntu    20   0 16.879g 214440  14628 S  33.1  1.4   0:59.60 java
Fri Jun 13 08:11:38 UTC 2014
  PID USER      PR  NI    VIRT    RES    SHR S  %CPU %MEM     TIME+ COMMAND
 1472 ubuntu    20   0 16.879g 214440  14628 S  59.7  1.4   1:00.13 java
Fri Jun 13 08:11:39 UTC 2014
  PID USER      PR  NI    VIRT    RES    SHR S  %CPU %MEM     TIME+ COMMAND
 1472 ubuntu    20   0 16.879g 214968  14628 S  26.5  1.4   1:00.55 java
Fri Jun 13 08:11:40 UTC 2014
  PID USER      PR  NI    VIRT    RES    SHR S  %CPU %MEM     TIME+ COMMAND
 1472 ubuntu    20   0 16.879g 215232  14628 S  46.3  1.4   1:01.17 java
Fri Jun 13 08:11:42 UTC 2014
  PID USER      PR  NI    VIRT    RES    SHR S  %CPU %MEM     TIME+ COMMAND
 1472 ubuntu    20   0 16.879g 215232  14628 S  59.5  1.4   1:01.68 java
Fri Jun 13 08:11:43 UTC 2014
  PID USER      PR  NI    VIRT    RES    SHR S  %CPU %MEM     TIME+ COMMAND
 1472 ubuntu    20   0 16.879g 215284  14628 S  46.3  1.4   1:02.48 java
Fri Jun 13 08:11:44 UTC 2014
  PID USER      PR  NI    VIRT    RES    SHR S  %CPU %MEM     TIME+ COMMAND
 1472 ubuntu    20   0 16.879g 220360  14628 S  19.9  1.4   1:03.29 java
Fri Jun 13 08:11:45 UTC 2014
  PID USER      PR  NI    VIRT    RES    SHR S  %CPU %MEM     TIME+ COMMAND
 1472 ubuntu    20   0 16.879g 220360  14628 S  26.5  1.4   1:03.85 java
Fri Jun 13 08:11:46 UTC 2014
  PID USER      PR  NI    VIRT    RES    SHR S  %CPU %MEM     TIME+ COMMAND
 1472 ubuntu    20   0 16.879g 220764  14628 S  46.3  1.4   1:04.42 java
Fri Jun 13 08:11:47 UTC 2014
  PID USER      PR  NI    VIRT    RES    SHR S  %CPU %MEM     TIME+ COMMAND
 1472 ubuntu    20   0 16.879g 221028  14628 S  72.8  1.4   1:05.07 java
Fri Jun 13 08:11:49 UTC 2014
  PID USER      PR  NI    VIRT    RES    SHR S  %CPU %MEM     TIME+ COMMAND
 1472 ubuntu    20   0 16.879g 221292  14628 S 112.5  1.4   1:05.87 java
Fri Jun 13 08:11:50 UTC 2014
  PID USER      PR  NI    VIRT    RES    SHR S  %CPU %MEM     TIME+ COMMAND
 1472 ubuntu    20   0 16.879g 222036  14628 S 132.4  1.4   1:07.04 java
Fri Jun 13 08:11:51 UTC 2014
  PID USER      PR  NI    VIRT    RES    SHR S  %CPU %MEM     TIME+ COMMAND
 1472 ubuntu    20   0 16.879g 228740  14628 S  52.9  1.5   1:08.03 java
Fri Jun 13 08:11:52 UTC 2014
  PID USER      PR  NI    VIRT    RES    SHR S  %CPU %MEM     TIME+ COMMAND
 1472 ubuntu    20   0 16.879g 229532  14628 S  53.0  1.5   1:08.81 java
Fri Jun 13 08:11:53 UTC 2014
  PID USER      PR  NI    VIRT    RES    SHR S  %CPU %MEM     TIME+ COMMAND
 1472 ubuntu    20   0 16.879g 230048  14628 S  99.4  1.5   1:10.22 java
Fri Jun 13 08:11:54 UTC 2014
  PID USER      PR  NI    VIRT    RES    SHR S  %CPU %MEM     TIME+ COMMAND
 1472 ubuntu    20   0 16.879g 230568  14628 S  79.3  1.5   1:11.01 java
Fri Jun 13 08:11:56 UTC 2014
  PID USER      PR  NI    VIRT    RES    SHR S  %CPU %MEM     TIME+ COMMAND
 1472 ubuntu    20   0 16.879g 230568  14628 S  92.8  1.5   1:11.84 java
Fri Jun 13 08:11:57 UTC 2014
  PID USER      PR  NI    VIRT    RES    SHR S  %CPU %MEM     TIME+ COMMAND
 1472 ubuntu    20   0 16.879g 230568  14628 S  33.1  1.5   1:12.47 java
Fri Jun 13 08:11:58 UTC 2014
  PID USER      PR  NI    VIRT    RES    SHR S  %CPU %MEM     TIME+ COMMAND
 1472 ubuntu    20   0 16.879g 230828  14628 S  59.6  1.5   1:13.27 java
Fri Jun 13 08:11:59 UTC 2014
  PID USER      PR  NI    VIRT    RES    SHR S  %CPU %MEM     TIME+ COMMAND
 1472 ubuntu    20   0 16.879g 232096  14628 S  72.9  1.5   1:14.43 java
Fri Jun 13 08:12:00 UTC 2014
  PID USER      PR  NI    VIRT    RES    SHR S  %CPU %MEM     TIME+ COMMAND
 1472 ubuntu    20   0 16.879g 245840  14628 S  86.2  1.6   1:15.63 java
Fri Jun 13 08:12:02 UTC 2014
  PID USER      PR  NI    VIRT    RES    SHR S  %CPU %MEM     TIME+ COMMAND
 1472 ubuntu    20   0 16.879g 246896  14628 S 119.3  1.6   1:16.41 java
Fri Jun 13 08:12:03 UTC 2014
  PID USER      PR  NI    VIRT    RES    SHR S  %CPU %MEM     TIME+ COMMAND
 1472 ubuntu    20   0 16.879g 247424  14628 S 105.9  1.6   1:17.61 java
Fri Jun 13 08:12:04 UTC 2014
  PID USER      PR  NI    VIRT    RES    SHR S  %CPU %MEM     TIME+ COMMAND
 1472 ubuntu    20   0 16.879g 247824  14628 S 165.3  1.6   1:19.16 java
Fri Jun 13 08:12:05 UTC 2014
  PID USER      PR  NI    VIRT    RES    SHR S  %CPU %MEM     TIME+ COMMAND
 1472 ubuntu    20   0 16.879g 248512  14628 S  72.8  1.6   1:20.57 java
Fri Jun 13 08:12:06 UTC 2014
  PID USER      PR  NI    VIRT    RES    SHR S  %CPU %MEM     TIME+ COMMAND
 1472 ubuntu    20   0 16.879g 248532  14628 S  66.2  1.6   1:21.37 java
Fri Jun 13 08:12:07 UTC 2014
  PID USER      PR  NI    VIRT    RES    SHR S  %CPU %MEM     TIME+ COMMAND
 1472 ubuntu    20   0 16.879g 248804  14628 S  46.4  1.6   1:22.20 java
Fri Jun 13 08:12:09 UTC 2014
  PID USER      PR  NI    VIRT    RES    SHR S  %CPU %MEM     TIME+ COMMAND
 1472 ubuntu    20   0 16.879g 249100  14628 S  59.6  1.6   1:23.02 java
Fri Jun 13 08:12:10 UTC 2014
  PID USER      PR  NI    VIRT    RES    SHR S  %CPU %MEM     TIME+ COMMAND
 1472 ubuntu    20   0 16.879g 249100  14628 S 178.8  1.6   1:24.49 java
Fri Jun 13 08:12:11 UTC 2014
  PID USER      PR  NI    VIRT    RES    SHR S  %CPU %MEM     TIME+ COMMAND
 1472 ubuntu    20   0 16.879g 249100  14628 S  72.9  1.6   1:25.22 java
Fri Jun 13 08:12:12 UTC 2014
  PID USER      PR  NI    VIRT    RES    SHR S  %CPU %MEM     TIME+ COMMAND
 1472 ubuntu    20   0 16.879g 249884  14628 S 159.1  1.6   1:26.38 java
Fri Jun 13 08:12:13 UTC 2014
  PID USER      PR  NI    VIRT    RES    SHR S  %CPU %MEM     TIME+ COMMAND
 1472 ubuntu    20   0 16.879g 250676  14628 S  79.5  1.6   1:27.69 java
Fri Jun 13 08:12:14 UTC 2014
  PID USER      PR  NI    VIRT    RES    SHR S  %CPU %MEM     TIME+ COMMAND
 1472 ubuntu    20   0 16.879g 250368  14628 S  53.0  1.6   1:28.73 java
Fri Jun 13 08:12:16 UTC 2014
  PID USER      PR  NI    VIRT    RES    SHR S  %CPU %MEM     TIME+ COMMAND
 1472 ubuntu    20   0 16.879g 250924  14628 S 139.0  1.6   1:29.63 java
Fri Jun 13 08:12:17 UTC 2014
  PID USER      PR  NI    VIRT    RES    SHR S  %CPU %MEM     TIME+ COMMAND
 1472 ubuntu    20   0 16.879g 251636  14628 S  99.2  1.6   1:30.70 java
Fri Jun 13 08:12:18 UTC 2014
  PID USER      PR  NI    VIRT    RES    SHR S  %CPU %MEM     TIME+ COMMAND
 1472 ubuntu    20   0 16.879g 251364  14628 S 132.3  1.6   1:32.16 java
Fri Jun 13 08:12:19 UTC 2014
  PID USER      PR  NI    VIRT    RES    SHR S  %CPU %MEM     TIME+ COMMAND
 1472 ubuntu    20   0 16.879g 251160  14628 S  72.9  1.6   1:33.26 java
Fri Jun 13 08:12:20 UTC 2014
  PID USER      PR  NI    VIRT    RES    SHR S  %CPU %MEM     TIME+ COMMAND
 1472 ubuntu    20   0 16.880g 251468  14628 S  92.8  1.6   1:34.27 java
Fri Jun 13 08:12:21 UTC 2014
  PID USER      PR  NI    VIRT    RES    SHR S  %CPU %MEM     TIME+ COMMAND
 1472 ubuntu    20   0 16.880g 254580  14628 S 178.7  1.7   1:35.46 java
Fri Jun 13 08:12:23 UTC 2014
  PID USER      PR  NI    VIRT    RES    SHR S  %CPU %MEM     TIME+ COMMAND
 1472 ubuntu    20   0 16.880g 266616  14628 S  53.0  1.7   1:36.66 java
Fri Jun 13 08:12:24 UTC 2014
  PID USER      PR  NI    VIRT    RES    SHR S  %CPU %MEM     TIME+ COMMAND
 1472 ubuntu    20   0 16.880g 266744  14628 S  53.0  1.7   1:37.60 java
Fri Jun 13 08:12:25 UTC 2014
  PID USER      PR  NI    VIRT    RES    SHR S  %CPU %MEM     TIME+ COMMAND
 1472 ubuntu    20   0 16.880g 265936  14628 S 125.8  1.7   1:38.95 java
Fri Jun 13 08:12:26 UTC 2014
  PID USER      PR  NI    VIRT    RES    SHR S  %CPU %MEM     TIME+ COMMAND
 1472 ubuntu    20   0 16.880g 265376  14628 S  79.5  1.7   1:40.04 java
Fri Jun 13 08:12:27 UTC 2014
  PID USER      PR  NI    VIRT    RES    SHR S  %CPU %MEM     TIME+ COMMAND
 1472 ubuntu    20   0 16.880g 264872  14628 S  66.1  1.7   1:41.09 java
Fri Jun 13 08:12:29 UTC 2014
  PID USER      PR  NI    VIRT    RES    SHR S  %CPU %MEM     TIME+ COMMAND
 1472 ubuntu    20   0 16.880g 263844  14628 S  92.8  1.7   1:42.14 java
Fri Jun 13 08:12:30 UTC 2014
  PID USER      PR  NI    VIRT    RES    SHR S  %CPU %MEM     TIME+ COMMAND
 1472 ubuntu    20   0 16.880g 263588  14628 S 106.0  1.7   1:43.15 java
Fri Jun 13 08:12:31 UTC 2014
  PID USER      PR  NI    VIRT    RES    SHR S  %CPU %MEM     TIME+ COMMAND
 1472 ubuntu    20   0 16.880g 262560  14628 S  86.1  1.7   1:44.26 java
Fri Jun 13 08:12:32 UTC 2014
  PID USER      PR  NI    VIRT    RES    SHR S  %CPU %MEM     TIME+ COMMAND
 1472 ubuntu    20   0 16.880g 261536  14628 S 105.8  1.7   1:45.23 java
Fri Jun 13 08:12:33 UTC 2014
  PID USER      PR  NI    VIRT    RES    SHR S  %CPU %MEM     TIME+ COMMAND
 1472 ubuntu    20   0 16.880g 261036  14628 S  59.6  1.7   1:46.42 java
Fri Jun 13 08:12:34 UTC 2014
  PID USER      PR  NI    VIRT    RES    SHR S  %CPU %MEM     TIME+ COMMAND
 1472 ubuntu    20   0 16.880g 260264  14628 S  79.4  1.7   1:47.21 java
Fri Jun 13 08:12:36 UTC 2014
  PID USER      PR  NI    VIRT    RES    SHR S  %CPU %MEM     TIME+ COMMAND
 1472 ubuntu    20   0 16.880g 260276  14628 S 112.5  1.7   1:48.34 java
Fri Jun 13 08:12:37 UTC 2014
  PID USER      PR  NI    VIRT    RES    SHR S  %CPU %MEM     TIME+ COMMAND
 1472 ubuntu    20   0 16.880g 259740  14628 S 145.6  1.7   1:50.04 java
Fri Jun 13 08:12:38 UTC 2014
  PID USER      PR  NI    VIRT    RES    SHR S  %CPU %MEM     TIME+ COMMAND
 1472 ubuntu    20   0 16.880g 259104  14628 S  99.3  1.7   1:51.54 java
Fri Jun 13 08:12:39 UTC 2014
  PID USER      PR  NI    VIRT    RES    SHR S  %CPU %MEM     TIME+ COMMAND
 1472 ubuntu    20   0 16.880g 258076  14628 S 125.9  1.7   1:52.59 java
Fri Jun 13 08:12:40 UTC 2014
  PID USER      PR  NI    VIRT    RES    SHR S  %CPU %MEM     TIME+ COMMAND
 1472 ubuntu    20   0 16.880g 257052  14628 S  66.2  1.7   1:53.56 java
Fri Jun 13 08:12:41 UTC 2014
  PID USER      PR  NI    VIRT    RES    SHR S  %CPU %MEM     TIME+ COMMAND
 1472 ubuntu    20   0 16.880g 256552  14628 S 165.3  1.7   1:54.84 java
Fri Jun 13 08:12:43 UTC 2014
  PID USER      PR  NI    VIRT    RES    SHR S  %CPU %MEM     TIME+ COMMAND
 1472 ubuntu    20   0 16.880g 255268  14628 S 139.2  1.7   1:56.30 java
Fri Jun 13 08:12:44 UTC 2014
  PID USER      PR  NI    VIRT    RES    SHR S  %CPU %MEM     TIME+ COMMAND
 1472 ubuntu    20   0 16.880g 254504  14628 S  79.5  1.7   1:57.47 java
Fri Jun 13 08:12:45 UTC 2014
  PID USER      PR  NI    VIRT    RES    SHR S  %CPU %MEM     TIME+ COMMAND
 1472 ubuntu    20   0 16.880g 253476  14628 S 198.4  1.6   1:58.93 java
Fri Jun 13 08:12:46 UTC 2014
  PID USER      PR  NI    VIRT    RES    SHR S  %CPU %MEM     TIME+ COMMAND
 1472 ubuntu    20   0 16.881g 263848  14628 S  66.3  1.7   2:00.50 java
Fri Jun 13 08:12:47 UTC 2014
  PID USER      PR  NI    VIRT    RES    SHR S  %CPU %MEM     TIME+ COMMAND
 1472 ubuntu    20   0 16.881g 264340  14628 S 132.4  1.7   2:02.14 java
Fri Jun 13 08:12:49 UTC 2014
  PID USER      PR  NI    VIRT    RES    SHR S  %CPU %MEM     TIME+ COMMAND
 1472 ubuntu    20   0 16.881g 263876  14628 S  99.4  1.7   2:03.74 java
Fri Jun 13 08:12:50 UTC 2014
  PID USER      PR  NI    VIRT    RES    SHR S  %CPU %MEM     TIME+ COMMAND
 1472 ubuntu    20   0 16.881g 263108  14628 S 139.0  1.7   2:05.11 java
Fri Jun 13 08:12:51 UTC 2014
  PID USER      PR  NI    VIRT    RES    SHR S  %CPU %MEM     TIME+ COMMAND
 1472 ubuntu    20   0 16.881g 262348  14628 S 191.8  1.7   2:06.62 java
Fri Jun 13 08:12:52 UTC 2014
  PID USER      PR  NI    VIRT    RES    SHR S  %CPU %MEM     TIME+ COMMAND
 1472 ubuntu    20   0 16.881g 260808  14628 S 185.2  1.7   2:08.19 java
Fri Jun 13 08:12:53 UTC 2014
  PID USER      PR  NI    VIRT    RES    SHR S  %CPU %MEM     TIME+ COMMAND
 1472 ubuntu    20   0 16.881g 262228  14628 S 138.9  1.7   2:10.13 java
Fri Jun 13 08:12:54 UTC 2014
  PID USER      PR  NI    VIRT    RES    SHR S  %CPU %MEM     TIME+ COMMAND
 1472 ubuntu    20   0 16.881g 272376  14628 S  59.5  1.8   2:11.69 java
Fri Jun 13 08:12:56 UTC 2014
  PID USER      PR  NI    VIRT    RES    SHR S  %CPU %MEM     TIME+ COMMAND
 1472 ubuntu    20   0 16.881g 272628  14628 S 106.0  1.8   2:13.03 java
Fri Jun 13 08:12:57 UTC 2014
  PID USER      PR  NI    VIRT    RES    SHR S  %CPU %MEM     TIME+ COMMAND
 1472 ubuntu    20   0 16.881g 271204  14628 S 105.9  1.8   2:14.78 java
Fri Jun 13 08:12:58 UTC 2014
  PID USER      PR  NI    VIRT    RES    SHR S  %CPU %MEM     TIME+ COMMAND
 1472 ubuntu    20   0 16.881g 270692  14628 S 125.9  1.8   2:15.75 java
Fri Jun 13 08:12:59 UTC 2014
  PID USER      PR  NI    VIRT    RES    SHR S  %CPU %MEM     TIME+ COMMAND
 1472 ubuntu    20   0 16.881g 271060  14628 S  92.6  1.8   2:17.69 java
Fri Jun 13 08:13:00 UTC 2014
  PID USER      PR  NI    VIRT    RES    SHR S  %CPU %MEM     TIME+ COMMAND
 1472 ubuntu    20   0 16.881g 290756  14628 S 125.9  1.9   2:19.18 java
Fri Jun 13 08:13:01 UTC 2014
  PID USER      PR  NI    VIRT    RES    SHR S  %CPU %MEM     TIME+ COMMAND
 1472 ubuntu    20   0 16.881g 291560  14628 S 106.0  1.9   2:20.60 java
Fri Jun 13 08:13:03 UTC 2014
  PID USER      PR  NI    VIRT    RES    SHR S  %CPU %MEM     TIME+ COMMAND
 1472 ubuntu    20   0 16.881g 291740  14628 S 178.9  1.9   2:22.49 java
Fri Jun 13 08:13:04 UTC 2014
  PID USER      PR  NI    VIRT    RES    SHR S  %CPU %MEM     TIME+ COMMAND
 1472 ubuntu    20   0 16.881g 292016  14628 S 132.3  1.9   2:24.34 java
Fri Jun 13 08:13:05 UTC 2014
  PID USER      PR  NI    VIRT    RES    SHR S  %CPU %MEM     TIME+ COMMAND
 1472 ubuntu    20   0 16.881g 292024  14628 S 171.7  1.9   2:26.08 java
Fri Jun 13 08:13:06 UTC 2014
  PID USER      PR  NI    VIRT    RES    SHR S  %CPU %MEM     TIME+ COMMAND
 1472 ubuntu    20   0 16.881g 291776  14628 S 145.5  1.9   2:27.98 java
Fri Jun 13 08:13:07 UTC 2014
  PID USER      PR  NI    VIRT    RES    SHR S  %CPU %MEM     TIME+ COMMAND
 1472 ubuntu    20   0 16.881g 290280  14628 S 112.7  1.9   2:29.14 java
Fri Jun 13 08:13:09 UTC 2014
  PID USER      PR  NI    VIRT    RES    SHR S  %CPU %MEM     TIME+ COMMAND
 1472 ubuntu    20   0 16.881g 289740  14628 S 172.3  1.9   2:30.39 java
Fri Jun 13 08:13:10 UTC 2014
  PID USER      PR  NI    VIRT    RES    SHR S  %CPU %MEM     TIME+ COMMAND
 1472 ubuntu    20   0 16.881g 288196  14628 S 138.8  1.9   2:31.84 java
Fri Jun 13 08:13:11 UTC 2014
  PID USER      PR  NI    VIRT    RES    SHR S  %CPU %MEM     TIME+ COMMAND
 1472 ubuntu    20   0 16.881g 286656  14628 S  99.1  1.9   2:32.82 java
Fri Jun 13 08:13:12 UTC 2014
  PID USER      PR  NI    VIRT    RES    SHR S  %CPU %MEM     TIME+ COMMAND
 1472 ubuntu    20   0 16.881g 286656  14628 S  99.2  1.9   2:34.03 java
Fri Jun 13 08:13:13 UTC 2014
  PID USER      PR  NI    VIRT    RES    SHR S  %CPU %MEM     TIME+ COMMAND
 1472 ubuntu    20   0 16.881g 285628  14628 S 119.3  1.9   2:35.06 java
Fri Jun 13 08:13:14 UTC 2014
  PID USER      PR  NI    VIRT    RES    SHR S  %CPU %MEM     TIME+ COMMAND
 1472 ubuntu    20   0 16.881g 285116  14628 S  59.5  1.9   2:36.03 java
Fri Jun 13 08:13:16 UTC 2014
  PID USER      PR  NI    VIRT    RES    SHR S  %CPU %MEM     TIME+ COMMAND
 1472 ubuntu    20   0 16.881g 284792  14628 S  86.2  1.8   2:37.09 java
Fri Jun 13 08:13:17 UTC 2014
  PID USER      PR  NI    VIRT    RES    SHR S  %CPU %MEM     TIME+ COMMAND
 1472 ubuntu    20   0 16.881g 284276  14628 S 139.0  1.8   2:38.56 java
Fri Jun 13 08:13:18 UTC 2014
  PID USER      PR  NI    VIRT    RES    SHR S  %CPU %MEM     TIME+ COMMAND
 1472 ubuntu    20   0 16.882g 285616  14628 S  66.2  1.9   2:39.71 java
Fri Jun 13 08:13:19 UTC 2014
  PID USER      PR  NI    VIRT    RES    SHR S  %CPU %MEM     TIME+ COMMAND
 1472 ubuntu    20   0 16.882g 295640  14628 S  72.9  1.9   2:40.86 java
Fri Jun 13 08:13:20 UTC 2014
  PID USER      PR  NI    VIRT    RES    SHR S  %CPU %MEM     TIME+ COMMAND
 1472 ubuntu    20   0 16.882g 295944  14628 S  66.3  1.9   2:41.71 java
Fri Jun 13 08:13:21 UTC 2014
  PID USER      PR  NI    VIRT    RES    SHR S  %CPU %MEM     TIME+ COMMAND
 1472 ubuntu    20   0 16.882g 296348  14628 S  66.2  1.9   2:42.67 java
Fri Jun 13 08:13:23 UTC 2014
  PID USER      PR  NI    VIRT    RES    SHR S  %CPU %MEM     TIME+ COMMAND
 1472 ubuntu    20   0 16.882g 295972  14628 S  53.0  1.9   2:43.39 java
Fri Jun 13 08:13:24 UTC 2014
  PID USER      PR  NI    VIRT    RES    SHR S  %CPU %MEM     TIME+ COMMAND
 1472 ubuntu    20   0 16.882g 295724  14628 S  46.4  1.9   2:44.10 java
Fri Jun 13 08:13:25 UTC 2014
  PID USER      PR  NI    VIRT    RES    SHR S  %CPU %MEM     TIME+ COMMAND
 1472 ubuntu    20   0 16.882g 295208  14628 S  53.0  1.9   2:44.95 java
Fri Jun 13 08:13:26 UTC 2014
  PID USER      PR  NI    VIRT    RES    SHR S  %CPU %MEM     TIME+ COMMAND
 1472 ubuntu    20   0 16.882g 294696  14628 S  59.5  1.9   2:45.69 java
Fri Jun 13 08:13:27 UTC 2014
  PID USER      PR  NI    VIRT    RES    SHR S  %CPU %MEM     TIME+ COMMAND
 1472 ubuntu    20   0 16.882g 293672  14628 S  79.5  1.9   2:46.68 java
Fri Jun 13 08:13:29 UTC 2014
  PID USER      PR  NI    VIRT    RES    SHR S  %CPU %MEM     TIME+ COMMAND
 1472 ubuntu    20   0 16.882g 293672  14628 S  39.8  1.9   2:47.46 java
Fri Jun 13 08:13:30 UTC 2014
  PID USER      PR  NI    VIRT    RES    SHR S  %CPU %MEM     TIME+ COMMAND
 1472 ubuntu    20   0 16.882g 292644  14628 S  53.0  1.9   2:48.20 java
Fri Jun 13 08:13:31 UTC 2014
  PID USER      PR  NI    VIRT    RES    SHR S  %CPU %MEM     TIME+ COMMAND
 1472 ubuntu    20   0 16.882g 292908  14628 S  39.8  1.9   2:48.62 java
Fri Jun 13 08:13:32 UTC 2014
  PID USER      PR  NI    VIRT    RES    SHR S  %CPU %MEM     TIME+ COMMAND
 1472 ubuntu    20   0 16.882g 292396  14628 S  19.9  1.9   2:49.15 java
Fri Jun 13 08:13:33 UTC 2014
  PID USER      PR  NI    VIRT    RES    SHR S  %CPU %MEM     TIME+ COMMAND
 1472 ubuntu    20   0 16.882g 292396  14628 S  53.0  1.9   2:49.46 java
Fri Jun 13 08:13:34 UTC 2014
  PID USER      PR  NI    VIRT    RES    SHR S  %CPU %MEM     TIME+ COMMAND
 1472 ubuntu    20   0 16.882g 292148  14628 S  52.9  1.9   2:49.86 java
Fri Jun 13 08:13:36 UTC 2014
  PID USER      PR  NI    VIRT    RES    SHR S  %CPU %MEM     TIME+ COMMAND
 1472 ubuntu    20   0 16.882g 291632  14628 S  39.7  1.9   2:50.25 java
Fri Jun 13 08:13:37 UTC 2014
  PID USER      PR  NI    VIRT    RES    SHR S  %CPU %MEM     TIME+ COMMAND
 1472 ubuntu    20   0 16.882g 291632  14628 S  13.3  1.9   2:50.50 java
Fri Jun 13 08:13:38 UTC 2014
  PID USER      PR  NI    VIRT    RES    SHR S  %CPU %MEM     TIME+ COMMAND
 1472 ubuntu    20   0 16.882g 291120  14628 S  13.2  1.9   2:50.72 java
Fri Jun 13 08:13:39 UTC 2014
  PID USER      PR  NI    VIRT    RES    SHR S  %CPU %MEM     TIME+ COMMAND
 1472 ubuntu    20   0 16.882g 291120  14628 S   0.0  1.9   2:50.89 java
Fri Jun 13 08:13:40 UTC 2014
  PID USER      PR  NI    VIRT    RES    SHR S  %CPU %MEM     TIME+ COMMAND
 1472 ubuntu    20   0 16.882g 291120  14628 S  19.9  1.9   2:51.14 java
Fri Jun 13 08:13:41 UTC 2014
  PID USER      PR  NI    VIRT    RES    SHR S  %CPU %MEM     TIME+ COMMAND
 1472 ubuntu    20   0 16.882g 290608  14628 S  19.9  1.9   2:51.29 java
Fri Jun 13 08:13:43 UTC 2014
  PID USER      PR  NI    VIRT    RES    SHR S  %CPU %MEM     TIME+ COMMAND
 1472 ubuntu    20   0 16.882g 290096  14628 S  19.9  1.9   2:51.50 java
Fri Jun 13 08:13:44 UTC 2014
  PID USER      PR  NI    VIRT    RES    SHR S  %CPU %MEM     TIME+ COMMAND
 1472 ubuntu    20   0 16.882g 290096  14628 S  26.5  1.9   2:51.71 java
Fri Jun 13 08:13:45 UTC 2014
  PID USER      PR  NI    VIRT    RES    SHR S  %CPU %MEM     TIME+ COMMAND
 1472 ubuntu    20   0 16.882g 290360  14628 S   0.0  1.9   2:51.92 java
Fri Jun 13 08:13:46 UTC 2014
  PID USER      PR  NI    VIRT    RES    SHR S  %CPU %MEM     TIME+ COMMAND
 1472 ubuntu    20   0 16.882g 289856  14628 S  19.9  1.9   2:52.12 java
Fri Jun 13 08:13:47 UTC 2014
  PID USER      PR  NI    VIRT    RES    SHR S  %CPU %MEM     TIME+ COMMAND
 1472 ubuntu    20   0 16.882g 289856  14628 S   0.0  1.9   2:52.49 java
Fri Jun 13 08:13:48 UTC 2014
  PID USER      PR  NI    VIRT    RES    SHR S  %CPU %MEM     TIME+ COMMAND
 1472 ubuntu    20   0 16.882g 289856  14628 S   0.0  1.9   2:52.54 java
Fri Jun 13 08:13:50 UTC 2014
  PID USER      PR  NI    VIRT    RES    SHR S  %CPU %MEM     TIME+ COMMAND
 1472 ubuntu    20   0 16.882g 289856  14628 S   6.6  1.9   2:52.58 java
Fri Jun 13 08:13:51 UTC 2014
  PID USER      PR  NI    VIRT    RES    SHR S  %CPU %MEM     TIME+ COMMAND
 1472 ubuntu    20   0 16.882g 289856  14628 S   0.0  1.9   2:52.61 java
Fri Jun 13 08:13:52 UTC 2014
  PID USER      PR  NI    VIRT    RES    SHR S  %CPU %MEM     TIME+ COMMAND
 1472 ubuntu    20   0 16.882g 289856  14628 S   0.0  1.9   2:52.64 java
Fri Jun 13 08:13:53 UTC 2014
  PID USER      PR  NI    VIRT    RES    SHR S  %CPU %MEM     TIME+ COMMAND
 1472 ubuntu    20   0 16.882g 289344  14628 S   0.0  1.9   2:52.71 java
Fri Jun 13 08:13:54 UTC 2014
  PID USER      PR  NI    VIRT    RES    SHR S  %CPU %MEM     TIME+ COMMAND
 1472 ubuntu    20   0 16.882g 289344  14628 S   6.6  1.9   2:52.78 java
Fri Jun 13 08:13:55 UTC 2014
  PID USER      PR  NI    VIRT    RES    SHR S  %CPU %MEM     TIME+ COMMAND
 1472 ubuntu    20   0 16.882g 289344  14628 S   0.0  1.9   2:52.86 java
Fri Jun 13 08:13:57 UTC 2014
  PID USER      PR  NI    VIRT    RES    SHR S  %CPU %MEM     TIME+ COMMAND
 1472 ubuntu    20   0 16.882g 289344  14628 S   0.0  1.9   2:52.86 java
Fri Jun 13 08:13:58 UTC 2014
  PID USER      PR  NI    VIRT    RES    SHR S  %CPU %MEM     TIME+ COMMAND
 1472 ubuntu    20   0 16.882g 289344  14628 S   0.0  1.9   2:52.88 java
Fri Jun 13 08:13:59 UTC 2014
  PID USER      PR  NI    VIRT    RES    SHR S  %CPU %MEM     TIME+ COMMAND
 1472 ubuntu    20   0 16.882g 289344  14628 S   0.0  1.9   2:52.88 java
Fri Jun 13 08:14:00 UTC 2014
  PID USER      PR  NI    VIRT    RES    SHR S  %CPU %MEM     TIME+ COMMAND
 1472 ubuntu    20   0 16.882g 289344  14628 S   0.0  1.9   2:52.89 java
Fri Jun 13 08:14:01 UTC 2014
  PID USER      PR  NI    VIRT    RES    SHR S  %CPU %MEM     TIME+ COMMAND
 1472 ubuntu    20   0 16.882g 289344  14628 S   0.0  1.9   2:52.89 java
Fri Jun 13 08:14:02 UTC 2014
  PID USER      PR  NI    VIRT    RES    SHR S  %CPU %MEM     TIME+ COMMAND
 1472 ubuntu    20   0 16.882g 289344  14628 S   0.0  1.9   2:52.89 java
Fri Jun 13 08:14:04 UTC 2014
  PID USER      PR  NI    VIRT    RES    SHR S  %CPU %MEM     TIME+ COMMAND
 1472 ubuntu    20   0 16.882g 289344  14628 S   0.0  1.9   2:52.91 java
Fri Jun 13 08:14:05 UTC 2014
  PID USER      PR  NI    VIRT    RES    SHR S  %CPU %MEM     TIME+ COMMAND
 1472 ubuntu    20   0 16.882g 289344  14628 S   0.0  1.9   2:52.92 java
Fri Jun 13 08:14:06 UTC 2014
  PID USER      PR  NI    VIRT    RES    SHR S  %CPU %MEM     TIME+ COMMAND
 1472 ubuntu    20   0 16.882g 289344  14628 S   0.0  1.9   2:52.92 java
Fri Jun 13 08:14:07 UTC 2014
  PID USER      PR  NI    VIRT    RES    SHR S  %CPU %MEM     TIME+ COMMAND
 1472 ubuntu    20   0 16.882g 289344  14628 S   0.0  1.9   2:52.93 java
Fri Jun 13 08:14:08 UTC 2014
  PID USER      PR  NI    VIRT    RES    SHR S  %CPU %MEM     TIME+ COMMAND
 1472 ubuntu    20   0 16.882g 289344  14628 S   0.0  1.9   2:52.93 java
Fri Jun 13 08:14:10 UTC 2014
  PID USER      PR  NI    VIRT    RES    SHR S  %CPU %MEM     TIME+ COMMAND
 1472 ubuntu    20   0 16.882g 289344  14628 S   0.0  1.9   2:52.94 java
Fri Jun 13 08:14:11 UTC 2014
  PID USER      PR  NI    VIRT    RES    SHR S  %CPU %MEM     TIME+ COMMAND
 1472 ubuntu    20   0 16.882g 289344  14628 S   0.0  1.9   2:52.95 java
Fri Jun 13 08:14:12 UTC 2014
  PID USER      PR  NI    VIRT    RES    SHR S  %CPU %MEM     TIME+ COMMAND
 1472 ubuntu    20   0 16.882g 289344  14628 S   0.0  1.9   2:52.95 java
Fri Jun 13 08:14:13 UTC 2014
  PID USER      PR  NI    VIRT    RES    SHR S  %CPU %MEM     TIME+ COMMAND
 1472 ubuntu    20   0 16.882g 289344  14628 S   6.6  1.9   2:52.96 java
Fri Jun 13 08:14:14 UTC 2014
  PID USER      PR  NI    VIRT    RES    SHR S  %CPU %MEM     TIME+ COMMAND
 1472 ubuntu    20   0 16.882g 289344  14628 S   0.0  1.9   2:52.96 java
Fri Jun 13 08:14:15 UTC 2014
  PID USER      PR  NI    VIRT    RES    SHR S  %CPU %MEM     TIME+ COMMAND
 1472 ubuntu    20   0 16.882g 289344  14628 S   0.0  1.9   2:52.97 java
Fri Jun 13 08:14:17 UTC 2014
  PID USER      PR  NI    VIRT    RES    SHR S  %CPU %MEM     TIME+ COMMAND
 1472 ubuntu    20   0 16.882g 289344  14628 S   0.0  1.9   2:52.98 java
Fri Jun 13 08:14:18 UTC 2014
  PID USER      PR  NI    VIRT    RES    SHR S  %CPU %MEM     TIME+ COMMAND
 1472 ubuntu    20   0 16.882g 289360  14628 S   0.0  1.9   2:52.99 java
Fri Jun 13 08:14:19 UTC 2014
  PID USER      PR  NI    VIRT    RES    SHR S  %CPU %MEM     TIME+ COMMAND
 1472 ubuntu    20   0 16.882g 289372  14628 S   0.0  1.9   2:52.99 java
Fri Jun 13 08:14:20 UTC 2014
  PID USER      PR  NI    VIRT    RES    SHR S  %CPU %MEM     TIME+ COMMAND
 1472 ubuntu    20   0 16.882g 289428  14628 S   0.0  1.9   2:53.00 java
Fri Jun 13 08:14:21 UTC 2014
  PID USER      PR  NI    VIRT    RES    SHR S  %CPU %MEM     TIME+ COMMAND
 1472 ubuntu    20   0 16.882g 289428  14628 S   0.0  1.9   2:53.00 java
Fri Jun 13 08:14:22 UTC 2014
  PID USER      PR  NI    VIRT    RES    SHR S  %CPU %MEM     TIME+ COMMAND
 1472 ubuntu    20   0 16.882g 289428  14628 S   0.0  1.9   2:53.01 java
Fri Jun 13 08:14:24 UTC 2014
  PID USER      PR  NI    VIRT    RES    SHR S  %CPU %MEM     TIME+ COMMAND
 1472 ubuntu    20   0 16.882g 289428  14628 S   0.0  1.9   2:53.02 java
Fri Jun 13 08:14:25 UTC 2014
  PID USER      PR  NI    VIRT    RES    SHR S  %CPU %MEM     TIME+ COMMAND
 1472 ubuntu    20   0 16.882g 289428  14628 S   0.0  1.9   2:53.03 java
Fri Jun 13 08:14:26 UTC 2014
  PID USER      PR  NI    VIRT    RES    SHR S  %CPU %MEM     TIME+ COMMAND
 1472 ubuntu    20   0 16.882g 289428  14628 S   0.0  1.9   2:53.03 java
Fri Jun 13 08:14:27 UTC 2014
  PID USER      PR  NI    VIRT    RES    SHR S  %CPU %MEM     TIME+ COMMAND
 1472 ubuntu    20   0 16.882g 289428  14628 S   0.0  1.9   2:53.05 java
Fri Jun 13 08:14:28 UTC 2014
  PID USER      PR  NI    VIRT    RES    SHR S  %CPU %MEM     TIME+ COMMAND
 1472 ubuntu    20   0 16.882g 289428  14628 S   0.0  1.9   2:53.05 java
Fri Jun 13 08:14:29 UTC 2014
  PID USER      PR  NI    VIRT    RES    SHR S  %CPU %MEM     TIME+ COMMAND
 1472 ubuntu    20   0 16.882g 289524  14628 S   0.0  1.9   2:53.06 java
Fri Jun 13 08:14:31 UTC 2014
  PID USER      PR  NI    VIRT    RES    SHR S  %CPU %MEM     TIME+ COMMAND
 1472 ubuntu    20   0 16.882g 289524  14628 S   0.0  1.9   2:53.06 java
Fri Jun 13 08:14:32 UTC 2014
  PID USER      PR  NI    VIRT    RES    SHR S  %CPU %MEM     TIME+ COMMAND
 1472 ubuntu    20   0 16.882g 289540  14628 S   0.0  1.9   2:53.07 java
Fri Jun 13 08:14:33 UTC 2014
  PID USER      PR  NI    VIRT    RES    SHR S  %CPU %MEM     TIME+ COMMAND
 1472 ubuntu    20   0 16.882g 289540  14628 S   0.0  1.9   2:53.08 java
Fri Jun 13 08:14:34 UTC 2014
  PID USER      PR  NI    VIRT    RES    SHR S  %CPU %MEM     TIME+ COMMAND
 1472 ubuntu    20   0 16.882g 289540  14628 S   0.0  1.9   2:53.09 java
Fri Jun 13 08:14:35 UTC 2014
  PID USER      PR  NI    VIRT    RES    SHR S  %CPU %MEM     TIME+ COMMAND
 1472 ubuntu    20   0 16.882g 289540  14628 S   6.6  1.9   2:53.10 java
Fri Jun 13 08:14:36 UTC 2014
  PID USER      PR  NI    VIRT    RES    SHR S  %CPU %MEM     TIME+ COMMAND
 1472 ubuntu    20   0 16.882g 289540  14628 S   0.0  1.9   2:53.10 java
Fri Jun 13 08:14:38 UTC 2014
  PID USER      PR  NI    VIRT    RES    SHR S  %CPU %MEM     TIME+ COMMAND
 1472 ubuntu    20   0 16.882g 289540  14628 S   0.0  1.9   2:53.10 java
Fri Jun 13 08:14:39 UTC 2014
  PID USER      PR  NI    VIRT    RES    SHR S  %CPU %MEM     TIME+ COMMAND
 1472 ubuntu    20   0 16.882g 289540  14628 S   0.0  1.9   2:53.10 java
Fri Jun 13 08:14:40 UTC 2014
  PID USER      PR  NI    VIRT    RES    SHR S  %CPU %MEM     TIME+ COMMAND
 1472 ubuntu    20   0 16.882g 289540  14628 S   0.0  1.9   2:53.12 java
Fri Jun 13 08:14:41 UTC 2014
  PID USER      PR  NI    VIRT    RES    SHR S  %CPU %MEM     TIME+ COMMAND
 1472 ubuntu    20   0 16.882g 289540  14628 S   0.0  1.9   2:53.12 java
Fri Jun 13 08:14:42 UTC 2014
  PID USER      PR  NI    VIRT    RES    SHR S  %CPU %MEM     TIME+ COMMAND
 1472 ubuntu    20   0 16.882g 289540  14628 S   0.0  1.9   2:53.12 java
Fri Jun 13 08:14:43 UTC 2014
  PID USER      PR  NI    VIRT    RES    SHR S  %CPU %MEM     TIME+ COMMAND
 1472 ubuntu    20   0 16.882g 289540  14628 S   0.0  1.9   2:53.14 java
Fri Jun 13 08:14:45 UTC 2014
  PID USER      PR  NI    VIRT    RES    SHR S  %CPU %MEM     TIME+ COMMAND
 1472 ubuntu    20   0 16.882g 289540  14628 S   0.0  1.9   2:53.14 java
Fri Jun 13 08:14:46 UTC 2014
  PID USER      PR  NI    VIRT    RES    SHR S  %CPU %MEM     TIME+ COMMAND
 1472 ubuntu    20   0 16.882g 289540  14628 S   0.0  1.9   2:53.14 java
Fri Jun 13 08:14:47 UTC 2014
  PID USER      PR  NI    VIRT    RES    SHR S  %CPU %MEM     TIME+ COMMAND
 1472 ubuntu    20   0 16.882g 289540  14628 S   0.0  1.9   2:53.16 java
Fri Jun 13 08:14:48 UTC 2014
  PID USER      PR  NI    VIRT    RES    SHR S  %CPU %MEM     TIME+ COMMAND
 1472 ubuntu    20   0 16.882g 289540  14628 S   0.0  1.9   2:53.16 java
Fri Jun 13 08:14:49 UTC 2014
  PID USER      PR  NI    VIRT    RES    SHR S  %CPU %MEM     TIME+ COMMAND
 1472 ubuntu    20   0 16.882g 289540  14628 S   0.0  1.9   2:53.16 java
Fri Jun 13 08:14:50 UTC 2014
  PID USER      PR  NI    VIRT    RES    SHR S  %CPU %MEM     TIME+ COMMAND
 1472 ubuntu    20   0 16.882g 289540  14628 S   0.0  1.9   2:53.17 java
Fri Jun 13 08:14:52 UTC 2014
  PID USER      PR  NI    VIRT    RES    SHR S  %CPU %MEM     TIME+ COMMAND
 1472 ubuntu    20   0 16.882g 289540  14628 S   0.0  1.9   2:53.17 java
Fri Jun 13 08:14:53 UTC 2014
  PID USER      PR  NI    VIRT    RES    SHR S  %CPU %MEM     TIME+ COMMAND
 1472 ubuntu    20   0 16.882g 289540  14628 S   6.6  1.9   2:53.18 java
Fri Jun 13 08:14:54 UTC 2014
  PID USER      PR  NI    VIRT    RES    SHR S  %CPU %MEM     TIME+ COMMAND
 1472 ubuntu    20   0 16.882g 289540  14628 S   0.0  1.9   2:53.19 java
Fri Jun 13 08:14:55 UTC 2014
  PID USER      PR  NI    VIRT    RES    SHR S  %CPU %MEM     TIME+ COMMAND
 1472 ubuntu    20   0 16.882g 289540  14628 S   0.0  1.9   2:53.20 java
Fri Jun 13 08:14:56 UTC 2014
  PID USER      PR  NI    VIRT    RES    SHR S  %CPU %MEM     TIME+ COMMAND
 1472 ubuntu    20   0 16.882g 289540  14628 S   0.0  1.9   2:53.20 java
Fri Jun 13 08:14:57 UTC 2014
  PID USER      PR  NI    VIRT    RES    SHR S  %CPU %MEM     TIME+ COMMAND
 1472 ubuntu    20   0 16.882g 289540  14628 S   0.0  1.9   2:53.21 java
Fri Jun 13 08:14:59 UTC 2014
  PID USER      PR  NI    VIRT    RES    SHR S  %CPU %MEM     TIME+ COMMAND
 1472 ubuntu    20   0 16.882g 289540  14628 S   0.0  1.9   2:53.21 java
Fri Jun 13 08:15:00 UTC 2014
  PID USER      PR  NI    VIRT    RES    SHR S  %CPU %MEM     TIME+ COMMAND
 1472 ubuntu    20   0 16.882g 289540  14628 S   0.0  1.9   2:53.22 java
Fri Jun 13 08:15:01 UTC 2014
  PID USER      PR  NI    VIRT    RES    SHR S  %CPU %MEM     TIME+ COMMAND
 1472 ubuntu    20   0 16.882g 289540  14628 S   0.0  1.9   2:53.23 java
Fri Jun 13 08:15:02 UTC 2014
  PID USER      PR  NI    VIRT    RES    SHR S  %CPU %MEM     TIME+ COMMAND
 1472 ubuntu    20   0 16.882g 289540  14628 S   0.0  1.9   2:53.23 java
Fri Jun 13 08:15:03 UTC 2014
  PID USER      PR  NI    VIRT    RES    SHR S  %CPU %MEM     TIME+ COMMAND
 1472 ubuntu    20   0 16.882g 289540  14628 S   6.6  1.9   2:53.24 java
Fri Jun 13 08:15:05 UTC 2014
  PID USER      PR  NI    VIRT    RES    SHR S  %CPU %MEM     TIME+ COMMAND
 1472 ubuntu    20   0 16.882g 289540  14628 S   0.0  1.9   2:53.24 java
Fri Jun 13 08:15:06 UTC 2014
  PID USER      PR  NI    VIRT    RES    SHR S  %CPU %MEM     TIME+ COMMAND
 1472 ubuntu    20   0 16.882g 289540  14628 S   0.0  1.9   2:53.25 java
Fri Jun 13 08:15:07 UTC 2014
  PID USER      PR  NI    VIRT    RES    SHR S  %CPU %MEM     TIME+ COMMAND
 1472 ubuntu    20   0 16.882g 289540  14628 S   0.0  1.9   2:53.26 java
Fri Jun 13 08:15:08 UTC 2014
  PID USER      PR  NI    VIRT    RES    SHR S  %CPU %MEM     TIME+ COMMAND
 1472 ubuntu    20   0 16.882g 289540  14628 S   0.0  1.9   2:53.27 java
Fri Jun 13 08:15:09 UTC 2014
  PID USER      PR  NI    VIRT    RES    SHR S  %CPU %MEM     TIME+ COMMAND
 1472 ubuntu    20   0 16.882g 289540  14628 S   0.0  1.9   2:53.27 java
Fri Jun 13 08:15:10 UTC 2014
  PID USER      PR  NI    VIRT    RES    SHR S  %CPU %MEM     TIME+ COMMAND
 1472 ubuntu    20   0 16.882g 289540  14628 S   0.0  1.9   2:53.27 java
Fri Jun 13 08:15:12 UTC 2014
  PID USER      PR  NI    VIRT    RES    SHR S  %CPU %MEM     TIME+ COMMAND
 1472 ubuntu    20   0 16.882g 289540  14628 S   0.0  1.9   2:53.28 java
Fri Jun 13 08:15:13 UTC 2014
  PID USER      PR  NI    VIRT    RES    SHR S  %CPU %MEM     TIME+ COMMAND
 1472 ubuntu    20   0 16.882g 289540  14628 S   0.0  1.9   2:53.28 java
Fri Jun 13 08:15:14 UTC 2014
  PID USER      PR  NI    VIRT    RES    SHR S  %CPU %MEM     TIME+ COMMAND
 1472 ubuntu    20   0 16.882g 289540  14628 S   0.0  1.9   2:53.30 java
Fri Jun 13 08:15:15 UTC 2014
  PID USER      PR  NI    VIRT    RES    SHR S  %CPU %MEM     TIME+ COMMAND
 1472 ubuntu    20   0 16.882g 289540  14628 S   0.0  1.9   2:53.30 java
Fri Jun 13 08:15:16 UTC 2014
  PID USER      PR  NI    VIRT    RES    SHR S  %CPU %MEM     TIME+ COMMAND
 1472 ubuntu    20   0 16.882g 289540  14628 S   0.0  1.9   2:53.31 java
Fri Jun 13 08:15:17 UTC 2014
  PID USER      PR  NI    VIRT    RES    SHR S  %CPU %MEM     TIME+ COMMAND
 1472 ubuntu    20   0 16.882g 289540  14628 S   0.0  1.9   2:53.31 java
Fri Jun 13 08:15:19 UTC 2014
  PID USER      PR  NI    VIRT    RES    SHR S  %CPU %MEM     TIME+ COMMAND
 1472 ubuntu    20   0 16.882g 289540  14628 S   0.0  1.9   2:53.31 java
Fri Jun 13 08:15:20 UTC 2014
  PID USER      PR  NI    VIRT    RES    SHR S  %CPU %MEM     TIME+ COMMAND
 1472 ubuntu    20   0 16.882g 289540  14628 S   6.6  1.9   2:53.33 java
Fri Jun 13 08:15:21 UTC 2014
  PID USER      PR  NI    VIRT    RES    SHR S  %CPU %MEM     TIME+ COMMAND
 1472 ubuntu    20   0 16.882g 289540  14628 S   0.0  1.9   2:53.33 java
Fri Jun 13 08:15:22 UTC 2014
  PID USER      PR  NI    VIRT    RES    SHR S  %CPU %MEM     TIME+ COMMAND
 1472 ubuntu    20   0 16.882g 289540  14628 S   0.0  1.9   2:53.34 java
Fri Jun 13 08:15:23 UTC 2014
  PID USER      PR  NI    VIRT    RES    SHR S  %CPU %MEM     TIME+ COMMAND
 1472 ubuntu    20   0 16.882g 289540  14628 S   0.0  1.9   2:53.34 java
Fri Jun 13 08:15:24 UTC 2014
  PID USER      PR  NI    VIRT    RES    SHR S  %CPU %MEM     TIME+ COMMAND
 1472 ubuntu    20   0 16.882g 289540  14628 S   0.0  1.9   2:53.35 java
Fri Jun 13 08:15:26 UTC 2014
  PID USER      PR  NI    VIRT    RES    SHR S  %CPU %MEM     TIME+ COMMAND
 1472 ubuntu    20   0 16.882g 289540  14628 S   0.0  1.9   2:53.35 java
Fri Jun 13 08:15:27 UTC 2014
  PID USER      PR  NI    VIRT    RES    SHR S  %CPU %MEM     TIME+ COMMAND
 1472 ubuntu    20   0 16.882g 289540  14628 S   0.0  1.9   2:53.37 java
Fri Jun 13 08:15:28 UTC 2014
  PID USER      PR  NI    VIRT    RES    SHR S  %CPU %MEM     TIME+ COMMAND
 1472 ubuntu    20   0 16.882g 289540  14628 S   0.0  1.9   2:53.37 java
Fri Jun 13 08:15:29 UTC 2014
  PID USER      PR  NI    VIRT    RES    SHR S  %CPU %MEM     TIME+ COMMAND
 1472 ubuntu    20   0 16.882g 289540  14628 S   0.0  1.9   2:53.38 java
Fri Jun 13 08:15:30 UTC 2014
  PID USER      PR  NI    VIRT    RES    SHR S  %CPU %MEM     TIME+ COMMAND
 1472 ubuntu    20   0 16.882g 289540  14628 S   0.0  1.9   2:53.38 java
Fri Jun 13 08:15:31 UTC 2014
  PID USER      PR  NI    VIRT    RES    SHR S  %CPU %MEM     TIME+ COMMAND
 1472 ubuntu    20   0 16.882g 289540  14628 S   0.0  1.9   2:53.39 java
Fri Jun 13 08:15:33 UTC 2014
  PID USER      PR  NI    VIRT    RES    SHR S  %CPU %MEM     TIME+ COMMAND
 1472 ubuntu    20   0 16.882g 289540  14628 S   0.0  1.9   2:53.40 java
Fri Jun 13 08:15:34 UTC 2014
  PID USER      PR  NI    VIRT    RES    SHR S  %CPU %MEM     TIME+ COMMAND
 1472 ubuntu    20   0 16.882g 289540  14628 S   0.0  1.9   2:53.41 java
Fri Jun 13 08:15:35 UTC 2014
  PID USER      PR  NI    VIRT    RES    SHR S  %CPU %MEM     TIME+ COMMAND
 1472 ubuntu    20   0 16.882g 289540  14628 S   6.6  1.9   2:53.42 java
Fri Jun 13 08:15:36 UTC 2014
  PID USER      PR  NI    VIRT    RES    SHR S  %CPU %MEM     TIME+ COMMAND
 1472 ubuntu    20   0 16.882g 289540  14628 S   0.0  1.9   2:53.42 java
Fri Jun 13 08:15:37 UTC 2014
  PID USER      PR  NI    VIRT    RES    SHR S  %CPU %MEM     TIME+ COMMAND
 1472 ubuntu    20   0 16.882g 289540  14628 S   0.0  1.9   2:53.42 java
Fri Jun 13 08:15:38 UTC 2014
  PID USER      PR  NI    VIRT    RES    SHR S  %CPU %MEM     TIME+ COMMAND
 1472 ubuntu    20   0 16.882g 289540  14628 S   0.0  1.9   2:53.43 java
Fri Jun 13 08:15:40 UTC 2014
  PID USER      PR  NI    VIRT    RES    SHR S  %CPU %MEM     TIME+ COMMAND
 1472 ubuntu    20   0 16.882g 289540  14628 S   0.0  1.9   2:53.44 java
Fri Jun 13 08:15:41 UTC 2014
  PID USER      PR  NI    VIRT    RES    SHR S  %CPU %MEM     TIME+ COMMAND
 1472 ubuntu    20   0 16.882g 289540  14628 S   0.0  1.9   2:53.44 java
Fri Jun 13 08:15:42 UTC 2014
  PID USER      PR  NI    VIRT    RES    SHR S  %CPU %MEM     TIME+ COMMAND
 1472 ubuntu    20   0 16.882g 289540  14628 S   0.0  1.9   2:53.45 java
Fri Jun 13 08:15:43 UTC 2014
  PID USER      PR  NI    VIRT    RES    SHR S  %CPU %MEM     TIME+ COMMAND
 1472 ubuntu    20   0 16.882g 289540  14628 S   0.0  1.9   2:53.45 java
Fri Jun 13 08:15:44 UTC 2014
  PID USER      PR  NI    VIRT    RES    SHR S  %CPU %MEM     TIME+ COMMAND
 1472 ubuntu    20   0 16.882g 289540  14628 S   0.0  1.9   2:53.46 java
Fri Jun 13 08:15:45 UTC 2014
  PID USER      PR  NI    VIRT    RES    SHR S  %CPU %MEM     TIME+ COMMAND
 1472 ubuntu    20   0 16.882g 289540  14628 S   0.0  1.9   2:53.47 java
Fri Jun 13 08:15:47 UTC 2014
  PID USER      PR  NI    VIRT    RES    SHR S  %CPU %MEM     TIME+ COMMAND
 1472 ubuntu    20   0 16.882g 289540  14628 S   0.0  1.9   2:53.48 java
Fri Jun 13 08:15:48 UTC 2014
  PID USER      PR  NI    VIRT    RES    SHR S  %CPU %MEM     TIME+ COMMAND
 1472 ubuntu    20   0 16.882g 289540  14628 S   0.0  1.9   2:53.48 java
Fri Jun 13 08:15:49 UTC 2014
  PID USER      PR  NI    VIRT    RES    SHR S  %CPU %MEM     TIME+ COMMAND
 1472 ubuntu    20   0 16.882g 289540  14628 S   0.0  1.9   2:53.48 java
Fri Jun 13 08:15:50 UTC 2014
  PID USER      PR  NI    VIRT    RES    SHR S  %CPU %MEM     TIME+ COMMAND
 1472 ubuntu    20   0 16.882g 289540  14628 S   0.0  1.9   2:53.49 java
Fri Jun 13 08:15:51 UTC 2014
  PID USER      PR  NI    VIRT    RES    SHR S  %CPU %MEM     TIME+ COMMAND
 1472 ubuntu    20   0 16.882g 289540  14628 S   0.0  1.9   2:53.49 java
Fri Jun 13 08:15:53 UTC 2014
  PID USER      PR  NI    VIRT    RES    SHR S  %CPU %MEM     TIME+ COMMAND
 1472 ubuntu    20   0 16.882g 289540  14628 S   0.0  1.9   2:53.49 java
