Jun 13, 2014 6:25:32 AM org.jivesoftware.smack.provider.UrlProviderFileInitializer initialize
INFO: Loading providers for file [classpath:META-INF/core.providers]
Jun 13, 2014 6:25:32 AM org.jivesoftware.smack.provider.UrlProviderFileInitializer initialize
INFO: Loading providers for file [classpath:META-INF/extension.providers]
error while connecting to the server: SASL authentication DIGEST-MD5 failed: not-authorized: 
error while connecting to the server: SASL authentication DIGEST-MD5 failed: not-authorized: 
error while connecting to the server: SASL authentication DIGEST-MD5 failed: not-authorized: 
error while connecting to the server: SASL authentication DIGEST-MD5 failed: not-authorized: 
error while connecting to the server: SASL authentication DIGEST-MD5 failed: not-authorized: 
error while connecting to the server: SASL authentication DIGEST-MD5 failed: not-authorized: 
error while connecting to the server: SASL authentication DIGEST-MD5 failed: not-authorized: 
error while connecting to the server: SASL authentication DIGEST-MD5 failed: not-authorized: 
error while connecting to the server: SASL authentication DIGEST-MD5 failed: not-authorized: 
error while connecting to the server: SASL authentication DIGEST-MD5 failed: not-authorized: 
error while connecting to the server: SASL authentication DIGEST-MD5 failed: not-authorized: 
error while connecting to the server: SASL authentication DIGEST-MD5 failed: not-authorized: 
error while connecting to the server: SASL authentication DIGEST-MD5 failed: not-authorized: 
error while connecting to the server: SASL authentication DIGEST-MD5 failed: not-authorized: 
error while connecting to the server: SASL authentication DIGEST-MD5 failed: not-authorized: 
error while connecting to the server: SASL authentication DIGEST-MD5 failed: not-authorized: 
error while connecting to the server: SASL authentication DIGEST-MD5 failed: not-authorized: 
error while connecting to the server: SASL authentication DIGEST-MD5 failed: not-authorized: 
error while connecting to the server: SASL authentication DIGEST-MD5 failed: not-authorized: 
error while connecting to the server: SASL authentication DIGEST-MD5 failed: not-authorized: 
error while connecting to the server: SASL authentication DIGEST-MD5 failed: not-authorized: 
error while connecting to the server: SASL authentication DIGEST-MD5 failed: not-authorized: 
error while connecting to the server: SASL authentication DIGEST-MD5 failed: not-authorized: 
error while connecting to the server: SASL authentication DIGEST-MD5 failed: not-authorized: 
error while connecting to the server: SASL authentication DIGEST-MD5 failed: not-authorized: 
error while connecting to the server: SASL authentication DIGEST-MD5 failed: not-authorized: 
error while connecting to the server: SASL authentication DIGEST-MD5 failed: not-authorized: 
error while connecting to the server: SASL authentication DIGEST-MD5 failed: not-authorized: 
error while connecting to the server: SASL authentication DIGEST-MD5 failed: not-authorized: 
error while connecting to the server: SASL authentication DIGEST-MD5 failed: not-authorized: 
error while connecting to the server: SASL authentication DIGEST-MD5 failed: not-authorized: 
error while connecting to the server: SASL authentication DIGEST-MD5 failed: not-authorized: 
error while connecting to the server: SASL authentication DIGEST-MD5 failed: not-authorized: 
error while connecting to the server: SASL authentication DIGEST-MD5 failed: not-authorized: 
error while connecting to the server: SASL authentication DIGEST-MD5 failed: not-authorized: 
error while connecting to the server: SASL authentication DIGEST-MD5 failed: not-authorized: 
error while connecting to the server: SASL authentication DIGEST-MD5 failed: not-authorized: 
error while connecting to the server: SASL authentication DIGEST-MD5 failed: not-authorized: 
error while connecting to the server: SASL authentication DIGEST-MD5 failed: not-authorized: 
error while connecting to the server: SASL authentication DIGEST-MD5 failed: not-authorized: 
error while connecting to the server: SASL authentication DIGEST-MD5 failed: not-authorized: 
error while connecting to the server: SASL authentication DIGEST-MD5 failed: not-authorized: 
error while connecting to the server: SASL authentication DIGEST-MD5 failed: not-authorized: 
error while connecting to the server: SASL authentication DIGEST-MD5 failed: not-authorized: 
error while connecting to the server: SASL authentication DIGEST-MD5 failed: not-authorized: 
error while connecting to the server: SASL authentication DIGEST-MD5 failed: not-authorized: 
error while connecting to the server: SASL authentication DIGEST-MD5 failed: not-authorized: 
error while connecting to the server: SASL authentication DIGEST-MD5 failed: not-authorized: 
error while connecting to the server: SASL authentication DIGEST-MD5 failed: not-authorized: 
error while connecting to the server: SASL authentication DIGEST-MD5 failed: not-authorized: 
error while connecting to the server: SASL authentication DIGEST-MD5 failed: not-authorized: 
error while connecting to the server: SASL authentication DIGEST-MD5 failed: not-authorized: 
error while connecting to the server: SASL authentication DIGEST-MD5 failed: not-authorized: 
error while connecting to the server: SASL authentication DIGEST-MD5 failed: not-authorized: 
error while connecting to the server: SASL authentication DIGEST-MD5 failed: not-authorized: 
error while connecting to the server: SASL authentication DIGEST-MD5 failed: not-authorized: 
error while connecting to the server: SASL authentication DIGEST-MD5 failed: not-authorized: 
error while connecting to the server: SASL authentication DIGEST-MD5 failed: not-authorized: 
error while connecting to the server: SASL authentication DIGEST-MD5 failed: not-authorized: 
error while connecting to the server: SASL authentication DIGEST-MD5 failed: not-authorized: 
error while connecting to the server: SASL authentication DIGEST-MD5 failed: not-authorized: 
error while connecting to the server: SASL authentication DIGEST-MD5 failed: not-authorized: 
error while connecting to the server: SASL authentication DIGEST-MD5 failed: not-authorized: 
error while connecting to the server: SASL authentication DIGEST-MD5 failed: not-authorized: 
error while connecting to the server: SASL authentication DIGEST-MD5 failed: not-authorized: 
error while connecting to the server: SASL authentication DIGEST-MD5 failed: not-authorized: 
error while connecting to the server: SASL authentication DIGEST-MD5 failed: not-authorized: 
error while connecting to the server: SASL authentication DIGEST-MD5 failed: not-authorized: 
error while connecting to the server: SASL authentication DIGEST-MD5 failed: not-authorized: 
error while connecting to the server: SASL authentication DIGEST-MD5 failed: not-authorized: 
error while connecting to the server: SASL authentication DIGEST-MD5 failed: not-authorized: 
error while connecting to the server: SASL authentication DIGEST-MD5 failed: not-authorized: 
error while connecting to the server: SASL authentication DIGEST-MD5 failed: not-authorized: 
error while connecting to the server: SASL authentication DIGEST-MD5 failed: not-authorized: 
error while connecting to the server: SASL authentication DIGEST-MD5 failed: not-authorized: 
error while connecting to the server: SASL authentication DIGEST-MD5 failed: not-authorized: 
error while connecting to the server: SASL authentication DIGEST-MD5 failed: not-authorized: 
error while connecting to the server: SASL authentication DIGEST-MD5 failed: not-authorized: 
error while connecting to the server: SASL authentication DIGEST-MD5 failed: not-authorized: 
error while connecting to the server: SASL authentication DIGEST-MD5 failed: not-authorized: 
Jun 13, 2014 6:29:04 AM org.jivesoftware.smack.PacketWriter writePackets
WARNING: Error flushing queue during shutdown, ignore and continue
Jun 13, 2014 6:29:07 AM org.jivesoftware.smack.PacketWriter writePackets
WARNING: Error flushing queue during shutdown, ignore and continue
Jun 13, 2014 6:29:08 AM org.jivesoftware.smack.PacketWriter writePackets
WARNING: Error flushing queue during shutdown, ignore and continue
Jun 13, 2014 6:29:08 AM org.jivesoftware.smack.PacketWriter writePackets
WARNING: Error flushing queue during shutdown, ignore and continue
Jun 13, 2014 6:29:09 AM org.jivesoftware.smack.PacketWriter writePackets
WARNING: Error flushing queue during shutdown, ignore and continue
Jun 13, 2014 6:29:12 AM org.jivesoftware.smack.PacketWriter writePackets
WARNING: Error flushing queue during shutdown, ignore and continue
Jun 13, 2014 6:29:14 AM org.jivesoftware.smack.PacketWriter writePackets
WARNING: Error flushing queue during shutdown, ignore and continue
Jun 13, 2014 6:29:15 AM org.jivesoftware.smack.PacketWriter writePackets
WARNING: Error flushing queue during shutdown, ignore and continue
Jun 13, 2014 6:29:17 AM org.jivesoftware.smack.PacketWriter writePackets
WARNING: Error flushing queue during shutdown, ignore and continue
Jun 13, 2014 6:29:18 AM org.jivesoftware.smack.PacketWriter writePackets
WARNING: Error flushing queue during shutdown, ignore and continue
Jun 13, 2014 6:29:18 AM org.jivesoftware.smack.PacketWriter writePackets
WARNING: Error flushing queue during shutdown, ignore and continue
Jun 13, 2014 6:29:18 AM org.jivesoftware.smack.PacketWriter writePackets
WARNING: Error flushing queue during shutdown, ignore and continue
Jun 13, 2014 6:29:18 AM org.jivesoftware.smack.PacketWriter writePackets
WARNING: Error flushing queue during shutdown, ignore and continue
Jun 13, 2014 6:29:20 AM org.jivesoftware.smack.PacketWriter writePackets
WARNING: Error flushing queue during shutdown, ignore and continue
Jun 13, 2014 6:29:21 AM org.jivesoftware.smack.PacketWriter writePackets
WARNING: Error flushing queue during shutdown, ignore and continue
Jun 13, 2014 6:29:23 AM org.jivesoftware.smack.PacketWriter writePackets
WARNING: Error flushing queue during shutdown, ignore and continue
Jun 13, 2014 6:29:26 AM org.jivesoftware.smack.PacketWriter writePackets
WARNING: Error flushing queue during shutdown, ignore and continue
Jun 13, 2014 6:29:26 AM org.jivesoftware.smack.PacketWriter writePackets
WARNING: Error flushing queue during shutdown, ignore and continue
Jun 13, 2014 6:29:26 AM org.jivesoftware.smack.PacketWriter writePackets
WARNING: Error flushing queue during shutdown, ignore and continue
Jun 13, 2014 6:29:26 AM org.jivesoftware.smack.PacketWriter writePackets
WARNING: Error flushing queue during shutdown, ignore and continue
Jun 13, 2014 6:29:26 AM org.jivesoftware.smack.PacketWriter writePackets
WARNING: Error flushing queue during shutdown, ignore and continue
Jun 13, 2014 6:29:26 AM org.jivesoftware.smack.PacketWriter writePackets
WARNING: Error flushing queue during shutdown, ignore and continue
Jun 13, 2014 6:29:26 AM org.jivesoftware.smack.PacketWriter writePackets
WARNING: Error flushing queue during shutdown, ignore and continue
Jun 13, 2014 6:29:27 AM org.jivesoftware.smack.PacketWriter writePackets
WARNING: Error flushing queue during shutdown, ignore and continue
Jun 13, 2014 6:29:28 AM org.jivesoftware.smack.PacketWriter writePackets
WARNING: Error flushing queue during shutdown, ignore and continue
Jun 13, 2014 6:29:28 AM org.jivesoftware.smack.PacketWriter writePackets
WARNING: Error flushing queue during shutdown, ignore and continue
Jun 13, 2014 6:29:28 AM org.jivesoftware.smack.PacketWriter writePackets
WARNING: Error flushing queue during shutdown, ignore and continue
Jun 13, 2014 6:29:29 AM org.jivesoftware.smack.PacketWriter writePackets
WARNING: Error flushing queue during shutdown, ignore and continue
Jun 13, 2014 6:29:29 AM org.jivesoftware.smack.PacketWriter writePackets
WARNING: Error flushing queue during shutdown, ignore and continue
Jun 13, 2014 6:29:29 AM org.jivesoftware.smack.PacketWriter writePackets
WARNING: Error flushing queue during shutdown, ignore and continue
Jun 13, 2014 6:29:29 AM org.jivesoftware.smack.PacketWriter writePackets
WARNING: Error flushing queue during shutdown, ignore and continue
Jun 13, 2014 6:29:29 AM org.jivesoftware.smack.PacketWriter writePackets
WARNING: Error flushing queue during shutdown, ignore and continue
Jun 13, 2014 6:29:29 AM org.jivesoftware.smack.PacketWriter writePackets
WARNING: Error flushing queue during shutdown, ignore and continue
Jun 13, 2014 6:29:30 AM org.jivesoftware.smack.PacketWriter writePackets
WARNING: Error flushing queue during shutdown, ignore and continue
Jun 13, 2014 6:29:31 AM org.jivesoftware.smack.PacketWriter writePackets
WARNING: Error flushing queue during shutdown, ignore and continue
Jun 13, 2014 6:29:33 AM org.jivesoftware.smack.PacketWriter writePackets
WARNING: Error flushing queue during shutdown, ignore and continue
Jun 13, 2014 6:29:33 AM org.jivesoftware.smack.PacketWriter writePackets
WARNING: Error flushing queue during shutdown, ignore and continue
Jun 13, 2014 6:29:33 AM org.jivesoftware.smack.PacketWriter writePackets
WARNING: Error flushing queue during shutdown, ignore and continue
Jun 13, 2014 6:29:33 AM org.jivesoftware.smack.PacketWriter writePackets
WARNING: Error flushing queue during shutdown, ignore and continue
Jun 13, 2014 6:29:33 AM org.jivesoftware.smack.PacketWriter writePackets
WARNING: Error flushing queue during shutdown, ignore and continue
Jun 13, 2014 6:29:33 AM org.jivesoftware.smack.PacketWriter writePackets
WARNING: Error flushing queue during shutdown, ignore and continue
Jun 13, 2014 6:29:33 AM org.jivesoftware.smack.PacketWriter writePackets
WARNING: Error flushing queue during shutdown, ignore and continue
Jun 13, 2014 6:29:33 AM org.jivesoftware.smack.PacketWriter writePackets
WARNING: Error flushing queue during shutdown, ignore and continue
Jun 13, 2014 6:29:33 AM org.jivesoftware.smack.PacketWriter writePackets
WARNING: Error flushing queue during shutdown, ignore and continue
Jun 13, 2014 6:29:33 AM org.jivesoftware.smack.PacketWriter writePackets
WARNING: Error flushing queue during shutdown, ignore and continue
Jun 13, 2014 6:29:33 AM org.jivesoftware.smack.PacketWriter writePackets
WARNING: Error flushing queue during shutdown, ignore and continue
Jun 13, 2014 6:29:34 AM org.jivesoftware.smack.PacketWriter writePackets
WARNING: Error flushing queue during shutdown, ignore and continue
Jun 13, 2014 6:29:34 AM org.jivesoftware.smack.PacketWriter writePackets
WARNING: Error flushing queue during shutdown, ignore and continue
Jun 13, 2014 6:29:34 AM org.jivesoftware.smack.PacketWriter writePackets
WARNING: Error flushing queue during shutdown, ignore and continue
Jun 13, 2014 6:29:34 AM org.jivesoftware.smack.PacketWriter writePackets
WARNING: Error flushing queue during shutdown, ignore and continue
Jun 13, 2014 6:29:34 AM org.jivesoftware.smack.PacketWriter writePackets
WARNING: Error flushing queue during shutdown, ignore and continue
Jun 13, 2014 6:29:34 AM org.jivesoftware.smack.PacketWriter writePackets
WARNING: Error flushing queue during shutdown, ignore and continue
Jun 13, 2014 6:29:34 AM org.jivesoftware.smack.PacketWriter writePackets
WARNING: Error flushing queue during shutdown, ignore and continue
Jun 13, 2014 6:29:34 AM org.jivesoftware.smack.PacketWriter writePackets
WARNING: Error flushing queue during shutdown, ignore and continue
Jun 13, 2014 6:29:34 AM org.jivesoftware.smack.PacketWriter writePackets
WARNING: Error flushing queue during shutdown, ignore and continue
Jun 13, 2014 6:29:34 AM org.jivesoftware.smack.PacketWriter writePackets
WARNING: Error flushing queue during shutdown, ignore and continue
Jun 13, 2014 6:29:34 AM org.jivesoftware.smack.PacketWriter writePackets
WARNING: Error flushing queue during shutdown, ignore and continue
Jun 13, 2014 6:29:34 AM org.jivesoftware.smack.PacketWriter writePackets
WARNING: Error flushing queue during shutdown, ignore and continue
Jun 13, 2014 6:29:34 AM org.jivesoftware.smack.PacketWriter writePackets
WARNING: Error flushing queue during shutdown, ignore and continue
