input file is set to /home/ubuntu/whatsup/simulator/ec2-15.input
[2014-06-11 0:28:51:970]	1151 has sent 9% of his messages!
[2014-06-11 0:28:51:984]	1156 has sent 9% of his messages!
[2014-06-11 0:28:52:52]	1139 has sent 9% of his messages!
[2014-06-11 0:28:52:670]	1132 has sent 9% of his messages!
[2014-06-11 0:28:52:706]	1165 has sent 9% of his messages!
[2014-06-11 0:28:52:757]	1179 has sent 9% of his messages!
[2014-06-11 0:28:52:796]	1127 has sent 9% of his messages!
[2014-06-11 0:28:52:798]	1137 has sent 9% of his messages!
[2014-06-11 0:28:52:805]	1140 has sent 9% of his messages!
[2014-06-11 0:28:52:806]	1150 has sent 9% of his messages!
[2014-06-11 0:28:52:818]	1155 has sent 9% of his messages!
[2014-06-11 0:28:52:820]	1157 has sent 9% of his messages!
[2014-06-11 0:28:52:820]	1145 has sent 9% of his messages!
[2014-06-11 0:28:52:821]	1188 has sent 9% of his messages!
[2014-06-11 0:28:52:825]	1133 has sent 9% of his messages!
[2014-06-11 0:28:52:826]	1152 has sent 9% of his messages!
[2014-06-11 0:28:52:828]	1192 has sent 9% of his messages!
[2014-06-11 0:28:52:828]	1162 has sent 9% of his messages!
[2014-06-11 0:28:52:828]	1135 has sent 9% of his messages!
[2014-06-11 0:28:52:843]	1181 has sent 9% of his messages!
[2014-06-11 0:28:52:844]	1154 has sent 9% of his messages!
[2014-06-11 0:28:52:845]	1136 has sent 9% of his messages!
[2014-06-11 0:28:52:845]	1143 has sent 9% of his messages!
[2014-06-11 0:28:52:849]	1170 has sent 9% of his messages!
[2014-06-11 0:28:52:851]	1175 has sent 9% of his messages!
[2014-06-11 0:28:52:853]	1173 has sent 9% of his messages!
[2014-06-11 0:28:52:867]	1129 has sent 9% of his messages!
[2014-06-11 0:28:52:867]	1121 has sent 9% of his messages!
[2014-06-11 0:28:52:867]	1182 has sent 9% of his messages!
[2014-06-11 0:28:52:868]	1166 has sent 9% of his messages!
[2014-06-11 0:28:52:869]	1149 has sent 9% of his messages!
[2014-06-11 0:28:52:872]	1134 has sent 9% of his messages!
[2014-06-11 0:28:52:873]	1176 has sent 9% of his messages!
[2014-06-11 0:28:52:874]	1186 has sent 9% of his messages!
[2014-06-11 0:28:52:875]	1153 has sent 9% of his messages!
[2014-06-11 0:28:52:877]	1171 has sent 9% of his messages!
[2014-06-11 0:28:52:877]	1125 has sent 9% of his messages!
[2014-06-11 0:28:52:913]	1175 has sent 19% of his messages!
[2014-06-11 0:28:53:49]	1146 has sent 9% of his messages!
[2014-06-11 0:28:53:69]	1197 has sent 9% of his messages!
[2014-06-11 0:28:53:69]	1185 has sent 9% of his messages!
[2014-06-11 0:28:53:78]	1148 has sent 9% of his messages!
[2014-06-11 0:28:53:78]	1195 has sent 9% of his messages!
[2014-06-11 0:28:53:79]	1128 has sent 9% of his messages!
[2014-06-11 0:28:53:183]	1190 has sent 9% of his messages!
[2014-06-11 0:28:53:304]	1141 has sent 9% of his messages!
[2014-06-11 0:28:53:309]	1194 has sent 9% of his messages!
[2014-06-11 0:28:53:330]	1168 has sent 9% of his messages!
[2014-06-11 0:28:53:342]	1198 has sent 9% of his messages!
[2014-06-11 0:28:53:361]	1126 has sent 9% of his messages!
[2014-06-11 0:28:53:493]	1189 has sent 9% of his messages!
[2014-06-11 0:28:53:565]	1144 has sent 9% of his messages!
[2014-06-11 0:28:53:573]	1196 has sent 9% of his messages!
[2014-06-11 0:28:53:858]	1130 has sent 9% of his messages!
[2014-06-11 0:28:53:917]	1177 has sent 9% of his messages!
[2014-06-11 0:28:54:778]	1125 has sent 19% of his messages!
[2014-06-11 0:28:56:114]	1145 has sent 19% of his messages!
[2014-06-11 0:28:56:119]	1145 has sent 29% of his messages!
[2014-06-11 0:28:56:162]	1145 has sent 39% of his messages!
[2014-06-11 0:28:56:194]	1145 has sent 49% of his messages!
[2014-06-11 0:28:56:209]	1145 has sent 59% of his messages!
[2014-06-11 0:28:56:212]	1145 has sent 69% of his messages!
[2014-06-11 0:28:56:225]	1145 has sent 79% of his messages!
[2014-06-11 0:28:56:228]	1145 has sent 89% of his messages!
[2014-06-11 0:28:56:259]	1145 has sent 99% of his messages!
[2014-06-11 0:28:56:295]	1181 has sent 19% of his messages!
[2014-06-11 0:28:56:302]	1181 has sent 29% of his messages!
[2014-06-11 0:28:56:321]	1177 has sent 19% of his messages!
[2014-06-11 0:28:56:337]	1177 has sent 29% of his messages!
[2014-06-11 0:28:56:340]	1177 has sent 39% of his messages!
[2014-06-11 0:28:56:360]	1181 has sent 39% of his messages!
[2014-06-11 0:28:56:362]	1177 has sent 49% of his messages!
[2014-06-11 0:28:56:366]	1166 has sent 19% of his messages!
[2014-06-11 0:28:56:385]	1153 has sent 19% of his messages!
[2014-06-11 0:28:56:425]	1153 has sent 29% of his messages!
[2014-06-11 0:28:56:426]	1181 has sent 49% of his messages!
[2014-06-11 0:28:56:440]	1177 has sent 59% of his messages!
[2014-06-11 0:28:56:442]	1181 has sent 59% of his messages!
[2014-06-11 0:28:56:447]	1177 has sent 69% of his messages!
[2014-06-11 0:28:56:452]	1153 has sent 39% of his messages!
[2014-06-11 0:28:56:467]	1177 has sent 79% of his messages!
[2014-06-11 0:28:57:878]	1149 has sent 19% of his messages!
[2014-06-11 0:28:58:135]	1146 has sent 19% of his messages!
[2014-06-11 0:28:58:140]	1146 has sent 29% of his messages!
[2014-06-11 0:28:58:152]	1146 has sent 39% of his messages!
[2014-06-11 0:28:58:155]	1146 has sent 49% of his messages!
[2014-06-11 0:28:58:162]	1146 has sent 59% of his messages!
[2014-06-11 0:28:58:191]	1146 has sent 69% of his messages!
[2014-06-11 0:28:58:194]	1146 has sent 79% of his messages!
[2014-06-11 0:28:58:197]	1146 has sent 89% of his messages!
[2014-06-11 0:28:58:208]	1146 has sent 99% of his messages!
[2014-06-11 0:28:59:979]	1168 has sent 19% of his messages!
[2014-06-11 0:29:0:414]	1156 has sent 19% of his messages!
[2014-06-11 0:29:0:868]	1192 has sent 19% of his messages!
[2014-06-11 0:29:0:872]	1192 has sent 29% of his messages!
[2014-06-11 0:29:0:875]	1192 has sent 39% of his messages!
[2014-06-11 0:29:0:878]	1192 has sent 49% of his messages!
[2014-06-11 0:29:0:893]	1192 has sent 59% of his messages!
[2014-06-11 0:29:0:896]	1192 has sent 69% of his messages!
[2014-06-11 0:29:0:898]	1192 has sent 79% of his messages!
[2014-06-11 0:29:0:909]	1192 has sent 89% of his messages!
[2014-06-11 0:29:0:912]	1192 has sent 99% of his messages!
[2014-06-11 0:29:1:104]	1196 has sent 19% of his messages!
[2014-06-11 0:29:1:797]	1121 has sent 19% of his messages!
[2014-06-11 0:29:2:419]	1148 has sent 19% of his messages!
[2014-06-11 0:29:5:432]	1168 has sent 29% of his messages!
[2014-06-11 0:29:7:389]	1156 has sent 29% of his messages!
[2014-06-11 0:29:7:464]	1149 has sent 29% of his messages!
[2014-06-11 0:29:8:384]	1121 has sent 29% of his messages!
[2014-06-11 0:29:11:67]	1156 has sent 39% of his messages!
[2014-06-11 0:29:12:653]	1196 has sent 29% of his messages!
[2014-06-11 0:29:13:832]	1149 has sent 39% of his messages!
[2014-06-11 0:29:14:561]	1148 has sent 29% of his messages!
[2014-06-11 0:29:15:123]	1168 has sent 39% of his messages!
[2014-06-11 0:29:17:231]	1121 has sent 39% of his messages!
[2014-06-11 0:29:19:37]	1156 has sent 49% of his messages!
[2014-06-11 0:29:20:335]	1149 has sent 49% of his messages!
[2014-06-11 0:29:20:409]	1168 has sent 49% of his messages!
[2014-06-11 0:29:21:131]	1196 has sent 39% of his messages!
[2014-06-11 0:29:21:475]	1148 has sent 39% of his messages!
[2014-06-11 0:29:22:356]	1156 has sent 59% of his messages!
[2014-06-11 0:29:22:964]	1149 has sent 59% of his messages!
[2014-06-11 0:29:23:299]	1121 has sent 49% of his messages!
[2014-06-11 0:29:23:916]	1121 has sent 59% of his messages!
[2014-06-11 0:29:24:319]	1168 has sent 59% of his messages!
[2014-06-11 0:29:24:902]	1148 has sent 49% of his messages!
[2014-06-11 0:29:25:188]	1149 has sent 69% of his messages!
[2014-06-11 0:29:25:240]	1156 has sent 69% of his messages!
[2014-06-11 0:29:25:654]	1196 has sent 49% of his messages!
[2014-06-11 0:29:26:908]	1121 has sent 69% of his messages!
[2014-06-11 0:29:27:853]	1148 has sent 59% of his messages!
[2014-06-11 0:29:28:12]	1156 has sent 79% of his messages!
[2014-06-11 0:29:28:862]	1149 has sent 79% of his messages!
[2014-06-11 0:29:29:399]	1121 has sent 79% of his messages!
[2014-06-11 0:29:29:781]	1148 has sent 69% of his messages!
[2014-06-11 0:29:30:428]	1168 has sent 69% of his messages!
[2014-06-11 0:29:30:560]	1148 has sent 79% of his messages!
[2014-06-11 0:29:30:878]	1149 has sent 89% of his messages!
[2014-06-11 0:29:31:308]	1196 has sent 59% of his messages!
[2014-06-11 0:29:31:633]	1156 has sent 89% of his messages!
[2014-06-11 0:29:32:330]	1168 has sent 79% of his messages!
[2014-06-11 0:29:32:464]	1196 has sent 69% of his messages!
[2014-06-11 0:29:32:559]	1121 has sent 89% of his messages!
[2014-06-11 0:29:32:847]	1149 has sent 99% of his messages!
[2014-06-11 0:29:33:153]	1156 has sent 99% of his messages!
[2014-06-11 0:29:34:80]	1168 has sent 89% of his messages!
[2014-06-11 0:29:35:315]	1196 has sent 79% of his messages!
[2014-06-11 0:29:35:443]	1168 has sent 99% of his messages!
[2014-06-11 0:29:36:77]	1121 has sent 99% of his messages!
[2014-06-11 0:29:36:119]	1148 has sent 89% of his messages!
[2014-06-11 0:29:36:364]	1196 has sent 89% of his messages!
[2014-06-11 0:29:36:696]	1148 has sent 99% of his messages!
[2014-06-11 0:29:37:119]	1196 has sent 99% of his messages!
Total time: 532520ms
[2014-06-11 0:36:50:943]	Terminated successfully
[2014-06-11 0:36:50:943]	Failures: 310347 - Total: 400000
