input file is set to /home/ubuntu/whatsup/simulator/ec2-9.input
[2014-06-11 0:28:29:404]	646 has sent 9% of his messages!
[2014-06-11 0:28:29:411]	675 has sent 9% of his messages!
[2014-06-11 0:28:29:428]	711 has sent 9% of his messages!
[2014-06-11 0:28:29:506]	692 has sent 9% of his messages!
[2014-06-11 0:28:29:547]	661 has sent 9% of his messages!
[2014-06-11 0:28:29:563]	682 has sent 9% of his messages!
[2014-06-11 0:28:29:601]	716 has sent 9% of his messages!
[2014-06-11 0:28:29:777]	683 has sent 9% of his messages!
[2014-06-11 0:28:29:798]	708 has sent 9% of his messages!
[2014-06-11 0:28:29:854]	662 has sent 9% of his messages!
[2014-06-11 0:28:29:866]	701 has sent 9% of his messages!
[2014-06-11 0:28:29:951]	682 has sent 19% of his messages!
[2014-06-11 0:28:30:23]	712 has sent 9% of his messages!
[2014-06-11 0:28:30:65]	661 has sent 19% of his messages!
[2014-06-11 0:28:30:114]	654 has sent 9% of his messages!
[2014-06-11 0:28:30:241]	716 has sent 19% of his messages!
[2014-06-11 0:28:30:247]	711 has sent 19% of his messages!
[2014-06-11 0:28:30:260]	701 has sent 19% of his messages!
[2014-06-11 0:28:30:338]	662 has sent 19% of his messages!
[2014-06-11 0:28:30:355]	646 has sent 19% of his messages!
[2014-06-11 0:28:30:360]	675 has sent 19% of his messages!
[2014-06-11 0:28:30:374]	708 has sent 19% of his messages!
[2014-06-11 0:28:30:442]	712 has sent 19% of his messages!
[2014-06-11 0:28:30:485]	683 has sent 19% of his messages!
[2014-06-11 0:28:30:588]	692 has sent 19% of his messages!
[2014-06-11 0:28:30:590]	654 has sent 19% of his messages!
[2014-06-11 0:28:32:144]	682 has sent 29% of his messages!
[2014-06-11 0:28:32:460]	683 has sent 29% of his messages!
[2014-06-11 0:28:32:817]	661 has sent 29% of his messages!
[2014-06-11 0:28:32:917]	712 has sent 29% of his messages!
[2014-06-11 0:28:32:944]	662 has sent 29% of his messages!
[2014-06-11 0:28:33:205]	716 has sent 29% of his messages!
[2014-06-11 0:28:33:503]	711 has sent 29% of his messages!
[2014-06-11 0:28:33:527]	675 has sent 29% of his messages!
[2014-06-11 0:28:34:271]	654 has sent 29% of his messages!
[2014-06-11 0:28:34:702]	646 has sent 29% of his messages!
[2014-06-11 0:28:34:874]	712 has sent 39% of his messages!
[2014-06-11 0:28:35:717]	682 has sent 39% of his messages!
[2014-06-11 0:28:35:841]	701 has sent 29% of his messages!
[2014-06-11 0:28:36:252]	708 has sent 29% of his messages!
[2014-06-11 0:28:36:474]	716 has sent 39% of his messages!
[2014-06-11 0:28:36:647]	654 has sent 39% of his messages!
[2014-06-11 0:28:38:106]	646 has sent 39% of his messages!
[2014-06-11 0:28:38:186]	683 has sent 39% of his messages!
[2014-06-11 0:28:38:595]	662 has sent 39% of his messages!
[2014-06-11 0:28:38:619]	661 has sent 39% of his messages!
[2014-06-11 0:28:38:647]	701 has sent 39% of his messages!
[2014-06-11 0:28:38:999]	682 has sent 49% of his messages!
[2014-06-11 0:28:39:39]	711 has sent 39% of his messages!
[2014-06-11 0:28:39:89]	654 has sent 49% of his messages!
[2014-06-11 0:28:39:431]	712 has sent 49% of his messages!
[2014-06-11 0:28:39:693]	716 has sent 49% of his messages!
[2014-06-11 0:28:41:131]	654 has sent 59% of his messages!
[2014-06-11 0:28:41:193]	675 has sent 39% of his messages!
[2014-06-11 0:28:41:195]	646 has sent 49% of his messages!
[2014-06-11 0:28:41:555]	692 has sent 29% of his messages!
[2014-06-11 0:28:42:149]	701 has sent 49% of his messages!
[2014-06-11 0:28:42:382]	708 has sent 39% of his messages!
[2014-06-11 0:28:42:826]	683 has sent 49% of his messages!
[2014-06-11 0:28:43:145]	711 has sent 49% of his messages!
[2014-06-11 0:28:43:861]	661 has sent 49% of his messages!
[2014-06-11 0:28:44:33]	716 has sent 59% of his messages!
[2014-06-11 0:28:44:329]	713 has sent 9% of his messages!
[2014-06-11 0:28:44:342]	710 has sent 9% of his messages!
[2014-06-11 0:28:44:358]	693 has sent 9% of his messages!
[2014-06-11 0:28:44:374]	651 has sent 9% of his messages!
[2014-06-11 0:28:44:445]	690 has sent 9% of his messages!
[2014-06-11 0:28:44:513]	698 has sent 9% of his messages!
[2014-06-11 0:28:44:581]	670 has sent 9% of his messages!
[2014-06-11 0:28:44:618]	665 has sent 9% of his messages!
[2014-06-11 0:28:44:621]	664 has sent 9% of his messages!
[2014-06-11 0:28:44:974]	672 has sent 9% of his messages!
[2014-06-11 0:28:44:989]	669 has sent 9% of his messages!
[2014-06-11 0:28:45:5]	658 has sent 9% of his messages!
[2014-06-11 0:28:45:31]	676 has sent 9% of his messages!
[2014-06-11 0:28:45:34]	645 has sent 9% of his messages!
[2014-06-11 0:28:45:36]	678 has sent 9% of his messages!
[2014-06-11 0:28:45:37]	641 has sent 9% of his messages!
[2014-06-11 0:28:45:37]	655 has sent 9% of his messages!
[2014-06-11 0:28:45:38]	686 has sent 9% of his messages!
[2014-06-11 0:28:45:47]	660 has sent 9% of his messages!
[2014-06-11 0:28:45:49]	696 has sent 9% of his messages!
[2014-06-11 0:28:45:50]	695 has sent 9% of his messages!
[2014-06-11 0:28:45:51]	699 has sent 9% of his messages!
[2014-06-11 0:28:45:53]	666 has sent 9% of his messages!
[2014-06-11 0:28:45:55]	688 has sent 9% of his messages!
[2014-06-11 0:28:45:146]	687 has sent 9% of his messages!
[2014-06-11 0:28:45:148]	673 has sent 9% of his messages!
[2014-06-11 0:28:45:149]	714 has sent 9% of his messages!
[2014-06-11 0:28:45:152]	674 has sent 9% of his messages!
[2014-06-11 0:28:45:160]	659 has sent 9% of his messages!
[2014-06-11 0:28:45:162]	649 has sent 9% of his messages!
[2014-06-11 0:28:45:164]	680 has sent 9% of his messages!
[2014-06-11 0:28:45:166]	668 has sent 9% of his messages!
[2014-06-11 0:28:45:177]	653 has sent 9% of his messages!
[2014-06-11 0:28:45:178]	694 has sent 9% of his messages!
[2014-06-11 0:28:45:198]	679 has sent 9% of his messages!
[2014-06-11 0:28:45:200]	642 has sent 9% of his messages!
[2014-06-11 0:28:45:209]	677 has sent 9% of his messages!
[2014-06-11 0:28:45:229]	717 has sent 9% of his messages!
[2014-06-11 0:28:45:232]	667 has sent 9% of his messages!
[2014-06-11 0:28:45:276]	718 has sent 9% of his messages!
[2014-06-11 0:28:45:293]	647 has sent 9% of his messages!
[2014-06-11 0:28:45:357]	663 has sent 9% of his messages!
[2014-06-11 0:28:45:373]	685 has sent 9% of his messages!
[2014-06-11 0:28:45:389]	648 has sent 9% of his messages!
[2014-06-11 0:28:45:400]	720 has sent 9% of his messages!
[2014-06-11 0:28:45:401]	709 has sent 9% of his messages!
[2014-06-11 0:28:45:403]	657 has sent 9% of his messages!
[2014-06-11 0:28:45:419]	689 has sent 9% of his messages!
[2014-06-11 0:28:45:423]	706 has sent 9% of his messages!
[2014-06-11 0:28:45:433]	644 has sent 9% of his messages!
[2014-06-11 0:28:45:449]	671 has sent 9% of his messages!
[2014-06-11 0:28:45:454]	681 has sent 9% of his messages!
[2014-06-11 0:28:45:456]	705 has sent 9% of his messages!
[2014-06-11 0:28:45:465]	707 has sent 9% of his messages!
[2014-06-11 0:28:45:537]	656 has sent 9% of his messages!
[2014-06-11 0:28:45:553]	684 has sent 9% of his messages!
[2014-06-11 0:28:45:555]	703 has sent 9% of his messages!
[2014-06-11 0:28:45:557]	700 has sent 9% of his messages!
[2014-06-11 0:28:45:567]	715 has sent 9% of his messages!
[2014-06-11 0:28:45:570]	697 has sent 9% of his messages!
[2014-06-11 0:28:45:678]	662 has sent 49% of his messages!
[2014-06-11 0:28:45:679]	643 has sent 9% of his messages!
[2014-06-11 0:28:45:700]	702 has sent 9% of his messages!
[2014-06-11 0:28:45:704]	652 has sent 9% of his messages!
[2014-06-11 0:28:46:1]	704 has sent 9% of his messages!
[2014-06-11 0:28:46:191]	692 has sent 39% of his messages!
[2014-06-11 0:28:47:21]	660 has sent 19% of his messages!
[2014-06-11 0:28:47:123]	685 has sent 19% of his messages!
[2014-06-11 0:28:47:414]	657 has sent 19% of his messages!
[2014-06-11 0:28:47:620]	659 has sent 19% of his messages!
[2014-06-11 0:28:47:628]	696 has sent 19% of his messages!
[2014-06-11 0:28:47:637]	647 has sent 19% of his messages!
[2014-06-11 0:28:47:639]	672 has sent 19% of his messages!
[2014-06-11 0:28:47:654]	642 has sent 19% of his messages!
[2014-06-11 0:28:47:701]	697 has sent 19% of his messages!
[2014-06-11 0:28:47:704]	697 has sent 29% of his messages!
[2014-06-11 0:28:47:706]	642 has sent 29% of his messages!
[2014-06-11 0:28:47:707]	672 has sent 29% of his messages!
[2014-06-11 0:28:47:719]	642 has sent 39% of his messages!
[2014-06-11 0:28:47:723]	659 has sent 29% of his messages!
[2014-06-11 0:28:47:735]	653 has sent 19% of his messages!
[2014-06-11 0:28:47:737]	653 has sent 29% of his messages!
[2014-06-11 0:28:47:785]	697 has sent 39% of his messages!
[2014-06-11 0:28:47:786]	642 has sent 49% of his messages!
[2014-06-11 0:28:47:789]	642 has sent 59% of his messages!
[2014-06-11 0:28:47:790]	655 has sent 19% of his messages!
[2014-06-11 0:28:47:800]	653 has sent 39% of his messages!
[2014-06-11 0:28:47:805]	697 has sent 49% of his messages!
[2014-06-11 0:28:47:816]	653 has sent 49% of his messages!
[2014-06-11 0:28:47:820]	697 has sent 59% of his messages!
[2014-06-11 0:28:48:212]	680 has sent 19% of his messages!
[2014-06-11 0:28:48:230]	665 has sent 19% of his messages!
[2014-06-11 0:28:49:119]	710 has sent 19% of his messages!
[2014-06-11 0:28:49:269]	712 has sent 59% of his messages!
[2014-06-11 0:28:49:437]	673 has sent 19% of his messages!
[2014-06-11 0:28:49:932]	676 has sent 19% of his messages!
[2014-06-11 0:28:49:944]	706 has sent 19% of his messages!
[2014-06-11 0:28:50:182]	686 has sent 19% of his messages!
[2014-06-11 0:28:50:210]	689 has sent 19% of his messages!
[2014-06-11 0:28:50:231]	652 has sent 19% of his messages!
[2014-06-11 0:28:50:232]	645 has sent 19% of his messages!
[2014-06-11 0:28:50:240]	709 has sent 19% of his messages!
[2014-06-11 0:28:50:275]	709 has sent 29% of his messages!
[2014-06-11 0:28:50:278]	709 has sent 39% of his messages!
[2014-06-11 0:28:50:280]	652 has sent 29% of his messages!
[2014-06-11 0:28:50:291]	645 has sent 29% of his messages!
[2014-06-11 0:28:50:323]	670 has sent 19% of his messages!
[2014-06-11 0:28:50:325]	645 has sent 39% of his messages!
[2014-06-11 0:28:50:328]	709 has sent 49% of his messages!
[2014-06-11 0:28:50:344]	709 has sent 59% of his messages!
[2014-06-11 0:28:50:356]	709 has sent 69% of his messages!
[2014-06-11 0:28:50:371]	652 has sent 39% of his messages!
[2014-06-11 0:28:50:375]	645 has sent 49% of his messages!
[2014-06-11 0:28:50:422]	683 has sent 59% of his messages!
[2014-06-11 0:28:50:511]	714 has sent 19% of his messages!
[2014-06-11 0:28:50:551]	649 has sent 19% of his messages!
[2014-06-11 0:28:50:791]	648 has sent 19% of his messages!
[2014-06-11 0:28:51:4]	681 has sent 19% of his messages!
[2014-06-11 0:28:51:18]	643 has sent 19% of his messages!
[2014-06-11 0:28:51:254]	705 has sent 19% of his messages!
[2014-06-11 0:28:51:442]	701 has sent 59% of his messages!
[2014-06-11 0:28:52:230]	688 has sent 19% of his messages!
[2014-06-11 0:28:52:736]	695 has sent 19% of his messages!
[2014-06-11 0:28:53:5]	688 has sent 29% of his messages!
[2014-06-11 0:28:53:21]	673 has sent 29% of his messages!
[2014-06-11 0:28:53:23]	714 has sent 29% of his messages!
[2014-06-11 0:28:53:36]	688 has sent 39% of his messages!
[2014-06-11 0:28:53:51]	714 has sent 39% of his messages!
[2014-06-11 0:28:53:54]	688 has sent 49% of his messages!
[2014-06-11 0:28:53:70]	714 has sent 49% of his messages!
[2014-06-11 0:28:53:70]	688 has sent 59% of his messages!
[2014-06-11 0:28:53:83]	641 has sent 19% of his messages!
[2014-06-11 0:28:53:85]	651 has sent 19% of his messages!
[2014-06-11 0:28:53:97]	674 has sent 19% of his messages!
[2014-06-11 0:28:53:118]	674 has sent 29% of his messages!
[2014-06-11 0:28:53:132]	695 has sent 29% of his messages!
[2014-06-11 0:28:53:216]	673 has sent 39% of his messages!
[2014-06-11 0:28:53:218]	686 has sent 29% of his messages!
[2014-06-11 0:28:53:218]	651 has sent 29% of his messages!
[2014-06-11 0:28:53:218]	641 has sent 29% of his messages!
[2014-06-11 0:28:53:269]	695 has sent 39% of his messages!
[2014-06-11 0:28:53:269]	674 has sent 39% of his messages!
[2014-06-11 0:28:53:269]	700 has sent 19% of his messages!
[2014-06-11 0:28:53:270]	680 has sent 29% of his messages!
[2014-06-11 0:28:53:279]	679 has sent 19% of his messages!
[2014-06-11 0:28:53:282]	677 has sent 19% of his messages!
[2014-06-11 0:28:53:285]	677 has sent 29% of his messages!
[2014-06-11 0:28:53:296]	679 has sent 29% of his messages!
[2014-06-11 0:28:53:300]	677 has sent 39% of his messages!
[2014-06-11 0:28:53:303]	679 has sent 39% of his messages!
[2014-06-11 0:28:53:314]	677 has sent 49% of his messages!
[2014-06-11 0:28:53:328]	681 has sent 29% of his messages!
[2014-06-11 0:28:53:332]	680 has sent 39% of his messages!
[2014-06-11 0:28:53:335]	700 has sent 29% of his messages!
[2014-06-11 0:28:53:339]	681 has sent 39% of his messages!
[2014-06-11 0:28:53:354]	680 has sent 49% of his messages!
[2014-06-11 0:28:53:357]	680 has sent 59% of his messages!
[2014-06-11 0:28:53:358]	700 has sent 39% of his messages!
[2014-06-11 0:28:55:540]	719 has sent 9% of his messages!
[2014-06-11 0:28:55:560]	650 has sent 9% of his messages!
[2014-06-11 0:28:55:564]	691 has sent 9% of his messages!
[2014-06-11 0:28:55:904]	715 has sent 19% of his messages!
[2014-06-11 0:28:55:951]	699 has sent 19% of his messages!
[2014-06-11 0:28:56:762]	720 has sent 19% of his messages!
[2014-06-11 0:28:56:902]	675 has sent 49% of his messages!
[2014-06-11 0:28:57:172]	664 has sent 19% of his messages!
[2014-06-11 0:28:58:386]	646 has sent 59% of his messages!
[2014-06-11 0:28:59:409]	690 has sent 19% of his messages!
[2014-06-11 0:28:59:575]	665 has sent 29% of his messages!
[2014-06-11 0:29:0:29]	691 has sent 19% of his messages!
[2014-06-11 0:29:0:503]	662 has sent 59% of his messages!
[2014-06-11 0:29:0:761]	682 has sent 59% of his messages!
[2014-06-11 0:29:2:141]	687 has sent 19% of his messages!
[2014-06-11 0:29:2:263]	683 has sent 69% of his messages!
[2014-06-11 0:29:2:778]	661 has sent 59% of his messages!
[2014-06-11 0:29:3:640]	675 has sent 59% of his messages!
[2014-06-11 0:29:5:4]	719 has sent 19% of his messages!
[2014-06-11 0:29:5:434]	712 has sent 69% of his messages!
[2014-06-11 0:29:5:981]	689 has sent 29% of his messages!
[2014-06-11 0:29:8:588]	720 has sent 29% of his messages!
[2014-06-11 0:29:9:38]	715 has sent 29% of his messages!
[2014-06-11 0:29:9:546]	667 has sent 19% of his messages!
[2014-06-11 0:29:9:577]	649 has sent 29% of his messages!
[2014-06-11 0:29:10:135]	646 has sent 69% of his messages!
[2014-06-11 0:29:10:629]	705 has sent 29% of his messages!
[2014-06-11 0:29:10:791]	658 has sent 19% of his messages!
[2014-06-11 0:29:11:23]	665 has sent 39% of his messages!
[2014-06-11 0:29:11:532]	690 has sent 29% of his messages!
[2014-06-11 0:29:11:605]	687 has sent 29% of his messages!
[2014-06-11 0:29:11:984]	712 has sent 79% of his messages!
[2014-06-11 0:29:12:292]	719 has sent 29% of his messages!
[2014-06-11 0:29:13:616]	716 has sent 69% of his messages!
[2014-06-11 0:29:14:14]	676 has sent 29% of his messages!
[2014-06-11 0:29:14:499]	682 has sent 69% of his messages!
[2014-06-11 0:29:14:709]	683 has sent 79% of his messages!
[2014-06-11 0:29:14:793]	689 has sent 39% of his messages!
[2014-06-11 0:29:15:78]	658 has sent 29% of his messages!
[2014-06-11 0:29:15:486]	670 has sent 29% of his messages!
[2014-06-11 0:29:15:786]	649 has sent 39% of his messages!
[2014-06-11 0:29:15:792]	701 has sent 69% of his messages!
[2014-06-11 0:29:15:861]	713 has sent 19% of his messages!
[2014-06-11 0:29:15:896]	705 has sent 39% of his messages!
[2014-06-11 0:29:15:982]	664 has sent 29% of his messages!
[2014-06-11 0:29:16:220]	691 has sent 29% of his messages!
[2014-06-11 0:29:16:394]	720 has sent 39% of his messages!
[2014-06-11 0:29:16:507]	711 has sent 59% of his messages!
[2014-06-11 0:29:16:893]	648 has sent 29% of his messages!
[2014-06-11 0:29:16:953]	667 has sent 29% of his messages!
[2014-06-11 0:29:17:163]	716 has sent 79% of his messages!
[2014-06-11 0:29:17:216]	650 has sent 19% of his messages!
[2014-06-11 0:29:17:468]	689 has sent 49% of his messages!
[2014-06-11 0:29:18:134]	665 has sent 49% of his messages!
[2014-06-11 0:29:18:398]	715 has sent 39% of his messages!
[2014-06-11 0:29:18:419]	683 has sent 89% of his messages!
[2014-06-11 0:29:18:600]	682 has sent 79% of his messages!
[2014-06-11 0:29:18:809]	701 has sent 79% of his messages!
[2014-06-11 0:29:18:887]	719 has sent 39% of his messages!
[2014-06-11 0:29:18:915]	711 has sent 69% of his messages!
[2014-06-11 0:29:19:35]	670 has sent 39% of his messages!
[2014-06-11 0:29:19:37]	676 has sent 39% of his messages!
[2014-06-11 0:29:19:816]	691 has sent 39% of his messages!
[2014-06-11 0:29:19:922]	646 has sent 79% of his messages!
[2014-06-11 0:29:19:956]	705 has sent 49% of his messages!
[2014-06-11 0:29:20:196]	648 has sent 39% of his messages!
[2014-06-11 0:29:20:441]	715 has sent 49% of his messages!
[2014-06-11 0:29:20:456]	706 has sent 29% of his messages!
[2014-06-11 0:29:21:253]	683 has sent 99% of his messages!
[2014-06-11 0:29:21:294]	675 has sent 69% of his messages!
[2014-06-11 0:29:21:349]	667 has sent 39% of his messages!
[2014-06-11 0:29:21:435]	713 has sent 29% of his messages!
[2014-06-11 0:29:21:587]	720 has sent 49% of his messages!
[2014-06-11 0:29:21:975]	716 has sent 89% of his messages!
[2014-06-11 0:29:21:988]	661 has sent 69% of his messages!
[2014-06-11 0:29:22:21]	711 has sent 79% of his messages!
[2014-06-11 0:29:22:114]	687 has sent 39% of his messages!
[2014-06-11 0:29:22:149]	690 has sent 39% of his messages!
[2014-06-11 0:29:22:246]	701 has sent 89% of his messages!
[2014-06-11 0:29:22:348]	676 has sent 49% of his messages!
[2014-06-11 0:29:22:486]	658 has sent 39% of his messages!
[2014-06-11 0:29:22:718]	715 has sent 59% of his messages!
[2014-06-11 0:29:22:842]	654 has sent 69% of his messages!
[2014-06-11 0:29:23:89]	692 has sent 49% of his messages!
[2014-06-11 0:29:23:267]	646 has sent 89% of his messages!
[2014-06-11 0:29:23:291]	719 has sent 49% of his messages!
[2014-06-11 0:29:23:550]	713 has sent 39% of his messages!
[2014-06-11 0:29:23:580]	682 has sent 89% of his messages!
[2014-06-11 0:29:23:791]	662 has sent 69% of his messages!
[2014-06-11 0:29:23:867]	720 has sent 59% of his messages!
[2014-06-11 0:29:24:175]	670 has sent 49% of his messages!
[2014-06-11 0:29:24:195]	650 has sent 29% of his messages!
[2014-06-11 0:29:24:499]	643 has sent 29% of his messages!
[2014-06-11 0:29:24:765]	715 has sent 69% of his messages!
[2014-06-11 0:29:24:911]	689 has sent 59% of his messages!
[2014-06-11 0:29:25:40]	658 has sent 49% of his messages!
[2014-06-11 0:29:25:69]	664 has sent 39% of his messages!
[2014-06-11 0:29:25:234]	691 has sent 49% of his messages!
[2014-06-11 0:29:25:289]	692 has sent 59% of his messages!
[2014-06-11 0:29:25:369]	712 has sent 89% of his messages!
[2014-06-11 0:29:25:666]	705 has sent 59% of his messages!
[2014-06-11 0:29:25:762]	649 has sent 49% of his messages!
[2014-06-11 0:29:25:865]	662 has sent 79% of his messages!
[2014-06-11 0:29:26:188]	701 has sent 99% of his messages!
[2014-06-11 0:29:26:249]	720 has sent 69% of his messages!
[2014-06-11 0:29:26:356]	667 has sent 49% of his messages!
[2014-06-11 0:29:26:533]	648 has sent 49% of his messages!
[2014-06-11 0:29:26:917]	670 has sent 59% of his messages!
[2014-06-11 0:29:27:168]	643 has sent 39% of his messages!
[2014-06-11 0:29:27:254]	687 has sent 49% of his messages!
[2014-06-11 0:29:27:332]	716 has sent 99% of his messages!
[2014-06-11 0:29:27:426]	689 has sent 69% of his messages!
[2014-06-11 0:29:27:787]	690 has sent 49% of his messages!
[2014-06-11 0:29:27:904]	713 has sent 49% of his messages!
[2014-06-11 0:29:27:916]	675 has sent 79% of his messages!
[2014-06-11 0:29:28:98]	711 has sent 89% of his messages!
[2014-06-11 0:29:28:214]	715 has sent 79% of his messages!
[2014-06-11 0:29:28:368]	706 has sent 39% of his messages!
[2014-06-11 0:29:28:443]	662 has sent 89% of his messages!
[2014-06-11 0:29:28:526]	646 has sent 99% of his messages!
[2014-06-11 0:29:28:652]	699 has sent 29% of his messages!
[2014-06-11 0:29:29:309]	691 has sent 59% of his messages!
[2014-06-11 0:29:29:407]	650 has sent 39% of his messages!
[2014-06-11 0:29:29:429]	719 has sent 59% of his messages!
[2014-06-11 0:29:29:553]	661 has sent 79% of his messages!
[2014-06-11 0:29:29:600]	682 has sent 99% of his messages!
[2014-06-11 0:29:29:788]	658 has sent 59% of his messages!
[2014-06-11 0:29:29:928]	705 has sent 69% of his messages!
[2014-06-11 0:29:30:176]	667 has sent 59% of his messages!
[2014-06-11 0:29:30:269]	649 has sent 59% of his messages!
[2014-06-11 0:29:30:361]	648 has sent 59% of his messages!
[2014-06-11 0:29:30:469]	662 has sent 99% of his messages!
[2014-06-11 0:29:30:561]	690 has sent 59% of his messages!
[2014-06-11 0:29:30:629]	670 has sent 69% of his messages!
[2014-06-11 0:29:30:739]	712 has sent 99% of his messages!
[2014-06-11 0:29:30:833]	699 has sent 39% of his messages!
[2014-06-11 0:29:30:901]	675 has sent 89% of his messages!
[2014-06-11 0:29:31:61]	676 has sent 59% of his messages!
[2014-06-11 0:29:31:456]	661 has sent 89% of his messages!
[2014-06-11 0:29:31:530]	705 has sent 79% of his messages!
[2014-06-11 0:29:31:548]	719 has sent 69% of his messages!
[2014-06-11 0:29:31:658]	650 has sent 49% of his messages!
[2014-06-11 0:29:31:730]	689 has sent 79% of his messages!
[2014-06-11 0:29:31:854]	649 has sent 69% of his messages!
[2014-06-11 0:29:31:951]	715 has sent 89% of his messages!
[2014-06-11 0:29:32:362]	667 has sent 69% of his messages!
[2014-06-11 0:29:32:486]	665 has sent 59% of his messages!
[2014-06-11 0:29:32:607]	706 has sent 49% of his messages!
[2014-06-11 0:29:32:623]	720 has sent 79% of his messages!
[2014-06-11 0:29:32:884]	687 has sent 59% of his messages!
[2014-06-11 0:29:33:357]	713 has sent 59% of his messages!
[2014-06-11 0:29:33:369]	648 has sent 69% of his messages!
[2014-06-11 0:29:33:371]	711 has sent 99% of his messages!
[2014-06-11 0:29:33:439]	650 has sent 59% of his messages!
[2014-06-11 0:29:33:533]	690 has sent 69% of his messages!
[2014-06-11 0:29:33:754]	699 has sent 49% of his messages!
[2014-06-11 0:29:33:868]	654 has sent 79% of his messages!
[2014-06-11 0:29:33:903]	719 has sent 79% of his messages!
[2014-06-11 0:29:34:38]	665 has sent 69% of his messages!
[2014-06-11 0:29:34:46]	649 has sent 79% of his messages!
[2014-06-11 0:29:34:157]	692 has sent 69% of his messages!
[2014-06-11 0:29:34:236]	658 has sent 69% of his messages!
[2014-06-11 0:29:34:443]	715 has sent 99% of his messages!
[2014-06-11 0:29:34:458]	676 has sent 69% of his messages!
[2014-06-11 0:29:34:747]	689 has sent 89% of his messages!
[2014-06-11 0:29:34:822]	667 has sent 79% of his messages!
[2014-06-11 0:29:35:162]	664 has sent 49% of his messages!
[2014-06-11 0:29:35:207]	691 has sent 69% of his messages!
[2014-06-11 0:29:35:372]	705 has sent 89% of his messages!
[2014-06-11 0:29:35:418]	719 has sent 89% of his messages!
[2014-06-11 0:29:35:555]	720 has sent 89% of his messages!
[2014-06-11 0:29:35:625]	643 has sent 49% of his messages!
[2014-06-11 0:29:35:765]	706 has sent 59% of his messages!
[2014-06-11 0:29:35:895]	664 has sent 59% of his messages!
[2014-06-11 0:29:36:34]	661 has sent 99% of his messages!
[2014-06-11 0:29:36:34]	687 has sent 69% of his messages!
[2014-06-11 0:29:36:51]	658 has sent 79% of his messages!
[2014-06-11 0:29:36:68]	690 has sent 79% of his messages!
[2014-06-11 0:29:36:128]	648 has sent 79% of his messages!
[2014-06-11 0:29:36:276]	705 has sent 99% of his messages!
[2014-06-11 0:29:36:444]	675 has sent 99% of his messages!
[2014-06-11 0:29:36:856]	665 has sent 79% of his messages!
[2014-06-11 0:29:37:61]	719 has sent 99% of his messages!
[2014-06-11 0:29:37:237]	676 has sent 79% of his messages!
[2014-06-11 0:29:37:309]	664 has sent 69% of his messages!
[2014-06-11 0:29:37:581]	649 has sent 89% of his messages!
[2014-06-11 0:29:37:755]	720 has sent 99% of his messages!
[2014-06-11 0:29:37:794]	643 has sent 59% of his messages!
[2014-06-11 0:29:37:801]	699 has sent 59% of his messages!
[2014-06-11 0:29:37:820]	713 has sent 69% of his messages!
[2014-06-11 0:29:37:843]	692 has sent 79% of his messages!
[2014-06-11 0:29:37:870]	689 has sent 99% of his messages!
[2014-06-11 0:29:38:23]	690 has sent 89% of his messages!
[2014-06-11 0:29:38:41]	664 has sent 79% of his messages!
[2014-06-11 0:29:38:230]	667 has sent 89% of his messages!
[2014-06-11 0:29:38:262]	670 has sent 79% of his messages!
[2014-06-11 0:29:38:483]	650 has sent 69% of his messages!
[2014-06-11 0:29:38:590]	648 has sent 89% of his messages!
[2014-06-11 0:29:38:681]	665 has sent 89% of his messages!
[2014-06-11 0:29:38:829]	706 has sent 69% of his messages!
[2014-06-11 0:29:38:851]	691 has sent 79% of his messages!
[2014-06-11 0:29:38:866]	676 has sent 89% of his messages!
[2014-06-11 0:29:39:211]	713 has sent 79% of his messages!
[2014-06-11 0:29:39:344]	654 has sent 89% of his messages!
[2014-06-11 0:29:39:561]	687 has sent 79% of his messages!
[2014-06-11 0:29:39:978]	649 has sent 99% of his messages!
[2014-06-11 0:29:39:994]	664 has sent 89% of his messages!
[2014-06-11 0:29:39:996]	665 has sent 99% of his messages!
[2014-06-11 0:29:40:164]	648 has sent 99% of his messages!
[2014-06-11 0:29:40:195]	670 has sent 89% of his messages!
[2014-06-11 0:29:40:330]	706 has sent 79% of his messages!
[2014-06-11 0:29:40:368]	676 has sent 99% of his messages!
[2014-06-11 0:29:40:386]	690 has sent 99% of his messages!
[2014-06-11 0:29:40:642]	643 has sent 69% of his messages!
[2014-06-11 0:29:40:712]	691 has sent 89% of his messages!
[2014-06-11 0:29:40:862]	692 has sent 89% of his messages!
[2014-06-11 0:29:41:6]	658 has sent 89% of his messages!
[2014-06-11 0:29:41:34]	667 has sent 99% of his messages!
[2014-06-11 0:29:41:171]	706 has sent 89% of his messages!
[2014-06-11 0:29:41:502]	687 has sent 89% of his messages!
[2014-06-11 0:29:41:520]	713 has sent 89% of his messages!
[2014-06-11 0:29:41:640]	664 has sent 99% of his messages!
[2014-06-11 0:29:41:650]	658 has sent 99% of his messages!
[2014-06-11 0:29:41:653]	643 has sent 79% of his messages!
[2014-06-11 0:29:41:811]	691 has sent 99% of his messages!
[2014-06-11 0:29:41:942]	699 has sent 69% of his messages!
[2014-06-11 0:29:42:31]	670 has sent 99% of his messages!
[2014-06-11 0:29:42:181]	650 has sent 79% of his messages!
[2014-06-11 0:29:42:198]	692 has sent 99% of his messages!
[2014-06-11 0:29:42:287]	706 has sent 99% of his messages!
[2014-06-11 0:29:42:412]	713 has sent 99% of his messages!
[2014-06-11 0:29:42:676]	643 has sent 89% of his messages!
[2014-06-11 0:29:42:752]	654 has sent 99% of his messages!
[2014-06-11 0:29:42:963]	687 has sent 99% of his messages!
[2014-06-11 0:29:42:965]	699 has sent 79% of his messages!
[2014-06-11 0:29:42:997]	708 has sent 49% of his messages!
[2014-06-11 0:29:43:2]	650 has sent 89% of his messages!
[2014-06-11 0:29:43:183]	643 has sent 99% of his messages!
[2014-06-11 0:29:43:415]	650 has sent 99% of his messages!
[2014-06-11 0:29:43:440]	699 has sent 89% of his messages!
[2014-06-11 0:29:43:545]	708 has sent 59% of his messages!
[2014-06-11 0:29:43:682]	699 has sent 99% of his messages!
[2014-06-11 0:29:43:769]	708 has sent 69% of his messages!
[2014-06-11 0:29:43:914]	708 has sent 79% of his messages!
[2014-06-11 0:29:43:987]	708 has sent 89% of his messages!
[2014-06-11 0:29:44:30]	708 has sent 99% of his messages!
[2014-06-11 0:29:50:354]	668 has sent 19% of his messages!
[2014-06-11 0:29:50:411]	668 has sent 29% of his messages!
[2014-06-11 0:29:50:421]	668 has sent 39% of his messages!
[2014-06-11 0:29:50:452]	668 has sent 49% of his messages!
[2014-06-11 0:29:50:467]	668 has sent 59% of his messages!
[2014-06-11 0:29:50:472]	668 has sent 69% of his messages!
[2014-06-11 0:29:50:489]	668 has sent 79% of his messages!
[2014-06-11 0:29:50:495]	668 has sent 89% of his messages!
[2014-06-11 0:29:50:529]	668 has sent 99% of his messages!
Total time: 572573ms
[2014-06-11 0:37:26:465]	Terminated successfully
[2014-06-11 0:37:26:465]	Failures: 150138 - Total: 400000
