input file is set to /home/ubuntu/whatsup/simulator/ec2-17.input
[2014-06-11 0:28:53:716]	1357 has sent 9% of his messages!
[2014-06-11 0:28:54:129]	1328 has sent 9% of his messages!
[2014-06-11 0:28:54:171]	1284 has sent 9% of his messages!
[2014-06-11 0:28:54:172]	1281 has sent 9% of his messages!
[2014-06-11 0:28:54:203]	1318 has sent 9% of his messages!
[2014-06-11 0:28:54:222]	1300 has sent 9% of his messages!
[2014-06-11 0:28:54:224]	1296 has sent 9% of his messages!
[2014-06-11 0:28:54:326]	1346 has sent 9% of his messages!
[2014-06-11 0:28:54:385]	1354 has sent 9% of his messages!
[2014-06-11 0:28:54:423]	1321 has sent 9% of his messages!
[2014-06-11 0:28:54:439]	1350 has sent 9% of his messages!
[2014-06-11 0:28:54:441]	1311 has sent 9% of his messages!
[2014-06-11 0:28:54:453]	1352 has sent 9% of his messages!
[2014-06-11 0:28:54:460]	1337 has sent 9% of his messages!
[2014-06-11 0:28:54:472]	1315 has sent 9% of his messages!
[2014-06-11 0:28:54:493]	1353 has sent 9% of his messages!
[2014-06-11 0:28:54:908]	1356 has sent 9% of his messages!
[2014-06-11 0:28:54:960]	1312 has sent 9% of his messages!
[2014-06-11 0:28:54:960]	1360 has sent 9% of his messages!
[2014-06-11 0:28:54:961]	1320 has sent 9% of his messages!
[2014-06-11 0:28:54:963]	1291 has sent 9% of his messages!
[2014-06-11 0:28:54:964]	1325 has sent 9% of his messages!
[2014-06-11 0:28:54:967]	1319 has sent 9% of his messages!
[2014-06-11 0:28:54:975]	1358 has sent 9% of his messages!
[2014-06-11 0:28:54:979]	1288 has sent 9% of his messages!
[2014-06-11 0:28:54:979]	1331 has sent 9% of his messages!
[2014-06-11 0:28:54:979]	1285 has sent 9% of his messages!
[2014-06-11 0:28:54:980]	1302 has sent 9% of his messages!
[2014-06-11 0:28:54:981]	1343 has sent 9% of his messages!
[2014-06-11 0:28:54:982]	1290 has sent 9% of his messages!
[2014-06-11 0:28:54:982]	1303 has sent 9% of his messages!
[2014-06-11 0:28:54:983]	1287 has sent 9% of his messages!
[2014-06-11 0:28:54:992]	1344 has sent 9% of his messages!
[2014-06-11 0:28:54:996]	1322 has sent 9% of his messages!
[2014-06-11 0:28:54:999]	1294 has sent 9% of his messages!
[2014-06-11 0:28:55:8]	1326 has sent 9% of his messages!
[2014-06-11 0:28:55:11]	1330 has sent 9% of his messages!
[2014-06-11 0:28:55:11]	1313 has sent 9% of his messages!
[2014-06-11 0:28:55:12]	1351 has sent 9% of his messages!
[2014-06-11 0:28:55:15]	1295 has sent 9% of his messages!
[2014-06-11 0:28:55:24]	1301 has sent 9% of his messages!
[2014-06-11 0:28:55:25]	1338 has sent 9% of his messages!
[2014-06-11 0:28:55:26]	1314 has sent 9% of his messages!
[2014-06-11 0:28:55:140]	1286 has sent 9% of his messages!
[2014-06-11 0:28:55:166]	1355 has sent 9% of his messages!
[2014-06-11 0:28:55:167]	1327 has sent 9% of his messages!
[2014-06-11 0:28:55:171]	1304 has sent 9% of his messages!
[2014-06-11 0:28:55:174]	1345 has sent 9% of his messages!
[2014-06-11 0:28:55:174]	1341 has sent 9% of his messages!
[2014-06-11 0:28:55:208]	1289 has sent 9% of his messages!
[2014-06-11 0:28:55:211]	1282 has sent 9% of his messages!
[2014-06-11 0:28:55:252]	1340 has sent 9% of his messages!
[2014-06-11 0:28:55:254]	1348 has sent 9% of his messages!
[2014-06-11 0:28:55:278]	1308 has sent 9% of his messages!
[2014-06-11 0:28:55:295]	1292 has sent 9% of his messages!
[2014-06-11 0:28:55:307]	1323 has sent 9% of his messages!
[2014-06-11 0:28:55:337]	1310 has sent 9% of his messages!
[2014-06-11 0:28:55:353]	1299 has sent 9% of his messages!
[2014-06-11 0:28:55:440]	1299 has sent 19% of his messages!
[2014-06-11 0:28:55:452]	1306 has sent 9% of his messages!
[2014-06-11 0:28:55:471]	1293 has sent 9% of his messages!
[2014-06-11 0:28:55:499]	1342 has sent 9% of his messages!
[2014-06-11 0:28:56:528]	1326 has sent 19% of his messages!
[2014-06-11 0:28:56:779]	1312 has sent 19% of his messages!
[2014-06-11 0:28:56:898]	1313 has sent 19% of his messages!
[2014-06-11 0:28:57:343]	1323 has sent 19% of his messages!
[2014-06-11 0:28:57:379]	1346 has sent 19% of his messages!
[2014-06-11 0:28:57:395]	1323 has sent 29% of his messages!
[2014-06-11 0:28:58:603]	1355 has sent 19% of his messages!
[2014-06-11 0:28:59:545]	1338 has sent 19% of his messages!
[2014-06-11 0:29:1:2]	1319 has sent 19% of his messages!
[2014-06-11 0:29:1:6]	1315 has sent 19% of his messages!
[2014-06-11 0:29:1:11]	1355 has sent 29% of his messages!
[2014-06-11 0:29:1:23]	1351 has sent 19% of his messages!
[2014-06-11 0:29:1:50]	1306 has sent 19% of his messages!
[2014-06-11 0:29:1:67]	1321 has sent 19% of his messages!
[2014-06-11 0:29:1:68]	1319 has sent 29% of his messages!
[2014-06-11 0:29:1:69]	1306 has sent 29% of his messages!
[2014-06-11 0:29:1:82]	1315 has sent 29% of his messages!
[2014-06-11 0:29:1:86]	1319 has sent 39% of his messages!
[2014-06-11 0:29:1:89]	1315 has sent 39% of his messages!
[2014-06-11 0:29:1:98]	1319 has sent 49% of his messages!
[2014-06-11 0:29:1:102]	1331 has sent 19% of his messages!
[2014-06-11 0:29:1:114]	1319 has sent 59% of his messages!
[2014-06-11 0:29:1:118]	1355 has sent 39% of his messages!
[2014-06-11 0:29:1:121]	1306 has sent 39% of his messages!
[2014-06-11 0:29:1:146]	1355 has sent 49% of his messages!
[2014-06-11 0:29:1:148]	1315 has sent 49% of his messages!
[2014-06-11 0:29:1:150]	1319 has sent 69% of his messages!
[2014-06-11 0:29:1:152]	1331 has sent 29% of his messages!
[2014-06-11 0:29:1:165]	1306 has sent 49% of his messages!
[2014-06-11 0:29:1:168]	1306 has sent 59% of his messages!
[2014-06-11 0:29:1:179]	1331 has sent 39% of his messages!
[2014-06-11 0:29:1:196]	1331 has sent 49% of his messages!
[2014-06-11 0:29:1:199]	1331 has sent 59% of his messages!
[2014-06-11 0:29:1:211]	1331 has sent 69% of his messages!
[2014-06-11 0:29:1:214]	1331 has sent 79% of his messages!
[2014-06-11 0:29:1:217]	1331 has sent 89% of his messages!
[2014-06-11 0:29:1:228]	1331 has sent 99% of his messages!
[2014-06-11 0:29:1:854]	1293 has sent 19% of his messages!
[2014-06-11 0:29:2:68]	1353 has sent 19% of his messages!
[2014-06-11 0:29:2:426]	1348 has sent 19% of his messages!
[2014-06-11 0:29:2:776]	1358 has sent 19% of his messages!
[2014-06-11 0:29:2:946]	1287 has sent 19% of his messages!
[2014-06-11 0:29:3:139]	1318 has sent 19% of his messages!
[2014-06-11 0:29:3:257]	1304 has sent 19% of his messages!
[2014-06-11 0:29:4:267]	1290 has sent 19% of his messages!
[2014-06-11 0:29:5:863]	1286 has sent 19% of his messages!
[2014-06-11 0:29:7:898]	1293 has sent 29% of his messages!
[2014-06-11 0:29:8:639]	1287 has sent 29% of his messages!
[2014-06-11 0:29:9:816]	1281 has sent 19% of his messages!
[2014-06-11 0:29:9:887]	1348 has sent 29% of his messages!
[2014-06-11 0:29:10:504]	1342 has sent 19% of his messages!
[2014-06-11 0:29:11:797]	1353 has sent 29% of his messages!
[2014-06-11 0:29:12:322]	1287 has sent 39% of his messages!
[2014-06-11 0:29:12:381]	1358 has sent 29% of his messages!
[2014-06-11 0:29:12:388]	1293 has sent 39% of his messages!
[2014-06-11 0:29:13:452]	1286 has sent 29% of his messages!
[2014-06-11 0:29:13:510]	1348 has sent 39% of his messages!
[2014-06-11 0:29:15:444]	1281 has sent 29% of his messages!
[2014-06-11 0:29:15:713]	1304 has sent 29% of his messages!
[2014-06-11 0:29:15:840]	1287 has sent 49% of his messages!
[2014-06-11 0:29:16:157]	1353 has sent 39% of his messages!
[2014-06-11 0:29:17:285]	1293 has sent 49% of his messages!
[2014-06-11 0:29:17:399]	1348 has sent 49% of his messages!
[2014-06-11 0:29:18:37]	1286 has sent 39% of his messages!
[2014-06-11 0:29:18:144]	1290 has sent 29% of his messages!
[2014-06-11 0:29:18:232]	1281 has sent 39% of his messages!
[2014-06-11 0:29:18:958]	1342 has sent 29% of his messages!
[2014-06-11 0:29:19:361]	1304 has sent 39% of his messages!
[2014-06-11 0:29:21:177]	1287 has sent 59% of his messages!
[2014-06-11 0:29:21:290]	1290 has sent 39% of his messages!
[2014-06-11 0:29:21:727]	1293 has sent 59% of his messages!
[2014-06-11 0:29:22:731]	1281 has sent 49% of his messages!
[2014-06-11 0:29:23:489]	1304 has sent 49% of his messages!
[2014-06-11 0:29:24:250]	1287 has sent 69% of his messages!
[2014-06-11 0:29:24:274]	1286 has sent 49% of his messages!
[2014-06-11 0:29:24:321]	1358 has sent 39% of his messages!
[2014-06-11 0:29:24:786]	1342 has sent 39% of his messages!
[2014-06-11 0:29:25:112]	1290 has sent 49% of his messages!
[2014-06-11 0:29:25:318]	1293 has sent 69% of his messages!
[2014-06-11 0:29:26:31]	1353 has sent 49% of his messages!
[2014-06-11 0:29:26:732]	1318 has sent 29% of his messages!
[2014-06-11 0:29:27:36]	1342 has sent 49% of his messages!
[2014-06-11 0:29:27:146]	1358 has sent 49% of his messages!
[2014-06-11 0:29:27:925]	1287 has sent 79% of his messages!
[2014-06-11 0:29:28:407]	1304 has sent 59% of his messages!
[2014-06-11 0:29:28:650]	1290 has sent 59% of his messages!
[2014-06-11 0:29:28:745]	1286 has sent 59% of his messages!
[2014-06-11 0:29:29:85]	1281 has sent 59% of his messages!
[2014-06-11 0:29:29:202]	1348 has sent 59% of his messages!
[2014-06-11 0:29:29:361]	1290 has sent 69% of his messages!
[2014-06-11 0:29:30:467]	1281 has sent 69% of his messages!
[2014-06-11 0:29:30:534]	1358 has sent 59% of his messages!
[2014-06-11 0:29:30:893]	1318 has sent 39% of his messages!
[2014-06-11 0:29:31:359]	1293 has sent 79% of his messages!
[2014-06-11 0:29:31:521]	1353 has sent 59% of his messages!
[2014-06-11 0:29:31:641]	1290 has sent 79% of his messages!
[2014-06-11 0:29:31:902]	1304 has sent 69% of his messages!
[2014-06-11 0:29:31:965]	1342 has sent 59% of his messages!
[2014-06-11 0:29:32:375]	1287 has sent 89% of his messages!
[2014-06-11 0:29:32:739]	1290 has sent 89% of his messages!
[2014-06-11 0:29:32:873]	1358 has sent 69% of his messages!
[2014-06-11 0:29:32:898]	1293 has sent 89% of his messages!
[2014-06-11 0:29:33:346]	1286 has sent 69% of his messages!
[2014-06-11 0:29:33:440]	1348 has sent 69% of his messages!
[2014-06-11 0:29:33:876]	1353 has sent 69% of his messages!
[2014-06-11 0:29:33:889]	1281 has sent 79% of his messages!
[2014-06-11 0:29:34:31]	1304 has sent 79% of his messages!
[2014-06-11 0:29:34:153]	1287 has sent 99% of his messages!
[2014-06-11 0:29:34:524]	1290 has sent 99% of his messages!
[2014-06-11 0:29:35:20]	1358 has sent 79% of his messages!
[2014-06-11 0:29:35:571]	1286 has sent 79% of his messages!
[2014-06-11 0:29:35:936]	1353 has sent 79% of his messages!
[2014-06-11 0:29:36:69]	1318 has sent 49% of his messages!
[2014-06-11 0:29:36:381]	1304 has sent 89% of his messages!
[2014-06-11 0:29:37:75]	1293 has sent 99% of his messages!
[2014-06-11 0:29:37:88]	1281 has sent 89% of his messages!
[2014-06-11 0:29:37:742]	1286 has sent 89% of his messages!
[2014-06-11 0:29:37:920]	1353 has sent 89% of his messages!
[2014-06-11 0:29:37:975]	1304 has sent 99% of his messages!
[2014-06-11 0:29:38:277]	1281 has sent 99% of his messages!
[2014-06-11 0:29:38:351]	1318 has sent 59% of his messages!
[2014-06-11 0:29:38:567]	1342 has sent 69% of his messages!
[2014-06-11 0:29:38:827]	1358 has sent 89% of his messages!
[2014-06-11 0:29:39:577]	1353 has sent 99% of his messages!
[2014-06-11 0:29:39:588]	1286 has sent 99% of his messages!
[2014-06-11 0:29:40:221]	1358 has sent 99% of his messages!
[2014-06-11 0:29:40:310]	1342 has sent 79% of his messages!
[2014-06-11 0:29:40:685]	1318 has sent 69% of his messages!
[2014-06-11 0:29:41:445]	1348 has sent 79% of his messages!
[2014-06-11 0:29:41:785]	1342 has sent 89% of his messages!
[2014-06-11 0:29:41:849]	1318 has sent 79% of his messages!
[2014-06-11 0:29:42:643]	1318 has sent 89% of his messages!
[2014-06-11 0:29:42:829]	1348 has sent 89% of his messages!
[2014-06-11 0:29:43:155]	1342 has sent 99% of his messages!
[2014-06-11 0:29:43:387]	1318 has sent 99% of his messages!
[2014-06-11 0:29:43:629]	1348 has sent 99% of his messages!
Total time: 566519ms
[2014-06-11 0:37:26:681]	Terminated successfully
[2014-06-11 0:37:26:681]	Failures: 288127 - Total: 400000
