input file is set to /home/ubuntu/whatsup/simulator/ec2-14.input
[2014-06-11 0:28:49:962]	1109 has sent 9% of his messages!
[2014-06-11 0:28:50:885]	1053 has sent 9% of his messages!
[2014-06-11 0:28:50:923]	1054 has sent 9% of his messages!
[2014-06-11 0:28:50:939]	1065 has sent 9% of his messages!
[2014-06-11 0:28:50:964]	1117 has sent 9% of his messages!
[2014-06-11 0:28:50:968]	1111 has sent 9% of his messages!
[2014-06-11 0:28:50:968]	1079 has sent 9% of his messages!
[2014-06-11 0:28:50:983]	1108 has sent 9% of his messages!
[2014-06-11 0:28:50:984]	1077 has sent 9% of his messages!
[2014-06-11 0:28:50:995]	1052 has sent 9% of his messages!
[2014-06-11 0:28:50:999]	1043 has sent 9% of his messages!
[2014-06-11 0:28:51:0]	1078 has sent 9% of his messages!
[2014-06-11 0:28:51:19]	1076 has sent 9% of his messages!
[2014-06-11 0:28:51:83]	1114 has sent 9% of his messages!
[2014-06-11 0:28:51:85]	1056 has sent 9% of his messages!
[2014-06-11 0:28:51:119]	1086 has sent 9% of his messages!
[2014-06-11 0:28:51:122]	1094 has sent 9% of his messages!
[2014-06-11 0:28:51:149]	1110 has sent 9% of his messages!
[2014-06-11 0:28:51:187]	1049 has sent 9% of his messages!
[2014-06-11 0:28:51:241]	1072 has sent 9% of his messages!
[2014-06-11 0:28:51:257]	1059 has sent 9% of his messages!
[2014-06-11 0:28:51:263]	1093 has sent 9% of his messages!
[2014-06-11 0:28:51:277]	1088 has sent 9% of his messages!
[2014-06-11 0:28:51:299]	1095 has sent 9% of his messages!
[2014-06-11 0:28:51:317]	1069 has sent 9% of his messages!
[2014-06-11 0:28:51:319]	1060 has sent 9% of his messages!
[2014-06-11 0:28:51:320]	1058 has sent 9% of his messages!
[2014-06-11 0:28:51:323]	1097 has sent 9% of his messages!
[2014-06-11 0:28:51:358]	1064 has sent 9% of his messages!
[2014-06-11 0:28:51:371]	1047 has sent 9% of his messages!
[2014-06-11 0:28:51:372]	1073 has sent 9% of his messages!
[2014-06-11 0:28:51:420]	1120 has sent 9% of his messages!
[2014-06-11 0:28:51:430]	1116 has sent 9% of his messages!
[2014-06-11 0:28:51:447]	1067 has sent 9% of his messages!
[2014-06-11 0:28:51:480]	1050 has sent 9% of his messages!
[2014-06-11 0:28:51:483]	1119 has sent 9% of his messages!
[2014-06-11 0:28:51:497]	1115 has sent 9% of his messages!
[2014-06-11 0:28:51:579]	1051 has sent 9% of his messages!
[2014-06-11 0:28:51:590]	1075 has sent 9% of his messages!
[2014-06-11 0:28:51:593]	1102 has sent 9% of his messages!
[2014-06-11 0:28:51:631]	1083 has sent 9% of his messages!
[2014-06-11 0:28:51:684]	1090 has sent 9% of his messages!
[2014-06-11 0:28:51:684]	1112 has sent 9% of his messages!
[2014-06-11 0:28:51:698]	1105 has sent 9% of his messages!
[2014-06-11 0:28:51:842]	1100 has sent 9% of his messages!
[2014-06-11 0:28:51:940]	1044 has sent 9% of his messages!
[2014-06-11 0:28:53:29]	1095 has sent 19% of his messages!
[2014-06-11 0:28:53:39]	1069 has sent 19% of his messages!
[2014-06-11 0:28:53:40]	1047 has sent 19% of his messages!
[2014-06-11 0:28:53:107]	1069 has sent 29% of his messages!
[2014-06-11 0:28:53:310]	1069 has sent 39% of his messages!
[2014-06-11 0:28:53:406]	1077 has sent 19% of his messages!
[2014-06-11 0:28:53:459]	1050 has sent 19% of his messages!
[2014-06-11 0:28:53:684]	1116 has sent 19% of his messages!
[2014-06-11 0:28:53:694]	1116 has sent 29% of his messages!
[2014-06-11 0:28:54:795]	1111 has sent 19% of his messages!
[2014-06-11 0:28:54:823]	1090 has sent 19% of his messages!
[2014-06-11 0:28:54:847]	1111 has sent 29% of his messages!
[2014-06-11 0:28:54:849]	1090 has sent 29% of his messages!
[2014-06-11 0:28:54:866]	1090 has sent 39% of his messages!
[2014-06-11 0:28:54:880]	1090 has sent 49% of his messages!
[2014-06-11 0:28:54:895]	1111 has sent 39% of his messages!
[2014-06-11 0:28:54:897]	1090 has sent 59% of his messages!
[2014-06-11 0:28:54:919]	1090 has sent 69% of his messages!
[2014-06-11 0:28:54:920]	1111 has sent 49% of his messages!
[2014-06-11 0:28:54:937]	1111 has sent 59% of his messages!
[2014-06-11 0:28:54:940]	1111 has sent 69% of his messages!
[2014-06-11 0:28:54:940]	1090 has sent 79% of his messages!
[2014-06-11 0:28:54:944]	1090 has sent 89% of his messages!
[2014-06-11 0:28:56:230]	1067 has sent 19% of his messages!
[2014-06-11 0:28:56:233]	1079 has sent 19% of his messages!
[2014-06-11 0:28:56:237]	1067 has sent 29% of his messages!
[2014-06-11 0:28:56:252]	1079 has sent 29% of his messages!
[2014-06-11 0:28:56:255]	1079 has sent 39% of his messages!
[2014-06-11 0:28:56:268]	1079 has sent 49% of his messages!
[2014-06-11 0:28:56:271]	1079 has sent 59% of his messages!
[2014-06-11 0:28:56:274]	1079 has sent 69% of his messages!
[2014-06-11 0:28:56:291]	1067 has sent 39% of his messages!
[2014-06-11 0:28:56:294]	1067 has sent 49% of his messages!
[2014-06-11 0:28:56:309]	1079 has sent 79% of his messages!
[2014-06-11 0:28:56:321]	1067 has sent 59% of his messages!
[2014-06-11 0:28:56:324]	1067 has sent 69% of his messages!
[2014-06-11 0:28:56:327]	1067 has sent 79% of his messages!
[2014-06-11 0:28:56:336]	1079 has sent 89% of his messages!
[2014-06-11 0:28:56:339]	1079 has sent 99% of his messages!
[2014-06-11 0:28:56:341]	1067 has sent 89% of his messages!
[2014-06-11 0:28:56:355]	1067 has sent 99% of his messages!
[2014-06-11 0:28:56:385]	1073 has sent 19% of his messages!
[2014-06-11 0:28:56:395]	1105 has sent 19% of his messages!
[2014-06-11 0:28:56:399]	1105 has sent 29% of his messages!
[2014-06-11 0:28:56:414]	1100 has sent 19% of his messages!
[2014-06-11 0:28:56:418]	1073 has sent 29% of his messages!
[2014-06-11 0:28:56:430]	1105 has sent 39% of his messages!
[2014-06-11 0:28:56:433]	1114 has sent 19% of his messages!
[2014-06-11 0:28:56:446]	1117 has sent 19% of his messages!
[2014-06-11 0:28:56:465]	1117 has sent 29% of his messages!
[2014-06-11 0:28:56:468]	1114 has sent 29% of his messages!
[2014-06-11 0:28:56:479]	1083 has sent 19% of his messages!
[2014-06-11 0:28:56:483]	1083 has sent 29% of his messages!
[2014-06-11 0:28:56:496]	1117 has sent 39% of his messages!
[2014-06-11 0:28:56:499]	1117 has sent 49% of his messages!
[2014-06-11 0:28:56:501]	1083 has sent 39% of his messages!
[2014-06-11 0:28:56:509]	1110 has sent 19% of his messages!
[2014-06-11 0:28:56:512]	1100 has sent 29% of his messages!
[2014-06-11 0:28:56:515]	1100 has sent 39% of his messages!
[2014-06-11 0:28:56:529]	1073 has sent 39% of his messages!
[2014-06-11 0:28:56:533]	1073 has sent 49% of his messages!
[2014-06-11 0:28:56:542]	1117 has sent 59% of his messages!
[2014-06-11 0:28:56:546]	1100 has sent 49% of his messages!
[2014-06-11 0:28:56:549]	1114 has sent 39% of his messages!
[2014-06-11 0:28:56:564]	1117 has sent 69% of his messages!
[2014-06-11 0:28:56:567]	1117 has sent 79% of his messages!
[2014-06-11 0:28:56:582]	1110 has sent 29% of his messages!
[2014-06-11 0:28:56:585]	1117 has sent 89% of his messages!
[2014-06-11 0:28:56:596]	1110 has sent 39% of his messages!
[2014-06-11 0:28:56:599]	1110 has sent 49% of his messages!
[2014-06-11 0:28:56:611]	1083 has sent 49% of his messages!
[2014-06-11 0:28:56:614]	1083 has sent 59% of his messages!
[2014-06-11 0:28:56:617]	1083 has sent 69% of his messages!
[2014-06-11 0:28:57:534]	1043 has sent 19% of his messages!
[2014-06-11 0:29:0:252]	1088 has sent 19% of his messages!
[2014-06-11 0:29:0:989]	1043 has sent 29% of his messages!
[2014-06-11 0:29:0:993]	1043 has sent 39% of his messages!
[2014-06-11 0:29:0:995]	1043 has sent 49% of his messages!
[2014-06-11 0:29:1:11]	1043 has sent 59% of his messages!
[2014-06-11 0:29:1:14]	1043 has sent 69% of his messages!
[2014-06-11 0:29:1:15]	1056 has sent 19% of his messages!
[2014-06-11 0:29:1:29]	1043 has sent 79% of his messages!
[2014-06-11 0:29:1:32]	1043 has sent 89% of his messages!
[2014-06-11 0:29:1:45]	1043 has sent 99% of his messages!
[2014-06-11 0:29:1:46]	1056 has sent 29% of his messages!
[2014-06-11 0:29:1:49]	1056 has sent 39% of his messages!
[2014-06-11 0:29:1:78]	1056 has sent 49% of his messages!
[2014-06-11 0:29:1:81]	1056 has sent 59% of his messages!
[2014-06-11 0:29:1:92]	1056 has sent 69% of his messages!
[2014-06-11 0:29:1:94]	1056 has sent 79% of his messages!
[2014-06-11 0:29:1:97]	1056 has sent 89% of his messages!
[2014-06-11 0:29:1:109]	1060 has sent 19% of his messages!
[2014-06-11 0:29:1:114]	1056 has sent 99% of his messages!
[2014-06-11 0:29:1:578]	1060 has sent 29% of his messages!
[2014-06-11 0:29:1:584]	1060 has sent 39% of his messages!
[2014-06-11 0:29:1:595]	1060 has sent 49% of his messages!
[2014-06-11 0:29:1:598]	1060 has sent 59% of his messages!
[2014-06-11 0:29:1:609]	1060 has sent 69% of his messages!
[2014-06-11 0:29:1:612]	1060 has sent 79% of his messages!
[2014-06-11 0:29:1:615]	1060 has sent 89% of his messages!
[2014-06-11 0:29:1:626]	1060 has sent 99% of his messages!
[2014-06-11 0:29:5:347]	1094 has sent 19% of his messages!
[2014-06-11 0:29:7:666]	1088 has sent 29% of his messages!
[2014-06-11 0:29:7:672]	1094 has sent 29% of his messages!
[2014-06-11 0:29:7:683]	1088 has sent 39% of his messages!
[2014-06-11 0:29:7:685]	1088 has sent 49% of his messages!
[2014-06-11 0:29:7:689]	1088 has sent 59% of his messages!
[2014-06-11 0:29:7:699]	1094 has sent 39% of his messages!
[2014-06-11 0:29:7:702]	1094 has sent 49% of his messages!
[2014-06-11 0:29:7:705]	1094 has sent 59% of his messages!
[2014-06-11 0:29:7:716]	1088 has sent 69% of his messages!
[2014-06-11 0:29:7:719]	1088 has sent 79% of his messages!
[2014-06-11 0:29:7:722]	1088 has sent 89% of his messages!
[2014-06-11 0:29:7:732]	1094 has sent 69% of his messages!
[2014-06-11 0:29:7:735]	1094 has sent 79% of his messages!
[2014-06-11 0:29:7:738]	1094 has sent 89% of his messages!
[2014-06-11 0:29:7:749]	1088 has sent 99% of his messages!
[2014-06-11 0:29:7:751]	1094 has sent 99% of his messages!
Total time: 570488ms
[2014-06-11 0:37:28:229]	Terminated successfully
[2014-06-11 0:37:28:229]	Failures: 302325 - Total: 400000
