input file is set to /home/ubuntu/whatsup/simulator/ec2-6.input
[2014-06-08 2:36:25:566]	426 has sent 9% of his messages!
[2014-06-08 2:36:25:635]	424 has sent 9% of his messages!
[2014-06-08 2:36:25:726]	424 has sent 19% of his messages!
[2014-06-08 2:36:25:791]	426 has sent 19% of his messages!
[2014-06-08 2:36:25:806]	439 has sent 9% of his messages!
[2014-06-08 2:36:25:873]	439 has sent 19% of his messages!
[2014-06-08 2:36:25:957]	426 has sent 29% of his messages!
[2014-06-08 2:36:26:3]	424 has sent 29% of his messages!
[2014-06-08 2:36:26:92]	426 has sent 39% of his messages!
[2014-06-08 2:36:26:154]	439 has sent 29% of his messages!
[2014-06-08 2:36:26:236]	424 has sent 39% of his messages!
[2014-06-08 2:36:26:376]	426 has sent 49% of his messages!
[2014-06-08 2:36:26:417]	424 has sent 49% of his messages!
[2014-06-08 2:36:26:484]	439 has sent 39% of his messages!
[2014-06-08 2:36:26:612]	426 has sent 59% of his messages!
[2014-06-08 2:36:26:692]	424 has sent 59% of his messages!
[2014-06-08 2:36:26:709]	439 has sent 49% of his messages!
[2014-06-08 2:36:26:843]	426 has sent 69% of his messages!
[2014-06-08 2:36:26:980]	439 has sent 59% of his messages!
[2014-06-08 2:36:26:981]	424 has sent 69% of his messages!
[2014-06-08 2:36:27:375]	465 has sent 9% of his messages!
[2014-06-08 2:36:27:377]	466 has sent 9% of his messages!
[2014-06-08 2:36:27:395]	472 has sent 9% of his messages!
[2014-06-08 2:36:27:402]	476 has sent 9% of his messages!
[2014-06-08 2:36:27:413]	464 has sent 9% of his messages!
[2014-06-08 2:36:27:440]	459 has sent 9% of his messages!
[2014-06-08 2:36:27:598]	438 has sent 9% of his messages!
[2014-06-08 2:36:27:607]	470 has sent 9% of his messages!
[2014-06-08 2:36:27:650]	435 has sent 9% of his messages!
[2014-06-08 2:36:27:683]	403 has sent 9% of his messages!
[2014-06-08 2:36:27:760]	439 has sent 69% of his messages!
[2014-06-08 2:36:27:772]	424 has sent 79% of his messages!
[2014-06-08 2:36:28:100]	468 has sent 9% of his messages!
[2014-06-08 2:36:28:172]	477 has sent 9% of his messages!
[2014-06-08 2:36:28:202]	413 has sent 9% of his messages!
[2014-06-08 2:36:28:536]	465 has sent 19% of his messages!
[2014-06-08 2:36:28:541]	427 has sent 9% of his messages!
[2014-06-08 2:36:28:566]	470 has sent 19% of his messages!
[2014-06-08 2:36:28:566]	476 has sent 19% of his messages!
[2014-06-08 2:36:28:566]	414 has sent 9% of his messages!
[2014-06-08 2:36:28:566]	446 has sent 9% of his messages!
[2014-06-08 2:36:28:566]	425 has sent 9% of his messages!
[2014-06-08 2:36:28:566]	441 has sent 9% of his messages!
[2014-06-08 2:36:28:566]	478 has sent 9% of his messages!
[2014-06-08 2:36:28:567]	419 has sent 9% of his messages!
[2014-06-08 2:36:28:567]	452 has sent 9% of his messages!
[2014-06-08 2:36:28:567]	460 has sent 9% of his messages!
[2014-06-08 2:36:28:567]	442 has sent 9% of his messages!
[2014-06-08 2:36:28:567]	451 has sent 9% of his messages!
[2014-06-08 2:36:28:567]	436 has sent 9% of his messages!
[2014-06-08 2:36:28:568]	457 has sent 9% of his messages!
[2014-06-08 2:36:28:602]	473 has sent 9% of his messages!
[2014-06-08 2:36:28:618]	447 has sent 9% of his messages!
[2014-06-08 2:36:28:636]	433 has sent 9% of his messages!
[2014-06-08 2:36:28:637]	445 has sent 9% of his messages!
[2014-06-08 2:36:28:652]	479 has sent 9% of his messages!
[2014-06-08 2:36:28:869]	455 has sent 9% of his messages!
[2014-06-08 2:36:28:872]	461 has sent 9% of his messages!
[2014-06-08 2:36:28:872]	415 has sent 9% of his messages!
[2014-06-08 2:36:28:883]	416 has sent 9% of his messages!
[2014-06-08 2:36:28:884]	426 has sent 79% of his messages!
[2014-06-08 2:36:28:884]	421 has sent 9% of his messages!
[2014-06-08 2:36:28:907]	428 has sent 9% of his messages!
[2014-06-08 2:36:28:908]	477 has sent 19% of his messages!
[2014-06-08 2:36:29:23]	413 has sent 19% of his messages!
[2014-06-08 2:36:29:24]	434 has sent 9% of his messages!
[2014-06-08 2:36:29:39]	471 has sent 9% of his messages!
[2014-06-08 2:36:29:41]	480 has sent 9% of his messages!
[2014-06-08 2:36:29:165]	460 has sent 19% of his messages!
[2014-06-08 2:36:29:256]	459 has sent 19% of his messages!
[2014-06-08 2:36:29:285]	445 has sent 19% of his messages!
[2014-06-08 2:36:29:319]	447 has sent 19% of his messages!
[2014-06-08 2:36:29:343]	466 has sent 19% of his messages!
[2014-06-08 2:36:29:554]	441 has sent 19% of his messages!
[2014-06-08 2:36:29:573]	477 has sent 29% of his messages!
[2014-06-08 2:36:29:587]	473 has sent 19% of his messages!
[2014-06-08 2:36:29:601]	421 has sent 19% of his messages!
[2014-06-08 2:36:29:679]	433 has sent 19% of his messages!
[2014-06-08 2:36:29:681]	418 has sent 9% of his messages!
[2014-06-08 2:36:29:692]	479 has sent 19% of his messages!
[2014-06-08 2:36:29:713]	403 has sent 19% of his messages!
[2014-06-08 2:36:30:102]	464 has sent 19% of his messages!
[2014-06-08 2:36:30:200]	446 has sent 19% of his messages!
[2014-06-08 2:36:30:269]	419 has sent 19% of his messages!
[2014-06-08 2:36:30:281]	451 has sent 19% of his messages!
[2014-06-08 2:36:30:281]	476 has sent 29% of his messages!
[2014-06-08 2:36:30:401]	438 has sent 19% of his messages!
[2014-06-08 2:36:30:555]	414 has sent 19% of his messages!
[2014-06-08 2:36:30:573]	424 has sent 89% of his messages!
[2014-06-08 2:36:30:608]	427 has sent 19% of his messages!
[2014-06-08 2:36:30:628]	418 has sent 19% of his messages!
[2014-06-08 2:36:30:631]	461 has sent 19% of his messages!
[2014-06-08 2:36:30:651]	455 has sent 19% of his messages!
[2014-06-08 2:36:30:763]	452 has sent 19% of his messages!
[2014-06-08 2:36:30:902]	470 has sent 29% of his messages!
[2014-06-08 2:36:30:940]	442 has sent 19% of his messages!
[2014-06-08 2:36:30:945]	457 has sent 19% of his messages!
[2014-06-08 2:36:31:44]	468 has sent 19% of his messages!
[2014-06-08 2:36:31:219]	439 has sent 79% of his messages!
[2014-06-08 2:36:31:253]	441 has sent 29% of his messages!
[2014-06-08 2:36:31:319]	457 has sent 29% of his messages!
[2014-06-08 2:36:31:321]	472 has sent 19% of his messages!
[2014-06-08 2:36:31:511]	434 has sent 19% of his messages!
[2014-06-08 2:36:31:539]	459 has sent 29% of his messages!
[2014-06-08 2:36:31:593]	413 has sent 29% of his messages!
[2014-06-08 2:36:31:623]	428 has sent 19% of his messages!
[2014-06-08 2:36:31:652]	415 has sent 19% of his messages!
[2014-06-08 2:36:32:17]	479 has sent 29% of his messages!
[2014-06-08 2:36:32:97]	451 has sent 29% of his messages!
[2014-06-08 2:36:32:264]	421 has sent 29% of his messages!
[2014-06-08 2:36:32:268]	445 has sent 29% of his messages!
[2014-06-08 2:36:32:353]	414 has sent 29% of his messages!
[2014-06-08 2:36:32:477]	416 has sent 19% of his messages!
[2014-06-08 2:36:32:647]	436 has sent 19% of his messages!
[2014-06-08 2:36:32:712]	433 has sent 29% of his messages!
[2014-06-08 2:36:32:728]	426 has sent 89% of his messages!
[2014-06-08 2:36:33:25]	470 has sent 39% of his messages!
[2014-06-08 2:36:33:56]	455 has sent 29% of his messages!
[2014-06-08 2:36:33:101]	418 has sent 29% of his messages!
[2014-06-08 2:36:33:103]	419 has sent 29% of his messages!
[2014-06-08 2:36:33:156]	476 has sent 39% of his messages!
[2014-06-08 2:36:33:185]	435 has sent 19% of his messages!
[2014-06-08 2:36:33:225]	403 has sent 29% of his messages!
[2014-06-08 2:36:33:498]	446 has sent 29% of his messages!
[2014-06-08 2:36:33:688]	425 has sent 19% of his messages!
[2014-06-08 2:36:33:711]	427 has sent 29% of his messages!
[2014-06-08 2:36:33:804]	477 has sent 39% of his messages!
[2014-06-08 2:36:33:808]	424 has sent 99% of his messages!
[2014-06-08 2:36:33:890]	464 has sent 29% of his messages!
[2014-06-08 2:36:33:899]	465 has sent 29% of his messages!
[2014-06-08 2:36:33:964]	460 has sent 29% of his messages!
[2014-06-08 2:36:34:235]	473 has sent 29% of his messages!
[2014-06-08 2:36:34:382]	466 has sent 29% of his messages!
[2014-06-08 2:36:34:509]	452 has sent 29% of his messages!
[2014-06-08 2:36:34:538]	478 has sent 19% of his messages!
[2014-06-08 2:36:34:542]	442 has sent 29% of his messages!
[2014-06-08 2:36:34:764]	447 has sent 29% of his messages!
[2014-06-08 2:36:34:871]	413 has sent 39% of his messages!
[2014-06-08 2:36:34:925]	480 has sent 19% of his messages!
[2014-06-08 2:36:34:989]	421 has sent 39% of his messages!
[2014-06-08 2:36:35:7]	414 has sent 39% of his messages!
[2014-06-08 2:36:35:19]	441 has sent 39% of his messages!
[2014-06-08 2:36:35:24]	439 has sent 89% of his messages!
[2014-06-08 2:36:35:53]	461 has sent 29% of his messages!
[2014-06-08 2:36:35:72]	479 has sent 39% of his messages!
[2014-06-08 2:36:35:113]	433 has sent 39% of his messages!
[2014-06-08 2:36:35:207]	434 has sent 29% of his messages!
[2014-06-08 2:36:35:257]	451 has sent 39% of his messages!
[2014-06-08 2:36:35:258]	457 has sent 39% of his messages!
[2014-06-08 2:36:35:466]	471 has sent 19% of his messages!
[2014-06-08 2:36:35:595]	427 has sent 39% of his messages!
[2014-06-08 2:36:35:609]	415 has sent 29% of his messages!
[2014-06-08 2:36:35:681]	426 has sent 99% of his messages!
[2014-06-08 2:36:35:784]	468 has sent 29% of his messages!
[2014-06-08 2:36:35:821]	461 has sent 39% of his messages!
[2014-06-08 2:36:35:974]	438 has sent 29% of his messages!
[2014-06-08 2:36:36:201]	460 has sent 39% of his messages!
[2014-06-08 2:36:36:213]	436 has sent 29% of his messages!
[2014-06-08 2:36:36:232]	428 has sent 29% of his messages!
[2014-06-08 2:36:36:476]	470 has sent 49% of his messages!
[2014-06-08 2:36:36:493]	477 has sent 49% of his messages!
[2014-06-08 2:36:36:526]	434 has sent 39% of his messages!
[2014-06-08 2:36:36:689]	476 has sent 49% of his messages!
[2014-06-08 2:36:36:764]	441 has sent 49% of his messages!
[2014-06-08 2:36:36:780]	435 has sent 29% of his messages!
[2014-06-08 2:36:36:834]	446 has sent 39% of his messages!
[2014-06-08 2:36:36:934]	472 has sent 29% of his messages!
[2014-06-08 2:36:36:937]	479 has sent 49% of his messages!
[2014-06-08 2:36:37:24]	425 has sent 29% of his messages!
[2014-06-08 2:36:37:97]	445 has sent 39% of his messages!
[2014-06-08 2:36:37:184]	413 has sent 49% of his messages!
[2014-06-08 2:36:37:293]	465 has sent 39% of his messages!
[2014-06-08 2:36:37:309]	418 has sent 39% of his messages!
[2014-06-08 2:36:37:335]	416 has sent 29% of his messages!
[2014-06-08 2:36:37:337]	459 has sent 39% of his messages!
[2014-06-08 2:36:37:376]	473 has sent 39% of his messages!
[2014-06-08 2:36:37:408]	464 has sent 39% of his messages!
[2014-06-08 2:36:37:413]	457 has sent 49% of his messages!
[2014-06-08 2:36:37:460]	419 has sent 39% of his messages!
[2014-06-08 2:36:37:597]	439 has sent 99% of his messages!
[2014-06-08 2:36:37:868]	451 has sent 49% of his messages!
[2014-06-08 2:36:37:926]	433 has sent 49% of his messages!
[2014-06-08 2:36:37:996]	403 has sent 39% of his messages!
[2014-06-08 2:36:38:3]	447 has sent 39% of his messages!
[2014-06-08 2:36:38:49]	415 has sent 39% of his messages!
[2014-06-08 2:36:38:111]	466 has sent 39% of his messages!
[2014-06-08 2:36:38:239]	459 has sent 49% of his messages!
[2014-06-08 2:36:38:365]	442 has sent 39% of his messages!
[2014-06-08 2:36:38:531]	421 has sent 49% of his messages!
[2014-06-08 2:36:38:596]	455 has sent 39% of his messages!
[2014-06-08 2:36:38:632]	471 has sent 29% of his messages!
[2014-06-08 2:36:38:635]	446 has sent 49% of his messages!
[2014-06-08 2:36:38:644]	414 has sent 49% of his messages!
[2014-06-08 2:36:38:953]	478 has sent 29% of his messages!
[2014-06-08 2:36:39:14]	436 has sent 39% of his messages!
[2014-06-08 2:36:39:51]	438 has sent 39% of his messages!
[2014-06-08 2:36:39:98]	468 has sent 39% of his messages!
[2014-06-08 2:36:39:257]	465 has sent 49% of his messages!
[2014-06-08 2:36:39:366]	433 has sent 59% of his messages!
[2014-06-08 2:36:39:374]	480 has sent 29% of his messages!
[2014-06-08 2:36:39:495]	452 has sent 39% of his messages!
[2014-06-08 2:36:39:578]	401 has sent 9% of his messages!
[2014-06-08 2:36:39:595]	461 has sent 49% of his messages!
[2014-06-08 2:36:39:788]	427 has sent 49% of his messages!
[2014-06-08 2:36:39:798]	428 has sent 39% of his messages!
[2014-06-08 2:36:39:838]	441 has sent 59% of his messages!
[2014-06-08 2:36:39:852]	416 has sent 39% of his messages!
[2014-06-08 2:36:39:894]	477 has sent 59% of his messages!
[2014-06-08 2:36:39:973]	479 has sent 59% of his messages!
[2014-06-08 2:36:40:28]	425 has sent 39% of his messages!
[2014-06-08 2:36:40:57]	442 has sent 49% of his messages!
[2014-06-08 2:36:40:93]	473 has sent 49% of his messages!
[2014-06-08 2:36:40:107]	457 has sent 59% of his messages!
[2014-06-08 2:36:40:369]	447 has sent 49% of his messages!
[2014-06-08 2:36:40:383]	470 has sent 59% of his messages!
[2014-06-08 2:36:40:418]	460 has sent 49% of his messages!
[2014-06-08 2:36:40:436]	472 has sent 39% of his messages!
[2014-06-08 2:36:40:482]	459 has sent 59% of his messages!
[2014-06-08 2:36:40:592]	464 has sent 49% of his messages!
[2014-06-08 2:36:40:639]	434 has sent 49% of his messages!
[2014-06-08 2:36:40:730]	451 has sent 59% of his messages!
[2014-06-08 2:36:40:811]	452 has sent 49% of his messages!
[2014-06-08 2:36:40:871]	435 has sent 39% of his messages!
[2014-06-08 2:36:40:885]	445 has sent 49% of his messages!
[2014-06-08 2:36:40:994]	461 has sent 59% of his messages!
[2014-06-08 2:36:41:40]	416 has sent 49% of his messages!
[2014-06-08 2:36:41:132]	446 has sent 59% of his messages!
[2014-06-08 2:36:41:216]	471 has sent 39% of his messages!
[2014-06-08 2:36:41:395]	415 has sent 49% of his messages!
[2014-06-08 2:36:41:411]	478 has sent 39% of his messages!
[2014-06-08 2:36:41:434]	477 has sent 69% of his messages!
[2014-06-08 2:36:41:451]	425 has sent 49% of his messages!
[2014-06-08 2:36:41:490]	460 has sent 59% of his messages!
[2014-06-08 2:36:41:505]	413 has sent 59% of his messages!
[2014-06-08 2:36:41:644]	418 has sent 49% of his messages!
[2014-06-08 2:36:41:668]	414 has sent 59% of his messages!
[2014-06-08 2:36:41:807]	480 has sent 39% of his messages!
[2014-06-08 2:36:41:957]	401 has sent 19% of his messages!
[2014-06-08 2:36:42:40]	455 has sent 49% of his messages!
[2014-06-08 2:36:42:69]	419 has sent 49% of his messages!
[2014-06-08 2:36:42:87]	447 has sent 59% of his messages!
[2014-06-08 2:36:42:157]	457 has sent 69% of his messages!
[2014-06-08 2:36:42:159]	433 has sent 69% of his messages!
[2014-06-08 2:36:42:288]	442 has sent 59% of his messages!
[2014-06-08 2:36:42:333]	421 has sent 59% of his messages!
[2014-06-08 2:36:42:492]	458 has sent 9% of his messages!
[2014-06-08 2:36:42:524]	438 has sent 49% of his messages!
[2014-06-08 2:36:42:526]	441 has sent 69% of his messages!
[2014-06-08 2:36:42:556]	476 has sent 59% of his messages!
[2014-06-08 2:36:42:574]	445 has sent 59% of his messages!
[2014-06-08 2:36:42:609]	428 has sent 49% of his messages!
[2014-06-08 2:36:42:618]	470 has sent 69% of his messages!
[2014-06-08 2:36:42:768]	442 has sent 69% of his messages!
[2014-06-08 2:36:42:787]	461 has sent 69% of his messages!
[2014-06-08 2:36:42:848]	473 has sent 59% of his messages!
[2014-06-08 2:36:42:924]	403 has sent 49% of his messages!
[2014-06-08 2:36:42:940]	434 has sent 59% of his messages!
[2014-06-08 2:36:42:991]	416 has sent 59% of his messages!
[2014-06-08 2:36:43:88]	477 has sent 79% of his messages!
[2014-06-08 2:36:43:196]	451 has sent 69% of his messages!
[2014-06-08 2:36:43:199]	436 has sent 49% of his messages!
[2014-06-08 2:36:43:237]	465 has sent 59% of his messages!
[2014-06-08 2:36:43:256]	458 has sent 19% of his messages!
[2014-06-08 2:36:43:335]	425 has sent 59% of his messages!
[2014-06-08 2:36:43:337]	475 has sent 9% of his messages!
[2014-06-08 2:36:43:354]	435 has sent 49% of his messages!
[2014-06-08 2:36:43:465]	413 has sent 69% of his messages!
[2014-06-08 2:36:43:487]	480 has sent 49% of his messages!
[2014-06-08 2:36:43:553]	468 has sent 49% of his messages!
[2014-06-08 2:36:43:610]	471 has sent 49% of his messages!
[2014-06-08 2:36:43:644]	459 has sent 69% of his messages!
[2014-06-08 2:36:43:676]	472 has sent 49% of his messages!
[2014-06-08 2:36:43:687]	423 has sent 9% of his messages!
[2014-06-08 2:36:43:709]	466 has sent 49% of his messages!
[2014-06-08 2:36:43:740]	414 has sent 69% of his messages!
[2014-06-08 2:36:43:856]	456 has sent 9% of his messages!
[2014-06-08 2:36:44:6]	415 has sent 59% of his messages!
[2014-06-08 2:36:44:18]	479 has sent 69% of his messages!
[2014-06-08 2:36:44:38]	447 has sent 69% of his messages!
[2014-06-08 2:36:44:56]	430 has sent 9% of his messages!
[2014-06-08 2:36:44:74]	453 has sent 9% of his messages!
[2014-06-08 2:36:44:159]	430 has sent 19% of his messages!
[2014-06-08 2:36:44:205]	451 has sent 79% of his messages!
[2014-06-08 2:36:44:208]	463 has sent 9% of his messages!
[2014-06-08 2:36:44:219]	425 has sent 69% of his messages!
[2014-06-08 2:36:44:221]	460 has sent 69% of his messages!
[2014-06-08 2:36:44:268]	478 has sent 49% of his messages!
[2014-06-08 2:36:44:355]	431 has sent 9% of his messages!
[2014-06-08 2:36:45:161]	466 has sent 59% of his messages!
[2014-06-08 2:36:45:164]	448 has sent 9% of his messages!
[2014-06-08 2:36:45:164]	461 has sent 79% of his messages!
[2014-06-08 2:36:45:165]	455 has sent 59% of his messages!
[2014-06-08 2:36:45:166]	441 has sent 79% of his messages!
[2014-06-08 2:36:45:181]	471 has sent 59% of his messages!
[2014-06-08 2:36:45:181]	442 has sent 79% of his messages!
[2014-06-08 2:36:45:182]	423 has sent 19% of his messages!
[2014-06-08 2:36:45:184]	430 has sent 29% of his messages!
[2014-06-08 2:36:45:186]	446 has sent 69% of his messages!
[2014-06-08 2:36:45:188]	403 has sent 59% of his messages!
[2014-06-08 2:36:45:199]	463 has sent 19% of his messages!
[2014-06-08 2:36:45:200]	479 has sent 79% of his messages!
[2014-06-08 2:36:45:201]	419 has sent 59% of his messages!
[2014-06-08 2:36:45:202]	457 has sent 79% of his messages!
[2014-06-08 2:36:45:203]	460 has sent 79% of his messages!
[2014-06-08 2:36:45:204]	413 has sent 79% of his messages!
[2014-06-08 2:36:45:214]	464 has sent 59% of his messages!
[2014-06-08 2:36:45:216]	427 has sent 59% of his messages!
[2014-06-08 2:36:45:217]	418 has sent 59% of his messages!
[2014-06-08 2:36:45:219]	452 has sent 59% of his messages!
[2014-06-08 2:36:45:236]	452 has sent 69% of his messages!
[2014-06-08 2:36:45:237]	423 has sent 29% of his messages!
[2014-06-08 2:36:45:329]	431 has sent 19% of his messages!
[2014-06-08 2:36:45:428]	459 has sent 79% of his messages!
[2014-06-08 2:36:45:434]	478 has sent 59% of his messages!
[2014-06-08 2:36:45:440]	460 has sent 89% of his messages!
[2014-06-08 2:36:45:549]	434 has sent 69% of his messages!
[2014-06-08 2:36:45:600]	428 has sent 59% of his messages!
[2014-06-08 2:36:45:650]	476 has sent 69% of his messages!
[2014-06-08 2:36:45:652]	418 has sent 69% of his messages!
[2014-06-08 2:36:45:663]	470 has sent 79% of his messages!
[2014-06-08 2:36:45:663]	464 has sent 69% of his messages!
[2014-06-08 2:36:45:664]	416 has sent 69% of his messages!
[2014-06-08 2:36:45:664]	445 has sent 69% of his messages!
[2014-06-08 2:36:45:667]	445 has sent 79% of his messages!
[2014-06-08 2:36:45:670]	413 has sent 89% of his messages!
[2014-06-08 2:36:45:670]	477 has sent 89% of his messages!
[2014-06-08 2:36:45:679]	453 has sent 19% of his messages!
[2014-06-08 2:36:45:684]	415 has sent 69% of his messages!
[2014-06-08 2:36:45:712]	453 has sent 29% of his messages!
[2014-06-08 2:36:45:853]	446 has sent 79% of his messages!
[2014-06-08 2:36:45:870]	471 has sent 69% of his messages!
[2014-06-08 2:36:45:875]	459 has sent 89% of his messages!
[2014-06-08 2:36:45:951]	455 has sent 69% of his messages!
[2014-06-08 2:36:46:535]	479 has sent 89% of his messages!
[2014-06-08 2:36:46:536]	418 has sent 79% of his messages!
[2014-06-08 2:36:46:537]	416 has sent 79% of his messages!
[2014-06-08 2:36:46:550]	427 has sent 69% of his messages!
[2014-06-08 2:36:46:552]	414 has sent 79% of his messages!
[2014-06-08 2:36:46:555]	419 has sent 69% of his messages!
[2014-06-08 2:36:46:556]	468 has sent 59% of his messages!
[2014-06-08 2:36:46:558]	421 has sent 69% of his messages!
[2014-06-08 2:36:46:560]	473 has sent 69% of his messages!
[2014-06-08 2:36:46:561]	456 has sent 19% of his messages!
[2014-06-08 2:36:46:574]	438 has sent 59% of his messages!
[2014-06-08 2:36:46:575]	403 has sent 69% of his messages!
[2014-06-08 2:36:46:576]	401 has sent 29% of his messages!
[2014-06-08 2:36:46:579]	401 has sent 39% of his messages!
[2014-06-08 2:36:46:579]	477 has sent 99% of his messages!
[2014-06-08 2:36:46:579]	435 has sent 59% of his messages!
[2014-06-08 2:36:46:580]	475 has sent 19% of his messages!
[2014-06-08 2:36:46:759]	433 has sent 79% of his messages!
[2014-06-08 2:36:46:873]	473 has sent 79% of his messages!
[2014-06-08 2:36:46:886]	459 has sent 99% of his messages!
[2014-06-08 2:36:46:890]	452 has sent 79% of his messages!
[2014-06-08 2:36:46:929]	435 has sent 69% of his messages!
[2014-06-08 2:36:46:930]	421 has sent 79% of his messages!
[2014-06-08 2:36:46:931]	472 has sent 59% of his messages!
[2014-06-08 2:36:46:933]	475 has sent 29% of his messages!
[2014-06-08 2:36:46:994]	433 has sent 89% of his messages!
[2014-06-08 2:36:46:995]	413 has sent 99% of his messages!
[2014-06-08 2:36:46:998]	447 has sent 79% of his messages!
[2014-06-08 2:36:47:152]	421 has sent 89% of his messages!
[2014-06-08 2:36:47:257]	416 has sent 89% of his messages!
[2014-06-08 2:36:47:271]	430 has sent 39% of his messages!
[2014-06-08 2:36:47:277]	478 has sent 69% of his messages!
[2014-06-08 2:36:47:280]	468 has sent 69% of his messages!
[2014-06-08 2:36:47:362]	458 has sent 29% of his messages!
[2014-06-08 2:36:47:454]	445 has sent 89% of his messages!
[2014-06-08 2:36:47:485]	414 has sent 89% of his messages!
[2014-06-08 2:36:47:505]	465 has sent 69% of his messages!
[2014-06-08 2:36:47:538]	463 has sent 29% of his messages!
[2014-06-08 2:36:47:581]	476 has sent 79% of his messages!
[2014-06-08 2:36:47:602]	466 has sent 69% of his messages!
[2014-06-08 2:36:47:675]	479 has sent 99% of his messages!
[2014-06-08 2:36:47:678]	473 has sent 89% of his messages!
[2014-06-08 2:36:47:680]	471 has sent 79% of his messages!
[2014-06-08 2:36:47:683]	403 has sent 79% of his messages!
[2014-06-08 2:36:47:723]	416 has sent 99% of his messages!
[2014-06-08 2:36:47:759]	448 has sent 19% of his messages!
[2014-06-08 2:36:47:890]	465 has sent 79% of his messages!
[2014-06-08 2:36:47:904]	418 has sent 89% of his messages!
[2014-06-08 2:36:47:936]	475 has sent 39% of his messages!
[2014-06-08 2:36:47:938]	442 has sent 89% of his messages!
[2014-06-08 2:36:47:963]	446 has sent 89% of his messages!
[2014-06-08 2:36:48:20]	461 has sent 89% of his messages!
[2014-06-08 2:36:48:75]	414 has sent 99% of his messages!
[2014-06-08 2:36:48:84]	457 has sent 89% of his messages!
[2014-06-08 2:36:48:290]	466 has sent 79% of his messages!
[2014-06-08 2:36:48:340]	460 has sent 99% of his messages!
[2014-06-08 2:36:48:465]	438 has sent 69% of his messages!
[2014-06-08 2:36:48:483]	430 has sent 49% of his messages!
[2014-06-08 2:36:48:489]	480 has sent 59% of his messages!
[2014-06-08 2:36:48:512]	441 has sent 89% of his messages!
[2014-06-08 2:36:48:594]	428 has sent 69% of his messages!
[2014-06-08 2:36:48:622]	430 has sent 59% of his messages!
[2014-06-08 2:36:48:623]	427 has sent 79% of his messages!
[2014-06-08 2:36:48:640]	425 has sent 79% of his messages!
[2014-06-08 2:36:48:653]	470 has sent 89% of his messages!
[2014-06-08 2:36:48:759]	451 has sent 89% of his messages!
[2014-06-08 2:36:48:778]	421 has sent 99% of his messages!
[2014-06-08 2:36:48:855]	463 has sent 39% of his messages!
[2014-06-08 2:36:48:925]	456 has sent 29% of his messages!
[2014-06-08 2:36:48:945]	470 has sent 99% of his messages!
[2014-06-08 2:36:48:967]	419 has sent 79% of his messages!
[2014-06-08 2:36:49:38]	430 has sent 69% of his messages!
[2014-06-08 2:36:49:158]	418 has sent 99% of his messages!
[2014-06-08 2:36:49:207]	423 has sent 39% of his messages!
[2014-06-08 2:36:49:403]	423 has sent 49% of his messages!
[2014-06-08 2:36:49:403]	446 has sent 99% of his messages!
[2014-06-08 2:36:49:404]	457 has sent 99% of his messages!
[2014-06-08 2:36:49:404]	452 has sent 89% of his messages!
[2014-06-08 2:36:49:484]	476 has sent 89% of his messages!
[2014-06-08 2:36:49:515]	434 has sent 79% of his messages!
[2014-06-08 2:36:49:548]	435 has sent 79% of his messages!
[2014-06-08 2:36:49:601]	427 has sent 89% of his messages!
[2014-06-08 2:36:49:604]	453 has sent 39% of his messages!
[2014-06-08 2:36:49:641]	472 has sent 69% of his messages!
[2014-06-08 2:36:49:661]	431 has sent 29% of his messages!
[2014-06-08 2:36:49:664]	445 has sent 99% of his messages!
[2014-06-08 2:36:49:667]	464 has sent 79% of his messages!
[2014-06-08 2:36:49:711]	478 has sent 79% of his messages!
[2014-06-08 2:36:49:799]	455 has sent 79% of his messages!
[2014-06-08 2:36:49:833]	415 has sent 79% of his messages!
[2014-06-08 2:36:49:885]	452 has sent 99% of his messages!
[2014-06-08 2:36:49:901]	401 has sent 49% of his messages!
[2014-06-08 2:36:50:21]	473 has sent 99% of his messages!
[2014-06-08 2:36:50:81]	468 has sent 79% of his messages!
[2014-06-08 2:36:50:82]	447 has sent 89% of his messages!
[2014-06-08 2:36:50:101]	465 has sent 89% of his messages!
[2014-06-08 2:36:50:225]	480 has sent 69% of his messages!
[2014-06-08 2:36:50:229]	419 has sent 89% of his messages!
[2014-06-08 2:36:50:230]	427 has sent 99% of his messages!
[2014-06-08 2:36:50:260]	458 has sent 39% of his messages!
[2014-06-08 2:36:50:445]	403 has sent 89% of his messages!
[2014-06-08 2:36:50:519]	466 has sent 89% of his messages!
[2014-06-08 2:36:50:529]	442 has sent 99% of his messages!
[2014-06-08 2:36:50:581]	425 has sent 89% of his messages!
[2014-06-08 2:36:50:645]	453 has sent 49% of his messages!
[2014-06-08 2:36:50:663]	415 has sent 89% of his messages!
[2014-06-08 2:36:50:692]	456 has sent 39% of his messages!
[2014-06-08 2:36:50:709]	433 has sent 99% of his messages!
[2014-06-08 2:36:50:728]	438 has sent 79% of his messages!
[2014-06-08 2:36:50:746]	448 has sent 29% of his messages!
[2014-06-08 2:36:50:759]	480 has sent 79% of his messages!
[2014-06-08 2:36:50:891]	466 has sent 99% of his messages!
[2014-06-08 2:36:51:68]	436 has sent 59% of his messages!
[2014-06-08 2:36:51:200]	425 has sent 99% of his messages!
[2014-06-08 2:36:51:450]	478 has sent 89% of his messages!
[2014-06-08 2:36:51:450]	475 has sent 49% of his messages!
[2014-06-08 2:36:51:451]	428 has sent 79% of his messages!
[2014-06-08 2:36:51:460]	463 has sent 49% of his messages!
[2014-06-08 2:36:51:495]	447 has sent 99% of his messages!
[2014-06-08 2:36:51:525]	435 has sent 89% of his messages!
[2014-06-08 2:36:51:557]	415 has sent 99% of his messages!
[2014-06-08 2:36:51:575]	441 has sent 99% of his messages!
[2014-06-08 2:36:51:622]	471 has sent 89% of his messages!
[2014-06-08 2:36:51:697]	455 has sent 89% of his messages!
[2014-06-08 2:36:51:797]	461 has sent 99% of his messages!
[2014-06-08 2:36:51:909]	465 has sent 99% of his messages!
[2014-06-08 2:36:51:960]	476 has sent 99% of his messages!
[2014-06-08 2:36:51:992]	451 has sent 99% of his messages!
[2014-06-08 2:36:52:48]	401 has sent 59% of his messages!
[2014-06-08 2:36:52:176]	453 has sent 59% of his messages!
[2014-06-08 2:36:52:202]	448 has sent 39% of his messages!
[2014-06-08 2:36:52:206]	403 has sent 99% of his messages!
[2014-06-08 2:36:52:341]	430 has sent 79% of his messages!
[2014-06-08 2:36:52:365]	419 has sent 99% of his messages!
[2014-06-08 2:36:52:426]	463 has sent 59% of his messages!
[2014-06-08 2:36:52:446]	468 has sent 89% of his messages!
[2014-06-08 2:36:52:448]	472 has sent 79% of his messages!
[2014-06-08 2:36:52:468]	462 has sent 9% of his messages!
[2014-06-08 2:36:52:618]	456 has sent 49% of his messages!
[2014-06-08 2:36:52:623]	443 has sent 9% of his messages!
[2014-06-08 2:36:52:634]	428 has sent 89% of his messages!
[2014-06-08 2:36:52:637]	431 has sent 39% of his messages!
[2014-06-08 2:36:52:668]	480 has sent 89% of his messages!
[2014-06-08 2:36:52:746]	434 has sent 89% of his messages!
[2014-06-08 2:36:52:760]	431 has sent 49% of his messages!
[2014-06-08 2:36:52:789]	448 has sent 49% of his messages!
[2014-06-08 2:36:52:860]	462 has sent 19% of his messages!
[2014-06-08 2:36:52:864]	443 has sent 19% of his messages!
[2014-06-08 2:36:52:882]	428 has sent 99% of his messages!
[2014-06-08 2:36:52:964]	423 has sent 59% of his messages!
[2014-06-08 2:36:52:987]	475 has sent 59% of his messages!
[2014-06-08 2:36:53:3]	471 has sent 99% of his messages!
[2014-06-08 2:36:53:41]	464 has sent 89% of his messages!
[2014-06-08 2:36:53:46]	435 has sent 99% of his messages!
[2014-06-08 2:36:53:69]	462 has sent 29% of his messages!
[2014-06-08 2:36:53:158]	430 has sent 89% of his messages!
[2014-06-08 2:36:53:223]	438 has sent 89% of his messages!
[2014-06-08 2:36:53:296]	436 has sent 69% of his messages!
[2014-06-08 2:36:53:332]	430 has sent 99% of his messages!
[2014-06-08 2:36:53:333]	448 has sent 59% of his messages!
[2014-06-08 2:36:53:363]	423 has sent 69% of his messages!
[2014-06-08 2:36:53:382]	401 has sent 69% of his messages!
[2014-06-08 2:36:53:393]	443 has sent 29% of his messages!
[2014-06-08 2:36:53:445]	458 has sent 49% of his messages!
[2014-06-08 2:36:53:485]	478 has sent 99% of his messages!
[2014-06-08 2:36:53:509]	456 has sent 59% of his messages!
[2014-06-08 2:36:53:579]	423 has sent 79% of his messages!
[2014-06-08 2:36:53:704]	462 has sent 39% of his messages!
[2014-06-08 2:36:53:781]	431 has sent 59% of his messages!
[2014-06-08 2:36:53:815]	463 has sent 69% of his messages!
[2014-06-08 2:36:53:827]	438 has sent 99% of his messages!
[2014-06-08 2:36:53:866]	448 has sent 69% of his messages!
[2014-06-08 2:36:53:871]	401 has sent 79% of his messages!
[2014-06-08 2:36:53:876]	472 has sent 89% of his messages!
[2014-06-08 2:36:53:877]	463 has sent 79% of his messages!
[2014-06-08 2:36:53:894]	458 has sent 59% of his messages!
[2014-06-08 2:36:53:968]	464 has sent 99% of his messages!
[2014-06-08 2:36:53:980]	480 has sent 99% of his messages!
[2014-06-08 2:36:54:1]	453 has sent 69% of his messages!
[2014-06-08 2:36:54:43]	475 has sent 69% of his messages!
[2014-06-08 2:36:54:55]	431 has sent 69% of his messages!
[2014-06-08 2:36:54:60]	455 has sent 99% of his messages!
[2014-06-08 2:36:54:74]	443 has sent 39% of his messages!
[2014-06-08 2:36:54:154]	434 has sent 99% of his messages!
[2014-06-08 2:36:54:166]	462 has sent 49% of his messages!
[2014-06-08 2:36:54:172]	472 has sent 99% of his messages!
[2014-06-08 2:36:54:265]	463 has sent 89% of his messages!
[2014-06-08 2:36:54:279]	431 has sent 79% of his messages!
[2014-06-08 2:36:54:312]	475 has sent 79% of his messages!
[2014-06-08 2:36:54:329]	456 has sent 69% of his messages!
[2014-06-08 2:36:54:343]	443 has sent 49% of his messages!
[2014-06-08 2:36:54:380]	456 has sent 79% of his messages!
[2014-06-08 2:36:54:407]	462 has sent 59% of his messages!
[2014-06-08 2:36:54:456]	436 has sent 79% of his messages!
[2014-06-08 2:36:54:458]	448 has sent 79% of his messages!
[2014-06-08 2:36:54:477]	468 has sent 99% of his messages!
[2014-06-08 2:36:54:505]	423 has sent 89% of his messages!
[2014-06-08 2:36:54:518]	458 has sent 69% of his messages!
[2014-06-08 2:36:54:581]	431 has sent 89% of his messages!
[2014-06-08 2:36:54:588]	456 has sent 89% of his messages!
[2014-06-08 2:36:54:647]	462 has sent 69% of his messages!
[2014-06-08 2:36:54:661]	443 has sent 59% of his messages!
[2014-06-08 2:36:54:714]	453 has sent 79% of his messages!
[2014-06-08 2:36:54:760]	475 has sent 89% of his messages!
[2014-06-08 2:36:54:781]	456 has sent 99% of his messages!
[2014-06-08 2:36:54:791]	436 has sent 89% of his messages!
[2014-06-08 2:36:54:842]	423 has sent 99% of his messages!
[2014-06-08 2:36:54:856]	443 has sent 69% of his messages!
[2014-06-08 2:36:54:882]	431 has sent 99% of his messages!
[2014-06-08 2:36:54:898]	462 has sent 79% of his messages!
[2014-06-08 2:36:54:963]	463 has sent 99% of his messages!
[2014-06-08 2:36:55:14]	453 has sent 89% of his messages!
[2014-06-08 2:36:55:17]	475 has sent 99% of his messages!
[2014-06-08 2:36:55:53]	458 has sent 79% of his messages!
[2014-06-08 2:36:55:112]	401 has sent 89% of his messages!
[2014-06-08 2:36:55:180]	448 has sent 89% of his messages!
[2014-06-08 2:36:55:263]	462 has sent 89% of his messages!
[2014-06-08 2:36:55:287]	458 has sent 89% of his messages!
[2014-06-08 2:36:55:293]	453 has sent 99% of his messages!
[2014-06-08 2:36:55:295]	401 has sent 99% of his messages!
[2014-06-08 2:36:55:372]	443 has sent 79% of his messages!
[2014-06-08 2:36:55:405]	436 has sent 99% of his messages!
[2014-06-08 2:36:55:414]	448 has sent 99% of his messages!
[2014-06-08 2:36:55:420]	462 has sent 99% of his messages!
[2014-06-08 2:36:55:584]	458 has sent 99% of his messages!
[2014-06-08 2:36:55:594]	443 has sent 89% of his messages!
[2014-06-08 2:36:55:695]	443 has sent 99% of his messages!
[2014-06-08 2:36:57:73]	432 has sent 9% of his messages!
[2014-06-08 2:36:57:91]	407 has sent 9% of his messages!
[2014-06-08 2:36:57:111]	408 has sent 9% of his messages!
[2014-06-08 2:36:57:115]	449 has sent 9% of his messages!
[2014-06-08 2:36:57:131]	454 has sent 9% of his messages!
[2014-06-08 2:36:57:152]	402 has sent 9% of his messages!
[2014-06-08 2:36:57:159]	420 has sent 9% of his messages!
[2014-06-08 2:36:57:169]	440 has sent 9% of his messages!
[2014-06-08 2:36:57:173]	444 has sent 9% of his messages!
[2014-06-08 2:36:57:175]	412 has sent 9% of his messages!
[2014-06-08 2:36:57:187]	474 has sent 9% of his messages!
[2014-06-08 2:36:57:190]	404 has sent 9% of his messages!
[2014-06-08 2:36:57:191]	437 has sent 9% of his messages!
[2014-06-08 2:36:57:205]	422 has sent 9% of his messages!
[2014-06-08 2:36:57:207]	422 has sent 19% of his messages!
[2014-06-08 2:36:57:209]	411 has sent 9% of his messages!
[2014-06-08 2:36:57:212]	411 has sent 19% of his messages!
[2014-06-08 2:36:57:213]	432 has sent 19% of his messages!
[2014-06-08 2:36:57:216]	432 has sent 29% of his messages!
[2014-06-08 2:36:57:248]	422 has sent 29% of his messages!
[2014-06-08 2:36:57:250]	411 has sent 29% of his messages!
[2014-06-08 2:36:57:262]	417 has sent 9% of his messages!
[2014-06-08 2:36:57:263]	450 has sent 9% of his messages!
[2014-06-08 2:36:57:265]	410 has sent 9% of his messages!
[2014-06-08 2:36:57:280]	469 has sent 9% of his messages!
[2014-06-08 2:36:57:284]	409 has sent 9% of his messages!
[2014-06-08 2:36:57:287]	405 has sent 9% of his messages!
[2014-06-08 2:36:57:467]	405 has sent 19% of his messages!
[2014-06-08 2:36:57:531]	404 has sent 19% of his messages!
[2014-06-08 2:36:57:576]	449 has sent 19% of his messages!
[2014-06-08 2:36:57:588]	420 has sent 19% of his messages!
[2014-06-08 2:36:57:595]	469 has sent 19% of his messages!
[2014-06-08 2:36:57:636]	405 has sent 29% of his messages!
[2014-06-08 2:36:57:804]	409 has sent 19% of his messages!
[2014-06-08 2:36:57:808]	449 has sent 29% of his messages!
[2014-06-08 2:36:57:881]	417 has sent 19% of his messages!
[2014-06-08 2:36:57:942]	420 has sent 29% of his messages!
[2014-06-08 2:36:57:961]	437 has sent 19% of his messages!
[2014-06-08 2:36:57:991]	454 has sent 19% of his messages!
[2014-06-08 2:36:58:13]	412 has sent 19% of his messages!
[2014-06-08 2:36:58:56]	469 has sent 29% of his messages!
[2014-06-08 2:36:58:77]	409 has sent 29% of his messages!
[2014-06-08 2:36:58:89]	474 has sent 19% of his messages!
[2014-06-08 2:36:58:94]	409 has sent 39% of his messages!
[2014-06-08 2:36:58:119]	404 has sent 29% of his messages!
[2014-06-08 2:36:58:137]	407 has sent 19% of his messages!
[2014-06-08 2:36:58:139]	407 has sent 29% of his messages!
[2014-06-08 2:36:58:143]	449 has sent 39% of his messages!
[2014-06-08 2:36:58:158]	444 has sent 19% of his messages!
[2014-06-08 2:36:58:160]	444 has sent 29% of his messages!
[2014-06-08 2:36:58:162]	412 has sent 29% of his messages!
[2014-06-08 2:36:58:183]	444 has sent 39% of his messages!
[2014-06-08 2:36:58:198]	412 has sent 39% of his messages!
[2014-06-08 2:36:58:214]	450 has sent 19% of his messages!
[2014-06-08 2:36:58:219]	444 has sent 49% of his messages!
[2014-06-08 2:36:58:246]	440 has sent 19% of his messages!
[2014-06-08 2:36:58:249]	412 has sent 49% of his messages!
[2014-06-08 2:36:58:252]	437 has sent 29% of his messages!
[2014-06-08 2:36:58:264]	450 has sent 29% of his messages!
[2014-06-08 2:36:58:283]	402 has sent 19% of his messages!
[2014-06-08 2:36:58:403]	420 has sent 39% of his messages!
[2014-06-08 2:36:58:417]	417 has sent 29% of his messages!
[2014-06-08 2:36:58:438]	474 has sent 29% of his messages!
[2014-06-08 2:36:58:486]	420 has sent 49% of his messages!
[2014-06-08 2:36:58:501]	417 has sent 39% of his messages!
[2014-06-08 2:36:58:588]	417 has sent 49% of his messages!
[2014-06-08 2:36:58:609]	474 has sent 39% of his messages!
[2014-06-08 2:36:58:611]	420 has sent 59% of his messages!
[2014-06-08 2:36:58:680]	417 has sent 59% of his messages!
[2014-06-08 2:36:58:739]	420 has sent 69% of his messages!
[2014-06-08 2:36:58:748]	474 has sent 49% of his messages!
[2014-06-08 2:36:58:786]	417 has sent 69% of his messages!
[2014-06-08 2:36:58:888]	420 has sent 79% of his messages!
[2014-06-08 2:36:58:891]	474 has sent 59% of his messages!
[2014-06-08 2:36:58:960]	417 has sent 79% of his messages!
[2014-06-08 2:36:58:987]	474 has sent 69% of his messages!
[2014-06-08 2:36:59:10]	420 has sent 89% of his messages!
[2014-06-08 2:36:59:149]	420 has sent 99% of his messages!
[2014-06-08 2:36:59:158]	474 has sent 79% of his messages!
[2014-06-08 2:36:59:187]	417 has sent 89% of his messages!
[2014-06-08 2:36:59:245]	474 has sent 89% of his messages!
[2014-06-08 2:36:59:389]	417 has sent 99% of his messages!
[2014-06-08 2:36:59:480]	474 has sent 99% of his messages!
[2014-06-08 2:37:9:296]	429 has sent 9% of his messages!
[2014-06-08 2:37:9:297]	467 has sent 9% of his messages!
[2014-06-08 2:37:9:330]	467 has sent 19% of his messages!
[2014-06-08 2:37:9:342]	467 has sent 29% of his messages!
[2014-06-08 2:37:9:364]	429 has sent 19% of his messages!
[2014-06-08 2:37:9:410]	467 has sent 39% of his messages!
[2014-06-08 2:37:9:428]	429 has sent 29% of his messages!
[2014-06-08 2:37:9:483]	429 has sent 39% of his messages!
[2014-06-08 2:37:9:485]	467 has sent 49% of his messages!
[2014-06-08 2:37:9:525]	467 has sent 59% of his messages!
[2014-06-08 2:37:9:550]	429 has sent 49% of his messages!
[2014-06-08 2:37:9:553]	467 has sent 69% of his messages!
[2014-06-08 2:37:9:595]	467 has sent 79% of his messages!
[2014-06-08 2:37:9:639]	429 has sent 59% of his messages!
[2014-06-08 2:37:9:664]	429 has sent 69% of his messages!
[2014-06-08 2:37:9:687]	467 has sent 89% of his messages!
[2014-06-08 2:37:9:703]	429 has sent 79% of his messages!
[2014-06-08 2:37:9:721]	429 has sent 89% of his messages!
[2014-06-08 2:37:9:735]	467 has sent 99% of his messages!
[2014-06-08 2:37:9:771]	429 has sent 99% of his messages!
[2014-06-08 2:41:27:787]	406 has sent 9% of his messages!
Total time: 511992ms
[2014-06-08 2:44:38:471]	Terminated successfully
[2014-06-08 2:44:38:471]	Failures: 63767 - Total: 400000
