input file is set to /home/ubuntu/whatsup/simulator/ec2-13.input
[2014-06-08 2:36:33:678]	1010 has sent 9% of his messages!
[2014-06-08 2:36:33:692]	977 has sent 9% of his messages!
[2014-06-08 2:36:33:694]	986 has sent 9% of his messages!
[2014-06-08 2:36:33:942]	973 has sent 9% of his messages!
[2014-06-08 2:36:33:960]	1010 has sent 19% of his messages!
[2014-06-08 2:36:34:39]	977 has sent 19% of his messages!
[2014-06-08 2:36:34:45]	986 has sent 19% of his messages!
[2014-06-08 2:36:34:109]	973 has sent 19% of his messages!
[2014-06-08 2:36:34:395]	986 has sent 29% of his messages!
[2014-06-08 2:36:34:603]	977 has sent 29% of his messages!
[2014-06-08 2:36:34:619]	986 has sent 39% of his messages!
[2014-06-08 2:36:34:665]	973 has sent 29% of his messages!
[2014-06-08 2:36:34:699]	1010 has sent 29% of his messages!
[2014-06-08 2:36:34:791]	973 has sent 39% of his messages!
[2014-06-08 2:36:34:940]	1010 has sent 39% of his messages!
[2014-06-08 2:36:34:967]	977 has sent 39% of his messages!
[2014-06-08 2:36:35:81]	986 has sent 49% of his messages!
[2014-06-08 2:36:35:114]	977 has sent 49% of his messages!
[2014-06-08 2:36:35:232]	973 has sent 49% of his messages!
[2014-06-08 2:36:35:338]	1003 has sent 9% of his messages!
[2014-06-08 2:36:35:352]	1010 has sent 49% of his messages!
[2014-06-08 2:36:35:373]	1031 has sent 9% of his messages!
[2014-06-08 2:36:35:455]	970 has sent 9% of his messages!
[2014-06-08 2:36:35:465]	1034 has sent 9% of his messages!
[2014-06-08 2:36:35:645]	1008 has sent 9% of his messages!
[2014-06-08 2:36:35:711]	983 has sent 9% of his messages!
[2014-06-08 2:36:35:716]	1037 has sent 9% of his messages!
[2014-06-08 2:36:35:732]	996 has sent 9% of his messages!
[2014-06-08 2:36:35:809]	1010 has sent 59% of his messages!
[2014-06-08 2:36:35:958]	996 has sent 19% of his messages!
[2014-06-08 2:36:35:988]	970 has sent 19% of his messages!
[2014-06-08 2:36:35:991]	990 has sent 9% of his messages!
[2014-06-08 2:36:36:104]	1031 has sent 19% of his messages!
[2014-06-08 2:36:36:107]	983 has sent 19% of his messages!
[2014-06-08 2:36:36:152]	986 has sent 59% of his messages!
[2014-06-08 2:36:36:229]	1003 has sent 19% of his messages!
[2014-06-08 2:36:36:403]	1034 has sent 19% of his messages!
[2014-06-08 2:36:36:493]	977 has sent 59% of his messages!
[2014-06-08 2:36:36:621]	970 has sent 29% of his messages!
[2014-06-08 2:36:36:774]	996 has sent 29% of his messages!
[2014-06-08 2:36:36:793]	1031 has sent 29% of his messages!
[2014-06-08 2:36:36:822]	1008 has sent 19% of his messages!
[2014-06-08 2:36:36:857]	977 has sent 69% of his messages!
[2014-06-08 2:36:36:907]	973 has sent 59% of his messages!
[2014-06-08 2:36:36:909]	990 has sent 19% of his messages!
[2014-06-08 2:36:36:956]	1031 has sent 39% of his messages!
[2014-06-08 2:36:37:143]	1010 has sent 69% of his messages!
[2014-06-08 2:36:37:239]	1037 has sent 19% of his messages!
[2014-06-08 2:36:37:436]	1003 has sent 29% of his messages!
[2014-06-08 2:36:37:624]	1008 has sent 29% of his messages!
[2014-06-08 2:36:37:782]	983 has sent 29% of his messages!
[2014-06-08 2:36:37:832]	977 has sent 79% of his messages!
[2014-06-08 2:36:37:876]	1034 has sent 29% of his messages!
[2014-06-08 2:36:37:878]	1031 has sent 49% of his messages!
[2014-06-08 2:36:37:889]	996 has sent 39% of his messages!
[2014-06-08 2:36:38:86]	1037 has sent 29% of his messages!
[2014-06-08 2:36:38:117]	990 has sent 29% of his messages!
[2014-06-08 2:36:38:151]	986 has sent 69% of his messages!
[2014-06-08 2:36:38:162]	973 has sent 69% of his messages!
[2014-06-08 2:36:38:264]	1008 has sent 39% of his messages!
[2014-06-08 2:36:38:403]	1003 has sent 39% of his messages!
[2014-06-08 2:36:38:468]	1010 has sent 79% of his messages!
[2014-06-08 2:36:38:515]	1034 has sent 39% of his messages!
[2014-06-08 2:36:38:600]	983 has sent 39% of his messages!
[2014-06-08 2:36:38:685]	973 has sent 79% of his messages!
[2014-06-08 2:36:38:742]	966 has sent 9% of his messages!
[2014-06-08 2:36:38:754]	986 has sent 79% of his messages!
[2014-06-08 2:36:38:891]	1031 has sent 59% of his messages!
[2014-06-08 2:36:38:985]	1010 has sent 89% of his messages!
[2014-06-08 2:36:39:12]	977 has sent 89% of his messages!
[2014-06-08 2:36:39:47]	990 has sent 39% of his messages!
[2014-06-08 2:36:39:211]	996 has sent 49% of his messages!
[2014-06-08 2:36:39:224]	970 has sent 39% of his messages!
[2014-06-08 2:36:39:241]	1003 has sent 49% of his messages!
[2014-06-08 2:36:39:367]	1008 has sent 49% of his messages!
[2014-06-08 2:36:39:391]	983 has sent 49% of his messages!
[2014-06-08 2:36:39:445]	1037 has sent 39% of his messages!
[2014-06-08 2:36:39:562]	966 has sent 19% of his messages!
[2014-06-08 2:36:39:595]	973 has sent 89% of his messages!
[2014-06-08 2:36:39:660]	977 has sent 99% of his messages!
[2014-06-08 2:36:39:708]	1010 has sent 99% of his messages!
[2014-06-08 2:36:39:803]	1034 has sent 49% of his messages!
[2014-06-08 2:36:39:847]	1031 has sent 69% of his messages!
[2014-06-08 2:36:39:900]	1003 has sent 59% of his messages!
[2014-06-08 2:36:39:903]	966 has sent 29% of his messages!
[2014-06-08 2:36:39:959]	970 has sent 49% of his messages!
[2014-06-08 2:36:40:129]	996 has sent 59% of his messages!
[2014-06-08 2:36:40:203]	986 has sent 89% of his messages!
[2014-06-08 2:36:40:531]	1031 has sent 79% of his messages!
[2014-06-08 2:36:40:646]	1014 has sent 9% of his messages!
[2014-06-08 2:36:40:747]	990 has sent 49% of his messages!
[2014-06-08 2:36:40:786]	983 has sent 59% of his messages!
[2014-06-08 2:36:40:832]	1008 has sent 59% of his messages!
[2014-06-08 2:36:40:990]	1034 has sent 59% of his messages!
[2014-06-08 2:36:41:43]	1037 has sent 49% of his messages!
[2014-06-08 2:36:41:95]	1031 has sent 89% of his messages!
[2014-06-08 2:36:41:135]	973 has sent 99% of his messages!
[2014-06-08 2:36:41:197]	1003 has sent 69% of his messages!
[2014-06-08 2:36:41:235]	986 has sent 99% of his messages!
[2014-06-08 2:36:41:376]	970 has sent 59% of his messages!
[2014-06-08 2:36:41:568]	996 has sent 69% of his messages!
[2014-06-08 2:36:41:588]	1014 has sent 19% of his messages!
[2014-06-08 2:36:41:590]	966 has sent 39% of his messages!
[2014-06-08 2:36:41:827]	1008 has sent 69% of his messages!
[2014-06-08 2:36:42:52]	1003 has sent 79% of his messages!
[2014-06-08 2:36:42:87]	990 has sent 59% of his messages!
[2014-06-08 2:36:42:112]	1031 has sent 99% of his messages!
[2014-06-08 2:36:42:201]	1034 has sent 69% of his messages!
[2014-06-08 2:36:42:269]	983 has sent 69% of his messages!
[2014-06-08 2:36:42:331]	1037 has sent 59% of his messages!
[2014-06-08 2:36:42:372]	996 has sent 79% of his messages!
[2014-06-08 2:36:42:527]	1014 has sent 29% of his messages!
[2014-06-08 2:36:42:577]	966 has sent 49% of his messages!
[2014-06-08 2:36:42:679]	970 has sent 69% of his messages!
[2014-06-08 2:36:42:796]	990 has sent 69% of his messages!
[2014-06-08 2:36:42:846]	1008 has sent 79% of his messages!
[2014-06-08 2:36:42:917]	1037 has sent 69% of his messages!
[2014-06-08 2:36:42:950]	983 has sent 79% of his messages!
[2014-06-08 2:36:43:64]	996 has sent 89% of his messages!
[2014-06-08 2:36:43:181]	970 has sent 79% of his messages!
[2014-06-08 2:36:43:299]	1003 has sent 89% of his messages!
[2014-06-08 2:36:43:411]	983 has sent 89% of his messages!
[2014-06-08 2:36:43:424]	1014 has sent 39% of his messages!
[2014-06-08 2:36:43:442]	1034 has sent 79% of his messages!
[2014-06-08 2:36:43:477]	990 has sent 79% of his messages!
[2014-06-08 2:36:43:488]	1008 has sent 89% of his messages!
[2014-06-08 2:36:43:579]	1037 has sent 79% of his messages!
[2014-06-08 2:36:43:679]	996 has sent 99% of his messages!
[2014-06-08 2:36:43:775]	966 has sent 59% of his messages!
[2014-06-08 2:36:43:966]	1008 has sent 99% of his messages!
[2014-06-08 2:36:43:987]	970 has sent 89% of his messages!
[2014-06-08 2:36:44:119]	1034 has sent 89% of his messages!
[2014-06-08 2:36:44:136]	983 has sent 99% of his messages!
[2014-06-08 2:36:44:265]	990 has sent 89% of his messages!
[2014-06-08 2:36:44:269]	1003 has sent 99% of his messages!
[2014-06-08 2:36:44:314]	1037 has sent 89% of his messages!
[2014-06-08 2:36:44:450]	1034 has sent 99% of his messages!
[2014-06-08 2:36:44:487]	1014 has sent 49% of his messages!
[2014-06-08 2:36:44:598]	970 has sent 99% of his messages!
[2014-06-08 2:36:44:635]	966 has sent 69% of his messages!
[2014-06-08 2:36:44:654]	1037 has sent 99% of his messages!
[2014-06-08 2:36:44:931]	1014 has sent 59% of his messages!
[2014-06-08 2:36:44:966]	990 has sent 99% of his messages!
[2014-06-08 2:36:44:995]	966 has sent 79% of his messages!
[2014-06-08 2:36:45:115]	1014 has sent 69% of his messages!
[2014-06-08 2:36:45:185]	966 has sent 89% of his messages!
[2014-06-08 2:36:45:235]	1014 has sent 79% of his messages!
[2014-06-08 2:36:45:339]	1014 has sent 89% of his messages!
[2014-06-08 2:36:45:380]	966 has sent 99% of his messages!
[2014-06-08 2:36:45:476]	1014 has sent 99% of his messages!
[2014-06-08 2:37:3:18]	1015 has sent 9% of his messages!
[2014-06-08 2:37:3:34]	1016 has sent 9% of his messages!
[2014-06-08 2:37:3:38]	1028 has sent 9% of his messages!
[2014-06-08 2:37:3:50]	1018 has sent 9% of his messages!
[2014-06-08 2:37:3:54]	1001 has sent 9% of his messages!
[2014-06-08 2:37:3:71]	974 has sent 9% of his messages!
[2014-06-08 2:37:3:86]	1011 has sent 9% of his messages!
[2014-06-08 2:37:3:106]	1040 has sent 9% of his messages!
[2014-06-08 2:37:3:126]	968 has sent 9% of his messages!
[2014-06-08 2:37:3:143]	1035 has sent 9% of his messages!
[2014-06-08 2:37:3:158]	964 has sent 9% of his messages!
[2014-06-08 2:37:3:401]	976 has sent 9% of his messages!
[2014-06-08 2:37:3:442]	1018 has sent 19% of his messages!
[2014-06-08 2:37:3:451]	1011 has sent 19% of his messages!
[2014-06-08 2:37:3:462]	974 has sent 19% of his messages!
[2014-06-08 2:37:3:465]	974 has sent 29% of his messages!
[2014-06-08 2:37:3:466]	998 has sent 9% of his messages!
[2014-06-08 2:37:3:467]	1013 has sent 9% of his messages!
[2014-06-08 2:37:3:482]	1028 has sent 19% of his messages!
[2014-06-08 2:37:3:485]	1028 has sent 29% of his messages!
[2014-06-08 2:37:3:489]	1018 has sent 29% of his messages!
[2014-06-08 2:37:3:491]	1006 has sent 9% of his messages!
[2014-06-08 2:37:3:507]	998 has sent 19% of his messages!
[2014-06-08 2:37:3:636]	1027 has sent 9% of his messages!
[2014-06-08 2:37:3:636]	1000 has sent 9% of his messages!
[2014-06-08 2:37:3:638]	1035 has sent 19% of his messages!
[2014-06-08 2:37:3:638]	1004 has sent 9% of his messages!
[2014-06-08 2:37:3:639]	1009 has sent 9% of his messages!
[2014-06-08 2:37:3:639]	978 has sent 9% of his messages!
[2014-06-08 2:37:3:639]	963 has sent 9% of his messages!
[2014-06-08 2:37:3:639]	1039 has sent 9% of his messages!
[2014-06-08 2:37:3:639]	1007 has sent 9% of his messages!
[2014-06-08 2:37:3:639]	981 has sent 9% of his messages!
[2014-06-08 2:37:3:640]	1024 has sent 9% of his messages!
[2014-06-08 2:37:3:640]	1026 has sent 9% of his messages!
[2014-06-08 2:37:3:640]	1021 has sent 9% of his messages!
[2014-06-08 2:37:3:640]	997 has sent 9% of his messages!
[2014-06-08 2:37:3:640]	969 has sent 9% of his messages!
[2014-06-08 2:37:3:640]	989 has sent 9% of his messages!
[2014-06-08 2:37:3:640]	961 has sent 9% of his messages!
[2014-06-08 2:37:3:641]	1030 has sent 9% of his messages!
[2014-06-08 2:37:3:641]	987 has sent 9% of his messages!
[2014-06-08 2:37:3:641]	1020 has sent 9% of his messages!
[2014-06-08 2:37:3:641]	1023 has sent 9% of his messages!
[2014-06-08 2:37:3:641]	1019 has sent 9% of his messages!
[2014-06-08 2:37:3:642]	1032 has sent 9% of his messages!
[2014-06-08 2:37:3:642]	1033 has sent 9% of his messages!
[2014-06-08 2:37:3:643]	993 has sent 9% of his messages!
[2014-06-08 2:37:3:643]	980 has sent 9% of his messages!
[2014-06-08 2:37:3:658]	999 has sent 9% of his messages!
[2014-06-08 2:37:3:662]	1012 has sent 9% of his messages!
[2014-06-08 2:37:3:674]	1005 has sent 9% of his messages!
[2014-06-08 2:37:3:675]	976 has sent 19% of his messages!
[2014-06-08 2:37:3:715]	1006 has sent 19% of his messages!
[2014-06-08 2:37:3:732]	1013 has sent 19% of his messages!
[2014-06-08 2:37:3:735]	1033 has sent 19% of his messages!
[2014-06-08 2:37:3:739]	1033 has sent 29% of his messages!
[2014-06-08 2:37:3:767]	1033 has sent 39% of his messages!
[2014-06-08 2:37:3:786]	971 has sent 9% of his messages!
[2014-06-08 2:37:3:964]	1013 has sent 29% of his messages!
[2014-06-08 2:37:4:31]	1013 has sent 39% of his messages!
[2014-06-08 2:37:4:58]	1006 has sent 29% of his messages!
[2014-06-08 2:37:4:94]	1013 has sent 49% of his messages!
[2014-06-08 2:37:4:206]	1013 has sent 59% of his messages!
[2014-06-08 2:37:4:274]	1006 has sent 39% of his messages!
[2014-06-08 2:37:4:330]	1006 has sent 49% of his messages!
[2014-06-08 2:37:4:393]	1013 has sent 69% of his messages!
[2014-06-08 2:37:4:408]	971 has sent 19% of his messages!
[2014-06-08 2:37:4:554]	1013 has sent 79% of his messages!
[2014-06-08 2:37:4:676]	1012 has sent 19% of his messages!
[2014-06-08 2:37:4:713]	1006 has sent 59% of his messages!
[2014-06-08 2:37:4:746]	1013 has sent 89% of his messages!
[2014-06-08 2:37:4:764]	971 has sent 29% of his messages!
[2014-06-08 2:37:4:768]	1005 has sent 19% of his messages!
[2014-06-08 2:37:4:803]	1006 has sent 69% of his messages!
[2014-06-08 2:37:4:804]	971 has sent 39% of his messages!
[2014-06-08 2:37:4:913]	1012 has sent 29% of his messages!
[2014-06-08 2:37:4:923]	1013 has sent 99% of his messages!
[2014-06-08 2:37:4:940]	1005 has sent 29% of his messages!
[2014-06-08 2:37:4:971]	971 has sent 49% of his messages!
[2014-06-08 2:37:5:15]	1012 has sent 39% of his messages!
[2014-06-08 2:37:5:67]	971 has sent 59% of his messages!
[2014-06-08 2:37:5:77]	1006 has sent 79% of his messages!
[2014-06-08 2:37:5:112]	1005 has sent 39% of his messages!
[2014-06-08 2:37:5:127]	1006 has sent 89% of his messages!
[2014-06-08 2:37:5:184]	1012 has sent 49% of his messages!
[2014-06-08 2:37:5:187]	1005 has sent 49% of his messages!
[2014-06-08 2:37:5:235]	971 has sent 69% of his messages!
[2014-06-08 2:37:5:323]	1006 has sent 99% of his messages!
[2014-06-08 2:37:5:324]	1005 has sent 59% of his messages!
[2014-06-08 2:37:5:366]	1012 has sent 59% of his messages!
[2014-06-08 2:37:5:406]	971 has sent 79% of his messages!
[2014-06-08 2:37:5:412]	1005 has sent 69% of his messages!
[2014-06-08 2:37:5:439]	1012 has sent 69% of his messages!
[2014-06-08 2:37:5:480]	1005 has sent 79% of his messages!
[2014-06-08 2:37:5:526]	971 has sent 89% of his messages!
[2014-06-08 2:37:5:544]	1012 has sent 79% of his messages!
[2014-06-08 2:37:5:591]	1012 has sent 89% of his messages!
[2014-06-08 2:37:5:605]	1005 has sent 89% of his messages!
[2014-06-08 2:37:5:654]	1012 has sent 99% of his messages!
[2014-06-08 2:37:5:666]	971 has sent 99% of his messages!
[2014-06-08 2:37:5:684]	1005 has sent 99% of his messages!
Total time: 502499ms
[2014-06-08 2:44:35:33]	Terminated successfully
[2014-06-08 2:44:35:33]	Failures: 271846 - Total: 400000
