input file is set to /home/ubuntu/whatsup/simulator/ec2-20.input
[2014-06-08 2:36:45:863]	1565 has sent 9% of his messages!
[2014-06-08 2:36:45:893]	1556 has sent 9% of his messages!
[2014-06-08 2:36:46:6]	1556 has sent 19% of his messages!
[2014-06-08 2:36:46:101]	1565 has sent 19% of his messages!
[2014-06-08 2:36:46:150]	1556 has sent 29% of his messages!
[2014-06-08 2:36:46:274]	1565 has sent 29% of his messages!
[2014-06-08 2:36:46:467]	1565 has sent 39% of his messages!
[2014-06-08 2:36:46:529]	1556 has sent 39% of his messages!
[2014-06-08 2:36:46:666]	1565 has sent 49% of his messages!
[2014-06-08 2:36:46:683]	1556 has sent 49% of his messages!
[2014-06-08 2:36:46:868]	1565 has sent 59% of his messages!
[2014-06-08 2:36:46:998]	1556 has sent 59% of his messages!
[2014-06-08 2:36:47:80]	1565 has sent 69% of his messages!
[2014-06-08 2:36:47:220]	1556 has sent 69% of his messages!
[2014-06-08 2:36:47:290]	1565 has sent 79% of his messages!
[2014-06-08 2:36:47:449]	1556 has sent 79% of his messages!
[2014-06-08 2:36:47:468]	1565 has sent 89% of his messages!
[2014-06-08 2:36:47:601]	1556 has sent 89% of his messages!
[2014-06-08 2:36:47:633]	1565 has sent 99% of his messages!
[2014-06-08 2:36:47:758]	1556 has sent 99% of his messages!
[2014-06-08 2:36:49:199]	1552 has sent 9% of his messages!
[2014-06-08 2:36:49:200]	1574 has sent 9% of his messages!
[2014-06-08 2:36:49:233]	1592 has sent 9% of his messages!
[2014-06-08 2:36:49:522]	1587 has sent 9% of his messages!
[2014-06-08 2:36:49:536]	1595 has sent 9% of his messages!
[2014-06-08 2:36:49:537]	1523 has sent 9% of his messages!
[2014-06-08 2:36:49:554]	1586 has sent 9% of his messages!
[2014-06-08 2:36:49:589]	1586 has sent 19% of his messages!
[2014-06-08 2:36:49:589]	1574 has sent 19% of his messages!
[2014-06-08 2:36:49:593]	1574 has sent 29% of his messages!
[2014-06-08 2:36:49:646]	1522 has sent 9% of his messages!
[2014-06-08 2:36:49:646]	1569 has sent 9% of his messages!
[2014-06-08 2:36:49:650]	1597 has sent 9% of his messages!
[2014-06-08 2:36:49:653]	1592 has sent 19% of his messages!
[2014-06-08 2:36:49:662]	1570 has sent 9% of his messages!
[2014-06-08 2:36:49:665]	1579 has sent 9% of his messages!
[2014-06-08 2:36:49:670]	1573 has sent 9% of his messages!
[2014-06-08 2:36:49:684]	1526 has sent 9% of his messages!
[2014-06-08 2:36:49:700]	1570 has sent 19% of his messages!
[2014-06-08 2:36:49:735]	1569 has sent 19% of his messages!
[2014-06-08 2:36:49:756]	1598 has sent 9% of his messages!
[2014-06-08 2:36:49:779]	1579 has sent 19% of his messages!
[2014-06-08 2:36:49:793]	1573 has sent 19% of his messages!
[2014-06-08 2:36:49:795]	1526 has sent 19% of his messages!
[2014-06-08 2:36:49:840]	1587 has sent 19% of his messages!
[2014-06-08 2:36:49:870]	1522 has sent 19% of his messages!
[2014-06-08 2:36:49:980]	1552 has sent 19% of his messages!
[2014-06-08 2:36:49:997]	1579 has sent 29% of his messages!
[2014-06-08 2:36:50:10]	1526 has sent 29% of his messages!
[2014-06-08 2:36:50:26]	1522 has sent 29% of his messages!
[2014-06-08 2:36:50:61]	1587 has sent 29% of his messages!
[2014-06-08 2:36:50:71]	1598 has sent 19% of his messages!
[2014-06-08 2:36:50:197]	1552 has sent 29% of his messages!
[2014-06-08 2:36:50:297]	1598 has sent 29% of his messages!
[2014-06-08 2:36:50:314]	1523 has sent 19% of his messages!
[2014-06-08 2:36:50:327]	1570 has sent 29% of his messages!
[2014-06-08 2:36:50:330]	1597 has sent 19% of his messages!
[2014-06-08 2:36:50:344]	1592 has sent 29% of his messages!
[2014-06-08 2:36:50:381]	1552 has sent 39% of his messages!
[2014-06-08 2:36:50:392]	1586 has sent 29% of his messages!
[2014-06-08 2:36:50:395]	1574 has sent 39% of his messages!
[2014-06-08 2:36:50:424]	1587 has sent 39% of his messages!
[2014-06-08 2:36:50:475]	1573 has sent 29% of his messages!
[2014-06-08 2:36:50:494]	1587 has sent 49% of his messages!
[2014-06-08 2:36:50:828]	1569 has sent 29% of his messages!
[2014-06-08 2:36:50:930]	1597 has sent 29% of his messages!
[2014-06-08 2:36:51:118]	1592 has sent 39% of his messages!
[2014-06-08 2:36:51:118]	1579 has sent 39% of his messages!
[2014-06-08 2:36:51:118]	1570 has sent 39% of his messages!
[2014-06-08 2:36:51:129]	1595 has sent 19% of his messages!
[2014-06-08 2:36:51:162]	1597 has sent 39% of his messages!
[2014-06-08 2:36:51:261]	1586 has sent 39% of his messages!
[2014-06-08 2:36:51:275]	1570 has sent 49% of his messages!
[2014-06-08 2:36:51:293]	1587 has sent 59% of his messages!
[2014-06-08 2:36:51:296]	1526 has sent 39% of his messages!
[2014-06-08 2:36:51:339]	1573 has sent 39% of his messages!
[2014-06-08 2:36:51:364]	1598 has sent 39% of his messages!
[2014-06-08 2:36:51:380]	1597 has sent 49% of his messages!
[2014-06-08 2:36:51:432]	1574 has sent 49% of his messages!
[2014-06-08 2:36:51:460]	1592 has sent 49% of his messages!
[2014-06-08 2:36:51:474]	1552 has sent 49% of his messages!
[2014-06-08 2:36:51:492]	1574 has sent 59% of his messages!
[2014-06-08 2:36:51:533]	1569 has sent 39% of his messages!
[2014-06-08 2:36:51:617]	1573 has sent 49% of his messages!
[2014-06-08 2:36:51:648]	1570 has sent 59% of his messages!
[2014-06-08 2:36:51:731]	1523 has sent 29% of his messages!
[2014-06-08 2:36:51:804]	1522 has sent 39% of his messages!
[2014-06-08 2:36:51:831]	1579 has sent 49% of his messages!
[2014-06-08 2:36:51:936]	1586 has sent 49% of his messages!
[2014-06-08 2:36:51:985]	1570 has sent 69% of his messages!
[2014-06-08 2:36:52:33]	1597 has sent 59% of his messages!
[2014-06-08 2:36:52:35]	1574 has sent 69% of his messages!
[2014-06-08 2:36:52:76]	1598 has sent 49% of his messages!
[2014-06-08 2:36:52:128]	1587 has sent 69% of his messages!
[2014-06-08 2:36:52:131]	1598 has sent 59% of his messages!
[2014-06-08 2:36:52:152]	1595 has sent 29% of his messages!
[2014-06-08 2:36:52:238]	1574 has sent 79% of his messages!
[2014-06-08 2:36:52:342]	1526 has sent 49% of his messages!
[2014-06-08 2:36:52:343]	1569 has sent 49% of his messages!
[2014-06-08 2:36:52:379]	1592 has sent 59% of his messages!
[2014-06-08 2:36:52:391]	1522 has sent 49% of his messages!
[2014-06-08 2:36:52:411]	1575 has sent 9% of his messages!
[2014-06-08 2:36:52:495]	1522 has sent 59% of his messages!
[2014-06-08 2:36:52:508]	1579 has sent 59% of his messages!
[2014-06-08 2:36:52:567]	1598 has sent 69% of his messages!
[2014-06-08 2:36:52:689]	1586 has sent 59% of his messages!
[2014-06-08 2:36:52:702]	1597 has sent 69% of his messages!
[2014-06-08 2:36:52:719]	1552 has sent 59% of his messages!
[2014-06-08 2:36:52:802]	1595 has sent 39% of his messages!
[2014-06-08 2:36:52:815]	1573 has sent 59% of his messages!
[2014-06-08 2:36:52:949]	1569 has sent 59% of his messages!
[2014-06-08 2:36:52:986]	1587 has sent 79% of his messages!
[2014-06-08 2:36:52:988]	1523 has sent 39% of his messages!
[2014-06-08 2:36:53:4]	1570 has sent 79% of his messages!
[2014-06-08 2:36:53:116]	1592 has sent 69% of his messages!
[2014-06-08 2:36:53:163]	1598 has sent 79% of his messages!
[2014-06-08 2:36:53:176]	1574 has sent 89% of his messages!
[2014-06-08 2:36:53:226]	1526 has sent 59% of his messages!
[2014-06-08 2:36:53:242]	1552 has sent 69% of his messages!
[2014-06-08 2:36:53:262]	1573 has sent 69% of his messages!
[2014-06-08 2:36:53:311]	1522 has sent 69% of his messages!
[2014-06-08 2:36:53:313]	1579 has sent 69% of his messages!
[2014-06-08 2:36:53:365]	1575 has sent 19% of his messages!
[2014-06-08 2:36:53:450]	1597 has sent 79% of his messages!
[2014-06-08 2:36:53:467]	1522 has sent 79% of his messages!
[2014-06-08 2:36:53:481]	1569 has sent 69% of his messages!
[2014-06-08 2:36:53:483]	1574 has sent 99% of his messages!
[2014-06-08 2:36:53:502]	1570 has sent 89% of his messages!
[2014-06-08 2:36:53:560]	1570 has sent 99% of his messages!
[2014-06-08 2:36:53:580]	1586 has sent 69% of his messages!
[2014-06-08 2:36:53:628]	1522 has sent 89% of his messages!
[2014-06-08 2:36:53:630]	1526 has sent 69% of his messages!
[2014-06-08 2:36:53:696]	1592 has sent 79% of his messages!
[2014-06-08 2:36:53:708]	1579 has sent 79% of his messages!
[2014-06-08 2:36:53:767]	1526 has sent 79% of his messages!
[2014-06-08 2:36:53:769]	1523 has sent 49% of his messages!
[2014-06-08 2:36:53:772]	1597 has sent 89% of his messages!
[2014-06-08 2:36:53:792]	1595 has sent 49% of his messages!
[2014-06-08 2:36:53:925]	1587 has sent 89% of his messages!
[2014-06-08 2:36:53:939]	1552 has sent 79% of his messages!
[2014-06-08 2:36:54:6]	1573 has sent 79% of his messages!
[2014-06-08 2:36:54:21]	1586 has sent 79% of his messages!
[2014-06-08 2:36:54:170]	1592 has sent 89% of his messages!
[2014-06-08 2:36:54:173]	1569 has sent 79% of his messages!
[2014-06-08 2:36:54:203]	1579 has sent 89% of his messages!
[2014-06-08 2:36:54:224]	1526 has sent 89% of his messages!
[2014-06-08 2:36:54:237]	1595 has sent 59% of his messages!
[2014-06-08 2:36:54:255]	1575 has sent 29% of his messages!
[2014-06-08 2:36:54:316]	1522 has sent 99% of his messages!
[2014-06-08 2:36:54:332]	1598 has sent 89% of his messages!
[2014-06-08 2:36:54:393]	1569 has sent 89% of his messages!
[2014-06-08 2:36:54:436]	1587 has sent 99% of his messages!
[2014-06-08 2:36:54:454]	1526 has sent 99% of his messages!
[2014-06-08 2:36:54:502]	1597 has sent 99% of his messages!
[2014-06-08 2:36:54:518]	1586 has sent 89% of his messages!
[2014-06-08 2:36:54:524]	1595 has sent 69% of his messages!
[2014-06-08 2:36:54:573]	1569 has sent 99% of his messages!
[2014-06-08 2:36:54:605]	1552 has sent 89% of his messages!
[2014-06-08 2:36:54:649]	1579 has sent 99% of his messages!
[2014-06-08 2:36:54:733]	1595 has sent 79% of his messages!
[2014-06-08 2:36:54:751]	1552 has sent 99% of his messages!
[2014-06-08 2:36:54:753]	1573 has sent 89% of his messages!
[2014-06-08 2:36:54:796]	1598 has sent 99% of his messages!
[2014-06-08 2:36:54:872]	1523 has sent 59% of his messages!
[2014-06-08 2:36:54:890]	1592 has sent 99% of his messages!
[2014-06-08 2:36:54:933]	1575 has sent 39% of his messages!
[2014-06-08 2:36:55:0]	1586 has sent 99% of his messages!
[2014-06-08 2:36:55:19]	1523 has sent 69% of his messages!
[2014-06-08 2:36:55:20]	1575 has sent 49% of his messages!
[2014-06-08 2:36:55:56]	1595 has sent 89% of his messages!
[2014-06-08 2:36:55:59]	1573 has sent 99% of his messages!
[2014-06-08 2:36:55:161]	1575 has sent 59% of his messages!
[2014-06-08 2:36:55:164]	1595 has sent 99% of his messages!
[2014-06-08 2:36:55:214]	1523 has sent 79% of his messages!
[2014-06-08 2:36:55:318]	1575 has sent 69% of his messages!
[2014-06-08 2:36:55:357]	1523 has sent 89% of his messages!
[2014-06-08 2:36:55:425]	1575 has sent 79% of his messages!
[2014-06-08 2:36:55:456]	1523 has sent 99% of his messages!
[2014-06-08 2:36:55:507]	1575 has sent 89% of his messages!
[2014-06-08 2:36:55:610]	1575 has sent 99% of his messages!
[2014-06-08 2:37:4:138]	1582 has sent 9% of his messages!
[2014-06-08 2:37:4:159]	1582 has sent 19% of his messages!
[2014-06-08 2:37:4:199]	1582 has sent 29% of his messages!
[2014-06-08 2:37:4:244]	1582 has sent 39% of his messages!
[2014-06-08 2:37:4:299]	1582 has sent 49% of his messages!
[2014-06-08 2:37:4:375]	1582 has sent 59% of his messages!
[2014-06-08 2:37:4:431]	1582 has sent 69% of his messages!
[2014-06-08 2:37:4:483]	1582 has sent 79% of his messages!
[2014-06-08 2:37:4:515]	1582 has sent 89% of his messages!
[2014-06-08 2:37:4:531]	1582 has sent 99% of his messages!
[2014-06-08 2:37:9:350]	1536 has sent 9% of his messages!
[2014-06-08 2:37:9:386]	1564 has sent 9% of his messages!
[2014-06-08 2:37:9:401]	1529 has sent 9% of his messages!
[2014-06-08 2:37:9:418]	1525 has sent 9% of his messages!
[2014-06-08 2:37:9:434]	1559 has sent 9% of his messages!
[2014-06-08 2:37:9:449]	1563 has sent 9% of his messages!
[2014-06-08 2:37:9:465]	1554 has sent 9% of his messages!
[2014-06-08 2:37:9:469]	1600 has sent 9% of his messages!
[2014-06-08 2:37:9:482]	1537 has sent 9% of his messages!
[2014-06-08 2:37:9:612]	1538 has sent 9% of his messages!
[2014-06-08 2:37:9:624]	1560 has sent 9% of his messages!
[2014-06-08 2:37:9:625]	1533 has sent 9% of his messages!
[2014-06-08 2:37:9:626]	1562 has sent 9% of his messages!
[2014-06-08 2:37:9:626]	1558 has sent 9% of his messages!
[2014-06-08 2:37:9:641]	1555 has sent 9% of his messages!
[2014-06-08 2:37:9:719]	1544 has sent 9% of his messages!
[2014-06-08 2:37:9:721]	1530 has sent 9% of his messages!
[2014-06-08 2:37:9:724]	1568 has sent 9% of his messages!
[2014-06-08 2:37:9:733]	1599 has sent 9% of his messages!
[2014-06-08 2:37:9:736]	1534 has sent 9% of his messages!
[2014-06-08 2:37:9:738]	1539 has sent 9% of his messages!
[2014-06-08 2:37:9:740]	1566 has sent 9% of his messages!
[2014-06-08 2:37:9:750]	1567 has sent 9% of his messages!
[2014-06-08 2:37:9:842]	1547 has sent 9% of his messages!
[2014-06-08 2:37:9:877]	1527 has sent 9% of his messages!
[2014-06-08 2:37:9:891]	1535 has sent 9% of his messages!
[2014-06-08 2:37:9:892]	1561 has sent 9% of his messages!
[2014-06-08 2:37:9:905]	1530 has sent 19% of his messages!
[2014-06-08 2:37:9:907]	1547 has sent 19% of his messages!
[2014-06-08 2:37:9:909]	1548 has sent 9% of his messages!
[2014-06-08 2:37:9:922]	1545 has sent 9% of his messages!
[2014-06-08 2:37:9:922]	1524 has sent 9% of his messages!
[2014-06-08 2:37:9:927]	1531 has sent 9% of his messages!
[2014-06-08 2:37:9:943]	1532 has sent 9% of his messages!
[2014-06-08 2:37:10:14]	1530 has sent 29% of his messages!
[2014-06-08 2:37:10:150]	1589 has sent 9% of his messages!
[2014-06-08 2:37:10:193]	1599 has sent 19% of his messages!
[2014-06-08 2:37:10:197]	1557 has sent 9% of his messages!
[2014-06-08 2:37:10:210]	1568 has sent 19% of his messages!
[2014-06-08 2:37:10:322]	1548 has sent 19% of his messages!
[2014-06-08 2:37:10:333]	1589 has sent 19% of his messages!
[2014-06-08 2:37:10:333]	1599 has sent 29% of his messages!
[2014-06-08 2:37:10:334]	1553 has sent 9% of his messages!
[2014-06-08 2:37:10:334]	1560 has sent 19% of his messages!
[2014-06-08 2:37:10:334]	1561 has sent 19% of his messages!
[2014-06-08 2:37:10:358]	1555 has sent 19% of his messages!
[2014-06-08 2:37:10:376]	1558 has sent 19% of his messages!
[2014-06-08 2:37:10:378]	1538 has sent 19% of his messages!
[2014-06-08 2:37:10:381]	1538 has sent 29% of his messages!
[2014-06-08 2:37:10:381]	1525 has sent 19% of his messages!
[2014-06-08 2:37:10:474]	1524 has sent 19% of his messages!
[2014-06-08 2:37:10:477]	1562 has sent 19% of his messages!
[2014-06-08 2:37:10:494]	1545 has sent 19% of his messages!
[2014-06-08 2:37:10:559]	1566 has sent 19% of his messages!
[2014-06-08 2:37:10:574]	1558 has sent 29% of his messages!
[2014-06-08 2:37:10:617]	1535 has sent 19% of his messages!
[2014-06-08 2:37:10:637]	1560 has sent 29% of his messages!
[2014-06-08 2:37:10:714]	1544 has sent 19% of his messages!
[2014-06-08 2:37:10:729]	1558 has sent 39% of his messages!
[2014-06-08 2:37:10:854]	1548 has sent 29% of his messages!
[2014-06-08 2:37:10:864]	1560 has sent 39% of his messages!
[2014-06-08 2:37:10:866]	1557 has sent 19% of his messages!
[2014-06-08 2:37:10:866]	1567 has sent 19% of his messages!
[2014-06-08 2:37:10:884]	1534 has sent 19% of his messages!
[2014-06-08 2:37:10:896]	1535 has sent 29% of his messages!
[2014-06-08 2:37:10:901]	1539 has sent 19% of his messages!
[2014-06-08 2:37:10:934]	1537 has sent 19% of his messages!
[2014-06-08 2:37:10:935]	1560 has sent 49% of his messages!
[2014-06-08 2:37:10:962]	1531 has sent 19% of his messages!
[2014-06-08 2:37:11:82]	1564 has sent 19% of his messages!
[2014-06-08 2:37:11:85]	1559 has sent 19% of his messages!
[2014-06-08 2:37:11:85]	1567 has sent 29% of his messages!
[2014-06-08 2:37:11:117]	1554 has sent 19% of his messages!
[2014-06-08 2:37:11:144]	1553 has sent 19% of his messages!
[2014-06-08 2:37:11:177]	1538 has sent 39% of his messages!
[2014-06-08 2:37:11:183]	1529 has sent 19% of his messages!
[2014-06-08 2:37:11:199]	1567 has sent 39% of his messages!
[2014-06-08 2:37:11:212]	1564 has sent 29% of his messages!
[2014-06-08 2:37:11:294]	1555 has sent 29% of his messages!
[2014-06-08 2:37:11:400]	1535 has sent 39% of his messages!
[2014-06-08 2:37:11:470]	1558 has sent 49% of his messages!
[2014-06-08 2:37:11:481]	1561 has sent 29% of his messages!
[2014-06-08 2:37:11:483]	1525 has sent 29% of his messages!
[2014-06-08 2:37:11:485]	1532 has sent 19% of his messages!
[2014-06-08 2:37:11:499]	1557 has sent 29% of his messages!
[2014-06-08 2:37:11:502]	1560 has sent 59% of his messages!
[2014-06-08 2:37:11:503]	1599 has sent 39% of his messages!
[2014-06-08 2:37:11:516]	1566 has sent 29% of his messages!
[2014-06-08 2:37:11:517]	1568 has sent 29% of his messages!
[2014-06-08 2:37:11:520]	1553 has sent 29% of his messages!
[2014-06-08 2:37:11:529]	1600 has sent 19% of his messages!
[2014-06-08 2:37:11:535]	1559 has sent 29% of his messages!
[2014-06-08 2:37:11:564]	1567 has sent 49% of his messages!
[2014-06-08 2:37:11:566]	1529 has sent 29% of his messages!
[2014-06-08 2:37:11:568]	1545 has sent 29% of his messages!
[2014-06-08 2:37:11:643]	1531 has sent 29% of his messages!
[2014-06-08 2:37:11:776]	1563 has sent 19% of his messages!
[2014-06-08 2:37:11:841]	1554 has sent 29% of his messages!
[2014-06-08 2:37:11:845]	1536 has sent 19% of his messages!
[2014-06-08 2:37:11:892]	1562 has sent 29% of his messages!
[2014-06-08 2:37:11:896]	1558 has sent 59% of his messages!
[2014-06-08 2:37:12:41]	1558 has sent 69% of his messages!
[2014-06-08 2:37:12:56]	1599 has sent 49% of his messages!
[2014-06-08 2:37:12:57]	1567 has sent 59% of his messages!
[2014-06-08 2:37:12:73]	1539 has sent 29% of his messages!
[2014-06-08 2:37:12:85]	1537 has sent 29% of his messages!
[2014-06-08 2:37:12:89]	1557 has sent 39% of his messages!
[2014-06-08 2:37:12:119]	1524 has sent 29% of his messages!
[2014-06-08 2:37:12:137]	1545 has sent 39% of his messages!
[2014-06-08 2:37:12:202]	1533 has sent 19% of his messages!
[2014-06-08 2:37:12:203]	1600 has sent 29% of his messages!
[2014-06-08 2:37:12:277]	1589 has sent 29% of his messages!
[2014-06-08 2:37:12:309]	1563 has sent 29% of his messages!
[2014-06-08 2:37:12:328]	1532 has sent 29% of his messages!
[2014-06-08 2:37:12:345]	1525 has sent 39% of his messages!
[2014-06-08 2:37:12:361]	1557 has sent 49% of his messages!
[2014-06-08 2:37:12:389]	1558 has sent 79% of his messages!
[2014-06-08 2:37:12:395]	1563 has sent 39% of his messages!
[2014-06-08 2:37:12:870]	1553 has sent 39% of his messages!
[2014-06-08 2:37:12:875]	1547 has sent 29% of his messages!
[2014-06-08 2:37:12:887]	1548 has sent 39% of his messages!
[2014-06-08 2:37:12:890]	1566 has sent 39% of his messages!
[2014-06-08 2:37:12:903]	1533 has sent 29% of his messages!
[2014-06-08 2:37:12:920]	1557 has sent 59% of his messages!
[2014-06-08 2:37:12:920]	1537 has sent 39% of his messages!
[2014-06-08 2:37:12:922]	1544 has sent 29% of his messages!
[2014-06-08 2:37:12:924]	1531 has sent 39% of his messages!
[2014-06-08 2:37:12:934]	1529 has sent 39% of his messages!
[2014-06-08 2:37:12:936]	1529 has sent 49% of his messages!
[2014-06-08 2:37:12:936]	1538 has sent 49% of his messages!
[2014-06-08 2:37:12:938]	1599 has sent 59% of his messages!
[2014-06-08 2:37:12:941]	1599 has sent 69% of his messages!
[2014-06-08 2:37:12:950]	1567 has sent 69% of his messages!
[2014-06-08 2:37:12:953]	1567 has sent 79% of his messages!
[2014-06-08 2:37:12:953]	1561 has sent 39% of his messages!
[2014-06-08 2:37:12:956]	1561 has sent 49% of his messages!
[2014-06-08 2:37:12:956]	1564 has sent 39% of his messages!
[2014-06-08 2:37:13:84]	1534 has sent 29% of his messages!
[2014-06-08 2:37:13:94]	1568 has sent 39% of his messages!
[2014-06-08 2:37:13:96]	1560 has sent 69% of his messages!
[2014-06-08 2:37:13:109]	1555 has sent 39% of his messages!
[2014-06-08 2:37:13:112]	1562 has sent 39% of his messages!
[2014-06-08 2:37:13:115]	1545 has sent 49% of his messages!
[2014-06-08 2:37:13:134]	1539 has sent 39% of his messages!
[2014-06-08 2:37:13:137]	1539 has sent 49% of his messages!
[2014-06-08 2:37:13:149]	1532 has sent 39% of his messages!
[2014-06-08 2:37:13:153]	1532 has sent 49% of his messages!
[2014-06-08 2:37:13:153]	1524 has sent 39% of his messages!
[2014-06-08 2:37:13:154]	1561 has sent 59% of his messages!
[2014-06-08 2:37:13:167]	1600 has sent 39% of his messages!
[2014-06-08 2:37:13:169]	1554 has sent 39% of his messages!
[2014-06-08 2:37:13:172]	1531 has sent 49% of his messages!
[2014-06-08 2:37:13:181]	1564 has sent 49% of his messages!
[2014-06-08 2:37:13:182]	1557 has sent 69% of his messages!
[2014-06-08 2:37:13:185]	1557 has sent 79% of his messages!
[2014-06-08 2:37:13:185]	1538 has sent 59% of his messages!
[2014-06-08 2:37:13:187]	1547 has sent 39% of his messages!
[2014-06-08 2:37:13:246]	1537 has sent 49% of his messages!
[2014-06-08 2:37:13:252]	1524 has sent 49% of his messages!
[2014-06-08 2:37:13:264]	1538 has sent 69% of his messages!
[2014-06-08 2:37:13:315]	1527 has sent 19% of his messages!
[2014-06-08 2:37:13:316]	1563 has sent 49% of his messages!
[2014-06-08 2:37:13:328]	1560 has sent 79% of his messages!
[2014-06-08 2:37:13:332]	1535 has sent 49% of his messages!
[2014-06-08 2:37:13:360]	1545 has sent 59% of his messages!
[2014-06-08 2:37:13:363]	1563 has sent 59% of his messages!
[2014-06-08 2:37:13:376]	1558 has sent 89% of his messages!
[2014-06-08 2:37:13:381]	1555 has sent 49% of his messages!
[2014-06-08 2:37:13:393]	1561 has sent 69% of his messages!
[2014-06-08 2:37:13:413]	1563 has sent 69% of his messages!
[2014-06-08 2:37:13:416]	1534 has sent 39% of his messages!
[2014-06-08 2:37:13:431]	1562 has sent 49% of his messages!
[2014-06-08 2:37:13:433]	1568 has sent 49% of his messages!
[2014-06-08 2:37:13:435]	1547 has sent 49% of his messages!
[2014-06-08 2:37:13:523]	1599 has sent 79% of his messages!
[2014-06-08 2:37:13:550]	1536 has sent 29% of his messages!
[2014-06-08 2:37:13:552]	1589 has sent 39% of his messages!
[2014-06-08 2:37:13:558]	1527 has sent 29% of his messages!
[2014-06-08 2:37:13:593]	1554 has sent 49% of his messages!
[2014-06-08 2:37:13:640]	1545 has sent 69% of his messages!
[2014-06-08 2:37:13:661]	1544 has sent 39% of his messages!
[2014-06-08 2:37:13:673]	1558 has sent 99% of his messages!
[2014-06-08 2:37:13:727]	1525 has sent 49% of his messages!
[2014-06-08 2:37:13:741]	1539 has sent 59% of his messages!
[2014-06-08 2:37:13:744]	1566 has sent 49% of his messages!
[2014-06-08 2:37:14:178]	1538 has sent 79% of his messages!
[2014-06-08 2:37:14:178]	1539 has sent 69% of his messages!
[2014-06-08 2:37:14:181]	1539 has sent 79% of his messages!
[2014-06-08 2:37:14:182]	1534 has sent 49% of his messages!
[2014-06-08 2:37:14:183]	1555 has sent 59% of his messages!
[2014-06-08 2:37:14:185]	1555 has sent 69% of his messages!
[2014-06-08 2:37:14:185]	1600 has sent 49% of his messages!
[2014-06-08 2:37:14:198]	1537 has sent 59% of his messages!
[2014-06-08 2:37:14:201]	1537 has sent 69% of his messages!
[2014-06-08 2:37:14:201]	1563 has sent 79% of his messages!
[2014-06-08 2:37:14:202]	1568 has sent 59% of his messages!
[2014-06-08 2:37:14:205]	1559 has sent 39% of his messages!
[2014-06-08 2:37:14:206]	1547 has sent 59% of his messages!
[2014-06-08 2:37:14:209]	1547 has sent 69% of his messages!
[2014-06-08 2:37:14:209]	1564 has sent 59% of his messages!
[2014-06-08 2:37:14:222]	1533 has sent 39% of his messages!
[2014-06-08 2:37:14:225]	1533 has sent 49% of his messages!
[2014-06-08 2:37:14:225]	1561 has sent 79% of his messages!
[2014-06-08 2:37:14:228]	1561 has sent 89% of his messages!
[2014-06-08 2:37:14:240]	1559 has sent 49% of his messages!
[2014-06-08 2:37:14:247]	1566 has sent 59% of his messages!
[2014-06-08 2:37:14:268]	1555 has sent 79% of his messages!
[2014-06-08 2:37:14:299]	1545 has sent 79% of his messages!
[2014-06-08 2:37:14:318]	1564 has sent 69% of his messages!
[2014-06-08 2:37:14:562]	1553 has sent 49% of his messages!
[2014-06-08 2:37:14:575]	1531 has sent 59% of his messages!
[2014-06-08 2:37:14:577]	1534 has sent 59% of his messages!
[2014-06-08 2:37:14:578]	1560 has sent 89% of his messages!
[2014-06-08 2:37:14:578]	1529 has sent 59% of his messages!
[2014-06-08 2:37:14:580]	1563 has sent 89% of his messages!
[2014-06-08 2:37:14:580]	1525 has sent 59% of his messages!
[2014-06-08 2:37:14:592]	1538 has sent 89% of his messages!
[2014-06-08 2:37:14:597]	1534 has sent 69% of his messages!
[2014-06-08 2:37:14:598]	1525 has sent 69% of his messages!
[2014-06-08 2:37:14:614]	1545 has sent 89% of his messages!
[2014-06-08 2:37:14:647]	1538 has sent 99% of his messages!
[2014-06-08 2:37:14:660]	1535 has sent 59% of his messages!
[2014-06-08 2:37:14:662]	1524 has sent 59% of his messages!
[2014-06-08 2:37:14:672]	1589 has sent 49% of his messages!
[2014-06-08 2:37:14:676]	1563 has sent 99% of his messages!
[2014-06-08 2:37:14:676]	1600 has sent 59% of his messages!
[2014-06-08 2:37:14:693]	1567 has sent 89% of his messages!
[2014-06-08 2:37:14:707]	1568 has sent 69% of his messages!
[2014-06-08 2:37:14:789]	1553 has sent 59% of his messages!
[2014-06-08 2:37:14:839]	1524 has sent 69% of his messages!
[2014-06-08 2:37:14:867]	1531 has sent 69% of his messages!
[2014-06-08 2:37:14:867]	1548 has sent 49% of his messages!
[2014-06-08 2:37:14:872]	1600 has sent 69% of his messages!
[2014-06-08 2:37:14:913]	1562 has sent 59% of his messages!
[2014-06-08 2:37:14:953]	1600 has sent 79% of his messages!
[2014-06-08 2:37:14:956]	1533 has sent 59% of his messages!
[2014-06-08 2:37:14:975]	1557 has sent 89% of his messages!
[2014-06-08 2:37:15:90]	1535 has sent 69% of his messages!
[2014-06-08 2:37:15:106]	1600 has sent 89% of his messages!
[2014-06-08 2:37:15:108]	1564 has sent 79% of his messages!
[2014-06-08 2:37:15:111]	1545 has sent 99% of his messages!
[2014-06-08 2:37:15:112]	1561 has sent 99% of his messages!
[2014-06-08 2:37:15:188]	1537 has sent 79% of his messages!
[2014-06-08 2:37:15:301]	1534 has sent 79% of his messages!
[2014-06-08 2:37:15:381]	1566 has sent 69% of his messages!
[2014-06-08 2:37:15:383]	1555 has sent 89% of his messages!
[2014-06-08 2:37:15:387]	1527 has sent 39% of his messages!
[2014-06-08 2:37:15:399]	1535 has sent 79% of his messages!
[2014-06-08 2:37:15:419]	1547 has sent 79% of his messages!
[2014-06-08 2:37:15:466]	1532 has sent 59% of his messages!
[2014-06-08 2:37:15:470]	1536 has sent 39% of his messages!
[2014-06-08 2:37:15:488]	1529 has sent 69% of his messages!
[2014-06-08 2:37:15:673]	1599 has sent 89% of his messages!
[2014-06-08 2:37:15:676]	1539 has sent 89% of his messages!
[2014-06-08 2:37:15:707]	1525 has sent 79% of his messages!
[2014-06-08 2:37:15:710]	1554 has sent 59% of his messages!
[2014-06-08 2:37:15:730]	1560 has sent 99% of his messages!
[2014-06-08 2:37:15:942]	1559 has sent 59% of his messages!
[2014-06-08 2:37:15:970]	1539 has sent 99% of his messages!
[2014-06-08 2:37:15:971]	1567 has sent 99% of his messages!
[2014-06-08 2:37:15:986]	1557 has sent 99% of his messages!
[2014-06-08 2:37:15:988]	1568 has sent 79% of his messages!
[2014-06-08 2:37:16:89]	1564 has sent 89% of his messages!
[2014-06-08 2:37:16:106]	1544 has sent 49% of his messages!
[2014-06-08 2:37:16:124]	1600 has sent 99% of his messages!
[2014-06-08 2:37:16:159]	1532 has sent 69% of his messages!
[2014-06-08 2:37:16:187]	1524 has sent 79% of his messages!
[2014-06-08 2:37:16:190]	1599 has sent 99% of his messages!
[2014-06-08 2:37:16:266]	1529 has sent 79% of his messages!
[2014-06-08 2:37:16:268]	1589 has sent 59% of his messages!
[2014-06-08 2:37:16:282]	1534 has sent 89% of his messages!
[2014-06-08 2:37:16:287]	1548 has sent 59% of his messages!
[2014-06-08 2:37:16:335]	1555 has sent 99% of his messages!
[2014-06-08 2:37:16:425]	1589 has sent 69% of his messages!
[2014-06-08 2:37:16:427]	1532 has sent 79% of his messages!
[2014-06-08 2:37:16:527]	1529 has sent 89% of his messages!
[2014-06-08 2:37:16:607]	1527 has sent 49% of his messages!
[2014-06-08 2:37:16:625]	1589 has sent 79% of his messages!
[2014-06-08 2:37:16:723]	1548 has sent 69% of his messages!
[2014-06-08 2:37:16:725]	1559 has sent 69% of his messages!
[2014-06-08 2:37:16:739]	1553 has sent 69% of his messages!
[2014-06-08 2:37:16:790]	1533 has sent 69% of his messages!
[2014-06-08 2:37:16:807]	1537 has sent 89% of his messages!
[2014-06-08 2:37:16:822]	1529 has sent 99% of his messages!
[2014-06-08 2:37:16:880]	1534 has sent 99% of his messages!
[2014-06-08 2:37:16:895]	1566 has sent 79% of his messages!
[2014-06-08 2:37:16:907]	1536 has sent 49% of his messages!
[2014-06-08 2:37:16:909]	1535 has sent 89% of his messages!
[2014-06-08 2:37:16:932]	1535 has sent 99% of his messages!
[2014-06-08 2:37:16:951]	1524 has sent 89% of his messages!
[2014-06-08 2:37:16:953]	1531 has sent 79% of his messages!
[2014-06-08 2:37:16:971]	1548 has sent 79% of his messages!
[2014-06-08 2:37:16:973]	1548 has sent 89% of his messages!
[2014-06-08 2:37:16:975]	1547 has sent 89% of his messages!
[2014-06-08 2:37:16:990]	1536 has sent 59% of his messages!
[2014-06-08 2:37:16:992]	1536 has sent 69% of his messages!
[2014-06-08 2:37:17:4]	1547 has sent 99% of his messages!
[2014-06-08 2:37:17:7]	1548 has sent 99% of his messages!
[2014-06-08 2:37:17:51]	1531 has sent 89% of his messages!
[2014-06-08 2:37:17:57]	1566 has sent 89% of his messages!
[2014-06-08 2:37:17:69]	1562 has sent 69% of his messages!
[2014-06-08 2:37:17:136]	1525 has sent 89% of his messages!
[2014-06-08 2:37:17:200]	1564 has sent 99% of his messages!
[2014-06-08 2:37:17:204]	1559 has sent 79% of his messages!
[2014-06-08 2:37:17:394]	1559 has sent 89% of his messages!
[2014-06-08 2:37:17:394]	1531 has sent 99% of his messages!
[2014-06-08 2:37:17:395]	1554 has sent 69% of his messages!
[2014-06-08 2:37:17:397]	1527 has sent 59% of his messages!
[2014-06-08 2:37:17:415]	1524 has sent 99% of his messages!
[2014-06-08 2:37:17:418]	1527 has sent 69% of his messages!
[2014-06-08 2:37:17:486]	1554 has sent 79% of his messages!
[2014-06-08 2:37:17:617]	1553 has sent 79% of his messages!
[2014-06-08 2:37:17:659]	1527 has sent 79% of his messages!
[2014-06-08 2:37:17:664]	1537 has sent 99% of his messages!
[2014-06-08 2:37:17:677]	1532 has sent 89% of his messages!
[2014-06-08 2:37:17:679]	1533 has sent 79% of his messages!
[2014-06-08 2:37:17:746]	1532 has sent 99% of his messages!
[2014-06-08 2:37:17:762]	1559 has sent 99% of his messages!
[2014-06-08 2:37:17:765]	1553 has sent 89% of his messages!
[2014-06-08 2:37:17:844]	1527 has sent 89% of his messages!
[2014-06-08 2:37:17:844]	1562 has sent 79% of his messages!
[2014-06-08 2:37:17:874]	1589 has sent 89% of his messages!
[2014-06-08 2:37:17:918]	1525 has sent 99% of his messages!
[2014-06-08 2:37:17:956]	1554 has sent 89% of his messages!
[2014-06-08 2:37:17:983]	1533 has sent 89% of his messages!
[2014-06-08 2:37:17:998]	1562 has sent 89% of his messages!
[2014-06-08 2:37:18:54]	1553 has sent 99% of his messages!
[2014-06-08 2:37:18:102]	1527 has sent 99% of his messages!
[2014-06-08 2:37:18:180]	1589 has sent 99% of his messages!
[2014-06-08 2:37:18:256]	1562 has sent 99% of his messages!
[2014-06-08 2:37:18:272]	1554 has sent 99% of his messages!
[2014-06-08 2:37:18:440]	1533 has sent 99% of his messages!
[2014-06-08 2:38:14:982]	1568 has sent 89% of his messages!
[2014-06-08 2:38:14:995]	1568 has sent 99% of his messages!
Total time: 509025ms
[2014-06-08 2:44:47:498]	Terminated successfully
[2014-06-08 2:44:47:498]	Failures: 136687 - Total: 400000
