input file is set to /home/ubuntu/whatsup/simulator/ec2-12.input
[2014-06-08 2:36:33:41]	905 has sent 9% of his messages!
[2014-06-08 2:36:33:63]	914 has sent 9% of his messages!
[2014-06-08 2:36:33:101]	883 has sent 9% of his messages!
[2014-06-08 2:36:33:143]	895 has sent 9% of his messages!
[2014-06-08 2:36:33:336]	923 has sent 9% of his messages!
[2014-06-08 2:36:33:339]	944 has sent 9% of his messages!
[2014-06-08 2:36:33:583]	946 has sent 9% of his messages!
[2014-06-08 2:36:33:601]	883 has sent 19% of his messages!
[2014-06-08 2:36:33:607]	913 has sent 9% of his messages!
[2014-06-08 2:36:33:628]	923 has sent 19% of his messages!
[2014-06-08 2:36:33:631]	921 has sent 9% of his messages!
[2014-06-08 2:36:33:661]	936 has sent 9% of his messages!
[2014-06-08 2:36:33:714]	881 has sent 9% of his messages!
[2014-06-08 2:36:33:843]	946 has sent 19% of his messages!
[2014-06-08 2:36:33:963]	914 has sent 19% of his messages!
[2014-06-08 2:36:34:42]	944 has sent 19% of his messages!
[2014-06-08 2:36:34:261]	895 has sent 19% of his messages!
[2014-06-08 2:36:34:366]	913 has sent 19% of his messages!
[2014-06-08 2:36:34:369]	946 has sent 29% of his messages!
[2014-06-08 2:36:34:411]	936 has sent 19% of his messages!
[2014-06-08 2:36:34:795]	905 has sent 19% of his messages!
[2014-06-08 2:36:34:808]	944 has sent 29% of his messages!
[2014-06-08 2:36:34:826]	921 has sent 19% of his messages!
[2014-06-08 2:36:34:858]	881 has sent 19% of his messages!
[2014-06-08 2:36:34:876]	883 has sent 29% of his messages!
[2014-06-08 2:36:35:48]	895 has sent 29% of his messages!
[2014-06-08 2:36:35:124]	913 has sent 29% of his messages!
[2014-06-08 2:36:35:174]	914 has sent 29% of his messages!
[2014-06-08 2:36:35:254]	936 has sent 29% of his messages!
[2014-06-08 2:36:35:318]	946 has sent 39% of his messages!
[2014-06-08 2:36:35:342]	910 has sent 9% of his messages!
[2014-06-08 2:36:35:344]	923 has sent 29% of his messages!
[2014-06-08 2:36:35:358]	881 has sent 29% of his messages!
[2014-06-08 2:36:35:457]	924 has sent 9% of his messages!
[2014-06-08 2:36:35:489]	920 has sent 9% of his messages!
[2014-06-08 2:36:35:528]	905 has sent 29% of his messages!
[2014-06-08 2:36:35:719]	896 has sent 9% of his messages!
[2014-06-08 2:36:35:853]	960 has sent 9% of his messages!
[2014-06-08 2:36:36:191]	924 has sent 19% of his messages!
[2014-06-08 2:36:36:379]	936 has sent 39% of his messages!
[2014-06-08 2:36:36:519]	883 has sent 39% of his messages!
[2014-06-08 2:36:36:567]	921 has sent 29% of his messages!
[2014-06-08 2:36:36:582]	895 has sent 39% of his messages!
[2014-06-08 2:36:36:642]	913 has sent 39% of his messages!
[2014-06-08 2:36:36:659]	914 has sent 39% of his messages!
[2014-06-08 2:36:36:661]	923 has sent 39% of his messages!
[2014-06-08 2:36:36:747]	896 has sent 19% of his messages!
[2014-06-08 2:36:36:922]	960 has sent 19% of his messages!
[2014-06-08 2:36:36:928]	905 has sent 39% of his messages!
[2014-06-08 2:36:37:25]	881 has sent 39% of his messages!
[2014-06-08 2:36:37:204]	944 has sent 39% of his messages!
[2014-06-08 2:36:37:255]	914 has sent 49% of his messages!
[2014-06-08 2:36:37:282]	946 has sent 49% of his messages!
[2014-06-08 2:36:37:333]	910 has sent 19% of his messages!
[2014-06-08 2:36:37:490]	920 has sent 19% of his messages!
[2014-06-08 2:36:37:589]	924 has sent 29% of his messages!
[2014-06-08 2:36:37:627]	913 has sent 49% of his messages!
[2014-06-08 2:36:37:651]	923 has sent 49% of his messages!
[2014-06-08 2:36:37:995]	936 has sent 49% of his messages!
[2014-06-08 2:36:38:35]	921 has sent 39% of his messages!
[2014-06-08 2:36:38:131]	960 has sent 29% of his messages!
[2014-06-08 2:36:38:164]	895 has sent 49% of his messages!
[2014-06-08 2:36:38:212]	914 has sent 59% of his messages!
[2014-06-08 2:36:38:226]	896 has sent 29% of his messages!
[2014-06-08 2:36:38:623]	883 has sent 49% of his messages!
[2014-06-08 2:36:38:664]	881 has sent 49% of his messages!
[2014-06-08 2:36:38:725]	913 has sent 59% of his messages!
[2014-06-08 2:36:38:729]	946 has sent 59% of his messages!
[2014-06-08 2:36:38:821]	905 has sent 49% of his messages!
[2014-06-08 2:36:38:892]	924 has sent 39% of his messages!
[2014-06-08 2:36:38:909]	944 has sent 49% of his messages!
[2014-06-08 2:36:38:935]	910 has sent 29% of his messages!
[2014-06-08 2:36:39:68]	923 has sent 59% of his messages!
[2014-06-08 2:36:39:143]	914 has sent 69% of his messages!
[2014-06-08 2:36:39:373]	896 has sent 39% of his messages!
[2014-06-08 2:36:39:471]	921 has sent 49% of his messages!
[2014-06-08 2:36:39:599]	895 has sent 59% of his messages!
[2014-06-08 2:36:39:779]	960 has sent 39% of his messages!
[2014-06-08 2:36:39:780]	920 has sent 29% of his messages!
[2014-06-08 2:36:39:823]	910 has sent 39% of his messages!
[2014-06-08 2:36:39:841]	946 has sent 69% of his messages!
[2014-06-08 2:36:39:843]	905 has sent 59% of his messages!
[2014-06-08 2:36:39:883]	944 has sent 59% of his messages!
[2014-06-08 2:36:39:931]	924 has sent 49% of his messages!
[2014-06-08 2:36:40:69]	913 has sent 69% of his messages!
[2014-06-08 2:36:40:160]	883 has sent 59% of his messages!
[2014-06-08 2:36:40:164]	895 has sent 69% of his messages!
[2014-06-08 2:36:40:233]	881 has sent 59% of his messages!
[2014-06-08 2:36:40:323]	905 has sent 69% of his messages!
[2014-06-08 2:36:40:404]	936 has sent 59% of his messages!
[2014-06-08 2:36:40:422]	923 has sent 69% of his messages!
[2014-06-08 2:36:40:436]	896 has sent 49% of his messages!
[2014-06-08 2:36:40:602]	946 has sent 79% of his messages!
[2014-06-08 2:36:40:911]	914 has sent 79% of his messages!
[2014-06-08 2:36:40:954]	881 has sent 69% of his messages!
[2014-06-08 2:36:41:34]	936 has sent 69% of his messages!
[2014-06-08 2:36:41:68]	921 has sent 59% of his messages!
[2014-06-08 2:36:41:134]	913 has sent 79% of his messages!
[2014-06-08 2:36:41:198]	960 has sent 49% of his messages!
[2014-06-08 2:36:41:282]	924 has sent 59% of his messages!
[2014-06-08 2:36:41:637]	920 has sent 39% of his messages!
[2014-06-08 2:36:41:691]	946 has sent 89% of his messages!
[2014-06-08 2:36:41:751]	936 has sent 79% of his messages!
[2014-06-08 2:36:41:843]	896 has sent 59% of his messages!
[2014-06-08 2:36:41:870]	944 has sent 69% of his messages!
[2014-06-08 2:36:41:913]	905 has sent 79% of his messages!
[2014-06-08 2:36:42:58]	960 has sent 59% of his messages!
[2014-06-08 2:36:42:100]	910 has sent 49% of his messages!
[2014-06-08 2:36:42:139]	883 has sent 69% of his messages!
[2014-06-08 2:36:42:193]	881 has sent 79% of his messages!
[2014-06-08 2:36:42:308]	895 has sent 79% of his messages!
[2014-06-08 2:36:42:326]	921 has sent 69% of his messages!
[2014-06-08 2:36:42:463]	923 has sent 79% of his messages!
[2014-06-08 2:36:42:515]	960 has sent 69% of his messages!
[2014-06-08 2:36:42:627]	936 has sent 89% of his messages!
[2014-06-08 2:36:42:634]	920 has sent 49% of his messages!
[2014-06-08 2:36:42:682]	914 has sent 89% of his messages!
[2014-06-08 2:36:42:700]	944 has sent 79% of his messages!
[2014-06-08 2:36:42:753]	913 has sent 89% of his messages!
[2014-06-08 2:36:42:781]	910 has sent 59% of his messages!
[2014-06-08 2:36:42:786]	896 has sent 69% of his messages!
[2014-06-08 2:36:42:856]	924 has sent 69% of his messages!
[2014-06-08 2:36:42:913]	905 has sent 89% of his messages!
[2014-06-08 2:36:42:944]	881 has sent 89% of his messages!
[2014-06-08 2:36:42:976]	883 has sent 79% of his messages!
[2014-06-08 2:36:43:220]	914 has sent 99% of his messages!
[2014-06-08 2:36:43:339]	946 has sent 99% of his messages!
[2014-06-08 2:36:43:476]	936 has sent 99% of his messages!
[2014-06-08 2:36:43:478]	895 has sent 89% of his messages!
[2014-06-08 2:36:43:536]	960 has sent 79% of his messages!
[2014-06-08 2:36:43:592]	921 has sent 79% of his messages!
[2014-06-08 2:36:43:857]	913 has sent 99% of his messages!
[2014-06-08 2:36:43:880]	920 has sent 59% of his messages!
[2014-06-08 2:36:43:913]	923 has sent 89% of his messages!
[2014-06-08 2:36:43:957]	924 has sent 79% of his messages!
[2014-06-08 2:36:43:960]	905 has sent 99% of his messages!
[2014-06-08 2:36:44:158]	883 has sent 89% of his messages!
[2014-06-08 2:36:44:250]	881 has sent 99% of his messages!
[2014-06-08 2:36:44:471]	910 has sent 69% of his messages!
[2014-06-08 2:36:44:507]	960 has sent 89% of his messages!
[2014-06-08 2:36:44:553]	895 has sent 99% of his messages!
[2014-06-08 2:36:44:746]	944 has sent 89% of his messages!
[2014-06-08 2:36:44:760]	896 has sent 79% of his messages!
[2014-06-08 2:36:44:764]	921 has sent 89% of his messages!
[2014-06-08 2:36:44:807]	883 has sent 99% of his messages!
[2014-06-08 2:36:44:848]	924 has sent 89% of his messages!
[2014-06-08 2:36:44:938]	944 has sent 99% of his messages!
[2014-06-08 2:36:45:52]	910 has sent 79% of his messages!
[2014-06-08 2:36:45:56]	896 has sent 89% of his messages!
[2014-06-08 2:36:45:100]	921 has sent 99% of his messages!
[2014-06-08 2:36:45:101]	923 has sent 99% of his messages!
[2014-06-08 2:36:45:174]	924 has sent 99% of his messages!
[2014-06-08 2:36:45:180]	960 has sent 99% of his messages!
[2014-06-08 2:36:45:302]	920 has sent 69% of his messages!
[2014-06-08 2:36:45:538]	896 has sent 99% of his messages!
[2014-06-08 2:36:45:573]	910 has sent 89% of his messages!
[2014-06-08 2:36:45:615]	920 has sent 79% of his messages!
[2014-06-08 2:36:45:817]	920 has sent 89% of his messages!
[2014-06-08 2:36:45:974]	910 has sent 99% of his messages!
[2014-06-08 2:36:46:39]	920 has sent 99% of his messages!
[2014-06-08 2:37:2:265]	918 has sent 9% of his messages!
[2014-06-08 2:37:2:285]	947 has sent 9% of his messages!
[2014-06-08 2:37:2:434]	956 has sent 9% of his messages!
[2014-06-08 2:37:2:435]	938 has sent 9% of his messages!
[2014-06-08 2:37:2:436]	917 has sent 9% of his messages!
[2014-06-08 2:37:2:438]	935 has sent 9% of his messages!
[2014-06-08 2:37:2:439]	911 has sent 9% of his messages!
[2014-06-08 2:37:2:502]	918 has sent 19% of his messages!
[2014-06-08 2:37:2:503]	941 has sent 9% of his messages!
[2014-06-08 2:37:2:513]	909 has sent 9% of his messages!
[2014-06-08 2:37:2:514]	954 has sent 9% of his messages!
[2014-06-08 2:37:2:590]	930 has sent 9% of his messages!
[2014-06-08 2:37:2:592]	909 has sent 19% of his messages!
[2014-06-08 2:37:2:593]	925 has sent 9% of his messages!
[2014-06-08 2:37:2:593]	932 has sent 9% of his messages!
[2014-06-08 2:37:2:602]	947 has sent 19% of his messages!
[2014-06-08 2:37:2:605]	947 has sent 29% of his messages!
[2014-06-08 2:37:2:614]	956 has sent 19% of his messages!
[2014-06-08 2:37:2:621]	949 has sent 9% of his messages!
[2014-06-08 2:37:2:635]	917 has sent 19% of his messages!
[2014-06-08 2:37:2:700]	932 has sent 19% of his messages!
[2014-06-08 2:37:2:977]	917 has sent 29% of his messages!
[2014-06-08 2:37:3:23]	909 has sent 29% of his messages!
[2014-06-08 2:37:3:190]	949 has sent 19% of his messages!
[2014-06-08 2:37:3:224]	909 has sent 39% of his messages!
[2014-06-08 2:37:3:299]	932 has sent 29% of his messages!
[2014-06-08 2:37:3:305]	917 has sent 39% of his messages!
[2014-06-08 2:37:3:382]	909 has sent 49% of his messages!
[2014-06-08 2:37:3:403]	909 has sent 59% of his messages!
[2014-06-08 2:37:3:417]	949 has sent 29% of his messages!
[2014-06-08 2:37:3:497]	909 has sent 69% of his messages!
[2014-06-08 2:37:3:529]	949 has sent 39% of his messages!
[2014-06-08 2:37:3:538]	932 has sent 39% of his messages!
[2014-06-08 2:37:3:580]	909 has sent 79% of his messages!
[2014-06-08 2:37:3:584]	949 has sent 49% of his messages!
[2014-06-08 2:37:3:663]	917 has sent 49% of his messages!
[2014-06-08 2:37:3:676]	909 has sent 89% of his messages!
[2014-06-08 2:37:3:708]	949 has sent 59% of his messages!
[2014-06-08 2:37:3:713]	909 has sent 99% of his messages!
[2014-06-08 2:37:3:779]	949 has sent 69% of his messages!
[2014-06-08 2:37:3:849]	932 has sent 49% of his messages!
[2014-06-08 2:37:3:883]	949 has sent 79% of his messages!
[2014-06-08 2:37:3:901]	949 has sent 89% of his messages!
[2014-06-08 2:37:3:971]	949 has sent 99% of his messages!
[2014-06-08 2:37:3:976]	917 has sent 59% of his messages!
[2014-06-08 2:37:4:62]	932 has sent 59% of his messages!
[2014-06-08 2:37:4:218]	917 has sent 69% of his messages!
[2014-06-08 2:37:4:259]	932 has sent 69% of his messages!
[2014-06-08 2:37:4:350]	917 has sent 79% of his messages!
[2014-06-08 2:37:4:446]	932 has sent 79% of his messages!
[2014-06-08 2:37:4:469]	917 has sent 89% of his messages!
[2014-06-08 2:37:4:555]	932 has sent 89% of his messages!
[2014-06-08 2:37:4:558]	917 has sent 99% of his messages!
[2014-06-08 2:37:4:604]	932 has sent 99% of his messages!
[2014-06-08 2:37:48:600]	954 has sent 19% of his messages!
Total time: 502677ms
[2014-06-08 2:44:34:336]	Terminated successfully
[2014-06-08 2:44:34:336]	Failures: 290992 - Total: 400000
