Fri Jun 13 13:34:07 UTC 2014
  PID USER      PR  NI    VIRT    RES    SHR S  %CPU %MEM     TIME+ COMMAND
 1635 ubuntu    20   0 9062192 297860  14204 S   0.0  3.9   0:18.47 java
Fri Jun 13 13:34:08 UTC 2014
  PID USER      PR  NI    VIRT    RES    SHR S  %CPU %MEM     TIME+ COMMAND
 1635 ubuntu    20   0 9062192 297860  14204 S   0.0  3.9   0:18.48 java
Fri Jun 13 13:34:09 UTC 2014
  PID USER      PR  NI    VIRT    RES    SHR S  %CPU %MEM     TIME+ COMMAND
 1635 ubuntu    20   0 9062192 297860  14204 S   0.0  3.9   0:18.49 java
Fri Jun 13 13:34:10 UTC 2014
  PID USER      PR  NI    VIRT    RES    SHR S  %CPU %MEM     TIME+ COMMAND
 1635 ubuntu    20   0 9062192 297860  14204 S   0.0  3.9   0:18.49 java
Fri Jun 13 13:34:11 UTC 2014
  PID USER      PR  NI    VIRT    RES    SHR S  %CPU %MEM     TIME+ COMMAND
 1635 ubuntu    20   0 9062192 297860  14204 S   0.0  3.9   0:18.50 java
Fri Jun 13 13:34:13 UTC 2014
  PID USER      PR  NI    VIRT    RES    SHR S  %CPU %MEM     TIME+ COMMAND
 1635 ubuntu    20   0 9062192 297860  14204 S   0.0  3.9   0:18.50 java
Fri Jun 13 13:34:14 UTC 2014
  PID USER      PR  NI    VIRT    RES    SHR S  %CPU %MEM     TIME+ COMMAND
 1635 ubuntu    20   0 9062192 298124  14204 S   0.0  3.9   0:18.52 java
Fri Jun 13 13:34:15 UTC 2014
  PID USER      PR  NI    VIRT    RES    SHR S  %CPU %MEM     TIME+ COMMAND
 1635 ubuntu    20   0 9062192 298124  14204 S   0.0  3.9   0:18.53 java
Fri Jun 13 13:34:16 UTC 2014
  PID USER      PR  NI    VIRT    RES    SHR S  %CPU %MEM     TIME+ COMMAND
 1635 ubuntu    20   0 9062192 298124  14204 S   0.0  3.9   0:18.53 java
Fri Jun 13 13:34:17 UTC 2014
  PID USER      PR  NI    VIRT    RES    SHR S  %CPU %MEM     TIME+ COMMAND
 1635 ubuntu    20   0 9062192 298124  14204 S   0.0  3.9   0:18.54 java
Fri Jun 13 13:34:18 UTC 2014
  PID USER      PR  NI    VIRT    RES    SHR S  %CPU %MEM     TIME+ COMMAND
 1635 ubuntu    20   0 9062192 298124  14204 S   0.0  3.9   0:18.55 java
Fri Jun 13 13:34:20 UTC 2014
  PID USER      PR  NI    VIRT    RES    SHR S  %CPU %MEM     TIME+ COMMAND
 1635 ubuntu    20   0 9062192 298124  14204 S   0.0  3.9   0:18.56 java
Fri Jun 13 13:34:21 UTC 2014
  PID USER      PR  NI    VIRT    RES    SHR S  %CPU %MEM     TIME+ COMMAND
 1635 ubuntu    20   0 9062192 298124  14204 S   0.0  3.9   0:18.56 java
Fri Jun 13 13:34:22 UTC 2014
  PID USER      PR  NI    VIRT    RES    SHR S  %CPU %MEM     TIME+ COMMAND
 1635 ubuntu    20   0 9062192 298124  14204 S   0.0  3.9   0:18.58 java
Fri Jun 13 13:34:23 UTC 2014
  PID USER      PR  NI    VIRT    RES    SHR S  %CPU %MEM     TIME+ COMMAND
 1635 ubuntu    20   0 9062192 298252  14204 S   0.0  3.9   0:18.59 java
Fri Jun 13 13:34:24 UTC 2014
  PID USER      PR  NI    VIRT    RES    SHR S  %CPU %MEM     TIME+ COMMAND
 1635 ubuntu    20   0 9062192 298252  14204 S  13.3  3.9   0:18.61 java
Fri Jun 13 13:34:25 UTC 2014
  PID USER      PR  NI    VIRT    RES    SHR S  %CPU %MEM     TIME+ COMMAND
 1635 ubuntu    20   0 9062192 298252  14204 S   0.0  3.9   0:18.62 java
Fri Jun 13 13:34:27 UTC 2014
  PID USER      PR  NI    VIRT    RES    SHR S  %CPU %MEM     TIME+ COMMAND
 1635 ubuntu    20   0 9062192 297388  14204 S   0.0  3.9   0:18.62 java
Fri Jun 13 13:34:28 UTC 2014
  PID USER      PR  NI    VIRT    RES    SHR S  %CPU %MEM     TIME+ COMMAND
 1635 ubuntu    20   0 9062192 297388  14204 S   0.0  3.9   0:18.64 java
Fri Jun 13 13:34:29 UTC 2014
  PID USER      PR  NI    VIRT    RES    SHR S  %CPU %MEM     TIME+ COMMAND
 1635 ubuntu    20   0 9062192 297388  14204 S   0.0  3.9   0:18.65 java
Fri Jun 13 13:34:30 UTC 2014
  PID USER      PR  NI    VIRT    RES    SHR S  %CPU %MEM     TIME+ COMMAND
 1635 ubuntu    20   0 9062192 297388  14204 S   0.0  3.9   0:18.65 java
Fri Jun 13 13:34:31 UTC 2014
  PID USER      PR  NI    VIRT    RES    SHR S  %CPU %MEM     TIME+ COMMAND
 1635 ubuntu    20   0 9062192 297388  14204 S   0.0  3.9   0:18.66 java
Fri Jun 13 13:34:32 UTC 2014
  PID USER      PR  NI    VIRT    RES    SHR S  %CPU %MEM     TIME+ COMMAND
 1635 ubuntu    20   0 9062192 297388  14204 S   0.0  3.9   0:18.66 java
Fri Jun 13 13:34:34 UTC 2014
  PID USER      PR  NI    VIRT    RES    SHR S  %CPU %MEM     TIME+ COMMAND
 1635 ubuntu    20   0 9062192 297388  14204 S   0.0  3.9   0:18.67 java
Fri Jun 13 13:34:35 UTC 2014
  PID USER      PR  NI    VIRT    RES    SHR S  %CPU %MEM     TIME+ COMMAND
 1635 ubuntu    20   0 9062192 297388  14204 S   0.0  3.9   0:18.67 java
Fri Jun 13 13:34:36 UTC 2014
  PID USER      PR  NI    VIRT    RES    SHR S  %CPU %MEM     TIME+ COMMAND
 1635 ubuntu    20   0 9062192 297388  14204 S   0.0  3.9   0:18.70 java
Fri Jun 13 13:34:37 UTC 2014
  PID USER      PR  NI    VIRT    RES    SHR S  %CPU %MEM     TIME+ COMMAND
 1635 ubuntu    20   0 9062192 297388  14204 S   0.0  3.9   0:18.70 java
Fri Jun 13 13:34:38 UTC 2014
  PID USER      PR  NI    VIRT    RES    SHR S  %CPU %MEM     TIME+ COMMAND
 1635 ubuntu    20   0 9062192 297388  14204 S   0.0  3.9   0:18.72 java
Fri Jun 13 13:34:39 UTC 2014
  PID USER      PR  NI    VIRT    RES    SHR S  %CPU %MEM     TIME+ COMMAND
 1635 ubuntu    20   0 9062192 297388  14204 S   6.6  3.9   0:18.73 java
Fri Jun 13 13:34:41 UTC 2014
  PID USER      PR  NI    VIRT    RES    SHR S  %CPU %MEM     TIME+ COMMAND
 1635 ubuntu    20   0 9062192 297388  14204 S   0.0  3.9   0:18.74 java
Fri Jun 13 13:34:42 UTC 2014
  PID USER      PR  NI    VIRT    RES    SHR S  %CPU %MEM     TIME+ COMMAND
 1635 ubuntu    20   0 9062192 297388  14204 S   0.0  3.9   0:18.74 java
Fri Jun 13 13:34:43 UTC 2014
  PID USER      PR  NI    VIRT    RES    SHR S  %CPU %MEM     TIME+ COMMAND
 1635 ubuntu    20   0 9062192 297388  14204 S   0.0  3.9   0:18.74 java
Fri Jun 13 13:34:44 UTC 2014
  PID USER      PR  NI    VIRT    RES    SHR S  %CPU %MEM     TIME+ COMMAND
 1635 ubuntu    20   0 9062192 297388  14204 S   0.0  3.9   0:18.75 java
Fri Jun 13 13:34:45 UTC 2014
  PID USER      PR  NI    VIRT    RES    SHR S  %CPU %MEM     TIME+ COMMAND
 1635 ubuntu    20   0 9062192 298392  14204 S  52.9  3.9   0:18.88 java
Fri Jun 13 13:34:47 UTC 2014
  PID USER      PR  NI    VIRT    RES    SHR S  %CPU %MEM     TIME+ COMMAND
 1635 ubuntu    20   0 9062192 301864  14204 S  19.9  3.9   0:19.06 java
Fri Jun 13 13:34:48 UTC 2014
  PID USER      PR  NI    VIRT    RES    SHR S  %CPU %MEM     TIME+ COMMAND
 1635 ubuntu    20   0 9062192 305340  14216 S  72.9  4.0   0:19.49 java
Fri Jun 13 13:34:49 UTC 2014
  PID USER      PR  NI    VIRT    RES    SHR S  %CPU %MEM     TIME+ COMMAND
 1635 ubuntu    20   0 9062192 307428  14380 S 105.9  4.0   0:20.06 java
Fri Jun 13 13:34:50 UTC 2014
  PID USER      PR  NI    VIRT    RES    SHR S  %CPU %MEM     TIME+ COMMAND
 1635 ubuntu    20   0 9062192 309552  14380 S  19.9  4.0   0:20.64 java
Fri Jun 13 13:34:51 UTC 2014
  PID USER      PR  NI    VIRT    RES    SHR S  %CPU %MEM     TIME+ COMMAND
 1635 ubuntu    20   0 9062192 311796  14380 S  19.9  4.1   0:21.32 java
Fri Jun 13 13:34:52 UTC 2014
  PID USER      PR  NI    VIRT    RES    SHR S  %CPU %MEM     TIME+ COMMAND
 1635 ubuntu    20   0 9062192 327212  14388 S  99.2  4.3   0:22.67 java
Fri Jun 13 13:34:54 UTC 2014
  PID USER      PR  NI    VIRT    RES    SHR S  %CPU %MEM     TIME+ COMMAND
 1635 ubuntu    20   0 9062192 346652  14388 S 185.1  4.5   0:23.89 java
Fri Jun 13 13:34:55 UTC 2014
  PID USER      PR  NI    VIRT    RES    SHR S  %CPU %MEM     TIME+ COMMAND
 1635 ubuntu    20   0 9062192 375948  14388 S 190.8  4.9   0:25.63 java
Fri Jun 13 13:34:56 UTC 2014
  PID USER      PR  NI    VIRT    RES    SHR S  %CPU %MEM     TIME+ COMMAND
 1635 ubuntu    20   0 9062192 378620  14388 S  84.1  4.9   0:26.80 java
Fri Jun 13 13:34:57 UTC 2014
  PID USER      PR  NI    VIRT    RES    SHR S  %CPU %MEM     TIME+ COMMAND
 1635 ubuntu    20   0 9062192 377720  14392 S  79.4  4.9   0:27.89 java
Fri Jun 13 13:34:58 UTC 2014
  PID USER      PR  NI    VIRT    RES    SHR S  %CPU %MEM     TIME+ COMMAND
 1635 ubuntu    20   0 9062192 382776  14396 S 112.6  5.0   0:29.00 java
Fri Jun 13 13:35:00 UTC 2014
  PID USER      PR  NI    VIRT    RES    SHR S  %CPU %MEM     TIME+ COMMAND
 1635 ubuntu    20   0 9062192 386544  14396 S 138.8  5.0   0:30.16 java
Fri Jun 13 13:35:01 UTC 2014
  PID USER      PR  NI    VIRT    RES    SHR S  %CPU %MEM     TIME+ COMMAND
 1635 ubuntu    20   0 9062192 398756  14400 S 145.6  5.2   0:31.49 java
Fri Jun 13 13:35:02 UTC 2014
  PID USER      PR  NI    VIRT    RES    SHR S  %CPU %MEM     TIME+ COMMAND
 1635 ubuntu    20   0 9062192 399640  14400 S 112.6  5.2   0:32.84 java
Fri Jun 13 13:35:03 UTC 2014
  PID USER      PR  NI    VIRT    RES    SHR S  %CPU %MEM     TIME+ COMMAND
 1635 ubuntu    20   0 9062192 400420  14400 S 112.4  5.2   0:34.53 java
Fri Jun 13 13:35:04 UTC 2014
  PID USER      PR  NI    VIRT    RES    SHR S  %CPU %MEM     TIME+ COMMAND
 1635 ubuntu    20   0 9062192 403696  14400 S 100.6  5.2   0:36.11 java
Fri Jun 13 13:35:06 UTC 2014
  PID USER      PR  NI    VIRT    RES    SHR S  %CPU %MEM     TIME+ COMMAND
 1635 ubuntu    20   0 9062192 404040  14400 S  52.9  5.3   0:37.01 java
Fri Jun 13 13:35:07 UTC 2014
  PID USER      PR  NI    VIRT    RES    SHR S  %CPU %MEM     TIME+ COMMAND
 1635 ubuntu    20   0 9062192 401568  14400 S  33.0  5.2   0:37.60 java
Fri Jun 13 13:35:08 UTC 2014
  PID USER      PR  NI    VIRT    RES    SHR S  %CPU %MEM     TIME+ COMMAND
 1635 ubuntu    20   0 9062192 397148  14400 S  46.2  5.2   0:38.14 java
Fri Jun 13 13:35:09 UTC 2014
  PID USER      PR  NI    VIRT    RES    SHR S  %CPU %MEM     TIME+ COMMAND
 1635 ubuntu    20   0 9062192 397148  14400 S  39.8  5.2   0:38.52 java
Fri Jun 13 13:35:10 UTC 2014
  PID USER      PR  NI    VIRT    RES    SHR S  %CPU %MEM     TIME+ COMMAND
 1635 ubuntu    20   0 9062192 395056  14400 S  33.1  5.1   0:39.02 java
Fri Jun 13 13:35:11 UTC 2014
  PID USER      PR  NI    VIRT    RES    SHR S  %CPU %MEM     TIME+ COMMAND
 1635 ubuntu    20   0 9062192 395140  14400 S  39.2  5.1   0:39.55 java
Fri Jun 13 13:35:13 UTC 2014
  PID USER      PR  NI    VIRT    RES    SHR S  %CPU %MEM     TIME+ COMMAND
 1635 ubuntu    20   0 9063220 389168  14400 S  66.3  5.1   0:40.35 java
Fri Jun 13 13:35:14 UTC 2014
  PID USER      PR  NI    VIRT    RES    SHR S  %CPU %MEM     TIME+ COMMAND
 1635 ubuntu    20   0 9063220 389384  14404 S  52.9  5.1   0:40.89 java
Fri Jun 13 13:35:15 UTC 2014
  PID USER      PR  NI    VIRT    RES    SHR S  %CPU %MEM     TIME+ COMMAND
 1635 ubuntu    20   0 9063220 383996  14404 S  59.5  5.0   0:41.70 java
Fri Jun 13 13:35:16 UTC 2014
  PID USER      PR  NI    VIRT    RES    SHR S  %CPU %MEM     TIME+ COMMAND
 1635 ubuntu    20   0 9063220 383996  14404 S  39.8  5.0   0:42.08 java
Fri Jun 13 13:35:17 UTC 2014
  PID USER      PR  NI    VIRT    RES    SHR S  %CPU %MEM     TIME+ COMMAND
 1635 ubuntu    20   0 9063220 383804  14404 S  52.9  5.0   0:42.48 java
Fri Jun 13 13:35:18 UTC 2014
  PID USER      PR  NI    VIRT    RES    SHR S  %CPU %MEM     TIME+ COMMAND
 1635 ubuntu    20   0 9063220 378688  14404 S  52.9  4.9   0:42.97 java
Fri Jun 13 13:35:20 UTC 2014
  PID USER      PR  NI    VIRT    RES    SHR S  %CPU %MEM     TIME+ COMMAND
 1635 ubuntu    20   0 9063220 378688  14404 S  26.5  4.9   0:43.33 java
Fri Jun 13 13:35:21 UTC 2014
  PID USER      PR  NI    VIRT    RES    SHR S  %CPU %MEM     TIME+ COMMAND
 1635 ubuntu    20   0 9063220 373072  14404 S  26.5  4.8   0:43.81 java
Fri Jun 13 13:35:22 UTC 2014
  PID USER      PR  NI    VIRT    RES    SHR S  %CPU %MEM     TIME+ COMMAND
 1635 ubuntu    20   0 9063220 373072  14404 S  26.5  4.8   0:44.12 java
Fri Jun 13 13:35:23 UTC 2014
  PID USER      PR  NI    VIRT    RES    SHR S  %CPU %MEM     TIME+ COMMAND
 1635 ubuntu    20   0 9063220 366352  14404 S  39.7  4.8   0:44.46 java
Fri Jun 13 13:35:24 UTC 2014
  PID USER      PR  NI    VIRT    RES    SHR S  %CPU %MEM     TIME+ COMMAND
 1635 ubuntu    20   0 9063220 366352  14404 S  52.6  4.8   0:44.88 java
Fri Jun 13 13:35:26 UTC 2014
  PID USER      PR  NI    VIRT    RES    SHR S  %CPU %MEM     TIME+ COMMAND
 1635 ubuntu    20   0 9063220 360708  14404 S  26.4  4.7   0:45.31 java
Fri Jun 13 13:35:27 UTC 2014
  PID USER      PR  NI    VIRT    RES    SHR S  %CPU %MEM     TIME+ COMMAND
 1635 ubuntu    20   0 9063220 354532  14404 S  26.5  4.6   0:45.73 java
Fri Jun 13 13:35:28 UTC 2014
  PID USER      PR  NI    VIRT    RES    SHR S  %CPU %MEM     TIME+ COMMAND
 1635 ubuntu    20   0 9063220 354532  14404 S  33.1  4.6   0:46.11 java
Fri Jun 13 13:35:29 UTC 2014
  PID USER      PR  NI    VIRT    RES    SHR S  %CPU %MEM     TIME+ COMMAND
 1635 ubuntu    20   0 9063220 349404  14404 S  33.1  4.5   0:46.40 java
Fri Jun 13 13:35:30 UTC 2014
  PID USER      PR  NI    VIRT    RES    SHR S  %CPU %MEM     TIME+ COMMAND
 1635 ubuntu    20   0 9063220 349404  14404 S  46.4  4.5   0:46.73 java
Fri Jun 13 13:35:31 UTC 2014
  PID USER      PR  NI    VIRT    RES    SHR S  %CPU %MEM     TIME+ COMMAND
 1635 ubuntu    20   0 9063220 343128  14404 S  26.4  4.5   0:47.09 java
Fri Jun 13 13:35:33 UTC 2014
  PID USER      PR  NI    VIRT    RES    SHR S  %CPU %MEM     TIME+ COMMAND
 1635 ubuntu    20   0 9063220 336972  14404 S  19.9  4.4   0:47.58 java
Fri Jun 13 13:35:34 UTC 2014
  PID USER      PR  NI    VIRT    RES    SHR S  %CPU %MEM     TIME+ COMMAND
 1635 ubuntu    20   0 9063220 336972  14404 S  33.1  4.4   0:47.95 java
Fri Jun 13 13:35:35 UTC 2014
  PID USER      PR  NI    VIRT    RES    SHR S  %CPU %MEM     TIME+ COMMAND
 1635 ubuntu    20   0 9063220 332352  14404 S  26.5  4.3   0:48.31 java
Fri Jun 13 13:35:36 UTC 2014
  PID USER      PR  NI    VIRT    RES    SHR S  %CPU %MEM     TIME+ COMMAND
 1635 ubuntu    20   0 9063220 326712  14404 S  26.5  4.2   0:48.67 java
Fri Jun 13 13:35:37 UTC 2014
  PID USER      PR  NI    VIRT    RES    SHR S  %CPU %MEM     TIME+ COMMAND
 1635 ubuntu    20   0 9063220 326712  14404 S  26.5  4.2   0:48.99 java
Fri Jun 13 13:35:39 UTC 2014
  PID USER      PR  NI    VIRT    RES    SHR S  %CPU %MEM     TIME+ COMMAND
 1635 ubuntu    20   0 9063220 321320  14404 S  39.7  4.2   0:49.44 java
Fri Jun 13 13:35:40 UTC 2014
  PID USER      PR  NI    VIRT    RES    SHR S  %CPU %MEM     TIME+ COMMAND
 1635 ubuntu    20   0 9063220 317476  14404 S  39.7  4.1   0:49.82 java
Fri Jun 13 13:35:41 UTC 2014
  PID USER      PR  NI    VIRT    RES    SHR S  %CPU %MEM     TIME+ COMMAND
 1635 ubuntu    20   0 9063220 312344  14404 S  19.8  4.1   0:50.34 java
Fri Jun 13 13:35:42 UTC 2014
  PID USER      PR  NI    VIRT    RES    SHR S  %CPU %MEM     TIME+ COMMAND
 1635 ubuntu    20   0 9063220 308240  14404 S  12.7  4.0   0:50.88 java
Fri Jun 13 13:35:44 UTC 2014
  PID USER      PR  NI    VIRT    RES    SHR S  %CPU %MEM     TIME+ COMMAND
 1635 ubuntu    20   0 9063220 303624  14404 S  72.9  3.9   0:51.43 java
Fri Jun 13 13:35:45 UTC 2014
  PID USER      PR  NI    VIRT    RES    SHR S  %CPU %MEM     TIME+ COMMAND
 1635 ubuntu    20   0 9063220 300032  14404 S  19.9  3.9   0:51.94 java
Fri Jun 13 13:35:46 UTC 2014
  PID USER      PR  NI    VIRT    RES    SHR S  %CPU %MEM     TIME+ COMMAND
 1635 ubuntu    20   0 9063220 296708  14404 S  72.9  3.9   0:52.32 java
Fri Jun 13 13:35:47 UTC 2014
  PID USER      PR  NI    VIRT    RES    SHR S  %CPU %MEM     TIME+ COMMAND
 1635 ubuntu    20   0 9063220 292088  14404 S  39.7  3.8   0:52.72 java
Fri Jun 13 13:35:48 UTC 2014
  PID USER      PR  NI    VIRT    RES    SHR S  %CPU %MEM     TIME+ COMMAND
 1635 ubuntu    20   0 9063220 288500  14404 S  39.8  3.7   0:53.17 java
Fri Jun 13 13:35:50 UTC 2014
  PID USER      PR  NI    VIRT    RES    SHR S  %CPU %MEM     TIME+ COMMAND
 1635 ubuntu    20   0 9063220 285676  14404 S  59.5  3.7   0:53.63 java
Fri Jun 13 13:35:51 UTC 2014
  PID USER      PR  NI    VIRT    RES    SHR S  %CPU %MEM     TIME+ COMMAND
 1635 ubuntu    20   0 9063220 282600  14404 S  26.4  3.7   0:54.04 java
Fri Jun 13 13:35:52 UTC 2014
  PID USER      PR  NI    VIRT    RES    SHR S  %CPU %MEM     TIME+ COMMAND
 1635 ubuntu    20   0 9063220 279780  14404 S  26.5  3.6   0:54.72 java
Fri Jun 13 13:35:53 UTC 2014
  PID USER      PR  NI    VIRT    RES    SHR S  %CPU %MEM     TIME+ COMMAND
 1635 ubuntu    20   0 9063220 273624  14404 S  59.6  3.6   0:55.21 java
Fri Jun 13 13:35:54 UTC 2014
  PID USER      PR  NI    VIRT    RES    SHR S  %CPU %MEM     TIME+ COMMAND
 1635 ubuntu    20   0 9063220 271060  14404 S  33.1  3.5   0:55.56 java
Fri Jun 13 13:35:55 UTC 2014
  PID USER      PR  NI    VIRT    RES    SHR S  %CPU %MEM     TIME+ COMMAND
 1635 ubuntu    20   0 9063220 269520  14404 S  26.2  3.5   0:55.95 java
Fri Jun 13 13:35:57 UTC 2014
  PID USER      PR  NI    VIRT    RES    SHR S  %CPU %MEM     TIME+ COMMAND
 1635 ubuntu    20   0 9063220 264652  14404 S  92.1  3.4   0:56.61 java
Fri Jun 13 13:35:58 UTC 2014
  PID USER      PR  NI    VIRT    RES    SHR S  %CPU %MEM     TIME+ COMMAND
 1635 ubuntu    20   0 9063220 263112  14404 S  33.1  3.4   0:57.29 java
Fri Jun 13 13:35:59 UTC 2014
  PID USER      PR  NI    VIRT    RES    SHR S  %CPU %MEM     TIME+ COMMAND
 1635 ubuntu    20   0 9063220 258244  14404 S  72.8  3.4   0:57.77 java
Fri Jun 13 13:36:00 UTC 2014
  PID USER      PR  NI    VIRT    RES    SHR S  %CPU %MEM     TIME+ COMMAND
 1635 ubuntu    20   0 9063220 255168  14404 S  66.2  3.3   0:58.42 java
Fri Jun 13 13:36:01 UTC 2014
  PID USER      PR  NI    VIRT    RES    SHR S  %CPU %MEM     TIME+ COMMAND
 1635 ubuntu    20   0 9063220 255660  14404 S  46.4  3.3   0:59.07 java
Fri Jun 13 13:36:03 UTC 2014
  PID USER      PR  NI    VIRT    RES    SHR S  %CPU %MEM     TIME+ COMMAND
 1635 ubuntu    20   0 9063220 257280  14404 S  39.7  3.3   0:59.65 java
Fri Jun 13 13:36:04 UTC 2014
  PID USER      PR  NI    VIRT    RES    SHR S  %CPU %MEM     TIME+ COMMAND
 1635 ubuntu    20   0 9063220 257568  14404 S  59.6  3.3   1:00.31 java
Fri Jun 13 13:36:05 UTC 2014
  PID USER      PR  NI    VIRT    RES    SHR S  %CPU %MEM     TIME+ COMMAND
 1635 ubuntu    20   0 9063220 268048  14404 S  46.4  3.5   1:00.79 java
Fri Jun 13 13:36:06 UTC 2014
  PID USER      PR  NI    VIRT    RES    SHR S  %CPU %MEM     TIME+ COMMAND
 1635 ubuntu    20   0 9063220 267816  14404 S  33.1  3.5   1:01.39 java
Fri Jun 13 13:36:07 UTC 2014
  PID USER      PR  NI    VIRT    RES    SHR S  %CPU %MEM     TIME+ COMMAND
 1635 ubuntu    20   0 9063220 268064  14404 S  46.4  3.5   1:01.86 java
Fri Jun 13 13:36:08 UTC 2014
  PID USER      PR  NI    VIRT    RES    SHR S  %CPU %MEM     TIME+ COMMAND
 1635 ubuntu    20   0 9063220 268064  14404 S  26.4  3.5   1:02.39 java
Fri Jun 13 13:36:10 UTC 2014
  PID USER      PR  NI    VIRT    RES    SHR S  %CPU %MEM     TIME+ COMMAND
 1635 ubuntu    20   0 9064248 266388  14404 S  53.0  3.5   1:03.30 java
Fri Jun 13 13:36:11 UTC 2014
  PID USER      PR  NI    VIRT    RES    SHR S  %CPU %MEM     TIME+ COMMAND
 1635 ubuntu    20   0 9064248 266140  14404 S  91.0  3.5   1:03.96 java
Fri Jun 13 13:36:12 UTC 2014
  PID USER      PR  NI    VIRT    RES    SHR S  %CPU %MEM     TIME+ COMMAND
 1635 ubuntu    20   0 9064248 265624  14404 S  46.3  3.5   1:04.47 java
Fri Jun 13 13:36:13 UTC 2014
  PID USER      PR  NI    VIRT    RES    SHR S  %CPU %MEM     TIME+ COMMAND
 1635 ubuntu    20   0 9064248 265376  14404 S 106.0  3.4   1:05.20 java
Fri Jun 13 13:36:14 UTC 2014
  PID USER      PR  NI    VIRT    RES    SHR S  %CPU %MEM     TIME+ COMMAND
 1635 ubuntu    20   0 9064248 264352  14404 S  53.0  3.4   1:06.28 java
Fri Jun 13 13:36:16 UTC 2014
  PID USER      PR  NI    VIRT    RES    SHR S  %CPU %MEM     TIME+ COMMAND
 1635 ubuntu    20   0 9064248 264624  14404 S  79.4  3.4   1:07.04 java
Fri Jun 13 13:36:17 UTC 2014
  PID USER      PR  NI    VIRT    RES    SHR S  %CPU %MEM     TIME+ COMMAND
 1635 ubuntu    20   0 9064248 264644  14404 S  33.1  3.4   1:07.75 java
Fri Jun 13 13:36:18 UTC 2014
  PID USER      PR  NI    VIRT    RES    SHR S  %CPU %MEM     TIME+ COMMAND
 1635 ubuntu    20   0 9064248 265172  14404 S  52.9  3.4   1:08.39 java
Fri Jun 13 13:36:19 UTC 2014
  PID USER      PR  NI    VIRT    RES    SHR S  %CPU %MEM     TIME+ COMMAND
 1635 ubuntu    20   0 9064248 265172  14404 S  86.2  3.4   1:09.19 java
Fri Jun 13 13:36:20 UTC 2014
  PID USER      PR  NI    VIRT    RES    SHR S  %CPU %MEM     TIME+ COMMAND
 1635 ubuntu    20   0 9064248 265680  14404 S  53.0  3.5   1:09.99 java
Fri Jun 13 13:36:22 UTC 2014
  PID USER      PR  NI    VIRT    RES    SHR S  %CPU %MEM     TIME+ COMMAND
 1635 ubuntu    20   0 9064248 273180  14404 S  59.7  3.6   1:10.84 java
Fri Jun 13 13:36:23 UTC 2014
  PID USER      PR  NI    VIRT    RES    SHR S  %CPU %MEM     TIME+ COMMAND
 1635 ubuntu    20   0 9064248 273444  14404 S  99.4  3.6   1:11.55 java
Fri Jun 13 13:36:24 UTC 2014
  PID USER      PR  NI    VIRT    RES    SHR S  %CPU %MEM     TIME+ COMMAND
 1635 ubuntu    20   0 9064248 273972  14404 S  66.1  3.6   1:12.31 java
Fri Jun 13 13:36:25 UTC 2014
  PID USER      PR  NI    VIRT    RES    SHR S  %CPU %MEM     TIME+ COMMAND
 1635 ubuntu    20   0 9064248 274244  14404 S  70.8  3.6   1:13.05 java
Fri Jun 13 13:36:26 UTC 2014
  PID USER      PR  NI    VIRT    RES    SHR S  %CPU %MEM     TIME+ COMMAND
 1635 ubuntu    20   0 9064248 273792  14404 S  52.9  3.6   1:13.80 java
Fri Jun 13 13:36:28 UTC 2014
  PID USER      PR  NI    VIRT    RES    SHR S  %CPU %MEM     TIME+ COMMAND
 1635 ubuntu    20   0 9064248 273568  14404 S  66.1  3.6   1:14.47 java
Fri Jun 13 13:36:29 UTC 2014
  PID USER      PR  NI    VIRT    RES    SHR S  %CPU %MEM     TIME+ COMMAND
 1635 ubuntu    20   0 9064248 273448  14404 S  92.7  3.6   1:15.59 java
Fri Jun 13 13:36:30 UTC 2014
  PID USER      PR  NI    VIRT    RES    SHR S  %CPU %MEM     TIME+ COMMAND
 1635 ubuntu    20   0 9064248 273464  14404 S  86.0  3.6   1:16.57 java
Fri Jun 13 13:36:31 UTC 2014
  PID USER      PR  NI    VIRT    RES    SHR S  %CPU %MEM     TIME+ COMMAND
 1635 ubuntu    20   0 9064248 284748  14404 S  58.3  3.7   1:17.37 java
Fri Jun 13 13:36:32 UTC 2014
  PID USER      PR  NI    VIRT    RES    SHR S  %CPU %MEM     TIME+ COMMAND
 1635 ubuntu    20   0 9066304 292460  14404 S 198.1  3.8   1:17.96 java
Fri Jun 13 13:36:34 UTC 2014
  PID USER      PR  NI    VIRT    RES    SHR S  %CPU %MEM     TIME+ COMMAND
 1635 ubuntu    20   0 9066304 308492  14404 S 106.0  4.0   1:19.14 java
Fri Jun 13 13:36:35 UTC 2014
  PID USER      PR  NI    VIRT    RES    SHR S  %CPU %MEM     TIME+ COMMAND
 1635 ubuntu    20   0 9066304 325388  14404 S  86.1  4.2   1:20.45 java
Fri Jun 13 13:36:36 UTC 2014
  PID USER      PR  NI    VIRT    RES    SHR S  %CPU %MEM     TIME+ COMMAND
 1635 ubuntu    20   0 9066304 350512  14404 S  79.3  4.6   1:21.59 java
Fri Jun 13 13:36:37 UTC 2014
  PID USER      PR  NI    VIRT    RES    SHR S  %CPU %MEM     TIME+ COMMAND
 1635 ubuntu    20   0 9066304 352696  14404 S  66.1  4.6   1:22.79 java
Fri Jun 13 13:36:39 UTC 2014
  PID USER      PR  NI    VIRT    RES    SHR S  %CPU %MEM     TIME+ COMMAND
 1635 ubuntu    20   0 9066304 352828  14404 S 109.9  4.6   1:23.73 java
Fri Jun 13 13:36:40 UTC 2014
  PID USER      PR  NI    VIRT    RES    SHR S  %CPU %MEM     TIME+ COMMAND
 1635 ubuntu    20   0 9066304 353944  14404 S 125.4  4.6   1:25.14 java
Fri Jun 13 13:36:41 UTC 2014
  PID USER      PR  NI    VIRT    RES    SHR S  %CPU %MEM     TIME+ COMMAND
 1635 ubuntu    20   0 9066304 354208  14404 S  85.3  4.6   1:26.10 java
Fri Jun 13 13:36:42 UTC 2014
  PID USER      PR  NI    VIRT    RES    SHR S  %CPU %MEM     TIME+ COMMAND
 1635 ubuntu    20   0 9066304 354544  14404 S 109.8  4.6   1:27.27 java
Fri Jun 13 13:36:43 UTC 2014
  PID USER      PR  NI    VIRT    RES    SHR S  %CPU %MEM     TIME+ COMMAND
 1635 ubuntu    20   0 9066304 354632  14404 S  72.9  4.6   1:28.23 java
Fri Jun 13 13:36:44 UTC 2014
  PID USER      PR  NI    VIRT    RES    SHR S  %CPU %MEM     TIME+ COMMAND
 1635 ubuntu    20   0 9066304 355140  14404 S  59.5  4.6   1:29.22 java
Fri Jun 13 13:36:46 UTC 2014
  PID USER      PR  NI    VIRT    RES    SHR S  %CPU %MEM     TIME+ COMMAND
 1635 ubuntu    20   0 9066304 356036  14404 S  92.8  4.6   1:30.20 java
Fri Jun 13 13:36:47 UTC 2014
  PID USER      PR  NI    VIRT    RES    SHR S  %CPU %MEM     TIME+ COMMAND
 1635 ubuntu    20   0 9066304 356340  14404 S 157.2  4.6   1:31.88 java
Fri Jun 13 13:36:48 UTC 2014
  PID USER      PR  NI    VIRT    RES    SHR S  %CPU %MEM     TIME+ COMMAND
 1635 ubuntu    20   0 9066304 365656  14404 S 165.3  4.8   1:33.42 java
Fri Jun 13 13:36:49 UTC 2014
  PID USER      PR  NI    VIRT    RES    SHR S  %CPU %MEM     TIME+ COMMAND
 1635 ubuntu    20   0 9066304 366192  14404 S  71.1  4.8   1:34.60 java
Fri Jun 13 13:36:51 UTC 2014
  PID USER      PR  NI    VIRT    RES    SHR S  %CPU %MEM     TIME+ COMMAND
 1635 ubuntu    20   0 9066304 366712  14404 S 119.0  4.8   1:35.80 java
Fri Jun 13 13:36:52 UTC 2014
  PID USER      PR  NI    VIRT    RES    SHR S  %CPU %MEM     TIME+ COMMAND
 1635 ubuntu    20   0 9066304 365876  14404 S  85.9  4.8   1:36.94 java
Fri Jun 13 13:36:53 UTC 2014
  PID USER      PR  NI    VIRT    RES    SHR S  %CPU %MEM     TIME+ COMMAND
 1635 ubuntu    20   0 9066304 367232  14404 S 112.3  4.8   1:38.49 java
Fri Jun 13 13:36:54 UTC 2014
  PID USER      PR  NI    VIRT    RES    SHR S  %CPU %MEM     TIME+ COMMAND
 1635 ubuntu    20   0 9066304 369980  14404 S 125.6  4.8   1:40.38 java
Fri Jun 13 13:36:56 UTC 2014
  PID USER      PR  NI    VIRT    RES    SHR S  %CPU %MEM     TIME+ COMMAND
 1635 ubuntu    20   0 9066304 376392  14404 S 145.5  4.9   1:41.80 java
Fri Jun 13 13:36:57 UTC 2014
  PID USER      PR  NI    VIRT    RES    SHR S  %CPU %MEM     TIME+ COMMAND
 1635 ubuntu    20   0 9066304 378036  14404 S 165.3  4.9   1:43.26 java
Fri Jun 13 13:36:58 UTC 2014
  PID USER      PR  NI    VIRT    RES    SHR S  %CPU %MEM     TIME+ COMMAND
 1635 ubuntu    20   0 9066304 379620  14404 S  92.7  4.9   1:44.46 java
Fri Jun 13 13:36:59 UTC 2014
  PID USER      PR  NI    VIRT    RES    SHR S  %CPU %MEM     TIME+ COMMAND
 1635 ubuntu    20   0 9066304 379240  14404 S 131.5  4.9   1:45.82 java
Fri Jun 13 13:37:00 UTC 2014
  PID USER      PR  NI    VIRT    RES    SHR S  %CPU %MEM     TIME+ COMMAND
 1635 ubuntu    20   0 9066304 381664  14404 S 105.8  5.0   1:47.25 java
Fri Jun 13 13:37:01 UTC 2014
  PID USER      PR  NI    VIRT    RES    SHR S  %CPU %MEM     TIME+ COMMAND
 1635 ubuntu    20   0 9066304 405908  14404 S 138.7  5.3   1:48.65 java
Fri Jun 13 13:37:03 UTC 2014
  PID USER      PR  NI    VIRT    RES    SHR S  %CPU %MEM     TIME+ COMMAND
 1635 ubuntu    20   0 9066304 408484  14404 S 165.0  5.3   1:50.40 java
Fri Jun 13 13:37:04 UTC 2014
  PID USER      PR  NI    VIRT    RES    SHR S  %CPU %MEM     TIME+ COMMAND
 1635 ubuntu    20   0 9066304 435788  14404 S  92.5  5.7   1:52.29 java
Fri Jun 13 13:37:05 UTC 2014
  PID USER      PR  NI    VIRT    RES    SHR S  %CPU %MEM     TIME+ COMMAND
 1635 ubuntu    20   0 9066304 474104  14404 S  92.3  6.2   1:54.26 java
Fri Jun 13 13:37:06 UTC 2014
  PID USER      PR  NI    VIRT    RES    SHR S  %CPU %MEM     TIME+ COMMAND
 1635 ubuntu    20   0 9066304 524636  14404 S 179.8  6.8   1:56.23 java
Fri Jun 13 13:37:08 UTC 2014
  PID USER      PR  NI    VIRT    RES    SHR S  %CPU %MEM     TIME+ COMMAND
 1635 ubuntu    20   0 9066304 529124  14404 S 105.7  6.9   1:57.75 java
Fri Jun 13 13:37:09 UTC 2014
  PID USER      PR  NI    VIRT    RES    SHR S  %CPU %MEM     TIME+ COMMAND
 1635 ubuntu    20   0 9066304 585156  14404 S 125.7  7.6   1:59.34 java
Fri Jun 13 13:37:10 UTC 2014
  PID USER      PR  NI    VIRT    RES    SHR S  %CPU %MEM     TIME+ COMMAND
 1635 ubuntu    20   0 9066304 588320  14404 S  86.1  7.6   2:00.83 java
Fri Jun 13 13:37:11 UTC 2014
  PID USER      PR  NI    VIRT    RES    SHR S  %CPU %MEM     TIME+ COMMAND
 1635 ubuntu    20   0 9066304 652332  14404 S 163.8  8.5   2:02.50 java
Fri Jun 13 13:37:12 UTC 2014
  PID USER      PR  NI    VIRT    RES    SHR S  %CPU %MEM     TIME+ COMMAND
 1635 ubuntu    20   0 9066304 657804  14404 S 119.0  8.5   2:04.22 java
Fri Jun 13 13:37:14 UTC 2014
  PID USER      PR  NI    VIRT    RES    SHR S  %CPU %MEM     TIME+ COMMAND
 1635 ubuntu    20   0 9066304 660632  14404 S 112.4  8.6   2:05.82 java
Fri Jun 13 13:37:15 UTC 2014
  PID USER      PR  NI    VIRT    RES    SHR S  %CPU %MEM     TIME+ COMMAND
 1635 ubuntu    20   0 9066304 661160  14404 S 177.3  8.6   2:07.28 java
Fri Jun 13 13:37:16 UTC 2014
  PID USER      PR  NI    VIRT    RES    SHR S  %CPU %MEM     TIME+ COMMAND
 1635 ubuntu    20   0 9066304 718696  14404 S 118.7  9.3   2:08.87 java
Fri Jun 13 13:37:17 UTC 2014
  PID USER      PR  NI    VIRT    RES    SHR S  %CPU %MEM     TIME+ COMMAND
 1635 ubuntu    20   0 9066304 718452  14404 S 115.6  9.3   2:10.29 java
Fri Jun 13 13:37:18 UTC 2014
  PID USER      PR  NI    VIRT    RES    SHR S  %CPU %MEM     TIME+ COMMAND
 1635 ubuntu    20   0 9066304 718356  14404 S 165.3  9.3   2:11.73 java
Fri Jun 13 13:37:20 UTC 2014
  PID USER      PR  NI    VIRT    RES    SHR S  %CPU %MEM     TIME+ COMMAND
 1635 ubuntu    20   0 9066304 727784  14412 S 191.8  9.5   2:13.61 java
Fri Jun 13 13:37:21 UTC 2014
  PID USER      PR  NI    VIRT    RES    SHR S  %CPU %MEM     TIME+ COMMAND
 1635 ubuntu    20   0 9066304 729160  14412 S 165.3  9.5   2:15.45 java
Fri Jun 13 13:37:22 UTC 2014
  PID USER      PR  NI    VIRT    RES    SHR S  %CPU %MEM     TIME+ COMMAND
 1635 ubuntu    20   0 9066304 730036  14412 S 129.8  9.5   2:17.27 java
Fri Jun 13 13:37:23 UTC 2014
  PID USER      PR  NI    VIRT    RES    SHR S  %CPU %MEM     TIME+ COMMAND
 1635 ubuntu    20   0 9066304 727764  14412 S 118.6  9.5   2:19.09 java
Fri Jun 13 13:37:24 UTC 2014
  PID USER      PR  NI    VIRT    RES    SHR S  %CPU %MEM     TIME+ COMMAND
 1635 ubuntu    20   0 9066304 728588  14412 S 105.8  9.5   2:20.72 java
Fri Jun 13 13:37:26 UTC 2014
  PID USER      PR  NI    VIRT    RES    SHR S  %CPU %MEM     TIME+ COMMAND
 1635 ubuntu    20   0 9066304 727372  14412 S 157.3  9.5   2:22.28 java
Fri Jun 13 13:37:27 UTC 2014
  PID USER      PR  NI    VIRT    RES    SHR S  %CPU %MEM     TIME+ COMMAND
 1635 ubuntu    20   0 9066304 728224  14412 S 185.2  9.5   2:24.07 java
Fri Jun 13 13:37:28 UTC 2014
  PID USER      PR  NI    VIRT    RES    SHR S  %CPU %MEM     TIME+ COMMAND
 1635 ubuntu    20   0 9066304 733964  14412 S 165.4  9.5   2:25.98 java
Fri Jun 13 13:37:29 UTC 2014
  PID USER      PR  NI    VIRT    RES    SHR S  %CPU %MEM     TIME+ COMMAND
 1635 ubuntu    20   0 9066304 732472  14412 S 152.0  9.5   2:27.85 java
Fri Jun 13 13:37:31 UTC 2014
  PID USER      PR  NI    VIRT    RES    SHR S  %CPU %MEM     TIME+ COMMAND
 1635 ubuntu    20   0 9066304 730244  14412 S 158.7  9.5   2:29.70 java
Fri Jun 13 13:37:32 UTC 2014
  PID USER      PR  NI    VIRT    RES    SHR S  %CPU %MEM     TIME+ COMMAND
 1635 ubuntu    20   0 9066304 727316  14412 S 138.9  9.5   2:31.71 java
Fri Jun 13 13:37:33 UTC 2014
  PID USER      PR  NI    VIRT    RES    SHR S  %CPU %MEM     TIME+ COMMAND
 1635 ubuntu    20   0 9066304 723560  14412 S 152.4  9.4   2:33.63 java
Fri Jun 13 13:37:34 UTC 2014
  PID USER      PR  NI    VIRT    RES    SHR S  %CPU %MEM     TIME+ COMMAND
 1635 ubuntu    20   0 9066304 719832  14412 S 192.0  9.4   2:35.60 java
Fri Jun 13 13:37:35 UTC 2014
  PID USER      PR  NI    VIRT    RES    SHR S  %CPU %MEM     TIME+ COMMAND
 1635 ubuntu    20   0 9066304 721832  14412 S 198.4  9.4   2:37.55 java
Fri Jun 13 13:37:36 UTC 2014
  PID USER      PR  NI    VIRT    RES    SHR S  %CPU %MEM     TIME+ COMMAND
 1635 ubuntu    20   0 9066304 720148  14412 S 193.2  9.4   2:39.54 java
Fri Jun 13 13:37:38 UTC 2014
  PID USER      PR  NI    VIRT    RES    SHR S  %CPU %MEM     TIME+ COMMAND
 1635 ubuntu    20   0 9066304 716096  14412 S 132.0  9.3   2:41.39 java
Fri Jun 13 13:37:39 UTC 2014
  PID USER      PR  NI    VIRT    RES    SHR S  %CPU %MEM     TIME+ COMMAND
 1635 ubuntu    20   0 9066304 717572  14412 S 158.8  9.3   2:43.27 java
Fri Jun 13 13:37:40 UTC 2014
  PID USER      PR  NI    VIRT    RES    SHR S  %CPU %MEM     TIME+ COMMAND
 1635 ubuntu    20   0 9066304 721144  14412 S 130.2  9.4   2:45.38 java
Fri Jun 13 13:37:41 UTC 2014
  PID USER      PR  NI    VIRT    RES    SHR S  %CPU %MEM     TIME+ COMMAND
 1635 ubuntu    20   0 9066304 717904  14412 S 145.5  9.3   2:47.13 java
Fri Jun 13 13:37:43 UTC 2014
  PID USER      PR  NI    VIRT    RES    SHR S  %CPU %MEM     TIME+ COMMAND
 1635 ubuntu    20   0 9066304 713308  14412 S 165.4  9.3   2:49.03 java
Fri Jun 13 13:37:44 UTC 2014
  PID USER      PR  NI    VIRT    RES    SHR S  %CPU %MEM     TIME+ COMMAND
 1635 ubuntu    20   0 9066304 713116  14412 S 178.7  9.3   2:50.97 java
Fri Jun 13 13:37:45 UTC 2014
  PID USER      PR  NI    VIRT    RES    SHR S  %CPU %MEM     TIME+ COMMAND
 1635 ubuntu    20   0 9066304 706448  14412 S 156.3  9.2   2:52.74 java
Fri Jun 13 13:37:46 UTC 2014
  PID USER      PR  NI    VIRT    RES    SHR S  %CPU %MEM     TIME+ COMMAND
 1635 ubuntu    20   0 9066304 701584  14412 S 178.9  9.1   2:54.56 java
Fri Jun 13 13:37:47 UTC 2014
  PID USER      PR  NI    VIRT    RES    SHR S  %CPU %MEM     TIME+ COMMAND
 1635 ubuntu    20   0 9066304 696976  14412 S 178.3  9.1   2:56.47 java
Fri Jun 13 13:37:49 UTC 2014
  PID USER      PR  NI    VIRT    RES    SHR S  %CPU %MEM     TIME+ COMMAND
 1635 ubuntu    20   0 9066304 693136  14412 S 154.1  9.0   2:58.46 java
Fri Jun 13 13:37:50 UTC 2014
  PID USER      PR  NI    VIRT    RES    SHR S  %CPU %MEM     TIME+ COMMAND
 1635 ubuntu    20   0 9066304 686484  14412 S 119.0  8.9   3:00.37 java
Fri Jun 13 13:37:51 UTC 2014
  PID USER      PR  NI    VIRT    RES    SHR S  %CPU %MEM     TIME+ COMMAND
 1635 ubuntu    20   0 9066304 686228  14412 S 184.7  8.9   3:02.23 java
Fri Jun 13 13:37:52 UTC 2014
  PID USER      PR  NI    VIRT    RES    SHR S  %CPU %MEM     TIME+ COMMAND
 1635 ubuntu    20   0 9066304 684748  14412 S 198.4  8.9   3:04.18 java
Fri Jun 13 13:37:53 UTC 2014
  PID USER      PR  NI    VIRT    RES    SHR S  %CPU %MEM     TIME+ COMMAND
 1635 ubuntu    20   0 9066304 686928  14412 S 151.5  8.9   3:06.07 java
Fri Jun 13 13:37:55 UTC 2014
  PID USER      PR  NI    VIRT    RES    SHR S  %CPU %MEM     TIME+ COMMAND
 1635 ubuntu    20   0 9066304 689724  14412 S 186.9  9.0   3:08.04 java
Fri Jun 13 13:37:56 UTC 2014
  PID USER      PR  NI    VIRT    RES    SHR S  %CPU %MEM     TIME+ COMMAND
 1635 ubuntu    20   0 9066304 757532  14412 S 165.3  9.8   3:10.15 java
Fri Jun 13 13:37:57 UTC 2014
  PID USER      PR  NI    VIRT    RES    SHR S  %CPU %MEM     TIME+ COMMAND
 1635 ubuntu    20   0 9066304 807628  14412 S 185.8 10.5   3:12.24 java
Fri Jun 13 13:37:58 UTC 2014
  PID USER      PR  NI    VIRT    RES    SHR S  %CPU %MEM     TIME+ COMMAND
 1635 ubuntu    20   0 9131840 838680  14412 S 177.1 10.9   3:14.25 java
Fri Jun 13 13:37:59 UTC 2014
  PID USER      PR  NI    VIRT    RES    SHR S  %CPU %MEM     TIME+ COMMAND
 1635 ubuntu    20   0 9131840 924444  14412 S 170.5 12.0   3:16.20 java
Fri Jun 13 13:38:01 UTC 2014
  PID USER      PR  NI    VIRT    RES    SHR S  %CPU %MEM     TIME+ COMMAND
 1635 ubuntu    20   0 9131840 926492  14412 S 148.1 12.0   3:18.14 java
Fri Jun 13 13:38:02 UTC 2014
  PID USER      PR  NI    VIRT    RES    SHR S  %CPU %MEM     TIME+ COMMAND
 1635 ubuntu    20   0 9131840 987688  14412 S 170.9 12.8   3:20.30 java
Fri Jun 13 13:38:03 UTC 2014
  PID USER      PR  NI    VIRT    RES    SHR S  %CPU %MEM     TIME+ COMMAND
 1635 ubuntu    20   0 9131840 1.017g  14412 S 152.1 13.9   3:22.38 java
Fri Jun 13 13:38:04 UTC 2014
  PID USER      PR  NI    VIRT    RES    SHR S  %CPU %MEM     TIME+ COMMAND
 1635 ubuntu    20   0 9131840 1.080g  14412 S 178.5 14.7   3:24.43 java
Fri Jun 13 13:38:06 UTC 2014
  PID USER      PR  NI    VIRT    RES    SHR S  %CPU %MEM     TIME+ COMMAND
 1635 ubuntu    20   0 9197376 1.109g  14412 S 191.5 15.1   3:26.61 java
Fri Jun 13 13:38:07 UTC 2014
  PID USER      PR  NI    VIRT    RES    SHR S  %CPU %MEM     TIME+ COMMAND
 1635 ubuntu    20   0 9197376 1.172g  14412 S 200.0 16.0   3:28.62 java
Fri Jun 13 13:38:08 UTC 2014
  PID USER      PR  NI    VIRT    RES    SHR S  %CPU %MEM     TIME+ COMMAND
 1635 ubuntu    20   0 9197376 1.302g  14412 S 171.9 17.7   3:30.54 java
Fri Jun 13 13:38:09 UTC 2014
  PID USER      PR  NI    VIRT    RES    SHR S  %CPU %MEM     TIME+ COMMAND
 1635 ubuntu    20   0 9197376 1.307g  14412 S 165.3 17.8   3:32.46 java
Fri Jun 13 13:38:10 UTC 2014
  PID USER      PR  NI    VIRT    RES    SHR S  %CPU %MEM     TIME+ COMMAND
 1635 ubuntu    20   0 9197376 1.367g  14412 S 197.6 18.6   3:34.52 java
Fri Jun 13 13:38:12 UTC 2014
  PID USER      PR  NI    VIRT    RES    SHR S  %CPU %MEM     TIME+ COMMAND
 1635 ubuntu    20   0 9197376 1.427g  14412 S 152.2 19.4   3:36.57 java
Fri Jun 13 13:38:13 UTC 2014
  PID USER      PR  NI    VIRT    RES    SHR S  %CPU %MEM     TIME+ COMMAND
 1635 ubuntu    20   0 9197376 1.555g  14412 S 118.4 21.2   3:38.67 java
Fri Jun 13 13:38:14 UTC 2014
  PID USER      PR  NI    VIRT    RES    SHR S  %CPU %MEM     TIME+ COMMAND
 1635 ubuntu    20   0 9197376 1.671g  14412 S 125.7 22.8   3:40.69 java
Fri Jun 13 13:38:15 UTC 2014
  PID USER      PR  NI    VIRT    RES    SHR S  %CPU %MEM     TIME+ COMMAND
 1635 ubuntu    20   0 9197376 1.671g  14412 S 178.5 22.8   3:42.77 java
Fri Jun 13 13:38:17 UTC 2014
  PID USER      PR  NI    VIRT    RES    SHR S  %CPU %MEM     TIME+ COMMAND
 1635 ubuntu    20   0 9262912 1.686g  14412 S 198.3 23.0   3:44.84 java
Fri Jun 13 13:38:18 UTC 2014
  PID USER      PR  NI    VIRT    RES    SHR S  %CPU %MEM     TIME+ COMMAND
 1635 ubuntu    20   0 9262912 1.913g  14412 S 197.9 26.1   3:46.87 java
Fri Jun 13 13:38:19 UTC 2014
  PID USER      PR  NI    VIRT    RES    SHR S  %CPU %MEM     TIME+ COMMAND
 1635 ubuntu    20   0 9262912 1.914g  14412 S 170.1 26.1   3:48.82 java
Fri Jun 13 13:38:20 UTC 2014
  PID USER      PR  NI    VIRT    RES    SHR S  %CPU %MEM     TIME+ COMMAND
 1635 ubuntu    20   0 9262912 1.914g  14412 S 194.9 26.1   3:50.86 java
Fri Jun 13 13:38:21 UTC 2014
  PID USER      PR  NI    VIRT    RES    SHR S  %CPU %MEM     TIME+ COMMAND
 1635 ubuntu    20   0 9262912 1.914g  14412 S 191.7 26.1   3:53.13 java
Fri Jun 13 13:38:23 UTC 2014
  PID USER      PR  NI    VIRT    RES    SHR S  %CPU %MEM     TIME+ COMMAND
 1635 ubuntu    20   0 9262912 2.013g  14412 S 186.3 27.4   3:55.20 java
Fri Jun 13 13:38:24 UTC 2014
  PID USER      PR  NI    VIRT    RES    SHR S  %CPU %MEM     TIME+ COMMAND
 1635 ubuntu    20   0 9262912 2.018g  14412 S 158.8 27.5   3:57.25 java
Fri Jun 13 13:38:25 UTC 2014
  PID USER      PR  NI    VIRT    RES    SHR S  %CPU %MEM     TIME+ COMMAND
 1635 ubuntu    20   0 9262912 2.025g  14412 S 143.7 27.6   3:59.39 java
Fri Jun 13 13:38:26 UTC 2014
  PID USER      PR  NI    VIRT    RES    SHR S  %CPU %MEM     TIME+ COMMAND
 1635 ubuntu    20   0 9262912 2.025g  14412 S 121.3 27.6   4:01.49 java
Fri Jun 13 13:38:28 UTC 2014
  PID USER      PR  NI    VIRT    RES    SHR S  %CPU %MEM     TIME+ COMMAND
 1635 ubuntu    20   0 9262912 2.036g  14412 S 150.2 27.7   4:03.63 java
Fri Jun 13 13:38:29 UTC 2014
  PID USER      PR  NI    VIRT    RES    SHR S  %CPU %MEM     TIME+ COMMAND
 1635 ubuntu    20   0 9328448 2.042g  14412 S 144.2 27.8   4:05.65 java
Fri Jun 13 13:38:30 UTC 2014
  PID USER      PR  NI    VIRT    RES    SHR S  %CPU %MEM     TIME+ COMMAND
 1635 ubuntu    20   0 9328448 2.048g  14412 S 138.6 27.9   4:07.69 java
Fri Jun 13 13:38:31 UTC 2014
  PID USER      PR  NI    VIRT    RES    SHR S  %CPU %MEM     TIME+ COMMAND
 1635 ubuntu    20   0 9328448 2.052g  14412 S 165.3 28.0   4:09.76 java
Fri Jun 13 13:38:32 UTC 2014
  PID USER      PR  NI    VIRT    RES    SHR S  %CPU %MEM     TIME+ COMMAND
 1635 ubuntu    20   0 9328448 2.052g  14412 S 112.4 28.0   4:11.46 java
Fri Jun 13 13:38:34 UTC 2014
  PID USER      PR  NI    VIRT    RES    SHR S  %CPU %MEM     TIME+ COMMAND
 1635 ubuntu    20   0 9328448 2.052g  14412 S  99.2 28.0   4:12.93 java
Fri Jun 13 13:38:35 UTC 2014
  PID USER      PR  NI    VIRT    RES    SHR S  %CPU %MEM     TIME+ COMMAND
 1635 ubuntu    20   0 9328448 2.062g  14412 S 158.6 28.1   4:14.82 java
Fri Jun 13 13:38:36 UTC 2014
  PID USER      PR  NI    VIRT    RES    SHR S  %CPU %MEM     TIME+ COMMAND
 1635 ubuntu    20   0 9328448 2.064g  14412 S 112.5 28.1   4:16.77 java
Fri Jun 13 13:38:37 UTC 2014
  PID USER      PR  NI    VIRT    RES    SHR S  %CPU %MEM     TIME+ COMMAND
 1635 ubuntu    20   0 9328448 2.064g  14412 S 119.0 28.1   4:17.77 java
Fri Jun 13 13:38:38 UTC 2014
  PID USER      PR  NI    VIRT    RES    SHR S  %CPU %MEM     TIME+ COMMAND
 1635 ubuntu    20   0 9328448 2.063g  14412 S  92.7 28.1   4:18.71 java
Fri Jun 13 13:38:40 UTC 2014
  PID USER      PR  NI    VIRT    RES    SHR S  %CPU %MEM     TIME+ COMMAND
 1635 ubuntu    20   0 9328448 2.063g  14412 S  66.1 28.1   4:19.64 java
Fri Jun 13 13:38:41 UTC 2014
  PID USER      PR  NI    VIRT    RES    SHR S  %CPU %MEM     TIME+ COMMAND
 1635 ubuntu    20   0 9328448 2.063g  14412 S  52.4 28.1   4:20.55 java
Fri Jun 13 13:38:42 UTC 2014
  PID USER      PR  NI    VIRT    RES    SHR S  %CPU %MEM     TIME+ COMMAND
 1635 ubuntu    20   0 9328448 2.063g  14412 S  72.8 28.1   4:21.42 java
Fri Jun 13 13:38:43 UTC 2014
  PID USER      PR  NI    VIRT    RES    SHR S  %CPU %MEM     TIME+ COMMAND
 1635 ubuntu    20   0 9328448 2.064g  14412 S  66.1 28.1   4:22.12 java
Fri Jun 13 13:38:44 UTC 2014
  PID USER      PR  NI    VIRT    RES    SHR S  %CPU %MEM     TIME+ COMMAND
 1635 ubuntu    20   0 9328448 2.064g  14412 S 119.1 28.1   4:23.06 java
Fri Jun 13 13:38:45 UTC 2014
  PID USER      PR  NI    VIRT    RES    SHR S  %CPU %MEM     TIME+ COMMAND
 1635 ubuntu    20   0 9328448 2.064g  14412 S  19.9 28.1   4:23.84 java
Fri Jun 13 13:38:47 UTC 2014
  PID USER      PR  NI    VIRT    RES    SHR S  %CPU %MEM     TIME+ COMMAND
 1635 ubuntu    20   0 9328448 2.064g  14412 S  13.3 28.1   4:24.09 java
Fri Jun 13 13:38:48 UTC 2014
  PID USER      PR  NI    VIRT    RES    SHR S  %CPU %MEM     TIME+ COMMAND
 1635 ubuntu    20   0 9328448 2.064g  14412 S  78.3 28.1   4:24.56 java
Fri Jun 13 13:38:49 UTC 2014
  PID USER      PR  NI    VIRT    RES    SHR S  %CPU %MEM     TIME+ COMMAND
 1635 ubuntu    20   0 9328448 2.064g  14412 S  32.9 28.1   4:24.88 java
Fri Jun 13 13:38:50 UTC 2014
  PID USER      PR  NI    VIRT    RES    SHR S  %CPU %MEM     TIME+ COMMAND
 1635 ubuntu    20   0 9328448 2.064g  14412 S  19.8 28.1   4:25.09 java
Fri Jun 13 13:38:51 UTC 2014
  PID USER      PR  NI    VIRT    RES    SHR S  %CPU %MEM     TIME+ COMMAND
 1635 ubuntu    20   0 9328448 2.064g  14412 S  39.8 28.1   4:25.44 java
Fri Jun 13 13:38:53 UTC 2014
  PID USER      PR  NI    VIRT    RES    SHR S  %CPU %MEM     TIME+ COMMAND
 1635 ubuntu    20   0 9328448 2.064g  14412 S  19.9 28.1   4:25.83 java
Fri Jun 13 13:38:54 UTC 2014
  PID USER      PR  NI    VIRT    RES    SHR S  %CPU %MEM     TIME+ COMMAND
 1635 ubuntu    20   0 9328448 2.064g  14412 S  26.2 28.1   4:26.24 java
Fri Jun 13 13:38:55 UTC 2014
  PID USER      PR  NI    VIRT    RES    SHR S  %CPU %MEM     TIME+ COMMAND
 1635 ubuntu    20   0 9328448 2.064g  14412 S  26.5 28.1   4:26.69 java
Fri Jun 13 13:38:56 UTC 2014
  PID USER      PR  NI    VIRT    RES    SHR S  %CPU %MEM     TIME+ COMMAND
 1635 ubuntu    20   0 9328448 2.064g  14412 S  46.3 28.1   4:27.12 java
Fri Jun 13 13:38:57 UTC 2014
  PID USER      PR  NI    VIRT    RES    SHR S  %CPU %MEM     TIME+ COMMAND
 1635 ubuntu    20   0 9328448 2.064g  14412 S   6.6 28.1   4:27.39 java
Fri Jun 13 13:38:59 UTC 2014
  PID USER      PR  NI    VIRT    RES    SHR S  %CPU %MEM     TIME+ COMMAND
 1635 ubuntu    20   0 9328448 2.064g  14412 S  19.9 28.1   4:27.56 java
Fri Jun 13 13:39:00 UTC 2014
  PID USER      PR  NI    VIRT    RES    SHR S  %CPU %MEM     TIME+ COMMAND
 1635 ubuntu    20   0 9328448 2.064g  14412 S  72.8 28.1   4:28.13 java
Fri Jun 13 13:39:01 UTC 2014
  PID USER      PR  NI    VIRT    RES    SHR S  %CPU %MEM     TIME+ COMMAND
 1635 ubuntu    20   0 9328448 2.064g  14412 S   0.0 28.1   4:28.26 java
Fri Jun 13 13:39:02 UTC 2014
  PID USER      PR  NI    VIRT    RES    SHR S  %CPU %MEM     TIME+ COMMAND
 1635 ubuntu    20   0 9328448 2.064g  14412 S   0.0 28.1   4:28.27 java
Fri Jun 13 13:39:03 UTC 2014
  PID USER      PR  NI    VIRT    RES    SHR S  %CPU %MEM     TIME+ COMMAND
 1635 ubuntu    20   0 9328448 2.064g  14412 S   6.6 28.1   4:28.28 java
Fri Jun 13 13:39:04 UTC 2014
  PID USER      PR  NI    VIRT    RES    SHR S  %CPU %MEM     TIME+ COMMAND
 1635 ubuntu    20   0 9328448 2.064g  14412 S   0.0 28.1   4:28.29 java
Fri Jun 13 13:39:06 UTC 2014
  PID USER      PR  NI    VIRT    RES    SHR S  %CPU %MEM     TIME+ COMMAND
 1635 ubuntu    20   0 9328448 2.064g  14412 S   0.0 28.1   4:28.30 java
Fri Jun 13 13:39:07 UTC 2014
  PID USER      PR  NI    VIRT    RES    SHR S  %CPU %MEM     TIME+ COMMAND
 1635 ubuntu    20   0 9328448 2.064g  14412 S   0.0 28.1   4:28.30 java
Fri Jun 13 13:39:08 UTC 2014
  PID USER      PR  NI    VIRT    RES    SHR S  %CPU %MEM     TIME+ COMMAND
 1635 ubuntu    20   0 9328448 2.064g  14412 S   0.0 28.1   4:28.30 java
Fri Jun 13 13:39:09 UTC 2014
  PID USER      PR  NI    VIRT    RES    SHR S  %CPU %MEM     TIME+ COMMAND
 1635 ubuntu    20   0 9328448 2.064g  14412 S   0.0 28.1   4:28.32 java
Fri Jun 13 13:39:10 UTC 2014
  PID USER      PR  NI    VIRT    RES    SHR S  %CPU %MEM     TIME+ COMMAND
 1635 ubuntu    20   0 9328448 2.064g  14412 S   0.0 28.1   4:28.33 java
Fri Jun 13 13:39:11 UTC 2014
  PID USER      PR  NI    VIRT    RES    SHR S  %CPU %MEM     TIME+ COMMAND
 1635 ubuntu    20   0 9328448 2.064g  14412 S   0.0 28.1   4:28.34 java
Fri Jun 13 13:39:13 UTC 2014
  PID USER      PR  NI    VIRT    RES    SHR S  %CPU %MEM     TIME+ COMMAND
 1635 ubuntu    20   0 9328448 2.064g  14412 S   0.0 28.1   4:28.34 java
Fri Jun 13 13:39:14 UTC 2014
  PID USER      PR  NI    VIRT    RES    SHR S  %CPU %MEM     TIME+ COMMAND
 1635 ubuntu    20   0 9328448 2.064g  14412 S   0.0 28.1   4:28.35 java
Fri Jun 13 13:39:15 UTC 2014
  PID USER      PR  NI    VIRT    RES    SHR S  %CPU %MEM     TIME+ COMMAND
 1635 ubuntu    20   0 9328448 2.064g  14412 S   0.0 28.1   4:28.35 java
Fri Jun 13 13:39:16 UTC 2014
  PID USER      PR  NI    VIRT    RES    SHR S  %CPU %MEM     TIME+ COMMAND
 1635 ubuntu    20   0 9328448 2.064g  14412 S   0.0 28.1   4:28.37 java
Fri Jun 13 13:39:17 UTC 2014
  PID USER      PR  NI    VIRT    RES    SHR S  %CPU %MEM     TIME+ COMMAND
 1635 ubuntu    20   0 9328448 2.064g  14412 S   0.0 28.1   4:28.37 java
Fri Jun 13 13:39:19 UTC 2014
  PID USER      PR  NI    VIRT    RES    SHR S  %CPU %MEM     TIME+ COMMAND
 1635 ubuntu    20   0 9328448 2.064g  14412 S   0.0 28.1   4:28.38 java
Fri Jun 13 13:39:20 UTC 2014
  PID USER      PR  NI    VIRT    RES    SHR S  %CPU %MEM     TIME+ COMMAND
 1635 ubuntu    20   0 9328448 2.064g  14412 S   0.0 28.1   4:28.39 java
Fri Jun 13 13:39:21 UTC 2014
  PID USER      PR  NI    VIRT    RES    SHR S  %CPU %MEM     TIME+ COMMAND
 1635 ubuntu    20   0 9328448 2.064g  14412 S   0.0 28.1   4:28.39 java
Fri Jun 13 13:39:22 UTC 2014
  PID USER      PR  NI    VIRT    RES    SHR S  %CPU %MEM     TIME+ COMMAND
 1635 ubuntu    20   0 9328448 2.064g  14412 S   0.0 28.1   4:28.41 java
Fri Jun 13 13:39:23 UTC 2014
  PID USER      PR  NI    VIRT    RES    SHR S  %CPU %MEM     TIME+ COMMAND
 1635 ubuntu    20   0 9328448 2.064g  14412 S   0.0 28.1   4:28.41 java
Fri Jun 13 13:39:24 UTC 2014
  PID USER      PR  NI    VIRT    RES    SHR S  %CPU %MEM     TIME+ COMMAND
 1635 ubuntu    20   0 9328448 2.064g  14412 S   0.0 28.1   4:28.42 java
Fri Jun 13 13:39:26 UTC 2014
  PID USER      PR  NI    VIRT    RES    SHR S  %CPU %MEM     TIME+ COMMAND
 1635 ubuntu    20   0 9328448 2.064g  14412 S   0.0 28.1   4:28.42 java
Fri Jun 13 13:39:27 UTC 2014
  PID USER      PR  NI    VIRT    RES    SHR S  %CPU %MEM     TIME+ COMMAND
 1635 ubuntu    20   0 9328448 2.064g  14412 S   0.0 28.1   4:28.42 java
Fri Jun 13 13:39:28 UTC 2014
  PID USER      PR  NI    VIRT    RES    SHR S  %CPU %MEM     TIME+ COMMAND
 1635 ubuntu    20   0 9328448 2.064g  14412 S   0.0 28.1   4:28.43 java
Fri Jun 13 13:39:29 UTC 2014
  PID USER      PR  NI    VIRT    RES    SHR S  %CPU %MEM     TIME+ COMMAND
 1635 ubuntu    20   0 9328448 2.064g  14412 S   0.0 28.1   4:28.44 java
Fri Jun 13 13:39:30 UTC 2014
  PID USER      PR  NI    VIRT    RES    SHR S  %CPU %MEM     TIME+ COMMAND
 1635 ubuntu    20   0 9328448 2.064g  14412 S   0.0 28.1   4:28.46 java
Fri Jun 13 13:39:32 UTC 2014
  PID USER      PR  NI    VIRT    RES    SHR S  %CPU %MEM     TIME+ COMMAND
 1635 ubuntu    20   0 9328448 2.064g  14412 S   0.0 28.1   4:28.46 java
Fri Jun 13 13:39:33 UTC 2014
  PID USER      PR  NI    VIRT    RES    SHR S  %CPU %MEM     TIME+ COMMAND
 1635 ubuntu    20   0 9328448 2.064g  14412 S   0.0 28.1   4:28.46 java
Fri Jun 13 13:39:34 UTC 2014
  PID USER      PR  NI    VIRT    RES    SHR S  %CPU %MEM     TIME+ COMMAND
 1635 ubuntu    20   0 9328448 2.064g  14412 S   0.0 28.1   4:28.47 java
Fri Jun 13 13:39:35 UTC 2014
  PID USER      PR  NI    VIRT    RES    SHR S  %CPU %MEM     TIME+ COMMAND
 1635 ubuntu    20   0 9328448 2.064g  14412 S   6.6 28.1   4:28.48 java
Fri Jun 13 13:39:36 UTC 2014
  PID USER      PR  NI    VIRT    RES    SHR S  %CPU %MEM     TIME+ COMMAND
 1635 ubuntu    20   0 9328448 2.064g  14412 S   6.6 28.1   4:28.49 java
Fri Jun 13 13:39:37 UTC 2014
  PID USER      PR  NI    VIRT    RES    SHR S  %CPU %MEM     TIME+ COMMAND
 1635 ubuntu    20   0 9328448 2.064g  14412 S   0.0 28.1   4:28.49 java
Fri Jun 13 13:39:39 UTC 2014
  PID USER      PR  NI    VIRT    RES    SHR S  %CPU %MEM     TIME+ COMMAND
 1635 ubuntu    20   0 9328448 2.064g  14412 S   0.0 28.1   4:28.50 java
Fri Jun 13 13:39:40 UTC 2014
  PID USER      PR  NI    VIRT    RES    SHR S  %CPU %MEM     TIME+ COMMAND
 1635 ubuntu    20   0 9328448 2.064g  14412 S   0.0 28.1   4:28.51 java
Fri Jun 13 13:39:41 UTC 2014
  PID USER      PR  NI    VIRT    RES    SHR S  %CPU %MEM     TIME+ COMMAND
 1635 ubuntu    20   0 9328448 2.064g  14412 S   0.0 28.1   4:28.51 java
Fri Jun 13 13:39:42 UTC 2014
  PID USER      PR  NI    VIRT    RES    SHR S  %CPU %MEM     TIME+ COMMAND
 1635 ubuntu    20   0 9328448 2.064g  14412 S   0.0 28.1   4:28.52 java
Fri Jun 13 13:39:43 UTC 2014
  PID USER      PR  NI    VIRT    RES    SHR S  %CPU %MEM     TIME+ COMMAND
 1635 ubuntu    20   0 9328448 2.064g  14412 S   6.6 28.1   4:28.53 java
Fri Jun 13 13:39:44 UTC 2014
  PID USER      PR  NI    VIRT    RES    SHR S  %CPU %MEM     TIME+ COMMAND
 1635 ubuntu    20   0 9328448 2.064g  14412 S   0.0 28.1   4:28.54 java
Fri Jun 13 13:39:46 UTC 2014
  PID USER      PR  NI    VIRT    RES    SHR S  %CPU %MEM     TIME+ COMMAND
 1635 ubuntu    20   0 9328448 2.064g  14412 S   0.0 28.1   4:28.54 java
Fri Jun 13 13:39:47 UTC 2014
  PID USER      PR  NI    VIRT    RES    SHR S  %CPU %MEM     TIME+ COMMAND
 1635 ubuntu    20   0 9328448 2.064g  14412 S   0.0 28.1   4:28.54 java
Fri Jun 13 13:39:48 UTC 2014
  PID USER      PR  NI    VIRT    RES    SHR S  %CPU %MEM     TIME+ COMMAND
 1635 ubuntu    20   0 9328448 2.064g  14412 S   0.0 28.1   4:28.55 java
Fri Jun 13 13:39:49 UTC 2014
  PID USER      PR  NI    VIRT    RES    SHR S  %CPU %MEM     TIME+ COMMAND
 1635 ubuntu    20   0 9328448 2.064g  14412 S   0.0 28.1   4:28.56 java
Fri Jun 13 13:39:50 UTC 2014
  PID USER      PR  NI    VIRT    RES    SHR S  %CPU %MEM     TIME+ COMMAND
 1635 ubuntu    20   0 9328448 2.064g  14412 S   0.0 28.1   4:28.57 java
Fri Jun 13 13:39:51 UTC 2014
  PID USER      PR  NI    VIRT    RES    SHR S  %CPU %MEM     TIME+ COMMAND
 1635 ubuntu    20   0 9328448 2.064g  14412 S   0.0 28.1   4:28.58 java
Fri Jun 13 13:39:53 UTC 2014
  PID USER      PR  NI    VIRT    RES    SHR S  %CPU %MEM     TIME+ COMMAND
 1635 ubuntu    20   0 9328448 2.064g  14412 S   0.0 28.1   4:28.59 java
Fri Jun 13 13:39:54 UTC 2014
  PID USER      PR  NI    VIRT    RES    SHR S  %CPU %MEM     TIME+ COMMAND
 1635 ubuntu    20   0 9328448 2.064g  14412 S   0.0 28.1   4:28.59 java
Fri Jun 13 13:39:55 UTC 2014
  PID USER      PR  NI    VIRT    RES    SHR S  %CPU %MEM     TIME+ COMMAND
 1635 ubuntu    20   0 9328448 2.064g  14412 S   0.0 28.1   4:28.59 java
Fri Jun 13 13:39:56 UTC 2014
  PID USER      PR  NI    VIRT    RES    SHR S  %CPU %MEM     TIME+ COMMAND
 1635 ubuntu    20   0 9328448 2.064g  14412 S   0.0 28.1   4:28.60 java
Fri Jun 13 13:39:57 UTC 2014
  PID USER      PR  NI    VIRT    RES    SHR S  %CPU %MEM     TIME+ COMMAND
 1635 ubuntu    20   0 9328448 2.064g  14412 S   0.0 28.1   4:28.61 java
Fri Jun 13 13:39:58 UTC 2014
  PID USER      PR  NI    VIRT    RES    SHR S  %CPU %MEM     TIME+ COMMAND
 1635 ubuntu    20   0 9328448 2.064g  14412 S   0.0 28.1   4:28.62 java
Fri Jun 13 13:40:00 UTC 2014
  PID USER      PR  NI    VIRT    RES    SHR S  %CPU %MEM     TIME+ COMMAND
 1635 ubuntu    20   0 9328448 2.064g  14412 S   0.0 28.1   4:28.63 java
Fri Jun 13 13:40:01 UTC 2014
  PID USER      PR  NI    VIRT    RES    SHR S  %CPU %MEM     TIME+ COMMAND
 1635 ubuntu    20   0 9328448 2.064g  14412 S   0.0 28.1   4:28.63 java
Fri Jun 13 13:40:02 UTC 2014
  PID USER      PR  NI    VIRT    RES    SHR S  %CPU %MEM     TIME+ COMMAND
 1635 ubuntu    20   0 9328448 2.064g  14412 S   0.0 28.1   4:28.64 java
Fri Jun 13 13:40:03 UTC 2014
  PID USER      PR  NI    VIRT    RES    SHR S  %CPU %MEM     TIME+ COMMAND
 1635 ubuntu    20   0 9328448 2.064g  14412 S   0.0 28.1   4:28.64 java
Fri Jun 13 13:40:04 UTC 2014
  PID USER      PR  NI    VIRT    RES    SHR S  %CPU %MEM     TIME+ COMMAND
 1635 ubuntu    20   0 9328448 2.064g  14412 S   0.0 28.1   4:28.66 java
Fri Jun 13 13:40:06 UTC 2014
  PID USER      PR  NI    VIRT    RES    SHR S  %CPU %MEM     TIME+ COMMAND
 1635 ubuntu    20   0 9328448 2.064g  14412 S   0.0 28.1   4:28.66 java
Fri Jun 13 13:40:07 UTC 2014
  PID USER      PR  NI    VIRT    RES    SHR S  %CPU %MEM     TIME+ COMMAND
 1635 ubuntu    20   0 9328448 2.064g  14412 S   0.0 28.1   4:28.67 java
Fri Jun 13 13:40:08 UTC 2014
  PID USER      PR  NI    VIRT    RES    SHR S  %CPU %MEM     TIME+ COMMAND
 1635 ubuntu    20   0 9328448 2.064g  14412 S   0.0 28.1   4:28.67 java
Fri Jun 13 13:40:09 UTC 2014
  PID USER      PR  NI    VIRT    RES    SHR S  %CPU %MEM     TIME+ COMMAND
 1635 ubuntu    20   0 9328448 2.064g  14412 S   0.0 28.1   4:28.68 java
Fri Jun 13 13:40:10 UTC 2014
  PID USER      PR  NI    VIRT    RES    SHR S  %CPU %MEM     TIME+ COMMAND
 1635 ubuntu    20   0 9328448 2.064g  14412 S   0.0 28.1   4:28.69 java
Fri Jun 13 13:40:11 UTC 2014
  PID USER      PR  NI    VIRT    RES    SHR S  %CPU %MEM     TIME+ COMMAND
 1635 ubuntu    20   0 9328448 2.064g  14412 S   6.6 28.1   4:28.70 java
Fri Jun 13 13:40:13 UTC 2014
  PID USER      PR  NI    VIRT    RES    SHR S  %CPU %MEM     TIME+ COMMAND
 1635 ubuntu    20   0 9328448 2.064g  14412 S   0.0 28.1   4:28.71 java
Fri Jun 13 13:40:14 UTC 2014
  PID USER      PR  NI    VIRT    RES    SHR S  %CPU %MEM     TIME+ COMMAND
 1635 ubuntu    20   0 9328448 2.064g  14412 S   0.0 28.1   4:28.71 java
Fri Jun 13 13:40:15 UTC 2014
  PID USER      PR  NI    VIRT    RES    SHR S  %CPU %MEM     TIME+ COMMAND
 1635 ubuntu    20   0 9328448 2.064g  14412 S   0.0 28.1   4:28.72 java
Fri Jun 13 13:40:16 UTC 2014
  PID USER      PR  NI    VIRT    RES    SHR S  %CPU %MEM     TIME+ COMMAND
 1635 ubuntu    20   0 9328448 2.064g  14412 S   0.0 28.1   4:28.72 java
Fri Jun 13 13:40:17 UTC 2014
  PID USER      PR  NI    VIRT    RES    SHR S  %CPU %MEM     TIME+ COMMAND
 1635 ubuntu    20   0 9328448 2.064g  14412 S   0.0 28.1   4:28.72 java
Fri Jun 13 13:40:19 UTC 2014
  PID USER      PR  NI    VIRT    RES    SHR S  %CPU %MEM     TIME+ COMMAND
 1635 ubuntu    20   0 9328448 2.064g  14412 S   0.0 28.1   4:28.73 java
Fri Jun 13 13:40:20 UTC 2014
  PID USER      PR  NI    VIRT    RES    SHR S  %CPU %MEM     TIME+ COMMAND
 1635 ubuntu    20   0 9328448 2.064g  14412 S   0.0 28.1   4:28.75 java
Fri Jun 13 13:40:21 UTC 2014
  PID USER      PR  NI    VIRT    RES    SHR S  %CPU %MEM     TIME+ COMMAND
 1635 ubuntu    20   0 9328448 2.064g  14412 S   0.0 28.1   4:28.75 java
Fri Jun 13 13:40:22 UTC 2014
  PID USER      PR  NI    VIRT    RES    SHR S  %CPU %MEM     TIME+ COMMAND
 1635 ubuntu    20   0 9328448 2.064g  14412 S   0.0 28.1   4:28.76 java
Fri Jun 13 13:40:23 UTC 2014
  PID USER      PR  NI    VIRT    RES    SHR S  %CPU %MEM     TIME+ COMMAND
 1635 ubuntu    20   0 9328448 2.064g  14412 S   0.0 28.1   4:28.76 java
Fri Jun 13 13:40:24 UTC 2014
  PID USER      PR  NI    VIRT    RES    SHR S  %CPU %MEM     TIME+ COMMAND
 1635 ubuntu    20   0 9328448 2.064g  14412 S   0.0 28.1   4:28.77 java
Fri Jun 13 13:40:26 UTC 2014
  PID USER      PR  NI    VIRT    RES    SHR S  %CPU %MEM     TIME+ COMMAND
 1635 ubuntu    20   0 9328448 2.064g  14412 S   6.6 28.1   4:28.78 java
Fri Jun 13 13:40:27 UTC 2014
  PID USER      PR  NI    VIRT    RES    SHR S  %CPU %MEM     TIME+ COMMAND
 1635 ubuntu    20   0 9328448 2.064g  14412 S   0.0 28.1   4:28.78 java
Fri Jun 13 13:40:28 UTC 2014
  PID USER      PR  NI    VIRT    RES    SHR S  %CPU %MEM     TIME+ COMMAND
 1635 ubuntu    20   0 9328448 2.064g  14412 S   0.0 28.1   4:28.79 java
Fri Jun 13 13:40:29 UTC 2014
  PID USER      PR  NI    VIRT    RES    SHR S  %CPU %MEM     TIME+ COMMAND
 1635 ubuntu    20   0 9328448 2.064g  14412 S   0.0 28.1   4:28.80 java
Fri Jun 13 13:40:30 UTC 2014
  PID USER      PR  NI    VIRT    RES    SHR S  %CPU %MEM     TIME+ COMMAND
 1635 ubuntu    20   0 9328448 2.064g  14412 S   0.0 28.1   4:28.81 java
Fri Jun 13 13:40:31 UTC 2014
  PID USER      PR  NI    VIRT    RES    SHR S  %CPU %MEM     TIME+ COMMAND
 1635 ubuntu    20   0 9328448 2.064g  14412 S   0.0 28.1   4:28.81 java
Fri Jun 13 13:40:33 UTC 2014
  PID USER      PR  NI    VIRT    RES    SHR S  %CPU %MEM     TIME+ COMMAND
 1635 ubuntu    20   0 9328448 2.064g  14412 S   0.0 28.1   4:28.81 java
Fri Jun 13 13:40:34 UTC 2014
  PID USER      PR  NI    VIRT    RES    SHR S  %CPU %MEM     TIME+ COMMAND
 1635 ubuntu    20   0 9328448 2.064g  14412 S   0.0 28.1   4:28.83 java
Fri Jun 13 13:40:35 UTC 2014
  PID USER      PR  NI    VIRT    RES    SHR S  %CPU %MEM     TIME+ COMMAND
 1635 ubuntu    20   0 9328448 2.064g  14412 S   0.0 28.1   4:28.83 java
Fri Jun 13 13:40:36 UTC 2014
  PID USER      PR  NI    VIRT    RES    SHR S  %CPU %MEM     TIME+ COMMAND
 1635 ubuntu    20   0 9328448 2.064g  14412 S   0.0 28.1   4:28.84 java
Fri Jun 13 13:40:37 UTC 2014
  PID USER      PR  NI    VIRT    RES    SHR S  %CPU %MEM     TIME+ COMMAND
 1635 ubuntu    20   0 9328448 2.064g  14412 S   0.0 28.1   4:28.84 java
Fri Jun 13 13:40:38 UTC 2014
  PID USER      PR  NI    VIRT    RES    SHR S  %CPU %MEM     TIME+ COMMAND
 1635 ubuntu    20   0 9328448 2.064g  14412 S   0.0 28.1   4:28.85 java
Fri Jun 13 13:40:40 UTC 2014
  PID USER      PR  NI    VIRT    RES    SHR S  %CPU %MEM     TIME+ COMMAND
 1635 ubuntu    20   0 9328448 2.064g  14412 S   0.0 28.1   4:28.87 java
Fri Jun 13 13:40:41 UTC 2014
  PID USER      PR  NI    VIRT    RES    SHR S  %CPU %MEM     TIME+ COMMAND
 1635 ubuntu    20   0 9328448 2.064g  14412 S   0.0 28.1   4:28.87 java
Fri Jun 13 13:40:42 UTC 2014
  PID USER      PR  NI    VIRT    RES    SHR S  %CPU %MEM     TIME+ COMMAND
 1635 ubuntu    20   0 9328448 2.064g  14412 S   0.0 28.1   4:28.87 java
Fri Jun 13 13:40:43 UTC 2014
  PID USER      PR  NI    VIRT    RES    SHR S  %CPU %MEM     TIME+ COMMAND
 1635 ubuntu    20   0 9328448 2.064g  14412 S   0.0 28.1   4:28.88 java
Fri Jun 13 13:40:44 UTC 2014
  PID USER      PR  NI    VIRT    RES    SHR S  %CPU %MEM     TIME+ COMMAND
 1635 ubuntu    20   0 9328448 2.064g  14412 S   0.0 28.1   4:28.88 java
Fri Jun 13 13:40:45 UTC 2014
  PID USER      PR  NI    VIRT    RES    SHR S  %CPU %MEM     TIME+ COMMAND
 1635 ubuntu    20   0 9328448 2.064g  14412 S   0.0 28.1   4:28.89 java
