input file is set to /home/ubuntu/whatsup/simulator/ec2-19.input
[2014-06-07 0:48:25:549]	1481 has sent 9% of his messages!
[2014-06-07 0:48:26:32]	1450 has sent 9% of his messages!
[2014-06-07 0:48:26:36]	1491 has sent 9% of his messages!
[2014-06-07 0:48:26:36]	1498 has sent 9% of his messages!
[2014-06-07 0:48:26:47]	1501 has sent 9% of his messages!
[2014-06-07 0:48:26:52]	1499 has sent 9% of his messages!
[2014-06-07 0:48:26:68]	1489 has sent 9% of his messages!
[2014-06-07 0:48:26:72]	1497 has sent 9% of his messages!
[2014-06-07 0:48:26:76]	1482 has sent 9% of his messages!
[2014-06-07 0:48:26:77]	1512 has sent 9% of his messages!
[2014-06-07 0:48:26:88]	1500 has sent 9% of his messages!
[2014-06-07 0:48:26:89]	1473 has sent 9% of his messages!
[2014-06-07 0:48:26:92]	1458 has sent 9% of his messages!
[2014-06-07 0:48:26:104]	1495 has sent 9% of his messages!
[2014-06-07 0:48:26:108]	1479 has sent 9% of his messages!
[2014-06-07 0:48:26:112]	1480 has sent 9% of his messages!
[2014-06-07 0:48:26:120]	1488 has sent 9% of his messages!
[2014-06-07 0:48:26:201]	1513 has sent 9% of his messages!
[2014-06-07 0:48:26:522]	1478 has sent 9% of his messages!
[2014-06-07 0:48:26:556]	1477 has sent 9% of his messages!
[2014-06-07 0:48:26:687]	1480 has sent 19% of his messages!
[2014-06-07 0:48:26:688]	1497 has sent 19% of his messages!
[2014-06-07 0:48:26:701]	1482 has sent 19% of his messages!
[2014-06-07 0:48:26:815]	1500 has sent 19% of his messages!
[2014-06-07 0:48:26:867]	1491 has sent 19% of his messages!
[2014-06-07 0:48:26:902]	1481 has sent 19% of his messages!
[2014-06-07 0:48:27:161]	1479 has sent 19% of his messages!
[2014-06-07 0:48:27:175]	1501 has sent 19% of his messages!
[2014-06-07 0:48:27:232]	1489 has sent 19% of his messages!
[2014-06-07 0:48:27:252]	1498 has sent 19% of his messages!
[2014-06-07 0:48:27:372]	1512 has sent 19% of his messages!
[2014-06-07 0:48:27:373]	1499 has sent 19% of his messages!
[2014-06-07 0:48:27:393]	1513 has sent 19% of his messages!
[2014-06-07 0:48:27:396]	1495 has sent 19% of his messages!
[2014-06-07 0:48:27:478]	1488 has sent 19% of his messages!
[2014-06-07 0:48:27:693]	1478 has sent 19% of his messages!
[2014-06-07 0:48:27:806]	1477 has sent 19% of his messages!
[2014-06-07 0:48:27:813]	1473 has sent 19% of his messages!
[2014-06-07 0:48:28:69]	1450 has sent 19% of his messages!
[2014-06-07 0:48:28:342]	1489 has sent 29% of his messages!
[2014-06-07 0:48:28:354]	1458 has sent 19% of his messages!
[2014-06-07 0:48:28:404]	1500 has sent 29% of his messages!
[2014-06-07 0:48:28:407]	1481 has sent 29% of his messages!
[2014-06-07 0:48:28:589]	1501 has sent 29% of his messages!
[2014-06-07 0:48:28:651]	1495 has sent 29% of his messages!
[2014-06-07 0:48:28:652]	1479 has sent 29% of his messages!
[2014-06-07 0:48:28:699]	1497 has sent 29% of his messages!
[2014-06-07 0:48:29:111]	1491 has sent 29% of his messages!
[2014-06-07 0:48:29:359]	1480 has sent 29% of his messages!
[2014-06-07 0:48:29:380]	1488 has sent 29% of his messages!
[2014-06-07 0:48:29:661]	1482 has sent 29% of his messages!
[2014-06-07 0:48:29:667]	1489 has sent 39% of his messages!
[2014-06-07 0:48:29:700]	1478 has sent 29% of his messages!
[2014-06-07 0:48:29:733]	1499 has sent 29% of his messages!
[2014-06-07 0:48:30:1]	1513 has sent 29% of his messages!
[2014-06-07 0:48:30:110]	1512 has sent 29% of his messages!
[2014-06-07 0:48:30:143]	1479 has sent 39% of his messages!
[2014-06-07 0:48:30:250]	1458 has sent 29% of his messages!
[2014-06-07 0:48:30:300]	1481 has sent 39% of his messages!
[2014-06-07 0:48:30:333]	1477 has sent 29% of his messages!
[2014-06-07 0:48:30:509]	1473 has sent 29% of his messages!
[2014-06-07 0:48:30:543]	1501 has sent 39% of his messages!
[2014-06-07 0:48:30:562]	1497 has sent 39% of his messages!
[2014-06-07 0:48:30:947]	1513 has sent 39% of his messages!
[2014-06-07 0:48:30:959]	1498 has sent 29% of his messages!
[2014-06-07 0:48:31:2]	1489 has sent 49% of his messages!
[2014-06-07 0:48:31:66]	1512 has sent 39% of his messages!
[2014-06-07 0:48:31:150]	1480 has sent 39% of his messages!
[2014-06-07 0:48:31:345]	1482 has sent 39% of his messages!
[2014-06-07 0:48:31:409]	1500 has sent 39% of his messages!
[2014-06-07 0:48:31:446]	1495 has sent 39% of his messages!
[2014-06-07 0:48:31:752]	1489 has sent 59% of his messages!
[2014-06-07 0:48:31:932]	1499 has sent 39% of his messages!
[2014-06-07 0:48:31:998]	1473 has sent 39% of his messages!
[2014-06-07 0:48:32:111]	1512 has sent 49% of his messages!
[2014-06-07 0:48:32:143]	1450 has sent 29% of his messages!
[2014-06-07 0:48:32:197]	1491 has sent 39% of his messages!
[2014-06-07 0:48:32:326]	1500 has sent 49% of his messages!
[2014-06-07 0:48:32:335]	1482 has sent 49% of his messages!
[2014-06-07 0:48:32:390]	1458 has sent 39% of his messages!
[2014-06-07 0:48:32:403]	1513 has sent 49% of his messages!
[2014-06-07 0:48:32:436]	1481 has sent 49% of his messages!
[2014-06-07 0:48:32:482]	1488 has sent 39% of his messages!
[2014-06-07 0:48:32:616]	1479 has sent 49% of his messages!
[2014-06-07 0:48:32:622]	1477 has sent 39% of his messages!
[2014-06-07 0:48:32:651]	1499 has sent 49% of his messages!
[2014-06-07 0:48:32:686]	1495 has sent 49% of his messages!
[2014-06-07 0:48:32:781]	1501 has sent 49% of his messages!
[2014-06-07 0:48:32:904]	1480 has sent 49% of his messages!
[2014-06-07 0:48:32:908]	1489 has sent 69% of his messages!
[2014-06-07 0:48:33:92]	1473 has sent 49% of his messages!
[2014-06-07 0:48:33:106]	1498 has sent 39% of his messages!
[2014-06-07 0:48:33:278]	1478 has sent 39% of his messages!
[2014-06-07 0:48:33:298]	1497 has sent 49% of his messages!
[2014-06-07 0:48:33:393]	1482 has sent 59% of his messages!
[2014-06-07 0:48:33:474]	1495 has sent 59% of his messages!
[2014-06-07 0:48:33:496]	1479 has sent 59% of his messages!
[2014-06-07 0:48:33:584]	1450 has sent 39% of his messages!
[2014-06-07 0:48:33:604]	1491 has sent 49% of his messages!
[2014-06-07 0:48:33:892]	1512 has sent 59% of his messages!
[2014-06-07 0:48:33:974]	1513 has sent 59% of his messages!
[2014-06-07 0:48:34:8]	1499 has sent 59% of his messages!
[2014-06-07 0:48:34:132]	1500 has sent 59% of his messages!
[2014-06-07 0:48:34:237]	1458 has sent 49% of his messages!
[2014-06-07 0:48:34:297]	1480 has sent 59% of his messages!
[2014-06-07 0:48:34:394]	1481 has sent 59% of his messages!
[2014-06-07 0:48:34:488]	1501 has sent 59% of his messages!
[2014-06-07 0:48:34:510]	1477 has sent 49% of his messages!
[2014-06-07 0:48:34:778]	1489 has sent 79% of his messages!
[2014-06-07 0:48:34:899]	1473 has sent 59% of his messages!
[2014-06-07 0:48:34:970]	1488 has sent 49% of his messages!
[2014-06-07 0:48:35:4]	1512 has sent 69% of his messages!
[2014-06-07 0:48:35:149]	1450 has sent 49% of his messages!
[2014-06-07 0:48:35:231]	1495 has sent 69% of his messages!
[2014-06-07 0:48:35:247]	1479 has sent 69% of his messages!
[2014-06-07 0:48:35:268]	1491 has sent 59% of his messages!
[2014-06-07 0:48:35:562]	1499 has sent 69% of his messages!
[2014-06-07 0:48:35:562]	1482 has sent 69% of his messages!
[2014-06-07 0:48:35:562]	1501 has sent 69% of his messages!
[2014-06-07 0:48:35:562]	1478 has sent 49% of his messages!
[2014-06-07 0:48:35:563]	1497 has sent 59% of his messages!
[2014-06-07 0:48:35:597]	1513 has sent 69% of his messages!
[2014-06-07 0:48:35:602]	1498 has sent 49% of his messages!
[2014-06-07 0:48:35:726]	1458 has sent 59% of his messages!
[2014-06-07 0:48:35:786]	1480 has sent 69% of his messages!
[2014-06-07 0:48:36:141]	1500 has sent 69% of his messages!
[2014-06-07 0:48:36:157]	1498 has sent 59% of his messages!
[2014-06-07 0:48:36:261]	1495 has sent 79% of his messages!
[2014-06-07 0:48:36:324]	1479 has sent 79% of his messages!
[2014-06-07 0:48:36:378]	1477 has sent 59% of his messages!
[2014-06-07 0:48:36:465]	1478 has sent 59% of his messages!
[2014-06-07 0:48:36:469]	1501 has sent 79% of his messages!
[2014-06-07 0:48:36:560]	1512 has sent 79% of his messages!
[2014-06-07 0:48:36:628]	1488 has sent 59% of his messages!
[2014-06-07 0:48:36:766]	1473 has sent 69% of his messages!
[2014-06-07 0:48:36:893]	1481 has sent 69% of his messages!
[2014-06-07 0:48:36:938]	1491 has sent 69% of his messages!
[2014-06-07 0:48:37:57]	1497 has sent 69% of his messages!
[2014-06-07 0:48:37:73]	1450 has sent 59% of his messages!
[2014-06-07 0:48:37:326]	1489 has sent 89% of his messages!
[2014-06-07 0:48:37:586]	1499 has sent 79% of his messages!
[2014-06-07 0:48:37:608]	1480 has sent 79% of his messages!
[2014-06-07 0:48:37:620]	1488 has sent 69% of his messages!
[2014-06-07 0:48:38:17]	1513 has sent 79% of his messages!
[2014-06-07 0:48:38:61]	1458 has sent 69% of his messages!
[2014-06-07 0:48:38:126]	1482 has sent 79% of his messages!
[2014-06-07 0:48:38:266]	1478 has sent 69% of his messages!
[2014-06-07 0:48:38:303]	1479 has sent 89% of his messages!
[2014-06-07 0:48:38:480]	1477 has sent 69% of his messages!
[2014-06-07 0:48:38:499]	1495 has sent 89% of his messages!
[2014-06-07 0:48:38:510]	1497 has sent 79% of his messages!
[2014-06-07 0:48:38:673]	1501 has sent 89% of his messages!
[2014-06-07 0:48:38:704]	1500 has sent 79% of his messages!
[2014-06-07 0:48:39:54]	1495 has sent 99% of his messages!
[2014-06-07 0:48:39:102]	1450 has sent 69% of his messages!
[2014-06-07 0:48:39:154]	1473 has sent 79% of his messages!
[2014-06-07 0:48:39:204]	1478 has sent 79% of his messages!
[2014-06-07 0:48:39:235]	1498 has sent 69% of his messages!
[2014-06-07 0:48:39:273]	1512 has sent 89% of his messages!
[2014-06-07 0:48:39:330]	1491 has sent 79% of his messages!
[2014-06-07 0:48:39:410]	1481 has sent 79% of his messages!
[2014-06-07 0:48:39:490]	1488 has sent 79% of his messages!
[2014-06-07 0:48:39:577]	1489 has sent 99% of his messages!
[2014-06-07 0:48:39:797]	1482 has sent 89% of his messages!
[2014-06-07 0:48:39:800]	1513 has sent 89% of his messages!
[2014-06-07 0:48:39:928]	1458 has sent 79% of his messages!
[2014-06-07 0:48:40:12]	1477 has sent 79% of his messages!
[2014-06-07 0:48:40:181]	1480 has sent 89% of his messages!
[2014-06-07 0:48:40:182]	1498 has sent 79% of his messages!
[2014-06-07 0:48:40:412]	1501 has sent 99% of his messages!
[2014-06-07 0:48:40:455]	1479 has sent 99% of his messages!
[2014-06-07 0:48:40:598]	1481 has sent 89% of his messages!
[2014-06-07 0:48:40:602]	1499 has sent 89% of his messages!
[2014-06-07 0:48:40:613]	1500 has sent 89% of his messages!
[2014-06-07 0:48:40:647]	1497 has sent 89% of his messages!
[2014-06-07 0:48:40:704]	1480 has sent 99% of his messages!
[2014-06-07 0:48:40:822]	1477 has sent 89% of his messages!
[2014-06-07 0:48:40:851]	1478 has sent 89% of his messages!
[2014-06-07 0:48:40:902]	1488 has sent 89% of his messages!
[2014-06-07 0:48:40:983]	1458 has sent 89% of his messages!
[2014-06-07 0:48:41:81]	1482 has sent 99% of his messages!
[2014-06-07 0:48:41:118]	1512 has sent 99% of his messages!
[2014-06-07 0:48:41:157]	1450 has sent 79% of his messages!
[2014-06-07 0:48:41:281]	1491 has sent 89% of his messages!
[2014-06-07 0:48:41:437]	1499 has sent 99% of his messages!
[2014-06-07 0:48:41:468]	1478 has sent 99% of his messages!
[2014-06-07 0:48:41:604]	1458 has sent 99% of his messages!
[2014-06-07 0:48:41:608]	1513 has sent 99% of his messages!
[2014-06-07 0:48:41:708]	1473 has sent 89% of his messages!
[2014-06-07 0:48:41:726]	1498 has sent 89% of his messages!
[2014-06-07 0:48:41:892]	1497 has sent 99% of his messages!
[2014-06-07 0:48:42:5]	1477 has sent 99% of his messages!
[2014-06-07 0:48:42:30]	1450 has sent 89% of his messages!
[2014-06-07 0:48:42:33]	1481 has sent 99% of his messages!
[2014-06-07 0:48:42:122]	1500 has sent 99% of his messages!
[2014-06-07 0:48:42:230]	1488 has sent 99% of his messages!
[2014-06-07 0:48:42:266]	1450 has sent 99% of his messages!
[2014-06-07 0:48:42:315]	1498 has sent 99% of his messages!
[2014-06-07 0:48:42:392]	1473 has sent 99% of his messages!
[2014-06-07 0:48:42:412]	1491 has sent 99% of his messages!
Total time: 505673ms
[2014-06-07 0:55:55:90]	Terminated successfully
[2014-06-07 0:55:55:90]	Failures: 299654 - Total: 400000
