input file is set to /home/ubuntu/whatsup/simulator/ec2-18.input
[2014-06-07 0:48:20:589]	1364 has sent 9% of his messages!
[2014-06-07 0:48:20:635]	1420 has sent 9% of his messages!
[2014-06-07 0:48:20:836]	1370 has sent 9% of his messages!
[2014-06-07 0:48:20:868]	1411 has sent 9% of his messages!
[2014-06-07 0:48:20:883]	1362 has sent 9% of his messages!
[2014-06-07 0:48:20:895]	1367 has sent 9% of his messages!
[2014-06-07 0:48:20:900]	1365 has sent 9% of his messages!
[2014-06-07 0:48:20:914]	1425 has sent 9% of his messages!
[2014-06-07 0:48:21:2]	1430 has sent 9% of his messages!
[2014-06-07 0:48:21:24]	1403 has sent 9% of his messages!
[2014-06-07 0:48:21:115]	1384 has sent 9% of his messages!
[2014-06-07 0:48:21:126]	1399 has sent 9% of his messages!
[2014-06-07 0:48:21:131]	1371 has sent 9% of his messages!
[2014-06-07 0:48:21:188]	1372 has sent 9% of his messages!
[2014-06-07 0:48:21:198]	1409 has sent 9% of his messages!
[2014-06-07 0:48:21:220]	1414 has sent 9% of his messages!
[2014-06-07 0:48:21:301]	1423 has sent 9% of his messages!
[2014-06-07 0:48:21:314]	1408 has sent 9% of his messages!
[2014-06-07 0:48:21:329]	1374 has sent 9% of his messages!
[2014-06-07 0:48:21:456]	1380 has sent 9% of his messages!
[2014-06-07 0:48:21:582]	1434 has sent 9% of his messages!
[2014-06-07 0:48:21:594]	1413 has sent 9% of his messages!
[2014-06-07 0:48:22:63]	1414 has sent 19% of his messages!
[2014-06-07 0:48:22:188]	1408 has sent 19% of his messages!
[2014-06-07 0:48:22:288]	1374 has sent 19% of his messages!
[2014-06-07 0:48:22:571]	1384 has sent 19% of his messages!
[2014-06-07 0:48:22:610]	1434 has sent 19% of his messages!
[2014-06-07 0:48:22:669]	1409 has sent 19% of his messages!
[2014-06-07 0:48:22:859]	1425 has sent 19% of his messages!
[2014-06-07 0:48:22:896]	1372 has sent 19% of his messages!
[2014-06-07 0:48:23:22]	1365 has sent 19% of his messages!
[2014-06-07 0:48:23:53]	1380 has sent 19% of his messages!
[2014-06-07 0:48:23:74]	1362 has sent 19% of his messages!
[2014-06-07 0:48:23:125]	1403 has sent 19% of his messages!
[2014-06-07 0:48:23:343]	1399 has sent 19% of his messages!
[2014-06-07 0:48:23:447]	1364 has sent 19% of his messages!
[2014-06-07 0:48:23:449]	1367 has sent 19% of his messages!
[2014-06-07 0:48:23:471]	1371 has sent 19% of his messages!
[2014-06-07 0:48:23:650]	1370 has sent 19% of his messages!
[2014-06-07 0:48:23:682]	1411 has sent 19% of his messages!
[2014-06-07 0:48:23:862]	1423 has sent 19% of his messages!
[2014-06-07 0:48:24:100]	1414 has sent 29% of his messages!
[2014-06-07 0:48:24:247]	1430 has sent 19% of his messages!
[2014-06-07 0:48:24:306]	1420 has sent 19% of his messages!
[2014-06-07 0:48:24:487]	1409 has sent 29% of his messages!
[2014-06-07 0:48:24:506]	1365 has sent 29% of his messages!
[2014-06-07 0:48:24:580]	1408 has sent 29% of his messages!
[2014-06-07 0:48:24:607]	1384 has sent 29% of his messages!
[2014-06-07 0:48:24:624]	1413 has sent 19% of his messages!
[2014-06-07 0:48:24:642]	1367 has sent 29% of his messages!
[2014-06-07 0:48:25:316]	1411 has sent 29% of his messages!
[2014-06-07 0:48:25:375]	1434 has sent 29% of his messages!
[2014-06-07 0:48:25:597]	1370 has sent 29% of his messages!
[2014-06-07 0:48:25:673]	1425 has sent 29% of his messages!
[2014-06-07 0:48:25:728]	1374 has sent 29% of his messages!
[2014-06-07 0:48:25:801]	1362 has sent 29% of his messages!
[2014-06-07 0:48:25:838]	1380 has sent 29% of his messages!
[2014-06-07 0:48:26:7]	1430 has sent 29% of his messages!
[2014-06-07 0:48:26:159]	1371 has sent 29% of his messages!
[2014-06-07 0:48:26:231]	1414 has sent 39% of his messages!
[2014-06-07 0:48:26:419]	1364 has sent 29% of his messages!
[2014-06-07 0:48:26:422]	1372 has sent 29% of his messages!
[2014-06-07 0:48:26:423]	1423 has sent 29% of his messages!
[2014-06-07 0:48:26:428]	1399 has sent 29% of his messages!
[2014-06-07 0:48:26:496]	1408 has sent 39% of his messages!
[2014-06-07 0:48:26:510]	1403 has sent 29% of his messages!
[2014-06-07 0:48:26:736]	1384 has sent 39% of his messages!
[2014-06-07 0:48:26:774]	1409 has sent 39% of his messages!
[2014-06-07 0:48:27:69]	1413 has sent 29% of his messages!
[2014-06-07 0:48:27:82]	1434 has sent 39% of his messages!
[2014-06-07 0:48:27:242]	1425 has sent 39% of his messages!
[2014-06-07 0:48:27:355]	1367 has sent 39% of his messages!
[2014-06-07 0:48:27:404]	1420 has sent 29% of his messages!
[2014-06-07 0:48:27:593]	1411 has sent 39% of his messages!
[2014-06-07 0:48:27:960]	1414 has sent 49% of his messages!
[2014-06-07 0:48:28:9]	1364 has sent 39% of his messages!
[2014-06-07 0:48:28:77]	1374 has sent 39% of his messages!
[2014-06-07 0:48:28:177]	1384 has sent 49% of his messages!
[2014-06-07 0:48:28:193]	1371 has sent 39% of his messages!
[2014-06-07 0:48:28:252]	1380 has sent 39% of his messages!
[2014-06-07 0:48:28:491]	1365 has sent 39% of his messages!
[2014-06-07 0:48:28:493]	1409 has sent 49% of his messages!
[2014-06-07 0:48:28:788]	1411 has sent 49% of his messages!
[2014-06-07 0:48:28:907]	1423 has sent 39% of his messages!
[2014-06-07 0:48:28:991]	1420 has sent 39% of his messages!
[2014-06-07 0:48:29:87]	1403 has sent 39% of his messages!
[2014-06-07 0:48:29:115]	1362 has sent 39% of his messages!
[2014-06-07 0:48:29:167]	1430 has sent 39% of his messages!
[2014-06-07 0:48:29:211]	1370 has sent 39% of his messages!
[2014-06-07 0:48:29:321]	1408 has sent 49% of his messages!
[2014-06-07 0:48:29:361]	1372 has sent 39% of his messages!
[2014-06-07 0:48:29:423]	1414 has sent 59% of his messages!
[2014-06-07 0:48:29:480]	1399 has sent 39% of his messages!
[2014-06-07 0:48:29:564]	1425 has sent 49% of his messages!
[2014-06-07 0:48:29:628]	1374 has sent 49% of his messages!
[2014-06-07 0:48:29:799]	1380 has sent 49% of his messages!
[2014-06-07 0:48:30:439]	1434 has sent 49% of his messages!
[2014-06-07 0:48:30:479]	1413 has sent 39% of his messages!
[2014-06-07 0:48:30:496]	1409 has sent 59% of his messages!
[2014-06-07 0:48:30:498]	1430 has sent 49% of his messages!
[2014-06-07 0:48:30:517]	1384 has sent 59% of his messages!
[2014-06-07 0:48:30:520]	1365 has sent 49% of his messages!
[2014-06-07 0:48:30:536]	1371 has sent 49% of his messages!
[2014-06-07 0:48:30:591]	1370 has sent 49% of his messages!
[2014-06-07 0:48:30:675]	1367 has sent 49% of his messages!
[2014-06-07 0:48:30:746]	1423 has sent 49% of his messages!
[2014-06-07 0:48:30:850]	1364 has sent 49% of his messages!
[2014-06-07 0:48:30:961]	1408 has sent 59% of his messages!
[2014-06-07 0:48:31:76]	1411 has sent 59% of his messages!
[2014-06-07 0:48:31:146]	1362 has sent 49% of his messages!
[2014-06-07 0:48:31:226]	1420 has sent 49% of his messages!
[2014-06-07 0:48:31:272]	1414 has sent 69% of his messages!
[2014-06-07 0:48:31:288]	1374 has sent 59% of his messages!
[2014-06-07 0:48:31:318]	1403 has sent 49% of his messages!
[2014-06-07 0:48:31:411]	1425 has sent 59% of his messages!
[2014-06-07 0:48:31:439]	1380 has sent 59% of his messages!
[2014-06-07 0:48:31:848]	1399 has sent 49% of his messages!
[2014-06-07 0:48:31:919]	1413 has sent 49% of his messages!
[2014-06-07 0:48:31:937]	1372 has sent 49% of his messages!
[2014-06-07 0:48:31:971]	1362 has sent 59% of his messages!
[2014-06-07 0:48:32:91]	1430 has sent 59% of his messages!
[2014-06-07 0:48:32:288]	1408 has sent 69% of his messages!
[2014-06-07 0:48:32:291]	1365 has sent 59% of his messages!
[2014-06-07 0:48:32:361]	1380 has sent 69% of his messages!
[2014-06-07 0:48:32:363]	1434 has sent 59% of his messages!
[2014-06-07 0:48:32:397]	1370 has sent 59% of his messages!
[2014-06-07 0:48:32:528]	1403 has sent 59% of his messages!
[2014-06-07 0:48:32:605]	1423 has sent 59% of his messages!
[2014-06-07 0:48:32:717]	1372 has sent 59% of his messages!
[2014-06-07 0:48:32:734]	1411 has sent 69% of his messages!
[2014-06-07 0:48:32:739]	1384 has sent 69% of his messages!
[2014-06-07 0:48:32:789]	1364 has sent 59% of his messages!
[2014-06-07 0:48:32:840]	1414 has sent 79% of his messages!
[2014-06-07 0:48:32:857]	1409 has sent 69% of his messages!
[2014-06-07 0:48:32:890]	1399 has sent 59% of his messages!
[2014-06-07 0:48:32:932]	1420 has sent 59% of his messages!
[2014-06-07 0:48:33:2]	1374 has sent 69% of his messages!
[2014-06-07 0:48:33:22]	1371 has sent 59% of his messages!
[2014-06-07 0:48:33:81]	1367 has sent 59% of his messages!
[2014-06-07 0:48:33:330]	1434 has sent 69% of his messages!
[2014-06-07 0:48:33:412]	1384 has sent 79% of his messages!
[2014-06-07 0:48:33:443]	1425 has sent 69% of his messages!
[2014-06-07 0:48:33:486]	1413 has sent 59% of his messages!
[2014-06-07 0:48:33:536]	1370 has sent 69% of his messages!
[2014-06-07 0:48:33:550]	1365 has sent 69% of his messages!
[2014-06-07 0:48:33:588]	1430 has sent 69% of his messages!
[2014-06-07 0:48:33:730]	1411 has sent 79% of his messages!
[2014-06-07 0:48:33:870]	1362 has sent 69% of his messages!
[2014-06-07 0:48:33:889]	1420 has sent 69% of his messages!
[2014-06-07 0:48:33:936]	1403 has sent 69% of his messages!
[2014-06-07 0:48:33:939]	1370 has sent 79% of his messages!
[2014-06-07 0:48:34:115]	1380 has sent 79% of his messages!
[2014-06-07 0:48:34:241]	1414 has sent 89% of his messages!
[2014-06-07 0:48:34:263]	1372 has sent 69% of his messages!
[2014-06-07 0:48:34:292]	1371 has sent 69% of his messages!
[2014-06-07 0:48:34:295]	1374 has sent 79% of his messages!
[2014-06-07 0:48:34:318]	1399 has sent 69% of his messages!
[2014-06-07 0:48:34:425]	1434 has sent 79% of his messages!
[2014-06-07 0:48:34:442]	1413 has sent 69% of his messages!
[2014-06-07 0:48:34:468]	1364 has sent 69% of his messages!
[2014-06-07 0:48:34:567]	1367 has sent 69% of his messages!
[2014-06-07 0:48:34:597]	1408 has sent 79% of his messages!
[2014-06-07 0:48:34:733]	1411 has sent 89% of his messages!
[2014-06-07 0:48:34:782]	1409 has sent 79% of his messages!
[2014-06-07 0:48:34:952]	1371 has sent 79% of his messages!
[2014-06-07 0:48:34:984]	1423 has sent 69% of his messages!
[2014-06-07 0:48:35:5]	1384 has sent 89% of his messages!
[2014-06-07 0:48:35:228]	1430 has sent 79% of his messages!
[2014-06-07 0:48:35:434]	1380 has sent 89% of his messages!
[2014-06-07 0:48:35:459]	1420 has sent 79% of his messages!
[2014-06-07 0:48:35:531]	1425 has sent 79% of his messages!
[2014-06-07 0:48:35:549]	1372 has sent 79% of his messages!
[2014-06-07 0:48:35:783]	1403 has sent 79% of his messages!
[2014-06-07 0:48:35:819]	1362 has sent 79% of his messages!
[2014-06-07 0:48:35:835]	1372 has sent 89% of his messages!
[2014-06-07 0:48:35:884]	1365 has sent 79% of his messages!
[2014-06-07 0:48:36:5]	1364 has sent 79% of his messages!
[2014-06-07 0:48:36:164]	1414 has sent 99% of his messages!
[2014-06-07 0:48:36:211]	1374 has sent 89% of his messages!
[2014-06-07 0:48:36:327]	1409 has sent 89% of his messages!
[2014-06-07 0:48:36:603]	1420 has sent 89% of his messages!
[2014-06-07 0:48:36:604]	1370 has sent 89% of his messages!
[2014-06-07 0:48:36:604]	1408 has sent 89% of his messages!
[2014-06-07 0:48:36:604]	1411 has sent 99% of his messages!
[2014-06-07 0:48:36:604]	1434 has sent 89% of his messages!
[2014-06-07 0:48:36:604]	1367 has sent 79% of his messages!
[2014-06-07 0:48:36:655]	1362 has sent 89% of his messages!
[2014-06-07 0:48:36:722]	1413 has sent 79% of his messages!
[2014-06-07 0:48:36:780]	1365 has sent 89% of his messages!
[2014-06-07 0:48:36:829]	1408 has sent 99% of his messages!
[2014-06-07 0:48:36:837]	1399 has sent 79% of his messages!
[2014-06-07 0:48:36:931]	1423 has sent 79% of his messages!
[2014-06-07 0:48:37:61]	1409 has sent 99% of his messages!
[2014-06-07 0:48:37:86]	1420 has sent 99% of his messages!
[2014-06-07 0:48:37:186]	1384 has sent 99% of his messages!
[2014-06-07 0:48:37:193]	1423 has sent 89% of his messages!
[2014-06-07 0:48:37:202]	1425 has sent 89% of his messages!
[2014-06-07 0:48:37:207]	1371 has sent 89% of his messages!
[2014-06-07 0:48:37:289]	1403 has sent 89% of his messages!
[2014-06-07 0:48:37:319]	1380 has sent 99% of his messages!
[2014-06-07 0:48:37:387]	1372 has sent 99% of his messages!
[2014-06-07 0:48:37:411]	1430 has sent 89% of his messages!
[2014-06-07 0:48:37:612]	1362 has sent 99% of his messages!
[2014-06-07 0:48:37:739]	1399 has sent 89% of his messages!
[2014-06-07 0:48:37:742]	1370 has sent 99% of his messages!
[2014-06-07 0:48:37:743]	1434 has sent 99% of his messages!
[2014-06-07 0:48:37:857]	1413 has sent 89% of his messages!
[2014-06-07 0:48:37:865]	1374 has sent 99% of his messages!
[2014-06-07 0:48:38:17]	1403 has sent 99% of his messages!
[2014-06-07 0:48:38:36]	1365 has sent 99% of his messages!
[2014-06-07 0:48:38:114]	1430 has sent 99% of his messages!
[2014-06-07 0:48:38:130]	1364 has sent 89% of his messages!
[2014-06-07 0:48:38:131]	1425 has sent 99% of his messages!
[2014-06-07 0:48:38:165]	1367 has sent 89% of his messages!
[2014-06-07 0:48:38:247]	1399 has sent 99% of his messages!
[2014-06-07 0:48:38:418]	1413 has sent 99% of his messages!
[2014-06-07 0:48:38:457]	1423 has sent 99% of his messages!
[2014-06-07 0:48:38:574]	1364 has sent 99% of his messages!
[2014-06-07 0:48:38:629]	1367 has sent 99% of his messages!
[2014-06-07 0:48:38:699]	1371 has sent 99% of his messages!
Total time: 503995ms
[2014-06-07 0:55:52:311]	Terminated successfully
[2014-06-07 0:55:52:311]	Failures: 289519 - Total: 400000
