input file is set to /home/ubuntu/whatsup/simulator/ec2-14.input
[2014-06-07 0:48:16:152]	1112 has sent 9% of his messages!
[2014-06-07 0:48:16:178]	1042 has sent 9% of his messages!
[2014-06-07 0:48:16:397]	1106 has sent 9% of his messages!
[2014-06-07 0:48:16:399]	1059 has sent 9% of his messages!
[2014-06-07 0:48:16:411]	1078 has sent 9% of his messages!
[2014-06-07 0:48:16:513]	1042 has sent 19% of his messages!
[2014-06-07 0:48:16:548]	1056 has sent 9% of his messages!
[2014-06-07 0:48:16:647]	1072 has sent 9% of his messages!
[2014-06-07 0:48:16:652]	1067 has sent 9% of his messages!
[2014-06-07 0:48:16:765]	1100 has sent 9% of his messages!
[2014-06-07 0:48:16:877]	1062 has sent 9% of his messages!
[2014-06-07 0:48:17:47]	1056 has sent 19% of his messages!
[2014-06-07 0:48:17:154]	1045 has sent 9% of his messages!
[2014-06-07 0:48:17:210]	1112 has sent 19% of his messages!
[2014-06-07 0:48:17:244]	1100 has sent 19% of his messages!
[2014-06-07 0:48:17:245]	1093 has sent 9% of his messages!
[2014-06-07 0:48:17:368]	1062 has sent 19% of his messages!
[2014-06-07 0:48:17:631]	1062 has sent 29% of his messages!
[2014-06-07 0:48:17:660]	1045 has sent 19% of his messages!
[2014-06-07 0:48:17:677]	1100 has sent 29% of his messages!
[2014-06-07 0:48:17:681]	1056 has sent 29% of his messages!
[2014-06-07 0:48:18:186]	1056 has sent 39% of his messages!
[2014-06-07 0:48:18:234]	1093 has sent 19% of his messages!
[2014-06-07 0:48:18:375]	1112 has sent 29% of his messages!
[2014-06-07 0:48:18:495]	1045 has sent 29% of his messages!
[2014-06-07 0:48:18:500]	1062 has sent 39% of his messages!
[2014-06-07 0:48:18:648]	1100 has sent 39% of his messages!
[2014-06-07 0:48:18:886]	1056 has sent 49% of his messages!
[2014-06-07 0:48:19:67]	1093 has sent 29% of his messages!
[2014-06-07 0:48:19:146]	1100 has sent 49% of his messages!
[2014-06-07 0:48:19:227]	1045 has sent 39% of his messages!
[2014-06-07 0:48:19:517]	1112 has sent 39% of his messages!
[2014-06-07 0:48:19:533]	1093 has sent 39% of his messages!
[2014-06-07 0:48:19:590]	1062 has sent 49% of his messages!
[2014-06-07 0:48:19:722]	1056 has sent 59% of his messages!
[2014-06-07 0:48:19:924]	1045 has sent 49% of his messages!
[2014-06-07 0:48:19:966]	1112 has sent 49% of his messages!
[2014-06-07 0:48:20:30]	1056 has sent 69% of his messages!
[2014-06-07 0:48:20:96]	1100 has sent 59% of his messages!
[2014-06-07 0:48:20:128]	1093 has sent 49% of his messages!
[2014-06-07 0:48:20:131]	1112 has sent 59% of his messages!
[2014-06-07 0:48:20:161]	1062 has sent 59% of his messages!
[2014-06-07 0:48:20:447]	1056 has sent 79% of his messages!
[2014-06-07 0:48:20:550]	1093 has sent 59% of his messages!
[2014-06-07 0:48:20:702]	1100 has sent 69% of his messages!
[2014-06-07 0:48:20:720]	1045 has sent 59% of his messages!
[2014-06-07 0:48:20:777]	1062 has sent 69% of his messages!
[2014-06-07 0:48:20:782]	1112 has sent 69% of his messages!
[2014-06-07 0:48:20:932]	1056 has sent 89% of his messages!
[2014-06-07 0:48:21:13]	1112 has sent 79% of his messages!
[2014-06-07 0:48:21:16]	1093 has sent 69% of his messages!
[2014-06-07 0:48:21:346]	1062 has sent 79% of his messages!
[2014-06-07 0:48:21:383]	1093 has sent 79% of his messages!
[2014-06-07 0:48:21:428]	1100 has sent 79% of his messages!
[2014-06-07 0:48:21:533]	1045 has sent 69% of his messages!
[2014-06-07 0:48:21:656]	1056 has sent 99% of his messages!
[2014-06-07 0:48:21:705]	1112 has sent 89% of his messages!
[2014-06-07 0:48:21:780]	1093 has sent 89% of his messages!
[2014-06-07 0:48:21:981]	1062 has sent 89% of his messages!
[2014-06-07 0:48:22:22]	1045 has sent 79% of his messages!
[2014-06-07 0:48:22:155]	1093 has sent 99% of his messages!
[2014-06-07 0:48:22:283]	1062 has sent 99% of his messages!
[2014-06-07 0:48:22:363]	1112 has sent 99% of his messages!
[2014-06-07 0:48:22:404]	1045 has sent 89% of his messages!
[2014-06-07 0:48:22:473]	1100 has sent 89% of his messages!
[2014-06-07 0:48:22:945]	1100 has sent 99% of his messages!
[2014-06-07 0:48:22:995]	1045 has sent 99% of his messages!
Total time: 504156ms
[2014-06-07 0:55:47:946]	Terminated successfully
[2014-06-07 0:55:47:946]	Failures: 363532 - Total: 400000
