Fri Jun 13 05:26:17 UTC 2014
  PID USER      PR  NI    VIRT    RES    SHR S  %CPU %MEM     TIME+ COMMAND
 1603 ubuntu    20   0 31.356g 282948  14412 S   0.0  0.9   0:12.04 java
Fri Jun 13 05:26:18 UTC 2014
  PID USER      PR  NI    VIRT    RES    SHR S  %CPU %MEM     TIME+ COMMAND
 1603 ubuntu    20   0 31.356g 282948  14412 S   0.0  0.9   0:12.05 java
Fri Jun 13 05:26:19 UTC 2014
  PID USER      PR  NI    VIRT    RES    SHR S  %CPU %MEM     TIME+ COMMAND
 1603 ubuntu    20   0 31.356g 282948  14412 S   0.0  0.9   0:12.05 java
Fri Jun 13 05:26:20 UTC 2014
  PID USER      PR  NI    VIRT    RES    SHR S  %CPU %MEM     TIME+ COMMAND
 1603 ubuntu    20   0 31.356g 282948  14412 S   0.0  0.9   0:12.06 java
Fri Jun 13 05:26:21 UTC 2014
  PID USER      PR  NI    VIRT    RES    SHR S  %CPU %MEM     TIME+ COMMAND
 1603 ubuntu    20   0 31.356g 282948  14412 S   0.0  0.9   0:12.09 java
Fri Jun 13 05:26:23 UTC 2014
  PID USER      PR  NI    VIRT    RES    SHR S  %CPU %MEM     TIME+ COMMAND
 1603 ubuntu    20   0 31.356g 282948  14412 S   0.0  0.9   0:12.10 java
Fri Jun 13 05:26:24 UTC 2014
  PID USER      PR  NI    VIRT    RES    SHR S  %CPU %MEM     TIME+ COMMAND
 1603 ubuntu    20   0 31.356g 282948  14412 S   0.0  0.9   0:12.11 java
Fri Jun 13 05:26:25 UTC 2014
  PID USER      PR  NI    VIRT    RES    SHR S  %CPU %MEM     TIME+ COMMAND
 1603 ubuntu    20   0 31.356g 282948  14412 S   0.0  0.9   0:12.11 java
Fri Jun 13 05:26:26 UTC 2014
  PID USER      PR  NI    VIRT    RES    SHR S  %CPU %MEM     TIME+ COMMAND
 1603 ubuntu    20   0 31.356g 282948  14412 S   6.6  0.9   0:12.16 java
Fri Jun 13 05:26:27 UTC 2014
  PID USER      PR  NI    VIRT    RES    SHR S  %CPU %MEM     TIME+ COMMAND
 1603 ubuntu    20   0 31.356g 282948  14412 S   0.0  0.9   0:12.16 java
Fri Jun 13 05:26:28 UTC 2014
  PID USER      PR  NI    VIRT    RES    SHR S  %CPU %MEM     TIME+ COMMAND
 1603 ubuntu    20   0 31.356g 282948  14412 S   0.0  0.9   0:12.18 java
Fri Jun 13 05:26:30 UTC 2014
  PID USER      PR  NI    VIRT    RES    SHR S  %CPU %MEM     TIME+ COMMAND
 1603 ubuntu    20   0 31.356g 282948  14412 S   0.0  0.9   0:12.18 java
Fri Jun 13 05:26:31 UTC 2014
  PID USER      PR  NI    VIRT    RES    SHR S  %CPU %MEM     TIME+ COMMAND
 1603 ubuntu    20   0 31.356g 282948  14412 S  26.5  0.9   0:12.23 java
Fri Jun 13 05:26:32 UTC 2014
  PID USER      PR  NI    VIRT    RES    SHR S  %CPU %MEM     TIME+ COMMAND
 1603 ubuntu    20   0 31.356g 282948  14412 S  13.2  0.9   0:12.25 java
Fri Jun 13 05:26:33 UTC 2014
  PID USER      PR  NI    VIRT    RES    SHR S  %CPU %MEM     TIME+ COMMAND
 1603 ubuntu    20   0 31.356g 282948  14412 S   0.0  0.9   0:12.27 java
Fri Jun 13 05:26:34 UTC 2014
  PID USER      PR  NI    VIRT    RES    SHR S  %CPU %MEM     TIME+ COMMAND
 1603 ubuntu    20   0 31.356g 282948  14412 S   0.0  0.9   0:12.27 java
Fri Jun 13 05:26:35 UTC 2014
  PID USER      PR  NI    VIRT    RES    SHR S  %CPU %MEM     TIME+ COMMAND
 1603 ubuntu    20   0 31.356g 282948  14412 S   0.0  0.9   0:12.28 java
Fri Jun 13 05:26:37 UTC 2014
  PID USER      PR  NI    VIRT    RES    SHR S  %CPU %MEM     TIME+ COMMAND
 1603 ubuntu    20   0 31.356g 282948  14412 S   0.0  0.9   0:12.28 java
Fri Jun 13 05:26:38 UTC 2014
  PID USER      PR  NI    VIRT    RES    SHR S  %CPU %MEM     TIME+ COMMAND
 1603 ubuntu    20   0 31.356g 282948  14412 S   0.0  0.9   0:12.29 java
Fri Jun 13 05:26:39 UTC 2014
  PID USER      PR  NI    VIRT    RES    SHR S  %CPU %MEM     TIME+ COMMAND
 1603 ubuntu    20   0 31.356g 282948  14412 S   0.0  0.9   0:12.29 java
Fri Jun 13 05:26:40 UTC 2014
  PID USER      PR  NI    VIRT    RES    SHR S  %CPU %MEM     TIME+ COMMAND
 1603 ubuntu    20   0 31.356g 282952  14412 S   0.0  0.9   0:12.30 java
Fri Jun 13 05:26:41 UTC 2014
  PID USER      PR  NI    VIRT    RES    SHR S  %CPU %MEM     TIME+ COMMAND
 1603 ubuntu    20   0 31.356g 282952  14412 S   0.0  0.9   0:12.33 java
Fri Jun 13 05:26:43 UTC 2014
  PID USER      PR  NI    VIRT    RES    SHR S  %CPU %MEM     TIME+ COMMAND
 1603 ubuntu    20   0 31.356g 282952  14412 S   0.0  0.9   0:12.33 java
Fri Jun 13 05:26:44 UTC 2014
  PID USER      PR  NI    VIRT    RES    SHR S  %CPU %MEM     TIME+ COMMAND
 1603 ubuntu    20   0 31.356g 282952  14412 S   0.0  0.9   0:12.34 java
Fri Jun 13 05:26:45 UTC 2014
  PID USER      PR  NI    VIRT    RES    SHR S  %CPU %MEM     TIME+ COMMAND
 1603 ubuntu    20   0 31.356g 282952  14412 S   0.0  0.9   0:12.34 java
Fri Jun 13 05:26:46 UTC 2014
  PID USER      PR  NI    VIRT    RES    SHR S  %CPU %MEM     TIME+ COMMAND
 1603 ubuntu    20   0 31.356g 282952  14412 S   0.0  0.9   0:12.35 java
Fri Jun 13 05:26:47 UTC 2014
  PID USER      PR  NI    VIRT    RES    SHR S  %CPU %MEM     TIME+ COMMAND
 1603 ubuntu    20   0 31.356g 282952  14412 S   0.0  0.9   0:12.36 java
Fri Jun 13 05:26:48 UTC 2014
  PID USER      PR  NI    VIRT    RES    SHR S  %CPU %MEM     TIME+ COMMAND
 1603 ubuntu    20   0 31.356g 282952  14412 S   0.0  0.9   0:12.36 java
Fri Jun 13 05:26:50 UTC 2014
  PID USER      PR  NI    VIRT    RES    SHR S  %CPU %MEM     TIME+ COMMAND
 1603 ubuntu    20   0 31.356g 282952  14412 S   0.0  0.9   0:12.37 java
Fri Jun 13 05:26:51 UTC 2014
  PID USER      PR  NI    VIRT    RES    SHR S  %CPU %MEM     TIME+ COMMAND
 1603 ubuntu    20   0 31.356g 282952  14412 S   0.0  0.9   0:12.38 java
Fri Jun 13 05:26:52 UTC 2014
  PID USER      PR  NI    VIRT    RES    SHR S  %CPU %MEM     TIME+ COMMAND
 1603 ubuntu    20   0 31.356g 282952  14412 S   0.0  0.9   0:12.40 java
Fri Jun 13 05:26:53 UTC 2014
  PID USER      PR  NI    VIRT    RES    SHR S  %CPU %MEM     TIME+ COMMAND
 1603 ubuntu    20   0 31.356g 282952  14412 S   0.0  0.9   0:12.41 java
Fri Jun 13 05:26:54 UTC 2014
  PID USER      PR  NI    VIRT    RES    SHR S  %CPU %MEM     TIME+ COMMAND
 1603 ubuntu    20   0 31.356g 282952  14412 S   0.0  0.9   0:12.41 java
Fri Jun 13 05:26:55 UTC 2014
  PID USER      PR  NI    VIRT    RES    SHR S  %CPU %MEM     TIME+ COMMAND
 1603 ubuntu    20   0 31.356g 282952  14412 S   0.0  0.9   0:12.42 java
Fri Jun 13 05:26:57 UTC 2014
  PID USER      PR  NI    VIRT    RES    SHR S  %CPU %MEM     TIME+ COMMAND
 1603 ubuntu    20   0 31.356g 282952  14412 S   0.0  0.9   0:12.42 java
Fri Jun 13 05:26:58 UTC 2014
  PID USER      PR  NI    VIRT    RES    SHR S  %CPU %MEM     TIME+ COMMAND
 1603 ubuntu    20   0 31.356g 282892  14412 S   6.6  0.9   0:12.44 java
Fri Jun 13 05:26:59 UTC 2014
  PID USER      PR  NI    VIRT    RES    SHR S  %CPU %MEM     TIME+ COMMAND
 1603 ubuntu    20   0 31.356g 282892  14412 S   0.0  0.9   0:12.44 java
Fri Jun 13 05:27:00 UTC 2014
  PID USER      PR  NI    VIRT    RES    SHR S  %CPU %MEM     TIME+ COMMAND
 1603 ubuntu    20   0 31.356g 282892  14412 S   0.0  0.9   0:12.45 java
Fri Jun 13 05:27:01 UTC 2014
  PID USER      PR  NI    VIRT    RES    SHR S  %CPU %MEM     TIME+ COMMAND
 1603 ubuntu    20   0 31.356g 282892  14412 S   0.0  0.9   0:12.48 java
Fri Jun 13 05:27:02 UTC 2014
  PID USER      PR  NI    VIRT    RES    SHR S  %CPU %MEM     TIME+ COMMAND
 1603 ubuntu    20   0 31.356g 282892  14412 S   0.0  0.9   0:12.52 java
Fri Jun 13 05:27:04 UTC 2014
  PID USER      PR  NI    VIRT    RES    SHR S  %CPU %MEM     TIME+ COMMAND
 1603 ubuntu    20   0 31.356g 282892  14412 S  13.3  0.9   0:12.54 java
Fri Jun 13 05:27:05 UTC 2014
  PID USER      PR  NI    VIRT    RES    SHR S  %CPU %MEM     TIME+ COMMAND
 1603 ubuntu    20   0 31.356g 282892  14412 S   0.0  0.9   0:12.54 java
Fri Jun 13 05:27:06 UTC 2014
  PID USER      PR  NI    VIRT    RES    SHR S  %CPU %MEM     TIME+ COMMAND
 1603 ubuntu    20   0 31.356g 282892  14412 S   0.0  0.9   0:12.55 java
Fri Jun 13 05:27:07 UTC 2014
  PID USER      PR  NI    VIRT    RES    SHR S  %CPU %MEM     TIME+ COMMAND
 1603 ubuntu    20   0 31.356g 282892  14412 S   0.0  0.9   0:12.55 java
Fri Jun 13 05:27:08 UTC 2014
  PID USER      PR  NI    VIRT    RES    SHR S  %CPU %MEM     TIME+ COMMAND
 1603 ubuntu    20   0 31.356g 282892  14412 S   0.0  0.9   0:12.56 java
Fri Jun 13 05:27:09 UTC 2014
  PID USER      PR  NI    VIRT    RES    SHR S  %CPU %MEM     TIME+ COMMAND
 1603 ubuntu    20   0 31.356g 282892  14412 S   0.0  0.9   0:12.56 java
Fri Jun 13 05:27:11 UTC 2014
  PID USER      PR  NI    VIRT    RES    SHR S  %CPU %MEM     TIME+ COMMAND
 1603 ubuntu    20   0 31.356g 282892  14412 S   0.0  0.9   0:12.58 java
Fri Jun 13 05:27:12 UTC 2014
  PID USER      PR  NI    VIRT    RES    SHR S  %CPU %MEM     TIME+ COMMAND
 1603 ubuntu    20   0 31.356g 282892  14412 S   0.0  0.9   0:12.60 java
Fri Jun 13 05:27:13 UTC 2014
  PID USER      PR  NI    VIRT    RES    SHR S  %CPU %MEM     TIME+ COMMAND
 1603 ubuntu    20   0 31.356g 282892  14412 S   0.0  0.9   0:12.60 java
Fri Jun 13 05:27:14 UTC 2014
  PID USER      PR  NI    VIRT    RES    SHR S  %CPU %MEM     TIME+ COMMAND
 1603 ubuntu    20   0 31.356g 282892  14412 S   0.0  0.9   0:12.61 java
Fri Jun 13 05:27:15 UTC 2014
  PID USER      PR  NI    VIRT    RES    SHR S  %CPU %MEM     TIME+ COMMAND
 1603 ubuntu    20   0 31.356g 284260  14412 S  26.5  0.9   0:12.79 java
Fri Jun 13 05:27:16 UTC 2014
  PID USER      PR  NI    VIRT    RES    SHR S  %CPU %MEM     TIME+ COMMAND
 1603 ubuntu    20   0 31.357g 287568  14412 S  33.1  0.9   0:13.29 java
Fri Jun 13 05:27:18 UTC 2014
  PID USER      PR  NI    VIRT    RES    SHR S  %CPU %MEM     TIME+ COMMAND
 1603 ubuntu    20   0 31.357g 291880  14552 S 125.9  0.9   0:13.77 java
Fri Jun 13 05:27:19 UTC 2014
  PID USER      PR  NI    VIRT    RES    SHR S  %CPU %MEM     TIME+ COMMAND
 1603 ubuntu    20   0 31.357g 297092  14556 S  33.1  1.0   0:14.48 java
Fri Jun 13 05:27:20 UTC 2014
  PID USER      PR  NI    VIRT    RES    SHR S  %CPU %MEM     TIME+ COMMAND
 1603 ubuntu    20   0 31.357g 302368  14592 S  66.3  1.0   0:15.54 java
Fri Jun 13 05:27:21 UTC 2014
  PID USER      PR  NI    VIRT    RES    SHR S  %CPU %MEM     TIME+ COMMAND
 1603 ubuntu    20   0 31.357g 325864  14592 S 112.5  1.1   0:16.90 java
Fri Jun 13 05:27:22 UTC 2014
  PID USER      PR  NI    VIRT    RES    SHR S  %CPU %MEM     TIME+ COMMAND
 1603 ubuntu    20   0 31.358g 331340  14600 S 165.7  1.1   0:18.51 java
Fri Jun 13 05:27:24 UTC 2014
  PID USER      PR  NI    VIRT    RES    SHR S  %CPU %MEM     TIME+ COMMAND
 1603 ubuntu    20   0 31.358g 337404  14608 S 172.4  1.1   0:20.18 java
Fri Jun 13 05:27:25 UTC 2014
  PID USER      PR  NI    VIRT    RES    SHR S  %CPU %MEM     TIME+ COMMAND
 1603 ubuntu    20   0 31.358g 373516  14612 S 178.7  1.2   0:22.34 java
Fri Jun 13 05:27:26 UTC 2014
  PID USER      PR  NI    VIRT    RES    SHR S  %CPU %MEM     TIME+ COMMAND
 1603 ubuntu    20   0 31.358g 377844  14616 S 119.3  1.2   0:23.90 java
Fri Jun 13 05:27:27 UTC 2014
  PID USER      PR  NI    VIRT    RES    SHR S  %CPU %MEM     TIME+ COMMAND
 1603 ubuntu    20   0 31.358g 385656  14616 S 112.7  1.3   0:26.00 java
Fri Jun 13 05:27:28 UTC 2014
  PID USER      PR  NI    VIRT    RES    SHR S  %CPU %MEM     TIME+ COMMAND
 1603 ubuntu    20   0 31.359g 398292  14620 S 311.4  1.3   0:28.00 java
Fri Jun 13 05:27:29 UTC 2014
  PID USER      PR  NI    VIRT    RES    SHR S  %CPU %MEM     TIME+ COMMAND
 1603 ubuntu    20   0 31.359g 402160  14620 S 125.8  1.3   0:29.37 java
Fri Jun 13 05:27:31 UTC 2014
  PID USER      PR  NI    VIRT    RES    SHR S  %CPU %MEM     TIME+ COMMAND
 1603 ubuntu    20   0 31.359g 425168  14624 S 125.4  1.4   0:31.55 java
Fri Jun 13 05:27:32 UTC 2014
  PID USER      PR  NI    VIRT    RES    SHR S  %CPU %MEM     TIME+ COMMAND
 1603 ubuntu    20   0 31.359g 435136  14624 S  99.4  1.4   0:32.86 java
Fri Jun 13 05:27:33 UTC 2014
  PID USER      PR  NI    VIRT    RES    SHR S  %CPU %MEM     TIME+ COMMAND
 1603 ubuntu    20   0 31.359g 446328  14624 S 224.9  1.4   0:34.48 java
Fri Jun 13 05:27:34 UTC 2014
  PID USER      PR  NI    VIRT    RES    SHR S  %CPU %MEM     TIME+ COMMAND
 1603 ubuntu    20   0 31.359g 447756  14624 S  79.5  1.5   0:35.90 java
Fri Jun 13 05:27:35 UTC 2014
  PID USER      PR  NI    VIRT    RES    SHR S  %CPU %MEM     TIME+ COMMAND
 1603 ubuntu    20   0 31.359g 450092  14624 S  72.8  1.5   0:36.88 java
Fri Jun 13 05:27:36 UTC 2014
  PID USER      PR  NI    VIRT    RES    SHR S  %CPU %MEM     TIME+ COMMAND
 1603 ubuntu    20   0 31.359g 449628  14624 S  99.2  1.5   0:37.85 java
Fri Jun 13 05:27:38 UTC 2014
  PID USER      PR  NI    VIRT    RES    SHR S  %CPU %MEM     TIME+ COMMAND
 1603 ubuntu    20   0 31.359g 447036  14624 S  53.0  1.5   0:38.88 java
Fri Jun 13 05:27:39 UTC 2014
  PID USER      PR  NI    VIRT    RES    SHR S  %CPU %MEM     TIME+ COMMAND
 1603 ubuntu    20   0 31.359g 440704  14624 S  59.6  1.4   0:39.68 java
Fri Jun 13 05:27:40 UTC 2014
  PID USER      PR  NI    VIRT    RES    SHR S  %CPU %MEM     TIME+ COMMAND
 1603 ubuntu    20   0 31.359g 436552  14624 S  72.8  1.4   0:40.49 java
Fri Jun 13 05:27:41 UTC 2014
  PID USER      PR  NI    VIRT    RES    SHR S  %CPU %MEM     TIME+ COMMAND
 1603 ubuntu    20   0 31.359g 427508  14624 S  72.9  1.4   0:41.31 java
Fri Jun 13 05:27:42 UTC 2014
  PID USER      PR  NI    VIRT    RES    SHR S  %CPU %MEM     TIME+ COMMAND
 1603 ubuntu    20   0 31.359g 418444  14624 S  79.5  1.4   0:42.11 java
Fri Jun 13 05:27:44 UTC 2014
  PID USER      PR  NI    VIRT    RES    SHR S  %CPU %MEM     TIME+ COMMAND
 1603 ubuntu    20   0 31.359g 414336  14624 S  79.3  1.3   0:42.84 java
Fri Jun 13 05:27:45 UTC 2014
  PID USER      PR  NI    VIRT    RES    SHR S  %CPU %MEM     TIME+ COMMAND
 1603 ubuntu    20   0 31.359g 404304  14624 S  46.3  1.3   0:43.61 java
Fri Jun 13 05:27:46 UTC 2014
  PID USER      PR  NI    VIRT    RES    SHR S  %CPU %MEM     TIME+ COMMAND
 1603 ubuntu    20   0 31.359g 395776  14624 S  66.2  1.3   0:44.13 java
Fri Jun 13 05:27:47 UTC 2014
  PID USER      PR  NI    VIRT    RES    SHR S  %CPU %MEM     TIME+ COMMAND
 1603 ubuntu    20   0 31.359g 391908  14624 S  46.4  1.3   0:44.70 java
Fri Jun 13 05:27:48 UTC 2014
  PID USER      PR  NI    VIRT    RES    SHR S  %CPU %MEM     TIME+ COMMAND
 1603 ubuntu    20   0 31.359g 383928  14624 S  46.3  1.2   0:45.34 java
Fri Jun 13 05:27:49 UTC 2014
  PID USER      PR  NI    VIRT    RES    SHR S  %CPU %MEM     TIME+ COMMAND
 1603 ubuntu    20   0 31.359g 377988  14624 S  39.8  1.2   0:45.90 java
Fri Jun 13 05:27:51 UTC 2014
  PID USER      PR  NI    VIRT    RES    SHR S  %CPU %MEM     TIME+ COMMAND
 1603 ubuntu    20   0 31.359g 374108  14624 S  33.1  1.2   0:46.39 java
Fri Jun 13 05:27:52 UTC 2014
  PID USER      PR  NI    VIRT    RES    SHR S  %CPU %MEM     TIME+ COMMAND
 1603 ubuntu    20   0 31.359g 368188  14624 S  39.8  1.2   0:46.90 java
Fri Jun 13 05:27:53 UTC 2014
  PID USER      PR  NI    VIRT    RES    SHR S  %CPU %MEM     TIME+ COMMAND
 1603 ubuntu    20   0 31.359g 361104  14624 S  53.0  1.2   0:47.54 java
Fri Jun 13 05:27:54 UTC 2014
  PID USER      PR  NI    VIRT    RES    SHR S  %CPU %MEM     TIME+ COMMAND
 1603 ubuntu    20   0 31.359g 356224  14624 S  72.8  1.2   0:48.14 java
Fri Jun 13 05:27:55 UTC 2014
  PID USER      PR  NI    VIRT    RES    SHR S  %CPU %MEM     TIME+ COMMAND
 1603 ubuntu    20   0 31.359g 351852  14624 S  46.3  1.1   0:48.77 java
Fri Jun 13 05:27:56 UTC 2014
  PID USER      PR  NI    VIRT    RES    SHR S  %CPU %MEM     TIME+ COMMAND
 1603 ubuntu    20   0 31.359g 349020  14624 S  46.2  1.1   0:49.26 java
Fri Jun 13 05:27:58 UTC 2014
  PID USER      PR  NI    VIRT    RES    SHR S  %CPU %MEM     TIME+ COMMAND
 1603 ubuntu    20   0 31.359g 343628  14624 S  39.7  1.1   0:49.96 java
Fri Jun 13 05:27:59 UTC 2014
  PID USER      PR  NI    VIRT    RES    SHR S  %CPU %MEM     TIME+ COMMAND
 1603 ubuntu    20   0 31.359g 340552  14624 S  59.6  1.1   0:50.66 java
Fri Jun 13 05:28:00 UTC 2014
  PID USER      PR  NI    VIRT    RES    SHR S  %CPU %MEM     TIME+ COMMAND
 1603 ubuntu    20   0 31.359g 335672  14624 S  86.2  1.1   0:51.58 java
Fri Jun 13 05:28:01 UTC 2014
  PID USER      PR  NI    VIRT    RES    SHR S  %CPU %MEM     TIME+ COMMAND
 1603 ubuntu    20   0 31.359g 333868  14624 S  59.6  1.1   0:52.14 java
Fri Jun 13 05:28:02 UTC 2014
  PID USER      PR  NI    VIRT    RES    SHR S  %CPU %MEM     TIME+ COMMAND
 1603 ubuntu    20   0 31.359g 331816  14624 S  53.0  1.1   0:52.75 java
Fri Jun 13 05:28:03 UTC 2014
  PID USER      PR  NI    VIRT    RES    SHR S  %CPU %MEM     TIME+ COMMAND
 1603 ubuntu    20   0 31.359g 328968  14624 S  66.3  1.1   0:53.43 java
Fri Jun 13 05:28:05 UTC 2014
  PID USER      PR  NI    VIRT    RES    SHR S  %CPU %MEM     TIME+ COMMAND
 1603 ubuntu    20   0 31.359g 327960  14624 S  46.3  1.1   0:54.07 java
Fri Jun 13 05:28:06 UTC 2014
  PID USER      PR  NI    VIRT    RES    SHR S  %CPU %MEM     TIME+ COMMAND
 1603 ubuntu    20   0 31.359g 325656  14624 S  66.3  1.1   0:54.76 java
Fri Jun 13 05:28:07 UTC 2014
  PID USER      PR  NI    VIRT    RES    SHR S  %CPU %MEM     TIME+ COMMAND
 1603 ubuntu    20   0 31.359g 322840  14624 S  79.3  1.0   0:55.58 java
Fri Jun 13 05:28:08 UTC 2014
  PID USER      PR  NI    VIRT    RES    SHR S  %CPU %MEM     TIME+ COMMAND
 1603 ubuntu    20   0 31.359g 321812  14624 S  59.5  1.0   0:56.50 java
Fri Jun 13 05:28:09 UTC 2014
  PID USER      PR  NI    VIRT    RES    SHR S  %CPU %MEM     TIME+ COMMAND
 1603 ubuntu    20   0 31.359g 320020  14624 S  79.4  1.0   0:57.23 java
Fri Jun 13 05:28:11 UTC 2014
  PID USER      PR  NI    VIRT    RES    SHR S  %CPU %MEM     TIME+ COMMAND
 1603 ubuntu    20   0 31.359g 319508  14624 S  66.2  1.0   0:57.98 java
Fri Jun 13 05:28:12 UTC 2014
  PID USER      PR  NI    VIRT    RES    SHR S  %CPU %MEM     TIME+ COMMAND
 1603 ubuntu    20   0 31.359g 318480  14624 S  59.7  1.0   0:58.69 java
Fri Jun 13 05:28:13 UTC 2014
  PID USER      PR  NI    VIRT    RES    SHR S  %CPU %MEM     TIME+ COMMAND
 1603 ubuntu    20   0 31.359g 317988  14624 S  46.4  1.0   0:59.38 java
Fri Jun 13 05:28:14 UTC 2014
  PID USER      PR  NI    VIRT    RES    SHR S  %CPU %MEM     TIME+ COMMAND
 1603 ubuntu    20   0 31.359g 317224  14624 S  53.0  1.0   1:00.34 java
Fri Jun 13 05:28:15 UTC 2014
  PID USER      PR  NI    VIRT    RES    SHR S  %CPU %MEM     TIME+ COMMAND
 1603 ubuntu    20   0 31.359g 316976  14624 S  26.5  1.0   1:01.07 java
Fri Jun 13 05:28:16 UTC 2014
  PID USER      PR  NI    VIRT    RES    SHR S  %CPU %MEM     TIME+ COMMAND
 1603 ubuntu    20   0 31.359g 317504  14624 S  59.6  1.0   1:01.75 java
Fri Jun 13 05:28:18 UTC 2014
  PID USER      PR  NI    VIRT    RES    SHR S  %CPU %MEM     TIME+ COMMAND
 1603 ubuntu    20   0 31.359g 317000  14624 S  59.6  1.0   1:02.57 java
Fri Jun 13 05:28:19 UTC 2014
  PID USER      PR  NI    VIRT    RES    SHR S  %CPU %MEM     TIME+ COMMAND
 1603 ubuntu    20   0 31.359g 317000  14624 S  46.4  1.0   1:03.44 java
Fri Jun 13 05:28:20 UTC 2014
  PID USER      PR  NI    VIRT    RES    SHR S  %CPU %MEM     TIME+ COMMAND
 1603 ubuntu    20   0 31.359g 317000  14624 S  79.5  1.0   1:04.28 java
Fri Jun 13 05:28:21 UTC 2014
  PID USER      PR  NI    VIRT    RES    SHR S  %CPU %MEM     TIME+ COMMAND
 1603 ubuntu    20   0 31.359g 317264  14624 S  72.9  1.0   1:05.05 java
Fri Jun 13 05:28:22 UTC 2014
  PID USER      PR  NI    VIRT    RES    SHR S  %CPU %MEM     TIME+ COMMAND
 1603 ubuntu    20   0 31.359g 317528  14624 S  66.3  1.0   1:05.90 java
Fri Jun 13 05:28:23 UTC 2014
  PID USER      PR  NI    VIRT    RES    SHR S  %CPU %MEM     TIME+ COMMAND
 1603 ubuntu    20   0 31.359g 317792  14624 S  39.8  1.0   1:06.58 java
Fri Jun 13 05:28:25 UTC 2014
  PID USER      PR  NI    VIRT    RES    SHR S  %CPU %MEM     TIME+ COMMAND
 1603 ubuntu    20   0 31.359g 318056  14624 S  66.3  1.0   1:07.27 java
Fri Jun 13 05:28:26 UTC 2014
  PID USER      PR  NI    VIRT    RES    SHR S  %CPU %MEM     TIME+ COMMAND
 1603 ubuntu    20   0 31.359g 318320  14624 S  72.7  1.0   1:08.13 java
Fri Jun 13 05:28:27 UTC 2014
  PID USER      PR  NI    VIRT    RES    SHR S  %CPU %MEM     TIME+ COMMAND
 1603 ubuntu    20   0 31.359g 318848  14624 S  53.0  1.0   1:09.11 java
Fri Jun 13 05:28:28 UTC 2014
  PID USER      PR  NI    VIRT    RES    SHR S  %CPU %MEM     TIME+ COMMAND
 1603 ubuntu    20   0 31.359g 319112  14624 S  72.9  1.0   1:10.05 java
Fri Jun 13 05:28:29 UTC 2014
  PID USER      PR  NI    VIRT    RES    SHR S  %CPU %MEM     TIME+ COMMAND
 1603 ubuntu    20   0 31.359g 319112  14624 S  59.7  1.0   1:10.89 java
Fri Jun 13 05:28:31 UTC 2014
  PID USER      PR  NI    VIRT    RES    SHR S  %CPU %MEM     TIME+ COMMAND
 1603 ubuntu    20   0 31.359g 325492  14624 S  66.3  1.1   1:11.53 java
Fri Jun 13 05:28:32 UTC 2014
  PID USER      PR  NI    VIRT    RES    SHR S  %CPU %MEM     TIME+ COMMAND
 1603 ubuntu    20   0 31.359g 325492  14624 S  46.4  1.1   1:12.37 java
Fri Jun 13 05:28:33 UTC 2014
  PID USER      PR  NI    VIRT    RES    SHR S  %CPU %MEM     TIME+ COMMAND
 1603 ubuntu    20   0 31.359g 326008  14624 S 112.6  1.1   1:13.35 java
Fri Jun 13 05:28:34 UTC 2014
  PID USER      PR  NI    VIRT    RES    SHR S  %CPU %MEM     TIME+ COMMAND
 1603 ubuntu    20   0 31.359g 326536  14624 S  53.0  1.1   1:14.35 java
Fri Jun 13 05:28:35 UTC 2014
  PID USER      PR  NI    VIRT    RES    SHR S  %CPU %MEM     TIME+ COMMAND
 1603 ubuntu    20   0 31.359g 327052  14624 S  99.4  1.1   1:15.43 java
Fri Jun 13 05:28:36 UTC 2014
  PID USER      PR  NI    VIRT    RES    SHR S  %CPU %MEM     TIME+ COMMAND
 1603 ubuntu    20   0 31.359g 328108  14624 S  86.2  1.1   1:16.42 java
Fri Jun 13 05:28:38 UTC 2014
  PID USER      PR  NI    VIRT    RES    SHR S  %CPU %MEM     TIME+ COMMAND
 1603 ubuntu    20   0 31.359g 328108  14624 S  86.0  1.1   1:17.50 java
Fri Jun 13 05:28:39 UTC 2014
  PID USER      PR  NI    VIRT    RES    SHR S  %CPU %MEM     TIME+ COMMAND
 1603 ubuntu    20   0 31.359g 328136  14624 S  46.4  1.1   1:18.60 java
Fri Jun 13 05:28:40 UTC 2014
  PID USER      PR  NI    VIRT    RES    SHR S  %CPU %MEM     TIME+ COMMAND
 1603 ubuntu    20   0 31.359g 337120  14624 S  72.9  1.1   1:19.54 java
Fri Jun 13 05:28:41 UTC 2014
  PID USER      PR  NI    VIRT    RES    SHR S  %CPU %MEM     TIME+ COMMAND
 1603 ubuntu    20   0 31.359g 337912  14624 S  66.3  1.1   1:20.56 java
Fri Jun 13 05:28:42 UTC 2014
  PID USER      PR  NI    VIRT    RES    SHR S  %CPU %MEM     TIME+ COMMAND
 1603 ubuntu    20   0 31.359g 338176  14624 S 158.7  1.1   1:21.62 java
Fri Jun 13 05:28:43 UTC 2014
  PID USER      PR  NI    VIRT    RES    SHR S  %CPU %MEM     TIME+ COMMAND
 1603 ubuntu    20   0 31.359g 338500  14624 S 198.8  1.1   1:23.17 java
Fri Jun 13 05:28:45 UTC 2014
  PID USER      PR  NI    VIRT    RES    SHR S  %CPU %MEM     TIME+ COMMAND
 1603 ubuntu    20   0 31.359g 350048  14624 S 145.8  1.1   1:24.47 java
Fri Jun 13 05:28:46 UTC 2014
  PID USER      PR  NI    VIRT    RES    SHR S  %CPU %MEM     TIME+ COMMAND
 1603 ubuntu    20   0 31.359g 351104  14624 S 172.2  1.1   1:25.65 java
Fri Jun 13 05:28:47 UTC 2014
  PID USER      PR  NI    VIRT    RES    SHR S  %CPU %MEM     TIME+ COMMAND
 1603 ubuntu    20   0 31.359g 351620  14624 S  92.6  1.1   1:26.87 java
Fri Jun 13 05:28:48 UTC 2014
  PID USER      PR  NI    VIRT    RES    SHR S  %CPU %MEM     TIME+ COMMAND
 1603 ubuntu    20   0 31.359g 351636  14624 S 172.3  1.1   1:28.27 java
Fri Jun 13 05:28:49 UTC 2014
  PID USER      PR  NI    VIRT    RES    SHR S  %CPU %MEM     TIME+ COMMAND
 1603 ubuntu    20   0 31.359g 365984  14624 S  99.4  1.2   1:29.60 java
Fri Jun 13 05:28:51 UTC 2014
  PID USER      PR  NI    VIRT    RES    SHR S  %CPU %MEM     TIME+ COMMAND
 1603 ubuntu    20   0 31.359g 366256  14624 S 112.6  1.2   1:31.36 java
Fri Jun 13 05:28:52 UTC 2014
  PID USER      PR  NI    VIRT    RES    SHR S  %CPU %MEM     TIME+ COMMAND
 1603 ubuntu    20   0 31.359g 365796  14624 S 145.8  1.2   1:32.57 java
Fri Jun 13 05:28:53 UTC 2014
  PID USER      PR  NI    VIRT    RES    SHR S  %CPU %MEM     TIME+ COMMAND
 1603 ubuntu    20   0 31.359g 365372  14624 S  99.4  1.2   1:34.37 java
Fri Jun 13 05:28:54 UTC 2014
  PID USER      PR  NI    VIRT    RES    SHR S  %CPU %MEM     TIME+ COMMAND
 1603 ubuntu    20   0 31.359g 364800  14624 S  99.1  1.2   1:35.70 java
Fri Jun 13 05:28:55 UTC 2014
  PID USER      PR  NI    VIRT    RES    SHR S  %CPU %MEM     TIME+ COMMAND
 1603 ubuntu    20   0 31.359g 364308  14624 S 139.1  1.2   1:37.40 java
Fri Jun 13 05:28:56 UTC 2014
  PID USER      PR  NI    VIRT    RES    SHR S  %CPU %MEM     TIME+ COMMAND
 1603 ubuntu    20   0 31.359g 363504  14624 S 165.6  1.2   1:38.98 java
Fri Jun 13 05:28:58 UTC 2014
  PID USER      PR  NI    VIRT    RES    SHR S  %CPU %MEM     TIME+ COMMAND
 1603 ubuntu    20   0 31.359g 361972  14624 S 159.0  1.2   1:40.68 java
Fri Jun 13 05:28:59 UTC 2014
  PID USER      PR  NI    VIRT    RES    SHR S  %CPU %MEM     TIME+ COMMAND
 1603 ubuntu    20   0 31.359g 370064  14624 S  79.5  1.2   1:42.13 java
Fri Jun 13 05:29:00 UTC 2014
  PID USER      PR  NI    VIRT    RES    SHR S  %CPU %MEM     TIME+ COMMAND
 1603 ubuntu    20   0 31.359g 376984  14624 S 132.2  1.2   1:43.79 java
Fri Jun 13 05:29:01 UTC 2014
  PID USER      PR  NI    VIRT    RES    SHR S  %CPU %MEM     TIME+ COMMAND
 1603 ubuntu    20   0 31.359g 377440  14624 S 179.0  1.2   1:45.71 java
Fri Jun 13 05:29:02 UTC 2014
  PID USER      PR  NI    VIRT    RES    SHR S  %CPU %MEM     TIME+ COMMAND
 1603 ubuntu    20   0 31.359g 394124  14624 S  79.5  1.3   1:47.59 java
Fri Jun 13 05:29:03 UTC 2014
  PID USER      PR  NI    VIRT    RES    SHR S  %CPU %MEM     TIME+ COMMAND
 1603 ubuntu    20   0 31.359g 394468  14624 S 178.7  1.3   1:49.26 java
Fri Jun 13 05:29:05 UTC 2014
  PID USER      PR  NI    VIRT    RES    SHR S  %CPU %MEM     TIME+ COMMAND
 1603 ubuntu    20   0 31.359g 394252  14624 S  79.5  1.3   1:50.66 java
Fri Jun 13 05:29:06 UTC 2014
  PID USER      PR  NI    VIRT    RES    SHR S  %CPU %MEM     TIME+ COMMAND
 1603 ubuntu    20   0 31.359g 393996  14624 S 112.7  1.3   1:51.99 java
Fri Jun 13 05:29:07 UTC 2014
  PID USER      PR  NI    VIRT    RES    SHR S  %CPU %MEM     TIME+ COMMAND
 1603 ubuntu    20   0 31.359g 393024  14624 S 125.9  1.3   1:53.86 java
Fri Jun 13 05:29:08 UTC 2014
  PID USER      PR  NI    VIRT    RES    SHR S  %CPU %MEM     TIME+ COMMAND
 1603 ubuntu    20   0 31.359g 392012  14624 S 218.7  1.3   1:55.73 java
Fri Jun 13 05:29:09 UTC 2014
  PID USER      PR  NI    VIRT    RES    SHR S  %CPU %MEM     TIME+ COMMAND
 1603 ubuntu    20   0 31.359g 392544  14624 S 119.3  1.3   1:57.06 java
Fri Jun 13 05:29:11 UTC 2014
  PID USER      PR  NI    VIRT    RES    SHR S  %CPU %MEM     TIME+ COMMAND
 1603 ubuntu    20   0 31.359g 393072  14624 S 138.9  1.3   1:58.73 java
Fri Jun 13 05:29:12 UTC 2014
  PID USER      PR  NI    VIRT    RES    SHR S  %CPU %MEM     TIME+ COMMAND
 1603 ubuntu    20   0 31.359g 393932  14624 S 119.2  1.3   2:00.31 java
Fri Jun 13 05:29:13 UTC 2014
  PID USER      PR  NI    VIRT    RES    SHR S  %CPU %MEM     TIME+ COMMAND
 1603 ubuntu    20   0 31.359g 394180  14624 S 159.1  1.3   2:01.95 java
Fri Jun 13 05:29:14 UTC 2014
  PID USER      PR  NI    VIRT    RES    SHR S  %CPU %MEM     TIME+ COMMAND
 1603 ubuntu    20   0 31.359g 394092  14624 S 132.3  1.3   2:03.53 java
Fri Jun 13 05:29:15 UTC 2014
  PID USER      PR  NI    VIRT    RES    SHR S  %CPU %MEM     TIME+ COMMAND
 1603 ubuntu    20   0 31.359g 394584  14624 S 172.0  1.3   2:05.18 java
Fri Jun 13 05:29:16 UTC 2014
  PID USER      PR  NI    VIRT    RES    SHR S  %CPU %MEM     TIME+ COMMAND
 1603 ubuntu    20   0 31.359g 395344  14624 S 132.5  1.3   2:07.05 java
Fri Jun 13 05:29:18 UTC 2014
  PID USER      PR  NI    VIRT    RES    SHR S  %CPU %MEM     TIME+ COMMAND
 1603 ubuntu    20   0 31.359g 395608  14624 S 119.2  1.3   2:08.94 java
Fri Jun 13 05:29:19 UTC 2014
  PID USER      PR  NI    VIRT    RES    SHR S  %CPU %MEM     TIME+ COMMAND
 1603 ubuntu    20   0 31.359g 395068  14624 S 119.2  1.3   2:10.93 java
Fri Jun 13 05:29:20 UTC 2014
  PID USER      PR  NI    VIRT    RES    SHR S  %CPU %MEM     TIME+ COMMAND
 1603 ubuntu    20   0 31.359g 394880  14624 S 178.9  1.3   2:12.91 java
Fri Jun 13 05:29:21 UTC 2014
  PID USER      PR  NI    VIRT    RES    SHR S  %CPU %MEM     TIME+ COMMAND
 1603 ubuntu    20   0 31.359g 405600  14624 S 231.9  1.3   2:15.60 java
Fri Jun 13 05:29:22 UTC 2014
  PID USER      PR  NI    VIRT    RES    SHR S  %CPU %MEM     TIME+ COMMAND
 1603 ubuntu    20   0 31.359g 411136  14624 S 265.0  1.3   2:17.56 java
Fri Jun 13 05:29:23 UTC 2014
  PID USER      PR  NI    VIRT    RES    SHR S  %CPU %MEM     TIME+ COMMAND
 1603 ubuntu    20   0 31.359g 411928  14624 S 198.6  1.3   2:20.37 java
Fri Jun 13 05:29:25 UTC 2014
  PID USER      PR  NI    VIRT    RES    SHR S  %CPU %MEM     TIME+ COMMAND
 1603 ubuntu    20   0 31.359g 461600  14624 S 192.2  1.5   2:22.96 java
Fri Jun 13 05:29:26 UTC 2014
  PID USER      PR  NI    VIRT    RES    SHR S  %CPU %MEM     TIME+ COMMAND
 1603 ubuntu    20   0 31.359g 462012  14624 S 258.4  1.5   2:25.40 java
Fri Jun 13 05:29:27 UTC 2014
  PID USER      PR  NI    VIRT    RES    SHR S  %CPU %MEM     TIME+ COMMAND
 1603 ubuntu    20   0 31.359g 462532  14624 S 205.3  1.5   2:27.96 java
Fri Jun 13 05:29:28 UTC 2014
  PID USER      PR  NI    VIRT    RES    SHR S  %CPU %MEM     TIME+ COMMAND
 1603 ubuntu    20   0 31.359g 462096  14624 S 119.3  1.5   2:30.73 java
Fri Jun 13 05:29:29 UTC 2014
  PID USER      PR  NI    VIRT    RES    SHR S  %CPU %MEM     TIME+ COMMAND
 1603 ubuntu    20   0 31.359g 462204  14624 S 224.9  1.5   2:33.51 java
Fri Jun 13 05:29:31 UTC 2014
  PID USER      PR  NI    VIRT    RES    SHR S  %CPU %MEM     TIME+ COMMAND
 1603 ubuntu    20   0 31.359g 460680  14624 S 125.8  1.5   2:36.11 java
Fri Jun 13 05:29:32 UTC 2014
  PID USER      PR  NI    VIRT    RES    SHR S  %CPU %MEM     TIME+ COMMAND
 1603 ubuntu    20   0 31.359g 460420  14624 S 203.9  1.5   2:38.67 java
Fri Jun 13 05:29:33 UTC 2014
  PID USER      PR  NI    VIRT    RES    SHR S  %CPU %MEM     TIME+ COMMAND
 1603 ubuntu    20   0 31.359g 459880  14624 S 205.3  1.5   2:41.33 java
Fri Jun 13 05:29:34 UTC 2014
  PID USER      PR  NI    VIRT    RES    SHR S  %CPU %MEM     TIME+ COMMAND
 1603 ubuntu    20   0 31.359g 475340  14624 S 132.4  1.5   2:44.19 java
Fri Jun 13 05:29:35 UTC 2014
  PID USER      PR  NI    VIRT    RES    SHR S  %CPU %MEM     TIME+ COMMAND
 1603 ubuntu    20   0 31.359g 475540  14624 S 205.4  1.5   2:47.14 java
Fri Jun 13 05:29:36 UTC 2014
  PID USER      PR  NI    VIRT    RES    SHR S  %CPU %MEM     TIME+ COMMAND
 1603 ubuntu    20   0 31.359g 476092  14624 S 291.5  1.5   2:50.77 java
Fri Jun 13 05:29:38 UTC 2014
  PID USER      PR  NI    VIRT    RES    SHR S  %CPU %MEM     TIME+ COMMAND
 1603 ubuntu    20   0 31.359g 475860  14624 S 284.9  1.5   2:53.89 java
Fri Jun 13 05:29:39 UTC 2014
  PID USER      PR  NI    VIRT    RES    SHR S  %CPU %MEM     TIME+ COMMAND
 1603 ubuntu    20   0 31.359g 475404  14624 S 238.5  1.5   2:56.77 java
Fri Jun 13 05:29:40 UTC 2014
  PID USER      PR  NI    VIRT    RES    SHR S  %CPU %MEM     TIME+ COMMAND
 1603 ubuntu    20   0 31.359g 474636  14624 S 225.3  1.5   2:59.29 java
Fri Jun 13 05:29:41 UTC 2014
  PID USER      PR  NI    VIRT    RES    SHR S  %CPU %MEM     TIME+ COMMAND
 1603 ubuntu    20   0 31.359g 474388  14624 S 304.4  1.5   3:02.08 java
Fri Jun 13 05:29:42 UTC 2014
  PID USER      PR  NI    VIRT    RES    SHR S  %CPU %MEM     TIME+ COMMAND
 1603 ubuntu    20   0 31.359g 474380  14624 S 251.5  1.5   3:05.30 java
Fri Jun 13 05:29:43 UTC 2014
  PID USER      PR  NI    VIRT    RES    SHR S  %CPU %MEM     TIME+ COMMAND
 1603 ubuntu    20   0 31.359g 474400  14624 S 265.0  1.5   3:08.18 java
Fri Jun 13 05:29:45 UTC 2014
  PID USER      PR  NI    VIRT    RES    SHR S  %CPU %MEM     TIME+ COMMAND
 1603 ubuntu    20   0 31.359g 474392  14624 S 205.0  1.5   3:11.39 java
Fri Jun 13 05:29:46 UTC 2014
  PID USER      PR  NI    VIRT    RES    SHR S  %CPU %MEM     TIME+ COMMAND
 1603 ubuntu    20   0 31.359g 508128  14624 S 165.4  1.6   3:14.97 java
Fri Jun 13 05:29:47 UTC 2014
  PID USER      PR  NI    VIRT    RES    SHR S  %CPU %MEM     TIME+ COMMAND
 1603 ubuntu    20   0 31.359g 508408  14624 S 264.6  1.6   3:18.10 java
Fri Jun 13 05:29:48 UTC 2014
  PID USER      PR  NI    VIRT    RES    SHR S  %CPU %MEM     TIME+ COMMAND
 1603 ubuntu    20   0 31.359g 508048  14624 S 310.9  1.6   3:21.12 java
Fri Jun 13 05:29:49 UTC 2014
  PID USER      PR  NI    VIRT    RES    SHR S  %CPU %MEM     TIME+ COMMAND
 1603 ubuntu    20   0 31.359g 508600  14624 S 284.9  1.6   3:24.30 java
Fri Jun 13 05:29:51 UTC 2014
  PID USER      PR  NI    VIRT    RES    SHR S  %CPU %MEM     TIME+ COMMAND
 1603 ubuntu    20   0 31.359g 508136  14624 S 278.3  1.6   3:27.49 java
Fri Jun 13 05:29:52 UTC 2014
  PID USER      PR  NI    VIRT    RES    SHR S  %CPU %MEM     TIME+ COMMAND
 1603 ubuntu    20   0 31.359g 508660  14624 S 382.6  1.7   3:31.20 java
Fri Jun 13 05:29:53 UTC 2014
  PID USER      PR  NI    VIRT    RES    SHR S  %CPU %MEM     TIME+ COMMAND
 1603 ubuntu    20   0 31.359g 535420  14624 S 337.6  1.7   3:35.89 java
Fri Jun 13 05:29:54 UTC 2014
  PID USER      PR  NI    VIRT    RES    SHR S  %CPU %MEM     TIME+ COMMAND
 1603 ubuntu    20   0 31.359g 579724  14624 S 264.4  1.9   3:39.15 java
Fri Jun 13 05:29:55 UTC 2014
  PID USER      PR  NI    VIRT    RES    SHR S  %CPU %MEM     TIME+ COMMAND
 1603 ubuntu    20   0 31.359g 580844  14624 S 370.3  1.9   3:42.57 java
Fri Jun 13 05:29:56 UTC 2014
  PID USER      PR  NI    VIRT    RES    SHR S  %CPU %MEM     TIME+ COMMAND
 1603 ubuntu    20   0 31.359g 580392  14624 S 297.6  1.9   3:45.71 java
Fri Jun 13 05:29:58 UTC 2014
  PID USER      PR  NI    VIRT    RES    SHR S  %CPU %MEM     TIME+ COMMAND
 1603 ubuntu    20   0 31.359g 579900  14624 S 231.9  1.9   3:49.25 java
Fri Jun 13 05:29:59 UTC 2014
  PID USER      PR  NI    VIRT    RES    SHR S  %CPU %MEM     TIME+ COMMAND
 1603 ubuntu    20   0 31.359g 580204  14624 S 257.3  1.9   3:52.79 java
Fri Jun 13 05:30:00 UTC 2014
  PID USER      PR  NI    VIRT    RES    SHR S  %CPU %MEM     TIME+ COMMAND
 1603 ubuntu    20   0 31.359g 579708  14624 S 324.6  1.9   3:56.44 java
Fri Jun 13 05:30:01 UTC 2014
  PID USER      PR  NI    VIRT    RES    SHR S  %CPU %MEM     TIME+ COMMAND
 1603 ubuntu    20   0 31.359g 579720  14624 S 251.3  1.9   3:59.69 java
Fri Jun 13 05:30:02 UTC 2014
  PID USER      PR  NI    VIRT    RES    SHR S  %CPU %MEM     TIME+ COMMAND
 1603 ubuntu    20   0 31.359g 580852  14624 S 329.8  1.9   4:03.48 java
Fri Jun 13 05:30:04 UTC 2014
  PID USER      PR  NI    VIRT    RES    SHR S  %CPU %MEM     TIME+ COMMAND
 1603 ubuntu    20   0 31.359g 580056  14624 S 298.2  1.9   4:06.96 java
Fri Jun 13 05:30:05 UTC 2014
  PID USER      PR  NI    VIRT    RES    SHR S  %CPU %MEM     TIME+ COMMAND
 1603 ubuntu    20   0 31.359g 579160  14624 S 278.1  1.9   4:10.57 java
Fri Jun 13 05:30:06 UTC 2014
  PID USER      PR  NI    VIRT    RES    SHR S  %CPU %MEM     TIME+ COMMAND
 1603 ubuntu    20   0 31.359g 576828  14624 S 238.4  1.9   4:13.90 java
Fri Jun 13 05:30:07 UTC 2014
  PID USER      PR  NI    VIRT    RES    SHR S  %CPU %MEM     TIME+ COMMAND
 1603 ubuntu    20   0 31.359g 576296  14624 S 238.0  1.9   4:17.96 java
Fri Jun 13 05:30:08 UTC 2014
  PID USER      PR  NI    VIRT    RES    SHR S  %CPU %MEM     TIME+ COMMAND
 1603 ubuntu    20   0 31.359g 575280  14624 S 417.2  1.9   4:22.05 java
Fri Jun 13 05:30:09 UTC 2014
  PID USER      PR  NI    VIRT    RES    SHR S  %CPU %MEM     TIME+ COMMAND
 1603 ubuntu    20   0 31.359g 574772  14624 S 257.9  1.9   4:25.78 java
Fri Jun 13 05:30:11 UTC 2014
  PID USER      PR  NI    VIRT    RES    SHR S  %CPU %MEM     TIME+ COMMAND
 1603 ubuntu    20   0 31.359g 574016  14624 S 198.8  1.9   4:29.74 java
Fri Jun 13 05:30:12 UTC 2014
  PID USER      PR  NI    VIRT    RES    SHR S  %CPU %MEM     TIME+ COMMAND
 1603 ubuntu    20   0 31.359g 572748  14624 S 430.5  1.9   4:33.66 java
Fri Jun 13 05:30:13 UTC 2014
  PID USER      PR  NI    VIRT    RES    SHR S  %CPU %MEM     TIME+ COMMAND
 1603 ubuntu    20   0 31.359g 570960  14624 S 291.6  1.9   4:37.02 java
Fri Jun 13 05:30:14 UTC 2014
  PID USER      PR  NI    VIRT    RES    SHR S  %CPU %MEM     TIME+ COMMAND
 1603 ubuntu    20   0 31.359g 570980  14624 S 238.5  1.9   4:40.64 java
Fri Jun 13 05:30:15 UTC 2014
  PID USER      PR  NI    VIRT    RES    SHR S  %CPU %MEM     TIME+ COMMAND
 1603 ubuntu    20   0 31.359g 570744  14624 S 456.7  1.9   4:44.73 java
Fri Jun 13 05:30:17 UTC 2014
  PID USER      PR  NI    VIRT    RES    SHR S  %CPU %MEM     TIME+ COMMAND
 1603 ubuntu    20   0 31.359g 573236  14624 S 284.9  1.9   4:48.68 java
Fri Jun 13 05:30:18 UTC 2014
  PID USER      PR  NI    VIRT    RES    SHR S  %CPU %MEM     TIME+ COMMAND
 1603 ubuntu    20   0 31.359g 573376  14624 S 225.2  1.9   4:52.01 java
Fri Jun 13 05:30:19 UTC 2014
  PID USER      PR  NI    VIRT    RES    SHR S  %CPU %MEM     TIME+ COMMAND
 1603 ubuntu    20   0 31.359g 571988  14624 S 390.7  1.9   4:56.42 java
Fri Jun 13 05:30:20 UTC 2014
  PID USER      PR  NI    VIRT    RES    SHR S  %CPU %MEM     TIME+ COMMAND
 1603 ubuntu    20   0 31.359g 570720  14624 S 331.3  1.9   5:00.36 java
Fri Jun 13 05:30:21 UTC 2014
  PID USER      PR  NI    VIRT    RES    SHR S  %CPU %MEM     TIME+ COMMAND
 1603 ubuntu    20   0 31.359g 569700  14624 S 330.9  1.8   5:04.32 java
Fri Jun 13 05:30:22 UTC 2014
  PID USER      PR  NI    VIRT    RES    SHR S  %CPU %MEM     TIME+ COMMAND
 1603 ubuntu    20   0 31.359g 568696  14624 S 297.7  1.8   5:08.68 java
Fri Jun 13 05:30:24 UTC 2014
  PID USER      PR  NI    VIRT    RES    SHR S  %CPU %MEM     TIME+ COMMAND
 1603 ubuntu    20   0 31.359g 568452  14624 S 403.7  1.8   5:12.96 java
Fri Jun 13 05:30:25 UTC 2014
  PID USER      PR  NI    VIRT    RES    SHR S  %CPU %MEM     TIME+ COMMAND
 1603 ubuntu    20   0 31.359g 571084  14624 S 376.7  1.9   5:17.33 java
Fri Jun 13 05:30:26 UTC 2014
  PID USER      PR  NI    VIRT    RES    SHR S  %CPU %MEM     TIME+ COMMAND
 1603 ubuntu    20   0 31.359g 572324  14624 S 363.6  1.9   5:21.53 java
Fri Jun 13 05:30:27 UTC 2014
  PID USER      PR  NI    VIRT    RES    SHR S  %CPU %MEM     TIME+ COMMAND
 1603 ubuntu    20   0 31.359g 608560  14624 S 515.9  2.0   5:26.74 java
Fri Jun 13 05:30:28 UTC 2014
  PID USER      PR  NI    VIRT    RES    SHR S  %CPU %MEM     TIME+ COMMAND
 1603 ubuntu    20   0 31.359g 660944  14624 S 390.9  2.1   5:30.55 java
Fri Jun 13 05:30:30 UTC 2014
  PID USER      PR  NI    VIRT    RES    SHR S  %CPU %MEM     TIME+ COMMAND
 1603 ubuntu    20   0 31.359g 660520  14624 S 370.2  2.1   5:34.42 java
Fri Jun 13 05:30:31 UTC 2014
  PID USER      PR  NI    VIRT    RES    SHR S  %CPU %MEM     TIME+ COMMAND
 1603 ubuntu    20   0 31.359g 660028  14624 S 324.7  2.1   5:38.00 java
Fri Jun 13 05:30:32 UTC 2014
  PID USER      PR  NI    VIRT    RES    SHR S  %CPU %MEM     TIME+ COMMAND
 1603 ubuntu    20   0 31.359g 659460  14624 S 403.5  2.1   5:42.26 java
Fri Jun 13 05:30:33 UTC 2014
  PID USER      PR  NI    VIRT    RES    SHR S  %CPU %MEM     TIME+ COMMAND
 1603 ubuntu    20   0 31.359g 657076  14624 S 489.3  2.1   5:47.25 java
Fri Jun 13 05:30:34 UTC 2014
  PID USER      PR  NI    VIRT    RES    SHR S  %CPU %MEM     TIME+ COMMAND
 1603 ubuntu    20   0 31.359g 656316  14624 S 471.0  2.1   5:51.98 java
Fri Jun 13 05:30:35 UTC 2014
  PID USER      PR  NI    VIRT    RES    SHR S  %CPU %MEM     TIME+ COMMAND
 1603 ubuntu    20   0 31.359g 654052  14624 S 377.2  2.1   5:56.38 java
Fri Jun 13 05:30:37 UTC 2014
  PID USER      PR  NI    VIRT    RES    SHR S  %CPU %MEM     TIME+ COMMAND
 1603 ubuntu    20   0 31.359g 652788  14624 S 463.8  2.1   6:00.88 java
Fri Jun 13 05:30:38 UTC 2014
  PID USER      PR  NI    VIRT    RES    SHR S  %CPU %MEM     TIME+ COMMAND
 1603 ubuntu    20   0 31.359g 653328  14624 S 456.7  2.1   6:05.41 java
Fri Jun 13 05:30:39 UTC 2014
  PID USER      PR  NI    VIRT    RES    SHR S  %CPU %MEM     TIME+ COMMAND
 1603 ubuntu    20   0 31.359g 652572  14624 S 442.9  2.1   6:10.19 java
Fri Jun 13 05:30:40 UTC 2014
  PID USER      PR  NI    VIRT    RES    SHR S  %CPU %MEM     TIME+ COMMAND
 1603 ubuntu    20   0 31.359g 653436  14624 S 401.8  2.1   6:15.48 java
Fri Jun 13 05:30:41 UTC 2014
  PID USER      PR  NI    VIRT    RES    SHR S  %CPU %MEM     TIME+ COMMAND
 1603 ubuntu    20   0 31.359g 651584  14624 S 535.6  2.1   6:20.71 java
Fri Jun 13 05:30:43 UTC 2014
  PID USER      PR  NI    VIRT    RES    SHR S  %CPU %MEM     TIME+ COMMAND
 1603 ubuntu    20   0 31.359g 652668  14624 S 482.6  2.1   6:26.68 java
Fri Jun 13 05:30:44 UTC 2014
  PID USER      PR  NI    VIRT    RES    SHR S  %CPU %MEM     TIME+ COMMAND
 1603 ubuntu    20   0 31.359g 664160  14624 S 443.2  2.2   6:31.90 java
Fri Jun 13 05:30:45 UTC 2014
  PID USER      PR  NI    VIRT    RES    SHR S  %CPU %MEM     TIME+ COMMAND
 1603 ubuntu    20   0 31.359g 665348  14624 S 271.1  2.2   6:35.84 java
Fri Jun 13 05:30:46 UTC 2014
  PID USER      PR  NI    VIRT    RES    SHR S  %CPU %MEM     TIME+ COMMAND
 1603 ubuntu    20   0 31.359g 665544  14624 S 297.6  2.2   6:39.84 java
Fri Jun 13 05:30:47 UTC 2014
  PID USER      PR  NI    VIRT    RES    SHR S  %CPU %MEM     TIME+ COMMAND
 1603 ubuntu    20   0 31.359g 667032  14624 S 429.8  2.2   6:44.25 java
Fri Jun 13 05:30:48 UTC 2014
  PID USER      PR  NI    VIRT    RES    SHR S  %CPU %MEM     TIME+ COMMAND
 1603 ubuntu    20   0 31.359g 667844  14624 S 476.8  2.2   6:48.56 java
Fri Jun 13 05:30:50 UTC 2014
  PID USER      PR  NI    VIRT    RES    SHR S  %CPU %MEM     TIME+ COMMAND
 1603 ubuntu    20   0 31.359g 670072  14624 S 377.1  2.2   6:53.40 java
Fri Jun 13 05:30:51 UTC 2014
  PID USER      PR  NI    VIRT    RES    SHR S  %CPU %MEM     TIME+ COMMAND
 1603 ubuntu    20   0 31.359g 671892  14624 S 442.9  2.2   6:58.49 java
Fri Jun 13 05:30:52 UTC 2014
  PID USER      PR  NI    VIRT    RES    SHR S  %CPU %MEM     TIME+ COMMAND
 1603 ubuntu    20   0 31.359g 673376  14624 S 383.9  2.2   7:02.75 java
Fri Jun 13 05:30:53 UTC 2014
  PID USER      PR  NI    VIRT    RES    SHR S  %CPU %MEM     TIME+ COMMAND
 1603 ubuntu    20   0 31.359g 675172  14624 S 418.7  2.2   7:07.66 java
Fri Jun 13 05:30:54 UTC 2014
  PID USER      PR  NI    VIRT    RES    SHR S  %CPU %MEM     TIME+ COMMAND
 1603 ubuntu    20   0 31.359g 691644  14624 S 575.6  2.2   7:14.18 java
Fri Jun 13 05:30:56 UTC 2014
  PID USER      PR  NI    VIRT    RES    SHR S  %CPU %MEM     TIME+ COMMAND
 1603 ubuntu    20   0 31.359g 734268  14624 S 245.2  2.4   7:18.04 java
Fri Jun 13 05:30:57 UTC 2014
  PID USER      PR  NI    VIRT    RES    SHR S  %CPU %MEM     TIME+ COMMAND
 1603 ubuntu    20   0 31.359g 734932  14624 S 364.3  2.4   7:22.55 java
Fri Jun 13 05:30:58 UTC 2014
  PID USER      PR  NI    VIRT    RES    SHR S  %CPU %MEM     TIME+ COMMAND
 1603 ubuntu    20   0 31.359g 734900  14624 S 277.7  2.4   7:27.03 java
Fri Jun 13 05:30:59 UTC 2014
  PID USER      PR  NI    VIRT    RES    SHR S  %CPU %MEM     TIME+ COMMAND
 1603 ubuntu    20   0 31.359g 735644  14624 S 297.7  2.4   7:31.17 java
Fri Jun 13 05:31:00 UTC 2014
  PID USER      PR  NI    VIRT    RES    SHR S  %CPU %MEM     TIME+ COMMAND
 1603 ubuntu    20   0 31.359g 736000  14624 S 284.4  2.4   7:35.22 java
Fri Jun 13 05:31:01 UTC 2014
  PID USER      PR  NI    VIRT    RES    SHR S  %CPU %MEM     TIME+ COMMAND
 1603 ubuntu    20   0 31.359g 736028  14624 S 364.2  2.4   7:38.61 java
Fri Jun 13 05:31:03 UTC 2014
  PID USER      PR  NI    VIRT    RES    SHR S  %CPU %MEM     TIME+ COMMAND
 1603 ubuntu    20   0 31.359g 730208  14624 S 343.9  2.4   7:42.28 java
Fri Jun 13 05:31:04 UTC 2014
  PID USER      PR  NI    VIRT    RES    SHR S  %CPU %MEM     TIME+ COMMAND
 1603 ubuntu    20   0 31.359g 731072  14624 S 258.1  2.4   7:46.09 java
Fri Jun 13 05:31:05 UTC 2014
  PID USER      PR  NI    VIRT    RES    SHR S  %CPU %MEM     TIME+ COMMAND
 1603 ubuntu    20   0 31.359g 731296  14624 S 251.8  2.4   7:48.96 java
Fri Jun 13 05:31:06 UTC 2014
  PID USER      PR  NI    VIRT    RES    SHR S  %CPU %MEM     TIME+ COMMAND
 1603 ubuntu    20   0 31.359g 732156  14624 S 225.2  2.4   7:51.91 java
Fri Jun 13 05:31:07 UTC 2014
  PID USER      PR  NI    VIRT    RES    SHR S  %CPU %MEM     TIME+ COMMAND
 1603 ubuntu    20   0 31.359g 732268  14624 S 430.8  2.4   7:55.18 java
Fri Jun 13 05:31:09 UTC 2014
  PID USER      PR  NI    VIRT    RES    SHR S  %CPU %MEM     TIME+ COMMAND
 1603 ubuntu    20   0 31.359g 730952  14624 S 311.3  2.4   7:58.37 java
Fri Jun 13 05:31:10 UTC 2014
  PID USER      PR  NI    VIRT    RES    SHR S  %CPU %MEM     TIME+ COMMAND
 1603 ubuntu    20   0 31.359g 730776  14624 S 364.1  2.4   8:02.39 java
Fri Jun 13 05:31:11 UTC 2014
  PID USER      PR  NI    VIRT    RES    SHR S  %CPU %MEM     TIME+ COMMAND
 1603 ubuntu    20   0 31.359g 730580  14624 S  59.5  2.4   8:04.24 java
Fri Jun 13 05:31:12 UTC 2014
  PID USER      PR  NI    VIRT    RES    SHR S  %CPU %MEM     TIME+ COMMAND
 1603 ubuntu    20   0 31.359g 730096  14624 S 145.8  2.4   8:05.90 java
Fri Jun 13 05:31:13 UTC 2014
  PID USER      PR  NI    VIRT    RES    SHR S  %CPU %MEM     TIME+ COMMAND
 1603 ubuntu    20   0 31.359g 730116  14624 S 106.0  2.4   8:07.38 java
Fri Jun 13 05:31:14 UTC 2014
  PID USER      PR  NI    VIRT    RES    SHR S  %CPU %MEM     TIME+ COMMAND
 1603 ubuntu    20   0 31.359g 729892  14624 S 119.2  2.4   8:08.82 java
Fri Jun 13 05:31:16 UTC 2014
  PID USER      PR  NI    VIRT    RES    SHR S  %CPU %MEM     TIME+ COMMAND
 1603 ubuntu    20   0 31.359g 729696  14624 S  59.6  2.4   8:09.63 java
Fri Jun 13 05:31:17 UTC 2014
  PID USER      PR  NI    VIRT    RES    SHR S  %CPU %MEM     TIME+ COMMAND
 1603 ubuntu    20   0 31.359g 728668  14624 S  86.2  2.4   8:10.38 java
Fri Jun 13 05:31:18 UTC 2014
  PID USER      PR  NI    VIRT    RES    SHR S  %CPU %MEM     TIME+ COMMAND
 1603 ubuntu    20   0 31.359g 727644  14624 S  66.1  2.4   8:11.34 java
Fri Jun 13 05:31:19 UTC 2014
  PID USER      PR  NI    VIRT    RES    SHR S  %CPU %MEM     TIME+ COMMAND
 1603 ubuntu    20   0 31.359g 727444  14624 S 145.7  2.4   8:12.72 java
Fri Jun 13 05:31:20 UTC 2014
  PID USER      PR  NI    VIRT    RES    SHR S  %CPU %MEM     TIME+ COMMAND
 1603 ubuntu    20   0 31.359g 727476  14624 S 152.4  2.4   8:13.95 java
Fri Jun 13 05:31:21 UTC 2014
  PID USER      PR  NI    VIRT    RES    SHR S  %CPU %MEM     TIME+ COMMAND
 1603 ubuntu    20   0 31.359g 726468  14624 S 172.0  2.4   8:15.87 java
Fri Jun 13 05:31:23 UTC 2014
  PID USER      PR  NI    VIRT    RES    SHR S  %CPU %MEM     TIME+ COMMAND
 1603 ubuntu    20   0 31.359g 726296  14624 S 158.9  2.4   8:17.54 java
Fri Jun 13 05:31:24 UTC 2014
  PID USER      PR  NI    VIRT    RES    SHR S  %CPU %MEM     TIME+ COMMAND
 1603 ubuntu    20   0 31.359g 726100  14624 S 185.6  2.4   8:19.38 java
Fri Jun 13 05:31:25 UTC 2014
  PID USER      PR  NI    VIRT    RES    SHR S  %CPU %MEM     TIME+ COMMAND
 1603 ubuntu    20   0 31.359g 725616  14624 S  26.5  2.4   8:20.15 java
Fri Jun 13 05:31:26 UTC 2014
  PID USER      PR  NI    VIRT    RES    SHR S  %CPU %MEM     TIME+ COMMAND
 1603 ubuntu    20   0 31.359g 725152  14624 S  39.8  2.4   8:20.82 java
Fri Jun 13 05:31:27 UTC 2014
  PID USER      PR  NI    VIRT    RES    SHR S  %CPU %MEM     TIME+ COMMAND
 1603 ubuntu    20   0 31.359g 724720  14624 S  46.4  2.4   8:21.51 java
Fri Jun 13 05:31:29 UTC 2014
  PID USER      PR  NI    VIRT    RES    SHR S  %CPU %MEM     TIME+ COMMAND
 1603 ubuntu    20   0 31.359g 724208  14624 S  72.9  2.3   8:22.27 java
Fri Jun 13 05:31:30 UTC 2014
  PID USER      PR  NI    VIRT    RES    SHR S  %CPU %MEM     TIME+ COMMAND
 1603 ubuntu    20   0 31.359g 724208  14624 S  13.3  2.3   8:22.36 java
Fri Jun 13 05:31:31 UTC 2014
  PID USER      PR  NI    VIRT    RES    SHR S  %CPU %MEM     TIME+ COMMAND
 1603 ubuntu    20   0 31.359g 724208  14624 S  13.3  2.3   8:22.54 java
Fri Jun 13 05:31:32 UTC 2014
  PID USER      PR  NI    VIRT    RES    SHR S  %CPU %MEM     TIME+ COMMAND
 1603 ubuntu    20   0 31.359g 723696  14624 S  59.7  2.3   8:22.84 java
Fri Jun 13 05:31:33 UTC 2014
  PID USER      PR  NI    VIRT    RES    SHR S  %CPU %MEM     TIME+ COMMAND
 1603 ubuntu    20   0 31.359g 723956  14624 S  72.9  2.3   8:23.37 java
Fri Jun 13 05:31:34 UTC 2014
  PID USER      PR  NI    VIRT    RES    SHR S  %CPU %MEM     TIME+ COMMAND
 1603 ubuntu    20   0 31.359g 723956  14624 S   0.0  2.3   8:23.46 java
Fri Jun 13 05:31:36 UTC 2014
  PID USER      PR  NI    VIRT    RES    SHR S  %CPU %MEM     TIME+ COMMAND
 1603 ubuntu    20   0 31.359g 723956  14624 S   0.0  2.3   8:23.47 java
Fri Jun 13 05:31:37 UTC 2014
  PID USER      PR  NI    VIRT    RES    SHR S  %CPU %MEM     TIME+ COMMAND
 1603 ubuntu    20   0 31.359g 723956  14624 S   0.0  2.3   8:23.47 java
Fri Jun 13 05:31:38 UTC 2014
  PID USER      PR  NI    VIRT    RES    SHR S  %CPU %MEM     TIME+ COMMAND
 1603 ubuntu    20   0 31.359g 723956  14624 S   0.0  2.3   8:23.50 java
Fri Jun 13 05:31:39 UTC 2014
  PID USER      PR  NI    VIRT    RES    SHR S  %CPU %MEM     TIME+ COMMAND
 1603 ubuntu    20   0 31.359g 723956  14624 S   6.6  2.3   8:23.51 java
Fri Jun 13 05:31:40 UTC 2014
  PID USER      PR  NI    VIRT    RES    SHR S  %CPU %MEM     TIME+ COMMAND
 1603 ubuntu    20   0 31.359g 723964  14624 S   0.0  2.3   8:23.51 java
Fri Jun 13 05:31:41 UTC 2014
  PID USER      PR  NI    VIRT    RES    SHR S  %CPU %MEM     TIME+ COMMAND
 1603 ubuntu    20   0 31.359g 723964  14624 S  13.2  2.3   8:23.54 java
Fri Jun 13 05:31:43 UTC 2014
  PID USER      PR  NI    VIRT    RES    SHR S  %CPU %MEM     TIME+ COMMAND
 1603 ubuntu    20   0 31.359g 723964  14624 S   0.0  2.3   8:23.54 java
Fri Jun 13 05:31:44 UTC 2014
  PID USER      PR  NI    VIRT    RES    SHR S  %CPU %MEM     TIME+ COMMAND
 1603 ubuntu    20   0 31.359g 723964  14624 S   0.0  2.3   8:23.54 java
Fri Jun 13 05:31:45 UTC 2014
  PID USER      PR  NI    VIRT    RES    SHR S  %CPU %MEM     TIME+ COMMAND
 1603 ubuntu    20   0 31.359g 723964  14624 S   0.0  2.3   8:23.56 java
Fri Jun 13 05:31:46 UTC 2014
  PID USER      PR  NI    VIRT    RES    SHR S  %CPU %MEM     TIME+ COMMAND
 1603 ubuntu    20   0 31.359g 723964  14624 S   0.0  2.3   8:23.56 java
Fri Jun 13 05:31:47 UTC 2014
  PID USER      PR  NI    VIRT    RES    SHR S  %CPU %MEM     TIME+ COMMAND
 1603 ubuntu    20   0 31.359g 723964  14624 S   0.0  2.3   8:23.57 java
Fri Jun 13 05:31:48 UTC 2014
  PID USER      PR  NI    VIRT    RES    SHR S  %CPU %MEM     TIME+ COMMAND
 1603 ubuntu    20   0 31.359g 723964  14624 S   0.0  2.3   8:23.57 java
Fri Jun 13 05:31:50 UTC 2014
  PID USER      PR  NI    VIRT    RES    SHR S  %CPU %MEM     TIME+ COMMAND
 1603 ubuntu    20   0 31.359g 723964  14624 S   0.0  2.3   8:23.57 java
Fri Jun 13 05:31:51 UTC 2014
  PID USER      PR  NI    VIRT    RES    SHR S  %CPU %MEM     TIME+ COMMAND
 1603 ubuntu    20   0 31.359g 723964  14624 S   0.0  2.3   8:23.58 java
Fri Jun 13 05:31:52 UTC 2014
  PID USER      PR  NI    VIRT    RES    SHR S  %CPU %MEM     TIME+ COMMAND
 1603 ubuntu    20   0 31.359g 723964  14624 S   0.0  2.3   8:23.60 java
Fri Jun 13 05:31:53 UTC 2014
  PID USER      PR  NI    VIRT    RES    SHR S  %CPU %MEM     TIME+ COMMAND
 1603 ubuntu    20   0 31.359g 723964  14624 S   0.0  2.3   8:23.62 java
Fri Jun 13 05:31:54 UTC 2014
  PID USER      PR  NI    VIRT    RES    SHR S  %CPU %MEM     TIME+ COMMAND
 1603 ubuntu    20   0 31.359g 723964  14624 S   0.0  2.3   8:23.62 java
Fri Jun 13 05:31:55 UTC 2014
  PID USER      PR  NI    VIRT    RES    SHR S  %CPU %MEM     TIME+ COMMAND
 1603 ubuntu    20   0 31.359g 723964  14624 S   0.0  2.3   8:23.62 java
Fri Jun 13 05:31:57 UTC 2014
  PID USER      PR  NI    VIRT    RES    SHR S  %CPU %MEM     TIME+ COMMAND
 1603 ubuntu    20   0 31.359g 723964  14624 S   0.0  2.3   8:23.63 java
Fri Jun 13 05:31:58 UTC 2014
  PID USER      PR  NI    VIRT    RES    SHR S  %CPU %MEM     TIME+ COMMAND
 1603 ubuntu    20   0 31.359g 723964  14624 S   0.0  2.3   8:23.63 java
Fri Jun 13 05:31:59 UTC 2014
  PID USER      PR  NI    VIRT    RES    SHR S  %CPU %MEM     TIME+ COMMAND
 1603 ubuntu    20   0 31.359g 723964  14624 S   0.0  2.3   8:23.64 java
Fri Jun 13 05:32:00 UTC 2014
  PID USER      PR  NI    VIRT    RES    SHR S  %CPU %MEM     TIME+ COMMAND
 1603 ubuntu    20   0 31.359g 723964  14624 S   0.0  2.3   8:23.64 java
Fri Jun 13 05:32:01 UTC 2014
  PID USER      PR  NI    VIRT    RES    SHR S  %CPU %MEM     TIME+ COMMAND
 1603 ubuntu    20   0 31.359g 723964  14624 S   0.0  2.3   8:23.66 java
Fri Jun 13 05:32:03 UTC 2014
  PID USER      PR  NI    VIRT    RES    SHR S  %CPU %MEM     TIME+ COMMAND
 1603 ubuntu    20   0 31.359g 723964  14624 S   0.0  2.3   8:23.69 java
Fri Jun 13 05:32:04 UTC 2014
  PID USER      PR  NI    VIRT    RES    SHR S  %CPU %MEM     TIME+ COMMAND
 1603 ubuntu    20   0 31.359g 723964  14624 S   0.0  2.3   8:23.71 java
Fri Jun 13 05:32:05 UTC 2014
  PID USER      PR  NI    VIRT    RES    SHR S  %CPU %MEM     TIME+ COMMAND
 1603 ubuntu    20   0 31.359g 723964  14624 S   0.0  2.3   8:23.71 java
Fri Jun 13 05:32:06 UTC 2014
  PID USER      PR  NI    VIRT    RES    SHR S  %CPU %MEM     TIME+ COMMAND
 1603 ubuntu    20   0 31.359g 723964  14624 S   0.0  2.3   8:23.71 java
Fri Jun 13 05:32:07 UTC 2014
  PID USER      PR  NI    VIRT    RES    SHR S  %CPU %MEM     TIME+ COMMAND
 1603 ubuntu    20   0 31.359g 723964  14624 S   0.0  2.3   8:23.72 java
Fri Jun 13 05:32:08 UTC 2014
  PID USER      PR  NI    VIRT    RES    SHR S  %CPU %MEM     TIME+ COMMAND
 1603 ubuntu    20   0 31.359g 723964  14624 S   0.0  2.3   8:23.72 java
Fri Jun 13 05:32:10 UTC 2014
  PID USER      PR  NI    VIRT    RES    SHR S  %CPU %MEM     TIME+ COMMAND
 1603 ubuntu    20   0 31.359g 723964  14624 S   0.0  2.3   8:23.73 java
Fri Jun 13 05:32:11 UTC 2014
  PID USER      PR  NI    VIRT    RES    SHR S  %CPU %MEM     TIME+ COMMAND
 1603 ubuntu    20   0 31.359g 723964  14624 S   0.0  2.3   8:23.73 java
Fri Jun 13 05:32:12 UTC 2014
  PID USER      PR  NI    VIRT    RES    SHR S  %CPU %MEM     TIME+ COMMAND
 1603 ubuntu    20   0 31.359g 723964  14624 S   0.0  2.3   8:23.75 java
Fri Jun 13 05:32:13 UTC 2014
  PID USER      PR  NI    VIRT    RES    SHR S  %CPU %MEM     TIME+ COMMAND
 1603 ubuntu    20   0 31.359g 723964  14624 S   0.0  2.3   8:23.77 java
Fri Jun 13 05:32:14 UTC 2014
  PID USER      PR  NI    VIRT    RES    SHR S  %CPU %MEM     TIME+ COMMAND
 1603 ubuntu    20   0 31.359g 723964  14624 S   0.0  2.3   8:23.77 java
Fri Jun 13 05:32:15 UTC 2014
  PID USER      PR  NI    VIRT    RES    SHR S  %CPU %MEM     TIME+ COMMAND
 1603 ubuntu    20   0 31.359g 723964  14624 S   0.0  2.3   8:23.77 java
Fri Jun 13 05:32:17 UTC 2014
  PID USER      PR  NI    VIRT    RES    SHR S  %CPU %MEM     TIME+ COMMAND
 1603 ubuntu    20   0 31.359g 723964  14624 S   0.0  2.3   8:23.78 java
Fri Jun 13 05:32:18 UTC 2014
  PID USER      PR  NI    VIRT    RES    SHR S  %CPU %MEM     TIME+ COMMAND
 1603 ubuntu    20   0 31.359g 723964  14624 S   0.0  2.3   8:23.78 java
Fri Jun 13 05:32:19 UTC 2014
  PID USER      PR  NI    VIRT    RES    SHR S  %CPU %MEM     TIME+ COMMAND
 1603 ubuntu    20   0 31.359g 723964  14624 S   0.0  2.3   8:23.79 java
Fri Jun 13 05:32:20 UTC 2014
  PID USER      PR  NI    VIRT    RES    SHR S  %CPU %MEM     TIME+ COMMAND
 1603 ubuntu    20   0 31.359g 723964  14624 S   0.0  2.3   8:23.79 java
Fri Jun 13 05:32:21 UTC 2014
  PID USER      PR  NI    VIRT    RES    SHR S  %CPU %MEM     TIME+ COMMAND
 1603 ubuntu    20   0 31.359g 723968  14624 S   0.0  2.3   8:23.81 java
Fri Jun 13 05:32:22 UTC 2014
  PID USER      PR  NI    VIRT    RES    SHR S  %CPU %MEM     TIME+ COMMAND
 1603 ubuntu    20   0 31.359g 723968  14624 S   0.0  2.3   8:23.83 java
Fri Jun 13 05:32:24 UTC 2014
  PID USER      PR  NI    VIRT    RES    SHR S  %CPU %MEM     TIME+ COMMAND
 1603 ubuntu    20   0 31.359g 723976  14624 S   0.0  2.3   8:23.83 java
Fri Jun 13 05:32:25 UTC 2014
  PID USER      PR  NI    VIRT    RES    SHR S  %CPU %MEM     TIME+ COMMAND
 1603 ubuntu    20   0 31.359g 723976  14624 S   0.0  2.3   8:23.84 java
Fri Jun 13 05:32:26 UTC 2014
  PID USER      PR  NI    VIRT    RES    SHR S  %CPU %MEM     TIME+ COMMAND
 1603 ubuntu    20   0 31.359g 723976  14624 S   0.0  2.3   8:23.86 java
Fri Jun 13 05:32:27 UTC 2014
  PID USER      PR  NI    VIRT    RES    SHR S  %CPU %MEM     TIME+ COMMAND
 1603 ubuntu    20   0 31.359g 724028  14624 S   0.0  2.3   8:23.87 java
Fri Jun 13 05:32:28 UTC 2014
  PID USER      PR  NI    VIRT    RES    SHR S  %CPU %MEM     TIME+ COMMAND
 1603 ubuntu    20   0 31.359g 724028  14624 S   0.0  2.3   8:23.88 java
Fri Jun 13 05:32:29 UTC 2014
  PID USER      PR  NI    VIRT    RES    SHR S  %CPU %MEM     TIME+ COMMAND
 1603 ubuntu    20   0 31.359g 724028  14624 S   0.0  2.3   8:23.88 java
Fri Jun 13 05:32:31 UTC 2014
  PID USER      PR  NI    VIRT    RES    SHR S  %CPU %MEM     TIME+ COMMAND
 1603 ubuntu    20   0 31.359g 724028  14624 S   0.0  2.3   8:23.88 java
Fri Jun 13 05:32:32 UTC 2014
  PID USER      PR  NI    VIRT    RES    SHR S  %CPU %MEM     TIME+ COMMAND
 1603 ubuntu    20   0 31.359g 724028  14624 S   0.0  2.3   8:23.92 java
Fri Jun 13 05:32:33 UTC 2014
  PID USER      PR  NI    VIRT    RES    SHR S  %CPU %MEM     TIME+ COMMAND
 1603 ubuntu    20   0 31.359g 724028  14624 S   0.0  2.3   8:23.93 java
Fri Jun 13 05:32:34 UTC 2014
  PID USER      PR  NI    VIRT    RES    SHR S  %CPU %MEM     TIME+ COMMAND
 1603 ubuntu    20   0 31.359g 724032  14624 S   0.0  2.3   8:23.94 java
Fri Jun 13 05:32:35 UTC 2014
  PID USER      PR  NI    VIRT    RES    SHR S  %CPU %MEM     TIME+ COMMAND
 1603 ubuntu    20   0 31.359g 724032  14624 S   0.0  2.3   8:23.94 java
Fri Jun 13 05:32:37 UTC 2014
  PID USER      PR  NI    VIRT    RES    SHR S  %CPU %MEM     TIME+ COMMAND
 1603 ubuntu    20   0 31.359g 724032  14624 S   0.0  2.3   8:23.95 java
Fri Jun 13 05:32:38 UTC 2014
  PID USER      PR  NI    VIRT    RES    SHR S  %CPU %MEM     TIME+ COMMAND
 1603 ubuntu    20   0 31.359g 724032  14624 S   0.0  2.3   8:23.96 java
Fri Jun 13 05:32:39 UTC 2014
  PID USER      PR  NI    VIRT    RES    SHR S  %CPU %MEM     TIME+ COMMAND
 1603 ubuntu    20   0 31.359g 724136  14624 S   0.0  2.3   8:23.97 java
Fri Jun 13 05:32:40 UTC 2014
  PID USER      PR  NI    VIRT    RES    SHR S  %CPU %MEM     TIME+ COMMAND
 1603 ubuntu    20   0 31.359g 724136  14624 S   0.0  2.3   8:23.97 java
Fri Jun 13 05:32:41 UTC 2014
  PID USER      PR  NI    VIRT    RES    SHR S  %CPU %MEM     TIME+ COMMAND
 1603 ubuntu    20   0 31.359g 724136  14624 S   6.6  2.3   8:23.98 java
Fri Jun 13 05:32:42 UTC 2014
  PID USER      PR  NI    VIRT    RES    SHR S  %CPU %MEM     TIME+ COMMAND
 1603 ubuntu    20   0 31.359g 724136  14624 S   0.0  2.3   8:24.01 java
Fri Jun 13 05:32:44 UTC 2014
  PID USER      PR  NI    VIRT    RES    SHR S  %CPU %MEM     TIME+ COMMAND
 1603 ubuntu    20   0 31.359g 724136  14624 S   0.0  2.3   8:24.01 java
Fri Jun 13 05:32:45 UTC 2014
  PID USER      PR  NI    VIRT    RES    SHR S  %CPU %MEM     TIME+ COMMAND
 1603 ubuntu    20   0 31.359g 724136  14624 S   0.0  2.3   8:24.01 java
Fri Jun 13 05:32:46 UTC 2014
  PID USER      PR  NI    VIRT    RES    SHR S  %CPU %MEM     TIME+ COMMAND
 1603 ubuntu    20   0 31.359g 724136  14624 S   0.0  2.3   8:24.03 java
Fri Jun 13 05:32:47 UTC 2014
  PID USER      PR  NI    VIRT    RES    SHR S  %CPU %MEM     TIME+ COMMAND
 1603 ubuntu    20   0 31.359g 724136  14624 S   0.0  2.3   8:24.03 java
Fri Jun 13 05:32:48 UTC 2014
  PID USER      PR  NI    VIRT    RES    SHR S  %CPU %MEM     TIME+ COMMAND
 1603 ubuntu    20   0 31.359g 724136  14624 S   0.0  2.3   8:24.04 java
Fri Jun 13 05:32:49 UTC 2014
  PID USER      PR  NI    VIRT    RES    SHR S  %CPU %MEM     TIME+ COMMAND
 1603 ubuntu    20   0 31.359g 724136  14624 S   0.0  2.3   8:24.04 java
Fri Jun 13 05:32:51 UTC 2014
  PID USER      PR  NI    VIRT    RES    SHR S  %CPU %MEM     TIME+ COMMAND
 1603 ubuntu    20   0 31.359g 724136  14624 S   0.0  2.3   8:24.04 java
Fri Jun 13 05:32:52 UTC 2014
  PID USER      PR  NI    VIRT    RES    SHR S  %CPU %MEM     TIME+ COMMAND
 1603 ubuntu    20   0 31.359g 724136  14624 S   6.6  2.3   8:24.07 java
Fri Jun 13 05:32:53 UTC 2014
  PID USER      PR  NI    VIRT    RES    SHR S  %CPU %MEM     TIME+ COMMAND
 1603 ubuntu    20   0 31.359g 724136  14624 S   0.0  2.3   8:24.07 java
Fri Jun 13 05:32:54 UTC 2014
  PID USER      PR  NI    VIRT    RES    SHR S  %CPU %MEM     TIME+ COMMAND
 1603 ubuntu    20   0 31.359g 724136  14624 S  13.3  2.3   8:24.09 java
Fri Jun 13 05:32:55 UTC 2014
  PID USER      PR  NI    VIRT    RES    SHR S  %CPU %MEM     TIME+ COMMAND
 1603 ubuntu    20   0 31.359g 724136  14624 S   0.0  2.3   8:24.12 java
Fri Jun 13 05:32:56 UTC 2014
  PID USER      PR  NI    VIRT    RES    SHR S  %CPU %MEM     TIME+ COMMAND
 1603 ubuntu    20   0 31.359g 724136  14624 S   0.0  2.3   8:24.12 java
Fri Jun 13 05:32:58 UTC 2014
  PID USER      PR  NI    VIRT    RES    SHR S  %CPU %MEM     TIME+ COMMAND
 1603 ubuntu    20   0 31.359g 724136  14624 S   0.0  2.3   8:24.13 java
Fri Jun 13 05:32:59 UTC 2014
  PID USER      PR  NI    VIRT    RES    SHR S  %CPU %MEM     TIME+ COMMAND
 1603 ubuntu    20   0 31.359g 724136  14624 S   0.0  2.3   8:24.13 java
Fri Jun 13 05:33:00 UTC 2014
  PID USER      PR  NI    VIRT    RES    SHR S  %CPU %MEM     TIME+ COMMAND
 1603 ubuntu    20   0 31.359g 724136  14624 S   0.0  2.3   8:24.13 java
Fri Jun 13 05:33:01 UTC 2014
  PID USER      PR  NI    VIRT    RES    SHR S  %CPU %MEM     TIME+ COMMAND
 1603 ubuntu    20   0 31.359g 724136  14624 S   0.0  2.3   8:24.15 java
Fri Jun 13 05:33:02 UTC 2014
  PID USER      PR  NI    VIRT    RES    SHR S  %CPU %MEM     TIME+ COMMAND
 1603 ubuntu    20   0 31.359g 724136  14624 S   0.0  2.3   8:24.18 java
Fri Jun 13 05:33:03 UTC 2014
  PID USER      PR  NI    VIRT    RES    SHR S  %CPU %MEM     TIME+ COMMAND
 1603 ubuntu    20   0 31.359g 724916  14624 S   0.0  2.4   8:24.19 java
Fri Jun 13 05:33:05 UTC 2014
  PID USER      PR  NI    VIRT    RES    SHR S  %CPU %MEM     TIME+ COMMAND
 1603 ubuntu    20   0 31.359g 724916  14624 S   6.6  2.4   8:24.20 java
Fri Jun 13 05:33:06 UTC 2014
  PID USER      PR  NI    VIRT    RES    SHR S  %CPU %MEM     TIME+ COMMAND
 1603 ubuntu    20   0 31.359g 724916  14624 S   0.0  2.4   8:24.21 java
Fri Jun 13 05:33:07 UTC 2014
  PID USER      PR  NI    VIRT    RES    SHR S  %CPU %MEM     TIME+ COMMAND
 1603 ubuntu    20   0 31.359g 724916  14624 S   0.0  2.4   8:24.21 java
Fri Jun 13 05:33:08 UTC 2014
  PID USER      PR  NI    VIRT    RES    SHR S  %CPU %MEM     TIME+ COMMAND
 1603 ubuntu    20   0 31.359g 724916  14624 S   0.0  2.4   8:24.22 java
Fri Jun 13 05:33:09 UTC 2014
  PID USER      PR  NI    VIRT    RES    SHR S  %CPU %MEM     TIME+ COMMAND
 1603 ubuntu    20   0 31.359g 724916  14624 S   0.0  2.4   8:24.22 java
Fri Jun 13 05:33:10 UTC 2014
  PID USER      PR  NI    VIRT    RES    SHR S  %CPU %MEM     TIME+ COMMAND
 1603 ubuntu    20   0 31.359g 724916  14624 S   0.0  2.4   8:24.22 java
Fri Jun 13 05:33:12 UTC 2014
  PID USER      PR  NI    VIRT    RES    SHR S  %CPU %MEM     TIME+ COMMAND
 1603 ubuntu    20   0 31.359g 724916  14624 S  13.3  2.4   8:24.25 java
Fri Jun 13 05:33:13 UTC 2014
  PID USER      PR  NI    VIRT    RES    SHR S  %CPU %MEM     TIME+ COMMAND
 1603 ubuntu    20   0 31.359g 724916  14624 S   0.0  2.4   8:24.25 java
Fri Jun 13 05:33:14 UTC 2014
  PID USER      PR  NI    VIRT    RES    SHR S  %CPU %MEM     TIME+ COMMAND
 1603 ubuntu    20   0 31.359g 724916  14624 S   0.0  2.4   8:24.26 java
Fri Jun 13 05:33:15 UTC 2014
  PID USER      PR  NI    VIRT    RES    SHR S  %CPU %MEM     TIME+ COMMAND
 1603 ubuntu    20   0 31.359g 724916  14624 S   0.0  2.4   8:24.27 java
Fri Jun 13 05:33:16 UTC 2014
  PID USER      PR  NI    VIRT    RES    SHR S  %CPU %MEM     TIME+ COMMAND
 1603 ubuntu    20   0 31.359g 724916  14624 S   0.0  2.4   8:24.27 java
Fri Jun 13 05:33:18 UTC 2014
  PID USER      PR  NI    VIRT    RES    SHR S  %CPU %MEM     TIME+ COMMAND
 1603 ubuntu    20   0 31.359g 724916  14624 S   6.6  2.4   8:24.28 java
Fri Jun 13 05:33:19 UTC 2014
  PID USER      PR  NI    VIRT    RES    SHR S  %CPU %MEM     TIME+ COMMAND
 1603 ubuntu    20   0 31.359g 724916  14624 S   0.0  2.4   8:24.28 java
Fri Jun 13 05:33:20 UTC 2014
  PID USER      PR  NI    VIRT    RES    SHR S  %CPU %MEM     TIME+ COMMAND
 1603 ubuntu    20   0 31.359g 724916  14624 S   0.0  2.4   8:24.28 java
Fri Jun 13 05:33:21 UTC 2014
  PID USER      PR  NI    VIRT    RES    SHR S  %CPU %MEM     TIME+ COMMAND
 1603 ubuntu    20   0 31.359g 724916  14624 S   0.0  2.4   8:24.29 java
Fri Jun 13 05:33:22 UTC 2014
  PID USER      PR  NI    VIRT    RES    SHR S  %CPU %MEM     TIME+ COMMAND
 1603 ubuntu    20   0 31.359g 724916  14624 S   0.0  2.4   8:24.31 java
Fri Jun 13 05:33:23 UTC 2014
  PID USER      PR  NI    VIRT    RES    SHR S  %CPU %MEM     TIME+ COMMAND
 1603 ubuntu    20   0 31.359g 724916  14624 S   0.0  2.4   8:24.32 java
Fri Jun 13 05:33:25 UTC 2014
  PID USER      PR  NI    VIRT    RES    SHR S  %CPU %MEM     TIME+ COMMAND
 1603 ubuntu    20   0 31.359g 724916  14624 S   0.0  2.4   8:24.33 java
Fri Jun 13 05:33:26 UTC 2014
  PID USER      PR  NI    VIRT    RES    SHR S  %CPU %MEM     TIME+ COMMAND
 1603 ubuntu    20   0 31.359g 724916  14624 S   6.6  2.4   8:24.34 java
Fri Jun 13 05:33:27 UTC 2014
  PID USER      PR  NI    VIRT    RES    SHR S  %CPU %MEM     TIME+ COMMAND
 1603 ubuntu    20   0 31.359g 724916  14624 S   0.0  2.4   8:24.35 java
Fri Jun 13 05:33:28 UTC 2014
  PID USER      PR  NI    VIRT    RES    SHR S  %CPU %MEM     TIME+ COMMAND
 1603 ubuntu    20   0 31.359g 724916  14624 S   0.0  2.4   8:24.36 java
Fri Jun 13 05:33:29 UTC 2014
  PID USER      PR  NI    VIRT    RES    SHR S  %CPU %MEM     TIME+ COMMAND
 1603 ubuntu    20   0 31.359g 724916  14624 S   0.0  2.4   8:24.37 java
Fri Jun 13 05:33:30 UTC 2014
  PID USER      PR  NI    VIRT    RES    SHR S  %CPU %MEM     TIME+ COMMAND
 1603 ubuntu    20   0 31.359g 724916  14624 S   0.0  2.4   8:24.37 java
Fri Jun 13 05:33:32 UTC 2014
  PID USER      PR  NI    VIRT    RES    SHR S  %CPU %MEM     TIME+ COMMAND
 1603 ubuntu    20   0 31.359g 724916  14624 S  13.3  2.4   8:24.40 java
Fri Jun 13 05:33:33 UTC 2014
  PID USER      PR  NI    VIRT    RES    SHR S  %CPU %MEM     TIME+ COMMAND
 1603 ubuntu    20   0 31.359g 724916  14624 S   6.6  2.4   8:24.42 java
Fri Jun 13 05:33:34 UTC 2014
  PID USER      PR  NI    VIRT    RES    SHR S  %CPU %MEM     TIME+ COMMAND
 1603 ubuntu    20   0 31.359g 724916  14624 S   0.0  2.4   8:24.42 java
Fri Jun 13 05:33:35 UTC 2014
  PID USER      PR  NI    VIRT    RES    SHR S  %CPU %MEM     TIME+ COMMAND
 1603 ubuntu    20   0 31.359g 724916  14624 S   0.0  2.4   8:24.42 java
Fri Jun 13 05:33:36 UTC 2014
  PID USER      PR  NI    VIRT    RES    SHR S  %CPU %MEM     TIME+ COMMAND
 1603 ubuntu    20   0 31.359g 724916  14624 S   0.0  2.4   8:24.43 java
Fri Jun 13 05:33:37 UTC 2014
  PID USER      PR  NI    VIRT    RES    SHR S  %CPU %MEM     TIME+ COMMAND
 1603 ubuntu    20   0 31.359g 724916  14624 S   0.0  2.4   8:24.43 java
Fri Jun 13 05:33:39 UTC 2014
  PID USER      PR  NI    VIRT    RES    SHR S  %CPU %MEM     TIME+ COMMAND
 1603 ubuntu    20   0 31.359g 724916  14624 S   0.0  2.4   8:24.44 java
Fri Jun 13 05:33:40 UTC 2014
  PID USER      PR  NI    VIRT    RES    SHR S  %CPU %MEM     TIME+ COMMAND
 1603 ubuntu    20   0 31.359g 724916  14624 S   0.0  2.4   8:24.44 java
Fri Jun 13 05:33:41 UTC 2014
  PID USER      PR  NI    VIRT    RES    SHR S  %CPU %MEM     TIME+ COMMAND
 1603 ubuntu    20   0 31.359g 724916  14624 S   0.0  2.4   8:24.45 java
Fri Jun 13 05:33:42 UTC 2014
  PID USER      PR  NI    VIRT    RES    SHR S  %CPU %MEM     TIME+ COMMAND
 1603 ubuntu    20   0 31.359g 724916  14624 S   6.6  2.4   8:24.48 java
Fri Jun 13 05:33:43 UTC 2014
  PID USER      PR  NI    VIRT    RES    SHR S  %CPU %MEM     TIME+ COMMAND
 1603 ubuntu    20   0 31.359g 724916  14624 S   0.0  2.4   8:24.48 java
Fri Jun 13 05:33:44 UTC 2014
  PID USER      PR  NI    VIRT    RES    SHR S  %CPU %MEM     TIME+ COMMAND
 1603 ubuntu    20   0 31.359g 724916  14624 S   0.0  2.4   8:24.48 java
Fri Jun 13 05:33:46 UTC 2014
  PID USER      PR  NI    VIRT    RES    SHR S  %CPU %MEM     TIME+ COMMAND
 1603 ubuntu    20   0 31.359g 724916  14624 S   0.0  2.4   8:24.49 java
Fri Jun 13 05:33:47 UTC 2014
  PID USER      PR  NI    VIRT    RES    SHR S  %CPU %MEM     TIME+ COMMAND
 1603 ubuntu    20   0 31.359g 724916  14624 S   0.0  2.4   8:24.49 java
Fri Jun 13 05:33:48 UTC 2014
  PID USER      PR  NI    VIRT    RES    SHR S  %CPU %MEM     TIME+ COMMAND
 1603 ubuntu    20   0 31.359g 724916  14624 S   6.6  2.4   8:24.50 java
Fri Jun 13 05:33:49 UTC 2014
  PID USER      PR  NI    VIRT    RES    SHR S  %CPU %MEM     TIME+ COMMAND
 1603 ubuntu    20   0 31.359g 724916  14624 S   0.0  2.4   8:24.50 java
Fri Jun 13 05:33:50 UTC 2014
  PID USER      PR  NI    VIRT    RES    SHR S  %CPU %MEM     TIME+ COMMAND
 1603 ubuntu    20   0 31.359g 724916  14624 S   0.0  2.4   8:24.51 java
Fri Jun 13 05:33:52 UTC 2014
  PID USER      PR  NI    VIRT    RES    SHR S  %CPU %MEM     TIME+ COMMAND
 1603 ubuntu    20   0 31.359g 724916  14624 S   0.0  2.4   8:24.52 java
Fri Jun 13 05:33:53 UTC 2014
  PID USER      PR  NI    VIRT    RES    SHR S  %CPU %MEM     TIME+ COMMAND
 1603 ubuntu    20   0 31.359g 724916  14624 S   0.0  2.4   8:24.55 java
Fri Jun 13 05:33:54 UTC 2014
  PID USER      PR  NI    VIRT    RES    SHR S  %CPU %MEM     TIME+ COMMAND
 1603 ubuntu    20   0 31.359g 724916  14624 S   0.0  2.4   8:24.56 java
Fri Jun 13 05:33:55 UTC 2014
  PID USER      PR  NI    VIRT    RES    SHR S  %CPU %MEM     TIME+ COMMAND
 1603 ubuntu    20   0 31.359g 724916  14624 S   0.0  2.4   8:24.56 java
Fri Jun 13 05:33:56 UTC 2014
  PID USER      PR  NI    VIRT    RES    SHR S  %CPU %MEM     TIME+ COMMAND
 1603 ubuntu    20   0 31.359g 724916  14624 S   0.0  2.4   8:24.57 java
Fri Jun 13 05:33:57 UTC 2014
  PID USER      PR  NI    VIRT    RES    SHR S  %CPU %MEM     TIME+ COMMAND
 1603 ubuntu    20   0 31.359g 724916  14624 S   0.0  2.4   8:24.58 java
Fri Jun 13 05:33:59 UTC 2014
  PID USER      PR  NI    VIRT    RES    SHR S  %CPU %MEM     TIME+ COMMAND
 1603 ubuntu    20   0 31.359g 724920  14624 S   0.0  2.4   8:24.59 java
Fri Jun 13 05:34:00 UTC 2014
  PID USER      PR  NI    VIRT    RES    SHR S  %CPU %MEM     TIME+ COMMAND
 1603 ubuntu    20   0 31.359g 724920  14624 S   0.0  2.4   8:24.59 java
Fri Jun 13 05:34:01 UTC 2014
  PID USER      PR  NI    VIRT    RES    SHR S  %CPU %MEM     TIME+ COMMAND
 1603 ubuntu    20   0 31.359g 724920  14624 S   6.6  2.4   8:24.60 java
Fri Jun 13 05:34:02 UTC 2014
  PID USER      PR  NI    VIRT    RES    SHR S  %CPU %MEM     TIME+ COMMAND
 1603 ubuntu    20   0 31.359g 724920  14624 S   6.6  2.4   8:24.64 java
Fri Jun 13 05:34:03 UTC 2014
  PID USER      PR  NI    VIRT    RES    SHR S  %CPU %MEM     TIME+ COMMAND
 1603 ubuntu    20   0 31.359g 724920  14624 S   0.0  2.4   8:24.64 java
Fri Jun 13 05:34:04 UTC 2014
  PID USER      PR  NI    VIRT    RES    SHR S  %CPU %MEM     TIME+ COMMAND
 1603 ubuntu    20   0 31.359g 724920  14624 S   0.0  2.4   8:24.65 java
Fri Jun 13 05:34:06 UTC 2014
  PID USER      PR  NI    VIRT    RES    SHR S  %CPU %MEM     TIME+ COMMAND
 1603 ubuntu    20   0 31.359g 724920  14624 S   0.0  2.4   8:24.65 java
Fri Jun 13 05:34:07 UTC 2014
  PID USER      PR  NI    VIRT    RES    SHR S  %CPU %MEM     TIME+ COMMAND
 1603 ubuntu    20   0 31.359g 724920  14624 S   0.0  2.4   8:24.66 java
Fri Jun 13 05:34:08 UTC 2014
  PID USER      PR  NI    VIRT    RES    SHR S  %CPU %MEM     TIME+ COMMAND
 1603 ubuntu    20   0 31.359g 724920  14624 S   0.0  2.4   8:24.66 java
Fri Jun 13 05:34:09 UTC 2014
  PID USER      PR  NI    VIRT    RES    SHR S  %CPU %MEM     TIME+ COMMAND
 1603 ubuntu    20   0 31.359g 724920  14624 S   0.0  2.4   8:24.68 java
Fri Jun 13 05:34:10 UTC 2014
  PID USER      PR  NI    VIRT    RES    SHR S  %CPU %MEM     TIME+ COMMAND
 1603 ubuntu    20   0 31.359g 724920  14624 S   0.0  2.4   8:24.68 java
Fri Jun 13 05:34:11 UTC 2014
  PID USER      PR  NI    VIRT    RES    SHR S  %CPU %MEM     TIME+ COMMAND
 1603 ubuntu    20   0 31.359g 724920  14624 S   0.0  2.4   8:24.68 java
Fri Jun 13 05:34:13 UTC 2014
  PID USER      PR  NI    VIRT    RES    SHR S  %CPU %MEM     TIME+ COMMAND
 1603 ubuntu    20   0 31.359g 724920  14624 S   0.0  2.4   8:24.71 java
