Jun 11, 2014 9:03:45 PM org.jivesoftware.smack.provider.UrlProviderFileInitializer initialize
INFO: Loading providers for file [classpath:META-INF/core.providers]
Jun 11, 2014 9:03:45 PM org.jivesoftware.smack.provider.UrlProviderFileInitializer initialize
INFO: Loading providers for file [classpath:META-INF/extension.providers]
error while connecting to the server: No response from the server.: 
error while connecting to the server: No response from the server.: 
Jun 11, 2014 9:04:01 PM org.jivesoftware.smack.PacketWriter writePackets
WARNING: Error flushing queue during shutdown, ignore and continue
error while connecting to the server: No response from the server.: 
Jun 11, 2014 9:04:02 PM org.jivesoftware.smack.PacketWriter writePackets
WARNING: Error flushing queue during shutdown, ignore and continue
Jun 11, 2014 9:04:02 PM org.jivesoftware.smack.PacketWriter writePackets
WARNING: Error flushing queue during shutdown, ignore and continue
error while connecting to the server: No response from the server.: 
error while connecting to the server: No response from the server.: 
error while connecting to the server: No response from the server.: 
error while connecting to the server: No response from the server.: 
error while connecting to the server: No response from the server.: 
error while connecting to the server: No response from the server.: 
error while connecting to the server: No response from the server.: 
error while connecting to the server: No response from the server.: 
Jun 11, 2014 9:04:03 PM org.jivesoftware.smack.PacketWriter writePackets
WARNING: Error flushing queue during shutdown, ignore and continue
error while connecting to the server: No response from the server.: 
Jun 11, 2014 9:04:04 PM org.jivesoftware.smack.PacketWriter writePackets
WARNING: Error flushing queue during shutdown, ignore and continue
error while connecting to the server: No response from the server.: 
error while connecting to the server: No response from the server.: 
Jun 11, 2014 9:04:05 PM org.jivesoftware.smack.PacketWriter writePackets
WARNING: Error flushing queue during shutdown, ignore and continue
Jun 11, 2014 9:04:07 PM org.jivesoftware.smack.PacketWriter writePackets
WARNING: Error flushing queue during shutdown, ignore and continue
Jun 11, 2014 9:04:08 PM org.jivesoftware.smack.PacketWriter writePackets
WARNING: Error flushing queue during shutdown, ignore and continue
Jun 11, 2014 9:04:08 PM org.jivesoftware.smack.PacketWriter writePackets
WARNING: Error flushing queue during shutdown, ignore and continue
Jun 11, 2014 9:04:08 PM org.jivesoftware.smack.PacketWriter writePackets
WARNING: Error flushing queue during shutdown, ignore and continue
Jun 11, 2014 9:04:09 PM org.jivesoftware.smack.PacketWriter writePackets
WARNING: Error flushing queue during shutdown, ignore and continue
Jun 11, 2014 9:04:11 PM org.jivesoftware.smack.PacketWriter writePackets
WARNING: Error flushing queue during shutdown, ignore and continue
Jun 11, 2014 9:04:11 PM org.jivesoftware.smack.PacketWriter writePackets
WARNING: Error flushing queue during shutdown, ignore and continue
Jun 11, 2014 9:04:11 PM org.jivesoftware.smack.PacketWriter writePackets
WARNING: Error flushing queue during shutdown, ignore and continue
error while connecting to the server: No response from the server.: 
error while connecting to the server: No response from the server.: 
error while connecting to the server: No response from the server.: 
Jun 11, 2014 9:04:17 PM org.jivesoftware.smack.PacketWriter writePackets
WARNING: Error flushing queue during shutdown, ignore and continue
error while connecting to the server: No response from the server.: 
error while connecting to the server: No response from the server.: 
error while connecting to the server: No response from the server.: 
Jun 11, 2014 9:04:19 PM org.jivesoftware.smack.PacketWriter writePackets
WARNING: Error flushing queue during shutdown, ignore and continue
error while connecting to the server: No response from the server.: 
error while connecting to the server: No response from the server.: 
error while connecting to the server: No response from the server.: 
error while connecting to the server: No response from the server.: 
Jun 11, 2014 9:04:22 PM org.jivesoftware.smack.PacketWriter writePackets
WARNING: Error flushing queue during shutdown, ignore and continue
Jun 11, 2014 9:04:23 PM org.jivesoftware.smack.PacketWriter writePackets
WARNING: Error flushing queue during shutdown, ignore and continue
Jun 11, 2014 9:04:23 PM org.jivesoftware.smack.PacketWriter writePackets
WARNING: Error flushing queue during shutdown, ignore and continue
Jun 11, 2014 9:04:24 PM org.jivesoftware.smack.PacketWriter writePackets
WARNING: Error flushing queue during shutdown, ignore and continue
Jun 11, 2014 9:04:24 PM org.jivesoftware.smack.PacketWriter writePackets
WARNING: Error flushing queue during shutdown, ignore and continue
Jun 11, 2014 9:04:24 PM org.jivesoftware.smack.PacketWriter writePackets
WARNING: Error flushing queue during shutdown, ignore and continue
Jun 11, 2014 9:04:24 PM org.jivesoftware.smack.PacketWriter writePackets
WARNING: Error flushing queue during shutdown, ignore and continue
Jun 11, 2014 9:04:24 PM org.jivesoftware.smack.PacketWriter writePackets
WARNING: Error flushing queue during shutdown, ignore and continue
Jun 11, 2014 9:04:24 PM org.jivesoftware.smack.PacketWriter writePackets
WARNING: Error flushing queue during shutdown, ignore and continue
Jun 11, 2014 9:04:25 PM org.jivesoftware.smack.PacketWriter writePackets
WARNING: Error flushing queue during shutdown, ignore and continue
Jun 11, 2014 9:04:25 PM org.jivesoftware.smack.PacketWriter writePackets
WARNING: Error flushing queue during shutdown, ignore and continue
error while connecting to the server: No response from the server.: 
Jun 11, 2014 9:04:26 PM org.jivesoftware.smack.PacketWriter writePackets
WARNING: Error flushing queue during shutdown, ignore and continue
Jun 11, 2014 9:04:26 PM org.jivesoftware.smack.PacketWriter writePackets
WARNING: Error flushing queue during shutdown, ignore and continue
Jun 11, 2014 9:04:26 PM org.jivesoftware.smack.PacketWriter writePackets
WARNING: Error flushing queue during shutdown, ignore and continue
Jun 11, 2014 9:04:26 PM org.jivesoftware.smack.PacketWriter writePackets
WARNING: Error flushing queue during shutdown, ignore and continue
error while connecting to the server: Resource binding not offered by server: 
error while connecting to the server: Resource binding not offered by server: 
error while connecting to the server: Resource binding not offered by server: 
error while connecting to the server: Resource binding not offered by server: 
error while connecting to the server: Resource binding not offered by server: 
error while connecting to the server: No response from the server.: 
error while connecting to the server: Resource binding not offered by server: 
error while connecting to the server: Resource binding not offered by server: 
error while connecting to the server: Resource binding not offered by server: 
error while connecting to the server: Resource binding not offered by server: 
error while connecting to the server: Resource binding not offered by server: 
error while connecting to the server: Resource binding not offered by server: 
error while connecting to the server: Resource binding not offered by server: 
error while connecting to the server: Resource binding not offered by server: 
error while connecting to the server: Resource binding not offered by server: 
Jun 11, 2014 9:04:53 PM org.jivesoftware.smack.PacketWriter writePackets
WARNING: Error flushing queue during shutdown, ignore and continue
Jun 11, 2014 9:04:55 PM org.jivesoftware.smack.PacketWriter writePackets
WARNING: Error flushing queue during shutdown, ignore and continue
Jun 11, 2014 9:04:55 PM org.jivesoftware.smack.PacketWriter writePackets
WARNING: Error flushing queue during shutdown, ignore and continue
Jun 11, 2014 9:04:59 PM org.jivesoftware.smack.PacketWriter writePackets
WARNING: Error flushing queue during shutdown, ignore and continue
