Jun 11, 2014 9:03:46 PM org.jivesoftware.smack.provider.UrlProviderFileInitializer initialize
INFO: Loading providers for file [classpath:META-INF/core.providers]
Jun 11, 2014 9:03:46 PM org.jivesoftware.smack.provider.UrlProviderFileInitializer initialize
INFO: Loading providers for file [classpath:META-INF/extension.providers]
error while connecting to the server: No response from the server.: 
error while connecting to the server: No response from the server.: 
error while connecting to the server: No response from the server.: 
error while connecting to the server: No response from the server.: 
error while connecting to the server: No response from the server.: 
error while connecting to the server: No response from the server.: 
error while connecting to the server: No response from the server.: 
error while connecting to the server: No response from the server.: 
Jun 11, 2014 9:04:02 PM org.jivesoftware.smack.PacketWriter writePackets
WARNING: Error flushing queue during shutdown, ignore and continue
Jun 11, 2014 9:04:04 PM org.jivesoftware.smack.PacketWriter writePackets
WARNING: Error flushing queue during shutdown, ignore and continue
error while connecting to the server: No response from the server.: 
error while connecting to the server: No response from the server.: 
error while connecting to the server: No response from the server.: 
error while connecting to the server: No response from the server.: 
error while connecting to the server: No response from the server.: 
error while connecting to the server: No response from the server.: 
Jun 11, 2014 9:04:18 PM org.jivesoftware.smack.PacketWriter writePackets
WARNING: Error flushing queue during shutdown, ignore and continue
Jun 11, 2014 9:04:18 PM org.jivesoftware.smack.PacketWriter writePackets
WARNING: Error flushing queue during shutdown, ignore and continue
Jun 11, 2014 9:04:19 PM org.jivesoftware.smack.PacketWriter writePackets
WARNING: Error flushing queue during shutdown, ignore and continue
Jun 11, 2014 9:04:19 PM org.jivesoftware.smack.PacketWriter writePackets
WARNING: Error flushing queue during shutdown, ignore and continue
error while connecting to the server: Resource binding not offered by server: 
error while connecting to the server: Resource binding not offered by server: 
error while connecting to the server: Resource binding not offered by server: 
error while connecting to the server: Resource binding not offered by server: 
error while connecting to the server: Resource binding not offered by server: 
error while connecting to the server: Resource binding not offered by server: 
error while connecting to the server: Resource binding not offered by server: 
error while connecting to the server: Authentication failed.: 
error while connecting to the server: No response from the server.: 
error while connecting to the server: Resource binding not offered by server: 
error while connecting to the server: No response from the server.: 
error while connecting to the server: No response from the server.: 
error while connecting to the server: No response from the server.: 
error while connecting to the server: No response from the server.: 
error while connecting to the server: No response from the server.: 
error while connecting to the server: No response from the server.: 
error while connecting to the server: No response from the server.: 
error while connecting to the server: No response from the server.: 
error while connecting to the server: No response from the server.: 
error while connecting to the server: No response from the server.: 
error while connecting to the server: No response from the server.: 
error while connecting to the server: No response from the server.: 
error while connecting to the server: No response from the server.: 
error while connecting to the server: No response from the server.: 
error while connecting to the server: No response from the server.: 
error while connecting to the server: No response from the server.: 
error while connecting to the server: No response from the server.: 
error while connecting to the server: No response from the server.: 
error while connecting to the server: No response from the server.: 
error while connecting to the server: No response from the server.: 
error while connecting to the server: No response from the server.: 
error while connecting to the server: No response from the server.: 
error while connecting to the server: No response from the server.: 
error while connecting to the server: No response from the server.: 
error while connecting to the server: No response from the server.: 
error while connecting to the server: No response from the server.: 
error while connecting to the server: No response from the server.: 
error while connecting to the server: No response from the server.: 
error while connecting to the server: No response from the server.: 
error while connecting to the server: No response from the server.: 
Jun 11, 2014 9:04:39 PM org.jivesoftware.smack.PacketWriter writePackets
WARNING: Error flushing queue during shutdown, ignore and continue
Jun 11, 2014 9:04:41 PM org.jivesoftware.smack.PacketWriter writePackets
WARNING: Error flushing queue during shutdown, ignore and continue
Jun 11, 2014 9:04:41 PM org.jivesoftware.smack.PacketWriter writePackets
WARNING: Error flushing queue during shutdown, ignore and continue
Jun 11, 2014 9:04:42 PM org.jivesoftware.smack.PacketWriter writePackets
WARNING: Error flushing queue during shutdown, ignore and continue
error while connecting to the server: Resource binding not offered by server: 
error while connecting to the server: Resource binding not offered by server: 
error while connecting to the server: Resource binding not offered by server: 
error while connecting to the server: Resource binding not offered by server: 
error while connecting to the server: Resource binding not offered by server: 
Jun 11, 2014 9:04:45 PM org.jivesoftware.smack.PacketWriter writePackets
WARNING: Error flushing queue during shutdown, ignore and continue
Jun 11, 2014 9:04:46 PM org.jivesoftware.smack.PacketWriter writePackets
WARNING: Error flushing queue during shutdown, ignore and continue
Jun 11, 2014 9:04:48 PM org.jivesoftware.smack.PacketWriter writePackets
WARNING: Error flushing queue during shutdown, ignore and continue
error while connecting to the server: Resource binding not offered by server: 
error while connecting to the server: Resource binding not offered by server: 
Jun 11, 2014 9:04:55 PM org.jivesoftware.smack.PacketWriter writePackets
WARNING: Error flushing queue during shutdown, ignore and continue
Jun 11, 2014 9:04:57 PM org.jivesoftware.smack.PacketWriter writePackets
WARNING: Error flushing queue during shutdown, ignore and continue
