Fri Jun 13 13:55:15 UTC 2014
  PID USER      PR  NI    VIRT    RES    SHR S  %CPU %MEM     TIME+ COMMAND
 1630 ubuntu    20   0 9062108 217448  14136 S   6.6  2.8   0:13.89 java
Fri Jun 13 13:55:16 UTC 2014
  PID USER      PR  NI    VIRT    RES    SHR S  %CPU %MEM     TIME+ COMMAND
 1630 ubuntu    20   0 9062108 217448  14136 S   0.0  2.8   0:13.90 java
Fri Jun 13 13:55:17 UTC 2014
  PID USER      PR  NI    VIRT    RES    SHR S  %CPU %MEM     TIME+ COMMAND
 1630 ubuntu    20   0 9062108 217448  14136 S   0.0  2.8   0:13.91 java
Fri Jun 13 13:55:18 UTC 2014
  PID USER      PR  NI    VIRT    RES    SHR S  %CPU %MEM     TIME+ COMMAND
 1630 ubuntu    20   0 9062108 217448  14136 S   0.0  2.8   0:13.91 java
Fri Jun 13 13:55:19 UTC 2014
  PID USER      PR  NI    VIRT    RES    SHR S  %CPU %MEM     TIME+ COMMAND
 1630 ubuntu    20   0 9062108 217448  14136 S   0.0  2.8   0:13.92 java
Fri Jun 13 13:55:21 UTC 2014
  PID USER      PR  NI    VIRT    RES    SHR S  %CPU %MEM     TIME+ COMMAND
 1630 ubuntu    20   0 9062108 217448  14136 S   0.0  2.8   0:13.94 java
Fri Jun 13 13:55:22 UTC 2014
  PID USER      PR  NI    VIRT    RES    SHR S  %CPU %MEM     TIME+ COMMAND
 1630 ubuntu    20   0 9062108 217448  14136 S   0.0  2.8   0:13.95 java
Fri Jun 13 13:55:23 UTC 2014
  PID USER      PR  NI    VIRT    RES    SHR S  %CPU %MEM     TIME+ COMMAND
 1630 ubuntu    20   0 9062108 217976  14136 S   0.0  2.8   0:13.97 java
Fri Jun 13 13:55:24 UTC 2014
  PID USER      PR  NI    VIRT    RES    SHR S  %CPU %MEM     TIME+ COMMAND
 1630 ubuntu    20   0 9062108 218240  14136 S   0.0  2.8   0:13.99 java
Fri Jun 13 13:55:25 UTC 2014
  PID USER      PR  NI    VIRT    RES    SHR S  %CPU %MEM     TIME+ COMMAND
 1630 ubuntu    20   0 9062108 218240  14136 S   0.0  2.8   0:14.01 java
Fri Jun 13 13:55:26 UTC 2014
  PID USER      PR  NI    VIRT    RES    SHR S  %CPU %MEM     TIME+ COMMAND
 1630 ubuntu    20   0 9062108 218240  14136 S   0.0  2.8   0:14.01 java
Fri Jun 13 13:55:28 UTC 2014
  PID USER      PR  NI    VIRT    RES    SHR S  %CPU %MEM     TIME+ COMMAND
 1630 ubuntu    20   0 9062108 218240  14136 S   0.0  2.8   0:14.02 java
Fri Jun 13 13:55:29 UTC 2014
  PID USER      PR  NI    VIRT    RES    SHR S  %CPU %MEM     TIME+ COMMAND
 1630 ubuntu    20   0 9062108 218240  14136 S   0.0  2.8   0:14.03 java
Fri Jun 13 13:55:30 UTC 2014
  PID USER      PR  NI    VIRT    RES    SHR S  %CPU %MEM     TIME+ COMMAND
 1630 ubuntu    20   0 9062108 218240  14136 S   0.0  2.8   0:14.04 java
Fri Jun 13 13:55:31 UTC 2014
  PID USER      PR  NI    VIRT    RES    SHR S  %CPU %MEM     TIME+ COMMAND
 1630 ubuntu    20   0 9062108 218240  14136 S   0.0  2.8   0:14.05 java
Fri Jun 13 13:55:32 UTC 2014
  PID USER      PR  NI    VIRT    RES    SHR S  %CPU %MEM     TIME+ COMMAND
 1630 ubuntu    20   0 9062108 218240  14136 S   0.0  2.8   0:14.06 java
Fri Jun 13 13:55:34 UTC 2014
  PID USER      PR  NI    VIRT    RES    SHR S  %CPU %MEM     TIME+ COMMAND
 1630 ubuntu    20   0 9062108 218768  14136 S   0.0  2.8   0:14.07 java
Fri Jun 13 13:55:35 UTC 2014
  PID USER      PR  NI    VIRT    RES    SHR S  %CPU %MEM     TIME+ COMMAND
 1630 ubuntu    20   0 9062108 219028  14136 S   0.0  2.8   0:14.08 java
Fri Jun 13 13:55:36 UTC 2014
  PID USER      PR  NI    VIRT    RES    SHR S  %CPU %MEM     TIME+ COMMAND
 1630 ubuntu    20   0 9062108 219028  14136 S   0.0  2.8   0:14.08 java
Fri Jun 13 13:55:37 UTC 2014
  PID USER      PR  NI    VIRT    RES    SHR S  %CPU %MEM     TIME+ COMMAND
 1630 ubuntu    20   0 9062108 219028  14136 S   0.0  2.8   0:14.10 java
Fri Jun 13 13:55:38 UTC 2014
  PID USER      PR  NI    VIRT    RES    SHR S  %CPU %MEM     TIME+ COMMAND
 1630 ubuntu    20   0 9062108 219292  14136 S   0.0  2.9   0:14.11 java
Fri Jun 13 13:55:39 UTC 2014
  PID USER      PR  NI    VIRT    RES    SHR S  %CPU %MEM     TIME+ COMMAND
 1630 ubuntu    20   0 9062108 219292  14136 S   6.6  2.9   0:14.12 java
Fri Jun 13 13:55:41 UTC 2014
  PID USER      PR  NI    VIRT    RES    SHR S  %CPU %MEM     TIME+ COMMAND
 1630 ubuntu    20   0 9062108 219292  14136 S   0.0  2.9   0:14.12 java
Fri Jun 13 13:55:42 UTC 2014
  PID USER      PR  NI    VIRT    RES    SHR S  %CPU %MEM     TIME+ COMMAND
 1630 ubuntu    20   0 9062108 219292  14136 S   0.0  2.9   0:14.13 java
Fri Jun 13 13:55:43 UTC 2014
  PID USER      PR  NI    VIRT    RES    SHR S  %CPU %MEM     TIME+ COMMAND
 1630 ubuntu    20   0 9062108 219820  14136 S   0.0  2.9   0:14.15 java
Fri Jun 13 13:55:44 UTC 2014
  PID USER      PR  NI    VIRT    RES    SHR S  %CPU %MEM     TIME+ COMMAND
 1630 ubuntu    20   0 9062108 219820  14136 S   0.0  2.9   0:14.16 java
Fri Jun 13 13:55:45 UTC 2014
  PID USER      PR  NI    VIRT    RES    SHR S  %CPU %MEM     TIME+ COMMAND
 1630 ubuntu    20   0 9062108 219820  14136 S  13.3  2.9   0:14.19 java
Fri Jun 13 13:55:46 UTC 2014
  PID USER      PR  NI    VIRT    RES    SHR S  %CPU %MEM     TIME+ COMMAND
 1630 ubuntu    20   0 9062108 219820  14136 S   0.0  2.9   0:14.19 java
Fri Jun 13 13:55:48 UTC 2014
  PID USER      PR  NI    VIRT    RES    SHR S  %CPU %MEM     TIME+ COMMAND
 1630 ubuntu    20   0 9062108 219820  14136 S   0.0  2.9   0:14.20 java
Fri Jun 13 13:55:49 UTC 2014
  PID USER      PR  NI    VIRT    RES    SHR S  %CPU %MEM     TIME+ COMMAND
 1630 ubuntu    20   0 9062108 219820  14136 S   0.0  2.9   0:14.21 java
Fri Jun 13 13:55:50 UTC 2014
  PID USER      PR  NI    VIRT    RES    SHR S  %CPU %MEM     TIME+ COMMAND
 1630 ubuntu    20   0 9062108 220084  14136 S   0.0  2.9   0:14.22 java
Fri Jun 13 13:55:51 UTC 2014
  PID USER      PR  NI    VIRT    RES    SHR S  %CPU %MEM     TIME+ COMMAND
 1630 ubuntu    20   0 9062108 220084  14136 S   0.0  2.9   0:14.23 java
Fri Jun 13 13:55:52 UTC 2014
  PID USER      PR  NI    VIRT    RES    SHR S  %CPU %MEM     TIME+ COMMAND
 1630 ubuntu    20   0 9062108 221316  14140 S  26.5  2.9   0:14.32 java
Fri Jun 13 13:55:53 UTC 2014
  PID USER      PR  NI    VIRT    RES    SHR S  %CPU %MEM     TIME+ COMMAND
 1630 ubuntu    20   0 9062240 223776  14140 S  13.3  2.9   0:14.51 java
Fri Jun 13 13:55:55 UTC 2014
  PID USER      PR  NI    VIRT    RES    SHR S  %CPU %MEM     TIME+ COMMAND
 1630 ubuntu    20   0 9062240 226716  14140 S   6.6  2.9   0:14.61 java
Fri Jun 13 13:55:56 UTC 2014
  PID USER      PR  NI    VIRT    RES    SHR S  %CPU %MEM     TIME+ COMMAND
 1630 ubuntu    20   0 9062240 247492  14288 S  59.7  3.2   0:15.07 java
Fri Jun 13 13:55:57 UTC 2014
  PID USER      PR  NI    VIRT    RES    SHR S  %CPU %MEM     TIME+ COMMAND
 1630 ubuntu    20   0 9062240 248960  14312 S 105.8  3.2   0:15.54 java
Fri Jun 13 13:55:58 UTC 2014
  PID USER      PR  NI    VIRT    RES    SHR S  %CPU %MEM     TIME+ COMMAND
 1630 ubuntu    20   0 9062240 250968  14312 S  86.0  3.3   0:16.01 java
Fri Jun 13 13:55:59 UTC 2014
  PID USER      PR  NI    VIRT    RES    SHR S  %CPU %MEM     TIME+ COMMAND
 1630 ubuntu    20   0 9062240 252084  14312 S  79.4  3.3   0:16.71 java
Fri Jun 13 13:56:01 UTC 2014
  PID USER      PR  NI    VIRT    RES    SHR S  %CPU %MEM     TIME+ COMMAND
 1630 ubuntu    20   0 9062240 253004  14312 S  19.9  3.3   0:17.24 java
Fri Jun 13 13:56:02 UTC 2014
  PID USER      PR  NI    VIRT    RES    SHR S  %CPU %MEM     TIME+ COMMAND
 1630 ubuntu    20   0 9062240 254516  14312 S  39.7  3.3   0:18.05 java
Fri Jun 13 13:56:03 UTC 2014
  PID USER      PR  NI    VIRT    RES    SHR S  %CPU %MEM     TIME+ COMMAND
 1630 ubuntu    20   0 9062240 255472  14312 S  53.0  3.3   0:18.64 java
Fri Jun 13 13:56:04 UTC 2014
  PID USER      PR  NI    VIRT    RES    SHR S  %CPU %MEM     TIME+ COMMAND
 1630 ubuntu    20   0 9062240 257484  14324 S  90.1  3.3   0:19.43 java
Fri Jun 13 13:56:05 UTC 2014
  PID USER      PR  NI    VIRT    RES    SHR S  %CPU %MEM     TIME+ COMMAND
 1630 ubuntu    20   0 9062240 261976  14328 S  99.3  3.4   0:20.38 java
Fri Jun 13 13:56:06 UTC 2014
  PID USER      PR  NI    VIRT    RES    SHR S  %CPU %MEM     TIME+ COMMAND
 1630 ubuntu    20   0 9062240 271228  14328 S  79.5  3.5   0:21.14 java
Fri Jun 13 13:56:08 UTC 2014
  PID USER      PR  NI    VIRT    RES    SHR S  %CPU %MEM     TIME+ COMMAND
 1630 ubuntu    20   0 9062240 271508  14328 S  33.1  3.5   0:21.90 java
Fri Jun 13 13:56:09 UTC 2014
  PID USER      PR  NI    VIRT    RES    SHR S  %CPU %MEM     TIME+ COMMAND
 1630 ubuntu    20   0 9062240 271536  14328 S  59.6  3.5   0:22.46 java
Fri Jun 13 13:56:10 UTC 2014
  PID USER      PR  NI    VIRT    RES    SHR S  %CPU %MEM     TIME+ COMMAND
 1630 ubuntu    20   0 9062240 271536  14328 S  92.8  3.5   0:23.08 java
Fri Jun 13 13:56:11 UTC 2014
  PID USER      PR  NI    VIRT    RES    SHR S  %CPU %MEM     TIME+ COMMAND
 1630 ubuntu    20   0 9062240 281500  14328 S  46.3  3.7   0:23.87 java
Fri Jun 13 13:56:12 UTC 2014
  PID USER      PR  NI    VIRT    RES    SHR S  %CPU %MEM     TIME+ COMMAND
 1630 ubuntu    20   0 9062240 281568  14328 S  66.3  3.7   0:24.48 java
Fri Jun 13 13:56:13 UTC 2014
  PID USER      PR  NI    VIRT    RES    SHR S  %CPU %MEM     TIME+ COMMAND
 1630 ubuntu    20   0 9062240 281692  14328 S  46.4  3.7   0:25.08 java
Fri Jun 13 13:56:15 UTC 2014
  PID USER      PR  NI    VIRT    RES    SHR S  %CPU %MEM     TIME+ COMMAND
 1630 ubuntu    20   0 9062240 279728  14328 S  59.5  3.6   0:25.75 java
Fri Jun 13 13:56:16 UTC 2014
  PID USER      PR  NI    VIRT    RES    SHR S  %CPU %MEM     TIME+ COMMAND
 1630 ubuntu    20   0 9062240 283932  14332 S 173.7  3.7   0:26.78 java
Fri Jun 13 13:56:17 UTC 2014
  PID USER      PR  NI    VIRT    RES    SHR S  %CPU %MEM     TIME+ COMMAND
 1630 ubuntu    20   0 9062240 281512  14336 S  19.9  3.7   0:27.06 java
Fri Jun 13 13:56:18 UTC 2014
  PID USER      PR  NI    VIRT    RES    SHR S  %CPU %MEM     TIME+ COMMAND
 1630 ubuntu    20   0 9062240 278944  14336 S  33.1  3.6   0:27.29 java
Fri Jun 13 13:56:19 UTC 2014
  PID USER      PR  NI    VIRT    RES    SHR S  %CPU %MEM     TIME+ COMMAND
 1630 ubuntu    20   0 9062240 278068  14336 S  26.5  3.6   0:27.58 java
Fri Jun 13 13:56:21 UTC 2014
  PID USER      PR  NI    VIRT    RES    SHR S  %CPU %MEM     TIME+ COMMAND
 1630 ubuntu    20   0 9062240 278068  14336 S  19.9  3.6   0:27.79 java
Fri Jun 13 13:56:22 UTC 2014
  PID USER      PR  NI    VIRT    RES    SHR S  %CPU %MEM     TIME+ COMMAND
 1630 ubuntu    20   0 9062240 274184  14336 S  19.9  3.6   0:27.94 java
Fri Jun 13 13:56:23 UTC 2014
  PID USER      PR  NI    VIRT    RES    SHR S  %CPU %MEM     TIME+ COMMAND
 1630 ubuntu    20   0 9062240 274184  14336 S  19.9  3.6   0:28.15 java
Fri Jun 13 13:56:24 UTC 2014
  PID USER      PR  NI    VIRT    RES    SHR S  %CPU %MEM     TIME+ COMMAND
 1630 ubuntu    20   0 9062240 274220  14336 S  19.9  3.6   0:28.33 java
Fri Jun 13 13:56:25 UTC 2014
  PID USER      PR  NI    VIRT    RES    SHR S  %CPU %MEM     TIME+ COMMAND
 1630 ubuntu    20   0 9062240 274220  14336 S  19.8  3.6   0:28.49 java
Fri Jun 13 13:56:26 UTC 2014
  PID USER      PR  NI    VIRT    RES    SHR S  %CPU %MEM     TIME+ COMMAND
 1630 ubuntu    20   0 9062240 271992  14336 S  13.3  3.5   0:28.72 java
Fri Jun 13 13:56:28 UTC 2014
  PID USER      PR  NI    VIRT    RES    SHR S  %CPU %MEM     TIME+ COMMAND
 1630 ubuntu    20   0 9062240 271992  14336 S   6.6  3.5   0:28.89 java
Fri Jun 13 13:56:29 UTC 2014
  PID USER      PR  NI    VIRT    RES    SHR S  %CPU %MEM     TIME+ COMMAND
 1630 ubuntu    20   0 9062240 267928  14336 S   6.6  3.5   0:29.08 java
Fri Jun 13 13:56:30 UTC 2014
  PID USER      PR  NI    VIRT    RES    SHR S  %CPU %MEM     TIME+ COMMAND
 1630 ubuntu    20   0 9062240 267928  14336 S   6.6  3.5   0:29.32 java
Fri Jun 13 13:56:31 UTC 2014
  PID USER      PR  NI    VIRT    RES    SHR S  %CPU %MEM     TIME+ COMMAND
 1630 ubuntu    20   0 9062240 263300  14336 S  26.5  3.4   0:29.59 java
Fri Jun 13 13:56:32 UTC 2014
  PID USER      PR  NI    VIRT    RES    SHR S  %CPU %MEM     TIME+ COMMAND
 1630 ubuntu    20   0 9062240 263300  14336 S  13.3  3.4   0:29.77 java
Fri Jun 13 13:56:33 UTC 2014
  PID USER      PR  NI    VIRT    RES    SHR S  %CPU %MEM     TIME+ COMMAND
 1630 ubuntu    20   0 9062240 263300  14336 S  13.3  3.4   0:29.95 java
Fri Jun 13 13:56:35 UTC 2014
  PID USER      PR  NI    VIRT    RES    SHR S  %CPU %MEM     TIME+ COMMAND
 1630 ubuntu    20   0 9062240 260044  14336 S   6.6  3.4   0:30.14 java
Fri Jun 13 13:56:36 UTC 2014
  PID USER      PR  NI    VIRT    RES    SHR S  %CPU %MEM     TIME+ COMMAND
 1630 ubuntu    20   0 9062240 260044  14336 S  19.9  3.4   0:30.40 java
Fri Jun 13 13:56:37 UTC 2014
  PID USER      PR  NI    VIRT    RES    SHR S  %CPU %MEM     TIME+ COMMAND
 1630 ubuntu    20   0 9062240 256908  14336 S  26.5  3.3   0:30.64 java
Fri Jun 13 13:56:38 UTC 2014
  PID USER      PR  NI    VIRT    RES    SHR S  %CPU %MEM     TIME+ COMMAND
 1630 ubuntu    20   0 9062240 253496  14336 S  19.8  3.3   0:30.87 java
Fri Jun 13 13:56:39 UTC 2014
  PID USER      PR  NI    VIRT    RES    SHR S  %CPU %MEM     TIME+ COMMAND
 1630 ubuntu    20   0 9062240 253496  14336 S  13.2  3.3   0:31.05 java
Fri Jun 13 13:56:41 UTC 2014
  PID USER      PR  NI    VIRT    RES    SHR S  %CPU %MEM     TIME+ COMMAND
 1630 ubuntu    20   0 9062240 253496  14336 S  19.9  3.3   0:31.25 java
Fri Jun 13 13:56:42 UTC 2014
  PID USER      PR  NI    VIRT    RES    SHR S  %CPU %MEM     TIME+ COMMAND
 1630 ubuntu    20   0 9062240 249068  14336 S  19.9  3.2   0:31.49 java
Fri Jun 13 13:56:43 UTC 2014
  PID USER      PR  NI    VIRT    RES    SHR S  %CPU %MEM     TIME+ COMMAND
 1630 ubuntu    20   0 9062240 245476  14336 S  19.9  3.2   0:31.69 java
Fri Jun 13 13:56:44 UTC 2014
  PID USER      PR  NI    VIRT    RES    SHR S  %CPU %MEM     TIME+ COMMAND
 1630 ubuntu    20   0 9062240 245476  14336 S  19.9  3.2   0:31.96 java
Fri Jun 13 13:56:45 UTC 2014
  PID USER      PR  NI    VIRT    RES    SHR S  %CPU %MEM     TIME+ COMMAND
 1630 ubuntu    20   0 9062240 241624  14336 S  46.3  3.1   0:32.25 java
Fri Jun 13 13:56:46 UTC 2014
  PID USER      PR  NI    VIRT    RES    SHR S  %CPU %MEM     TIME+ COMMAND
 1630 ubuntu    20   0 9062240 241624  14336 S  13.2  3.1   0:32.48 java
Fri Jun 13 13:56:48 UTC 2014
  PID USER      PR  NI    VIRT    RES    SHR S  %CPU %MEM     TIME+ COMMAND
 1630 ubuntu    20   0 9062240 238544  14336 S   6.6  3.1   0:32.70 java
Fri Jun 13 13:56:49 UTC 2014
  PID USER      PR  NI    VIRT    RES    SHR S  %CPU %MEM     TIME+ COMMAND
 1630 ubuntu    20   0 9062240 234688  14336 S  19.9  3.1   0:32.96 java
Fri Jun 13 13:56:50 UTC 2014
  PID USER      PR  NI    VIRT    RES    SHR S  %CPU %MEM     TIME+ COMMAND
 1630 ubuntu    20   0 9062240 234688  14336 S  19.8  3.1   0:33.22 java
Fri Jun 13 13:56:51 UTC 2014
  PID USER      PR  NI    VIRT    RES    SHR S  %CPU %MEM     TIME+ COMMAND
 1630 ubuntu    20   0 9062240 231612  14336 S  19.9  3.0   0:33.45 java
Fri Jun 13 13:56:52 UTC 2014
  PID USER      PR  NI    VIRT    RES    SHR S  %CPU %MEM     TIME+ COMMAND
 1630 ubuntu    20   0 9062240 228532  14336 S   6.6  3.0   0:33.66 java
Fri Jun 13 13:56:53 UTC 2014
  PID USER      PR  NI    VIRT    RES    SHR S  %CPU %MEM     TIME+ COMMAND
 1630 ubuntu    20   0 9062240 228532  14336 S  19.9  3.0   0:33.88 java
Fri Jun 13 13:56:55 UTC 2014
  PID USER      PR  NI    VIRT    RES    SHR S  %CPU %MEM     TIME+ COMMAND
 1630 ubuntu    20   0 9062240 225968  14336 S  13.3  2.9   0:34.10 java
Fri Jun 13 13:56:56 UTC 2014
  PID USER      PR  NI    VIRT    RES    SHR S  %CPU %MEM     TIME+ COMMAND
 1630 ubuntu    20   0 9062240 222376  14336 S  26.5  2.9   0:34.34 java
Fri Jun 13 13:56:57 UTC 2014
  PID USER      PR  NI    VIRT    RES    SHR S  %CPU %MEM     TIME+ COMMAND
 1630 ubuntu    20   0 9062240 219812  14336 S  19.9  2.9   0:34.63 java
Fri Jun 13 13:56:58 UTC 2014
  PID USER      PR  NI    VIRT    RES    SHR S  %CPU %MEM     TIME+ COMMAND
 1630 ubuntu    20   0 9062240 219812  14336 S  13.2  2.9   0:34.82 java
Fri Jun 13 13:56:59 UTC 2014
  PID USER      PR  NI    VIRT    RES    SHR S  %CPU %MEM     TIME+ COMMAND
 1630 ubuntu    20   0 9062240 217248  14336 S  13.2  2.8   0:34.97 java
Fri Jun 13 13:57:01 UTC 2014
  PID USER      PR  NI    VIRT    RES    SHR S  %CPU %MEM     TIME+ COMMAND
 1630 ubuntu    20   0 9062240 217248  14336 S  13.2  2.8   0:35.22 java
Fri Jun 13 13:57:02 UTC 2014
  PID USER      PR  NI    VIRT    RES    SHR S  %CPU %MEM     TIME+ COMMAND
 1630 ubuntu    20   0 9062240 214684  14336 S   6.6  2.8   0:35.48 java
Fri Jun 13 13:57:03 UTC 2014
  PID USER      PR  NI    VIRT    RES    SHR S  %CPU %MEM     TIME+ COMMAND
 1630 ubuntu    20   0 9062240 209552  14336 S  46.4  2.7   0:35.84 java
Fri Jun 13 13:57:04 UTC 2014
  PID USER      PR  NI    VIRT    RES    SHR S  %CPU %MEM     TIME+ COMMAND
 1630 ubuntu    20   0 9062240 206988  14336 S   6.6  2.7   0:36.16 java
Fri Jun 13 13:57:05 UTC 2014
  PID USER      PR  NI    VIRT    RES    SHR S  %CPU %MEM     TIME+ COMMAND
 1630 ubuntu    20   0 9062240 204936  14336 S  19.9  2.7   0:36.42 java
Fri Jun 13 13:57:06 UTC 2014
  PID USER      PR  NI    VIRT    RES    SHR S  %CPU %MEM     TIME+ COMMAND
 1630 ubuntu    20   0 9062240 202884  14336 S  13.3  2.6   0:36.73 java
Fri Jun 13 13:57:08 UTC 2014
  PID USER      PR  NI    VIRT    RES    SHR S  %CPU %MEM     TIME+ COMMAND
 1630 ubuntu    20   0 9062240 200832  14336 S  26.4  2.6   0:36.98 java
Fri Jun 13 13:57:09 UTC 2014
  PID USER      PR  NI    VIRT    RES    SHR S  %CPU %MEM     TIME+ COMMAND
 1630 ubuntu    20   0 9062240 201012  14340 S  19.9  2.6   0:37.31 java
Fri Jun 13 13:57:10 UTC 2014
  PID USER      PR  NI    VIRT    RES    SHR S  %CPU %MEM     TIME+ COMMAND
 1630 ubuntu    20   0 9062240 198132  14340 S  26.5  2.6   0:37.62 java
Fri Jun 13 13:57:11 UTC 2014
  PID USER      PR  NI    VIRT    RES    SHR S  %CPU %MEM     TIME+ COMMAND
 1630 ubuntu    20   0 9062240 196344  14340 S  33.1  2.6   0:37.89 java
Fri Jun 13 13:57:12 UTC 2014
  PID USER      PR  NI    VIRT    RES    SHR S  %CPU %MEM     TIME+ COMMAND
 1630 ubuntu    20   0 9062240 193268  14340 S  33.1  2.5   0:38.17 java
Fri Jun 13 13:57:13 UTC 2014
  PID USER      PR  NI    VIRT    RES    SHR S  %CPU %MEM     TIME+ COMMAND
 1630 ubuntu    20   0 9062240 192240  14340 S  33.0  2.5   0:38.49 java
Fri Jun 13 13:57:15 UTC 2014
  PID USER      PR  NI    VIRT    RES    SHR S  %CPU %MEM     TIME+ COMMAND
 1630 ubuntu    20   0 9062240 189164  14340 S  19.9  2.5   0:38.79 java
Fri Jun 13 13:57:16 UTC 2014
  PID USER      PR  NI    VIRT    RES    SHR S  %CPU %MEM     TIME+ COMMAND
 1630 ubuntu    20   0 9062240 188612  14340 S   6.6  2.5   0:39.14 java
Fri Jun 13 13:57:17 UTC 2014
  PID USER      PR  NI    VIRT    RES    SHR S  %CPU %MEM     TIME+ COMMAND
 1630 ubuntu    20   0 9062240 186560  14340 S  26.5  2.4   0:39.49 java
Fri Jun 13 13:57:18 UTC 2014
  PID USER      PR  NI    VIRT    RES    SHR S  %CPU %MEM     TIME+ COMMAND
 1630 ubuntu    20   0 9062240 184508  14340 S  26.5  2.4   0:39.86 java
Fri Jun 13 13:57:19 UTC 2014
  PID USER      PR  NI    VIRT    RES    SHR S  %CPU %MEM     TIME+ COMMAND
 1630 ubuntu    20   0 9062240 183480  14340 S  32.6  2.4   0:40.22 java
Fri Jun 13 13:57:21 UTC 2014
  PID USER      PR  NI    VIRT    RES    SHR S  %CPU %MEM     TIME+ COMMAND
 1630 ubuntu    20   0 9062240 181940  14340 S  52.9  2.4   0:40.65 java
Fri Jun 13 13:57:22 UTC 2014
  PID USER      PR  NI    VIRT    RES    SHR S  %CPU %MEM     TIME+ COMMAND
 1630 ubuntu    20   0 9062240 180916  14340 S  39.8  2.4   0:40.96 java
Fri Jun 13 13:57:23 UTC 2014
  PID USER      PR  NI    VIRT    RES    SHR S  %CPU %MEM     TIME+ COMMAND
 1630 ubuntu    20   0 9062240 179888  14340 S  19.9  2.3   0:41.32 java
Fri Jun 13 13:57:24 UTC 2014
  PID USER      PR  NI    VIRT    RES    SHR S  %CPU %MEM     TIME+ COMMAND
 1630 ubuntu    20   0 9062240 178616  14340 S  46.4  2.3   0:41.75 java
Fri Jun 13 13:57:25 UTC 2014
  PID USER      PR  NI    VIRT    RES    SHR S  %CPU %MEM     TIME+ COMMAND
 1630 ubuntu    20   0 9062240 178364  14340 S  39.8  2.3   0:42.07 java
Fri Jun 13 13:57:26 UTC 2014
  PID USER      PR  NI    VIRT    RES    SHR S  %CPU %MEM     TIME+ COMMAND
 1630 ubuntu    20   0 9062240 177852  14340 S  46.4  2.3   0:42.53 java
Fri Jun 13 13:57:28 UTC 2014
  PID USER      PR  NI    VIRT    RES    SHR S  %CPU %MEM     TIME+ COMMAND
 1630 ubuntu    20   0 9062240 178036  14340 S  26.5  2.3   0:43.01 java
Fri Jun 13 13:57:29 UTC 2014
  PID USER      PR  NI    VIRT    RES    SHR S  %CPU %MEM     TIME+ COMMAND
 1630 ubuntu    20   0 9062240 178436  14340 S  59.6  2.3   0:43.49 java
Fri Jun 13 13:57:30 UTC 2014
  PID USER      PR  NI    VIRT    RES    SHR S  %CPU %MEM     TIME+ COMMAND
 1630 ubuntu    20   0 9062240 178492  14340 S  13.3  2.3   0:43.82 java
Fri Jun 13 13:57:31 UTC 2014
  PID USER      PR  NI    VIRT    RES    SHR S  %CPU %MEM     TIME+ COMMAND
 1630 ubuntu    20   0 9062240 178492  14340 S  26.5  2.3   0:44.18 java
Fri Jun 13 13:57:32 UTC 2014
  PID USER      PR  NI    VIRT    RES    SHR S  %CPU %MEM     TIME+ COMMAND
 1630 ubuntu    20   0 9062240 178492  14340 S  52.9  2.3   0:44.58 java
Fri Jun 13 13:57:33 UTC 2014
  PID USER      PR  NI    VIRT    RES    SHR S  %CPU %MEM     TIME+ COMMAND
 1630 ubuntu    20   0 9062240 178756  14340 S  33.1  2.3   0:45.07 java
Fri Jun 13 13:57:35 UTC 2014
  PID USER      PR  NI    VIRT    RES    SHR S  %CPU %MEM     TIME+ COMMAND
 1630 ubuntu    20   0 9062240 179288  14340 S  53.0  2.3   0:45.56 java
Fri Jun 13 13:57:36 UTC 2014
  PID USER      PR  NI    VIRT    RES    SHR S  %CPU %MEM     TIME+ COMMAND
 1630 ubuntu    20   0 9062240 185348  14340 S  26.5  2.4   0:46.04 java
Fri Jun 13 13:57:37 UTC 2014
  PID USER      PR  NI    VIRT    RES    SHR S  %CPU %MEM     TIME+ COMMAND
 1630 ubuntu    20   0 9062240 185612  14340 S  52.5  2.4   0:46.55 java
Fri Jun 13 13:57:38 UTC 2014
  PID USER      PR  NI    VIRT    RES    SHR S  %CPU %MEM     TIME+ COMMAND
 1630 ubuntu    20   0 9062240 185876  14340 S  59.5  2.4   0:47.04 java
Fri Jun 13 13:57:39 UTC 2014
  PID USER      PR  NI    VIRT    RES    SHR S  %CPU %MEM     TIME+ COMMAND
 1630 ubuntu    20   0 9062240 186140  14340 S  59.7  2.4   0:47.66 java
Fri Jun 13 13:57:41 UTC 2014
  PID USER      PR  NI    VIRT    RES    SHR S  %CPU %MEM     TIME+ COMMAND
 1630 ubuntu    20   0 9062240 186140  14340 S  33.1  2.4   0:48.04 java
Fri Jun 13 13:57:42 UTC 2014
  PID USER      PR  NI    VIRT    RES    SHR S  %CPU %MEM     TIME+ COMMAND
 1630 ubuntu    20   0 9062240 186140  14340 S  33.1  2.4   0:48.56 java
Fri Jun 13 13:57:43 UTC 2014
  PID USER      PR  NI    VIRT    RES    SHR S  %CPU %MEM     TIME+ COMMAND
 1630 ubuntu    20   0 9062240 186404  14340 S  26.5  2.4   0:49.06 java
Fri Jun 13 13:57:44 UTC 2014
  PID USER      PR  NI    VIRT    RES    SHR S  %CPU %MEM     TIME+ COMMAND
 1630 ubuntu    20   0 9062240 186668  14340 S  59.7  2.4   0:49.45 java
Fri Jun 13 13:57:45 UTC 2014
  PID USER      PR  NI    VIRT    RES    SHR S  %CPU %MEM     TIME+ COMMAND
 1630 ubuntu    20   0 9062240 186668  14340 S  33.1  2.4   0:49.89 java
Fri Jun 13 13:57:46 UTC 2014
  PID USER      PR  NI    VIRT    RES    SHR S  %CPU %MEM     TIME+ COMMAND
 1630 ubuntu    20   0 9062240 186668  14340 S  46.4  2.4   0:50.42 java
Fri Jun 13 13:57:48 UTC 2014
  PID USER      PR  NI    VIRT    RES    SHR S  %CPU %MEM     TIME+ COMMAND
 1630 ubuntu    20   0 9062240 186668  14340 S  52.9  2.4   0:51.00 java
Fri Jun 13 13:57:49 UTC 2014
  PID USER      PR  NI    VIRT    RES    SHR S  %CPU %MEM     TIME+ COMMAND
 1630 ubuntu    20   0 9062240 190260  14340 S  26.5  2.5   0:51.61 java
Fri Jun 13 13:57:50 UTC 2014
  PID USER      PR  NI    VIRT    RES    SHR S  %CPU %MEM     TIME+ COMMAND
 1630 ubuntu    20   0 9062240 194388  14340 S  53.0  2.5   0:52.17 java
Fri Jun 13 13:57:51 UTC 2014
  PID USER      PR  NI    VIRT    RES    SHR S  %CPU %MEM     TIME+ COMMAND
 1630 ubuntu    20   0 9062240 194644  14340 S  72.9  2.5   0:52.64 java
Fri Jun 13 13:57:52 UTC 2014
  PID USER      PR  NI    VIRT    RES    SHR S  %CPU %MEM     TIME+ COMMAND
 1630 ubuntu    20   0 9062240 194644  14340 S  33.1  2.5   0:53.16 java
Fri Jun 13 13:57:53 UTC 2014
  PID USER      PR  NI    VIRT    RES    SHR S  %CPU %MEM     TIME+ COMMAND
 1630 ubuntu    20   0 9062240 195168  14340 S  66.2  2.5   0:53.70 java
Fri Jun 13 13:57:55 UTC 2014
  PID USER      PR  NI    VIRT    RES    SHR S  %CPU %MEM     TIME+ COMMAND
 1630 ubuntu    20   0 9062240 195168  14340 S  39.8  2.5   0:54.24 java
Fri Jun 13 13:57:56 UTC 2014
  PID USER      PR  NI    VIRT    RES    SHR S  %CPU %MEM     TIME+ COMMAND
 1630 ubuntu    20   0 9062240 195424  14340 S  53.0  2.5   0:54.71 java
Fri Jun 13 13:57:57 UTC 2014
  PID USER      PR  NI    VIRT    RES    SHR S  %CPU %MEM     TIME+ COMMAND
 1630 ubuntu    20   0 9062240 195676  14340 S  53.0  2.5   0:55.33 java
Fri Jun 13 13:57:58 UTC 2014
  PID USER      PR  NI    VIRT    RES    SHR S  %CPU %MEM     TIME+ COMMAND
 1630 ubuntu    20   0 9062240 195676  14340 S  78.9  2.5   0:56.00 java
Fri Jun 13 13:57:59 UTC 2014
  PID USER      PR  NI    VIRT    RES    SHR S  %CPU %MEM     TIME+ COMMAND
 1630 ubuntu    20   0 9062240 195940  14340 S  66.3  2.5   0:56.72 java
Fri Jun 13 13:58:01 UTC 2014
  PID USER      PR  NI    VIRT    RES    SHR S  %CPU %MEM     TIME+ COMMAND
 1630 ubuntu    20   0 9062240 196204  14340 S  46.4  2.6   0:57.39 java
Fri Jun 13 13:58:02 UTC 2014
  PID USER      PR  NI    VIRT    RES    SHR S  %CPU %MEM     TIME+ COMMAND
 1630 ubuntu    20   0 9062240 196204  14340 S  59.4  2.6   0:57.97 java
Fri Jun 13 13:58:03 UTC 2014
  PID USER      PR  NI    VIRT    RES    SHR S  %CPU %MEM     TIME+ COMMAND
 1630 ubuntu    20   0 9062240 196204  14340 S  39.7  2.6   0:58.52 java
Fri Jun 13 13:58:04 UTC 2014
  PID USER      PR  NI    VIRT    RES    SHR S  %CPU %MEM     TIME+ COMMAND
 1630 ubuntu    20   0 9062240 196204  14340 S  33.1  2.6   0:59.09 java
Fri Jun 13 13:58:05 UTC 2014
  PID USER      PR  NI    VIRT    RES    SHR S  %CPU %MEM     TIME+ COMMAND
 1630 ubuntu    20   0 9062240 196468  14340 S  19.9  2.6   0:59.63 java
Fri Jun 13 13:58:06 UTC 2014
  PID USER      PR  NI    VIRT    RES    SHR S  %CPU %MEM     TIME+ COMMAND
 1630 ubuntu    20   0 9062240 196724  14340 S  72.9  2.6   1:00.28 java
Fri Jun 13 13:58:08 UTC 2014
  PID USER      PR  NI    VIRT    RES    SHR S  %CPU %MEM     TIME+ COMMAND
 1630 ubuntu    20   0 9062240 196988  14340 S  86.1  2.6   1:01.00 java
Fri Jun 13 13:58:09 UTC 2014
  PID USER      PR  NI    VIRT    RES    SHR S  %CPU %MEM     TIME+ COMMAND
 1630 ubuntu    20   0 9062240 196988  14340 S  46.3  2.6   1:01.61 java
Fri Jun 13 13:58:10 UTC 2014
  PID USER      PR  NI    VIRT    RES    SHR S  %CPU %MEM     TIME+ COMMAND
 1630 ubuntu    20   0 9062240 197436  14340 S  59.6  2.6   1:02.20 java
Fri Jun 13 13:58:11 UTC 2014
  PID USER      PR  NI    VIRT    RES    SHR S  %CPU %MEM     TIME+ COMMAND
 1630 ubuntu    20   0 9062240 196928  14340 S  52.9  2.6   1:02.98 java
Fri Jun 13 13:58:12 UTC 2014
  PID USER      PR  NI    VIRT    RES    SHR S  %CPU %MEM     TIME+ COMMAND
 1630 ubuntu    20   0 9062240 196620  14340 S  26.5  2.6   1:03.65 java
Fri Jun 13 13:58:13 UTC 2014
  PID USER      PR  NI    VIRT    RES    SHR S  %CPU %MEM     TIME+ COMMAND
 1630 ubuntu    20   0 9062240 196368  14340 S  66.1  2.6   1:04.37 java
Fri Jun 13 13:58:15 UTC 2014
  PID USER      PR  NI    VIRT    RES    SHR S  %CPU %MEM     TIME+ COMMAND
 1630 ubuntu    20   0 9062240 196128  14340 S  72.9  2.5   1:05.15 java
Fri Jun 13 13:58:16 UTC 2014
  PID USER      PR  NI    VIRT    RES    SHR S  %CPU %MEM     TIME+ COMMAND
 1630 ubuntu    20   0 9062240 196120  14340 S  72.8  2.5   1:05.85 java
Fri Jun 13 13:58:17 UTC 2014
  PID USER      PR  NI    VIRT    RES    SHR S  %CPU %MEM     TIME+ COMMAND
 1630 ubuntu    20   0 9062240 203160  14340 S  85.9  2.6   1:06.81 java
Fri Jun 13 13:58:18 UTC 2014
  PID USER      PR  NI    VIRT    RES    SHR S  %CPU %MEM     TIME+ COMMAND
 1630 ubuntu    20   0 9062240 212612  14340 S  59.5  2.8   1:07.57 java
Fri Jun 13 13:58:19 UTC 2014
  PID USER      PR  NI    VIRT    RES    SHR S  %CPU %MEM     TIME+ COMMAND
 1630 ubuntu    20   0 9062240 212732  14340 S  79.5  2.8   1:08.28 java
Fri Jun 13 13:58:21 UTC 2014
  PID USER      PR  NI    VIRT    RES    SHR S  %CPU %MEM     TIME+ COMMAND
 1630 ubuntu    20   0 9062240 214472  14340 S 105.7  2.8   1:09.51 java
Fri Jun 13 13:58:22 UTC 2014
  PID USER      PR  NI    VIRT    RES    SHR S  %CPU %MEM     TIME+ COMMAND
 1630 ubuntu    20   0 9062240 225400  14340 S  92.6  2.9   1:10.51 java
Fri Jun 13 13:58:23 UTC 2014
  PID USER      PR  NI    VIRT    RES    SHR S  %CPU %MEM     TIME+ COMMAND
 1630 ubuntu    20   0 9062240 232060  14340 S  79.5  3.0   1:11.58 java
Fri Jun 13 13:58:24 UTC 2014
  PID USER      PR  NI    VIRT    RES    SHR S  %CPU %MEM     TIME+ COMMAND
 1630 ubuntu    20   0 9062240 232352  14340 S  79.4  3.0   1:12.49 java
Fri Jun 13 13:58:25 UTC 2014
  PID USER      PR  NI    VIRT    RES    SHR S  %CPU %MEM     TIME+ COMMAND
 1630 ubuntu    20   0 9062240 233056  14340 S  72.9  3.0   1:13.47 java
Fri Jun 13 13:58:26 UTC 2014
  PID USER      PR  NI    VIRT    RES    SHR S  %CPU %MEM     TIME+ COMMAND
 1630 ubuntu    20   0 9062240 233664  14340 S 105.8  3.0   1:14.44 java
Fri Jun 13 13:58:28 UTC 2014
  PID USER      PR  NI    VIRT    RES    SHR S  %CPU %MEM     TIME+ COMMAND
 1630 ubuntu    20   0 9062240 238508  14340 S  39.8  3.1   1:15.24 java
Fri Jun 13 13:58:29 UTC 2014
  PID USER      PR  NI    VIRT    RES    SHR S  %CPU %MEM     TIME+ COMMAND
 1630 ubuntu    20   0 9062240 239120  14340 S 105.8  3.1   1:16.06 java
Fri Jun 13 13:58:30 UTC 2014
  PID USER      PR  NI    VIRT    RES    SHR S  %CPU %MEM     TIME+ COMMAND
 1630 ubuntu    20   0 9062240 240248  14340 S  53.0  3.1   1:16.97 java
Fri Jun 13 13:58:31 UTC 2014
  PID USER      PR  NI    VIRT    RES    SHR S  %CPU %MEM     TIME+ COMMAND
 1630 ubuntu    20   0 9062240 241352  14340 S  59.6  3.1   1:17.77 java
Fri Jun 13 13:58:32 UTC 2014
  PID USER      PR  NI    VIRT    RES    SHR S  %CPU %MEM     TIME+ COMMAND
 1630 ubuntu    20   0 9062240 241432  14340 S  72.7  3.1   1:18.71 java
Fri Jun 13 13:58:34 UTC 2014
  PID USER      PR  NI    VIRT    RES    SHR S  %CPU %MEM     TIME+ COMMAND
 1630 ubuntu    20   0 9062240 241448  14340 S  79.5  3.1   1:19.86 java
Fri Jun 13 13:58:35 UTC 2014
  PID USER      PR  NI    VIRT    RES    SHR S  %CPU %MEM     TIME+ COMMAND
 1630 ubuntu    20   0 9062240 241016  14340 S 106.0  3.1   1:20.71 java
Fri Jun 13 13:58:36 UTC 2014
  PID USER      PR  NI    VIRT    RES    SHR S  %CPU %MEM     TIME+ COMMAND
 1630 ubuntu    20   0 9062240 240504  14340 S 105.7  3.1   1:21.66 java
Fri Jun 13 13:58:37 UTC 2014
  PID USER      PR  NI    VIRT    RES    SHR S  %CPU %MEM     TIME+ COMMAND
 1630 ubuntu    20   0 9062240 240572  14340 S  92.8  3.1   1:22.64 java
Fri Jun 13 13:58:38 UTC 2014
  PID USER      PR  NI    VIRT    RES    SHR S  %CPU %MEM     TIME+ COMMAND
 1630 ubuntu    20   0 9062240 241100  14340 S  92.3  3.1   1:23.58 java
Fri Jun 13 13:58:39 UTC 2014
  PID USER      PR  NI    VIRT    RES    SHR S  %CPU %MEM     TIME+ COMMAND
 1630 ubuntu    20   0 9062240 241728  14340 S  39.8  3.1   1:24.44 java
Fri Jun 13 13:58:41 UTC 2014
  PID USER      PR  NI    VIRT    RES    SHR S  %CPU %MEM     TIME+ COMMAND
 1630 ubuntu    20   0 9062240 242148  14340 S  79.0  3.1   1:25.31 java
Fri Jun 13 13:58:42 UTC 2014
  PID USER      PR  NI    VIRT    RES    SHR S  %CPU %MEM     TIME+ COMMAND
 1630 ubuntu    20   0 9062240 242632  14340 S 112.6  3.2   1:26.29 java
Fri Jun 13 13:58:43 UTC 2014
  PID USER      PR  NI    VIRT    RES    SHR S  %CPU %MEM     TIME+ COMMAND
 1630 ubuntu    20   0 9062240 243032  14340 S  58.8  3.2   1:27.27 java
Fri Jun 13 13:58:44 UTC 2014
  PID USER      PR  NI    VIRT    RES    SHR S  %CPU %MEM     TIME+ COMMAND
 1630 ubuntu    20   0 9062240 243304  14340 S 103.3  3.2   1:28.33 java
Fri Jun 13 13:58:45 UTC 2014
  PID USER      PR  NI    VIRT    RES    SHR S  %CPU %MEM     TIME+ COMMAND
 1630 ubuntu    20   0 9062240 242292  14340 S  84.7  3.1   1:29.30 java
Fri Jun 13 13:58:47 UTC 2014
  PID USER      PR  NI    VIRT    RES    SHR S  %CPU %MEM     TIME+ COMMAND
 1630 ubuntu    20   0 9062240 241788  14340 S 118.9  3.1   1:30.29 java
Fri Jun 13 13:58:48 UTC 2014
  PID USER      PR  NI    VIRT    RES    SHR S  %CPU %MEM     TIME+ COMMAND
 1630 ubuntu    20   0 9062240 241532  14340 S  46.3  3.1   1:31.23 java
Fri Jun 13 13:58:49 UTC 2014
  PID USER      PR  NI    VIRT    RES    SHR S  %CPU %MEM     TIME+ COMMAND
 1630 ubuntu    20   0 9062240 241036  14340 S  92.5  3.1   1:32.08 java
Fri Jun 13 13:58:50 UTC 2014
  PID USER      PR  NI    VIRT    RES    SHR S  %CPU %MEM     TIME+ COMMAND
 1630 ubuntu    20   0 9062240 241836  14340 S 112.7  3.1   1:33.34 java
Fri Jun 13 13:58:51 UTC 2014
  PID USER      PR  NI    VIRT    RES    SHR S  %CPU %MEM     TIME+ COMMAND
 1630 ubuntu    20   0 9062240 254184  14340 S  72.8  3.3   1:34.38 java
Fri Jun 13 13:58:52 UTC 2014
  PID USER      PR  NI    VIRT    RES    SHR S  %CPU %MEM     TIME+ COMMAND
 1630 ubuntu    20   0 9062240 254048  14340 S  66.2  3.3   1:35.36 java
Fri Jun 13 13:58:54 UTC 2014
  PID USER      PR  NI    VIRT    RES    SHR S  %CPU %MEM     TIME+ COMMAND
 1630 ubuntu    20   0 9062240 255340  14340 S  72.9  3.3   1:36.33 java
Fri Jun 13 13:58:55 UTC 2014
  PID USER      PR  NI    VIRT    RES    SHR S  %CPU %MEM     TIME+ COMMAND
 1630 ubuntu    20   0 9062240 255884  14340 S  85.8  3.3   1:37.29 java
Fri Jun 13 13:58:56 UTC 2014
  PID USER      PR  NI    VIRT    RES    SHR S  %CPU %MEM     TIME+ COMMAND
 1630 ubuntu    20   0 9062240 255832  14340 S  79.3  3.3   1:38.56 java
Fri Jun 13 13:58:57 UTC 2014
  PID USER      PR  NI    VIRT    RES    SHR S  %CPU %MEM     TIME+ COMMAND
 1630 ubuntu    20   0 9062240 256688  14340 S 112.7  3.3   1:39.68 java
Fri Jun 13 13:58:58 UTC 2014
  PID USER      PR  NI    VIRT    RES    SHR S  %CPU %MEM     TIME+ COMMAND
 1630 ubuntu    20   0 9062240 256880  14340 S 112.5  3.3   1:40.72 java
Fri Jun 13 13:59:00 UTC 2014
  PID USER      PR  NI    VIRT    RES    SHR S  %CPU %MEM     TIME+ COMMAND
 1630 ubuntu    20   0 9062240 257688  14340 S  99.2  3.3   1:41.77 java
Fri Jun 13 13:59:01 UTC 2014
  PID USER      PR  NI    VIRT    RES    SHR S  %CPU %MEM     TIME+ COMMAND
 1630 ubuntu    20   0 9062240 263652  14340 S  99.4  3.4   1:42.88 java
Fri Jun 13 13:59:02 UTC 2014
  PID USER      PR  NI    VIRT    RES    SHR S  %CPU %MEM     TIME+ COMMAND
 1630 ubuntu    20   0 9062240 266340  14340 S 118.4  3.5   1:43.98 java
Fri Jun 13 13:59:03 UTC 2014
  PID USER      PR  NI    VIRT    RES    SHR S  %CPU %MEM     TIME+ COMMAND
 1630 ubuntu    20   0 9062240 265860  14340 S 105.8  3.5   1:45.17 java
Fri Jun 13 13:59:04 UTC 2014
  PID USER      PR  NI    VIRT    RES    SHR S  %CPU %MEM     TIME+ COMMAND
 1630 ubuntu    20   0 9062240 271756  14340 S 102.3  3.5   1:46.63 java
Fri Jun 13 13:59:06 UTC 2014
  PID USER      PR  NI    VIRT    RES    SHR S  %CPU %MEM     TIME+ COMMAND
 1630 ubuntu    20   0 9062240 274088  14340 S 116.5  3.6   1:48.28 java
Fri Jun 13 13:59:07 UTC 2014
  PID USER      PR  NI    VIRT    RES    SHR S  %CPU %MEM     TIME+ COMMAND
 1630 ubuntu    20   0 9062240 275688  14340 S  78.0  3.6   1:49.48 java
Fri Jun 13 13:59:08 UTC 2014
  PID USER      PR  NI    VIRT    RES    SHR S  %CPU %MEM     TIME+ COMMAND
 1630 ubuntu    20   0 9062240 275456  14340 S  77.4  3.6   1:50.53 java
Fri Jun 13 13:59:09 UTC 2014
  PID USER      PR  NI    VIRT    RES    SHR S  %CPU %MEM     TIME+ COMMAND
 1630 ubuntu    20   0 9062240 275464  14340 S  92.6  3.6   1:51.46 java
Fri Jun 13 13:59:10 UTC 2014
  PID USER      PR  NI    VIRT    RES    SHR S  %CPU %MEM     TIME+ COMMAND
 1630 ubuntu    20   0 9062240 274420  14340 S  59.5  3.6   1:52.38 java
Fri Jun 13 13:59:12 UTC 2014
  PID USER      PR  NI    VIRT    RES    SHR S  %CPU %MEM     TIME+ COMMAND
 1630 ubuntu    20   0 9062240 274152  14340 S  79.5  3.6   1:53.19 java
Fri Jun 13 13:59:13 UTC 2014
  PID USER      PR  NI    VIRT    RES    SHR S  %CPU %MEM     TIME+ COMMAND
 1630 ubuntu    20   0 9062240 274568  14340 S  92.7  3.6   1:54.25 java
Fri Jun 13 13:59:14 UTC 2014
  PID USER      PR  NI    VIRT    RES    SHR S  %CPU %MEM     TIME+ COMMAND
 1630 ubuntu    20   0 9062240 275012  14340 S  86.0  3.6   1:55.41 java
Fri Jun 13 13:59:15 UTC 2014
  PID USER      PR  NI    VIRT    RES    SHR S  %CPU %MEM     TIME+ COMMAND
 1630 ubuntu    20   0 9062240 275132  14340 S  92.6  3.6   1:56.44 java
Fri Jun 13 13:59:16 UTC 2014
  PID USER      PR  NI    VIRT    RES    SHR S  %CPU %MEM     TIME+ COMMAND
 1630 ubuntu    20   0 9062240 275808  14340 S  79.4  3.6   1:57.56 java
Fri Jun 13 13:59:18 UTC 2014
  PID USER      PR  NI    VIRT    RES    SHR S  %CPU %MEM     TIME+ COMMAND
 1630 ubuntu    20   0 9062240 276268  14340 S  79.4  3.6   1:58.50 java
Fri Jun 13 13:59:19 UTC 2014
  PID USER      PR  NI    VIRT    RES    SHR S  %CPU %MEM     TIME+ COMMAND
 1630 ubuntu    20   0 9062240 276828  14340 S  46.3  3.6   1:59.40 java
Fri Jun 13 13:59:20 UTC 2014
  PID USER      PR  NI    VIRT    RES    SHR S  %CPU %MEM     TIME+ COMMAND
 1630 ubuntu    20   0 9062240 276556  14340 S  53.0  3.6   2:00.40 java
Fri Jun 13 13:59:21 UTC 2014
  PID USER      PR  NI    VIRT    RES    SHR S  %CPU %MEM     TIME+ COMMAND
 1630 ubuntu    20   0 9062240 277012  14340 S  72.9  3.6   2:01.39 java
Fri Jun 13 13:59:22 UTC 2014
  PID USER      PR  NI    VIRT    RES    SHR S  %CPU %MEM     TIME+ COMMAND
 1630 ubuntu    20   0 9062240 277804  14340 S  66.3  3.6   2:02.42 java
Fri Jun 13 13:59:23 UTC 2014
  PID USER      PR  NI    VIRT    RES    SHR S  %CPU %MEM     TIME+ COMMAND
 1630 ubuntu    20   0 9062240 278108  14340 S  72.7  3.6   2:03.45 java
Fri Jun 13 13:59:25 UTC 2014
  PID USER      PR  NI    VIRT    RES    SHR S  %CPU %MEM     TIME+ COMMAND
 1630 ubuntu    20   0 9062240 278172  14340 S  92.6  3.6   2:04.43 java
Fri Jun 13 13:59:26 UTC 2014
  PID USER      PR  NI    VIRT    RES    SHR S  %CPU %MEM     TIME+ COMMAND
 1630 ubuntu    20   0 9062240 279772  14340 S 138.9  3.6   2:05.74 java
Fri Jun 13 13:59:27 UTC 2014
  PID USER      PR  NI    VIRT    RES    SHR S  %CPU %MEM     TIME+ COMMAND
 1630 ubuntu    20   0 9062240 281912  14340 S 147.7  3.7   2:07.35 java
Fri Jun 13 13:59:28 UTC 2014
  PID USER      PR  NI    VIRT    RES    SHR S  %CPU %MEM     TIME+ COMMAND
 1630 ubuntu    20   0 9062240 285284  14340 S 143.2  3.7   2:08.61 java
Fri Jun 13 13:59:29 UTC 2014
  PID USER      PR  NI    VIRT    RES    SHR S  %CPU %MEM     TIME+ COMMAND
 1630 ubuntu    20   0 9062240 305060  14340 S  66.3  4.0   2:10.00 java
Fri Jun 13 13:59:31 UTC 2014
  PID USER      PR  NI    VIRT    RES    SHR S  %CPU %MEM     TIME+ COMMAND
 1630 ubuntu    20   0 9062240 306460  14340 S 112.6  4.0   2:11.07 java
Fri Jun 13 13:59:32 UTC 2014
  PID USER      PR  NI    VIRT    RES    SHR S  %CPU %MEM     TIME+ COMMAND
 1630 ubuntu    20   0 9062240 307348  14340 S  46.4  4.0   2:12.04 java
Fri Jun 13 13:59:33 UTC 2014
  PID USER      PR  NI    VIRT    RES    SHR S  %CPU %MEM     TIME+ COMMAND
 1630 ubuntu    20   0 9062240 308728  14340 S  99.4  4.0   2:13.29 java
Fri Jun 13 13:59:34 UTC 2014
  PID USER      PR  NI    VIRT    RES    SHR S  %CPU %MEM     TIME+ COMMAND
 1630 ubuntu    20   0 9062240 307780  14340 S  72.9  4.0   2:14.09 java
Fri Jun 13 13:59:35 UTC 2014
  PID USER      PR  NI    VIRT    RES    SHR S  %CPU %MEM     TIME+ COMMAND
 1630 ubuntu    20   0 9062240 308580  14340 S  72.7  4.0   2:15.05 java
Fri Jun 13 13:59:37 UTC 2014
  PID USER      PR  NI    VIRT    RES    SHR S  %CPU %MEM     TIME+ COMMAND
 1630 ubuntu    20   0 9062240 308844  14340 S  39.8  4.0   2:15.74 java
Fri Jun 13 13:59:38 UTC 2014
  PID USER      PR  NI    VIRT    RES    SHR S  %CPU %MEM     TIME+ COMMAND
 1630 ubuntu    20   0 9062240 307836  14340 S  46.3  4.0   2:16.57 java
Fri Jun 13 13:59:39 UTC 2014
  PID USER      PR  NI    VIRT    RES    SHR S  %CPU %MEM     TIME+ COMMAND
 1630 ubuntu    20   0 9062240 307728  14340 S  77.4  4.0   2:17.26 java
Fri Jun 13 13:59:40 UTC 2014
  PID USER      PR  NI    VIRT    RES    SHR S  %CPU %MEM     TIME+ COMMAND
 1630 ubuntu    20   0 9062240 309092  14340 S  59.5  4.0   2:18.12 java
Fri Jun 13 13:59:41 UTC 2014
  PID USER      PR  NI    VIRT    RES    SHR S  %CPU %MEM     TIME+ COMMAND
 1630 ubuntu    20   0 9062240 308944  14340 S  53.0  4.0   2:19.01 java
Fri Jun 13 13:59:42 UTC 2014
  PID USER      PR  NI    VIRT    RES    SHR S  %CPU %MEM     TIME+ COMMAND
 1630 ubuntu    20   0 9062240 309420  14340 S  46.4  4.0   2:19.98 java
Fri Jun 13 13:59:44 UTC 2014
  PID USER      PR  NI    VIRT    RES    SHR S  %CPU %MEM     TIME+ COMMAND
 1630 ubuntu    20   0 9062240 309056  14340 S  66.2  4.0   2:20.87 java
Fri Jun 13 13:59:45 UTC 2014
  PID USER      PR  NI    VIRT    RES    SHR S  %CPU %MEM     TIME+ COMMAND
 1630 ubuntu    20   0 9062240 309192  14340 S  79.4  4.0   2:21.58 java
Fri Jun 13 13:59:46 UTC 2014
  PID USER      PR  NI    VIRT    RES    SHR S  %CPU %MEM     TIME+ COMMAND
 1630 ubuntu    20   0 9062240 309456  14340 S  79.4  4.0   2:22.38 java
Fri Jun 13 13:59:47 UTC 2014
  PID USER      PR  NI    VIRT    RES    SHR S  %CPU %MEM     TIME+ COMMAND
 1630 ubuntu    20   0 9062240 308904  14340 S  33.1  4.0   2:22.99 java
Fri Jun 13 13:59:48 UTC 2014
  PID USER      PR  NI    VIRT    RES    SHR S  %CPU %MEM     TIME+ COMMAND
 1630 ubuntu    20   0 9062240 308920  14340 S  79.0  4.0   2:23.77 java
Fri Jun 13 13:59:50 UTC 2014
  PID USER      PR  NI    VIRT    RES    SHR S  %CPU %MEM     TIME+ COMMAND
 1630 ubuntu    20   0 9062240 309184  14340 S  53.0  4.0   2:24.41 java
Fri Jun 13 13:59:51 UTC 2014
  PID USER      PR  NI    VIRT    RES    SHR S  %CPU %MEM     TIME+ COMMAND
 1630 ubuntu    20   0 9062240 309576  14340 S  33.1  4.0   2:24.91 java
Fri Jun 13 13:59:52 UTC 2014
  PID USER      PR  NI    VIRT    RES    SHR S  %CPU %MEM     TIME+ COMMAND
 1630 ubuntu    20   0 9062240 309704  14340 S  39.8  4.0   2:25.32 java
Fri Jun 13 13:59:53 UTC 2014
  PID USER      PR  NI    VIRT    RES    SHR S  %CPU %MEM     TIME+ COMMAND
 1630 ubuntu    20   0 9062240 309704  14340 S  46.3  4.0   2:25.73 java
Fri Jun 13 13:59:54 UTC 2014
  PID USER      PR  NI    VIRT    RES    SHR S  %CPU %MEM     TIME+ COMMAND
 1630 ubuntu    20   0 9062240 309844  14340 S  33.0  4.0   2:26.16 java
Fri Jun 13 13:59:56 UTC 2014
  PID USER      PR  NI    VIRT    RES    SHR S  %CPU %MEM     TIME+ COMMAND
 1630 ubuntu    20   0 9062240 310368  14340 S  26.3  4.0   2:26.65 java
Fri Jun 13 13:59:57 UTC 2014
  PID USER      PR  NI    VIRT    RES    SHR S  %CPU %MEM     TIME+ COMMAND
 1630 ubuntu    20   0 9062240 310132  14340 S  52.9  4.0   2:27.09 java
Fri Jun 13 13:59:58 UTC 2014
  PID USER      PR  NI    VIRT    RES    SHR S  %CPU %MEM     TIME+ COMMAND
 1630 ubuntu    20   0 9062240 310708  14340 S 105.7  4.0   2:28.06 java
Fri Jun 13 13:59:59 UTC 2014
  PID USER      PR  NI    VIRT    RES    SHR S  %CPU %MEM     TIME+ COMMAND
 1630 ubuntu    20   0 9062240 311260  14340 S  19.8  4.0   2:28.56 java
Fri Jun 13 14:00:00 UTC 2014
  PID USER      PR  NI    VIRT    RES    SHR S  %CPU %MEM     TIME+ COMMAND
 1630 ubuntu    20   0 9062240 311336  14340 S  39.8  4.0   2:28.89 java
Fri Jun 13 14:00:01 UTC 2014
  PID USER      PR  NI    VIRT    RES    SHR S  %CPU %MEM     TIME+ COMMAND
 1630 ubuntu    20   0 9062240 311336  14340 S  26.5  4.0   2:29.23 java
Fri Jun 13 14:00:03 UTC 2014
  PID USER      PR  NI    VIRT    RES    SHR S  %CPU %MEM     TIME+ COMMAND
 1630 ubuntu    20   0 9062240 311108  14340 S  52.3  4.0   2:29.73 java
Fri Jun 13 14:00:04 UTC 2014
  PID USER      PR  NI    VIRT    RES    SHR S  %CPU %MEM     TIME+ COMMAND
 1630 ubuntu    20   0 9062240 311372  14340 S   0.0  4.0   2:29.81 java
Fri Jun 13 14:00:05 UTC 2014
  PID USER      PR  NI    VIRT    RES    SHR S  %CPU %MEM     TIME+ COMMAND
 1630 ubuntu    20   0 9062240 311636  14340 S  13.2  4.1   2:29.95 java
Fri Jun 13 14:00:06 UTC 2014
  PID USER      PR  NI    VIRT    RES    SHR S  %CPU %MEM     TIME+ COMMAND
 1630 ubuntu    20   0 9062240 311636  14340 S  19.9  4.1   2:30.09 java
Fri Jun 13 14:00:07 UTC 2014
  PID USER      PR  NI    VIRT    RES    SHR S  %CPU %MEM     TIME+ COMMAND
 1630 ubuntu    20   0 9062240 311136  14340 S   6.6  4.0   2:30.20 java
Fri Jun 13 14:00:09 UTC 2014
  PID USER      PR  NI    VIRT    RES    SHR S  %CPU %MEM     TIME+ COMMAND
 1630 ubuntu    20   0 9062240 311136  14340 S  13.3  4.0   2:30.33 java
Fri Jun 13 14:00:10 UTC 2014
  PID USER      PR  NI    VIRT    RES    SHR S  %CPU %MEM     TIME+ COMMAND
 1630 ubuntu    20   0 9062240 311136  14340 S   6.6  4.0   2:30.52 java
Fri Jun 13 14:00:11 UTC 2014
  PID USER      PR  NI    VIRT    RES    SHR S  %CPU %MEM     TIME+ COMMAND
 1630 ubuntu    20   0 9062240 310888  14340 S  19.8  4.0   2:30.81 java
Fri Jun 13 14:00:12 UTC 2014
  PID USER      PR  NI    VIRT    RES    SHR S  %CPU %MEM     TIME+ COMMAND
 1630 ubuntu    20   0 9062240 311400  14340 S  26.4  4.0   2:31.37 java
Fri Jun 13 14:00:13 UTC 2014
  PID USER      PR  NI    VIRT    RES    SHR S  %CPU %MEM     TIME+ COMMAND
 1630 ubuntu    20   0 9062240 311300  14340 S   6.6  4.0   2:31.48 java
Fri Jun 13 14:00:14 UTC 2014
  PID USER      PR  NI    VIRT    RES    SHR S  %CPU %MEM     TIME+ COMMAND
 1630 ubuntu    20   0 9062240 311300  14340 S   0.0  4.0   2:31.60 java
Fri Jun 13 14:00:16 UTC 2014
  PID USER      PR  NI    VIRT    RES    SHR S  %CPU %MEM     TIME+ COMMAND
 1630 ubuntu    20   0 9062240 311300  14340 S   0.0  4.0   2:31.62 java
Fri Jun 13 14:00:17 UTC 2014
  PID USER      PR  NI    VIRT    RES    SHR S  %CPU %MEM     TIME+ COMMAND
 1630 ubuntu    20   0 9062240 311300  14340 S   0.0  4.0   2:31.62 java
Fri Jun 13 14:00:18 UTC 2014
  PID USER      PR  NI    VIRT    RES    SHR S  %CPU %MEM     TIME+ COMMAND
 1630 ubuntu    20   0 9062240 311300  14340 S   0.0  4.0   2:31.63 java
Fri Jun 13 14:00:19 UTC 2014
  PID USER      PR  NI    VIRT    RES    SHR S  %CPU %MEM     TIME+ COMMAND
 1630 ubuntu    20   0 9062240 311300  14340 S   0.0  4.0   2:31.64 java
Fri Jun 13 14:00:20 UTC 2014
  PID USER      PR  NI    VIRT    RES    SHR S  %CPU %MEM     TIME+ COMMAND
 1630 ubuntu    20   0 9062240 311300  14340 S   0.0  4.0   2:31.64 java
Fri Jun 13 14:00:21 UTC 2014
  PID USER      PR  NI    VIRT    RES    SHR S  %CPU %MEM     TIME+ COMMAND
 1630 ubuntu    20   0 9062240 311300  14340 S   6.6  4.0   2:31.66 java
Fri Jun 13 14:00:23 UTC 2014
  PID USER      PR  NI    VIRT    RES    SHR S  %CPU %MEM     TIME+ COMMAND
 1630 ubuntu    20   0 9062240 311300  14340 S   0.0  4.0   2:31.66 java
Fri Jun 13 14:00:24 UTC 2014
  PID USER      PR  NI    VIRT    RES    SHR S  %CPU %MEM     TIME+ COMMAND
 1630 ubuntu    20   0 9062240 311824  14340 S   0.0  4.1   2:31.69 java
Fri Jun 13 14:00:25 UTC 2014
  PID USER      PR  NI    VIRT    RES    SHR S  %CPU %MEM     TIME+ COMMAND
 1630 ubuntu    20   0 9062240 311824  14340 S   0.0  4.1   2:31.70 java
Fri Jun 13 14:00:26 UTC 2014
  PID USER      PR  NI    VIRT    RES    SHR S  %CPU %MEM     TIME+ COMMAND
 1630 ubuntu    20   0 9062240 311824  14340 S   0.0  4.1   2:31.70 java
Fri Jun 13 14:00:27 UTC 2014
  PID USER      PR  NI    VIRT    RES    SHR S  %CPU %MEM     TIME+ COMMAND
 1630 ubuntu    20   0 9062240 311824  14340 S   6.6  4.1   2:31.71 java
Fri Jun 13 14:00:28 UTC 2014
  PID USER      PR  NI    VIRT    RES    SHR S  %CPU %MEM     TIME+ COMMAND
 1630 ubuntu    20   0 9062240 311824  14340 S   0.0  4.1   2:31.71 java
Fri Jun 13 14:00:30 UTC 2014
  PID USER      PR  NI    VIRT    RES    SHR S  %CPU %MEM     TIME+ COMMAND
 1630 ubuntu    20   0 9062240 311824  14340 S   0.0  4.1   2:31.73 java
Fri Jun 13 14:00:31 UTC 2014
  PID USER      PR  NI    VIRT    RES    SHR S  %CPU %MEM     TIME+ COMMAND
 1630 ubuntu    20   0 9062240 311824  14340 S   0.0  4.1   2:31.73 java
Fri Jun 13 14:00:32 UTC 2014
  PID USER      PR  NI    VIRT    RES    SHR S  %CPU %MEM     TIME+ COMMAND
 1630 ubuntu    20   0 9062240 311824  14340 S   6.6  4.1   2:31.74 java
Fri Jun 13 14:00:33 UTC 2014
  PID USER      PR  NI    VIRT    RES    SHR S  %CPU %MEM     TIME+ COMMAND
 1630 ubuntu    20   0 9062240 311824  14340 S   6.6  4.1   2:31.75 java
Fri Jun 13 14:00:34 UTC 2014
  PID USER      PR  NI    VIRT    RES    SHR S  %CPU %MEM     TIME+ COMMAND
 1630 ubuntu    20   0 9062240 311824  14340 S   0.0  4.1   2:31.75 java
Fri Jun 13 14:00:36 UTC 2014
  PID USER      PR  NI    VIRT    RES    SHR S  %CPU %MEM     TIME+ COMMAND
 1630 ubuntu    20   0 9062240 311824  14340 S   6.6  4.1   2:31.77 java
Fri Jun 13 14:00:37 UTC 2014
  PID USER      PR  NI    VIRT    RES    SHR S  %CPU %MEM     TIME+ COMMAND
 1630 ubuntu    20   0 9062240 311824  14340 S   0.0  4.1   2:31.77 java
Fri Jun 13 14:00:38 UTC 2014
  PID USER      PR  NI    VIRT    RES    SHR S  %CPU %MEM     TIME+ COMMAND
 1630 ubuntu    20   0 9062240 311824  14340 S   0.0  4.1   2:31.77 java
Fri Jun 13 14:00:39 UTC 2014
  PID USER      PR  NI    VIRT    RES    SHR S  %CPU %MEM     TIME+ COMMAND
 1630 ubuntu    20   0 9062240 311824  14340 S   0.0  4.1   2:31.78 java
Fri Jun 13 14:00:40 UTC 2014
  PID USER      PR  NI    VIRT    RES    SHR S  %CPU %MEM     TIME+ COMMAND
 1630 ubuntu    20   0 9062240 311824  14340 S   0.0  4.1   2:31.78 java
Fri Jun 13 14:00:41 UTC 2014
  PID USER      PR  NI    VIRT    RES    SHR S  %CPU %MEM     TIME+ COMMAND
 1630 ubuntu    20   0 9062240 311824  14340 S   0.0  4.1   2:31.80 java
Fri Jun 13 14:00:43 UTC 2014
  PID USER      PR  NI    VIRT    RES    SHR S  %CPU %MEM     TIME+ COMMAND
 1630 ubuntu    20   0 9062240 311824  14340 S   0.0  4.1   2:31.80 java
Fri Jun 13 14:00:44 UTC 2014
  PID USER      PR  NI    VIRT    RES    SHR S  %CPU %MEM     TIME+ COMMAND
 1630 ubuntu    20   0 9062240 311824  14340 S   0.0  4.1   2:31.81 java
Fri Jun 13 14:00:45 UTC 2014
  PID USER      PR  NI    VIRT    RES    SHR S  %CPU %MEM     TIME+ COMMAND
 1630 ubuntu    20   0 9062240 311824  14340 S   0.0  4.1   2:31.82 java
Fri Jun 13 14:00:46 UTC 2014
  PID USER      PR  NI    VIRT    RES    SHR S  %CPU %MEM     TIME+ COMMAND
 1630 ubuntu    20   0 9062240 311824  14340 S   0.0  4.1   2:31.82 java
Fri Jun 13 14:00:47 UTC 2014
  PID USER      PR  NI    VIRT    RES    SHR S  %CPU %MEM     TIME+ COMMAND
 1630 ubuntu    20   0 9062240 311824  14340 S   0.0  4.1   2:31.84 java
Fri Jun 13 14:00:48 UTC 2014
  PID USER      PR  NI    VIRT    RES    SHR S  %CPU %MEM     TIME+ COMMAND
 1630 ubuntu    20   0 9062240 311824  14340 S   0.0  4.1   2:31.84 java
Fri Jun 13 14:00:50 UTC 2014
  PID USER      PR  NI    VIRT    RES    SHR S  %CPU %MEM     TIME+ COMMAND
 1630 ubuntu    20   0 9062240 311824  14340 S   0.0  4.1   2:31.85 java
Fri Jun 13 14:00:51 UTC 2014
  PID USER      PR  NI    VIRT    RES    SHR S  %CPU %MEM     TIME+ COMMAND
 1630 ubuntu    20   0 9062240 311824  14340 S   0.0  4.1   2:31.85 java
Fri Jun 13 14:00:52 UTC 2014
  PID USER      PR  NI    VIRT    RES    SHR S  %CPU %MEM     TIME+ COMMAND
 1630 ubuntu    20   0 9062240 311824  14340 S   0.0  4.1   2:31.85 java
Fri Jun 13 14:00:53 UTC 2014
  PID USER      PR  NI    VIRT    RES    SHR S  %CPU %MEM     TIME+ COMMAND
 1630 ubuntu    20   0 9062240 311824  14340 S   6.5  4.1   2:31.88 java
Fri Jun 13 14:00:54 UTC 2014
  PID USER      PR  NI    VIRT    RES    SHR S  %CPU %MEM     TIME+ COMMAND
 1630 ubuntu    20   0 9062240 311824  14340 S   0.0  4.1   2:31.88 java
Fri Jun 13 14:00:55 UTC 2014
  PID USER      PR  NI    VIRT    RES    SHR S  %CPU %MEM     TIME+ COMMAND
 1630 ubuntu    20   0 9062240 311824  14340 S   0.0  4.1   2:31.89 java
Fri Jun 13 14:00:57 UTC 2014
  PID USER      PR  NI    VIRT    RES    SHR S  %CPU %MEM     TIME+ COMMAND
 1630 ubuntu    20   0 9062240 311824  14340 S   0.0  4.1   2:31.89 java
Fri Jun 13 14:00:58 UTC 2014
  PID USER      PR  NI    VIRT    RES    SHR S  %CPU %MEM     TIME+ COMMAND
 1630 ubuntu    20   0 9062240 311824  14340 S   0.0  4.1   2:31.91 java
Fri Jun 13 14:00:59 UTC 2014
  PID USER      PR  NI    VIRT    RES    SHR S  %CPU %MEM     TIME+ COMMAND
 1630 ubuntu    20   0 9062240 311824  14340 S   0.0  4.1   2:31.91 java
Fri Jun 13 14:01:00 UTC 2014
  PID USER      PR  NI    VIRT    RES    SHR S  %CPU %MEM     TIME+ COMMAND
 1630 ubuntu    20   0 9062240 311824  14340 S   0.0  4.1   2:31.91 java
Fri Jun 13 14:01:01 UTC 2014
  PID USER      PR  NI    VIRT    RES    SHR S  %CPU %MEM     TIME+ COMMAND
 1630 ubuntu    20   0 9062240 311824  14340 S   0.0  4.1   2:31.92 java
Fri Jun 13 14:01:02 UTC 2014
  PID USER      PR  NI    VIRT    RES    SHR S  %CPU %MEM     TIME+ COMMAND
 1630 ubuntu    20   0 9062240 311824  14340 S   0.0  4.1   2:31.92 java
Fri Jun 13 14:01:04 UTC 2014
  PID USER      PR  NI    VIRT    RES    SHR S  %CPU %MEM     TIME+ COMMAND
 1630 ubuntu    20   0 9062240 311904  14340 S   6.6  4.1   2:31.95 java
Fri Jun 13 14:01:05 UTC 2014
  PID USER      PR  NI    VIRT    RES    SHR S  %CPU %MEM     TIME+ COMMAND
 1630 ubuntu    20   0 9062240 311904  14340 S   0.0  4.1   2:31.95 java
Fri Jun 13 14:01:06 UTC 2014
  PID USER      PR  NI    VIRT    RES    SHR S  %CPU %MEM     TIME+ COMMAND
 1630 ubuntu    20   0 9062240 311904  14340 S   0.0  4.1   2:31.95 java
Fri Jun 13 14:01:07 UTC 2014
  PID USER      PR  NI    VIRT    RES    SHR S  %CPU %MEM     TIME+ COMMAND
 1630 ubuntu    20   0 9062240 311904  14340 S   0.0  4.1   2:31.96 java
Fri Jun 13 14:01:08 UTC 2014
  PID USER      PR  NI    VIRT    RES    SHR S  %CPU %MEM     TIME+ COMMAND
 1630 ubuntu    20   0 9062240 311904  14340 S   0.0  4.1   2:31.96 java
Fri Jun 13 14:01:09 UTC 2014
  PID USER      PR  NI    VIRT    RES    SHR S  %CPU %MEM     TIME+ COMMAND
 1630 ubuntu    20   0 9062240 311904  14340 S   0.0  4.1   2:31.97 java
Fri Jun 13 14:01:11 UTC 2014
  PID USER      PR  NI    VIRT    RES    SHR S  %CPU %MEM     TIME+ COMMAND
 1630 ubuntu    20   0 9062240 311904  14340 S   0.0  4.1   2:31.98 java
Fri Jun 13 14:01:12 UTC 2014
  PID USER      PR  NI    VIRT    RES    SHR S  %CPU %MEM     TIME+ COMMAND
 1630 ubuntu    20   0 9062240 311904  14340 S   0.0  4.1   2:31.98 java
Fri Jun 13 14:01:13 UTC 2014
  PID USER      PR  NI    VIRT    RES    SHR S  %CPU %MEM     TIME+ COMMAND
 1630 ubuntu    20   0 9062240 311904  14340 S   0.0  4.1   2:31.99 java
Fri Jun 13 14:01:14 UTC 2014
  PID USER      PR  NI    VIRT    RES    SHR S  %CPU %MEM     TIME+ COMMAND
 1630 ubuntu    20   0 9062240 311904  14340 S   0.0  4.1   2:32.00 java
Fri Jun 13 14:01:15 UTC 2014
  PID USER      PR  NI    VIRT    RES    SHR S  %CPU %MEM     TIME+ COMMAND
 1630 ubuntu    20   0 9062240 311904  14340 S   0.0  4.1   2:32.02 java
Fri Jun 13 14:01:17 UTC 2014
  PID USER      PR  NI    VIRT    RES    SHR S  %CPU %MEM     TIME+ COMMAND
 1630 ubuntu    20   0 9062240 311904  14340 S   0.0  4.1   2:32.03 java
Fri Jun 13 14:01:18 UTC 2014
  PID USER      PR  NI    VIRT    RES    SHR S  %CPU %MEM     TIME+ COMMAND
 1630 ubuntu    20   0 9062240 311904  14340 S   0.0  4.1   2:32.04 java
Fri Jun 13 14:01:19 UTC 2014
  PID USER      PR  NI    VIRT    RES    SHR S  %CPU %MEM     TIME+ COMMAND
 1630 ubuntu    20   0 9062240 311904  14340 S   0.0  4.1   2:32.04 java
Fri Jun 13 14:01:20 UTC 2014
  PID USER      PR  NI    VIRT    RES    SHR S  %CPU %MEM     TIME+ COMMAND
 1630 ubuntu    20   0 9062240 311904  14340 S   0.0  4.1   2:32.05 java
Fri Jun 13 14:01:21 UTC 2014
  PID USER      PR  NI    VIRT    RES    SHR S  %CPU %MEM     TIME+ COMMAND
 1630 ubuntu    20   0 9062240 311904  14340 S   0.0  4.1   2:32.05 java
Fri Jun 13 14:01:22 UTC 2014
  PID USER      PR  NI    VIRT    RES    SHR S  %CPU %MEM     TIME+ COMMAND
 1630 ubuntu    20   0 9062240 311904  14340 S   0.0  4.1   2:32.05 java
Fri Jun 13 14:01:24 UTC 2014
  PID USER      PR  NI    VIRT    RES    SHR S  %CPU %MEM     TIME+ COMMAND
 1630 ubuntu    20   0 9062240 311904  14340 S   0.0  4.1   2:32.08 java
Fri Jun 13 14:01:25 UTC 2014
  PID USER      PR  NI    VIRT    RES    SHR S  %CPU %MEM     TIME+ COMMAND
 1630 ubuntu    20   0 9062240 311904  14340 S   0.0  4.1   2:32.09 java
Fri Jun 13 14:01:26 UTC 2014
  PID USER      PR  NI    VIRT    RES    SHR S  %CPU %MEM     TIME+ COMMAND
 1630 ubuntu    20   0 9062240 311904  14340 S   0.0  4.1   2:32.09 java
Fri Jun 13 14:01:27 UTC 2014
  PID USER      PR  NI    VIRT    RES    SHR S  %CPU %MEM     TIME+ COMMAND
 1630 ubuntu    20   0 9062240 311904  14340 S   6.6  4.1   2:32.10 java
Fri Jun 13 14:01:28 UTC 2014
  PID USER      PR  NI    VIRT    RES    SHR S  %CPU %MEM     TIME+ COMMAND
 1630 ubuntu    20   0 9062240 311904  14340 S   0.0  4.1   2:32.11 java
Fri Jun 13 14:01:29 UTC 2014
  PID USER      PR  NI    VIRT    RES    SHR S  %CPU %MEM     TIME+ COMMAND
 1630 ubuntu    20   0 9062240 311904  14340 S   0.0  4.1   2:32.11 java
