Fri Jun 13 08:08:14 UTC 2014
  PID USER      PR  NI    VIRT    RES    SHR S  %CPU %MEM     TIME+ COMMAND
 1471 ubuntu    20   0 16.885g 287548  14436 S   0.0  1.9   0:19.35 java
Fri Jun 13 08:08:15 UTC 2014
  PID USER      PR  NI    VIRT    RES    SHR S  %CPU %MEM     TIME+ COMMAND
 1471 ubuntu    20   0 16.885g 287548  14436 S   0.0  1.9   0:19.36 java
Fri Jun 13 08:08:17 UTC 2014
  PID USER      PR  NI    VIRT    RES    SHR S  %CPU %MEM     TIME+ COMMAND
 1471 ubuntu    20   0 16.885g 287548  14436 S   0.0  1.9   0:19.37 java
Fri Jun 13 08:08:18 UTC 2014
  PID USER      PR  NI    VIRT    RES    SHR S  %CPU %MEM     TIME+ COMMAND
 1471 ubuntu    20   0 16.885g 287548  14436 S   0.0  1.9   0:19.38 java
Fri Jun 13 08:08:19 UTC 2014
  PID USER      PR  NI    VIRT    RES    SHR S  %CPU %MEM     TIME+ COMMAND
 1471 ubuntu    20   0 16.885g 287548  14436 S   0.0  1.9   0:19.39 java
Fri Jun 13 08:08:20 UTC 2014
  PID USER      PR  NI    VIRT    RES    SHR S  %CPU %MEM     TIME+ COMMAND
 1471 ubuntu    20   0 16.885g 287548  14436 S   0.0  1.9   0:19.40 java
Fri Jun 13 08:08:21 UTC 2014
  PID USER      PR  NI    VIRT    RES    SHR S  %CPU %MEM     TIME+ COMMAND
 1471 ubuntu    20   0 16.885g 287548  14436 S   0.0  1.9   0:19.41 java
Fri Jun 13 08:08:22 UTC 2014
  PID USER      PR  NI    VIRT    RES    SHR S  %CPU %MEM     TIME+ COMMAND
 1471 ubuntu    20   0 16.885g 287548  14436 S   0.0  1.9   0:19.42 java
Fri Jun 13 08:08:24 UTC 2014
  PID USER      PR  NI    VIRT    RES    SHR S  %CPU %MEM     TIME+ COMMAND
 1471 ubuntu    20   0 16.885g 287548  14436 S   0.0  1.9   0:19.43 java
Fri Jun 13 08:08:25 UTC 2014
  PID USER      PR  NI    VIRT    RES    SHR S  %CPU %MEM     TIME+ COMMAND
 1471 ubuntu    20   0 16.885g 287548  14436 S   0.0  1.9   0:19.43 java
Fri Jun 13 08:08:26 UTC 2014
  PID USER      PR  NI    VIRT    RES    SHR S  %CPU %MEM     TIME+ COMMAND
 1471 ubuntu    20   0 16.885g 287548  14436 S   0.0  1.9   0:19.44 java
Fri Jun 13 08:08:27 UTC 2014
  PID USER      PR  NI    VIRT    RES    SHR S  %CPU %MEM     TIME+ COMMAND
 1471 ubuntu    20   0 16.885g 287548  14436 S   0.0  1.9   0:19.44 java
Fri Jun 13 08:08:28 UTC 2014
  PID USER      PR  NI    VIRT    RES    SHR S  %CPU %MEM     TIME+ COMMAND
 1471 ubuntu    20   0 16.885g 287548  14436 S   0.0  1.9   0:19.45 java
Fri Jun 13 08:08:29 UTC 2014
  PID USER      PR  NI    VIRT    RES    SHR S  %CPU %MEM     TIME+ COMMAND
 1471 ubuntu    20   0 16.885g 287548  14436 S   0.0  1.9   0:19.47 java
Fri Jun 13 08:08:31 UTC 2014
  PID USER      PR  NI    VIRT    RES    SHR S  %CPU %MEM     TIME+ COMMAND
 1471 ubuntu    20   0 16.885g 287548  14436 S   0.0  1.9   0:19.48 java
Fri Jun 13 08:08:32 UTC 2014
  PID USER      PR  NI    VIRT    RES    SHR S  %CPU %MEM     TIME+ COMMAND
 1471 ubuntu    20   0 16.885g 287548  14436 S   0.0  1.9   0:19.48 java
Fri Jun 13 08:08:33 UTC 2014
  PID USER      PR  NI    VIRT    RES    SHR S  %CPU %MEM     TIME+ COMMAND
 1471 ubuntu    20   0 16.885g 287548  14436 S   0.0  1.9   0:19.49 java
Fri Jun 13 08:08:34 UTC 2014
  PID USER      PR  NI    VIRT    RES    SHR S  %CPU %MEM     TIME+ COMMAND
 1471 ubuntu    20   0 16.885g 287548  14436 S  13.3  1.9   0:19.51 java
Fri Jun 13 08:08:35 UTC 2014
  PID USER      PR  NI    VIRT    RES    SHR S  %CPU %MEM     TIME+ COMMAND
 1471 ubuntu    20   0 16.885g 287548  14436 S   0.0  1.9   0:19.51 java
Fri Jun 13 08:08:37 UTC 2014
  PID USER      PR  NI    VIRT    RES    SHR S  %CPU %MEM     TIME+ COMMAND
 1471 ubuntu    20   0 16.885g 287548  14436 S   0.0  1.9   0:19.52 java
Fri Jun 13 08:08:38 UTC 2014
  PID USER      PR  NI    VIRT    RES    SHR S  %CPU %MEM     TIME+ COMMAND
 1471 ubuntu    20   0 16.885g 287548  14436 S   0.0  1.9   0:19.52 java
Fri Jun 13 08:08:39 UTC 2014
  PID USER      PR  NI    VIRT    RES    SHR S  %CPU %MEM     TIME+ COMMAND
 1471 ubuntu    20   0 16.885g 287548  14436 S   0.0  1.9   0:19.53 java
Fri Jun 13 08:08:40 UTC 2014
  PID USER      PR  NI    VIRT    RES    SHR S  %CPU %MEM     TIME+ COMMAND
 1471 ubuntu    20   0 16.885g 287548  14436 S   6.6  1.9   0:19.54 java
Fri Jun 13 08:08:41 UTC 2014
  PID USER      PR  NI    VIRT    RES    SHR S  %CPU %MEM     TIME+ COMMAND
 1471 ubuntu    20   0 16.885g 287548  14436 S   0.0  1.9   0:19.55 java
Fri Jun 13 08:08:42 UTC 2014
  PID USER      PR  NI    VIRT    RES    SHR S  %CPU %MEM     TIME+ COMMAND
 1471 ubuntu    20   0 16.885g 287548  14436 S   0.0  1.9   0:19.56 java
Fri Jun 13 08:08:44 UTC 2014
  PID USER      PR  NI    VIRT    RES    SHR S  %CPU %MEM     TIME+ COMMAND
 1471 ubuntu    20   0 16.885g 287548  14436 S   0.0  1.9   0:19.56 java
Fri Jun 13 08:08:45 UTC 2014
  PID USER      PR  NI    VIRT    RES    SHR S  %CPU %MEM     TIME+ COMMAND
 1471 ubuntu    20   0 16.885g 287548  14436 S   0.0  1.9   0:19.57 java
Fri Jun 13 08:08:46 UTC 2014
  PID USER      PR  NI    VIRT    RES    SHR S  %CPU %MEM     TIME+ COMMAND
 1471 ubuntu    20   0 16.885g 287548  14436 S   0.0  1.9   0:19.57 java
Fri Jun 13 08:08:47 UTC 2014
  PID USER      PR  NI    VIRT    RES    SHR S  %CPU %MEM     TIME+ COMMAND
 1471 ubuntu    20   0 16.885g 287548  14436 S   6.6  1.9   0:19.59 java
Fri Jun 13 08:08:48 UTC 2014
  PID USER      PR  NI    VIRT    RES    SHR S  %CPU %MEM     TIME+ COMMAND
 1471 ubuntu    20   0 16.885g 287548  14436 S   0.0  1.9   0:19.59 java
Fri Jun 13 08:08:49 UTC 2014
  PID USER      PR  NI    VIRT    RES    SHR S  %CPU %MEM     TIME+ COMMAND
 1471 ubuntu    20   0 16.885g 287548  14436 S   0.0  1.9   0:19.60 java
Fri Jun 13 08:08:51 UTC 2014
  PID USER      PR  NI    VIRT    RES    SHR S  %CPU %MEM     TIME+ COMMAND
 1471 ubuntu    20   0 16.885g 287636  14436 S   0.0  1.9   0:19.61 java
Fri Jun 13 08:08:52 UTC 2014
  PID USER      PR  NI    VIRT    RES    SHR S  %CPU %MEM     TIME+ COMMAND
 1471 ubuntu    20   0 16.885g 287636  14436 S   0.0  1.9   0:19.62 java
Fri Jun 13 08:08:53 UTC 2014
  PID USER      PR  NI    VIRT    RES    SHR S  %CPU %MEM     TIME+ COMMAND
 1471 ubuntu    20   0 16.885g 287636  14436 S   0.0  1.9   0:19.63 java
Fri Jun 13 08:08:54 UTC 2014
  PID USER      PR  NI    VIRT    RES    SHR S  %CPU %MEM     TIME+ COMMAND
 1471 ubuntu    20   0 16.885g 287636  14436 S   0.0  1.9   0:19.63 java
Fri Jun 13 08:08:55 UTC 2014
  PID USER      PR  NI    VIRT    RES    SHR S  %CPU %MEM     TIME+ COMMAND
 1471 ubuntu    20   0 16.885g 287636  14436 S   0.0  1.9   0:19.64 java
Fri Jun 13 08:08:56 UTC 2014
  PID USER      PR  NI    VIRT    RES    SHR S  %CPU %MEM     TIME+ COMMAND
 1471 ubuntu    20   0 16.885g 287720  14436 S   0.0  1.9   0:19.64 java
Fri Jun 13 08:08:58 UTC 2014
  PID USER      PR  NI    VIRT    RES    SHR S  %CPU %MEM     TIME+ COMMAND
 1471 ubuntu    20   0 16.885g 287720  14436 S   0.0  1.9   0:19.65 java
Fri Jun 13 08:08:59 UTC 2014
  PID USER      PR  NI    VIRT    RES    SHR S  %CPU %MEM     TIME+ COMMAND
 1471 ubuntu    20   0 16.885g 287720  14436 S   6.6  1.9   0:19.66 java
Fri Jun 13 08:09:00 UTC 2014
  PID USER      PR  NI    VIRT    RES    SHR S  %CPU %MEM     TIME+ COMMAND
 1471 ubuntu    20   0 16.885g 287720  14436 S   0.0  1.9   0:19.67 java
Fri Jun 13 08:09:01 UTC 2014
  PID USER      PR  NI    VIRT    RES    SHR S  %CPU %MEM     TIME+ COMMAND
 1471 ubuntu    20   0 16.885g 287720  14436 S   0.0  1.9   0:19.68 java
Fri Jun 13 08:09:02 UTC 2014
  PID USER      PR  NI    VIRT    RES    SHR S  %CPU %MEM     TIME+ COMMAND
 1471 ubuntu    20   0 16.885g 287720  14436 S   0.0  1.9   0:19.68 java
Fri Jun 13 08:09:03 UTC 2014
  PID USER      PR  NI    VIRT    RES    SHR S  %CPU %MEM     TIME+ COMMAND
 1471 ubuntu    20   0 16.885g 287720  14436 S   0.0  1.9   0:19.69 java
Fri Jun 13 08:09:05 UTC 2014
  PID USER      PR  NI    VIRT    RES    SHR S  %CPU %MEM     TIME+ COMMAND
 1471 ubuntu    20   0 16.885g 287720  14436 S   0.0  1.9   0:19.69 java
Fri Jun 13 08:09:06 UTC 2014
  PID USER      PR  NI    VIRT    RES    SHR S  %CPU %MEM     TIME+ COMMAND
 1471 ubuntu    20   0 16.885g 287804  14436 S   0.0  1.9   0:19.70 java
Fri Jun 13 08:09:07 UTC 2014
  PID USER      PR  NI    VIRT    RES    SHR S  %CPU %MEM     TIME+ COMMAND
 1471 ubuntu    20   0 16.885g 287804  14436 S   0.0  1.9   0:19.71 java
Fri Jun 13 08:09:08 UTC 2014
  PID USER      PR  NI    VIRT    RES    SHR S  %CPU %MEM     TIME+ COMMAND
 1471 ubuntu    20   0 16.885g 287804  14436 S   0.0  1.9   0:19.72 java
Fri Jun 13 08:09:09 UTC 2014
  PID USER      PR  NI    VIRT    RES    SHR S  %CPU %MEM     TIME+ COMMAND
 1471 ubuntu    20   0 16.885g 287804  14436 S   0.0  1.9   0:19.73 java
Fri Jun 13 08:09:10 UTC 2014
  PID USER      PR  NI    VIRT    RES    SHR S  %CPU %MEM     TIME+ COMMAND
 1471 ubuntu    20   0 16.885g 287892  14436 S   0.0  1.9   0:19.73 java
Fri Jun 13 08:09:12 UTC 2014
  PID USER      PR  NI    VIRT    RES    SHR S  %CPU %MEM     TIME+ COMMAND
 1471 ubuntu    20   0 16.885g 287892  14436 S   0.0  1.9   0:19.74 java
Fri Jun 13 08:09:13 UTC 2014
  PID USER      PR  NI    VIRT    RES    SHR S  %CPU %MEM     TIME+ COMMAND
 1471 ubuntu    20   0 16.885g 287892  14436 S   0.0  1.9   0:19.74 java
Fri Jun 13 08:09:14 UTC 2014
  PID USER      PR  NI    VIRT    RES    SHR S  %CPU %MEM     TIME+ COMMAND
 1471 ubuntu    20   0 16.885g 287892  14436 S   0.0  1.9   0:19.76 java
Fri Jun 13 08:09:15 UTC 2014
  PID USER      PR  NI    VIRT    RES    SHR S  %CPU %MEM     TIME+ COMMAND
 1471 ubuntu    20   0 16.885g 287892  14436 S   0.0  1.9   0:19.76 java
Fri Jun 13 08:09:16 UTC 2014
  PID USER      PR  NI    VIRT    RES    SHR S  %CPU %MEM     TIME+ COMMAND
 1471 ubuntu    20   0 16.885g 287892  14436 S   0.0  1.9   0:19.77 java
Fri Jun 13 08:09:17 UTC 2014
  PID USER      PR  NI    VIRT    RES    SHR S  %CPU %MEM     TIME+ COMMAND
 1471 ubuntu    20   0 16.885g 287892  14436 S   0.0  1.9   0:19.77 java
Fri Jun 13 08:09:19 UTC 2014
  PID USER      PR  NI    VIRT    RES    SHR S  %CPU %MEM     TIME+ COMMAND
 1471 ubuntu    20   0 16.885g 287892  14436 S   6.6  1.9   0:19.78 java
Fri Jun 13 08:09:20 UTC 2014
  PID USER      PR  NI    VIRT    RES    SHR S  %CPU %MEM     TIME+ COMMAND
 1471 ubuntu    20   0 16.885g 287892  14436 S   0.0  1.9   0:19.80 java
Fri Jun 13 08:09:21 UTC 2014
  PID USER      PR  NI    VIRT    RES    SHR S  %CPU %MEM     TIME+ COMMAND
 1471 ubuntu    20   0 16.885g 287980  14436 S   0.0  1.9   0:19.80 java
Fri Jun 13 08:09:22 UTC 2014
  PID USER      PR  NI    VIRT    RES    SHR S  %CPU %MEM     TIME+ COMMAND
 1471 ubuntu    20   0 16.885g 287980  14436 S   0.0  1.9   0:19.81 java
Fri Jun 13 08:09:23 UTC 2014
  PID USER      PR  NI    VIRT    RES    SHR S  %CPU %MEM     TIME+ COMMAND
 1471 ubuntu    20   0 16.885g 287980  14436 S   0.0  1.9   0:19.81 java
Fri Jun 13 08:09:24 UTC 2014
  PID USER      PR  NI    VIRT    RES    SHR S  %CPU %MEM     TIME+ COMMAND
 1471 ubuntu    20   0 16.885g 287980  14436 S   0.0  1.9   0:19.82 java
Fri Jun 13 08:09:26 UTC 2014
  PID USER      PR  NI    VIRT    RES    SHR S  %CPU %MEM     TIME+ COMMAND
 1471 ubuntu    20   0 16.885g 287980  14436 S   6.6  1.9   0:19.83 java
Fri Jun 13 08:09:27 UTC 2014
  PID USER      PR  NI    VIRT    RES    SHR S  %CPU %MEM     TIME+ COMMAND
 1471 ubuntu    20   0 16.885g 287980  14436 S   0.0  1.9   0:19.84 java
Fri Jun 13 08:09:28 UTC 2014
  PID USER      PR  NI    VIRT    RES    SHR S  %CPU %MEM     TIME+ COMMAND
 1471 ubuntu    20   0 16.885g 287980  14436 S   0.0  1.9   0:19.84 java
Fri Jun 13 08:09:29 UTC 2014
  PID USER      PR  NI    VIRT    RES    SHR S  %CPU %MEM     TIME+ COMMAND
 1471 ubuntu    20   0 16.885g 287980  14436 S   0.0  1.9   0:19.86 java
Fri Jun 13 08:09:30 UTC 2014
  PID USER      PR  NI    VIRT    RES    SHR S  %CPU %MEM     TIME+ COMMAND
 1471 ubuntu    20   0 16.885g 287980  14436 S   0.0  1.9   0:19.87 java
Fri Jun 13 08:09:32 UTC 2014
  PID USER      PR  NI    VIRT    RES    SHR S  %CPU %MEM     TIME+ COMMAND
 1471 ubuntu    20   0 16.885g 287980  14436 S   0.0  1.9   0:19.88 java
Fri Jun 13 08:09:33 UTC 2014
  PID USER      PR  NI    VIRT    RES    SHR S  %CPU %MEM     TIME+ COMMAND
 1471 ubuntu    20   0 16.885g 287980  14436 S   0.0  1.9   0:19.88 java
Fri Jun 13 08:09:34 UTC 2014
  PID USER      PR  NI    VIRT    RES    SHR S  %CPU %MEM     TIME+ COMMAND
 1471 ubuntu    20   0 16.885g 288440  14436 S  39.7  1.9   0:19.98 java
Fri Jun 13 08:09:35 UTC 2014
  PID USER      PR  NI    VIRT    RES    SHR S  %CPU %MEM     TIME+ COMMAND
 1471 ubuntu    20   0 16.885g 288988  14436 S   6.6  1.9   0:20.13 java
Fri Jun 13 08:09:36 UTC 2014
  PID USER      PR  NI    VIRT    RES    SHR S  %CPU %MEM     TIME+ COMMAND
 1471 ubuntu    20   0 16.885g 288988  14436 S   0.0  1.9   0:20.19 java
Fri Jun 13 08:09:37 UTC 2014
  PID USER      PR  NI    VIRT    RES    SHR S  %CPU %MEM     TIME+ COMMAND
 1471 ubuntu    20   0 16.885g 290080  14576 S  33.1  1.9   0:20.78 java
Fri Jun 13 08:09:39 UTC 2014
  PID USER      PR  NI    VIRT    RES    SHR S  %CPU %MEM     TIME+ COMMAND
 1471 ubuntu    20   0 16.885g 290820  14576 S  72.9  1.9   0:21.04 java
Fri Jun 13 08:09:40 UTC 2014
  PID USER      PR  NI    VIRT    RES    SHR S  %CPU %MEM     TIME+ COMMAND
 1471 ubuntu    20   0 16.885g 293544  14600 S  72.9  1.9   0:21.51 java
Fri Jun 13 08:09:41 UTC 2014
  PID USER      PR  NI    VIRT    RES    SHR S  %CPU %MEM     TIME+ COMMAND
 1471 ubuntu    20   0 16.885g 294692  14600 S  19.9  1.9   0:21.91 java
Fri Jun 13 08:09:42 UTC 2014
  PID USER      PR  NI    VIRT    RES    SHR S  %CPU %MEM     TIME+ COMMAND
 1471 ubuntu    20   0 16.885g 294824  14616 S  26.5  1.9   0:22.63 java
Fri Jun 13 08:09:43 UTC 2014
  PID USER      PR  NI    VIRT    RES    SHR S  %CPU %MEM     TIME+ COMMAND
 1471 ubuntu    20   0 16.885g 296028  14616 S  19.8  1.9   0:23.18 java
Fri Jun 13 08:09:44 UTC 2014
  PID USER      PR  NI    VIRT    RES    SHR S  %CPU %MEM     TIME+ COMMAND
 1471 ubuntu    20   0 16.885g 298040  14616 S  46.4  1.9   0:24.11 java
Fri Jun 13 08:09:46 UTC 2014
  PID USER      PR  NI    VIRT    RES    SHR S  %CPU %MEM     TIME+ COMMAND
 1471 ubuntu    20   0 16.886g 299112  14620 S 145.6  1.9   0:24.84 java
Fri Jun 13 08:09:47 UTC 2014
  PID USER      PR  NI    VIRT    RES    SHR S  %CPU %MEM     TIME+ COMMAND
 1471 ubuntu    20   0 16.886g 301136  14620 S  52.9  2.0   0:25.48 java
Fri Jun 13 08:09:48 UTC 2014
  PID USER      PR  NI    VIRT    RES    SHR S  %CPU %MEM     TIME+ COMMAND
 1471 ubuntu    20   0 16.886g 302056  14620 S  33.1  2.0   0:26.34 java
Fri Jun 13 08:09:49 UTC 2014
  PID USER      PR  NI    VIRT    RES    SHR S  %CPU %MEM     TIME+ COMMAND
 1471 ubuntu    20   0 16.886g 310584  14624 S  46.4  2.0   0:27.22 java
Fri Jun 13 08:09:50 UTC 2014
  PID USER      PR  NI    VIRT    RES    SHR S  %CPU %MEM     TIME+ COMMAND
 1471 ubuntu    20   0 16.886g 310608  14624 S  39.7  2.0   0:27.91 java
Fri Jun 13 08:09:51 UTC 2014
  PID USER      PR  NI    VIRT    RES    SHR S  %CPU %MEM     TIME+ COMMAND
 1471 ubuntu    20   0 16.886g 309252  14624 S  33.1  2.0   0:28.65 java
Fri Jun 13 08:09:53 UTC 2014
  PID USER      PR  NI    VIRT    RES    SHR S  %CPU %MEM     TIME+ COMMAND
 1471 ubuntu    20   0 16.886g 316168  14624 S  46.4  2.1   0:29.39 java
Fri Jun 13 08:09:54 UTC 2014
  PID USER      PR  NI    VIRT    RES    SHR S  %CPU %MEM     TIME+ COMMAND
 1471 ubuntu    20   0 16.886g 316228  14624 S  39.8  2.1   0:30.02 java
Fri Jun 13 08:09:55 UTC 2014
  PID USER      PR  NI    VIRT    RES    SHR S  %CPU %MEM     TIME+ COMMAND
 1471 ubuntu    20   0 16.886g 316328  14624 S  26.5  2.1   0:30.47 java
Fri Jun 13 08:09:56 UTC 2014
  PID USER      PR  NI    VIRT    RES    SHR S  %CPU %MEM     TIME+ COMMAND
 1471 ubuntu    20   0 16.886g 315636  14624 S  26.5  2.0   0:31.06 java
Fri Jun 13 08:09:57 UTC 2014
  PID USER      PR  NI    VIRT    RES    SHR S  %CPU %MEM     TIME+ COMMAND
 1471 ubuntu    20   0 16.886g 322844  14628 S  39.8  2.1   0:32.20 java
Fri Jun 13 08:09:58 UTC 2014
  PID USER      PR  NI    VIRT    RES    SHR S  %CPU %MEM     TIME+ COMMAND
 1471 ubuntu    20   0 16.886g 322844  14628 S  19.9  2.1   0:32.37 java
Fri Jun 13 08:10:00 UTC 2014
  PID USER      PR  NI    VIRT    RES    SHR S  %CPU %MEM     TIME+ COMMAND
 1471 ubuntu    20   0 16.886g 322916  14628 S  33.1  2.1   0:32.64 java
Fri Jun 13 08:10:01 UTC 2014
  PID USER      PR  NI    VIRT    RES    SHR S  %CPU %MEM     TIME+ COMMAND
 1471 ubuntu    20   0 16.886g 321856  14628 S  19.9  2.1   0:32.83 java
Fri Jun 13 08:10:02 UTC 2014
  PID USER      PR  NI    VIRT    RES    SHR S  %CPU %MEM     TIME+ COMMAND
 1471 ubuntu    20   0 16.886g 319296  14628 S   0.0  2.1   0:32.97 java
Fri Jun 13 08:10:03 UTC 2014
  PID USER      PR  NI    VIRT    RES    SHR S  %CPU %MEM     TIME+ COMMAND
 1471 ubuntu    20   0 16.886g 319296  14628 S  13.3  2.1   0:33.13 java
Fri Jun 13 08:10:04 UTC 2014
  PID USER      PR  NI    VIRT    RES    SHR S  %CPU %MEM     TIME+ COMMAND
 1471 ubuntu    20   0 16.886g 317216  14628 S  19.9  2.1   0:33.36 java
Fri Jun 13 08:10:06 UTC 2014
  PID USER      PR  NI    VIRT    RES    SHR S  %CPU %MEM     TIME+ COMMAND
 1471 ubuntu    20   0 16.886g 317216  14628 S  19.9  2.1   0:33.52 java
Fri Jun 13 08:10:07 UTC 2014
  PID USER      PR  NI    VIRT    RES    SHR S  %CPU %MEM     TIME+ COMMAND
 1471 ubuntu    20   0 16.886g 315472  14628 S  19.9  2.0   0:33.79 java
Fri Jun 13 08:10:08 UTC 2014
  PID USER      PR  NI    VIRT    RES    SHR S  %CPU %MEM     TIME+ COMMAND
 1471 ubuntu    20   0 16.886g 312608  14628 S  92.8  2.0   0:34.15 java
Fri Jun 13 08:10:09 UTC 2014
  PID USER      PR  NI    VIRT    RES    SHR S  %CPU %MEM     TIME+ COMMAND
 1471 ubuntu    20   0 16.886g 310044  14628 S  26.5  2.0   0:34.59 java
Fri Jun 13 08:10:10 UTC 2014
  PID USER      PR  NI    VIRT    RES    SHR S  %CPU %MEM     TIME+ COMMAND
 1471 ubuntu    20   0 16.886g 310044  14628 S  19.8  2.0   0:35.04 java
Fri Jun 13 08:10:11 UTC 2014
  PID USER      PR  NI    VIRT    RES    SHR S  %CPU %MEM     TIME+ COMMAND
 1471 ubuntu    20   0 16.886g 310044  14628 S  39.8  2.0   0:35.25 java
Fri Jun 13 08:10:13 UTC 2014
  PID USER      PR  NI    VIRT    RES    SHR S  %CPU %MEM     TIME+ COMMAND
 1471 ubuntu    20   0 16.886g 305424  14628 S  19.9  2.0   0:35.52 java
Fri Jun 13 08:10:14 UTC 2014
  PID USER      PR  NI    VIRT    RES    SHR S  %CPU %MEM     TIME+ COMMAND
 1471 ubuntu    20   0 16.886g 305488  14628 S  52.9  2.0   0:35.93 java
Fri Jun 13 08:10:15 UTC 2014
  PID USER      PR  NI    VIRT    RES    SHR S  %CPU %MEM     TIME+ COMMAND
 1471 ubuntu    20   0 16.886g 302664  14628 S   6.6  2.0   0:36.09 java
Fri Jun 13 08:10:16 UTC 2014
  PID USER      PR  NI    VIRT    RES    SHR S  %CPU %MEM     TIME+ COMMAND
 1471 ubuntu    20   0 16.886g 302664  14628 S  13.3  2.0   0:36.27 java
Fri Jun 13 08:10:17 UTC 2014
  PID USER      PR  NI    VIRT    RES    SHR S  %CPU %MEM     TIME+ COMMAND
 1471 ubuntu    20   0 16.886g 299584  14628 S  26.5  1.9   0:36.51 java
Fri Jun 13 08:10:18 UTC 2014
  PID USER      PR  NI    VIRT    RES    SHR S  %CPU %MEM     TIME+ COMMAND
 1471 ubuntu    20   0 16.886g 299584  14628 S  13.2  1.9   0:36.67 java
Fri Jun 13 08:10:20 UTC 2014
  PID USER      PR  NI    VIRT    RES    SHR S  %CPU %MEM     TIME+ COMMAND
 1471 ubuntu    20   0 16.886g 299584  14628 S   6.6  1.9   0:36.87 java
Fri Jun 13 08:10:21 UTC 2014
  PID USER      PR  NI    VIRT    RES    SHR S  %CPU %MEM     TIME+ COMMAND
 1471 ubuntu    20   0 16.886g 295960  14628 S  13.2  1.9   0:37.06 java
Fri Jun 13 08:10:22 UTC 2014
  PID USER      PR  NI    VIRT    RES    SHR S  %CPU %MEM     TIME+ COMMAND
 1471 ubuntu    20   0 16.886g 296000  14628 S  13.3  1.9   0:37.37 java
Fri Jun 13 08:10:23 UTC 2014
  PID USER      PR  NI    VIRT    RES    SHR S  %CPU %MEM     TIME+ COMMAND
 1471 ubuntu    20   0 16.886g 291896  14628 S  19.9  1.9   0:37.54 java
Fri Jun 13 08:10:24 UTC 2014
  PID USER      PR  NI    VIRT    RES    SHR S  %CPU %MEM     TIME+ COMMAND
 1471 ubuntu    20   0 16.886g 291896  14628 S  13.3  1.9   0:37.73 java
Fri Jun 13 08:10:25 UTC 2014
  PID USER      PR  NI    VIRT    RES    SHR S  %CPU %MEM     TIME+ COMMAND
 1471 ubuntu    20   0 16.886g 287792  14628 S   6.6  1.9   0:37.94 java
Fri Jun 13 08:10:27 UTC 2014
  PID USER      PR  NI    VIRT    RES    SHR S  %CPU %MEM     TIME+ COMMAND
 1471 ubuntu    20   0 16.886g 287792  14628 S   6.6  1.9   0:38.10 java
Fri Jun 13 08:10:28 UTC 2014
  PID USER      PR  NI    VIRT    RES    SHR S  %CPU %MEM     TIME+ COMMAND
 1471 ubuntu    20   0 16.886g 284716  14628 S   6.6  1.8   0:38.29 java
Fri Jun 13 08:10:29 UTC 2014
  PID USER      PR  NI    VIRT    RES    SHR S  %CPU %MEM     TIME+ COMMAND
 1471 ubuntu    20   0 16.886g 284716  14628 S  33.1  1.8   0:38.62 java
Fri Jun 13 08:10:30 UTC 2014
  PID USER      PR  NI    VIRT    RES    SHR S  %CPU %MEM     TIME+ COMMAND
 1471 ubuntu    20   0 16.886g 281124  14628 S  13.2  1.8   0:38.83 java
Fri Jun 13 08:10:31 UTC 2014
  PID USER      PR  NI    VIRT    RES    SHR S  %CPU %MEM     TIME+ COMMAND
 1471 ubuntu    20   0 16.886g 281124  14628 S  26.5  1.8   0:39.01 java
Fri Jun 13 08:10:32 UTC 2014
  PID USER      PR  NI    VIRT    RES    SHR S  %CPU %MEM     TIME+ COMMAND
 1471 ubuntu    20   0 16.886g 277776  14628 S  19.9  1.8   0:39.33 java
Fri Jun 13 08:10:34 UTC 2014
  PID USER      PR  NI    VIRT    RES    SHR S  %CPU %MEM     TIME+ COMMAND
 1471 ubuntu    20   0 16.886g 277776  14628 S   6.6  1.8   0:39.57 java
Fri Jun 13 08:10:35 UTC 2014
  PID USER      PR  NI    VIRT    RES    SHR S  %CPU %MEM     TIME+ COMMAND
 1471 ubuntu    20   0 16.886g 274188  14628 S   6.6  1.8   0:39.80 java
Fri Jun 13 08:10:36 UTC 2014
  PID USER      PR  NI    VIRT    RES    SHR S  %CPU %MEM     TIME+ COMMAND
 1471 ubuntu    20   0 16.886g 270596  14628 S  26.5  1.8   0:40.02 java
Fri Jun 13 08:10:37 UTC 2014
  PID USER      PR  NI    VIRT    RES    SHR S  %CPU %MEM     TIME+ COMMAND
 1471 ubuntu    20   0 16.886g 270596  14628 S  19.9  1.8   0:40.25 java
Fri Jun 13 08:10:38 UTC 2014
  PID USER      PR  NI    VIRT    RES    SHR S  %CPU %MEM     TIME+ COMMAND
 1471 ubuntu    20   0 16.886g 267004  14628 S   6.6  1.7   0:40.42 java
Fri Jun 13 08:10:40 UTC 2014
  PID USER      PR  NI    VIRT    RES    SHR S  %CPU %MEM     TIME+ COMMAND
 1471 ubuntu    20   0 16.886g 264440  14628 S  39.7  1.7   0:40.65 java
Fri Jun 13 08:10:41 UTC 2014
  PID USER      PR  NI    VIRT    RES    SHR S  %CPU %MEM     TIME+ COMMAND
 1471 ubuntu    20   0 16.886g 264440  14628 S  13.3  1.7   0:40.85 java
Fri Jun 13 08:10:42 UTC 2014
  PID USER      PR  NI    VIRT    RES    SHR S  %CPU %MEM     TIME+ COMMAND
 1471 ubuntu    20   0 16.886g 260848  14628 S  13.2  1.7   0:41.04 java
Fri Jun 13 08:10:43 UTC 2014
  PID USER      PR  NI    VIRT    RES    SHR S  %CPU %MEM     TIME+ COMMAND
 1471 ubuntu    20   0 16.886g 260848  14628 S  26.5  1.7   0:41.29 java
Fri Jun 13 08:10:44 UTC 2014
  PID USER      PR  NI    VIRT    RES    SHR S  %CPU %MEM     TIME+ COMMAND
 1471 ubuntu    20   0 16.886g 258284  14628 S  13.3  1.7   0:41.51 java
Fri Jun 13 08:10:45 UTC 2014
  PID USER      PR  NI    VIRT    RES    SHR S  %CPU %MEM     TIME+ COMMAND
 1471 ubuntu    20   0 16.886g 254692  14628 S  26.5  1.7   0:41.75 java
Fri Jun 13 08:10:47 UTC 2014
  PID USER      PR  NI    VIRT    RES    SHR S  %CPU %MEM     TIME+ COMMAND
 1471 ubuntu    20   0 16.886g 252640  14628 S  19.9  1.6   0:41.99 java
Fri Jun 13 08:10:48 UTC 2014
  PID USER      PR  NI    VIRT    RES    SHR S  %CPU %MEM     TIME+ COMMAND
 1471 ubuntu    20   0 16.886g 249564  14628 S  19.9  1.6   0:42.23 java
Fri Jun 13 08:10:49 UTC 2014
  PID USER      PR  NI    VIRT    RES    SHR S  %CPU %MEM     TIME+ COMMAND
 1471 ubuntu    20   0 16.886g 249564  14628 S  26.5  1.6   0:42.45 java
Fri Jun 13 08:10:50 UTC 2014
  PID USER      PR  NI    VIRT    RES    SHR S  %CPU %MEM     TIME+ COMMAND
 1471 ubuntu    20   0 16.886g 247512  14628 S  19.9  1.6   0:42.65 java
Fri Jun 13 08:10:51 UTC 2014
  PID USER      PR  NI    VIRT    RES    SHR S  %CPU %MEM     TIME+ COMMAND
 1471 ubuntu    20   0 16.886g 245724  14628 S  19.9  1.6   0:42.84 java
Fri Jun 13 08:10:52 UTC 2014
  PID USER      PR  NI    VIRT    RES    SHR S  %CPU %MEM     TIME+ COMMAND
 1471 ubuntu    20   0 16.886g 243672  14628 S  19.9  1.6   0:43.19 java
Fri Jun 13 08:10:54 UTC 2014
  PID USER      PR  NI    VIRT    RES    SHR S  %CPU %MEM     TIME+ COMMAND
 1471 ubuntu    20   0 16.886g 241620  14628 S  26.5  1.6   0:43.47 java
Fri Jun 13 08:10:55 UTC 2014
  PID USER      PR  NI    VIRT    RES    SHR S  %CPU %MEM     TIME+ COMMAND
 1471 ubuntu    20   0 16.886g 239568  14628 S  13.3  1.6   0:43.80 java
Fri Jun 13 08:10:56 UTC 2014
  PID USER      PR  NI    VIRT    RES    SHR S  %CPU %MEM     TIME+ COMMAND
 1471 ubuntu    20   0 16.886g 237516  14628 S 145.7  1.5   0:44.71 java
Fri Jun 13 08:10:57 UTC 2014
  PID USER      PR  NI    VIRT    RES    SHR S  %CPU %MEM     TIME+ COMMAND
 1471 ubuntu    20   0 16.886g 236144  14632 S   6.6  1.5   0:45.31 java
Fri Jun 13 08:10:58 UTC 2014
  PID USER      PR  NI    VIRT    RES    SHR S  %CPU %MEM     TIME+ COMMAND
 1471 ubuntu    20   0 16.886g 232040  14632 S  46.4  1.5   0:45.75 java
Fri Jun 13 08:10:59 UTC 2014
  PID USER      PR  NI    VIRT    RES    SHR S  %CPU %MEM     TIME+ COMMAND
 1471 ubuntu    20   0 16.886g 231012  14632 S  13.3  1.5   0:46.07 java
Fri Jun 13 08:11:01 UTC 2014
  PID USER      PR  NI    VIRT    RES    SHR S  %CPU %MEM     TIME+ COMMAND
 1471 ubuntu    20   0 16.886g 227420  14632 S  19.9  1.5   0:46.46 java
Fri Jun 13 08:11:02 UTC 2014
  PID USER      PR  NI    VIRT    RES    SHR S  %CPU %MEM     TIME+ COMMAND
 1471 ubuntu    20   0 16.886g 228288  14632 S  46.4  1.5   0:46.90 java
Fri Jun 13 08:11:03 UTC 2014
  PID USER      PR  NI    VIRT    RES    SHR S  %CPU %MEM     TIME+ COMMAND
 1471 ubuntu    20   0 16.886g 226236  14632 S  19.9  1.5   0:47.26 java
Fri Jun 13 08:11:04 UTC 2014
  PID USER      PR  NI    VIRT    RES    SHR S  %CPU %MEM     TIME+ COMMAND
 1471 ubuntu    20   0 16.886g 224184  14632 S  26.5  1.5   0:47.57 java
Fri Jun 13 08:11:05 UTC 2014
  PID USER      PR  NI    VIRT    RES    SHR S  %CPU %MEM     TIME+ COMMAND
 1471 ubuntu    20   0 16.886g 222900  14632 S  13.2  1.4   0:47.86 java
Fri Jun 13 08:11:06 UTC 2014
  PID USER      PR  NI    VIRT    RES    SHR S  %CPU %MEM     TIME+ COMMAND
 1471 ubuntu    20   0 16.886g 220540  14632 S  19.9  1.4   0:48.22 java
Fri Jun 13 08:11:08 UTC 2014
  PID USER      PR  NI    VIRT    RES    SHR S  %CPU %MEM     TIME+ COMMAND
 1471 ubuntu    20   0 16.886g 219000  14632 S  46.3  1.4   0:48.81 java
Fri Jun 13 08:11:09 UTC 2014
  PID USER      PR  NI    VIRT    RES    SHR S  %CPU %MEM     TIME+ COMMAND
 1471 ubuntu    20   0 16.886g 218488  14632 S  26.5  1.4   0:49.15 java
Fri Jun 13 08:11:10 UTC 2014
  PID USER      PR  NI    VIRT    RES    SHR S  %CPU %MEM     TIME+ COMMAND
 1471 ubuntu    20   0 16.886g 217460  14632 S  19.9  1.4   0:49.44 java
Fri Jun 13 08:11:11 UTC 2014
  PID USER      PR  NI    VIRT    RES    SHR S  %CPU %MEM     TIME+ COMMAND
 1471 ubuntu    20   0 16.886g 216436  14632 S  26.5  1.4   0:49.73 java
Fri Jun 13 08:11:12 UTC 2014
  PID USER      PR  NI    VIRT    RES    SHR S  %CPU %MEM     TIME+ COMMAND
 1471 ubuntu    20   0 16.886g 215672  14632 S  26.5  1.4   0:50.04 java
Fri Jun 13 08:11:13 UTC 2014
  PID USER      PR  NI    VIRT    RES    SHR S  %CPU %MEM     TIME+ COMMAND
 1471 ubuntu    20   0 16.886g 214648  14632 S  39.7  1.4   0:50.38 java
Fri Jun 13 08:11:15 UTC 2014
  PID USER      PR  NI    VIRT    RES    SHR S  %CPU %MEM     TIME+ COMMAND
 1471 ubuntu    20   0 16.886g 213620  14632 S  72.9  1.4   0:50.78 java
Fri Jun 13 08:11:16 UTC 2014
  PID USER      PR  NI    VIRT    RES    SHR S  %CPU %MEM     TIME+ COMMAND
 1471 ubuntu    20   0 16.886g 212860  14632 S  46.4  1.4   0:51.48 java
Fri Jun 13 08:11:17 UTC 2014
  PID USER      PR  NI    VIRT    RES    SHR S  %CPU %MEM     TIME+ COMMAND
 1471 ubuntu    20   0 16.886g 212092  14632 S  59.6  1.4   0:51.93 java
Fri Jun 13 08:11:18 UTC 2014
  PID USER      PR  NI    VIRT    RES    SHR S  %CPU %MEM     TIME+ COMMAND
 1471 ubuntu    20   0 16.886g 211580  14632 S  19.9  1.4   0:52.30 java
Fri Jun 13 08:11:19 UTC 2014
  PID USER      PR  NI    VIRT    RES    SHR S  %CPU %MEM     TIME+ COMMAND
 1471 ubuntu    20   0 16.886g 211068  14632 S  53.0  1.4   0:52.66 java
Fri Jun 13 08:11:21 UTC 2014
  PID USER      PR  NI    VIRT    RES    SHR S  %CPU %MEM     TIME+ COMMAND
 1471 ubuntu    20   0 16.886g 210556  14632 S  46.2  1.4   0:53.15 java
Fri Jun 13 08:11:22 UTC 2014
  PID USER      PR  NI    VIRT    RES    SHR S  %CPU %MEM     TIME+ COMMAND
 1471 ubuntu    20   0 16.886g 210040  14632 S  26.5  1.4   0:53.53 java
Fri Jun 13 08:11:23 UTC 2014
  PID USER      PR  NI    VIRT    RES    SHR S  %CPU %MEM     TIME+ COMMAND
 1471 ubuntu    20   0 16.886g 209788  14632 S  46.4  1.4   0:53.94 java
Fri Jun 13 08:11:24 UTC 2014
  PID USER      PR  NI    VIRT    RES    SHR S  %CPU %MEM     TIME+ COMMAND
 1471 ubuntu    20   0 16.886g 209028  14632 S  59.7  1.4   0:54.92 java
Fri Jun 13 08:11:25 UTC 2014
  PID USER      PR  NI    VIRT    RES    SHR S  %CPU %MEM     TIME+ COMMAND
 1471 ubuntu    20   0 16.886g 209028  14632 S  26.5  1.4   0:55.35 java
Fri Jun 13 08:11:26 UTC 2014
  PID USER      PR  NI    VIRT    RES    SHR S  %CPU %MEM     TIME+ COMMAND
 1471 ubuntu    20   0 16.886g 209340  14632 S  46.4  1.4   0:55.86 java
Fri Jun 13 08:11:28 UTC 2014
  PID USER      PR  NI    VIRT    RES    SHR S  %CPU %MEM     TIME+ COMMAND
 1471 ubuntu    20   0 16.886g 209340  14632 S  19.9  1.4   0:56.19 java
Fri Jun 13 08:11:29 UTC 2014
  PID USER      PR  NI    VIRT    RES    SHR S  %CPU %MEM     TIME+ COMMAND
 1471 ubuntu    20   0 16.886g 209340  14632 S  59.6  1.4   0:56.71 java
Fri Jun 13 08:11:30 UTC 2014
  PID USER      PR  NI    VIRT    RES    SHR S  %CPU %MEM     TIME+ COMMAND
 1471 ubuntu    20   0 16.886g 209340  14632 S  19.9  1.4   0:57.15 java
Fri Jun 13 08:11:31 UTC 2014
  PID USER      PR  NI    VIRT    RES    SHR S  %CPU %MEM     TIME+ COMMAND
 1471 ubuntu    20   0 16.886g 209592  14632 S  26.5  1.4   0:57.60 java
Fri Jun 13 08:11:32 UTC 2014
  PID USER      PR  NI    VIRT    RES    SHR S  %CPU %MEM     TIME+ COMMAND
 1471 ubuntu    20   0 16.886g 210196  14632 S  33.1  1.4   0:58.85 java
Fri Jun 13 08:11:33 UTC 2014
  PID USER      PR  NI    VIRT    RES    SHR S  %CPU %MEM     TIME+ COMMAND
 1471 ubuntu    20   0 16.886g 209712  14632 S  26.5  1.4   0:59.20 java
Fri Jun 13 08:11:35 UTC 2014
  PID USER      PR  NI    VIRT    RES    SHR S  %CPU %MEM     TIME+ COMMAND
 1471 ubuntu    20   0 16.886g 209200  14632 S  39.7  1.4   0:59.72 java
Fri Jun 13 08:11:36 UTC 2014
  PID USER      PR  NI    VIRT    RES    SHR S  %CPU %MEM     TIME+ COMMAND
 1471 ubuntu    20   0 16.886g 208940  14632 S  53.0  1.4   1:00.15 java
Fri Jun 13 08:11:37 UTC 2014
  PID USER      PR  NI    VIRT    RES    SHR S  %CPU %MEM     TIME+ COMMAND
 1471 ubuntu    20   0 16.886g 209200  14632 S  46.3  1.4   1:00.65 java
Fri Jun 13 08:11:38 UTC 2014
  PID USER      PR  NI    VIRT    RES    SHR S  %CPU %MEM     TIME+ COMMAND
 1471 ubuntu    20   0 16.886g 209464  14632 S  86.0  1.4   1:01.14 java
Fri Jun 13 08:11:39 UTC 2014
  PID USER      PR  NI    VIRT    RES    SHR S  %CPU %MEM     TIME+ COMMAND
 1471 ubuntu    20   0 16.886g 209464  14632 S  33.1  1.4   1:01.51 java
Fri Jun 13 08:11:40 UTC 2014
  PID USER      PR  NI    VIRT    RES    SHR S  %CPU %MEM     TIME+ COMMAND
 1471 ubuntu    20   0 16.886g 209728  14632 S  33.1  1.4   1:02.31 java
Fri Jun 13 08:11:42 UTC 2014
  PID USER      PR  NI    VIRT    RES    SHR S  %CPU %MEM     TIME+ COMMAND
 1471 ubuntu    20   0 16.886g 209728  14632 S  26.4  1.4   1:03.16 java
Fri Jun 13 08:11:43 UTC 2014
  PID USER      PR  NI    VIRT    RES    SHR S  %CPU %MEM     TIME+ COMMAND
 1471 ubuntu    20   0 16.886g 210252  14632 S  46.4  1.4   1:03.77 java
Fri Jun 13 08:11:44 UTC 2014
  PID USER      PR  NI    VIRT    RES    SHR S  %CPU %MEM     TIME+ COMMAND
 1471 ubuntu    20   0 16.886g 210260  14632 S  46.4  1.4   1:04.40 java
Fri Jun 13 08:11:45 UTC 2014
  PID USER      PR  NI    VIRT    RES    SHR S  %CPU %MEM     TIME+ COMMAND
 1471 ubuntu    20   0 16.886g 210260  14632 S  19.9  1.4   1:04.98 java
Fri Jun 13 08:11:46 UTC 2014
  PID USER      PR  NI    VIRT    RES    SHR S  %CPU %MEM     TIME+ COMMAND
 1471 ubuntu    20   0 16.886g 210520  14632 S  53.0  1.4   1:05.65 java
Fri Jun 13 08:11:48 UTC 2014
  PID USER      PR  NI    VIRT    RES    SHR S  %CPU %MEM     TIME+ COMMAND
 1471 ubuntu    20   0 16.886g 211048  14632 S  86.1  1.4   1:06.43 java
Fri Jun 13 08:11:49 UTC 2014
  PID USER      PR  NI    VIRT    RES    SHR S  %CPU %MEM     TIME+ COMMAND
 1471 ubuntu    20   0 16.886g 211084  14632 S  92.8  1.4   1:07.37 java
Fri Jun 13 08:11:50 UTC 2014
  PID USER      PR  NI    VIRT    RES    SHR S  %CPU %MEM     TIME+ COMMAND
 1471 ubuntu    20   0 16.886g 211348  14632 S 106.0  1.4   1:08.41 java
Fri Jun 13 08:11:51 UTC 2014
  PID USER      PR  NI    VIRT    RES    SHR S  %CPU %MEM     TIME+ COMMAND
 1471 ubuntu    20   0 16.886g 215064  14632 S  59.5  1.4   1:09.15 java
Fri Jun 13 08:11:52 UTC 2014
  PID USER      PR  NI    VIRT    RES    SHR S  %CPU %MEM     TIME+ COMMAND
 1471 ubuntu    20   0 16.886g 215328  14632 S  39.8  1.4   1:09.86 java
Fri Jun 13 08:11:53 UTC 2014
  PID USER      PR  NI    VIRT    RES    SHR S  %CPU %MEM     TIME+ COMMAND
 1471 ubuntu    20   0 16.886g 215916  14632 S  66.2  1.4   1:11.26 java
Fri Jun 13 08:11:55 UTC 2014
  PID USER      PR  NI    VIRT    RES    SHR S  %CPU %MEM     TIME+ COMMAND
 1471 ubuntu    20   0 16.886g 216180  14632 S  92.6  1.4   1:11.91 java
Fri Jun 13 08:11:56 UTC 2014
  PID USER      PR  NI    VIRT    RES    SHR S  %CPU %MEM     TIME+ COMMAND
 1471 ubuntu    20   0 16.886g 221788  14632 S  99.3  1.4   1:12.78 java
Fri Jun 13 08:11:57 UTC 2014
  PID USER      PR  NI    VIRT    RES    SHR S  %CPU %MEM     TIME+ COMMAND
 1471 ubuntu    20   0 16.886g 222096  14632 S  39.7  1.4   1:13.44 java
Fri Jun 13 08:11:58 UTC 2014
  PID USER      PR  NI    VIRT    RES    SHR S  %CPU %MEM     TIME+ COMMAND
 1471 ubuntu    20   0 16.886g 222096  14632 S  59.6  1.4   1:14.19 java
Fri Jun 13 08:11:59 UTC 2014
  PID USER      PR  NI    VIRT    RES    SHR S  %CPU %MEM     TIME+ COMMAND
 1471 ubuntu    20   0 16.886g 222096  14632 S  46.4  1.4   1:15.13 java
Fri Jun 13 08:12:00 UTC 2014
  PID USER      PR  NI    VIRT    RES    SHR S  %CPU %MEM     TIME+ COMMAND
 1471 ubuntu    20   0 16.886g 224424  14632 S 126.0  1.5   1:16.36 java
Fri Jun 13 08:12:02 UTC 2014
  PID USER      PR  NI    VIRT    RES    SHR S  %CPU %MEM     TIME+ COMMAND
 1471 ubuntu    20   0 16.886g 225540  14632 S 132.5  1.5   1:17.72 java
Fri Jun 13 08:12:03 UTC 2014
  PID USER      PR  NI    VIRT    RES    SHR S  %CPU %MEM     TIME+ COMMAND
 1471 ubuntu    20   0 16.886g 226156  14632 S  53.0  1.5   1:19.01 java
Fri Jun 13 08:12:04 UTC 2014
  PID USER      PR  NI    VIRT    RES    SHR S  %CPU %MEM     TIME+ COMMAND
 1471 ubuntu    20   0 16.886g 231056  14632 S  92.5  1.5   1:20.03 java
Fri Jun 13 08:12:05 UTC 2014
  PID USER      PR  NI    VIRT    RES    SHR S  %CPU %MEM     TIME+ COMMAND
 1471 ubuntu    20   0 16.886g 231176  14632 S 106.0  1.5   1:21.40 java
Fri Jun 13 08:12:06 UTC 2014
  PID USER      PR  NI    VIRT    RES    SHR S  %CPU %MEM     TIME+ COMMAND
 1471 ubuntu    20   0 16.886g 230180  14632 S  59.7  1.5   1:22.21 java
Fri Jun 13 08:12:07 UTC 2014
  PID USER      PR  NI    VIRT    RES    SHR S  %CPU %MEM     TIME+ COMMAND
 1471 ubuntu    20   0 16.886g 228908  14632 S  86.1  1.5   1:23.18 java
Fri Jun 13 08:12:09 UTC 2014
  PID USER      PR  NI    VIRT    RES    SHR S  %CPU %MEM     TIME+ COMMAND
 1471 ubuntu    20   0 16.886g 228468  14632 S 125.8  1.5   1:24.52 java
Fri Jun 13 08:12:10 UTC 2014
  PID USER      PR  NI    VIRT    RES    SHR S  %CPU %MEM     TIME+ COMMAND
 1471 ubuntu    20   0 16.886g 227188  14632 S  72.8  1.5   1:25.73 java
Fri Jun 13 08:12:11 UTC 2014
  PID USER      PR  NI    VIRT    RES    SHR S  %CPU %MEM     TIME+ COMMAND
 1471 ubuntu    20   0 16.886g 226164  14632 S  92.7  1.5   1:26.42 java
Fri Jun 13 08:12:12 UTC 2014
  PID USER      PR  NI    VIRT    RES    SHR S  %CPU %MEM     TIME+ COMMAND
 1471 ubuntu    20   0 16.886g 226628  14632 S  86.0  1.5   1:27.28 java
Fri Jun 13 08:12:13 UTC 2014
  PID USER      PR  NI    VIRT    RES    SHR S  %CPU %MEM     TIME+ COMMAND
 1471 ubuntu    20   0 16.886g 227524  14632 S  59.5  1.5   1:27.92 java
Fri Jun 13 08:12:15 UTC 2014
  PID USER      PR  NI    VIRT    RES    SHR S  %CPU %MEM     TIME+ COMMAND
 1471 ubuntu    20   0 16.886g 227620  14632 S  72.9  1.5   1:28.85 java
Fri Jun 13 08:12:16 UTC 2014
  PID USER      PR  NI    VIRT    RES    SHR S  %CPU %MEM     TIME+ COMMAND
 1471 ubuntu    20   0 16.886g 227884  14632 S  73.0  1.5   1:29.53 java
Fri Jun 13 08:12:17 UTC 2014
  PID USER      PR  NI    VIRT    RES    SHR S  %CPU %MEM     TIME+ COMMAND
 1471 ubuntu    20   0 16.886g 227616  14632 S 105.8  1.5   1:30.47 java
Fri Jun 13 08:12:18 UTC 2014
  PID USER      PR  NI    VIRT    RES    SHR S  %CPU %MEM     TIME+ COMMAND
 1471 ubuntu    20   0 16.886g 230104  14632 S 105.9  1.5   1:31.60 java
Fri Jun 13 08:12:19 UTC 2014
  PID USER      PR  NI    VIRT    RES    SHR S  %CPU %MEM     TIME+ COMMAND
 1471 ubuntu    20   0 16.886g 230892  14632 S  53.0  1.5   1:32.82 java
Fri Jun 13 08:12:20 UTC 2014
  PID USER      PR  NI    VIRT    RES    SHR S  %CPU %MEM     TIME+ COMMAND
 1471 ubuntu    20   0 16.886g 231352  14632 S  92.6  1.5   1:33.71 java
Fri Jun 13 08:12:22 UTC 2014
  PID USER      PR  NI    VIRT    RES    SHR S  %CPU %MEM     TIME+ COMMAND
 1471 ubuntu    20   0 16.886g 233972  14632 S  79.4  1.5   1:34.66 java
Fri Jun 13 08:12:23 UTC 2014
  PID USER      PR  NI    VIRT    RES    SHR S  %CPU %MEM     TIME+ COMMAND
 1471 ubuntu    20   0 16.886g 234236  14632 S  59.7  1.5   1:35.71 java
Fri Jun 13 08:12:24 UTC 2014
  PID USER      PR  NI    VIRT    RES    SHR S  %CPU %MEM     TIME+ COMMAND
 1471 ubuntu    20   0 16.886g 234648  14632 S  79.4  1.5   1:36.65 java
Fri Jun 13 08:12:25 UTC 2014
  PID USER      PR  NI    VIRT    RES    SHR S  %CPU %MEM     TIME+ COMMAND
 1471 ubuntu    20   0 16.886g 234800  14632 S  72.9  1.5   1:37.60 java
Fri Jun 13 08:12:26 UTC 2014
  PID USER      PR  NI    VIRT    RES    SHR S  %CPU %MEM     TIME+ COMMAND
 1471 ubuntu    20   0 16.886g 235316  14632 S  79.5  1.5   1:38.61 java
Fri Jun 13 08:12:27 UTC 2014
  PID USER      PR  NI    VIRT    RES    SHR S  %CPU %MEM     TIME+ COMMAND
 1471 ubuntu    20   0 16.886g 235316  14632 S  59.4  1.5   1:39.50 java
Fri Jun 13 08:12:29 UTC 2014
  PID USER      PR  NI    VIRT    RES    SHR S  %CPU %MEM     TIME+ COMMAND
 1471 ubuntu    20   0 16.886g 237112  14632 S  86.2  1.5   1:40.51 java
Fri Jun 13 08:12:30 UTC 2014
  PID USER      PR  NI    VIRT    RES    SHR S  %CPU %MEM     TIME+ COMMAND
 1471 ubuntu    20   0 16.886g 237392  14632 S 125.9  1.5   1:41.86 java
Fri Jun 13 08:12:31 UTC 2014
  PID USER      PR  NI    VIRT    RES    SHR S  %CPU %MEM     TIME+ COMMAND
 1471 ubuntu    20   0 16.886g 237652  14632 S  52.9  1.5   1:42.80 java
Fri Jun 13 08:12:32 UTC 2014
  PID USER      PR  NI    VIRT    RES    SHR S  %CPU %MEM     TIME+ COMMAND
 1471 ubuntu    20   0 16.886g 240556  14632 S 159.1  1.6   1:44.29 java
Fri Jun 13 08:12:33 UTC 2014
  PID USER      PR  NI    VIRT    RES    SHR S  %CPU %MEM     TIME+ COMMAND
 1471 ubuntu    20   0 16.886g 241692  14632 S  59.5  1.6   1:45.21 java
Fri Jun 13 08:12:35 UTC 2014
  PID USER      PR  NI    VIRT    RES    SHR S  %CPU %MEM     TIME+ COMMAND
 1471 ubuntu    20   0 16.886g 241948  14632 S  92.7  1.6   1:46.02 java
Fri Jun 13 08:12:36 UTC 2014
  PID USER      PR  NI    VIRT    RES    SHR S  %CPU %MEM     TIME+ COMMAND
 1471 ubuntu    20   0 16.886g 242452  14632 S  66.3  1.6   1:46.98 java
Fri Jun 13 08:12:37 UTC 2014
  PID USER      PR  NI    VIRT    RES    SHR S  %CPU %MEM     TIME+ COMMAND
 1471 ubuntu    20   0 16.886g 243072  14632 S  92.4  1.6   1:48.16 java
Fri Jun 13 08:12:38 UTC 2014
  PID USER      PR  NI    VIRT    RES    SHR S  %CPU %MEM     TIME+ COMMAND
 1471 ubuntu    20   0 16.886g 247108  14632 S  66.2  1.6   1:49.48 java
Fri Jun 13 08:12:39 UTC 2014
  PID USER      PR  NI    VIRT    RES    SHR S  %CPU %MEM     TIME+ COMMAND
 1471 ubuntu    20   0 16.886g 247400  14632 S  53.0  1.6   1:50.43 java
Fri Jun 13 08:12:40 UTC 2014
  PID USER      PR  NI    VIRT    RES    SHR S  %CPU %MEM     TIME+ COMMAND
 1471 ubuntu    20   0 16.886g 247664  14632 S  92.6  1.6   1:51.22 java
Fri Jun 13 08:12:42 UTC 2014
  PID USER      PR  NI    VIRT    RES    SHR S  %CPU %MEM     TIME+ COMMAND
 1471 ubuntu    20   0 16.886g 247928  14632 S 178.9  1.6   1:52.51 java
Fri Jun 13 08:12:43 UTC 2014
  PID USER      PR  NI    VIRT    RES    SHR S  %CPU %MEM     TIME+ COMMAND
 1471 ubuntu    20   0 16.886g 248456  14632 S  86.0  1.6   1:53.74 java
Fri Jun 13 08:12:44 UTC 2014
  PID USER      PR  NI    VIRT    RES    SHR S  %CPU %MEM     TIME+ COMMAND
 1471 ubuntu    20   0 16.886g 249924  14632 S 106.0  1.6   1:55.00 java
Fri Jun 13 08:12:45 UTC 2014
  PID USER      PR  NI    VIRT    RES    SHR S  %CPU %MEM     TIME+ COMMAND
 1471 ubuntu    20   0 16.886g 253672  14632 S 277.7  1.6   1:56.55 java
Fri Jun 13 08:12:46 UTC 2014
  PID USER      PR  NI    VIRT    RES    SHR S  %CPU %MEM     TIME+ COMMAND
 1471 ubuntu    20   0 16.886g 265044  14632 S 177.9  1.7   1:58.71 java
Fri Jun 13 08:12:47 UTC 2014
  PID USER      PR  NI    VIRT    RES    SHR S  %CPU %MEM     TIME+ COMMAND
 1471 ubuntu    20   0 16.886g 281752  14632 S 145.6  1.8   2:00.89 java
Fri Jun 13 08:12:49 UTC 2014
  PID USER      PR  NI    VIRT    RES    SHR S  %CPU %MEM     TIME+ COMMAND
 1471 ubuntu    20   0 16.886g 282564  14632 S 139.0  1.8   2:02.54 java
Fri Jun 13 08:12:50 UTC 2014
  PID USER      PR  NI    VIRT    RES    SHR S  %CPU %MEM     TIME+ COMMAND
 1471 ubuntu    20   0 16.886g 283928  14632 S  79.4  1.8   2:04.02 java
Fri Jun 13 08:12:51 UTC 2014
  PID USER      PR  NI    VIRT    RES    SHR S  %CPU %MEM     TIME+ COMMAND
 1471 ubuntu    20   0 16.886g 284328  14632 S 119.1  1.8   2:05.38 java
Fri Jun 13 08:12:52 UTC 2014
  PID USER      PR  NI    VIRT    RES    SHR S  %CPU %MEM     TIME+ COMMAND
 1471 ubuntu    20   0 16.886g 284168  14632 S 191.5  1.8   2:06.94 java
Fri Jun 13 08:12:53 UTC 2014
  PID USER      PR  NI    VIRT    RES    SHR S  %CPU %MEM     TIME+ COMMAND
 1471 ubuntu    20   0 16.886g 283784  14632 S 139.1  1.8   2:08.54 java
Fri Jun 13 08:12:55 UTC 2014
  PID USER      PR  NI    VIRT    RES    SHR S  %CPU %MEM     TIME+ COMMAND
 1471 ubuntu    20   0 16.886g 285236  14632 S 130.5  1.9   2:10.00 java
Fri Jun 13 08:12:56 UTC 2014
  PID USER      PR  NI    VIRT    RES    SHR S  %CPU %MEM     TIME+ COMMAND
 1471 ubuntu    20   0 16.886g 285312  14632 S 132.5  1.9   2:11.64 java
Fri Jun 13 08:12:57 UTC 2014
  PID USER      PR  NI    VIRT    RES    SHR S  %CPU %MEM     TIME+ COMMAND
 1471 ubuntu    20   0 16.886g 286000  14632 S  92.6  1.9   2:13.11 java
Fri Jun 13 08:12:58 UTC 2014
  PID USER      PR  NI    VIRT    RES    SHR S  %CPU %MEM     TIME+ COMMAND
 1471 ubuntu    20   0 16.886g 286652  14632 S 119.3  1.9   2:14.36 java
Fri Jun 13 08:12:59 UTC 2014
  PID USER      PR  NI    VIRT    RES    SHR S  %CPU %MEM     TIME+ COMMAND
 1471 ubuntu    20   0 16.886g 287364  14632 S 159.0  1.9   2:16.05 java
Fri Jun 13 08:13:00 UTC 2014
  PID USER      PR  NI    VIRT    RES    SHR S  %CPU %MEM     TIME+ COMMAND
 1471 ubuntu    20   0 16.886g 286424  14632 S  92.6  1.9   2:17.34 java
Fri Jun 13 08:13:02 UTC 2014
  PID USER      PR  NI    VIRT    RES    SHR S  %CPU %MEM     TIME+ COMMAND
 1471 ubuntu    20   0 16.886g 286808  14632 S 145.6  1.9   2:18.60 java
Fri Jun 13 08:13:03 UTC 2014
  PID USER      PR  NI    VIRT    RES    SHR S  %CPU %MEM     TIME+ COMMAND
 1471 ubuntu    20   0 16.886g 288456  14632 S 165.5  1.9   2:20.57 java
Fri Jun 13 08:13:04 UTC 2014
  PID USER      PR  NI    VIRT    RES    SHR S  %CPU %MEM     TIME+ COMMAND
 1471 ubuntu    20   0 16.886g 288472  14632 S 112.5  1.9   2:22.31 java
Fri Jun 13 08:13:05 UTC 2014
  PID USER      PR  NI    VIRT    RES    SHR S  %CPU %MEM     TIME+ COMMAND
 1471 ubuntu    20   0 16.886g 289240  14632 S 132.5  1.9   2:23.92 java
Fri Jun 13 08:13:06 UTC 2014
  PID USER      PR  NI    VIRT    RES    SHR S  %CPU %MEM     TIME+ COMMAND
 1471 ubuntu    20   0 16.886g 289792  14632 S 125.9  1.9   2:25.53 java
Fri Jun 13 08:13:07 UTC 2014
  PID USER      PR  NI    VIRT    RES    SHR S  %CPU %MEM     TIME+ COMMAND
 1471 ubuntu    20   0 16.886g 290888  14632 S 119.3  1.9   2:27.23 java
Fri Jun 13 08:13:09 UTC 2014
  PID USER      PR  NI    VIRT    RES    SHR S  %CPU %MEM     TIME+ COMMAND
 1471 ubuntu    20   0 16.886g 292232  14632 S 158.8  1.9   2:28.86 java
Fri Jun 13 08:13:10 UTC 2014
  PID USER      PR  NI    VIRT    RES    SHR S  %CPU %MEM     TIME+ COMMAND
 1471 ubuntu    20   0 16.886g 309312  14632 S 105.8  2.0   2:30.68 java
Fri Jun 13 08:13:11 UTC 2014
  PID USER      PR  NI    VIRT    RES    SHR S  %CPU %MEM     TIME+ COMMAND
 1471 ubuntu    20   0 16.886g 310360  14632 S 159.0  2.0   2:32.38 java
Fri Jun 13 08:13:12 UTC 2014
  PID USER      PR  NI    VIRT    RES    SHR S  %CPU %MEM     TIME+ COMMAND
 1471 ubuntu    20   0 16.886g 310532  14632 S 132.4  2.0   2:34.10 java
Fri Jun 13 08:13:13 UTC 2014
  PID USER      PR  NI    VIRT    RES    SHR S  %CPU %MEM     TIME+ COMMAND
 1471 ubuntu    20   0 16.886g 311948  14632 S 143.6  2.0   2:36.01 java
Fri Jun 13 08:13:15 UTC 2014
  PID USER      PR  NI    VIRT    RES    SHR S  %CPU %MEM     TIME+ COMMAND
 1471 ubuntu    20   0 16.886g 311520  14632 S  86.1  2.0   2:37.73 java
Fri Jun 13 08:13:16 UTC 2014
  PID USER      PR  NI    VIRT    RES    SHR S  %CPU %MEM     TIME+ COMMAND
 1471 ubuntu    20   0 16.886g 311724  14632 S 112.1  2.0   2:39.01 java
Fri Jun 13 08:13:17 UTC 2014
  PID USER      PR  NI    VIRT    RES    SHR S  %CPU %MEM     TIME+ COMMAND
 1471 ubuntu    20   0 16.886g 311384  14632 S 172.0  2.0   2:40.89 java
Fri Jun 13 08:13:18 UTC 2014
  PID USER      PR  NI    VIRT    RES    SHR S  %CPU %MEM     TIME+ COMMAND
 1471 ubuntu    20   0 16.886g 310880  14632 S 132.2  2.0   2:42.29 java
Fri Jun 13 08:13:19 UTC 2014
  PID USER      PR  NI    VIRT    RES    SHR S  %CPU %MEM     TIME+ COMMAND
 1471 ubuntu    20   0 16.886g 310120  14632 S  79.4  2.0   2:43.49 java
Fri Jun 13 08:13:20 UTC 2014
  PID USER      PR  NI    VIRT    RES    SHR S  %CPU %MEM     TIME+ COMMAND
 1471 ubuntu    20   0 16.886g 309632  14632 S  66.2  2.0   2:44.42 java
Fri Jun 13 08:13:22 UTC 2014
  PID USER      PR  NI    VIRT    RES    SHR S  %CPU %MEM     TIME+ COMMAND
 1471 ubuntu    20   0 16.886g 308604  14632 S  79.4  2.0   2:45.16 java
Fri Jun 13 08:13:23 UTC 2014
  PID USER      PR  NI    VIRT    RES    SHR S  %CPU %MEM     TIME+ COMMAND
 1471 ubuntu    20   0 16.886g 307580  14632 S  92.8  2.0   2:46.08 java
Fri Jun 13 08:13:24 UTC 2014
  PID USER      PR  NI    VIRT    RES    SHR S  %CPU %MEM     TIME+ COMMAND
 1471 ubuntu    20   0 16.886g 305772  14632 S  46.4  2.0   2:46.86 java
Fri Jun 13 08:13:25 UTC 2014
  PID USER      PR  NI    VIRT    RES    SHR S  %CPU %MEM     TIME+ COMMAND
 1471 ubuntu    20   0 16.886g 304744  14632 S  59.7  2.0   2:47.47 java
Fri Jun 13 08:13:26 UTC 2014
  PID USER      PR  NI    VIRT    RES    SHR S  %CPU %MEM     TIME+ COMMAND
 1471 ubuntu    20   0 16.886g 304484  14632 S  72.9  2.0   2:48.35 java
Fri Jun 13 08:13:27 UTC 2014
  PID USER      PR  NI    VIRT    RES    SHR S  %CPU %MEM     TIME+ COMMAND
 1471 ubuntu    20   0 16.886g 303456  14632 S  79.6  2.0   2:49.15 java
Fri Jun 13 08:13:29 UTC 2014
  PID USER      PR  NI    VIRT    RES    SHR S  %CPU %MEM     TIME+ COMMAND
 1471 ubuntu    20   0 16.886g 302944  14632 S  53.0  2.0   2:49.93 java
Fri Jun 13 08:13:30 UTC 2014
  PID USER      PR  NI    VIRT    RES    SHR S  %CPU %MEM     TIME+ COMMAND
 1471 ubuntu    20   0 16.886g 301920  14632 S  72.9  2.0   2:50.59 java
Fri Jun 13 08:13:31 UTC 2014
  PID USER      PR  NI    VIRT    RES    SHR S  %CPU %MEM     TIME+ COMMAND
 1471 ubuntu    20   0 16.886g 302168  14632 S  26.5  2.0   2:51.12 java
Fri Jun 13 08:13:32 UTC 2014
  PID USER      PR  NI    VIRT    RES    SHR S  %CPU %MEM     TIME+ COMMAND
 1471 ubuntu    20   0 16.886g 301916  14632 S  46.4  2.0   2:51.72 java
Fri Jun 13 08:13:33 UTC 2014
  PID USER      PR  NI    VIRT    RES    SHR S  %CPU %MEM     TIME+ COMMAND
 1471 ubuntu    20   0 16.886g 301404  14632 S  13.3  2.0   2:52.07 java
Fri Jun 13 08:13:35 UTC 2014
  PID USER      PR  NI    VIRT    RES    SHR S  %CPU %MEM     TIME+ COMMAND
 1471 ubuntu    20   0 16.886g 300892  14632 S  39.7  2.0   2:52.27 java
Fri Jun 13 08:13:36 UTC 2014
  PID USER      PR  NI    VIRT    RES    SHR S  %CPU %MEM     TIME+ COMMAND
 1471 ubuntu    20   0 16.886g 300892  14632 S  19.8  2.0   2:52.54 java
Fri Jun 13 08:13:37 UTC 2014
  PID USER      PR  NI    VIRT    RES    SHR S  %CPU %MEM     TIME+ COMMAND
 1471 ubuntu    20   0 16.886g 300380  14632 S  26.5  2.0   2:52.75 java
Fri Jun 13 08:13:38 UTC 2014
  PID USER      PR  NI    VIRT    RES    SHR S  %CPU %MEM     TIME+ COMMAND
 1471 ubuntu    20   0 16.886g 300380  14632 S  26.5  2.0   2:52.92 java
Fri Jun 13 08:13:39 UTC 2014
  PID USER      PR  NI    VIRT    RES    SHR S  %CPU %MEM     TIME+ COMMAND
 1471 ubuntu    20   0 16.886g 300380  14632 S  13.3  2.0   2:53.06 java
Fri Jun 13 08:13:40 UTC 2014
  PID USER      PR  NI    VIRT    RES    SHR S  %CPU %MEM     TIME+ COMMAND
 1471 ubuntu    20   0 16.886g 299864  14632 S  26.5  1.9   2:53.28 java
Fri Jun 13 08:13:42 UTC 2014
  PID USER      PR  NI    VIRT    RES    SHR S  %CPU %MEM     TIME+ COMMAND
 1471 ubuntu    20   0 16.886g 299864  14632 S   6.6  1.9   2:53.48 java
Fri Jun 13 08:13:43 UTC 2014
  PID USER      PR  NI    VIRT    RES    SHR S  %CPU %MEM     TIME+ COMMAND
 1471 ubuntu    20   0 16.886g 299352  14632 S  19.9  1.9   2:53.66 java
Fri Jun 13 08:13:44 UTC 2014
  PID USER      PR  NI    VIRT    RES    SHR S  %CPU %MEM     TIME+ COMMAND
 1471 ubuntu    20   0 16.886g 299356  14632 S  33.1  1.9   2:53.83 java
Fri Jun 13 08:13:45 UTC 2014
  PID USER      PR  NI    VIRT    RES    SHR S  %CPU %MEM     TIME+ COMMAND
 1471 ubuntu    20   0 16.886g 298844  14632 S  46.4  1.9   2:54.14 java
Fri Jun 13 08:13:46 UTC 2014
  PID USER      PR  NI    VIRT    RES    SHR S  %CPU %MEM     TIME+ COMMAND
 1471 ubuntu    20   0 16.886g 298596  14632 S  19.9  1.9   2:54.58 java
Fri Jun 13 08:13:47 UTC 2014
  PID USER      PR  NI    VIRT    RES    SHR S  %CPU %MEM     TIME+ COMMAND
 1471 ubuntu    20   0 16.886g 298596  14632 S   0.0  1.9   2:54.77 java
Fri Jun 13 08:13:49 UTC 2014
  PID USER      PR  NI    VIRT    RES    SHR S  %CPU %MEM     TIME+ COMMAND
 1471 ubuntu    20   0 16.886g 298080  14632 S   6.6  1.9   2:54.85 java
Fri Jun 13 08:13:50 UTC 2014
  PID USER      PR  NI    VIRT    RES    SHR S  %CPU %MEM     TIME+ COMMAND
 1471 ubuntu    20   0 16.886g 298080  14632 S  19.9  1.9   2:54.94 java
Fri Jun 13 08:13:51 UTC 2014
  PID USER      PR  NI    VIRT    RES    SHR S  %CPU %MEM     TIME+ COMMAND
 1471 ubuntu    20   0 16.886g 298080  14632 S   0.0  1.9   2:55.00 java
Fri Jun 13 08:13:52 UTC 2014
  PID USER      PR  NI    VIRT    RES    SHR S  %CPU %MEM     TIME+ COMMAND
 1471 ubuntu    20   0 16.886g 298080  14632 S   0.0  1.9   2:55.04 java
Fri Jun 13 08:13:53 UTC 2014
  PID USER      PR  NI    VIRT    RES    SHR S  %CPU %MEM     TIME+ COMMAND
 1471 ubuntu    20   0 16.886g 298080  14632 S  13.2  1.9   2:55.14 java
Fri Jun 13 08:13:54 UTC 2014
  PID USER      PR  NI    VIRT    RES    SHR S  %CPU %MEM     TIME+ COMMAND
 1471 ubuntu    20   0 16.886g 297568  14632 S  13.3  1.9   2:55.31 java
Fri Jun 13 08:13:56 UTC 2014
  PID USER      PR  NI    VIRT    RES    SHR S  %CPU %MEM     TIME+ COMMAND
 1471 ubuntu    20   0 16.886g 297568  14632 S   0.0  1.9   2:55.44 java
Fri Jun 13 08:13:57 UTC 2014
  PID USER      PR  NI    VIRT    RES    SHR S  %CPU %MEM     TIME+ COMMAND
 1471 ubuntu    20   0 16.886g 297568  14632 S   6.6  1.9   2:55.45 java
Fri Jun 13 08:13:58 UTC 2014
  PID USER      PR  NI    VIRT    RES    SHR S  %CPU %MEM     TIME+ COMMAND
 1471 ubuntu    20   0 16.886g 297568  14632 S   0.0  1.9   2:55.45 java
Fri Jun 13 08:13:59 UTC 2014
  PID USER      PR  NI    VIRT    RES    SHR S  %CPU %MEM     TIME+ COMMAND
 1471 ubuntu    20   0 16.886g 297568  14632 S   0.0  1.9   2:55.46 java
Fri Jun 13 08:14:00 UTC 2014
  PID USER      PR  NI    VIRT    RES    SHR S  %CPU %MEM     TIME+ COMMAND
 1471 ubuntu    20   0 16.886g 297568  14632 S   0.0  1.9   2:55.47 java
Fri Jun 13 08:14:01 UTC 2014
  PID USER      PR  NI    VIRT    RES    SHR S  %CPU %MEM     TIME+ COMMAND
 1471 ubuntu    20   0 16.886g 297568  14632 S   6.6  1.9   2:55.48 java
Fri Jun 13 08:14:03 UTC 2014
  PID USER      PR  NI    VIRT    RES    SHR S  %CPU %MEM     TIME+ COMMAND
 1471 ubuntu    20   0 16.886g 297568  14632 S   0.0  1.9   2:55.48 java
Fri Jun 13 08:14:04 UTC 2014
  PID USER      PR  NI    VIRT    RES    SHR S  %CPU %MEM     TIME+ COMMAND
 1471 ubuntu    20   0 16.886g 297568  14632 S   0.0  1.9   2:55.48 java
Fri Jun 13 08:14:05 UTC 2014
  PID USER      PR  NI    VIRT    RES    SHR S  %CPU %MEM     TIME+ COMMAND
 1471 ubuntu    20   0 16.886g 297568  14632 S   0.0  1.9   2:55.49 java
Fri Jun 13 08:14:06 UTC 2014
  PID USER      PR  NI    VIRT    RES    SHR S  %CPU %MEM     TIME+ COMMAND
 1471 ubuntu    20   0 16.886g 297568  14632 S   0.0  1.9   2:55.50 java
Fri Jun 13 08:14:07 UTC 2014
  PID USER      PR  NI    VIRT    RES    SHR S  %CPU %MEM     TIME+ COMMAND
 1471 ubuntu    20   0 16.886g 297568  14632 S   6.6  1.9   2:55.51 java
Fri Jun 13 08:14:08 UTC 2014
  PID USER      PR  NI    VIRT    RES    SHR S  %CPU %MEM     TIME+ COMMAND
 1471 ubuntu    20   0 16.886g 297568  14632 S   0.0  1.9   2:55.51 java
Fri Jun 13 08:14:10 UTC 2014
  PID USER      PR  NI    VIRT    RES    SHR S  %CPU %MEM     TIME+ COMMAND
 1471 ubuntu    20   0 16.886g 297568  14632 S   0.0  1.9   2:55.52 java
Fri Jun 13 08:14:11 UTC 2014
  PID USER      PR  NI    VIRT    RES    SHR S  %CPU %MEM     TIME+ COMMAND
 1471 ubuntu    20   0 16.886g 297568  14632 S   0.0  1.9   2:55.52 java
Fri Jun 13 08:14:12 UTC 2014
  PID USER      PR  NI    VIRT    RES    SHR S  %CPU %MEM     TIME+ COMMAND
 1471 ubuntu    20   0 16.886g 297568  14632 S   0.0  1.9   2:55.52 java
Fri Jun 13 08:14:13 UTC 2014
  PID USER      PR  NI    VIRT    RES    SHR S  %CPU %MEM     TIME+ COMMAND
 1471 ubuntu    20   0 16.886g 297568  14632 S   0.0  1.9   2:55.54 java
Fri Jun 13 08:14:14 UTC 2014
  PID USER      PR  NI    VIRT    RES    SHR S  %CPU %MEM     TIME+ COMMAND
 1471 ubuntu    20   0 16.886g 297568  14632 S   0.0  1.9   2:55.54 java
Fri Jun 13 08:14:16 UTC 2014
  PID USER      PR  NI    VIRT    RES    SHR S  %CPU %MEM     TIME+ COMMAND
 1471 ubuntu    20   0 16.886g 297568  14632 S   0.0  1.9   2:55.55 java
Fri Jun 13 08:14:17 UTC 2014
  PID USER      PR  NI    VIRT    RES    SHR S  %CPU %MEM     TIME+ COMMAND
 1471 ubuntu    20   0 16.886g 297568  14632 S   0.0  1.9   2:55.55 java
Fri Jun 13 08:14:18 UTC 2014
  PID USER      PR  NI    VIRT    RES    SHR S  %CPU %MEM     TIME+ COMMAND
 1471 ubuntu    20   0 16.886g 297568  14632 S   0.0  1.9   2:55.55 java
Fri Jun 13 08:14:19 UTC 2014
  PID USER      PR  NI    VIRT    RES    SHR S  %CPU %MEM     TIME+ COMMAND
 1471 ubuntu    20   0 16.886g 297568  14632 S   6.6  1.9   2:55.56 java
Fri Jun 13 08:14:20 UTC 2014
  PID USER      PR  NI    VIRT    RES    SHR S  %CPU %MEM     TIME+ COMMAND
 1471 ubuntu    20   0 16.886g 297568  14632 S   0.0  1.9   2:55.58 java
Fri Jun 13 08:14:21 UTC 2014
  PID USER      PR  NI    VIRT    RES    SHR S  %CPU %MEM     TIME+ COMMAND
 1471 ubuntu    20   0 16.886g 297568  14632 S   0.0  1.9   2:55.58 java
Fri Jun 13 08:14:23 UTC 2014
  PID USER      PR  NI    VIRT    RES    SHR S  %CPU %MEM     TIME+ COMMAND
 1471 ubuntu    20   0 16.886g 297568  14632 S   0.0  1.9   2:55.58 java
Fri Jun 13 08:14:24 UTC 2014
  PID USER      PR  NI    VIRT    RES    SHR S  %CPU %MEM     TIME+ COMMAND
 1471 ubuntu    20   0 16.886g 297568  14632 S   0.0  1.9   2:55.59 java
Fri Jun 13 08:14:25 UTC 2014
  PID USER      PR  NI    VIRT    RES    SHR S  %CPU %MEM     TIME+ COMMAND
 1471 ubuntu    20   0 16.886g 297568  14632 S   0.0  1.9   2:55.59 java
Fri Jun 13 08:14:26 UTC 2014
  PID USER      PR  NI    VIRT    RES    SHR S  %CPU %MEM     TIME+ COMMAND
 1471 ubuntu    20   0 16.886g 297568  14632 S   0.0  1.9   2:55.60 java
Fri Jun 13 08:14:27 UTC 2014
  PID USER      PR  NI    VIRT    RES    SHR S  %CPU %MEM     TIME+ COMMAND
 1471 ubuntu    20   0 16.886g 297568  14632 S   0.0  1.9   2:55.61 java
Fri Jun 13 08:14:28 UTC 2014
  PID USER      PR  NI    VIRT    RES    SHR S  %CPU %MEM     TIME+ COMMAND
 1471 ubuntu    20   0 16.886g 297568  14632 S   0.0  1.9   2:55.61 java
Fri Jun 13 08:14:30 UTC 2014
  PID USER      PR  NI    VIRT    RES    SHR S  %CPU %MEM     TIME+ COMMAND
 1471 ubuntu    20   0 16.886g 297568  14632 S   0.0  1.9   2:55.63 java
Fri Jun 13 08:14:31 UTC 2014
  PID USER      PR  NI    VIRT    RES    SHR S  %CPU %MEM     TIME+ COMMAND
 1471 ubuntu    20   0 16.886g 297568  14632 S   6.6  1.9   2:55.64 java
Fri Jun 13 08:14:32 UTC 2014
  PID USER      PR  NI    VIRT    RES    SHR S  %CPU %MEM     TIME+ COMMAND
 1471 ubuntu    20   0 16.886g 297568  14632 S   0.0  1.9   2:55.64 java
Fri Jun 13 08:14:33 UTC 2014
  PID USER      PR  NI    VIRT    RES    SHR S  %CPU %MEM     TIME+ COMMAND
 1471 ubuntu    20   0 16.886g 297568  14632 S   0.0  1.9   2:55.65 java
Fri Jun 13 08:14:34 UTC 2014
  PID USER      PR  NI    VIRT    RES    SHR S  %CPU %MEM     TIME+ COMMAND
 1471 ubuntu    20   0 16.886g 297568  14632 S   0.0  1.9   2:55.65 java
Fri Jun 13 08:14:35 UTC 2014
  PID USER      PR  NI    VIRT    RES    SHR S  %CPU %MEM     TIME+ COMMAND
 1471 ubuntu    20   0 16.886g 297568  14632 S   0.0  1.9   2:55.66 java
Fri Jun 13 08:14:37 UTC 2014
  PID USER      PR  NI    VIRT    RES    SHR S  %CPU %MEM     TIME+ COMMAND
 1471 ubuntu    20   0 16.886g 297568  14632 S   0.0  1.9   2:55.67 java
Fri Jun 13 08:14:38 UTC 2014
  PID USER      PR  NI    VIRT    RES    SHR S  %CPU %MEM     TIME+ COMMAND
 1471 ubuntu    20   0 16.886g 297568  14632 S   0.0  1.9   2:55.68 java
Fri Jun 13 08:14:39 UTC 2014
  PID USER      PR  NI    VIRT    RES    SHR S  %CPU %MEM     TIME+ COMMAND
 1471 ubuntu    20   0 16.886g 297568  14632 S   6.6  1.9   2:55.69 java
Fri Jun 13 08:14:40 UTC 2014
  PID USER      PR  NI    VIRT    RES    SHR S  %CPU %MEM     TIME+ COMMAND
 1471 ubuntu    20   0 16.886g 297568  14632 S   0.0  1.9   2:55.69 java
Fri Jun 13 08:14:41 UTC 2014
  PID USER      PR  NI    VIRT    RES    SHR S  %CPU %MEM     TIME+ COMMAND
 1471 ubuntu    20   0 16.886g 297568  14632 S   0.0  1.9   2:55.70 java
Fri Jun 13 08:14:42 UTC 2014
  PID USER      PR  NI    VIRT    RES    SHR S  %CPU %MEM     TIME+ COMMAND
 1471 ubuntu    20   0 16.886g 297568  14632 S   0.0  1.9   2:55.70 java
Fri Jun 13 08:14:44 UTC 2014
  PID USER      PR  NI    VIRT    RES    SHR S  %CPU %MEM     TIME+ COMMAND
 1471 ubuntu    20   0 16.886g 297568  14632 S   0.0  1.9   2:55.71 java
Fri Jun 13 08:14:45 UTC 2014
  PID USER      PR  NI    VIRT    RES    SHR S  %CPU %MEM     TIME+ COMMAND
 1471 ubuntu    20   0 16.886g 297568  14632 S   0.0  1.9   2:55.72 java
Fri Jun 13 08:14:46 UTC 2014
  PID USER      PR  NI    VIRT    RES    SHR S  %CPU %MEM     TIME+ COMMAND
 1471 ubuntu    20   0 16.886g 297688  14632 S   0.0  1.9   2:55.72 java
Fri Jun 13 08:14:47 UTC 2014
  PID USER      PR  NI    VIRT    RES    SHR S  %CPU %MEM     TIME+ COMMAND
 1471 ubuntu    20   0 16.886g 297640  14632 S   0.0  1.9   2:55.73 java
Fri Jun 13 08:14:48 UTC 2014
  PID USER      PR  NI    VIRT    RES    SHR S  %CPU %MEM     TIME+ COMMAND
 1471 ubuntu    20   0 16.886g 297640  14632 S   0.0  1.9   2:55.73 java
Fri Jun 13 08:14:49 UTC 2014
  PID USER      PR  NI    VIRT    RES    SHR S  %CPU %MEM     TIME+ COMMAND
 1471 ubuntu    20   0 16.886g 297640  14632 S   0.0  1.9   2:55.75 java
Fri Jun 13 08:14:51 UTC 2014
  PID USER      PR  NI    VIRT    RES    SHR S  %CPU %MEM     TIME+ COMMAND
 1471 ubuntu    20   0 16.886g 297640  14632 S   0.0  1.9   2:55.76 java
Fri Jun 13 08:14:52 UTC 2014
  PID USER      PR  NI    VIRT    RES    SHR S  %CPU %MEM     TIME+ COMMAND
 1471 ubuntu    20   0 16.886g 297640  14632 S   0.0  1.9   2:55.76 java
Fri Jun 13 08:14:53 UTC 2014
  PID USER      PR  NI    VIRT    RES    SHR S  %CPU %MEM     TIME+ COMMAND
 1471 ubuntu    20   0 16.886g 297640  14632 S   0.0  1.9   2:55.76 java
Fri Jun 13 08:14:54 UTC 2014
  PID USER      PR  NI    VIRT    RES    SHR S  %CPU %MEM     TIME+ COMMAND
 1471 ubuntu    20   0 16.886g 297668  14632 S   0.0  1.9   2:55.77 java
Fri Jun 13 08:14:55 UTC 2014
  PID USER      PR  NI    VIRT    RES    SHR S  %CPU %MEM     TIME+ COMMAND
 1471 ubuntu    20   0 16.886g 297668  14632 S   0.0  1.9   2:55.77 java
Fri Jun 13 08:14:56 UTC 2014
  PID USER      PR  NI    VIRT    RES    SHR S  %CPU %MEM     TIME+ COMMAND
 1471 ubuntu    20   0 16.886g 297668  14632 S   0.0  1.9   2:55.78 java
Fri Jun 13 08:14:58 UTC 2014
  PID USER      PR  NI    VIRT    RES    SHR S  %CPU %MEM     TIME+ COMMAND
 1471 ubuntu    20   0 16.886g 297668  14632 S   0.0  1.9   2:55.79 java
Fri Jun 13 08:14:59 UTC 2014
  PID USER      PR  NI    VIRT    RES    SHR S  %CPU %MEM     TIME+ COMMAND
 1471 ubuntu    20   0 16.886g 297668  14632 S   0.0  1.9   2:55.79 java
Fri Jun 13 08:15:00 UTC 2014
  PID USER      PR  NI    VIRT    RES    SHR S  %CPU %MEM     TIME+ COMMAND
 1471 ubuntu    20   0 16.886g 297668  14632 S   0.0  1.9   2:55.80 java
Fri Jun 13 08:15:01 UTC 2014
  PID USER      PR  NI    VIRT    RES    SHR S  %CPU %MEM     TIME+ COMMAND
 1471 ubuntu    20   0 16.886g 297668  14632 S   0.0  1.9   2:55.80 java
Fri Jun 13 08:15:02 UTC 2014
  PID USER      PR  NI    VIRT    RES    SHR S  %CPU %MEM     TIME+ COMMAND
 1471 ubuntu    20   0 16.886g 297668  14632 S   0.0  1.9   2:55.81 java
Fri Jun 13 08:15:03 UTC 2014
  PID USER      PR  NI    VIRT    RES    SHR S  %CPU %MEM     TIME+ COMMAND
 1471 ubuntu    20   0 16.886g 297668  14632 S   0.0  1.9   2:55.82 java
Fri Jun 13 08:15:05 UTC 2014
  PID USER      PR  NI    VIRT    RES    SHR S  %CPU %MEM     TIME+ COMMAND
 1471 ubuntu    20   0 16.886g 297668  14632 S   0.0  1.9   2:55.82 java
Fri Jun 13 08:15:06 UTC 2014
  PID USER      PR  NI    VIRT    RES    SHR S  %CPU %MEM     TIME+ COMMAND
 1471 ubuntu    20   0 16.886g 297668  14632 S   0.0  1.9   2:55.83 java
Fri Jun 13 08:15:07 UTC 2014
  PID USER      PR  NI    VIRT    RES    SHR S  %CPU %MEM     TIME+ COMMAND
 1471 ubuntu    20   0 16.886g 297668  14632 S   0.0  1.9   2:55.83 java
Fri Jun 13 08:15:08 UTC 2014
  PID USER      PR  NI    VIRT    RES    SHR S  %CPU %MEM     TIME+ COMMAND
 1471 ubuntu    20   0 16.886g 297668  14632 S   0.0  1.9   2:55.83 java
Fri Jun 13 08:15:09 UTC 2014
  PID USER      PR  NI    VIRT    RES    SHR S  %CPU %MEM     TIME+ COMMAND
 1471 ubuntu    20   0 16.886g 297668  14632 S   0.0  1.9   2:55.84 java
Fri Jun 13 08:15:11 UTC 2014
  PID USER      PR  NI    VIRT    RES    SHR S  %CPU %MEM     TIME+ COMMAND
 1471 ubuntu    20   0 16.886g 297668  14632 S   0.0  1.9   2:55.86 java
Fri Jun 13 08:15:12 UTC 2014
  PID USER      PR  NI    VIRT    RES    SHR S  %CPU %MEM     TIME+ COMMAND
 1471 ubuntu    20   0 16.886g 297668  14632 S   0.0  1.9   2:55.86 java
Fri Jun 13 08:15:13 UTC 2014
  PID USER      PR  NI    VIRT    RES    SHR S  %CPU %MEM     TIME+ COMMAND
 1471 ubuntu    20   0 16.886g 297668  14632 S   0.0  1.9   2:55.86 java
Fri Jun 13 08:15:14 UTC 2014
  PID USER      PR  NI    VIRT    RES    SHR S  %CPU %MEM     TIME+ COMMAND
 1471 ubuntu    20   0 16.886g 297668  14632 S   6.6  1.9   2:55.87 java
Fri Jun 13 08:15:15 UTC 2014
  PID USER      PR  NI    VIRT    RES    SHR S  %CPU %MEM     TIME+ COMMAND
 1471 ubuntu    20   0 16.886g 297668  14632 S   0.0  1.9   2:55.87 java
Fri Jun 13 08:15:16 UTC 2014
  PID USER      PR  NI    VIRT    RES    SHR S  %CPU %MEM     TIME+ COMMAND
 1471 ubuntu    20   0 16.886g 297668  14632 S   0.0  1.9   2:55.87 java
Fri Jun 13 08:15:18 UTC 2014
  PID USER      PR  NI    VIRT    RES    SHR S  %CPU %MEM     TIME+ COMMAND
 1471 ubuntu    20   0 16.886g 297668  14632 S   0.0  1.9   2:55.88 java
Fri Jun 13 08:15:19 UTC 2014
  PID USER      PR  NI    VIRT    RES    SHR S  %CPU %MEM     TIME+ COMMAND
 1471 ubuntu    20   0 16.886g 297668  14632 S   0.0  1.9   2:55.89 java
Fri Jun 13 08:15:20 UTC 2014
  PID USER      PR  NI    VIRT    RES    SHR S  %CPU %MEM     TIME+ COMMAND
 1471 ubuntu    20   0 16.886g 297668  14632 S   0.0  1.9   2:55.90 java
Fri Jun 13 08:15:21 UTC 2014
  PID USER      PR  NI    VIRT    RES    SHR S  %CPU %MEM     TIME+ COMMAND
 1471 ubuntu    20   0 16.886g 297668  14632 S   0.0  1.9   2:55.90 java
Fri Jun 13 08:15:22 UTC 2014
  PID USER      PR  NI    VIRT    RES    SHR S  %CPU %MEM     TIME+ COMMAND
 1471 ubuntu    20   0 16.886g 297668  14632 S   0.0  1.9   2:55.91 java
Fri Jun 13 08:15:23 UTC 2014
  PID USER      PR  NI    VIRT    RES    SHR S  %CPU %MEM     TIME+ COMMAND
 1471 ubuntu    20   0 16.886g 297668  14632 S   6.6  1.9   2:55.92 java
Fri Jun 13 08:15:25 UTC 2014
  PID USER      PR  NI    VIRT    RES    SHR S  %CPU %MEM     TIME+ COMMAND
 1471 ubuntu    20   0 16.886g 297668  14632 S   0.0  1.9   2:55.92 java
Fri Jun 13 08:15:26 UTC 2014
  PID USER      PR  NI    VIRT    RES    SHR S  %CPU %MEM     TIME+ COMMAND
 1471 ubuntu    20   0 16.886g 297668  14632 S   0.0  1.9   2:55.93 java
Fri Jun 13 08:15:27 UTC 2014
  PID USER      PR  NI    VIRT    RES    SHR S  %CPU %MEM     TIME+ COMMAND
 1471 ubuntu    20   0 16.886g 297668  14632 S   0.0  1.9   2:55.93 java
Fri Jun 13 08:15:28 UTC 2014
  PID USER      PR  NI    VIRT    RES    SHR S  %CPU %MEM     TIME+ COMMAND
 1471 ubuntu    20   0 16.886g 297668  14632 S   0.0  1.9   2:55.93 java
Fri Jun 13 08:15:29 UTC 2014
  PID USER      PR  NI    VIRT    RES    SHR S  %CPU %MEM     TIME+ COMMAND
 1471 ubuntu    20   0 16.886g 297668  14632 S   0.0  1.9   2:55.95 java
Fri Jun 13 08:15:30 UTC 2014
  PID USER      PR  NI    VIRT    RES    SHR S  %CPU %MEM     TIME+ COMMAND
 1471 ubuntu    20   0 16.886g 297668  14632 S   0.0  1.9   2:55.96 java
Fri Jun 13 08:15:32 UTC 2014
  PID USER      PR  NI    VIRT    RES    SHR S  %CPU %MEM     TIME+ COMMAND
 1471 ubuntu    20   0 16.886g 297668  14632 S   0.0  1.9   2:55.96 java
Fri Jun 13 08:15:33 UTC 2014
  PID USER      PR  NI    VIRT    RES    SHR S  %CPU %MEM     TIME+ COMMAND
 1471 ubuntu    20   0 16.886g 297668  14632 S   0.0  1.9   2:55.97 java
Fri Jun 13 08:15:34 UTC 2014
  PID USER      PR  NI    VIRT    RES    SHR S  %CPU %MEM     TIME+ COMMAND
 1471 ubuntu    20   0 16.886g 297668  14632 S   0.0  1.9   2:55.97 java
Fri Jun 13 08:15:35 UTC 2014
  PID USER      PR  NI    VIRT    RES    SHR S  %CPU %MEM     TIME+ COMMAND
 1471 ubuntu    20   0 16.886g 297668  14632 S   0.0  1.9   2:55.97 java
Fri Jun 13 08:15:36 UTC 2014
  PID USER      PR  NI    VIRT    RES    SHR S  %CPU %MEM     TIME+ COMMAND
 1471 ubuntu    20   0 16.886g 297668  14632 S   6.6  1.9   2:55.99 java
Fri Jun 13 08:15:37 UTC 2014
  PID USER      PR  NI    VIRT    RES    SHR S  %CPU %MEM     TIME+ COMMAND
 1471 ubuntu    20   0 16.886g 297668  14632 S   0.0  1.9   2:55.99 java
Fri Jun 13 08:15:39 UTC 2014
  PID USER      PR  NI    VIRT    RES    SHR S  %CPU %MEM     TIME+ COMMAND
 1471 ubuntu    20   0 16.886g 297668  14632 S   0.0  1.9   2:55.99 java
Fri Jun 13 08:15:40 UTC 2014
  PID USER      PR  NI    VIRT    RES    SHR S  %CPU %MEM     TIME+ COMMAND
 1471 ubuntu    20   0 16.886g 297668  14632 S   0.0  1.9   2:56.00 java
Fri Jun 13 08:15:41 UTC 2014
  PID USER      PR  NI    VIRT    RES    SHR S  %CPU %MEM     TIME+ COMMAND
 1471 ubuntu    20   0 16.886g 297668  14632 S   0.0  1.9   2:56.01 java
Fri Jun 13 08:15:42 UTC 2014
  PID USER      PR  NI    VIRT    RES    SHR S  %CPU %MEM     TIME+ COMMAND
 1471 ubuntu    20   0 16.886g 297668  14632 S   0.0  1.9   2:56.01 java
Fri Jun 13 08:15:43 UTC 2014
  PID USER      PR  NI    VIRT    RES    SHR S  %CPU %MEM     TIME+ COMMAND
 1471 ubuntu    20   0 16.886g 297668  14632 S   0.0  1.9   2:56.01 java
Fri Jun 13 08:15:44 UTC 2014
  PID USER      PR  NI    VIRT    RES    SHR S  %CPU %MEM     TIME+ COMMAND
 1471 ubuntu    20   0 16.886g 297668  14632 S   0.0  1.9   2:56.03 java
Fri Jun 13 08:15:46 UTC 2014
  PID USER      PR  NI    VIRT    RES    SHR S  %CPU %MEM     TIME+ COMMAND
 1471 ubuntu    20   0 16.886g 297668  14632 S   0.0  1.9   2:56.03 java
Fri Jun 13 08:15:47 UTC 2014
  PID USER      PR  NI    VIRT    RES    SHR S  %CPU %MEM     TIME+ COMMAND
 1471 ubuntu    20   0 16.886g 297668  14632 S   0.0  1.9   2:56.03 java
Fri Jun 13 08:15:48 UTC 2014
  PID USER      PR  NI    VIRT    RES    SHR S  %CPU %MEM     TIME+ COMMAND
 1471 ubuntu    20   0 16.886g 297668  14632 S   6.6  1.9   2:56.04 java
