1401853162	0.5
1401853163	0.6
1401853165	0.8
1401853166	1.1
1401853167	1.4
1401853168	1.6
1401853169	2.2
1401853170	2.6
1401853172	3
1401853173	3
1401853174	3.4
1401853175	5.2
1401853176	5.6
1401853177	4.6
1401853179	4.9
1401853180	4.7
1401853181	5
1401853182	7.3
1401853183	7.4
1401853184	6.1
1401853186	6.3
1401853187	6.4
1401853188	6.8
1401853189	6.8
1401853190	7.2
1401853191	7.4
1401853193	7.6
1401853194	9
1401853195	8.9
1401853196	7.9
1401853197	8.2
1401853198	8.4
1401853200	8.4
1401853201	8.5
1401853202	8.7
1401853203	8.7
1401853204	8.8
1401853205	8.8
1401853207	9.4
1401853208	9.7
1401853209	10.2
1401853210	10.5
1401853211	10.9
1401853212	11.4
1401853214	12
1401853215	12.6
1401853216	13.3
1401853217	14.3
1401853218	15.4
1401853219	16.5
1401853221	17.8
1401853222	19.3
1401853223	20.6
1401853224	22.3
1401853225	24
1401853226	25.4
1401853228	26.9
1401853229	28.5
1401853230	30.1
1401853231	32.1
1401853232	33.8
1401853233	35.7
1401853235	37.2
1401853236	38.8
1401853237	40.7
1401853238	42.7
1401853239	44.7
1401853240	46.6
1401853242	48.8
1401853243	50.4
1401853244	52.6
1401853245	54.3
1401853246	56.1
1401853247	57.4
1401853249	58.7
1401853250	60
1401853251	61.5
1401853252	62.9
1401853253	63
1401853254	63.3
1401853256	63.7
1401853257	64
1401853259	65.6
1401853261	63.6
1401853262	62.6
1401853263	62.6
1401853264	61.8
1401853265	66.6
1401853267	60.2
1401853268	58.9
1401853269	56.3
1401853270	54.1
1401853271	51.6
1401853272	48.6
1401853274	47
1401853275	45.3
1401853276	45.9
1401853277	44.8
1401853278	45
1401853279	44.3
1401853281	44.9
1401853282	45.2
1401853283	45.9
1401853284	49.3
1401853285	51.4
1401853286	51.5
1401853288	51.7
1401853289	52.4
1401853290	67.6
1401853292	74.6
1401853293	82.6
1401853295	86.3
1401853315	86.4
1401853317	86.3
1401853321	86.7
1401853325	86.6
1401853327	86.7
1401853329	86.7
1401853331	86.7
1401853332	87.1
1401853335	86
1401853339	85
1401853340	85
1401853342	85.1
1401853343	85.1
1401853344	85.1
1401853345	85.3
1401853346	61.7
1401853347	61.4
1401853348	61.3
1401853350	60.2
1401853351	60.2
1401853352	60.1
1401853353	59.4
1401853354	59.4
1401853355	59.2
1401853357	59.2
1401853358	59.1
1401853359	59.1
1401853360	59.1
1401853361	59.7
1401853362	59.8
1401853364	60.1
1401853365	60.1
1401853366	60.1
1401853367	60.5
1401853368	60.5
1401853369	60.5
1401853370	60.7
1401853372	60.7
1401853373	60.7
1401853374	60.7
1401853375	61
1401853376	61.1
1401853377	61.1
1401853379	61.1
1401853380	61.1
1401853381	55
1401853382	50.4
1401853383	37.4
1401853384	37.3
1401853386	37.1
1401853387	36.8
1401853388	36.7
1401853389	36.6
1401853390	36.4
1401853391	36.3
1401853393	35.8
1401853394	35.7
1401853395	35.6
1401853396	35.5
1401853397	35.4
1401853398	35.3
1401853399	35.3
1401853401	35.3
1401853402	35.3
1401853403	35.3
1401853404	35.3
1401853405	35.3
1401853406	35.3
1401853408	35.3
1401853409	35.3
1401853410	35.3
1401853411	35.3
1401853412	35.3
1401853413	35.3
1401853415	35.3
1401853416	35.3
1401853417	35.3
1401853418	35.3
1401853419	35.3
1401853420	35.3
1401853422	35.3
1401853423	35.3
1401853424	35.3
1401853425	35.3
1401853426	35.3
1401853427	35.4
1401853428	35.4
1401853430	35.4
1401853431	35.4
1401853432	35.4
1401853433	35.4
1401853434	35.4
1401853435	35.4
1401853437	35.4
1401853438	35.4
1401853439	35.4
1401853440	35.4
1401853441	35.4
1401853442	35.3
1401853444	35.3
1401853445	35.3
1401853446	35.3
1401853447	35.3
1401853448	35.3
1401853449	35.3
1401853451	35.3
1401853452	35.3
1401853453	35.3
1401853454	35.3
1401853455	35.3
1401853456	35.3
1401853457	35.3
1401853459	35.3
1401853460	35.3
1401853461	31.5
1401853462	31.4
1401853463	31.3
1401853464	31.3
1401853466	31.3
1401853467	31.2
1401853468	31.2
1401853469	31.2
1401853470	31.2
1401853471	31.2
1401853473	31.2
1401853474	31.2
1401853475	31.2
1401853476	31.2
1401853477	31.2
1401853478	31.2
1401853479	31.2
1401853481	31.2
1401853482	31.2
1401853483	31.2
1401853484	31.2
1401853485	31.2
1401853486	31.2
1401853488	31.2
1401853489	31.2
1401853490	31.2
1401853491	31.2
1401853492	31.2
1401853493	31.2
1401853495	31.2
1401853496	31.2
1401853497	31.2
1401853498	31.2
1401853499	31.2
1401853500	31.2
1401853502	31.2
1401853503	31.1
1401853504	31.1
1401853505	31.1
1401853506	31.1
1401853507	31.1
1401853508	31.1
1401853510	31.1
1401853511	31.1
1401853512	31.1
1401853513	31.1
1401853514	31.1
1401853515	31.1
1401853517	31.1
1401853518	31.1
1401853519	31.1
1401853520	31.1
1401853521	31.1
1401853522	31.1
1401853524	31.1
1401853525	31.1
1401853526	31.1
1401853527	31.1
1401853528	31.1
1401853529	31.1
1401853531	31.1
1401853532	31.1
1401853533	31.1
1401853534	31.1
1401853535	31.1
1401853536	31.1
1401853537	31.1
1401853539	31.1
1401853540	31.1
1401853541	31.1
1401853542	31.1
1401853543	31.1
1401853544	31.1
1401853546	31.1
1401853547	31.1
1401853548	31.1
1401853549	31.1
1401853550	31.1
1401853551	31.1
1401853553	31.1
1401853554	31.1
1401853555	31.1
1401853556	31.1
1401853557	31.1
1401853558	31.1
1401853560	31.1
1401853561	31.2
1401853562	31.2
1401853563	31.2
1401853564	31.2
1401853565	31.2
1401853566	31.2
1401853568	31.2
1401853569	31.2
1401853570	31.2
1401853571	31.2
1401853572	31.2
1401853573	31.2
1401853575	31.2
1401853576	31.2
1401853577	31.2
1401853578	31.2
1401853579	31.2
1401853580	31.2
1401853582	31.2
1401853583	31.2
1401853584	31.2
1401853585	31.2
1401853586	31.2
1401853587	31.2
1401853588	31.2
1401853590	31.2
1401853591	31.2
1401853592	31.2
1401853593	31.2
1401853594	31.2
1401853595	31.2
1401853597	31.2
1401853598	31.2
1401853599	31.2
1401853600	31.2
1401853601	31.2
1401853602	31.2
1401853604	31.2
1401853605	31.2
1401853606	31.2
1401853607	31.2
1401853608	31.2
1401853609	31.2
1401853611	31.2
1401853612	31.2
1401853613	31.2
1401853614	31.2
1401853615	31.2
1401853616	31.2
1401853617	31.2
1401853619	31.2
1401853620	31.2
1401853621	31.2
1401853622	31.2
1401853623	31.2
1401853624	31.2
1401853626	31.2
1401853627	31.2
1401853628	31.2
1401853629	31.2
1401853630	31.2
1401853631	31.2
1401853633	31.2
1401853634	31.2
1401853635	31.2
1401853636	31.2
1401853637	31.2
1401853638	31.2
1401853640	31.2
1401853641	31.2
1401853642	31.2
1401853643	31.2
1401853644	31.2
1401853645	31.2
1401853646	31.2
1401853648	31.2
1401853649	31.2
1401853650	31.2
1401853651	31.2
1401853652	31.2
1401853653	31.2
1401853655	31.2
1401853656	31.2
1401853657	31.2
1401853658	31.2
1401853659	31.2
1401853660	31.2
1401853662	31.2
1401853663	31.2
1401853664	31.2
1401853665	31.2
1401853666	31.2
1401853667	31.2
1401853669	31.2
1401853670	31.2
1401853671	31.2
1401853672	31.2
1401853673	31.2
1401853674	31.2
1401853675	31.2
1401853677	31.2
1401853678	31.2
1401853679	31.2
1401853680	31.2
1401853681	31.2
1401853682	31.2
1401853684	31.2
1401853685	31.2
1401853686	31.2
1401853687	31.2
1401853688	31.2
1401853689	31.2
1401853691	31.2
1401853692	31.2
1401853693	31.2
1401853694	31.2
1401853695	31.2
1401853696	31.2
1401853697	31.2
1401853699	31.2
1401853700	31.2
1401853701	31.2
1401853702	31.2
1401853703	31.2
1401853704	31.2
1401853706	31.2
1401853707	31.2
1401853708	31.2
1401853709	31.2
1401853710	31.2
1401853711	31.2
1401853713	31.3
1401853714	31.3
1401853715	31.3
1401853716	31.3
1401853717	31.3
1401853718	31.3
1401853720	31.3
1401853721	31.3
1401853722	31.3
1401853723	31.3
1401853724	31.3
1401853725	31.3
1401853726	31.3
1401853728	31.3
1401853729	31.3
1401853730	31.3
1401853731	31.3
1401853732	31.3
1401853733	31.3
1401853735	31.3
1401853736	31.3
1401853737	31.3
1401853738	31.3
1401853739	31.3
1401853740	31.3
1401853742	31.3
1401853743	31.3
1401853744	31.3
1401853745	31.3
1401853746	31.3
1401853747	31.3
1401853749	31.3
1401853750	31.3
1401853751	31.3
1401853752	31.3
1401853753	31.3
1401853754	31.3
1401853755	31.3
1401853757	31.3
1401853758	31.3
1401853759	31.3
1401853760	31.3
1401853761	31.3
1401853762	31.3
1401853764	31.3
1401853765	31.3
1401853766	31.3
1401853767	31.3
1401853768	31.3
1401853769	31.3
1401853771	31.3
1401853772	31.3
1401853773	31.3
1401853774	31.3
1401853775	31.3
1401853776	31.3
1401853778	31.3
1401853779	31.3
1401853780	31.3
1401853781	31.3
1401853782	31.3
1401853783	31.3
1401853784	31.3
1401853786	31.3
1401853787	31.3
1401853788	31.3
1401853789	31.3
1401853790	31.3
1401853791	31.3
1401853793	31.3
1401853794	31.3
1401853795	31.3
1401853796	31.4
1401853797	31.4
1401853798	31.4
1401853800	31.4
1401853801	31.4
1401853802	31.4
1401853803	31.4
1401853804	31.4
1401853805	31.4
1401853807	31.4
1401853808	31.4
1401853809	31.4
1401853810	31.4
1401853811	31.4
1401853812	31.4
1401853813	31.4
1401853815	31.4
1401853816	31.4
1401853817	31.4
1401853818	31.4
1401853819	31.4
1401853820	31.4
1401853822	31.4
1401853823	31.4
1401853824	31.4
1401853825	31.4
1401853826	31.4
1401853827	31.4
1401853829	31.4
1401853830	31.4
1401853831	31.4
1401853832	31.4
1401853833	31.4
1401853834	31.4
1401853836	31.4
1401853837	31.4
1401853838	31.4
1401853839	31.4
1401853840	31.4
1401853841	31.4
1401853843	31.4
1401853844	31.4
1401853845	31.4
1401853846	31.4
1401853847	31.4
1401853848	31.4
1401853849	31.4
1401853851	31.4
1401853852	31.4
1401853853	31.4
1401853854	31.4
1401853855	31.4
1401853856	31.4
1401853858	31.4
1401853859	31.4
1401853860	31.4
1401853861	31.4
1401853862	31.4
1401853863	31.4
1401853865	31.4
1401853866	31.4
1401853867	31.4
1401853868	31.4
1401853869	31.4
1401853870	31.5
1401853872	31.5
1401853873	31.5
1401853874	31.5
1401853875	31.5
1401853876	31.5
1401853877	31.5
1401853878	31.5
1401853880	31.5
1401853881	31.5
1401853882	31.5
1401853883	31.5
1401853884	31.5
1401853885	31.5
1401853887	31.5
1401853888	31.5
1401853889	31.5
1401853890	31.5
1401853891	31.5
1401853892	31.5
1401853894	31.5
1401853895	31.5
1401853896	31.5
1401853897	31.5
1401853898	31.5
1401853899	31.5
1401853901	31.5
1401853902	31.5
1401853903	31.5
1401853904	31.5
1401853905	31.5
1401853906	31.5
1401853907	31.5
1401853909	31.5
1401853910	31.5
1401853911	31.5
1401853912	31.5
1401853913	31.5
1401853914	31.5
1401853916	31.5
1401853917	31.5
1401853918	31.5
1401853919	31.5
1401853920	31.5
1401853921	31.5
1401853923	31.5
1401853924	31.5
1401853925	31.5
1401853926	31.5
1401853927	31.5
1401853928	31.5
1401853930	31.5
1401853931	31.5
1401853932	31.5
1401853933	31.5
1401853934	31.5
1401853935	31.5
1401853936	31.5
1401853938	31.5
1401853939	31.5
1401853940	31.5
1401853941	31.5
1401853942	31.5
1401853943	31.5
1401853945	31.5
1401853946	31.5
1401853947	31.5
1401853948	31.5
1401853949	31.5
1401853950	31.5
1401853952	31.5
1401853953	31.5
1401853954	31.5
1401853955	31.5
1401853956	31.5
1401853957	31.5
1401853959	31.5
1401853960	31.5
1401853961	31.5
1401853962	31.5
1401853963	31.5
1401853964	31.5
1401853965	31.5
1401853967	31.5
1401853968	31.5
1401853969	31.5
1401853970	31.5
1401853971	31.5
1401853972	31.5
1401853974	31.5
1401853975	31.5
1401853976	31.5
1401853977	31.5
1401853978	31.6
1401853979	31.6
1401853981	31.6
1401853982	31.6
1401853983	31.6
1401853984	31.6
1401853985	31.6
1401853986	31.6
1401853988	31.6
1401853989	31.6
1401853990	31.6
1401853991	31.6
1401853992	31.6
1401853993	31.6
1401853995	31.6
1401853996	31.6
1401853997	31.6
1401853998	31.6
1401853999	31.6
1401854000	31.6
1401854001	31.6
1401854003	31.6
1401854004	31.6
1401854005	31.6
1401854006	31.6
1401854007	31.6
1401854008	31.6
1401854010	31.6
1401854011	31.6
1401854012	31.6
1401854013	31.6
1401854014	31.6
1401854015	31.6
1401854017	31.6
1401854018	31.6
1401854019	31.6
1401854020	31.6
1401854021	31.6
1401854022	31.6
1401854024	31.6
1401854025	31.6
1401854026	31.6
1401854027	31.6
1401854028	31.6
1401854029	31.6
1401854030	31.6
1401854032	31.6
1401854033	31.6
1401854034	31.6
1401854035	31.6
1401854036	31.6
1401854037	31.6
1401854039	31.6
1401854040	31.6
1401854041	31.6
1401854042	31.6
1401854043	31.6
1401854044	31.6
1401854046	31.6
1401854047	31.6
1401854048	31.6
1401854049	31.6
1401854050	31.6
1401854051	31.6
1401854053	31.6
1401854054	31.6
1401854055	31.6
1401854056	31.6
1401854057	31.6
1401854058	31.6
1401854059	31.6
1401854061	31.6
1401854062	31.6
1401854063	31.6
1401854064	31.6
1401854065	31.6
1401854066	31.6
1401854068	31.6
1401854069	31.6
1401854070	31.6
1401854071	31.6
1401854072	31.6
1401854073	31.6
1401854075	31.6
1401854076	31.6
1401854077	31.6
1401854078	31.6
1401854079	31.6
1401854080	31.6
1401854082	31.6
1401854083	31.6
1401854084	31.6
1401854085	31.6
1401854086	31.6
1401854087	31.6
1401854088	31.6
1401854090	31.6
1401854091	31.6
1401854092	31.6
1401854093	31.6
1401854094	31.6
1401854095	31.6
1401854097	31.6
1401854098	31.6
1401854099	31.6
1401854100	31.6
1401854101	31.6
1401854102	31.6
1401854104	31.6
1401854105	31.6
1401854106	31.6
1401854107	31.6
1401854108	31.6
1401854109	31.6
1401854111	31.6
1401854112	31.6
1401854113	31.6
1401854114	31.7
1401854115	31.7
1401854116	31.7
1401854117	31.7
1401854119	31.7
1401854120	31.7
1401854121	31.7
1401854122	31.7
1401854123	31.7
1401854124	31.7
1401854126	31.7
1401854127	31.7
1401854128	31.7
1401854129	31.7
1401854130	31.7
1401854131	31.7
1401854133	31.7
1401854134	31.7
1401854135	31.7
1401854136	31.7
1401854137	31.7
1401854138	31.7
1401854140	31.7
1401854141	31.7
1401854142	31.7
1401854143	31.7
1401854144	31.7
1401854145	31.7
1401854146	31.7
1401854148	31.7
1401854149	31.7
1401854150	31.7
1401854151	31.7
1401854152	31.7
1401854153	31.7
1401854155	31.7
1401854156	31.7
1401854157	31.7
1401854158	31.7
1401854159	31.7
1401854160	31.7
1401854162	31.7
1401854163	31.7
1401854164	31.7
1401854165	31.7
1401854166	31.7
1401854167	31.7
1401854169	31.7
1401854170	31.7
1401854171	31.7
1401854172	31.7
1401854173	31.7
1401854174	31.7
1401854175	31.7
1401854177	31.7
1401854178	31.7
1401854179	31.7
1401854180	31.7
1401854181	31.7
1401854182	31.7
1401854184	31.7
1401854185	31.7
1401854186	31.7
1401854187	31.7
1401854188	31.7
1401854189	31.7
1401854191	31.7
1401854192	31.7
1401854193	31.7
1401854194	31.7
1401854195	31.7
1401854196	31.7
1401854198	31.7
1401854199	31.7
1401854200	31.7
1401854201	31.7
1401854202	31.7
1401854203	31.7
1401854204	31.7
1401854206	31.7
1401854207	31.7
1401854208	31.7
1401854209	31.7
1401854210	31.7
1401854211	31.7
1401854213	31.7
1401854214	31.7
1401854215	31.7
1401854216	31.7
1401854217	31.8
1401854218	31.8
1401854220	31.8
1401854221	31.8
1401854222	31.8
1401854223	31.8
1401854224	31.8
1401854225	31.8
1401854227	31.8
1401854228	31.8
1401854229	31.8
1401854230	31.8
1401854231	31.8
1401854232	31.8
1401854233	31.8
1401854235	31.8
1401854236	31.8
1401854237	31.8
1401854238	31.8
1401854239	31.8
1401854240	31.8
1401854242	31.8
1401854243	31.8
1401854244	31.8
1401854245	31.8
1401854246	31.8
1401854247	31.8
1401854249	31.8
1401854250	31.8
1401854251	31.8
1401854252	31.8
1401854253	31.8
1401854254	31.8
1401854256	31.8
1401854257	31.8
1401854258	31.8
1401854259	31.8
1401854260	31.8
1401854261	31.8
1401854262	31.8
1401854264	31.8
1401854265	31.8
1401854266	31.8
1401854267	31.8
1401854268	31.8
1401854269	31.8
1401854271	31.8
1401854272	31.8
1401854273	31.8
1401854274	31.8
1401854275	31.8
1401854276	31.8
1401854278	31.8
1401854279	31.8
1401854280	31.8
1401854281	31.8
1401854282	31.8
1401854283	31.8
1401854285	31.8
1401854286	31.8
1401854287	31.8
1401854288	31.8
1401854289	31.8
1401854290	31.8
1401854292	31.8
1401854293	31.8
1401854294	31.8
1401854295	31.8
1401854296	31.8
1401854297	31.8
1401854298	31.8
1401854300	31.8
1401854301	31.8
1401854302	31.8
1401854303	31.8
1401854304	31.8
1401854305	31.8
1401854307	31.8
1401854308	31.8
1401854309	31.8
1401854310	31.8
1401854311	31.8
1401854312	31.8
1401854314	31.8
1401854315	31.8
1401854316	31.8
1401854317	31.8
1401854318	31.8
1401854319	31.8
1401854321	31.8
1401854322	31.8
1401854323	31.8
1401854324	31.9
1401854325	31.9
1401854326	31.9
1401854327	31.9
1401854329	31.9
1401854330	31.9
1401854331	31.9
1401854332	31.9
1401854333	31.9
1401854334	31.9
1401854336	31.9
1401854337	31.9
1401854338	31.9
1401854339	31.9
1401854340	31.9
1401854341	31.9
1401854343	31.9
1401854344	31.9
1401854345	31.9
1401854346	31.9
1401854347	31.9
1401854348	31.9
1401854350	31.9
1401854351	31.9
1401854352	31.9
1401854353	31.9
1401854354	31.9
1401854355	31.9
1401854356	31.9
1401854358	31.9
1401854359	31.9
1401854360	31.9
1401854361	31.9
1401854362	31.9
1401854363	31.9
1401854365	31.9
1401854366	31.9
1401854367	31.9
1401854368	31.9
1401854369	31.9
1401854370	31.9
1401854372	31.9
1401854373	31.9
1401854374	31.9
1401854375	31.9
1401854376	31.9
1401854377	31.9
1401854379	31.9
1401854380	31.9
1401854381	31.9
1401854382	31.9
1401854383	31.9
1401854384	31.9
1401854385	31.9
1401854387	31.9
1401854388	31.9
1401854389	31.9
1401854390	31.9
1401854391	31.9
1401854392	31.9
1401854394	31.9
1401854395	31.9
1401854396	31.9
1401854397	31.9
1401854398	31.9
1401854399	31.9
1401854401	31.9
1401854402	31.9
1401854403	31.9
1401854404	31.9
1401854405	31.9
1401854406	31.9
1401854408	31.9
1401854409	31.9
1401854410	31.9
1401854411	31.9
1401854412	31.9
1401854413	32
1401854414	32
1401854416	32
1401854417	32
1401854418	32
1401854419	32
1401854420	32
1401854421	32
1401854423	32
1401854424	32
1401854425	32
1401854426	32
1401854427	32
1401854428	32
1401854430	32
1401854431	32
1401854432	32
1401854433	32
1401854434	32
1401854435	32
1401854437	32
1401854438	32
1401854439	32
1401854440	32
1401854441	32
1401854442	32
1401854443	32
1401854445	32
1401854446	32
1401854447	32
1401854448	32
1401854449	32
1401854450	32
1401854452	32
1401854453	32
1401854454	32
1401854455	32
1401854456	32
1401854457	32
1401854459	32
1401854460	32
1401854461	32
1401854462	32
1401854463	32
1401854464	32
1401854466	32
1401854467	32
1401854468	32
1401854469	32
1401854470	32
1401854471	32
1401854472	32
1401854474	32
1401854475	32
1401854476	32
1401854477	32
1401854478	32
1401854479	32
1401854481	32
1401854482	32
1401854483	32
1401854484	32
1401854485	32
1401854486	32
1401854488	32
1401854489	32
1401854490	32
1401854491	32
1401854492	32
1401854493	32
1401854495	32
1401854496	32
1401854497	32
1401854498	32
1401854499	32
1401854500	32
1401854501	32
1401854503	32
1401854504	32
1401854505	32
1401854506	32
1401854507	32
1401854508	32
1401854510	32
1401854511	32
1401854512	32
1401854513	32
1401854514	32
1401854515	32
1401854517	32
1401854518	32
1401854519	32
1401854520	32
1401854521	32
1401854522	32
1401854524	32
1401854525	32
1401854526	32
1401854527	32
1401854528	32
1401854529	32
1401854530	32
1401854532	32
1401854533	32
1401854534	32
1401854535	32
1401854536	32
1401854537	32
1401854539	32.1
1401854540	32.1
1401854541	32.1
1401854542	32.1
1401854543	32.1
1401854544	32.1
1401854546	32.1
1401854547	32.1
1401854548	32.1
1401854549	32.1
1401854550	32.1
1401854551	32.1
1401854553	32.1
1401854554	32.1
1401854555	32.1
1401854556	32.1
1401854557	32.1
1401854558	32.1
1401854559	32.1
1401854561	32.1
1401854562	32.1
1401854563	32.1
1401854564	32.1
1401854565	32.1
1401854566	32.1
1401854568	32.1
1401854569	32.1
1401854570	32.1
1401854571	32.1
1401854572	32.1
1401854573	32.1
1401854575	32.1
1401854576	32.1
1401854577	32.1
1401854578	32.1
1401854579	32.1
1401854580	32.1
1401854582	32.1
1401854583	32.1
1401854584	32.1
1401854585	32.1
1401854586	32.1
1401854587	32.1
1401854588	32.1
1401854590	32.1
1401854591	32.1
1401854592	32.1
1401854593	32.1
1401854594	32.1
1401854595	32.1
1401854597	32.1
1401854598	32.1
1401854599	32.1
1401854600	32.1
1401854601	32.1
1401854602	32.1
1401854604	32.1
1401854605	32.1
1401854606	32.1
1401854607	32.1
1401854608	32.1
1401854609	32.1
1401854611	32.1
1401854612	32.1
1401854613	32.1
1401854614	32.1
1401854615	32.1
1401854616	32.1
1401854617	32.1
1401854619	32.1
1401854620	32.1
1401854621	32.1
1401854622	32.1
1401854623	32.1
1401854624	32.1
1401854626	32.1
1401854627	32.1
1401854628	32.1
1401854629	32.1
1401854630	32.1
1401854631	32.1
1401854633	32.1
1401854634	32.1
1401854635	32.1
1401854636	32.1
1401854637	32.1
1401854638	32.1
1401854640	32.1
1401854641	32.1
1401854642	32.1
1401854643	32.1
1401854644	32.1
1401854645	32.1
1401854646	32.1
1401854648	32.1
1401854649	32.1
1401854650	32.1
1401854651	32.1
1401854652	32.1
1401854653	32.1
1401854655	32.1
1401854656	32.1
1401854657	32.1
1401854658	32.2
1401854659	32.2
1401854660	32.2
1401854662	32.2
1401854663	32.2
1401854664	32.2
1401854665	32.2
1401854666	32.2
1401854667	32.2
1401854669	32.2
1401854670	32.2
1401854671	32.2
1401854672	32.2
1401854673	32.2
1401854674	32.2
1401854675	32.2
1401854677	32.2
1401854678	32.2
1401854679	32.2
1401854680	32.2
1401854681	32.2
1401854682	32.2
1401854684	32.2
1401854685	32.2
1401854686	32.2
1401854687	32.2
1401854688	32.2
1401854689	32.2
1401854691	32.2
1401854692	32.2
1401854693	32.2
1401854694	32.2
1401854695	32.2
1401854696	32.2
1401854698	32.2
1401854699	32.2
1401854700	32.2
1401854701	32.2
1401854702	32.2
1401854703	32.2
1401854704	32.2
1401854706	32.2
1401854707	32.2
1401854708	32.2
1401854709	32.2
1401854710	32.2
1401854711	32.2
1401854713	32.2
1401854714	32.2
1401854715	32.2
1401854716	32.2
1401854717	32.2
1401854718	32.2
1401854720	32.2
1401854721	32.2
1401854722	32.2
1401854723	32.2
1401854724	32.2
1401854725	32.2
1401854727	32.2
1401854728	32.2
1401854729	32.2
1401854730	32.2
1401854731	32.2
1401854732	32.2
1401854733	32.2
1401854735	32.2
1401854736	32.2
1401854737	32.2
1401854738	32.2
1401854739	32.2
1401854740	32.2
1401854742	32.2
1401854743	32.2
1401854744	32.2
1401854745	32.2
1401854746	32.2
1401854747	32.2
1401854749	32.2
1401854750	32.2
1401854751	32.2
1401854752	32.2
1401854753	32.3
1401854754	32.3
1401854756	32.3
1401854757	32.3
1401854758	32.3
1401854759	32.3
1401854760	32.3
1401854761	32.3
1401854762	32.3
1401854764	32.3
1401854765	32.3
1401854766	32.3
1401854767	32.3
1401854768	32.3
1401854769	32.3
1401854771	32.3
1401854772	32.3
1401854773	32.3
1401854774	32.3
1401854775	32.3
1401854776	32.3
1401854778	32.3
1401854779	32.3
1401854780	32.3
1401854781	32.3
1401854782	32.3
1401854783	32.3
1401854785	32.3
1401854786	32.3
1401854787	32.3
1401854788	32.3
1401854789	32.3
1401854790	32.3
1401854791	32.3
1401854793	32.3
1401854794	32.3
1401854795	32.3
1401854796	32.3
1401854797	32.3
1401854798	32.3
1401854800	32.3
1401854801	32.3
1401854802	32.3
1401854803	32.3
1401854804	32.3
1401854805	32.3
1401854807	32.3
1401854808	32.3
1401854809	32.3
1401854810	32.3
1401854811	32.3
1401854812	32.3
1401854814	32.3
1401854815	32.3
1401854816	32.4
1401854817	32.3
1401854818	32.3
1401854819	32.3
1401854820	32.3
1401854822	32.3
1401854823	32.3
1401854824	32.3
1401854825	32.3
1401854826	32.3
1401854827	32.3
1401854829	32.3
1401854830	32.3
1401854831	32.3
1401854832	32.3
1401854833	32.3
1401854834	32.3
1401854836	32.3
1401854837	32.3
1401854838	32.3
1401854839	32.3
1401854840	32.3
1401854841	32.3
1401854843	32.3
1401854844	32.3
1401854845	32.3
1401854846	32.3
1401854847	32.3
1401854848	32.3
1401854849	32.3
1401854851	32.3
1401854852	32.3
1401854853	32.3
1401854854	32.3
1401854855	32.3
1401854856	32.3
1401854858	32.3
1401854859	32.3
1401854860	32.3
1401854861	32.3
1401854862	32.3
1401854863	32.3
1401854865	32.3
1401854866	32.3
1401854867	32.3
1401854868	32.3
1401854869	32.3
1401854870	32.3
1401854872	32.3
1401854873	32.3
1401854874	32.3
1401854875	32.3
1401854876	32.3
1401854877	32.3
1401854878	32.3
1401854880	32.3
1401854881	32.3
1401854882	32.3
1401854883	32.3
1401854884	32.3
1401854885	32.3
1401854887	32.3
1401854888	32.3
1401854889	32.3
1401854890	32.3
1401854891	32.3
1401854892	32.3
1401854894	32.3
1401854895	32.3
1401854896	32.3
1401854897	32.3
1401854898	32.3
1401854899	32.4
1401854901	32.4
1401854902	32.4
1401854903	32.4
1401854904	32.4
1401854905	32.4
1401854906	32.4
1401854908	32.4
1401854909	32.4
1401854910	32.4
1401854911	32.4
1401854912	32.4
1401854913	32.4
1401854914	32.4
1401854916	32.4
1401854917	32.4
1401854918	32.4
1401854919	32.4
1401854920	32.4
1401854921	32.4
1401854923	32.4
1401854924	32.4
1401854925	32.4
1401854926	32.4
1401854927	32.4
1401854928	32.4
1401854930	32.4
1401854931	32.4
1401854932	32.4
1401854933	32.4
1401854934	32.4
1401854935	32.4
1401854937	32.4
1401854938	32.4
1401854939	32.4
1401854940	32.4
1401854941	32.4
1401854942	32.4
1401854943	32.4
1401854945	32.4
1401854946	32.4
1401854947	32.4
1401854948	32.4
1401854949	32.4
1401854950	32.4
1401854952	32.4
1401854953	32.4
1401854954	32.4
1401854955	32.4
1401854956	32.4
1401854957	32.4
1401854959	32.4
1401854960	32.4
1401854961	32.4
1401854962	32.4
1401854963	32.4
1401854964	32.4
1401854966	32.4
1401854967	32.4
1401854968	32.4
1401854969	32.4
1401854970	32.4
1401854971	32.4
1401854972	32.4
1401854974	32.4
1401854975	32.4
1401854976	32.4
1401854977	32.4
1401854978	32.4
1401854979	32.4
1401854981	32.4
1401854982	32.4
1401854983	32.4
1401854984	32.4
1401854985	32.4
1401854986	32.4
1401854988	32.4
1401854989	32.4
1401854990	32.4
1401854991	32.4
1401854992	32.4
1401854993	32.4
1401854995	32.4
1401854996	32.4
1401854997	32.4
1401854998	32.4
1401854999	32.4
1401855000	32.4
1401855001	32.4
1401855003	32.4
1401855004	32.4
1401855005	32.4
1401855006	32.4
1401855007	32.4
1401855008	32.4
1401855010	32.4
1401855011	32.4
1401855012	32.4
1401855013	32.4
1401855014	32.4
1401855015	32.4
1401855017	32.4
1401855018	32.4
1401855019	32.4
1401855020	32.4
1401855021	32.4
1401855022	32.4
1401855024	32.4
1401855025	32.4
1401855026	32.4
1401855027	32.4
1401855028	32.4
1401855029	32.4
1401855030	32.4
1401855032	32.4
1401855033	32.4
1401855034	32.4
1401855035	32.4
1401855036	32.4
1401855037	32.4
1401855039	32.4
1401855040	32.4
1401855041	32.4
1401855042	32.4
1401855043	32.4
1401855044	32.4
1401855046	32.4
1401855047	32.4
1401855048	32.4
1401855049	32.4
1401855050	32.4
1401855051	32.4
1401855053	32.4
1401855054	32.4
1401855055	32.4
1401855056	32.4
1401855057	32.6
1401855058	32.6
1401855059	32.6
1401855061	32.6
1401855062	32.6
1401855063	32.6
1401855064	32.6
1401855065	32.6
1401855066	32.6
1401855068	32.6
1401855069	32.6
1401855070	32.6
1401855071	32.6
1401855072	32.6
1401855073	32.6
1401855075	32.6
1401855076	32.6
1401855077	32.6
1401855078	32.6
1401855079	32.6
1401855080	32.6
1401855082	32.6
1401855083	32.6
1401855084	32.6
1401855085	32.6
1401855086	32.6
1401855087	32.6
1401855088	32.6
1401855090	32.6
1401855091	32.6
1401855092	32.6
1401855093	32.6
1401855094	32.6
1401855095	32.6
1401855097	32.6
1401855098	32.6
1401855099	32.6
1401855100	32.6
1401855101	32.6
1401855102	32.6
1401855104	32.6
1401855105	32.6
1401855106	32.6
1401855107	32.6
1401855108	32.6
1401855109	32.6
1401855111	32.6
1401855112	32.6
1401855113	32.6
1401855114	32.6
1401855115	32.6
1401855116	32.6
1401855118	32.6
1401855119	32.6
1401855120	32.6
1401855121	32.6
1401855122	32.6
1401855123	32.6
1401855124	32.6
1401855126	32.6
1401855127	32.6
1401855128	32.6
1401855129	32.6
1401855130	32.6
1401855131	32.6
1401855133	32.6
1401855134	32.6
1401855135	32.6
1401855136	32.6
1401855137	32.6
1401855138	32.6
1401855140	32.6
1401855141	32.6
1401855142	32.6
1401855143	32.6
1401855144	32.6
1401855145	32.6
1401855147	32.6
1401855148	32.7
1401855149	32.7
1401855150	32.7
1401855151	32.7
1401855152	32.7
1401855153	32.7
1401855155	32.7
1401855156	32.7
1401855157	32.7
1401855158	32.7
1401855159	32.7
1401855160	32.7
1401855162	32.7
1401855163	32.7
1401855164	32.7
1401855165	32.7
1401855166	32.7
1401855167	32.7
1401855169	32.7
1401855170	32.7
1401855171	32.7
1401855172	32.7
1401855173	32.7
1401855174	32.7
1401855176	32.7
1401855177	32.7
1401855178	32.7
1401855179	32.7
1401855180	32.7
1401855181	32.7
1401855182	32.7
1401855184	32.7
1401855185	32.7
1401855186	32.7
1401855187	32.7
1401855188	32.7
1401855189	32.7
1401855191	32.7
1401855192	32.7
1401855193	32.7
1401855194	32.7
1401855195	32.7
1401855196	32.7
1401855198	32.7
1401855199	32.7
1401855200	32.7
1401855201	32.7
1401855202	32.7
1401855203	32.7
1401855205	32.7
1401855206	32.7
1401855207	32.7
1401855208	32.7
1401855209	32.7
1401855210	32.7
1401855211	32.7
1401855213	32.7
1401855214	32.7
1401855215	32.7
1401855216	32.7
1401855217	32.7
1401855218	32.7
1401855220	32.7
1401855221	32.7
1401855222	32.7
1401855223	32.7
1401855224	32.7
1401855225	32.7
1401855227	32.7
1401855228	32.7
1401855229	32.7
1401855230	32.7
1401855231	32.7
1401855232	32.7
1401855234	32.7
1401855235	32.7
1401855236	32.7
1401855237	32.7
1401855238	32.7
1401855239	32.7
1401855241	32.7
1401855242	32.7
1401855243	32.7
1401855244	32.7
1401855245	32.7
1401855246	32.7
1401855247	32.7
1401855249	32.7
1401855250	32.7
1401855251	32.7
1401855252	32.7
1401855253	32.7
1401855254	32.7
1401855256	32.7
1401855257	32.7
1401855258	32.7
1401855259	32.7
1401855260	32.7
1401855261	32.7
1401855263	32.7
1401855264	32.7
1401855265	32.7
1401855266	32.7
1401855267	32.7
1401855268	32.7
1401855270	32.7
1401855271	32.7
1401855272	32.7
1401855273	32.7
1401855274	32.7
1401855275	32.7
1401855276	32.7
1401855278	32.7
1401855279	32.7
1401855280	32.7
1401855281	32.7
1401855282	32.7
1401855283	32.7
1401855285	32.7
1401855286	32.7
1401855287	32.7
1401855288	32.7
1401855289	32.7
1401855290	32.7
1401855292	32.7
1401855293	32.7
1401855294	32.7
1401855295	32.7
1401855296	32.7
1401855297	32.7
1401855299	32.7
1401855300	32.8
1401855301	32.8
1401855302	32.8
1401855303	32.8
1401855304	32.8
1401855305	32.8
1401855307	32.8
1401855308	32.8
1401855309	32.8
1401855310	32.8
1401855311	32.8
1401855312	32.8
1401855314	32.8
1401855315	32.8
1401855316	32.8
1401855317	32.8
1401855318	32.8
1401855319	32.8
1401855321	32.8
1401855322	32.8
1401855323	32.8
1401855324	32.8
1401855325	32.8
1401855326	32.8
1401855328	32.8
1401855329	32.8
1401855330	32.8
1401855331	32.8
1401855332	32.8
1401855333	32.8
1401855334	32.8
1401855336	32.8
1401855337	32.8
1401855338	32.8
1401855339	32.8
1401855340	32.8
1401855341	32.8
1401855343	32.8
1401855344	32.8
1401855345	32.8
1401855346	32.8
1401855347	32.8
1401855348	32.8
1401855350	32.8
1401855351	32.8
1401855352	32.8
1401855353	32.8
1401855354	32.8
1401855355	32.8
1401855357	32.8
1401855358	32.8
1401855359	32.8
1401855360	32.8
1401855361	32.8
1401855362	32.8
1401855364	32.8
1401855365	32.9
1401855366	32.9
1401855367	32.9
1401855368	32.9
1401855369	32.9
1401855370	32.9
1401855372	32.9
1401855373	32.9
1401855374	32.9
1401855375	32.9
1401855376	32.9
1401855377	32.9
1401855379	32.9
1401855380	32.9
1401855381	32.9
1401855382	32.9
1401855383	32.9
1401855384	32.9
1401855386	32.9
1401855387	32.9
1401855388	32.9
1401855389	32.9
1401855390	32.9
1401855391	32.9
1401855393	32.9
1401855394	32.9
1401855395	32.9
1401855396	32.9
1401855397	32.9
1401855398	32.9
1401855399	32.9
1401855401	32.9
1401855402	32.9
1401855403	32.9
1401855404	32.9
1401855405	32.9
1401855406	32.9
1401855408	32.9
1401855409	32.9
1401855410	32.9
1401855411	32.9
1401855412	32.9
1401855413	32.8
1401855415	32.7
1401855416	32.7
1401855417	32.7
1401855418	32.7
1401855419	32.7
1401855420	32.7
1401855422	32.7
1401855423	32.7
1401855424	32.7
1401855425	32.7
1401855426	32.7
1401855427	32.7
1401855429	32.7
1401855430	32.7
1401855431	32.7
1401855432	32.7
1401855433	32.7
1401855434	32.7
1401855435	32.7
1401855437	32.7
1401855438	32.7
1401855439	32.7
1401855440	32.7
1401855441	32.7
1401855442	32.7
1401855444	32.7
1401855445	32.7
1401855446	32.7
1401855447	32.7
1401855448	32.7
1401855449	32.7
1401855451	32.7
1401855452	32.7
1401855453	32.7
1401855454	32.7
1401855455	32.7
1401855456	32.7
1401855458	32.7
1401855459	32.7
1401855460	32.7
1401855461	32.7
1401855462	32.7
1401855463	32.7
1401855464	32.7
1401855466	32.7
1401855467	32.7
1401855468	32.7
1401855469	32.7
1401855470	32.7
1401855471	32.7
1401855473	32.7
1401855474	32.7
1401855475	32.7
1401855476	32.8
1401855477	32.8
1401855478	32.8
1401855480	32.8
1401855481	32.8
1401855482	32.8
1401855483	32.8
1401855484	32.8
1401855485	32.8
1401855487	32.8
1401855488	32.8
1401855489	32.8
1401855490	32.8
1401855491	32.8
1401855492	32.8
1401855493	32.8
1401855495	32.8
1401855496	32.8
1401855497	32.8
1401855498	32.8
1401855499	32.8
1401855500	32.8
1401855502	32.8
1401855503	32.8
1401855504	32.8
1401855505	32.8
1401855506	32.8
1401855507	32.8
1401855509	32.8
1401855510	32.8
1401855511	32.8
1401855512	32.8
1401855513	32.8
1401855514	32.8
1401855516	32.8
1401855517	32.8
1401855518	32.8
1401855519	32.8
1401855520	32.8
1401855521	32.8
1401855523	32.8
1401855524	32.8
1401855525	32.8
1401855526	32.8
1401855527	32.8
1401855528	32.8
1401855529	32.8
1401855531	32.8
1401855532	32.8
1401855533	32.8
1401855534	32.8
1401855535	32.8
1401855536	32.8
1401855538	32.8
1401855539	32.8
1401855540	32.8
1401855541	32.8
1401855542	32.8
1401855543	32.8
1401855545	32.8
1401855546	32.8
1401855547	32.8
1401855548	32.8
1401855549	32.8
1401855550	32.8
1401855552	32.8
1401855553	32.8
1401855554	32.8
1401855555	32.8
1401855556	32.8
1401855557	32.8
1401855558	32.8
1401855560	32.8
1401855561	32.8
1401855562	32.8
1401855570	32.8
1401855571	32.8
1401855573	32.8
1401855574	32.8
1401855575	32.8
1401855576	32.8
1401855577	32.8
1401855578	32.8
1401855579	32.8
1401855581	32.8
1401855582	32.8
1401855583	32.9
1401855584	32.9
1401855585	32.9
1401855586	32.9
1401855588	32.9
1401855589	32.9
1401855590	32.9
1401855598	32.9
1401855599	32.9
1401855600	32.9
1401855602	32.9
1401855603	32.9
1401855604	32.9
1401855605	32.9
1401855606	32.9
1401855607	32.9
1401855609	32.9
1401855610	32.9
1401855611	32.9
1401855612	32.9
1401855613	32.9
1401855614	32.9
1401855616	32.9
1401855617	32.9
1401855618	32.9
1401855619	32.9
1401855620	32.9
1401855621	32.9
1401855623	32.9
1401855624	32.9
1401855625	32.9
1401855626	32.9
1401855627	32.9
1401855628	32.9
1401855629	32.9
1401855631	32.9
1401855632	32.9
1401855633	32.9
1401855634	32.9
1401855635	32.9
1401855636	32.9
1401855638	32.9
1401855639	32.9
1401855640	32.9
1401855641	32.9
1401855642	32.9
1401855643	32.9
1401855645	32.9
1401855646	32.9
1401855647	32.9
1401855648	32.9
1401855649	32.9
1401855650	32.9
1401855652	32.9
1401855653	32.9
1401855654	32.9
1401855655	32.9
1401855656	32.9
1401855657	32.9
1401855658	32.9
1401855660	32.9
1401855661	32.9
1401855662	32.9
1401855663	32.9
1401855664	32.9
1401855665	32.9
1401855667	32.9
1401855668	32.9
1401855669	32.9
1401855670	32.9
1401855671	32.9
1401855672	32.9
1401855674	32.9
1401855675	32.9
1401855676	32.9
1401855677	33
1401855678	33
1401855679	33
1401855681	33
1401855682	33
1401855683	33
1401855684	33
1401855685	33
1401855686	33
1401855695	33
1401855696	33
1401855697	33
1401855698	33
1401855699	33
1401855700	33
1401855702	33
1401855703	33
1401855704	33
1401855705	33
1401855706	33
1401855707	33
1401855708	33
1401855710	33
1401855711	33
1401855712	33
1401855713	33
1401855714	33
1401855715	33
1401855717	33
1401855718	33
1401855719	33
1401855720	33
1401855721	33
1401855722	33
1401855724	33
1401855725	33
1402690062	0.5
1402690063	0.5
1402690064	0.5
1402690065	0.5
1402690066	0.5
1402690068	0.5
1402690069	0.5
1402690070	0.5
1402690071	0.5
1402690072	0.5
1402690073	0.5
1402690075	0.5
1402690076	0.5
1402690077	0.5
1402690078	0.5
1402690079	0.5
1402690080	0.5
1402690082	0.5
1402690083	0.5
1402690084	0.5
1402690085	0.5
1402690086	0.5
1402690087	0.5
1402690089	0.5
1402690090	0.5
1402690091	0.5
1402690092	0.5
1402690093	0.5
1402690095	0.5
1402690096	0.5
1402690097	0.5
1402690098	0.5
1402690099	0.5
1402690100	0.5
1402690102	0.5
1402690103	0.5
1402690104	0.5
1402690105	0.5
1402690106	0.5
1402690107	0.5
1402690109	0.5
1402690110	0.5
1402690111	0.5
1402690112	0.5
1402690113	0.5
1402690114	0.5
1402690116	0.5
1402690117	0.5
1402690118	0.5
1402690119	0.5
1402690120	0.5
1402690121	0.6
1402690123	0.7
1402690124	0.9
1402690125	1
1402690126	1.3
1402690128	1.6
1402690129	1.8
1402690130	2.1
1402690131	2.4
1402690132	2.6
1402690133	2.9
1402690135	3.1
1402690136	3.3
1402690137	3.6
1402690138	3.8
1402690139	3.9
1402690141	3.9
1402690142	4.3
1402690143	4.2
1402690144	4
1402690145	4
1402690147	3.8
1402690148	3.8
1402690149	3.9
1402690150	4
1402690151	3.9
1402690153	4
1402690154	4
1402690155	4
1402690156	4.2
1402690157	4.1
1402690159	4.1
1402690160	4.1
1402690161	4.1
1402690162	4.1
1402690163	4.2
1402690165	4.1
1402690166	4.5
1402690167	4.5
1402690168	4.1
1402690169	4.1
1402690170	4.1
1402690172	4.2
1402690173	4.2
1402690174	4.2
1402690175	4.2
1402690177	4.1
1402690178	4.1
1402690179	4.2
1402690180	4.2
1402690181	4.2
1402690182	4.2
1402690184	4.2
1402690185	4.2
1402690186	4.2
1402690187	4.2
1402690188	4.2
1402690190	4.2
1402690191	4.2
1402690192	4.2
1402690193	4.2
1402690195	4.2
1402690196	4.2
1402690197	4.2
1402690198	4.2
1402690199	4.2
1402690201	4.3
1402690202	4.3
1402690203	4.3
1402690204	4.4
1402690205	4.4
1402690206	4.3
1402690208	4.3
1402690209	4.4
1402690210	4.4
1402690211	4.3
1402690212	4.3
1402690214	4.4
1402690215	4.3
1402690216	4.4
1402690217	4.4
1402690218	4.4
1402690220	4.4
1402690221	4.4
1402690222	4.4
1402690223	4.4
1402690224	4.4
1402690226	4.5
1402690227	4.5
1402690228	4.4
1402690229	4.4
1402690230	4.5
1402690231	4.5
1402690233	4.5
1402690234	4.6
1402690235	4.9
1402690236	4.9
1402690237	4.9
1402690239	4.9
1402690240	4.9
1402690241	4.9
1402690242	4.9
1402690243	5
1402690245	4.5
1402690246	4.5
1402690247	4.6
1402690248	4.6
1402690249	4.6
1402690251	4.6
1402690252	4.6
1402690253	4.7
1402690254	4.7
1402690255	4.6
1402690257	4.7
1402690258	4.8
1402690259	4.8
1402690260	4.8
1402690261	4.8
1402690263	4.8
1402690264	4.8
1402690265	4.8
1402690266	4.8
1402690267	4.8
1402690269	4.8
1402690270	4.8
1402690271	4.8
1402690272	4.3
1402690273	4.3
1402690275	4.3
1402690276	4.3
1402690277	4.3
1402690278	4.4
1402690279	4.3
1402690280	4.4
1402690282	4.4
1402690283	4.4
1402690284	4.4
1402690285	4.4
1402690286	4.4
1402690288	4.4
1402690289	4.4
1402690290	4.4
1402690291	4.4
1402690292	4.5
1402690294	4.4
1402690295	4.4
1402690296	4.4
1402690297	4.4
1402690298	4.4
1402690300	4.4
1402690301	4.4
1402690302	4.4
1402690303	4.4
1402690304	4.4
1402690306	4.4
1402690307	4.4
1402690308	4.4
1402690309	4.4
1402690310	4.4
1402690311	4.4
1402690313	4.4
1402690314	4.4
1402690315	4.4
1402690316	4.4
1402690317	4.4
1402690319	4.4
1402690320	4.4
1402690321	4.4
1402690322	4.4
1402690323	4.4
1402690325	4.4
1402690326	4.4
1402690327	4.4
1402690328	4.4
1402690329	4.4
1402690331	4.4
1402690332	4.4
1402690333	4.4
1402690334	4.4
1402690335	4.4
1402690336	4.4
1402690338	4.4
1402690339	4.4
1402690340	4.4
1402690341	4.4
1402690342	4.4
1402690344	4.4
1402690345	4.4
1402690346	4.4
1402690347	4.4
1402690348	4.4
1402690350	4.3
1402690351	4.3
1402690352	4.3
1402690353	4.3
1402690354	4.4
1402690355	4.4
1402690357	4.4
1402690358	4.3
1402690359	4.3
1402690360	4.3
1402690361	4.3
1402690363	4.3
1402690364	4.3
1402690365	4.3
1402690366	4.3
1402690368	4.3
1402690369	4.3
1402690370	4.3
1402690371	4.3
1402690372	4.4
1402690373	4.3
1402690375	4.3
1402690376	4.3
1402690377	4.4
1402690378	4.3
1402690379	4.4
1402690381	4.4
1402690382	4.3
1402690383	4.3
1402690384	4.3
1402690385	4.3
1402690387	4.3
1402690388	4.3
1402690389	4.3
1402690390	4.3
1402690391	4.3
1402690392	4.3
1402690394	4.3
1402690395	4.3
1402690396	4.4
1402690397	4.3
1402690398	4.3
1402690400	4.4
1402690401	4.3
1402690402	4.3
1402690403	4.3
1402690404	4.3
1402690406	4.4
1402690407	4.4
1402690408	4.3
1402690409	4.3
1402690410	4.4
1402690412	4.4
1402690413	4.3
1402690414	4.4
1402690415	4.4
1402690416	4.4
1402690418	4.3
1402690419	4.4
1402690420	4.3
1402690421	4.4
1402690422	4.4
1402690424	4.4
1402690425	4.3
1402690426	4.3
1402690427	4.4
1402690428	4.4
1402690430	4.4
1402690431	4.3
1402690432	4.4
1402690433	4.4
1402690434	4.4
1402690436	4.4
1402690437	4.4
1402690438	4.4
1402690439	4.4
1402690440	4.4
1402690442	4.4
1402690443	4.4
1402690444	4.4
1402690445	4.4
1402690446	4.4
1402690447	4.4
1402690449	4.4
1402690450	4.4
1402690451	4.4
1402690452	4.4
1402690453	4.4
1402690455	4.4
1402690456	4.4
1402690457	4.4
1402690458	4.4
1402690459	4.4
1402690461	4.4
1402690462	4.4
1402690463	4.4
1402690464	4.4
1402690465	4.4
1402690467	4.3
1402690468	4.4
1402690469	4.4
1402690470	4.4
1402690471	4.4
1402690473	4.4
1402690474	4.4
1402690475	4.4
1402690476	4.4
1402690477	4.4
1402690478	4.4
1402690480	4.4
1402690481	4.4
1402690482	4.4
1402690483	4.4
1402690484	4.4
1402690486	4.4
1402690487	4.4
1402690488	4.4
1402690489	4.4
1402690490	4.4
1402690492	4.4
1402690493	4.4
1402690494	4.4
1402690495	4.4
1402690496	4.4
1402690498	4.4
1402690499	4.4
1402690500	4.4
1402690501	4.4
1402690502	4.4
1402690503	4.4
1402690505	4.4
1402690506	4.4
1402690507	4.4
1402690508	4.4
1402690509	4.4
1402690511	4.5
1402690512	4.5
1402690513	4.4
1402690514	4.4
1402690515	4.4
1402690517	4.4
1402690518	4.4
1402690519	4.4
1402690520	4.4
1402690521	4.4
1402690523	4.4
1402690524	4.4
1402690525	4.5
1402690526	4.4
1402690527	4.4
1402690529	4.4
1402690530	4.4
1402690531	4.4
1402690532	4.5
1402690533	4.4
1402690535	4.4
1402690536	4.5
1402690537	4.4
1402690538	4.5
1402690539	4.5
1402690540	4.4
1402690542	4.4
1402690543	4.4
1402690544	4.4
1402690545	4.4
1402690546	4.4
1402690548	4.4
1402690549	4.4
1402690550	4.4
1402690551	4.4
1402690552	4.4
1402690554	4.5
1402690555	4.4
1402690556	4.4
1402690557	4.4
1402690558	4.4
1402690560	4.4
1402690561	4.4
1402690562	4.4
1402690563	4.4
1402690564	4.5
1402690566	4.4
1402690567	4.4
1402690568	4.4
1402690569	4.4
1402690570	4.4
1402690571	4.5
1402690573	4.5
1402690574	4.5
1402690575	4.4
1402690576	4.4
1402690577	4.4
1402690579	4.4
1402690580	4.4
1402690581	4.4
1402690582	4.5
1402690583	4.5
1402690585	4.5
1402690586	4.5
1402690587	4.4
1402690588	4.5
1402690589	4.5
1402690591	4.5
1402690592	4.5
1402690593	4.5
1402690594	4.5
1402690595	4.5
1402690596	4.5
1402690598	4.5
1402690599	4.4
1402690600	4.4
1402690601	4.5
1402690602	4.5
1402690604	4.5
1402690605	4.5
1402690606	4.4
1402690607	4.4
1402690608	4.5
1402690610	4.4
1402690611	4.5
1402690612	4.5
1402690613	4.5
1402690614	4.4
1402690615	4.5
1402690617	4.5
1402690618	4.5
1402690619	4.4
1402690620	4.5
1402690621	4.5
1402690623	4.5
1402690624	4.5
1402690625	4.4
1402690626	4.5
1402690627	4.5
1402690629	4.5
1402690630	4.5
1402690631	4.5
1402690632	4.5
1402690633	4.5
1402690635	4.5
1402690636	4.5
1402690637	4.4
1402690638	4.4
1402690639	4.5
1402690640	4.5
1402690642	4.5
1402690643	4.5
1402690644	4.5
1402690645	4.4
1402690646	4.5
1402690648	4.5
1402690649	4.4
1402690650	4.5
1402690651	4.4
1402690652	4.5
1402690654	4.5
1402690655	4.5
1402690656	4.5
1402690657	4.4
1402690658	4.5
1402690659	4.5
1402690661	4.4
1402690662	4.5
1402690663	4.5
1402690664	4.5
1402690665	4.5
1402690667	4.5
1402690668	4.5
1402690669	4.5
1402690670	4.5
1402690671	4.5
1402690673	4.5
1402690674	4.5
1402690675	4.5
1402690676	4.5
1402690677	4.5
1402690679	4.5
1402690680	4.6
1402690681	4.6
1402690682	4.4
1402690683	4.5
1402690685	4.5
1402690686	4.5
1402690687	4.5
1402690688	4.5
1402690689	4.5
1402690691	4.5
1402690692	4.5
1402690693	4.5
1402690694	4.5
1402690695	4.5
1402690696	4.5
1402690698	4.6
1402690699	4.5
1402690700	4.5
1402690701	4.5
1402690702	4.5
1402690704	4.5
1402690705	4.5
1402690706	4.5
1402690707	4.4
1402690708	4.5
1402690710	4.5
1402690711	4.5
1402690712	4.5
1402690713	4.5
1402690714	4.5
1402690716	4.5
1402690717	4.6
1402690718	4.6
1402690719	4.5
1402690720	4.5
1402690721	4.5
1402690723	4.5
1402690724	4.5
1402690725	4.5
1402690726	4.5
1402690727	4.5
1402690729	4.5
1402690730	4.5
1402690731	4.5
1402690732	4.5
1402690733	4.5
1402690735	4.5
1402690736	4.5
1402690737	4.5
1402690738	4.5
1402690739	4.5
1402690741	4.5
1402690742	4.5
1402690743	4.5
1402690744	4.6
1402690745	4.5
1402690746	4.5
1402690748	4.5
1402690749	4.5
1402690750	4.5
1402690751	4.5
1402690752	4.6
1402690754	4.6
1402690755	4.5
1402690756	4.5
1402690757	4.6
1402690758	4.6
1402690760	4.6
1402690761	4.6
1402690762	4.6
1402690763	4.6
1402690764	4.6
1402690766	4.6
1402690767	4.5
1402690768	4.5
1402690769	4.6
1402690770	4.5
1402690771	4.5
1402690773	4.5
1402690774	4.5
1402690775	4.5
1402690776	4.5
1402690777	4.5
1402690779	4.5
1402690780	4.5
1402690781	4.5
1402690782	4.5
1402690783	4.5
1402690785	4.5
1402690786	4.5
1402690787	4.5
1402690788	4.6
1402690789	4.5
1402690790	4.5
1402690792	4.6
1402690793	4.5
1402690794	4.5
1402690795	4.5
1402690796	4.5
1402690798	4.5
1402690799	4.5
1402690800	4.5
1402690801	4.5
1402690802	4.5
1402690804	4.5
1402690805	4.5
1402690806	4.5
1402690807	4.6
1402690808	4.6
1402690810	4.6
1402690811	4.6
1402690812	4.6
1402690813	4.5
1402690814	4.5
1402690816	4.5
1402690817	4.6
1402690818	4.5
1402690819	4.6
1402690820	4.5
1402690822	4.5
1402690823	4.6
1402690824	4.5
1402690825	4.6
1402690826	4.5
1402690827	4.5
1402690829	4.5
1402690830	4.6
1402690831	4.6
1402690832	4.6
1402690833	4.6
1402690835	4.5
1402690836	4.5
1402690837	4.5
1402690838	4.6
1402690839	4.6
1402690841	4.6
1402690842	4.6
1402690843	4.6
1402690844	4.6
1402690845	4.5
1402690847	4.6
1402690848	4.5
1402690849	4.5
1402690850	4.5
1402690851	4.5
1402690853	4.6
1402690854	4.5
1402690855	4.6
1402690856	4.6
1402690857	4.5
1402690858	4.5
1402690860	4.5
1402690861	4.6
1402690862	4.6
1402690863	4.6
1402690864	4.6
1402690866	4.6
1402690867	4.6
1402690868	4.5
1402690869	4.5
1402690870	4.5
1402690872	4.5
1402690873	4.6
1402690874	4.5
1402690875	4.6
1402690876	4.6
1402690878	4.5
1402690879	4.6
1402690880	4.6
1402690881	4.5
1402690882	4.5
1402690884	4.6
1402690885	4.6
1402690886	4.5
1402690887	4.6
1402690888	4.5
1402690890	4.5
1402690891	4.6
1402690892	4.6
1402690893	4.6
1402690894	4.6
1402690896	4.6
1402690897	4.6
1402690898	4.6
1402690899	4.6
1402690900	4.6
1402690901	4.6
1402690903	4.6
1402690904	4.6
1402690905	4.6
1402690906	4.6
1402690907	4.6
1402690909	4.6
1402690910	4.6
1402690911	4.6
1402690912	4.6
1402690913	4.5
1402690914	4.6
1402690916	4.6
1402690917	4.6
1402690918	4.6
1402690919	4.6
1402690920	4.6
1402690922	4.6
1402690923	4.6
1402690924	4.6
1402690925	4.6
1402690926	4.5
1402690928	4.5
1402690929	4.6
1402690930	4.6
1402690931	4.6
1402690932	4.7
1402690934	4.6
1402690935	4.6
1402690936	4.6
1402690937	4.6
1402690938	4.6
1402690939	4.6
1402690941	4.6
1402690942	4.5
1402690943	4.5
1402690944	4.5
1402690945	4.6
1402690947	4.6
1402690948	4.5
1402690949	4.6
1402690950	4.6
1402690951	4.6
1402690953	4.6
1402690954	4.6
1402690955	4.6
1402690956	4.6
1402690957	4.6
1402690959	4.6
1402690960	4.6
1402690961	4.6
1402690962	4.6
1402690963	4.5
1402690964	4.5
1402690966	4.6
1402690967	4.6
1402690968	4.5
1402690969	4.6
1402690970	4.6
1402690972	4.6
1402690973	4.6
1402690974	4.5
1402690975	4.5
1402690976	4.6
1402690978	4.5
1402690979	4.6
1402690980	4.5
1402690981	4.6
1402690982	4.5
1402690984	4.5
1402690985	4.6
1402690986	4.6
1402690987	4.6
1402690988	4.6
1402690990	4.6
1402690991	4.6
1402690992	4.6
1402690993	4.6
1402690994	4.6
1402690996	4.6
1402690997	4.6
1402690998	4.6
1402690999	4.6
1402691000	4.6
1402691002	4.6
1402691003	4.6
1402691004	4.6
1402691005	4.6
1402691006	4.6
1402691008	4.6
1402691009	4.6
1402691010	4.6
1402691011	4.6
1402691012	4.6
1402691014	4.6
1402691015	4.6
1402691016	4.6
1402691017	4.6
1402691018	4.6
1402691020	4.6
1402691021	4.6
1402691022	4.6
1402691023	4.6
1402691024	4.6
1402691026	4.6
1402691027	4.5
1402691028	4.6
1402691029	4.6
1402691030	4.5
1402691031	4.6
1402691033	4.6
1402691034	4.6
1402691035	4.7
1402691036	4.6
1402691037	4.6
1402691039	4.6
1402691040	4.6
1402691041	4.6
1402691042	4.6
1402691043	4.6
1402691045	4.6
1402691046	4.6
1402691047	4.6
1402691048	4.7
1402691049	4.6
1402691051	4.6
1402691052	4.6
1402691053	4.6
1402691054	4.6
1402691055	4.6
1402691056	4.6
1402691058	4.6
1402691059	4.6
1402691060	4.6
1402691061	4.6
1402691062	4.6
1402691064	4.6
1402691065	4.6
1402691066	4.6
1402691067	4.6
1402691068	4.6
1402691070	4.6
1402691071	4.6
1402691072	4.6
1402691073	4.6
1402691074	4.6
1402691075	4.6
1402691077	4.6
1402691078	4.6
1402691079	4.6
1402691080	4.7
1402691082	4.6
1402691083	4.6
1402691084	4.6
1402691085	4.6
1402691086	4.6
1402691087	4.7
1402691089	4.6
1402691090	4.6
1402691091	4.6
1402691092	4.7
1402691093	4.6
1402691095	4.6
1402691096	4.7
1402691097	4.6
1402691098	4.6
1402691099	4.7
1402691101	4.6
1402691102	4.7
1402691103	4.7
1402691104	4.6
1402691105	4.6
1402691107	4.7
1402691108	4.6
1402691109	4.6
1402691110	4.6
1402691111	4.7
1402691113	4.6
1402691114	4.6
1402691115	4.6
1402691116	4.6
1402691117	4.6
1402691119	4.7
1402691120	4.7
1402691121	4.7
1402691122	4.6
1402691123	4.6
1402691124	4.6
1402691126	4.6
1402691127	4.7
1402691128	4.6
1402691129	4.6
1402691130	4.6
1402691132	4.7
1402691133	4.6
1402691134	4.6
1402691135	4.7
1402691136	4.7
1402691138	4.7
1402691139	4.6
1402691140	4.6
1402691141	4.6
1402691142	4.7
1402691143	4.7
1402691145	4.6
1402691146	4.6
1402691147	4.6
1402691148	4.7
1402691149	4.6
1402691151	4.6
1402691152	4.7
1402691153	4.7
1402691154	4.7
1402691155	4.7
1402691157	4.7
1402691158	4.6
1402691159	4.6
1402691160	4.7
1402691161	4.6
1402691163	4.6
1402691164	4.6
1402691165	4.6
1402691166	4.7
1402691167	4.6
1402691169	4.6
1402691170	4.6
1402691171	4.6
1402691172	4.7
1402691173	4.6
1402691174	4.6
1402691176	4.6
1402691177	4.7
1402691178	4.6
1402691179	4.6
1402691180	4.7
1402691182	4.6
1402691183	4.6
1402691184	4.6
1402691185	4.6
1402691186	4.6
1402691188	4.7
1402691189	4.6
1402691190	4.6
1402691191	4.6
1402691192	4.6
1402691193	4.6
1402691195	4.6
1402691196	4.7
1402691197	4.6
1402691198	4.6
1402691199	4.6
1402691201	4.7
1402691202	4.7
1402691203	4.7
1402691204	4.7
1402691205	4.7
1402691207	4.7
1402691208	4.6
1402691209	4.6
1402691210	4.6
1402691211	4.7
1402691213	4.6
1402691214	4.6
1402691215	4.6
1402691216	4.6
1402691217	4.6
1402691219	4.6
1402691220	4.6
1402691221	4.6
1402691222	4.6
1402691223	4.6
1402691225	4.6
1402691226	4.6
1402691227	4.7
1402691228	4.6
1402691229	4.6
1402691230	4.6
1402691232	4.7
1402691233	4.6
1402691234	4.7
1402691235	4.6
1402691236	4.7
1402691238	4.6
1402691239	4.6
1402691240	4.6
1402691241	4.6
1402691242	4.6
1402691244	4.7
1402691245	4.6
1402691246	4.6
1402691247	4.6
1402691248	4.6
1402691250	4.6
1402691251	4.6
1402691252	4.6
1402691253	4.6
1402691254	4.7
1402691255	4.7
1402691257	4.6
1402691258	4.6
1402691259	4.6
1402691260	4.6
1402691262	4.6
1402691263	4.7
1402691264	4.6
1402691265	4.6
1402691266	4.6
1402691267	4.6
1402691269	4.6
1402691270	4.7
1402691271	4.7
1402691272	4.7
1402691273	4.7
1402691275	4.6
1402691276	4.6
1402691277	4.6
1402691278	4.7
1402691279	4.6
1402691281	4.6
1402691282	4.7
1402691283	4.7
1402691284	4.7
1402691285	4.7
1402691287	4.6
1402691288	4.6
1402691289	4.6
1402691290	4.6
1402691291	4.7
1402691292	4.7
1402691294	4.6
1402691295	4.6
1402691296	4.6
1402691297	4.6
1402691298	4.7
1402691300	4.6
1402691301	4.6
1402691302	4.6
1402691303	4.6
1402691304	4.7
1402691306	4.6
1402691307	4.6
1402691308	4.6
1402691309	4.6
1402691310	4.6
1402691312	4.6
1402691313	4.6
1402691314	4.6
1402691315	4.7
1402691316	4.6
1402691318	4.6
1402691319	4.6
1402691320	4.6
1402691321	4.6
1402691322	4.6
1402691323	4.6
1402691325	4.7
1402691326	4.7
1402691327	4.6
1402691328	4.6
1402691329	4.7
1402691331	4.6
1402691332	4.6
1402691333	4.6
1402691334	4.7
1402691335	4.8
1402691337	4.8
1402691338	4.8
1402691787	0.2
1402691788	0.2
1402691789	0.2
1402691790	0.2
1402691791	0.2
1402691792	0.2
1402691794	0.2
1402691795	0.2
1402691796	0.2
1402691797	0.2
1402691798	0.2
1402691799	0.2
1402691801	0.2
1402691802	0.2
1402691803	0.2
1402691804	0.2
1402691805	0.2
1402691806	0.2
1402691808	0.2
1402691809	0.2
1402691810	0.2
1402691811	0.2
1402691812	0.2
1402691814	0.2
1402691815	0.2
1402691816	0.2
1402691817	0.2
1402691818	0.2
1402691819	0.2
1402691821	0.2
1402691822	0.2
1402691823	0.2
1402691824	0.2
1402691825	0.3
1402691826	0.3
1402691828	0.4
1402691829	0.6
1402691830	0.8
1402691831	1
1402691832	1.2
1402691833	1.4
1402691835	1.6
1402691836	1.8
1402691837	2
1402691838	2.3
1402691839	2.5
1402691841	2.8
1402691842	3.1
1402691843	3.2
1402691844	3.2
1402691845	3.3
1402691846	3.3
1402691848	3.4
1402691849	3.4
1402691850	3.4
1402691851	3.4
1402691852	3.4
1402691854	3.4
1402691855	3.4
1402691856	3.4
1402691857	3.4
1402691858	3.5
1402691859	3.4
1402691861	3.5
1402691862	3.5
1402691863	3.5
1402691864	3.5
1402691865	3.4
1402691867	3.4
1402691868	3.5
1402691869	3.5
1402691870	3.6
1402691871	3.6
1402691872	3.6
1402691874	3.6
1402691875	3.6
1402691876	3.6
1402691877	3.6
1402691878	3.6
1402691880	3.6
1402691881	3.6
1402691882	3.6
1402691883	3.6
1402691884	3.6
1402691885	3.6
1402691887	3.6
1402691888	3.6
1402691889	3.6
1402691890	3.6
1402691891	3.6
1402691893	3.6
1402691894	3.6
1402691895	3.6
1402691896	3.6
1402691897	3.6
1402691898	3.6
1402691900	3.6
1402691901	3.6
1402691902	3.6
1402691903	3.6
1402691904	3.6
1402691905	3.6
1402691907	3.6
1402691908	3.6
1402691909	3.6
1402691910	3.6
1402691911	3.6
1402691913	3.6
1402691914	3.6
1402691915	3.6
1402691916	3.6
1402691917	3.6
1402691918	3.6
1402691920	3.6
1402691921	3.6
1402691922	3.6
1402691923	3.6
1402691924	3.6
1402691926	3.5
1402691927	3.6
1402691928	3.6
1402691929	3.6
1402691930	3.6
1402691931	3.6
1402691933	3.6
1402691934	3.6
1402691935	3.6
1402691936	3.6
1402691937	3.6
1402691939	3.5
1402691940	3.5
1402691941	3.6
1402691942	3.6
1402691943	3.6
1402691944	3.6
1402691946	3.6
1402691947	3.6
1402691948	3.6
1402691949	3.6
1402691950	3.6
1402691952	3.5
1402691953	3.5
1402691954	3.6
1402691955	3.6
1402691956	3.6
1402691957	3.6
1402691959	3.5
1402691960	3.6
1402691961	3.6
1402691962	3.6
1402691963	3.5
1402691965	3.5
1402691966	3.5
1402691967	3.5
1402691968	3.5
1402691969	3.5
1402691970	3.6
1402691972	3.5
1402691973	3.5
1402691974	3.6
1402691975	3.6
1402691976	3.5
1402691977	3.5
1402691979	3.5
1402691980	3.5
1402691981	3.6
1402691982	3.5
1402691983	3.5
1402691985	3.5
1402691986	3.5
1402691987	3.5
1402691988	3.5
1402691989	3.6
1402691990	3.6
1402691992	3.5
1402691993	3.5
1402691994	3.5
1402691995	3.6
1402691996	3.6
1402691998	3.5
1402691999	3.5
1402692000	3.5
1402692001	3.5
1402692002	3.5
1402692003	3.5
1402692005	3.5
1402692006	3.5
1402692007	3.5
1402692008	3.5
1402692009	3.5
1402692011	3.5
1402692012	3.5
1402692013	3.5
1402692014	3.5
1402692015	3.5
1402692016	3.5
1402692018	3.5
1402692019	3.5
1402692020	3.5
1402692021	3.5
1402692022	3.5
1402692023	3.5
1402692025	3.5
1402692026	3.5
1402692027	3.5
1402692028	3.5
1402692029	3.5
1402692031	3.5
1402692032	3.5
1402692033	3.5
1402692034	3.5
1402692035	3.5
1402692036	3.5
1402692038	3.5
1402692039	3.5
1402692040	3.5
1402692041	3.5
1402692042	3.5
1402692044	3.5
1402692045	3.5
1402692046	3.5
1402692047	3.5
1402692048	3.5
1402692049	3.6
1402692051	3.5
1402692052	3.6
1402692053	3.6
1402692054	3.6
1402692055	3.6
1402692057	3.6
1402692058	3.5
1402692059	3.5
1402692060	3.5
1402692061	3.5
1402692062	3.6
1402692064	3.5
1402692065	3.5
1402692066	3.6
1402692067	3.6
1402692068	3.6
1402692070	3.6
1402692071	3.5
1402692072	3.5
1402692073	3.5
1402692074	3.5
1402692075	3.5
1402692077	3.6
1402692078	3.5
1402692079	3.5
1402692080	3.5
1402692081	3.5
1402692083	3.6
1402692084	3.5
1402692085	3.5
1402692086	3.5
1402692087	3.6
1402692088	3.6
1402692090	3.6
1402692091	3.5
1402692092	3.5
1402692093	3.5
1402692094	3.6
1402692095	3.5
1402692097	3.5
1402692098	3.5
1402692099	3.5
1402692100	3.5
1402692101	3.5
1402692103	3.5
1402692104	3.5
1402692105	3.5
1402692106	3.5
1402692107	3.5
1402692108	3.5
1402692110	3.5
1402692111	3.5
1402692112	3.5
1402692113	3.5
1402692114	3.5
1402692116	3.5
1402692117	3.5
1402692118	3.5
1402692119	3.5
1402692120	3.5
1402692121	3.5
1402692123	3.5
1402692124	3.5
1402692125	3.5
1402692126	3.5
1402692127	3.5
1402692129	3.5
1402692130	3.5
1402692131	3.5
1402692132	3.5
1402692133	3.5
1402692134	3.5
1402692136	3.5
1402692137	3.5
1402692138	3.5
1402692139	3.5
1402692140	3.5
1402692142	3.5
1402692143	3.5
1402692144	3.5
1402692145	3.5
1402692146	3.5
1402692147	3.5
1402692149	3.5
1402692150	3.5
1402692151	3.5
1402692152	3.5
1402692153	3.5
1402692155	3.5
1402692156	3.5
1402692157	3.5
1402692158	3.6
1402692159	3.6
1402692160	3.5
1402692162	3.5
1402692163	3.5
1402692164	3.6
1402692165	3.5
1402692166	3.5
1402692168	3.5
1402692169	3.5
1402692170	3.5
1402692171	3.5
1402692172	3.5
1402692173	3.5
1402692175	3.5
1402692176	3.5
1402692177	3.5
1402692178	3.5
1402692179	3.5
1402692181	3.5
1402692182	3.5
1402692183	3.5
1402692184	3.5
1402692185	3.5
1402692186	3.5
1402692188	3.6
1402692189	3.5
1402692190	3.5
1402692191	3.5
1402692192	3.5
1402692194	3.5
1402692195	3.5
1402692196	3.5
1402692197	3.5
1402692198	3.5
1402692199	3.5
1402692201	3.5
1402692202	3.5
1402692203	3.5
1402692204	3.5
1402692205	3.5
1402692207	3.5
1402692208	3.5
1402692209	3.5
1402692210	3.5
1402692211	3.5
1402692212	3.5
1402692214	3.5
1402692215	3.5
1402692216	3.5
1402692217	3.5
1402692218	3.5
1402692220	3.5
1402692221	3.5
1402692222	3.5
1402692223	3.5
1402692224	3.5
1402692225	3.5
1402692227	3.5
1402692228	3.5
1402692229	3.4
1402692230	3.4
1402692231	3.4
1402692232	3.4
1402692234	3.4
1402692235	3.4
1402692236	3.4
1402692237	3.4
1402692238	3.4
1402692240	3.4
1402692241	3.4
1402692242	3.4
1402692243	3.4
1402692244	3.4
1402692245	3.4
1402692247	3.4
1402692248	3.4
1402692249	3.4
1402692250	3.4
1402692251	3.4
1402692253	3.4
1402692254	3.4
1402692255	3.4
1402692256	3.4
1402692257	3.4
1402692259	3.4
1402692260	3.4
1402692261	3.4
1402692262	3.4
1402692263	3.4
1402692264	3.4
1402692266	3.4
1402692267	3.4
1402692268	3.4
1402692269	3.4
1402692270	3.4
1402692271	3.4
1402692273	3.4
1402692274	3.4
1402692275	3.4
1402692276	3.4
1402692277	3.4
1402692279	3.4
1402692280	3.4
1402692281	3.4
1402692282	3.4
1402692283	3.4
1402692284	3.4
1402692286	3.4
1402692287	3.4
1402692288	3.4
1402692289	3.4
1402692290	3.4
1402692292	3.4
1402692293	3.4
1402692294	3.4
1402692295	3.4
1402692296	3.4
1402692297	3.4
1402692299	3.4
1402692300	3.4
1402692301	3.4
1402692302	3.4
1402692303	3.4
1402692305	3.4
1402692306	3.4
1402692307	3.4
1402692308	3.4
1402692309	3.4
1402692310	3.4
1402692312	3.4
1402692313	3.4
1402692314	3.4
1402692315	3.4
1402692316	3.4
1402692318	3.4
1402692319	3.4
1402692320	3.4
1402692321	3.4
1402692322	3.4
1402692323	3.4
1402692325	3.4
1402692326	3.4
1402692327	3.4
1402692328	3.4
1402692329	3.4
1402692331	3.4
1402692332	3.4
1402692333	3.4
1402692334	3.4
1402692335	3.4
1402692336	3.4
1402692338	3.4
1402692339	3.4
1402692340	3.4
1402692341	3.4
1402692342	3.4
1402692344	3.4
1402692345	3.4
1402692346	3.4
1402692347	3.4
1402692348	3.4
1402692349	3.4
1402692351	3.4
1402692352	3.4
1402692353	3.4
1402692354	3.4
1402692355	3.4
1402692357	3.4
1402692358	3.4
1402692359	3.4
1402692360	3.4
1402692361	3.4
1402692362	3.4
1402692364	3.4
1402692365	3.4
1402692366	3.4
1402692367	3.4
1402692368	3.4
1402692370	3.4
1402692371	3.4
1402692372	3.4
1402692373	3.4
1402692374	3.4
1402692375	3.4
1402692377	3.4
1402692378	3.4
1402692379	3.4
1402692380	3.4
1402692381	3.4
1402692383	3.4
1402692384	3.4
1402692385	3.4
1402692386	3.4
1402692387	3.4
1402692388	3.4
1402692390	3.4
1402692391	3.4
1402692392	3.4
1402692393	3.4
1402692394	3.4
