input file is set to /home/ubuntu/whatsup/simulator/ec2-19.input
[2014-06-07 1:15:34:559]	1477 has sent 9% of his messages!
[2014-06-07 1:15:34:576]	1487 has sent 9% of his messages!
[2014-06-07 1:15:34:579]	1463 has sent 9% of his messages!
[2014-06-07 1:15:34:592]	1472 has sent 9% of his messages!
[2014-06-07 1:15:34:607]	1516 has sent 9% of his messages!
[2014-06-07 1:15:34:612]	1488 has sent 9% of his messages!
[2014-06-07 1:15:34:752]	1441 has sent 9% of his messages!
[2014-06-07 1:15:34:830]	1500 has sent 9% of his messages!
[2014-06-07 1:15:34:865]	1459 has sent 9% of his messages!
[2014-06-07 1:15:34:894]	1494 has sent 9% of his messages!
[2014-06-07 1:15:34:944]	1487 has sent 19% of his messages!
[2014-06-07 1:15:35:145]	1496 has sent 9% of his messages!
[2014-06-07 1:15:35:434]	1472 has sent 19% of his messages!
[2014-06-07 1:15:35:509]	1511 has sent 9% of his messages!
[2014-06-07 1:15:35:511]	1502 has sent 9% of his messages!
[2014-06-07 1:15:35:514]	1491 has sent 9% of his messages!
[2014-06-07 1:15:35:581]	1503 has sent 9% of his messages!
[2014-06-07 1:15:35:592]	1496 has sent 19% of his messages!
[2014-06-07 1:15:35:596]	1490 has sent 9% of his messages!
[2014-06-07 1:15:35:704]	1508 has sent 9% of his messages!
[2014-06-07 1:15:35:724]	1491 has sent 19% of his messages!
[2014-06-07 1:15:35:810]	1516 has sent 19% of his messages!
[2014-06-07 1:15:35:840]	1477 has sent 19% of his messages!
[2014-06-07 1:15:35:892]	1463 has sent 19% of his messages!
[2014-06-07 1:15:35:939]	1488 has sent 19% of his messages!
[2014-06-07 1:15:36:165]	1494 has sent 19% of his messages!
[2014-06-07 1:15:36:259]	1500 has sent 19% of his messages!
[2014-06-07 1:15:36:338]	1511 has sent 19% of his messages!
[2014-06-07 1:15:36:374]	1459 has sent 19% of his messages!
[2014-06-07 1:15:36:466]	1441 has sent 19% of his messages!
[2014-06-07 1:15:36:650]	1488 has sent 29% of his messages!
[2014-06-07 1:15:37:152]	1463 has sent 29% of his messages!
[2014-06-07 1:15:37:189]	1502 has sent 19% of his messages!
[2014-06-07 1:15:37:257]	1491 has sent 29% of his messages!
[2014-06-07 1:15:37:574]	1503 has sent 19% of his messages!
[2014-06-07 1:15:37:720]	1490 has sent 19% of his messages!
[2014-06-07 1:15:37:734]	1487 has sent 29% of his messages!
[2014-06-07 1:15:37:873]	1441 has sent 29% of his messages!
[2014-06-07 1:15:37:887]	1508 has sent 19% of his messages!
[2014-06-07 1:15:37:922]	1459 has sent 29% of his messages!
[2014-06-07 1:15:38:1]	1496 has sent 29% of his messages!
[2014-06-07 1:15:38:70]	1500 has sent 29% of his messages!
[2014-06-07 1:15:38:72]	1477 has sent 29% of his messages!
[2014-06-07 1:15:38:255]	1516 has sent 29% of his messages!
[2014-06-07 1:15:38:273]	1472 has sent 29% of his messages!
[2014-06-07 1:15:38:436]	1491 has sent 39% of his messages!
[2014-06-07 1:15:38:632]	1494 has sent 29% of his messages!
[2014-06-07 1:15:38:781]	1488 has sent 39% of his messages!
[2014-06-07 1:15:38:834]	1511 has sent 29% of his messages!
[2014-06-07 1:15:38:962]	1496 has sent 39% of his messages!
[2014-06-07 1:15:39:75]	1487 has sent 39% of his messages!
[2014-06-07 1:15:39:78]	1477 has sent 39% of his messages!
[2014-06-07 1:15:39:383]	1502 has sent 29% of his messages!
[2014-06-07 1:15:39:415]	1490 has sent 29% of his messages!
[2014-06-07 1:15:39:495]	1463 has sent 39% of his messages!
[2014-06-07 1:15:39:657]	1477 has sent 49% of his messages!
[2014-06-07 1:15:39:745]	1459 has sent 39% of his messages!
[2014-06-07 1:15:39:761]	1503 has sent 29% of his messages!
[2014-06-07 1:15:39:874]	1508 has sent 29% of his messages!
[2014-06-07 1:15:39:886]	1441 has sent 39% of his messages!
[2014-06-07 1:15:39:923]	1516 has sent 39% of his messages!
[2014-06-07 1:15:40:44]	1491 has sent 49% of his messages!
[2014-06-07 1:15:40:193]	1459 has sent 49% of his messages!
[2014-06-07 1:15:40:225]	1488 has sent 49% of his messages!
[2014-06-07 1:15:40:276]	1487 has sent 49% of his messages!
[2014-06-07 1:15:40:758]	1472 has sent 39% of his messages!
[2014-06-07 1:15:40:838]	1477 has sent 59% of his messages!
[2014-06-07 1:15:40:940]	1502 has sent 39% of his messages!
[2014-06-07 1:15:40:986]	1500 has sent 39% of his messages!
[2014-06-07 1:15:41:193]	1494 has sent 39% of his messages!
[2014-06-07 1:15:41:205]	1490 has sent 39% of his messages!
[2014-06-07 1:15:41:208]	1459 has sent 59% of his messages!
[2014-06-07 1:15:41:292]	1511 has sent 39% of his messages!
[2014-06-07 1:15:41:370]	1491 has sent 59% of his messages!
[2014-06-07 1:15:41:387]	1463 has sent 49% of his messages!
[2014-06-07 1:15:41:423]	1494 has sent 49% of his messages!
[2014-06-07 1:15:41:606]	1503 has sent 39% of his messages!
[2014-06-07 1:15:41:788]	1488 has sent 59% of his messages!
[2014-06-07 1:15:41:841]	1441 has sent 49% of his messages!
[2014-06-07 1:15:42:49]	1494 has sent 59% of his messages!
[2014-06-07 1:15:42:91]	1508 has sent 39% of his messages!
[2014-06-07 1:15:42:159]	1490 has sent 49% of his messages!
[2014-06-07 1:15:42:161]	1516 has sent 49% of his messages!
[2014-06-07 1:15:42:404]	1477 has sent 69% of his messages!
[2014-06-07 1:15:42:522]	1496 has sent 49% of his messages!
[2014-06-07 1:15:42:624]	1494 has sent 69% of his messages!
[2014-06-07 1:15:42:707]	1472 has sent 49% of his messages!
[2014-06-07 1:15:42:710]	1487 has sent 59% of his messages!
[2014-06-07 1:15:42:780]	1511 has sent 49% of his messages!
[2014-06-07 1:15:42:903]	1508 has sent 49% of his messages!
[2014-06-07 1:15:43:19]	1491 has sent 69% of his messages!
[2014-06-07 1:15:43:31]	1503 has sent 49% of his messages!
[2014-06-07 1:15:43:69]	1459 has sent 69% of his messages!
[2014-06-07 1:15:43:142]	1463 has sent 59% of his messages!
[2014-06-07 1:15:43:212]	1500 has sent 49% of his messages!
[2014-06-07 1:15:43:510]	1502 has sent 49% of his messages!
[2014-06-07 1:15:43:555]	1516 has sent 59% of his messages!
[2014-06-07 1:15:43:826]	1490 has sent 59% of his messages!
[2014-06-07 1:15:43:846]	1477 has sent 79% of his messages!
[2014-06-07 1:15:43:846]	1508 has sent 59% of his messages!
[2014-06-07 1:15:43:973]	1488 has sent 69% of his messages!
[2014-06-07 1:15:44:163]	1511 has sent 59% of his messages!
[2014-06-07 1:15:44:370]	1500 has sent 59% of his messages!
[2014-06-07 1:15:44:375]	1463 has sent 69% of his messages!
[2014-06-07 1:15:44:433]	1496 has sent 59% of his messages!
[2014-06-07 1:15:44:459]	1494 has sent 79% of his messages!
[2014-06-07 1:15:44:510]	1487 has sent 69% of his messages!
[2014-06-07 1:15:44:563]	1508 has sent 69% of his messages!
[2014-06-07 1:15:44:577]	1503 has sent 59% of his messages!
[2014-06-07 1:15:44:621]	1472 has sent 59% of his messages!
[2014-06-07 1:15:44:658]	1459 has sent 79% of his messages!
[2014-06-07 1:15:44:741]	1491 has sent 79% of his messages!
[2014-06-07 1:15:44:834]	1516 has sent 69% of his messages!
[2014-06-07 1:15:45:55]	1477 has sent 89% of his messages!
[2014-06-07 1:15:45:87]	1490 has sent 69% of his messages!
[2014-06-07 1:15:45:93]	1511 has sent 69% of his messages!
[2014-06-07 1:15:45:128]	1441 has sent 59% of his messages!
[2014-06-07 1:15:45:175]	1491 has sent 89% of his messages!
[2014-06-07 1:15:45:199]	1500 has sent 69% of his messages!
[2014-06-07 1:15:45:551]	1488 has sent 79% of his messages!
[2014-06-07 1:15:45:570]	1472 has sent 69% of his messages!
[2014-06-07 1:15:45:599]	1502 has sent 59% of his messages!
[2014-06-07 1:15:45:661]	1503 has sent 69% of his messages!
[2014-06-07 1:15:45:720]	1496 has sent 69% of his messages!
[2014-06-07 1:15:45:726]	1463 has sent 79% of his messages!
[2014-06-07 1:15:45:795]	1487 has sent 79% of his messages!
[2014-06-07 1:15:45:795]	1494 has sent 89% of his messages!
[2014-06-07 1:15:46:65]	1459 has sent 89% of his messages!
[2014-06-07 1:15:46:181]	1441 has sent 69% of his messages!
[2014-06-07 1:15:46:328]	1511 has sent 79% of his messages!
[2014-06-07 1:15:46:397]	1516 has sent 79% of his messages!
[2014-06-07 1:15:46:624]	1500 has sent 79% of his messages!
[2014-06-07 1:15:46:780]	1490 has sent 79% of his messages!
[2014-06-07 1:15:46:833]	1487 has sent 89% of his messages!
[2014-06-07 1:15:46:843]	1472 has sent 79% of his messages!
[2014-06-07 1:15:46:905]	1491 has sent 99% of his messages!
[2014-06-07 1:15:46:970]	1488 has sent 89% of his messages!
[2014-06-07 1:15:46:990]	1508 has sent 79% of his messages!
[2014-06-07 1:15:47:22]	1502 has sent 69% of his messages!
[2014-06-07 1:15:47:35]	1463 has sent 89% of his messages!
[2014-06-07 1:15:47:86]	1503 has sent 79% of his messages!
[2014-06-07 1:15:47:238]	1511 has sent 89% of his messages!
[2014-06-07 1:15:47:285]	1490 has sent 89% of his messages!
[2014-06-07 1:15:47:305]	1441 has sent 79% of his messages!
[2014-06-07 1:15:47:319]	1494 has sent 99% of his messages!
[2014-06-07 1:15:47:499]	1502 has sent 79% of his messages!
[2014-06-07 1:15:47:559]	1508 has sent 89% of his messages!
[2014-06-07 1:15:47:573]	1459 has sent 99% of his messages!
[2014-06-07 1:15:47:623]	1516 has sent 89% of his messages!
[2014-06-07 1:15:47:709]	1503 has sent 89% of his messages!
[2014-06-07 1:15:47:794]	1500 has sent 89% of his messages!
[2014-06-07 1:15:47:806]	1477 has sent 99% of his messages!
[2014-06-07 1:15:47:853]	1472 has sent 89% of his messages!
[2014-06-07 1:15:47:854]	1463 has sent 99% of his messages!
[2014-06-07 1:15:47:905]	1490 has sent 99% of his messages!
[2014-06-07 1:15:48:22]	1508 has sent 99% of his messages!
[2014-06-07 1:15:48:76]	1487 has sent 99% of his messages!
[2014-06-07 1:15:48:95]	1496 has sent 79% of his messages!
[2014-06-07 1:15:48:189]	1511 has sent 99% of his messages!
[2014-06-07 1:15:48:190]	1503 has sent 99% of his messages!
[2014-06-07 1:15:48:194]	1441 has sent 89% of his messages!
[2014-06-07 1:15:48:366]	1441 has sent 99% of his messages!
[2014-06-07 1:15:48:522]	1516 has sent 99% of his messages!
[2014-06-07 1:15:48:539]	1488 has sent 99% of his messages!
[2014-06-07 1:15:48:818]	1472 has sent 99% of his messages!
[2014-06-07 1:15:48:819]	1500 has sent 99% of his messages!
[2014-06-07 1:15:48:838]	1502 has sent 89% of his messages!
[2014-06-07 1:15:48:885]	1502 has sent 99% of his messages!
[2014-06-07 1:15:49:54]	1496 has sent 89% of his messages!
[2014-06-07 1:15:49:270]	1496 has sent 99% of his messages!
Total time: 504877ms
[2014-06-07 1:23:6:157]	Terminated successfully
[2014-06-07 1:23:6:157]	Failures: 314633 - Total: 400000
