input file is set to /home/ubuntu/whatsup/simulator/ec2-8.input
[2014-06-07 1:15:22:203]	630 has sent 9% of his messages!
[2014-06-07 1:15:22:628]	586 has sent 9% of his messages!
[2014-06-07 1:15:22:722]	584 has sent 9% of his messages!
[2014-06-07 1:15:22:760]	588 has sent 9% of his messages!
[2014-06-07 1:15:22:848]	616 has sent 9% of his messages!
[2014-06-07 1:15:22:874]	575 has sent 9% of his messages!
[2014-06-07 1:15:22:943]	566 has sent 9% of his messages!
[2014-06-07 1:15:22:955]	634 has sent 9% of his messages!
[2014-06-07 1:15:22:971]	623 has sent 9% of his messages!
[2014-06-07 1:15:22:995]	603 has sent 9% of his messages!
[2014-06-07 1:15:23:36]	609 has sent 9% of his messages!
[2014-06-07 1:15:23:54]	565 has sent 9% of his messages!
[2014-06-07 1:15:23:262]	594 has sent 9% of his messages!
[2014-06-07 1:15:23:265]	563 has sent 9% of his messages!
[2014-06-07 1:15:23:310]	621 has sent 9% of his messages!
[2014-06-07 1:15:23:312]	587 has sent 9% of his messages!
[2014-06-07 1:15:23:316]	596 has sent 9% of his messages!
[2014-06-07 1:15:23:327]	633 has sent 9% of his messages!
[2014-06-07 1:15:23:446]	581 has sent 9% of his messages!
[2014-06-07 1:15:23:496]	584 has sent 19% of his messages!
[2014-06-07 1:15:23:525]	593 has sent 9% of his messages!
[2014-06-07 1:15:23:538]	598 has sent 9% of his messages!
[2014-06-07 1:15:23:603]	611 has sent 9% of his messages!
[2014-06-07 1:15:23:606]	615 has sent 9% of his messages!
[2014-06-07 1:15:23:608]	639 has sent 9% of his messages!
[2014-06-07 1:15:23:637]	618 has sent 9% of his messages!
[2014-06-07 1:15:23:657]	588 has sent 19% of his messages!
[2014-06-07 1:15:23:716]	594 has sent 19% of his messages!
[2014-06-07 1:15:23:763]	599 has sent 9% of his messages!
[2014-06-07 1:15:23:827]	586 has sent 19% of his messages!
[2014-06-07 1:15:23:858]	593 has sent 19% of his messages!
[2014-06-07 1:15:23:873]	633 has sent 19% of his messages!
[2014-06-07 1:15:23:876]	611 has sent 19% of his messages!
[2014-06-07 1:15:23:949]	639 has sent 19% of his messages!
[2014-06-07 1:15:23:965]	599 has sent 19% of his messages!
[2014-06-07 1:15:23:980]	634 has sent 19% of his messages!
[2014-06-07 1:15:24:24]	587 has sent 19% of his messages!
[2014-06-07 1:15:24:30]	587 has sent 29% of his messages!
[2014-06-07 1:15:24:40]	596 has sent 19% of his messages!
[2014-06-07 1:15:24:46]	598 has sent 19% of his messages!
[2014-06-07 1:15:24:56]	615 has sent 19% of his messages!
[2014-06-07 1:15:24:158]	565 has sent 19% of his messages!
[2014-06-07 1:15:24:189]	581 has sent 19% of his messages!
[2014-06-07 1:15:24:288]	584 has sent 29% of his messages!
[2014-06-07 1:15:24:306]	603 has sent 19% of his messages!
[2014-06-07 1:15:24:315]	621 has sent 19% of his messages!
[2014-06-07 1:15:24:479]	584 has sent 39% of his messages!
[2014-06-07 1:15:24:539]	598 has sent 29% of his messages!
[2014-06-07 1:15:24:597]	598 has sent 39% of his messages!
[2014-06-07 1:15:24:620]	575 has sent 19% of his messages!
[2014-06-07 1:15:24:643]	566 has sent 19% of his messages!
[2014-06-07 1:15:24:798]	639 has sent 29% of his messages!
[2014-06-07 1:15:24:875]	598 has sent 49% of his messages!
[2014-06-07 1:15:25:61]	581 has sent 29% of his messages!
[2014-06-07 1:15:25:132]	565 has sent 29% of his messages!
[2014-06-07 1:15:25:222]	603 has sent 29% of his messages!
[2014-06-07 1:15:25:261]	634 has sent 29% of his messages!
[2014-06-07 1:15:25:427]	594 has sent 29% of his messages!
[2014-06-07 1:15:25:525]	566 has sent 29% of his messages!
[2014-06-07 1:15:25:552]	639 has sent 39% of his messages!
[2014-06-07 1:15:25:735]	634 has sent 39% of his messages!
[2014-06-07 1:15:25:970]	575 has sent 29% of his messages!
[2014-06-07 1:15:26:25]	581 has sent 39% of his messages!
[2014-06-07 1:15:26:57]	621 has sent 29% of his messages!
[2014-06-07 1:15:26:60]	603 has sent 39% of his messages!
[2014-06-07 1:15:26:247]	594 has sent 39% of his messages!
[2014-06-07 1:15:26:285]	565 has sent 39% of his messages!
[2014-06-07 1:15:26:295]	566 has sent 39% of his messages!
[2014-06-07 1:15:26:448]	639 has sent 49% of his messages!
[2014-06-07 1:15:26:524]	566 has sent 49% of his messages!
[2014-06-07 1:15:26:542]	565 has sent 49% of his messages!
[2014-06-07 1:15:26:862]	634 has sent 49% of his messages!
[2014-06-07 1:15:26:910]	575 has sent 39% of his messages!
[2014-06-07 1:15:27:78]	581 has sent 49% of his messages!
[2014-06-07 1:15:27:162]	621 has sent 39% of his messages!
[2014-06-07 1:15:27:374]	639 has sent 59% of his messages!
[2014-06-07 1:15:27:464]	575 has sent 49% of his messages!
[2014-06-07 1:15:27:490]	594 has sent 49% of his messages!
[2014-06-07 1:15:27:567]	566 has sent 59% of his messages!
[2014-06-07 1:15:27:584]	603 has sent 49% of his messages!
[2014-06-07 1:15:27:895]	581 has sent 59% of his messages!
[2014-06-07 1:15:28:32]	634 has sent 59% of his messages!
[2014-06-07 1:15:28:300]	565 has sent 59% of his messages!
[2014-06-07 1:15:28:334]	621 has sent 49% of his messages!
[2014-06-07 1:15:28:364]	594 has sent 59% of his messages!
[2014-06-07 1:15:28:434]	575 has sent 59% of his messages!
[2014-06-07 1:15:28:518]	566 has sent 69% of his messages!
[2014-06-07 1:15:28:590]	639 has sent 69% of his messages!
[2014-06-07 1:15:28:601]	603 has sent 59% of his messages!
[2014-06-07 1:15:28:738]	634 has sent 69% of his messages!
[2014-06-07 1:15:28:998]	639 has sent 79% of his messages!
[2014-06-07 1:15:29:94]	621 has sent 59% of his messages!
[2014-06-07 1:15:29:148]	575 has sent 69% of his messages!
[2014-06-07 1:15:29:245]	603 has sent 69% of his messages!
[2014-06-07 1:15:29:261]	566 has sent 79% of his messages!
[2014-06-07 1:15:29:275]	581 has sent 69% of his messages!
[2014-06-07 1:15:29:352]	594 has sent 69% of his messages!
[2014-06-07 1:15:29:405]	565 has sent 69% of his messages!
[2014-06-07 1:15:29:521]	634 has sent 79% of his messages!
[2014-06-07 1:15:29:735]	581 has sent 79% of his messages!
[2014-06-07 1:15:29:758]	575 has sent 79% of his messages!
[2014-06-07 1:15:29:843]	634 has sent 89% of his messages!
[2014-06-07 1:15:29:881]	621 has sent 69% of his messages!
[2014-06-07 1:15:29:883]	639 has sent 89% of his messages!
[2014-06-07 1:15:29:901]	603 has sent 79% of his messages!
[2014-06-07 1:15:29:968]	603 has sent 89% of his messages!
[2014-06-07 1:15:30:56]	566 has sent 89% of his messages!
[2014-06-07 1:15:30:170]	594 has sent 79% of his messages!
[2014-06-07 1:15:30:221]	594 has sent 89% of his messages!
[2014-06-07 1:15:30:254]	581 has sent 89% of his messages!
[2014-06-07 1:15:30:264]	575 has sent 89% of his messages!
[2014-06-07 1:15:30:317]	566 has sent 99% of his messages!
[2014-06-07 1:15:30:351]	639 has sent 99% of his messages!
[2014-06-07 1:15:30:396]	565 has sent 79% of his messages!
[2014-06-07 1:15:30:412]	575 has sent 99% of his messages!
[2014-06-07 1:15:30:535]	634 has sent 99% of his messages!
[2014-06-07 1:15:30:612]	581 has sent 99% of his messages!
[2014-06-07 1:15:30:649]	621 has sent 79% of his messages!
[2014-06-07 1:15:30:767]	603 has sent 99% of his messages!
[2014-06-07 1:15:30:772]	594 has sent 99% of his messages!
[2014-06-07 1:15:30:877]	565 has sent 89% of his messages!
[2014-06-07 1:15:30:959]	621 has sent 89% of his messages!
[2014-06-07 1:15:31:87]	565 has sent 99% of his messages!
[2014-06-07 1:15:31:150]	621 has sent 99% of his messages!
[2014-06-07 1:15:42:931]	620 has sent 9% of his messages!
[2014-06-07 1:15:42:947]	573 has sent 9% of his messages!
[2014-06-07 1:15:42:951]	606 has sent 9% of his messages!
[2014-06-07 1:15:42:967]	597 has sent 9% of his messages!
[2014-06-07 1:15:43:11]	622 has sent 9% of his messages!
[2014-06-07 1:15:43:26]	574 has sent 9% of his messages!
[2014-06-07 1:15:43:47]	605 has sent 9% of his messages!
[2014-06-07 1:15:43:56]	578 has sent 9% of his messages!
[2014-06-07 1:15:43:87]	626 has sent 9% of his messages!
[2014-06-07 1:15:43:131]	606 has sent 19% of his messages!
[2014-06-07 1:15:43:143]	597 has sent 19% of his messages!
[2014-06-07 1:15:43:144]	620 has sent 19% of his messages!
[2014-06-07 1:15:43:148]	626 has sent 19% of his messages!
[2014-06-07 1:15:43:263]	613 has sent 9% of his messages!
[2014-06-07 1:15:43:425]	601 has sent 9% of his messages!
[2014-06-07 1:15:43:425]	605 has sent 19% of his messages!
[2014-06-07 1:15:43:438]	573 has sent 19% of his messages!
[2014-06-07 1:15:43:440]	578 has sent 19% of his messages!
[2014-06-07 1:15:43:440]	577 has sent 9% of his messages!
[2014-06-07 1:15:43:443]	577 has sent 19% of his messages!
[2014-06-07 1:15:43:443]	570 has sent 9% of his messages!
[2014-06-07 1:15:43:444]	602 has sent 9% of his messages!
[2014-06-07 1:15:43:447]	602 has sent 19% of his messages!
[2014-06-07 1:15:43:469]	573 has sent 29% of his messages!
[2014-06-07 1:15:43:533]	620 has sent 29% of his messages!
[2014-06-07 1:15:43:557]	597 has sent 29% of his messages!
[2014-06-07 1:15:43:576]	577 has sent 29% of his messages!
[2014-06-07 1:15:43:580]	578 has sent 29% of his messages!
[2014-06-07 1:15:43:612]	626 has sent 29% of his messages!
[2014-06-07 1:15:43:656]	578 has sent 39% of his messages!
[2014-06-07 1:15:43:664]	606 has sent 29% of his messages!
[2014-06-07 1:15:43:674]	597 has sent 39% of his messages!
[2014-06-07 1:15:43:727]	613 has sent 19% of his messages!
[2014-06-07 1:15:43:774]	573 has sent 39% of his messages!
[2014-06-07 1:15:43:774]	574 has sent 19% of his messages!
[2014-06-07 1:15:43:787]	570 has sent 19% of his messages!
[2014-06-07 1:15:43:788]	597 has sent 49% of his messages!
[2014-06-07 1:15:43:791]	570 has sent 29% of his messages!
[2014-06-07 1:15:43:898]	602 has sent 29% of his messages!
[2014-06-07 1:15:43:898]	605 has sent 29% of his messages!
[2014-06-07 1:15:43:900]	601 has sent 19% of his messages!
[2014-06-07 1:15:43:903]	601 has sent 29% of his messages!
[2014-06-07 1:15:43:946]	577 has sent 39% of his messages!
[2014-06-07 1:15:43:950]	601 has sent 39% of his messages!
[2014-06-07 1:15:43:978]	622 has sent 19% of his messages!
[2014-06-07 1:15:44:2]	574 has sent 29% of his messages!
[2014-06-07 1:15:44:18]	620 has sent 39% of his messages!
[2014-06-07 1:15:44:48]	601 has sent 49% of his messages!
[2014-06-07 1:15:44:79]	605 has sent 39% of his messages!
[2014-06-07 1:15:44:98]	574 has sent 39% of his messages!
[2014-06-07 1:15:44:111]	626 has sent 39% of his messages!
[2014-06-07 1:15:44:146]	578 has sent 49% of his messages!
[2014-06-07 1:15:44:200]	613 has sent 29% of his messages!
[2014-06-07 1:15:44:258]	606 has sent 39% of his messages!
[2014-06-07 1:15:44:298]	606 has sent 49% of his messages!
[2014-06-07 1:15:44:310]	622 has sent 29% of his messages!
[2014-06-07 1:15:44:313]	570 has sent 39% of his messages!
[2014-06-07 1:15:44:397]	622 has sent 39% of his messages!
[2014-06-07 1:15:44:435]	577 has sent 49% of his messages!
[2014-06-07 1:15:44:521]	620 has sent 49% of his messages!
[2014-06-07 1:15:44:635]	605 has sent 49% of his messages!
[2014-06-07 1:15:44:640]	613 has sent 39% of his messages!
[2014-06-07 1:15:44:698]	578 has sent 59% of his messages!
[2014-06-07 1:15:44:699]	620 has sent 59% of his messages!
[2014-06-07 1:15:44:737]	601 has sent 59% of his messages!
[2014-06-07 1:15:44:751]	570 has sent 49% of his messages!
[2014-06-07 1:15:44:828]	574 has sent 49% of his messages!
[2014-06-07 1:15:44:829]	597 has sent 59% of his messages!
[2014-06-07 1:15:44:830]	602 has sent 39% of his messages!
[2014-06-07 1:15:44:860]	606 has sent 59% of his messages!
[2014-06-07 1:15:44:861]	622 has sent 49% of his messages!
[2014-06-07 1:15:44:876]	577 has sent 59% of his messages!
[2014-06-07 1:15:44:903]	626 has sent 49% of his messages!
[2014-06-07 1:15:45:16]	602 has sent 49% of his messages!
[2014-06-07 1:15:45:49]	601 has sent 69% of his messages!
[2014-06-07 1:15:45:144]	573 has sent 49% of his messages!
[2014-06-07 1:15:45:148]	620 has sent 69% of his messages!
[2014-06-07 1:15:45:161]	570 has sent 59% of his messages!
[2014-06-07 1:15:45:176]	597 has sent 69% of his messages!
[2014-06-07 1:15:45:212]	613 has sent 49% of his messages!
[2014-06-07 1:15:45:248]	626 has sent 59% of his messages!
[2014-06-07 1:15:45:252]	622 has sent 59% of his messages!
[2014-06-07 1:15:45:302]	578 has sent 69% of his messages!
[2014-06-07 1:15:45:319]	601 has sent 79% of his messages!
[2014-06-07 1:15:45:358]	622 has sent 69% of his messages!
[2014-06-07 1:15:45:433]	574 has sent 59% of his messages!
[2014-06-07 1:15:45:453]	570 has sent 69% of his messages!
[2014-06-07 1:15:45:488]	626 has sent 69% of his messages!
[2014-06-07 1:15:45:532]	601 has sent 89% of his messages!
[2014-06-07 1:15:45:534]	605 has sent 59% of his messages!
[2014-06-07 1:15:45:598]	613 has sent 59% of his messages!
[2014-06-07 1:15:45:614]	578 has sent 79% of his messages!
[2014-06-07 1:15:45:632]	577 has sent 69% of his messages!
[2014-06-07 1:15:45:661]	570 has sent 79% of his messages!
[2014-06-07 1:15:45:680]	605 has sent 69% of his messages!
[2014-06-07 1:15:45:697]	602 has sent 59% of his messages!
[2014-06-07 1:15:45:709]	622 has sent 79% of his messages!
[2014-06-07 1:15:45:753]	577 has sent 79% of his messages!
[2014-06-07 1:15:45:755]	601 has sent 99% of his messages!
[2014-06-07 1:15:45:758]	605 has sent 79% of his messages!
[2014-06-07 1:15:45:762]	602 has sent 69% of his messages!
[2014-06-07 1:15:45:778]	626 has sent 79% of his messages!
[2014-06-07 1:15:45:806]	606 has sent 69% of his messages!
[2014-06-07 1:15:45:807]	578 has sent 89% of his messages!
[2014-06-07 1:15:45:843]	605 has sent 89% of his messages!
[2014-06-07 1:15:45:878]	570 has sent 89% of his messages!
[2014-06-07 1:15:45:943]	622 has sent 89% of his messages!
[2014-06-07 1:15:45:956]	613 has sent 69% of his messages!
[2014-06-07 1:15:46:9]	574 has sent 69% of his messages!
[2014-06-07 1:15:46:11]	626 has sent 89% of his messages!
[2014-06-07 1:15:46:59]	605 has sent 99% of his messages!
[2014-06-07 1:15:46:70]	570 has sent 99% of his messages!
[2014-06-07 1:15:46:89]	577 has sent 89% of his messages!
[2014-06-07 1:15:46:120]	574 has sent 79% of his messages!
[2014-06-07 1:15:46:199]	626 has sent 99% of his messages!
[2014-06-07 1:15:46:245]	606 has sent 79% of his messages!
[2014-06-07 1:15:46:317]	578 has sent 99% of his messages!
[2014-06-07 1:15:46:403]	606 has sent 89% of his messages!
[2014-06-07 1:15:46:491]	602 has sent 79% of his messages!
[2014-06-07 1:15:46:502]	574 has sent 89% of his messages!
[2014-06-07 1:15:46:573]	606 has sent 99% of his messages!
[2014-06-07 1:15:46:595]	602 has sent 89% of his messages!
[2014-06-07 1:15:46:606]	577 has sent 99% of his messages!
[2014-06-07 1:15:46:777]	613 has sent 79% of his messages!
[2014-06-07 1:15:46:795]	574 has sent 99% of his messages!
[2014-06-07 1:15:46:918]	622 has sent 99% of his messages!
[2014-06-07 1:15:46:923]	613 has sent 89% of his messages!
[2014-06-07 1:15:46:956]	602 has sent 99% of his messages!
[2014-06-07 1:15:46:975]	613 has sent 99% of his messages!
[2014-06-07 1:16:45:111]	573 has sent 59% of his messages!
[2014-06-07 1:16:45:112]	620 has sent 79% of his messages!
[2014-06-07 1:16:45:115]	620 has sent 89% of his messages!
[2014-06-07 1:16:45:118]	597 has sent 79% of his messages!
[2014-06-07 1:16:45:131]	597 has sent 89% of his messages!
[2014-06-07 1:16:45:134]	597 has sent 99% of his messages!
[2014-06-07 1:16:45:136]	620 has sent 99% of his messages!
[2014-06-07 1:16:45:138]	573 has sent 69% of his messages!
[2014-06-07 1:16:45:149]	573 has sent 79% of his messages!
[2014-06-07 1:16:45:151]	573 has sent 89% of his messages!
[2014-06-07 1:16:45:162]	573 has sent 99% of his messages!
Total time: 505932ms
[2014-06-07 1:22:55:125]	Terminated successfully
[2014-06-07 1:22:55:126]	Failures: 264288 - Total: 400000
