Fri Jun 13 02:49:42 UTC 2014
  PID USER      PR  NI    VIRT    RES    SHR S  %CPU %MEM     TIME+ COMMAND
 1517 ubuntu    20   0 31.356g 297272  14432 S   6.6  1.0   0:17.39 java
Fri Jun 13 02:49:43 UTC 2014
  PID USER      PR  NI    VIRT    RES    SHR S  %CPU %MEM     TIME+ COMMAND
 1517 ubuntu    20   0 31.356g 297272  14432 S   0.0  1.0   0:17.39 java
Fri Jun 13 02:49:45 UTC 2014
  PID USER      PR  NI    VIRT    RES    SHR S  %CPU %MEM     TIME+ COMMAND
 1517 ubuntu    20   0 31.356g 297272  14432 S   0.0  1.0   0:17.42 java
Fri Jun 13 02:49:46 UTC 2014
  PID USER      PR  NI    VIRT    RES    SHR S  %CPU %MEM     TIME+ COMMAND
 1517 ubuntu    20   0 31.356g 296568  14432 S   0.0  1.0   0:17.43 java
Fri Jun 13 02:49:47 UTC 2014
  PID USER      PR  NI    VIRT    RES    SHR S  %CPU %MEM     TIME+ COMMAND
 1517 ubuntu    20   0 31.356g 296568  14432 S   0.0  1.0   0:17.44 java
Fri Jun 13 02:49:48 UTC 2014
  PID USER      PR  NI    VIRT    RES    SHR S  %CPU %MEM     TIME+ COMMAND
 1517 ubuntu    20   0 31.356g 296784  14444 S   0.0  1.0   0:17.47 java
Fri Jun 13 02:49:49 UTC 2014
  PID USER      PR  NI    VIRT    RES    SHR S  %CPU %MEM     TIME+ COMMAND
 1517 ubuntu    20   0 31.356g 296732  14444 S   0.0  1.0   0:17.48 java
Fri Jun 13 02:49:50 UTC 2014
  PID USER      PR  NI    VIRT    RES    SHR S  %CPU %MEM     TIME+ COMMAND
 1517 ubuntu    20   0 31.356g 296724  14444 S   0.0  1.0   0:17.53 java
Fri Jun 13 02:49:52 UTC 2014
  PID USER      PR  NI    VIRT    RES    SHR S  %CPU %MEM     TIME+ COMMAND
 1517 ubuntu    20   0 31.356g 296732  14444 S   0.0  1.0   0:17.55 java
Fri Jun 13 02:49:53 UTC 2014
  PID USER      PR  NI    VIRT    RES    SHR S  %CPU %MEM     TIME+ COMMAND
 1517 ubuntu    20   0 31.356g 296732  14444 S   0.0  1.0   0:17.56 java
Fri Jun 13 02:49:54 UTC 2014
  PID USER      PR  NI    VIRT    RES    SHR S  %CPU %MEM     TIME+ COMMAND
 1517 ubuntu    20   0 31.356g 296732  14444 S   6.6  1.0   0:17.58 java
Fri Jun 13 02:49:55 UTC 2014
  PID USER      PR  NI    VIRT    RES    SHR S  %CPU %MEM     TIME+ COMMAND
 1517 ubuntu    20   0 31.356g 296732  14444 S   6.6  1.0   0:17.59 java
Fri Jun 13 02:49:56 UTC 2014
  PID USER      PR  NI    VIRT    RES    SHR S  %CPU %MEM     TIME+ COMMAND
 1517 ubuntu    20   0 31.356g 296732  14444 S   0.0  1.0   0:17.61 java
Fri Jun 13 02:49:57 UTC 2014
  PID USER      PR  NI    VIRT    RES    SHR S  %CPU %MEM     TIME+ COMMAND
 1517 ubuntu    20   0 31.356g 296732  14444 S   0.0  1.0   0:17.62 java
Fri Jun 13 02:49:59 UTC 2014
  PID USER      PR  NI    VIRT    RES    SHR S  %CPU %MEM     TIME+ COMMAND
 1517 ubuntu    20   0 31.356g 296732  14444 S   0.0  1.0   0:17.63 java
Fri Jun 13 02:50:00 UTC 2014
  PID USER      PR  NI    VIRT    RES    SHR S  %CPU %MEM     TIME+ COMMAND
 1517 ubuntu    20   0 31.356g 296732  14444 S   6.6  1.0   0:17.66 java
Fri Jun 13 02:50:01 UTC 2014
  PID USER      PR  NI    VIRT    RES    SHR S  %CPU %MEM     TIME+ COMMAND
 1517 ubuntu    20   0 31.356g 296732  14444 S   0.0  1.0   0:17.67 java
Fri Jun 13 02:50:02 UTC 2014
  PID USER      PR  NI    VIRT    RES    SHR S  %CPU %MEM     TIME+ COMMAND
 1517 ubuntu    20   0 31.356g 296732  14444 S   6.6  1.0   0:17.68 java
Fri Jun 13 02:50:03 UTC 2014
  PID USER      PR  NI    VIRT    RES    SHR S  %CPU %MEM     TIME+ COMMAND
 1517 ubuntu    20   0 31.356g 296732  14444 S   0.0  1.0   0:17.70 java
Fri Jun 13 02:50:04 UTC 2014
  PID USER      PR  NI    VIRT    RES    SHR S  %CPU %MEM     TIME+ COMMAND
 1517 ubuntu    20   0 31.356g 296732  14444 S   0.0  1.0   0:17.71 java
Fri Jun 13 02:50:06 UTC 2014
  PID USER      PR  NI    VIRT    RES    SHR S  %CPU %MEM     TIME+ COMMAND
 1517 ubuntu    20   0 31.356g 296732  14444 S   6.6  1.0   0:17.72 java
Fri Jun 13 02:50:07 UTC 2014
  PID USER      PR  NI    VIRT    RES    SHR S  %CPU %MEM     TIME+ COMMAND
 1517 ubuntu    20   0 31.356g 296732  14444 S   0.0  1.0   0:17.73 java
Fri Jun 13 02:50:08 UTC 2014
  PID USER      PR  NI    VIRT    RES    SHR S  %CPU %MEM     TIME+ COMMAND
 1517 ubuntu    20   0 31.356g 296732  14444 S   0.0  1.0   0:17.76 java
Fri Jun 13 02:50:09 UTC 2014
  PID USER      PR  NI    VIRT    RES    SHR S  %CPU %MEM     TIME+ COMMAND
 1517 ubuntu    20   0 31.356g 296732  14444 S   0.0  1.0   0:17.77 java
Fri Jun 13 02:50:10 UTC 2014
  PID USER      PR  NI    VIRT    RES    SHR S  %CPU %MEM     TIME+ COMMAND
 1517 ubuntu    20   0 31.356g 296732  14444 S   0.0  1.0   0:17.78 java
Fri Jun 13 02:50:11 UTC 2014
  PID USER      PR  NI    VIRT    RES    SHR S  %CPU %MEM     TIME+ COMMAND
 1517 ubuntu    20   0 31.356g 296752  14444 S   0.0  1.0   0:17.80 java
Fri Jun 13 02:50:13 UTC 2014
  PID USER      PR  NI    VIRT    RES    SHR S  %CPU %MEM     TIME+ COMMAND
 1517 ubuntu    20   0 31.356g 296752  14444 S   0.0  1.0   0:17.81 java
Fri Jun 13 02:50:14 UTC 2014
  PID USER      PR  NI    VIRT    RES    SHR S  %CPU %MEM     TIME+ COMMAND
 1517 ubuntu    20   0 31.356g 296752  14444 S   0.0  1.0   0:17.82 java
Fri Jun 13 02:50:15 UTC 2014
  PID USER      PR  NI    VIRT    RES    SHR S  %CPU %MEM     TIME+ COMMAND
 1517 ubuntu    20   0 31.356g 296752  14444 S   0.0  1.0   0:17.84 java
Fri Jun 13 02:50:16 UTC 2014
  PID USER      PR  NI    VIRT    RES    SHR S  %CPU %MEM     TIME+ COMMAND
 1517 ubuntu    20   0 31.356g 296752  14444 S   0.0  1.0   0:17.85 java
Fri Jun 13 02:50:17 UTC 2014
  PID USER      PR  NI    VIRT    RES    SHR S  %CPU %MEM     TIME+ COMMAND
 1517 ubuntu    20   0 31.356g 296752  14444 S   6.6  1.0   0:17.87 java
Fri Jun 13 02:50:19 UTC 2014
  PID USER      PR  NI    VIRT    RES    SHR S  %CPU %MEM     TIME+ COMMAND
 1517 ubuntu    20   0 31.356g 297276  14444 S   0.0  1.0   0:17.88 java
Fri Jun 13 02:50:20 UTC 2014
  PID USER      PR  NI    VIRT    RES    SHR S  %CPU %MEM     TIME+ COMMAND
 1517 ubuntu    20   0 31.356g 297276  14444 S   0.0  1.0   0:17.89 java
Fri Jun 13 02:50:21 UTC 2014
  PID USER      PR  NI    VIRT    RES    SHR S  %CPU %MEM     TIME+ COMMAND
 1517 ubuntu    20   0 31.356g 297276  14444 S   0.0  1.0   0:17.90 java
Fri Jun 13 02:50:22 UTC 2014
  PID USER      PR  NI    VIRT    RES    SHR S  %CPU %MEM     TIME+ COMMAND
 1517 ubuntu    20   0 31.356g 297276  14444 S   0.0  1.0   0:17.91 java
Fri Jun 13 02:50:23 UTC 2014
  PID USER      PR  NI    VIRT    RES    SHR S  %CPU %MEM     TIME+ COMMAND
 1517 ubuntu    20   0 31.356g 297276  14444 S   0.0  1.0   0:17.93 java
Fri Jun 13 02:50:24 UTC 2014
  PID USER      PR  NI    VIRT    RES    SHR S  %CPU %MEM     TIME+ COMMAND
 1517 ubuntu    20   0 31.356g 297276  14444 S   0.0  1.0   0:17.94 java
Fri Jun 13 02:50:26 UTC 2014
  PID USER      PR  NI    VIRT    RES    SHR S  %CPU %MEM     TIME+ COMMAND
 1517 ubuntu    20   0 31.356g 297276  14444 S   0.0  1.0   0:17.95 java
Fri Jun 13 02:50:27 UTC 2014
  PID USER      PR  NI    VIRT    RES    SHR S  %CPU %MEM     TIME+ COMMAND
 1517 ubuntu    20   0 31.356g 298200  14444 S  26.5  1.0   0:18.04 java
Fri Jun 13 02:50:28 UTC 2014
  PID USER      PR  NI    VIRT    RES    SHR S  %CPU %MEM     TIME+ COMMAND
 1517 ubuntu    20   0 31.356g 298452  14444 S  26.5  1.0   0:18.17 java
Fri Jun 13 02:50:29 UTC 2014
  PID USER      PR  NI    VIRT    RES    SHR S  %CPU %MEM     TIME+ COMMAND
 1517 ubuntu    20   0 31.356g 299412  14444 S  13.3  1.0   0:18.27 java
Fri Jun 13 02:50:30 UTC 2014
  PID USER      PR  NI    VIRT    RES    SHR S  %CPU %MEM     TIME+ COMMAND
 1517 ubuntu    20   0 31.356g 300340  14596 S  46.4  1.0   0:18.66 java
Fri Jun 13 02:50:31 UTC 2014
  PID USER      PR  NI    VIRT    RES    SHR S  %CPU %MEM     TIME+ COMMAND
 1517 ubuntu    20   0 31.356g 302896  14596 S  86.2  1.0   0:19.02 java
Fri Jun 13 02:50:33 UTC 2014
  PID USER      PR  NI    VIRT    RES    SHR S  %CPU %MEM     TIME+ COMMAND
 1517 ubuntu    20   0 31.356g 303976  14596 S  33.1  1.0   0:19.20 java
Fri Jun 13 02:50:34 UTC 2014
  PID USER      PR  NI    VIRT    RES    SHR S  %CPU %MEM     TIME+ COMMAND
 1517 ubuntu    20   0 31.356g 305388  14616 S  33.1  1.0   0:19.67 java
Fri Jun 13 02:50:35 UTC 2014
  PID USER      PR  NI    VIRT    RES    SHR S  %CPU %MEM     TIME+ COMMAND
 1517 ubuntu    20   0 31.356g 306184  14616 S  46.4  1.0   0:20.15 java
Fri Jun 13 02:50:36 UTC 2014
  PID USER      PR  NI    VIRT    RES    SHR S  %CPU %MEM     TIME+ COMMAND
 1517 ubuntu    20   0 31.356g 306924  14616 S   6.6  1.0   0:20.79 java
Fri Jun 13 02:50:37 UTC 2014
  PID USER      PR  NI    VIRT    RES    SHR S  %CPU %MEM     TIME+ COMMAND
 1517 ubuntu    20   0 31.356g 308016  14616 S  33.1  1.0   0:21.35 java
Fri Jun 13 02:50:38 UTC 2014
  PID USER      PR  NI    VIRT    RES    SHR S  %CPU %MEM     TIME+ COMMAND
 1517 ubuntu    20   0 31.356g 309748  14620 S 119.3  1.0   0:22.08 java
Fri Jun 13 02:50:40 UTC 2014
  PID USER      PR  NI    VIRT    RES    SHR S  %CPU %MEM     TIME+ COMMAND
 1517 ubuntu    20   0 31.356g 320000  14620 S  66.3  1.0   0:22.93 java
Fri Jun 13 02:50:41 UTC 2014
  PID USER      PR  NI    VIRT    RES    SHR S  %CPU %MEM     TIME+ COMMAND
 1517 ubuntu    20   0 31.356g 320748  14624 S  66.1  1.0   0:23.56 java
Fri Jun 13 02:50:42 UTC 2014
  PID USER      PR  NI    VIRT    RES    SHR S  %CPU %MEM     TIME+ COMMAND
 1517 ubuntu    20   0 31.356g 321812  14624 S  53.0  1.0   0:24.23 java
Fri Jun 13 02:50:43 UTC 2014
  PID USER      PR  NI    VIRT    RES    SHR S  %CPU %MEM     TIME+ COMMAND
 1517 ubuntu    20   0 31.356g 322664  14624 S  66.3  1.0   0:24.75 java
Fri Jun 13 02:50:44 UTC 2014
  PID USER      PR  NI    VIRT    RES    SHR S  %CPU %MEM     TIME+ COMMAND
 1517 ubuntu    20   0 31.356g 328080  14624 S  92.8  1.1   0:25.38 java
Fri Jun 13 02:50:45 UTC 2014
  PID USER      PR  NI    VIRT    RES    SHR S  %CPU %MEM     TIME+ COMMAND
 1517 ubuntu    20   0 31.356g 328488  14624 S  46.4  1.1   0:25.97 java
Fri Jun 13 02:50:47 UTC 2014
  PID USER      PR  NI    VIRT    RES    SHR S  %CPU %MEM     TIME+ COMMAND
 1517 ubuntu    20   0 31.356g 328512  14624 S  53.0  1.1   0:26.48 java
Fri Jun 13 02:50:48 UTC 2014
  PID USER      PR  NI    VIRT    RES    SHR S  %CPU %MEM     TIME+ COMMAND
 1517 ubuntu    20   0 31.356g 328628  14624 S  26.5  1.1   0:26.94 java
Fri Jun 13 02:50:49 UTC 2014
  PID USER      PR  NI    VIRT    RES    SHR S  %CPU %MEM     TIME+ COMMAND
 1517 ubuntu    20   0 31.356g 330112  14624 S  39.8  1.1   0:27.47 java
Fri Jun 13 02:50:50 UTC 2014
  PID USER      PR  NI    VIRT    RES    SHR S  %CPU %MEM     TIME+ COMMAND
 1517 ubuntu    20   0 31.356g 332544  14628 S 125.9  1.1   0:28.80 java
Fri Jun 13 02:50:51 UTC 2014
  PID USER      PR  NI    VIRT    RES    SHR S  %CPU %MEM     TIME+ COMMAND
 1517 ubuntu    20   0 31.356g 340508  14628 S  13.2  1.1   0:29.10 java
Fri Jun 13 02:50:53 UTC 2014
  PID USER      PR  NI    VIRT    RES    SHR S  %CPU %MEM     TIME+ COMMAND
 1517 ubuntu    20   0 31.356g 340508  14628 S  13.3  1.1   0:29.28 java
Fri Jun 13 02:50:54 UTC 2014
  PID USER      PR  NI    VIRT    RES    SHR S  %CPU %MEM     TIME+ COMMAND
 1517 ubuntu    20   0 31.356g 340620  14628 S  19.9  1.1   0:29.45 java
Fri Jun 13 02:50:55 UTC 2014
  PID USER      PR  NI    VIRT    RES    SHR S  %CPU %MEM     TIME+ COMMAND
 1517 ubuntu    20   0 31.356g 340620  14628 S   6.6  1.1   0:29.67 java
Fri Jun 13 02:50:56 UTC 2014
  PID USER      PR  NI    VIRT    RES    SHR S  %CPU %MEM     TIME+ COMMAND
 1517 ubuntu    20   0 31.356g 342312  14628 S  46.4  1.1   0:29.91 java
Fri Jun 13 02:50:57 UTC 2014
  PID USER      PR  NI    VIRT    RES    SHR S  %CPU %MEM     TIME+ COMMAND
 1517 ubuntu    20   0 31.356g 342312  14628 S  13.3  1.1   0:30.18 java
Fri Jun 13 02:50:58 UTC 2014
  PID USER      PR  NI    VIRT    RES    SHR S  %CPU %MEM     TIME+ COMMAND
 1517 ubuntu    20   0 31.356g 342312  14628 S  33.1  1.1   0:30.36 java
Fri Jun 13 02:51:00 UTC 2014
  PID USER      PR  NI    VIRT    RES    SHR S  %CPU %MEM     TIME+ COMMAND
 1517 ubuntu    20   0 31.356g 342788  14628 S  13.3  1.1   0:30.51 java
Fri Jun 13 02:51:01 UTC 2014
  PID USER      PR  NI    VIRT    RES    SHR S  %CPU %MEM     TIME+ COMMAND
 1517 ubuntu    20   0 31.356g 342788  14628 S   6.6  1.1   0:30.72 java
Fri Jun 13 02:51:02 UTC 2014
  PID USER      PR  NI    VIRT    RES    SHR S  %CPU %MEM     TIME+ COMMAND
 1517 ubuntu    20   0 31.356g 342788  14628 S  13.3  1.1   0:30.88 java
Fri Jun 13 02:51:03 UTC 2014
  PID USER      PR  NI    VIRT    RES    SHR S  %CPU %MEM     TIME+ COMMAND
 1517 ubuntu    20   0 31.356g 340764  14628 S  26.5  1.1   0:31.05 java
Fri Jun 13 02:51:04 UTC 2014
  PID USER      PR  NI    VIRT    RES    SHR S  %CPU %MEM     TIME+ COMMAND
 1517 ubuntu    20   0 31.356g 340764  14628 S   6.6  1.1   0:31.22 java
Fri Jun 13 02:51:05 UTC 2014
  PID USER      PR  NI    VIRT    RES    SHR S  %CPU %MEM     TIME+ COMMAND
 1517 ubuntu    20   0 31.356g 340764  14628 S  13.2  1.1   0:31.40 java
Fri Jun 13 02:51:07 UTC 2014
  PID USER      PR  NI    VIRT    RES    SHR S  %CPU %MEM     TIME+ COMMAND
 1517 ubuntu    20   0 31.356g 339712  14628 S  19.9  1.1   0:31.62 java
Fri Jun 13 02:51:08 UTC 2014
  PID USER      PR  NI    VIRT    RES    SHR S  %CPU %MEM     TIME+ COMMAND
 1517 ubuntu    20   0 31.356g 339712  14628 S   6.6  1.1   0:31.84 java
Fri Jun 13 02:51:09 UTC 2014
  PID USER      PR  NI    VIRT    RES    SHR S  %CPU %MEM     TIME+ COMMAND
 1517 ubuntu    20   0 31.356g 339712  14628 S  13.3  1.1   0:32.03 java
Fri Jun 13 02:51:10 UTC 2014
  PID USER      PR  NI    VIRT    RES    SHR S  %CPU %MEM     TIME+ COMMAND
 1517 ubuntu    20   0 31.356g 337660  14628 S   6.6  1.1   0:32.21 java
Fri Jun 13 02:51:11 UTC 2014
  PID USER      PR  NI    VIRT    RES    SHR S  %CPU %MEM     TIME+ COMMAND
 1517 ubuntu    20   0 31.356g 337660  14628 S   6.6  1.1   0:32.37 java
Fri Jun 13 02:51:12 UTC 2014
  PID USER      PR  NI    VIRT    RES    SHR S  %CPU %MEM     TIME+ COMMAND
 1517 ubuntu    20   0 31.356g 333804  14628 S  19.8  1.1   0:32.62 java
Fri Jun 13 02:51:14 UTC 2014
  PID USER      PR  NI    VIRT    RES    SHR S  %CPU %MEM     TIME+ COMMAND
 1517 ubuntu    20   0 31.356g 333804  14628 S   6.6  1.1   0:32.81 java
Fri Jun 13 02:51:15 UTC 2014
  PID USER      PR  NI    VIRT    RES    SHR S  %CPU %MEM     TIME+ COMMAND
 1517 ubuntu    20   0 31.356g 331236  14628 S  19.9  1.1   0:33.01 java
Fri Jun 13 02:51:16 UTC 2014
  PID USER      PR  NI    VIRT    RES    SHR S  %CPU %MEM     TIME+ COMMAND
 1517 ubuntu    20   0 31.356g 331236  14628 S   6.6  1.1   0:33.18 java
Fri Jun 13 02:51:17 UTC 2014
  PID USER      PR  NI    VIRT    RES    SHR S  %CPU %MEM     TIME+ COMMAND
 1517 ubuntu    20   0 31.356g 331236  14628 S  13.3  1.1   0:33.35 java
Fri Jun 13 02:51:18 UTC 2014
  PID USER      PR  NI    VIRT    RES    SHR S  %CPU %MEM     TIME+ COMMAND
 1517 ubuntu    20   0 31.356g 327648  14628 S  13.2  1.1   0:33.55 java
Fri Jun 13 02:51:20 UTC 2014
  PID USER      PR  NI    VIRT    RES    SHR S  %CPU %MEM     TIME+ COMMAND
 1517 ubuntu    20   0 31.356g 327648  14628 S   6.6  1.1   0:33.79 java
Fri Jun 13 02:51:21 UTC 2014
  PID USER      PR  NI    VIRT    RES    SHR S  %CPU %MEM     TIME+ COMMAND
 1517 ubuntu    20   0 31.356g 324056  14628 S  19.9  1.1   0:34.00 java
Fri Jun 13 02:51:22 UTC 2014
  PID USER      PR  NI    VIRT    RES    SHR S  %CPU %MEM     TIME+ COMMAND
 1517 ubuntu    20   0 31.356g 324056  14628 S  13.3  1.1   0:34.24 java
Fri Jun 13 02:51:23 UTC 2014
  PID USER      PR  NI    VIRT    RES    SHR S  %CPU %MEM     TIME+ COMMAND
 1517 ubuntu    20   0 31.356g 319440  14628 S   0.0  1.0   0:34.44 java
Fri Jun 13 02:51:24 UTC 2014
  PID USER      PR  NI    VIRT    RES    SHR S  %CPU %MEM     TIME+ COMMAND
 1517 ubuntu    20   0 31.356g 319440  14628 S   6.6  1.0   0:34.62 java
Fri Jun 13 02:51:25 UTC 2014
  PID USER      PR  NI    VIRT    RES    SHR S  %CPU %MEM     TIME+ COMMAND
 1517 ubuntu    20   0 31.356g 315848  14628 S  19.9  1.0   0:34.81 java
Fri Jun 13 02:51:27 UTC 2014
  PID USER      PR  NI    VIRT    RES    SHR S  %CPU %MEM     TIME+ COMMAND
 1517 ubuntu    20   0 31.356g 315856  14628 S   6.6  1.0   0:35.01 java
Fri Jun 13 02:51:28 UTC 2014
  PID USER      PR  NI    VIRT    RES    SHR S  %CPU %MEM     TIME+ COMMAND
 1517 ubuntu    20   0 31.356g 312508  14628 S  33.1  1.0   0:35.31 java
Fri Jun 13 02:51:29 UTC 2014
  PID USER      PR  NI    VIRT    RES    SHR S  %CPU %MEM     TIME+ COMMAND
 1517 ubuntu    20   0 31.356g 312508  14628 S  33.1  1.0   0:35.47 java
Fri Jun 13 02:51:30 UTC 2014
  PID USER      PR  NI    VIRT    RES    SHR S  %CPU %MEM     TIME+ COMMAND
 1517 ubuntu    20   0 31.356g 312508  14628 S  19.9  1.0   0:35.69 java
Fri Jun 13 02:51:31 UTC 2014
  PID USER      PR  NI    VIRT    RES    SHR S  %CPU %MEM     TIME+ COMMAND
 1517 ubuntu    20   0 31.356g 308136  14628 S  13.3  1.0   0:35.83 java
Fri Jun 13 02:51:32 UTC 2014
  PID USER      PR  NI    VIRT    RES    SHR S  %CPU %MEM     TIME+ COMMAND
 1517 ubuntu    20   0 31.356g 308136  14628 S  26.5  1.0   0:35.99 java
Fri Jun 13 02:51:34 UTC 2014
  PID USER      PR  NI    VIRT    RES    SHR S  %CPU %MEM     TIME+ COMMAND
 1517 ubuntu    20   0 31.356g 304544  14628 S  19.9  1.0   0:36.18 java
Fri Jun 13 02:51:35 UTC 2014
  PID USER      PR  NI    VIRT    RES    SHR S  %CPU %MEM     TIME+ COMMAND
 1517 ubuntu    20   0 31.356g 304544  14628 S   6.6  1.0   0:36.37 java
Fri Jun 13 02:51:36 UTC 2014
  PID USER      PR  NI    VIRT    RES    SHR S  %CPU %MEM     TIME+ COMMAND
 1517 ubuntu    20   0 31.356g 300152  14628 S  46.3  1.0   0:36.70 java
Fri Jun 13 02:51:37 UTC 2014
  PID USER      PR  NI    VIRT    RES    SHR S  %CPU %MEM     TIME+ COMMAND
 1517 ubuntu    20   0 31.356g 296628  14632 S  53.0  1.0   0:36.99 java
Fri Jun 13 02:51:38 UTC 2014
  PID USER      PR  NI    VIRT    RES    SHR S  %CPU %MEM     TIME+ COMMAND
 1517 ubuntu    20   0 31.356g 296628  14632 S  19.9  1.0   0:37.16 java
Fri Jun 13 02:51:39 UTC 2014
  PID USER      PR  NI    VIRT    RES    SHR S  %CPU %MEM     TIME+ COMMAND
 1517 ubuntu    20   0 31.356g 293036  14632 S  33.1  1.0   0:37.52 java
Fri Jun 13 02:51:41 UTC 2014
  PID USER      PR  NI    VIRT    RES    SHR S  %CPU %MEM     TIME+ COMMAND
 1517 ubuntu    20   0 31.356g 288932  14632 S  39.8  0.9   0:37.83 java
Fri Jun 13 02:51:42 UTC 2014
  PID USER      PR  NI    VIRT    RES    SHR S  %CPU %MEM     TIME+ COMMAND
 1517 ubuntu    20   0 31.356g 288932  14632 S  13.3  0.9   0:38.07 java
Fri Jun 13 02:51:43 UTC 2014
  PID USER      PR  NI    VIRT    RES    SHR S  %CPU %MEM     TIME+ COMMAND
 1517 ubuntu    20   0 31.356g 286112  14632 S  19.9  0.9   0:38.33 java
Fri Jun 13 02:51:44 UTC 2014
  PID USER      PR  NI    VIRT    RES    SHR S  %CPU %MEM     TIME+ COMMAND
 1517 ubuntu    20   0 31.356g 286112  14632 S  26.5  0.9   0:38.53 java
Fri Jun 13 02:51:45 UTC 2014
  PID USER      PR  NI    VIRT    RES    SHR S  %CPU %MEM     TIME+ COMMAND
 1517 ubuntu    20   0 31.356g 283288  14632 S  59.6  0.9   0:38.87 java
Fri Jun 13 02:51:47 UTC 2014
  PID USER      PR  NI    VIRT    RES    SHR S  %CPU %MEM     TIME+ COMMAND
 1517 ubuntu    20   0 31.356g 280212  14632 S  33.1  0.9   0:39.16 java
Fri Jun 13 02:51:48 UTC 2014
  PID USER      PR  NI    VIRT    RES    SHR S  %CPU %MEM     TIME+ COMMAND
 1517 ubuntu    20   0 31.356g 277144  14632 S  26.5  0.9   0:39.54 java
Fri Jun 13 02:51:49 UTC 2014
  PID USER      PR  NI    VIRT    RES    SHR S  %CPU %MEM     TIME+ COMMAND
 1517 ubuntu    20   0 31.356g 277144  14632 S   0.0  0.9   0:39.69 java
Fri Jun 13 02:51:50 UTC 2014
  PID USER      PR  NI    VIRT    RES    SHR S  %CPU %MEM     TIME+ COMMAND
 1517 ubuntu    20   0 31.356g 273348  14632 S 132.3  0.9   0:40.37 java
Fri Jun 13 02:51:51 UTC 2014
  PID USER      PR  NI    VIRT    RES    SHR S  %CPU %MEM     TIME+ COMMAND
 1517 ubuntu    20   0 31.356g 275516  14632 S 165.5  0.9   0:42.03 java
Fri Jun 13 02:51:52 UTC 2014
  PID USER      PR  NI    VIRT    RES    SHR S  %CPU %MEM     TIME+ COMMAND
 1517 ubuntu    20   0 31.356g 274972  14632 S   6.6  0.9   0:42.73 java
Fri Jun 13 02:51:54 UTC 2014
  PID USER      PR  NI    VIRT    RES    SHR S  %CPU %MEM     TIME+ COMMAND
 1517 ubuntu    20   0 31.356g 271892  14632 S  13.3  0.9   0:43.07 java
Fri Jun 13 02:51:55 UTC 2014
  PID USER      PR  NI    VIRT    RES    SHR S  %CPU %MEM     TIME+ COMMAND
 1517 ubuntu    20   0 31.356g 270868  14632 S  19.9  0.9   0:43.33 java
Fri Jun 13 02:51:56 UTC 2014
  PID USER      PR  NI    VIRT    RES    SHR S  %CPU %MEM     TIME+ COMMAND
 1517 ubuntu    20   0 31.356g 268528  14632 S  26.5  0.9   0:43.66 java
Fri Jun 13 02:51:57 UTC 2014
  PID USER      PR  NI    VIRT    RES    SHR S  %CPU %MEM     TIME+ COMMAND
 1517 ubuntu    20   0 31.356g 266476  14632 S  33.1  0.9   0:43.99 java
Fri Jun 13 02:51:58 UTC 2014
  PID USER      PR  NI    VIRT    RES    SHR S  %CPU %MEM     TIME+ COMMAND
 1517 ubuntu    20   0 31.356g 264936  14632 S  26.5  0.9   0:44.21 java
Fri Jun 13 02:51:59 UTC 2014
  PID USER      PR  NI    VIRT    RES    SHR S  %CPU %MEM     TIME+ COMMAND
 1517 ubuntu    20   0 31.356g 263916  14632 S  33.1  0.9   0:44.65 java
Fri Jun 13 02:52:01 UTC 2014
  PID USER      PR  NI    VIRT    RES    SHR S  %CPU %MEM     TIME+ COMMAND
 1517 ubuntu    20   0 31.356g 262380  14632 S   0.0  0.9   0:44.88 java
Fri Jun 13 02:52:02 UTC 2014
  PID USER      PR  NI    VIRT    RES    SHR S  %CPU %MEM     TIME+ COMMAND
 1517 ubuntu    20   0 31.356g 260840  14632 S  39.8  0.8   0:45.23 java
Fri Jun 13 02:52:03 UTC 2014
  PID USER      PR  NI    VIRT    RES    SHR S  %CPU %MEM     TIME+ COMMAND
 1517 ubuntu    20   0 31.356g 259300  14632 S  39.8  0.8   0:45.58 java
Fri Jun 13 02:52:04 UTC 2014
  PID USER      PR  NI    VIRT    RES    SHR S  %CPU %MEM     TIME+ COMMAND
 1517 ubuntu    20   0 31.356g 256224  14632 S  19.9  0.8   0:45.89 java
Fri Jun 13 02:52:05 UTC 2014
  PID USER      PR  NI    VIRT    RES    SHR S  %CPU %MEM     TIME+ COMMAND
 1517 ubuntu    20   0 31.356g 254940  14632 S  19.9  0.8   0:46.20 java
Fri Jun 13 02:52:06 UTC 2014
  PID USER      PR  NI    VIRT    RES    SHR S  %CPU %MEM     TIME+ COMMAND
 1517 ubuntu    20   0 31.356g 252240  14632 S  33.1  0.8   0:46.64 java
Fri Jun 13 02:52:08 UTC 2014
  PID USER      PR  NI    VIRT    RES    SHR S  %CPU %MEM     TIME+ COMMAND
 1517 ubuntu    20   0 31.356g 249240  14632 S  33.1  0.8   0:47.04 java
Fri Jun 13 02:52:09 UTC 2014
  PID USER      PR  NI    VIRT    RES    SHR S  %CPU %MEM     TIME+ COMMAND
 1517 ubuntu    20   0 31.356g 247956  14632 S  19.9  0.8   0:47.33 java
Fri Jun 13 02:52:10 UTC 2014
  PID USER      PR  NI    VIRT    RES    SHR S  %CPU %MEM     TIME+ COMMAND
 1517 ubuntu    20   0 31.356g 246896  14632 S  33.1  0.8   0:47.69 java
Fri Jun 13 02:52:11 UTC 2014
  PID USER      PR  NI    VIRT    RES    SHR S  %CPU %MEM     TIME+ COMMAND
 1517 ubuntu    20   0 31.356g 245356  14632 S  33.1  0.8   0:48.21 java
Fri Jun 13 02:52:12 UTC 2014
  PID USER      PR  NI    VIRT    RES    SHR S  %CPU %MEM     TIME+ COMMAND
 1517 ubuntu    20   0 31.356g 243304  14632 S  39.8  0.8   0:48.58 java
Fri Jun 13 02:52:14 UTC 2014
  PID USER      PR  NI    VIRT    RES    SHR S  %CPU %MEM     TIME+ COMMAND
 1517 ubuntu    20   0 31.356g 241768  14632 S   6.6  0.8   0:48.92 java
Fri Jun 13 02:52:15 UTC 2014
  PID USER      PR  NI    VIRT    RES    SHR S  %CPU %MEM     TIME+ COMMAND
 1517 ubuntu    20   0 31.356g 239716  14632 S  33.1  0.8   0:49.38 java
Fri Jun 13 02:52:16 UTC 2014
  PID USER      PR  NI    VIRT    RES    SHR S  %CPU %MEM     TIME+ COMMAND
 1517 ubuntu    20   0 31.356g 237664  14632 S  39.8  0.8   0:49.88 java
Fri Jun 13 02:52:17 UTC 2014
  PID USER      PR  NI    VIRT    RES    SHR S  %CPU %MEM     TIME+ COMMAND
 1517 ubuntu    20   0 31.356g 237188  14632 S  59.6  0.8   0:50.28 java
Fri Jun 13 02:52:18 UTC 2014
  PID USER      PR  NI    VIRT    RES    SHR S  %CPU %MEM     TIME+ COMMAND
 1517 ubuntu    20   0 31.356g 234624  14632 S  26.5  0.8   0:50.83 java
Fri Jun 13 02:52:19 UTC 2014
  PID USER      PR  NI    VIRT    RES    SHR S  %CPU %MEM     TIME+ COMMAND
 1517 ubuntu    20   0 31.356g 233080  14632 S  26.5  0.8   0:51.30 java
Fri Jun 13 02:52:21 UTC 2014
  PID USER      PR  NI    VIRT    RES    SHR S  %CPU %MEM     TIME+ COMMAND
 1517 ubuntu    20   0 31.356g 232568  14632 S  33.1  0.8   0:51.71 java
Fri Jun 13 02:52:22 UTC 2014
  PID USER      PR  NI    VIRT    RES    SHR S  %CPU %MEM     TIME+ COMMAND
 1517 ubuntu    20   0 31.356g 231296  14632 S  33.1  0.8   0:52.20 java
Fri Jun 13 02:52:23 UTC 2014
  PID USER      PR  NI    VIRT    RES    SHR S  %CPU %MEM     TIME+ COMMAND
 1517 ubuntu    20   0 31.356g 229756  14632 S  26.5  0.7   0:52.67 java
Fri Jun 13 02:52:24 UTC 2014
  PID USER      PR  NI    VIRT    RES    SHR S  %CPU %MEM     TIME+ COMMAND
 1517 ubuntu    20   0 31.356g 227704  14632 S  86.0  0.7   0:53.18 java
Fri Jun 13 02:52:25 UTC 2014
  PID USER      PR  NI    VIRT    RES    SHR S  %CPU %MEM     TIME+ COMMAND
 1517 ubuntu    20   0 31.356g 226944  14632 S  39.7  0.7   0:53.62 java
Fri Jun 13 02:52:26 UTC 2014
  PID USER      PR  NI    VIRT    RES    SHR S  %CPU %MEM     TIME+ COMMAND
 1517 ubuntu    20   0 31.356g 225916  14632 S  26.5  0.7   0:54.00 java
Fri Jun 13 02:52:28 UTC 2014
  PID USER      PR  NI    VIRT    RES    SHR S  %CPU %MEM     TIME+ COMMAND
 1517 ubuntu    20   0 31.356g 225156  14632 S  46.4  0.7   0:54.48 java
Fri Jun 13 02:52:29 UTC 2014
  PID USER      PR  NI    VIRT    RES    SHR S  %CPU %MEM     TIME+ COMMAND
 1517 ubuntu    20   0 31.356g 225684  14632 S  59.5  0.7   0:54.95 java
Fri Jun 13 02:52:30 UTC 2014
  PID USER      PR  NI    VIRT    RES    SHR S  %CPU %MEM     TIME+ COMMAND
 1517 ubuntu    20   0 31.356g 225684  14632 S  99.4  0.7   0:55.64 java
Fri Jun 13 02:52:31 UTC 2014
  PID USER      PR  NI    VIRT    RES    SHR S  %CPU %MEM     TIME+ COMMAND
 1517 ubuntu    20   0 31.356g 225684  14632 S  26.5  0.7   0:56.35 java
Fri Jun 13 02:52:32 UTC 2014
  PID USER      PR  NI    VIRT    RES    SHR S  %CPU %MEM     TIME+ COMMAND
 1517 ubuntu    20   0 31.356g 225684  14632 S  72.9  0.7   0:56.85 java
Fri Jun 13 02:52:33 UTC 2014
  PID USER      PR  NI    VIRT    RES    SHR S  %CPU %MEM     TIME+ COMMAND
 1517 ubuntu    20   0 31.356g 225948  14632 S  59.6  0.7   0:57.35 java
Fri Jun 13 02:52:35 UTC 2014
  PID USER      PR  NI    VIRT    RES    SHR S  %CPU %MEM     TIME+ COMMAND
 1517 ubuntu    20   0 31.356g 225948  14632 S  33.1  0.7   0:57.94 java
Fri Jun 13 02:52:36 UTC 2014
  PID USER      PR  NI    VIRT    RES    SHR S  %CPU %MEM     TIME+ COMMAND
 1517 ubuntu    20   0 31.356g 225928  14632 S  59.6  0.7   0:58.48 java
Fri Jun 13 02:52:37 UTC 2014
  PID USER      PR  NI    VIRT    RES    SHR S  %CPU %MEM     TIME+ COMMAND
 1517 ubuntu    20   0 31.356g 225928  14632 S  66.3  0.7   0:59.11 java
Fri Jun 13 02:52:38 UTC 2014
  PID USER      PR  NI    VIRT    RES    SHR S  %CPU %MEM     TIME+ COMMAND
 1517 ubuntu    20   0 31.356g 226192  14632 S  59.6  0.7   0:59.66 java
Fri Jun 13 02:52:39 UTC 2014
  PID USER      PR  NI    VIRT    RES    SHR S  %CPU %MEM     TIME+ COMMAND
 1517 ubuntu    20   0 31.356g 226192  14632 S   6.6  0.7   1:00.05 java
Fri Jun 13 02:52:41 UTC 2014
  PID USER      PR  NI    VIRT    RES    SHR S  %CPU %MEM     TIME+ COMMAND
 1517 ubuntu    20   0 31.356g 226192  14632 S  33.1  0.7   1:00.58 java
Fri Jun 13 02:52:42 UTC 2014
  PID USER      PR  NI    VIRT    RES    SHR S  %CPU %MEM     TIME+ COMMAND
 1517 ubuntu    20   0 31.356g 226456  14632 S  66.1  0.7   1:01.25 java
Fri Jun 13 02:52:43 UTC 2014
  PID USER      PR  NI    VIRT    RES    SHR S  %CPU %MEM     TIME+ COMMAND
 1517 ubuntu    20   0 31.356g 226720  14632 S  72.8  0.7   1:02.04 java
Fri Jun 13 02:52:44 UTC 2014
  PID USER      PR  NI    VIRT    RES    SHR S  %CPU %MEM     TIME+ COMMAND
 1517 ubuntu    20   0 31.356g 227004  14632 S  66.2  0.7   1:02.74 java
Fri Jun 13 02:52:45 UTC 2014
  PID USER      PR  NI    VIRT    RES    SHR S  %CPU %MEM     TIME+ COMMAND
 1517 ubuntu    20   0 31.356g 227004  14632 S  33.1  0.7   1:03.42 java
Fri Jun 13 02:52:46 UTC 2014
  PID USER      PR  NI    VIRT    RES    SHR S  %CPU %MEM     TIME+ COMMAND
 1517 ubuntu    20   0 31.356g 227792  14632 S  59.5  0.7   1:04.16 java
Fri Jun 13 02:52:48 UTC 2014
  PID USER      PR  NI    VIRT    RES    SHR S  %CPU %MEM     TIME+ COMMAND
 1517 ubuntu    20   0 31.356g 227792  14632 S  66.2  0.7   1:04.87 java
Fri Jun 13 02:52:49 UTC 2014
  PID USER      PR  NI    VIRT    RES    SHR S  %CPU %MEM     TIME+ COMMAND
 1517 ubuntu    20   0 31.356g 227792  14632 S  26.5  0.7   1:05.56 java
Fri Jun 13 02:52:50 UTC 2014
  PID USER      PR  NI    VIRT    RES    SHR S  %CPU %MEM     TIME+ COMMAND
 1517 ubuntu    20   0 31.356g 232016  14632 S 165.3  0.8   1:06.50 java
Fri Jun 13 02:52:51 UTC 2014
  PID USER      PR  NI    VIRT    RES    SHR S  %CPU %MEM     TIME+ COMMAND
 1517 ubuntu    20   0 31.356g 271124  14632 S 152.4  0.9   1:08.43 java
Fri Jun 13 02:52:52 UTC 2014
  PID USER      PR  NI    VIRT    RES    SHR S  %CPU %MEM     TIME+ COMMAND
 1517 ubuntu    20   0 31.356g 305604  14632 S 125.9  1.0   1:10.18 java
Fri Jun 13 02:52:53 UTC 2014
  PID USER      PR  NI    VIRT    RES    SHR S  %CPU %MEM     TIME+ COMMAND
 1517 ubuntu    20   0 31.356g 334352  14632 S 178.9  1.1   1:12.16 java
Fri Jun 13 02:52:55 UTC 2014
  PID USER      PR  NI    VIRT    RES    SHR S  %CPU %MEM     TIME+ COMMAND
 1517 ubuntu    20   0 31.356g 361384  14632 S  59.6  1.2   1:13.70 java
Fri Jun 13 02:52:56 UTC 2014
  PID USER      PR  NI    VIRT    RES    SHR S  %CPU %MEM     TIME+ COMMAND
 1517 ubuntu    20   0 31.356g 371768  14632 S  39.7  1.2   1:14.45 java
Fri Jun 13 02:52:57 UTC 2014
  PID USER      PR  NI    VIRT    RES    SHR S  %CPU %MEM     TIME+ COMMAND
 1517 ubuntu    20   0 31.356g 372868  14632 S  66.2  1.2   1:15.34 java
Fri Jun 13 02:52:58 UTC 2014
  PID USER      PR  NI    VIRT    RES    SHR S  %CPU %MEM     TIME+ COMMAND
 1517 ubuntu    20   0 31.356g 394096  14632 S  72.9  1.3   1:16.13 java
Fri Jun 13 02:52:59 UTC 2014
  PID USER      PR  NI    VIRT    RES    SHR S  %CPU %MEM     TIME+ COMMAND
 1517 ubuntu    20   0 31.356g 396164  14632 S  72.9  1.3   1:17.01 java
Fri Jun 13 02:53:01 UTC 2014
  PID USER      PR  NI    VIRT    RES    SHR S  %CPU %MEM     TIME+ COMMAND
 1517 ubuntu    20   0 31.356g 422772  14632 S  72.8  1.4   1:18.01 java
Fri Jun 13 02:53:02 UTC 2014
  PID USER      PR  NI    VIRT    RES    SHR S  %CPU %MEM     TIME+ COMMAND
 1517 ubuntu    20   0 31.356g 433808  14632 S  59.6  1.4   1:18.80 java
Fri Jun 13 02:53:03 UTC 2014
  PID USER      PR  NI    VIRT    RES    SHR S  %CPU %MEM     TIME+ COMMAND
 1517 ubuntu    20   0 31.356g 435100  14640 S  99.2  1.4   1:19.75 java
Fri Jun 13 02:53:04 UTC 2014
  PID USER      PR  NI    VIRT    RES    SHR S  %CPU %MEM     TIME+ COMMAND
 1517 ubuntu    20   0 31.356g 435088  14640 S  59.7  1.4   1:20.57 java
Fri Jun 13 02:53:05 UTC 2014
  PID USER      PR  NI    VIRT    RES    SHR S  %CPU %MEM     TIME+ COMMAND
 1517 ubuntu    20   0 31.356g 435088  14640 S  59.5  1.4   1:21.37 java
Fri Jun 13 02:53:06 UTC 2014
  PID USER      PR  NI    VIRT    RES    SHR S  %CPU %MEM     TIME+ COMMAND
 1517 ubuntu    20   0 31.356g 430700  14640 S  46.4  1.4   1:22.05 java
Fri Jun 13 02:53:08 UTC 2014
  PID USER      PR  NI    VIRT    RES    SHR S  %CPU %MEM     TIME+ COMMAND
 1517 ubuntu    20   0 31.356g 429164  14640 S  66.2  1.4   1:22.82 java
Fri Jun 13 02:53:09 UTC 2014
  PID USER      PR  NI    VIRT    RES    SHR S  %CPU %MEM     TIME+ COMMAND
 1517 ubuntu    20   0 31.356g 418492  14640 S  66.2  1.4   1:23.69 java
Fri Jun 13 02:53:10 UTC 2014
  PID USER      PR  NI    VIRT    RES    SHR S  %CPU %MEM     TIME+ COMMAND
 1517 ubuntu    20   0 31.356g 418492  14640 S  59.6  1.4   1:24.43 java
Fri Jun 13 02:53:11 UTC 2014
  PID USER      PR  NI    VIRT    RES    SHR S  %CPU %MEM     TIME+ COMMAND
 1517 ubuntu    20   0 31.356g 408232  14640 S 105.8  1.3   1:25.53 java
Fri Jun 13 02:53:12 UTC 2014
  PID USER      PR  NI    VIRT    RES    SHR S  %CPU %MEM     TIME+ COMMAND
 1517 ubuntu    20   0 31.356g 408232  14640 S 132.5  1.3   1:26.69 java
Fri Jun 13 02:53:13 UTC 2014
  PID USER      PR  NI    VIRT    RES    SHR S  %CPU %MEM     TIME+ COMMAND
 1517 ubuntu    20   0 31.356g 399528  14640 S  59.5  1.3   1:27.48 java
Fri Jun 13 02:53:15 UTC 2014
  PID USER      PR  NI    VIRT    RES    SHR S  %CPU %MEM     TIME+ COMMAND
 1517 ubuntu    20   0 31.356g 399528  14640 S  66.3  1.3   1:28.43 java
Fri Jun 13 02:53:16 UTC 2014
  PID USER      PR  NI    VIRT    RES    SHR S  %CPU %MEM     TIME+ COMMAND
 1517 ubuntu    20   0 31.356g 391832  14640 S  72.9  1.3   1:29.24 java
Fri Jun 13 02:53:17 UTC 2014
  PID USER      PR  NI    VIRT    RES    SHR S  %CPU %MEM     TIME+ COMMAND
 1517 ubuntu    20   0 31.356g 391816  14640 S  72.7  1.3   1:30.21 java
Fri Jun 13 02:53:18 UTC 2014
  PID USER      PR  NI    VIRT    RES    SHR S  %CPU %MEM     TIME+ COMMAND
 1517 ubuntu    20   0 31.356g 384896  14640 S  99.3  1.2   1:31.25 java
Fri Jun 13 02:53:19 UTC 2014
  PID USER      PR  NI    VIRT    RES    SHR S  %CPU %MEM     TIME+ COMMAND
 1517 ubuntu    20   0 31.356g 378228  14640 S  72.9  1.2   1:32.06 java
Fri Jun 13 02:53:21 UTC 2014
  PID USER      PR  NI    VIRT    RES    SHR S  %CPU %MEM     TIME+ COMMAND
 1517 ubuntu    20   0 31.356g 378228  14640 S  72.8  1.2   1:32.92 java
Fri Jun 13 02:53:22 UTC 2014
  PID USER      PR  NI    VIRT    RES    SHR S  %CPU %MEM     TIME+ COMMAND
 1517 ubuntu    20   0 31.356g 373604  14640 S  66.3  1.2   1:33.67 java
Fri Jun 13 02:53:23 UTC 2014
  PID USER      PR  NI    VIRT    RES    SHR S  %CPU %MEM     TIME+ COMMAND
 1517 ubuntu    20   0 31.356g 373092  14640 S  66.2  1.2   1:34.50 java
Fri Jun 13 02:53:24 UTC 2014
  PID USER      PR  NI    VIRT    RES    SHR S  %CPU %MEM     TIME+ COMMAND
 1517 ubuntu    20   0 31.356g 368480  14640 S  72.8  1.2   1:35.45 java
Fri Jun 13 02:53:25 UTC 2014
  PID USER      PR  NI    VIRT    RES    SHR S  %CPU %MEM     TIME+ COMMAND
 1517 ubuntu    20   0 31.356g 364640  14640 S  46.4  1.2   1:36.15 java
Fri Jun 13 02:53:26 UTC 2014
  PID USER      PR  NI    VIRT    RES    SHR S  %CPU %MEM     TIME+ COMMAND
 1517 ubuntu    20   0 31.356g 364640  14640 S  33.1  1.2   1:36.72 java
Fri Jun 13 02:53:28 UTC 2014
  PID USER      PR  NI    VIRT    RES    SHR S  %CPU %MEM     TIME+ COMMAND
 1517 ubuntu    20   0 31.356g 361048  14640 S  59.6  1.2   1:37.55 java
Fri Jun 13 02:53:29 UTC 2014
  PID USER      PR  NI    VIRT    RES    SHR S  %CPU %MEM     TIME+ COMMAND
 1517 ubuntu    20   0 31.356g 359256  14640 S  66.3  1.2   1:38.45 java
Fri Jun 13 02:53:30 UTC 2014
  PID USER      PR  NI    VIRT    RES    SHR S  %CPU %MEM     TIME+ COMMAND
 1517 ubuntu    20   0 31.356g 359200  14640 S 112.5  1.2   1:39.47 java
Fri Jun 13 02:53:31 UTC 2014
  PID USER      PR  NI    VIRT    RES    SHR S  %CPU %MEM     TIME+ COMMAND
 1517 ubuntu    20   0 31.356g 358236  14640 S  72.9  1.2   1:40.26 java
Fri Jun 13 02:53:32 UTC 2014
  PID USER      PR  NI    VIRT    RES    SHR S  %CPU %MEM     TIME+ COMMAND
 1517 ubuntu    20   0 31.356g 356184  14640 S  59.6  1.2   1:41.06 java
Fri Jun 13 02:53:33 UTC 2014
  PID USER      PR  NI    VIRT    RES    SHR S  %CPU %MEM     TIME+ COMMAND
 1517 ubuntu    20   0 31.356g 353276  14640 S 112.4  1.1   1:42.15 java
Fri Jun 13 02:53:35 UTC 2014
  PID USER      PR  NI    VIRT    RES    SHR S  %CPU %MEM     TIME+ COMMAND
 1517 ubuntu    20   0 31.356g 352216  14640 S  59.6  1.1   1:42.99 java
Fri Jun 13 02:53:36 UTC 2014
  PID USER      PR  NI    VIRT    RES    SHR S  %CPU %MEM     TIME+ COMMAND
 1517 ubuntu    20   0 31.356g 351904  14640 S  52.9  1.1   1:43.68 java
Fri Jun 13 02:53:37 UTC 2014
  PID USER      PR  NI    VIRT    RES    SHR S  %CPU %MEM     TIME+ COMMAND
 1517 ubuntu    20   0 31.356g 351072  14640 S  52.9  1.1   1:44.64 java
Fri Jun 13 02:53:38 UTC 2014
  PID USER      PR  NI    VIRT    RES    SHR S  %CPU %MEM     TIME+ COMMAND
 1517 ubuntu    20   0 31.356g 350016  14640 S  92.6  1.1   1:45.44 java
Fri Jun 13 02:53:39 UTC 2014
  PID USER      PR  NI    VIRT    RES    SHR S  %CPU %MEM     TIME+ COMMAND
 1517 ubuntu    20   0 31.356g 350436  14640 S  52.9  1.1   1:46.23 java
Fri Jun 13 02:53:41 UTC 2014
  PID USER      PR  NI    VIRT    RES    SHR S  %CPU %MEM     TIME+ COMMAND
 1517 ubuntu    20   0 31.356g 349400  14640 S  46.4  1.1   1:47.06 java
Fri Jun 13 02:53:42 UTC 2014
  PID USER      PR  NI    VIRT    RES    SHR S  %CPU %MEM     TIME+ COMMAND
 1517 ubuntu    20   0 31.356g 348228  14640 S  66.3  1.1   1:47.94 java
Fri Jun 13 02:53:43 UTC 2014
  PID USER      PR  NI    VIRT    RES    SHR S  %CPU %MEM     TIME+ COMMAND
 1517 ubuntu    20   0 31.356g 348060  14640 S  59.6  1.1   1:48.77 java
Fri Jun 13 02:53:44 UTC 2014
  PID USER      PR  NI    VIRT    RES    SHR S  %CPU %MEM     TIME+ COMMAND
 1517 ubuntu    20   0 31.356g 347156  14640 S  79.5  1.1   1:49.61 java
Fri Jun 13 02:53:45 UTC 2014
  PID USER      PR  NI    VIRT    RES    SHR S  %CPU %MEM     TIME+ COMMAND
 1517 ubuntu    20   0 31.356g 346680  14640 S  79.3  1.1   1:50.56 java
Fri Jun 13 02:53:46 UTC 2014
  PID USER      PR  NI    VIRT    RES    SHR S  %CPU %MEM     TIME+ COMMAND
 1517 ubuntu    20   0 31.356g 345756  14640 S  66.3  1.1   1:51.68 java
Fri Jun 13 02:53:48 UTC 2014
  PID USER      PR  NI    VIRT    RES    SHR S  %CPU %MEM     TIME+ COMMAND
 1517 ubuntu    20   0 31.356g 350388  14640 S  59.6  1.1   1:52.69 java
Fri Jun 13 02:53:49 UTC 2014
  PID USER      PR  NI    VIRT    RES    SHR S  %CPU %MEM     TIME+ COMMAND
 1517 ubuntu    20   0 31.356g 348808  14640 S  66.2  1.1   1:53.56 java
Fri Jun 13 02:53:50 UTC 2014
  PID USER      PR  NI    VIRT    RES    SHR S  %CPU %MEM     TIME+ COMMAND
 1517 ubuntu    20   0 31.356g 348076  14640 S 192.2  1.1   1:54.54 java
Fri Jun 13 02:53:51 UTC 2014
  PID USER      PR  NI    VIRT    RES    SHR S  %CPU %MEM     TIME+ COMMAND
 1517 ubuntu    20   0 31.356g 360652  14640 S 125.9  1.2   1:56.34 java
Fri Jun 13 02:53:52 UTC 2014
  PID USER      PR  NI    VIRT    RES    SHR S  %CPU %MEM     TIME+ COMMAND
 1517 ubuntu    20   0 31.356g 400472  14640 S 152.3  1.3   1:58.24 java
Fri Jun 13 02:53:53 UTC 2014
  PID USER      PR  NI    VIRT    RES    SHR S  %CPU %MEM     TIME+ COMMAND
 1517 ubuntu    20   0 31.356g 457192  14640 S 172.2  1.5   2:00.36 java
Fri Jun 13 02:53:55 UTC 2014
  PID USER      PR  NI    VIRT    RES    SHR S  %CPU %MEM     TIME+ COMMAND
 1517 ubuntu    20   0 31.356g 503036  14640 S 145.7  1.6   2:02.25 java
Fri Jun 13 02:53:56 UTC 2014
  PID USER      PR  NI    VIRT    RES    SHR S  %CPU %MEM     TIME+ COMMAND
 1517 ubuntu    20   0 31.356g 524444  14640 S 119.0  1.7   2:04.00 java
Fri Jun 13 02:53:57 UTC 2014
  PID USER      PR  NI    VIRT    RES    SHR S  %CPU %MEM     TIME+ COMMAND
 1517 ubuntu    20   0 31.356g 580728  14640 S 145.8  1.9   2:05.75 java
Fri Jun 13 02:53:58 UTC 2014
  PID USER      PR  NI    VIRT    RES    SHR S  %CPU %MEM     TIME+ COMMAND
 1517 ubuntu    20   0 31.356g 613604  14640 S 185.5  2.0   2:07.91 java
Fri Jun 13 02:53:59 UTC 2014
  PID USER      PR  NI    VIRT    RES    SHR S  %CPU %MEM     TIME+ COMMAND
 1517 ubuntu    20   0 31.356g 643644  14640 S  66.3  2.1   2:09.38 java
Fri Jun 13 02:54:01 UTC 2014
  PID USER      PR  NI    VIRT    RES    SHR S  %CPU %MEM     TIME+ COMMAND
 1517 ubuntu    20   0 31.356g 652804  14640 S  99.2  2.1   2:10.38 java
Fri Jun 13 02:54:02 UTC 2014
  PID USER      PR  NI    VIRT    RES    SHR S  %CPU %MEM     TIME+ COMMAND
 1517 ubuntu    20   0 31.356g 674948  14640 S  99.4  2.2   2:11.29 java
Fri Jun 13 02:54:03 UTC 2014
  PID USER      PR  NI    VIRT    RES    SHR S  %CPU %MEM     TIME+ COMMAND
 1517 ubuntu    20   0 31.356g 675024  14640 S  86.2  2.2   2:12.43 java
Fri Jun 13 02:54:04 UTC 2014
  PID USER      PR  NI    VIRT    RES    SHR S  %CPU %MEM     TIME+ COMMAND
 1517 ubuntu    20   0 31.356g 690416  14640 S  86.2  2.2   2:13.36 java
Fri Jun 13 02:54:05 UTC 2014
  PID USER      PR  NI    VIRT    RES    SHR S  %CPU %MEM     TIME+ COMMAND
 1517 ubuntu    20   0 31.356g 690416  14640 S 105.9  2.2   2:14.56 java
Fri Jun 13 02:54:06 UTC 2014
  PID USER      PR  NI    VIRT    RES    SHR S  %CPU %MEM     TIME+ COMMAND
 1517 ubuntu    20   0 31.356g 739184  14644 S 145.7  2.4   2:15.95 java
Fri Jun 13 02:54:08 UTC 2014
  PID USER      PR  NI    VIRT    RES    SHR S  %CPU %MEM     TIME+ COMMAND
 1517 ubuntu    20   0 31.356g 739184  14644 S 112.4  2.4   2:17.52 java
Fri Jun 13 02:54:09 UTC 2014
  PID USER      PR  NI    VIRT    RES    SHR S  %CPU %MEM     TIME+ COMMAND
 1517 ubuntu    20   0 31.356g 749444  14644 S 119.3  2.4   2:19.21 java
Fri Jun 13 02:54:10 UTC 2014
  PID USER      PR  NI    VIRT    RES    SHR S  %CPU %MEM     TIME+ COMMAND
 1517 ubuntu    20   0 31.356g 749512  14644 S  79.5  2.4   2:20.77 java
Fri Jun 13 02:54:11 UTC 2014
  PID USER      PR  NI    VIRT    RES    SHR S  %CPU %MEM     TIME+ COMMAND
 1517 ubuntu    20   0 31.356g 781612  14644 S 192.0  2.5   2:22.14 java
Fri Jun 13 02:54:12 UTC 2014
  PID USER      PR  NI    VIRT    RES    SHR S  %CPU %MEM     TIME+ COMMAND
 1517 ubuntu    20   0 31.356g 830628  14644 S  99.2  2.7   2:23.47 java
Fri Jun 13 02:54:13 UTC 2014
  PID USER      PR  NI    VIRT    RES    SHR S  %CPU %MEM     TIME+ COMMAND
 1517 ubuntu    20   0 31.356g 830628  14644 S 132.5  2.7   2:25.02 java
Fri Jun 13 02:54:15 UTC 2014
  PID USER      PR  NI    VIRT    RES    SHR S  %CPU %MEM     TIME+ COMMAND
 1517 ubuntu    20   0 31.356g 852332  14644 S  86.0  2.8   2:26.28 java
Fri Jun 13 02:54:16 UTC 2014
  PID USER      PR  NI    VIRT    RES    SHR S  %CPU %MEM     TIME+ COMMAND
 1517 ubuntu    20   0 31.356g 852332  14644 S  59.6  2.8   2:27.54 java
Fri Jun 13 02:54:17 UTC 2014
  PID USER      PR  NI    VIRT    RES    SHR S  %CPU %MEM     TIME+ COMMAND
 1517 ubuntu    20   0 31.356g 852332  14644 S  92.6  2.8   2:28.44 java
Fri Jun 13 02:54:18 UTC 2014
  PID USER      PR  NI    VIRT    RES    SHR S  %CPU %MEM     TIME+ COMMAND
 1517 ubuntu    20   0 31.356g 865868  14644 S  79.4  2.8   2:29.68 java
Fri Jun 13 02:54:19 UTC 2014
  PID USER      PR  NI    VIRT    RES    SHR S  %CPU %MEM     TIME+ COMMAND
 1517 ubuntu    20   0 31.356g 867100  14644 S  86.2  2.8   2:30.82 java
Fri Jun 13 02:54:21 UTC 2014
  PID USER      PR  NI    VIRT    RES    SHR S  %CPU %MEM     TIME+ COMMAND
 1517 ubuntu    20   0 31.356g 867100  14644 S  79.5  2.8   2:31.84 java
Fri Jun 13 02:54:22 UTC 2014
  PID USER      PR  NI    VIRT    RES    SHR S  %CPU %MEM     TIME+ COMMAND
 1517 ubuntu    20   0 31.356g 894384  14644 S 112.4  2.9   2:32.94 java
Fri Jun 13 02:54:23 UTC 2014
  PID USER      PR  NI    VIRT    RES    SHR S  %CPU %MEM     TIME+ COMMAND
 1517 ubuntu    20   0 31.356g 894648  14644 S 125.6  2.9   2:34.22 java
Fri Jun 13 02:54:24 UTC 2014
  PID USER      PR  NI    VIRT    RES    SHR S  %CPU %MEM     TIME+ COMMAND
 1517 ubuntu    20   0 31.356g 886424  14644 S  72.9  2.9   2:35.36 java
Fri Jun 13 02:54:25 UTC 2014
  PID USER      PR  NI    VIRT    RES    SHR S  %CPU %MEM     TIME+ COMMAND
 1517 ubuntu    20   0 31.356g 886424  14644 S 132.4  2.9   2:36.59 java
Fri Jun 13 02:54:26 UTC 2014
  PID USER      PR  NI    VIRT    RES    SHR S  %CPU %MEM     TIME+ COMMAND
 1517 ubuntu    20   0 31.356g 886424  14644 S  79.4  2.9   2:37.40 java
Fri Jun 13 02:54:28 UTC 2014
  PID USER      PR  NI    VIRT    RES    SHR S  %CPU %MEM     TIME+ COMMAND
 1517 ubuntu    20   0 31.356g 882408  14644 S  92.8  2.9   2:38.69 java
Fri Jun 13 02:54:29 UTC 2014
  PID USER      PR  NI    VIRT    RES    SHR S  %CPU %MEM     TIME+ COMMAND
 1517 ubuntu    20   0 31.356g 882408  14644 S  46.4  2.9   2:39.44 java
Fri Jun 13 02:54:30 UTC 2014
  PID USER      PR  NI    VIRT    RES    SHR S  %CPU %MEM     TIME+ COMMAND
 1517 ubuntu    20   0 31.356g 882408  14644 S  19.9  2.9   2:39.59 java
Fri Jun 13 02:54:31 UTC 2014
  PID USER      PR  NI    VIRT    RES    SHR S  %CPU %MEM     TIME+ COMMAND
 1517 ubuntu    20   0 31.356g 882668  14644 S  13.3  2.9   2:40.08 java
Fri Jun 13 02:54:32 UTC 2014
  PID USER      PR  NI    VIRT    RES    SHR S  %CPU %MEM     TIME+ COMMAND
 1517 ubuntu    20   0 31.356g 882668  14644 S  13.3  2.9   2:40.25 java
Fri Jun 13 02:54:33 UTC 2014
  PID USER      PR  NI    VIRT    RES    SHR S  %CPU %MEM     TIME+ COMMAND
 1517 ubuntu    20   0 31.356g 870008  14644 S 132.4  2.8   2:41.68 java
Fri Jun 13 02:54:35 UTC 2014
  PID USER      PR  NI    VIRT    RES    SHR S  %CPU %MEM     TIME+ COMMAND
 1517 ubuntu    20   0 31.356g 873340  14644 S  92.6  2.8   2:43.32 java
Fri Jun 13 02:54:36 UTC 2014
  PID USER      PR  NI    VIRT    RES    SHR S  %CPU %MEM     TIME+ COMMAND
 1517 ubuntu    20   0 31.356g 873340  14644 S  19.9  2.8   2:43.55 java
Fri Jun 13 02:54:37 UTC 2014
  PID USER      PR  NI    VIRT    RES    SHR S  %CPU %MEM     TIME+ COMMAND
 1517 ubuntu    20   0 31.356g 870092  14644 S  46.4  2.8   2:43.70 java
Fri Jun 13 02:54:38 UTC 2014
  PID USER      PR  NI    VIRT    RES    SHR S  %CPU %MEM     TIME+ COMMAND
 1517 ubuntu    20   0 31.356g 870092  14644 S   6.6  2.8   2:43.87 java
Fri Jun 13 02:54:39 UTC 2014
  PID USER      PR  NI    VIRT    RES    SHR S  %CPU %MEM     TIME+ COMMAND
 1517 ubuntu    20   0 31.356g 870092  14644 S  19.9  2.8   2:43.99 java
Fri Jun 13 02:54:40 UTC 2014
  PID USER      PR  NI    VIRT    RES    SHR S  %CPU %MEM     TIME+ COMMAND
 1517 ubuntu    20   0 31.356g 870092  14644 S  13.3  2.8   2:44.21 java
Fri Jun 13 02:54:42 UTC 2014
  PID USER      PR  NI    VIRT    RES    SHR S  %CPU %MEM     TIME+ COMMAND
 1517 ubuntu    20   0 31.356g 870180  14644 S  33.1  2.8   2:44.54 java
Fri Jun 13 02:54:43 UTC 2014
  PID USER      PR  NI    VIRT    RES    SHR S  %CPU %MEM     TIME+ COMMAND
 1517 ubuntu    20   0 31.356g 870180  14644 S  19.9  2.8   2:44.91 java
Fri Jun 13 02:54:44 UTC 2014
  PID USER      PR  NI    VIRT    RES    SHR S  %CPU %MEM     TIME+ COMMAND
 1517 ubuntu    20   0 31.356g 870180  14644 S  13.3  2.8   2:45.15 java
Fri Jun 13 02:54:45 UTC 2014
  PID USER      PR  NI    VIRT    RES    SHR S  %CPU %MEM     TIME+ COMMAND
 1517 ubuntu    20   0 31.356g 870180  14644 S   6.6  2.8   2:45.28 java
Fri Jun 13 02:54:46 UTC 2014
  PID USER      PR  NI    VIRT    RES    SHR S  %CPU %MEM     TIME+ COMMAND
 1517 ubuntu    20   0 31.356g 870180  14644 S   0.0  2.8   2:45.30 java
Fri Jun 13 02:54:48 UTC 2014
  PID USER      PR  NI    VIRT    RES    SHR S  %CPU %MEM     TIME+ COMMAND
 1517 ubuntu    20   0 31.356g 870180  14644 S   0.0  2.8   2:45.32 java
Fri Jun 13 02:54:49 UTC 2014
  PID USER      PR  NI    VIRT    RES    SHR S  %CPU %MEM     TIME+ COMMAND
 1517 ubuntu    20   0 31.356g 870180  14644 S   0.0  2.8   2:45.36 java
Fri Jun 13 02:54:50 UTC 2014
  PID USER      PR  NI    VIRT    RES    SHR S  %CPU %MEM     TIME+ COMMAND
 1517 ubuntu    20   0 31.356g 870304  14644 S 238.5  2.8   2:46.22 java
Fri Jun 13 02:54:51 UTC 2014
  PID USER      PR  NI    VIRT    RES    SHR S  %CPU %MEM     TIME+ COMMAND
 1517 ubuntu    20   0 31.356g 886548  14644 S  92.7  2.9   2:47.97 java
Fri Jun 13 02:54:52 UTC 2014
  PID USER      PR  NI    VIRT    RES    SHR S  %CPU %MEM     TIME+ COMMAND
 1517 ubuntu    20   0 31.356g 905852  14644 S  72.9  2.9   2:49.15 java
Fri Jun 13 02:54:53 UTC 2014
  PID USER      PR  NI    VIRT    RES    SHR S  %CPU %MEM     TIME+ COMMAND
 1517 ubuntu    20   0 31.356g 937356  14644 S  59.6  3.0   2:49.92 java
Fri Jun 13 02:54:55 UTC 2014
  PID USER      PR  NI    VIRT    RES    SHR S  %CPU %MEM     TIME+ COMMAND
 1517 ubuntu    20   0 31.356g 940352  14644 S  72.9  3.1   2:50.65 java
Fri Jun 13 02:54:56 UTC 2014
  PID USER      PR  NI    VIRT    RES    SHR S  %CPU %MEM     TIME+ COMMAND
 1517 ubuntu    20   0 31.356g 940352  14644 S  86.0  3.1   2:51.53 java
Fri Jun 13 02:54:57 UTC 2014
  PID USER      PR  NI    VIRT    RES    SHR S  %CPU %MEM     TIME+ COMMAND
 1517 ubuntu    20   0 31.356g 982736  14644 S 145.5  3.2   2:52.41 java
Fri Jun 13 02:54:58 UTC 2014
  PID USER      PR  NI    VIRT    RES    SHR S  %CPU %MEM     TIME+ COMMAND
 1517 ubuntu    20   0 31.356g 983000  14644 S   0.0  3.2   2:52.79 java
Fri Jun 13 02:54:59 UTC 2014
  PID USER      PR  NI    VIRT    RES    SHR S  %CPU %MEM     TIME+ COMMAND
 1517 ubuntu    20   0 31.356g 983000  14644 S   0.0  3.2   2:52.88 java
Fri Jun 13 02:55:00 UTC 2014
  PID USER      PR  NI    VIRT    RES    SHR S  %CPU %MEM     TIME+ COMMAND
 1517 ubuntu    20   0 31.356g 983056  14644 S   0.0  3.2   2:52.99 java
Fri Jun 13 02:55:02 UTC 2014
  PID USER      PR  NI    VIRT    RES    SHR S  %CPU %MEM     TIME+ COMMAND
 1517 ubuntu    20   0 31.356g 983056  14644 S  13.2  3.2   2:53.10 java
Fri Jun 13 02:55:03 UTC 2014
  PID USER      PR  NI    VIRT    RES    SHR S  %CPU %MEM     TIME+ COMMAND
 1517 ubuntu    20   0 31.356g 983056  14644 S   0.0  3.2   2:53.11 java
Fri Jun 13 02:55:04 UTC 2014
  PID USER      PR  NI    VIRT    RES    SHR S  %CPU %MEM     TIME+ COMMAND
 1517 ubuntu    20   0 31.356g 983056  14644 S   0.0  3.2   2:53.13 java
Fri Jun 13 02:55:05 UTC 2014
  PID USER      PR  NI    VIRT    RES    SHR S  %CPU %MEM     TIME+ COMMAND
 1517 ubuntu    20   0 31.356g 983056  14644 S  13.3  3.2   2:53.16 java
Fri Jun 13 02:55:06 UTC 2014
  PID USER      PR  NI    VIRT    RES    SHR S  %CPU %MEM     TIME+ COMMAND
 1517 ubuntu    20   0 31.356g 983056  14644 S  53.0  3.2   2:53.39 java
Fri Jun 13 02:55:08 UTC 2014
  PID USER      PR  NI    VIRT    RES    SHR S  %CPU %MEM     TIME+ COMMAND
 1517 ubuntu    20   0 31.356g 983056  14644 S   0.0  3.2   2:53.54 java
Fri Jun 13 02:55:09 UTC 2014
  PID USER      PR  NI    VIRT    RES    SHR S  %CPU %MEM     TIME+ COMMAND
 1517 ubuntu    20   0 31.356g 983056  14644 S   0.0  3.2   2:53.64 java
Fri Jun 13 02:55:10 UTC 2014
  PID USER      PR  NI    VIRT    RES    SHR S  %CPU %MEM     TIME+ COMMAND
 1517 ubuntu    20   0 31.356g 983056  14644 S   0.0  3.2   2:53.66 java
Fri Jun 13 02:55:11 UTC 2014
  PID USER      PR  NI    VIRT    RES    SHR S  %CPU %MEM     TIME+ COMMAND
 1517 ubuntu    20   0 31.356g 983056  14644 S 139.2  3.2   2:53.90 java
Fri Jun 13 02:55:12 UTC 2014
  PID USER      PR  NI    VIRT    RES    SHR S  %CPU %MEM     TIME+ COMMAND
 1517 ubuntu    20   0 31.356g 983056  14644 S   0.0  3.2   2:54.07 java
Fri Jun 13 02:55:13 UTC 2014
  PID USER      PR  NI    VIRT    RES    SHR S  %CPU %MEM     TIME+ COMMAND
 1517 ubuntu    20   0 31.356g 983316  14644 S  72.9  3.2   2:54.57 java
Fri Jun 13 02:55:15 UTC 2014
  PID USER      PR  NI    VIRT    RES    SHR S  %CPU %MEM     TIME+ COMMAND
 1517 ubuntu    20   0 31.356g 983316  14644 S  46.4  3.2   2:55.34 java
Fri Jun 13 02:55:16 UTC 2014
  PID USER      PR  NI    VIRT    RES    SHR S  %CPU %MEM     TIME+ COMMAND
 1517 ubuntu    20   0 31.356g 983316  14644 S   0.0  3.2   2:55.35 java
Fri Jun 13 02:55:17 UTC 2014
  PID USER      PR  NI    VIRT    RES    SHR S  %CPU %MEM     TIME+ COMMAND
 1517 ubuntu    20   0 31.356g 983316  14644 S   0.0  3.2   2:55.36 java
Fri Jun 13 02:55:18 UTC 2014
  PID USER      PR  NI    VIRT    RES    SHR S  %CPU %MEM     TIME+ COMMAND
 1517 ubuntu    20   0 31.356g 983316  14644 S   6.6  3.2   2:55.42 java
Fri Jun 13 02:55:19 UTC 2014
  PID USER      PR  NI    VIRT    RES    SHR S  %CPU %MEM     TIME+ COMMAND
 1517 ubuntu    20   0 31.356g 983316  14644 S   0.0  3.2   2:55.43 java
Fri Jun 13 02:55:20 UTC 2014
  PID USER      PR  NI    VIRT    RES    SHR S  %CPU %MEM     TIME+ COMMAND
 1517 ubuntu    20   0 31.356g 983940  14660 S   0.0  3.2   2:55.75 java
Fri Jun 13 02:55:22 UTC 2014
  PID USER      PR  NI    VIRT    RES    SHR S  %CPU %MEM     TIME+ COMMAND
 1517 ubuntu    20   0 31.356g 983940  14660 S   0.0  3.2   2:56.13 java
Fri Jun 13 02:55:23 UTC 2014
  PID USER      PR  NI    VIRT    RES    SHR S  %CPU %MEM     TIME+ COMMAND
 1517 ubuntu    20   0 31.356g 983940  14660 S   0.0  3.2   2:56.13 java
Fri Jun 13 02:55:24 UTC 2014
  PID USER      PR  NI    VIRT    RES    SHR S  %CPU %MEM     TIME+ COMMAND
 1517 ubuntu    20   0 31.356g 983940  14660 S   0.0  3.2   2:56.14 java
Fri Jun 13 02:55:25 UTC 2014
  PID USER      PR  NI    VIRT    RES    SHR S  %CPU %MEM     TIME+ COMMAND
 1517 ubuntu    20   0 31.356g 983940  14660 S   0.0  3.2   2:56.16 java
Fri Jun 13 02:55:26 UTC 2014
  PID USER      PR  NI    VIRT    RES    SHR S  %CPU %MEM     TIME+ COMMAND
 1517 ubuntu    20   0 31.356g 983940  14660 S   0.0  3.2   2:56.17 java
Fri Jun 13 02:55:27 UTC 2014
  PID USER      PR  NI    VIRT    RES    SHR S  %CPU %MEM     TIME+ COMMAND
 1517 ubuntu    20   0 31.356g 983940  14660 S   6.6  3.2   2:56.23 java
Fri Jun 13 02:55:29 UTC 2014
  PID USER      PR  NI    VIRT    RES    SHR S  %CPU %MEM     TIME+ COMMAND
 1517 ubuntu    20   0 31.356g 983940  14660 S   0.0  3.2   2:56.27 java
Fri Jun 13 02:55:30 UTC 2014
  PID USER      PR  NI    VIRT    RES    SHR S  %CPU %MEM     TIME+ COMMAND
 1517 ubuntu    20   0 31.356g 983940  14660 S   0.0  3.2   2:56.28 java
Fri Jun 13 02:55:31 UTC 2014
  PID USER      PR  NI    VIRT    RES    SHR S  %CPU %MEM     TIME+ COMMAND
 1517 ubuntu    20   0 31.356g 983940  14660 S   0.0  3.2   2:56.31 java
Fri Jun 13 02:55:32 UTC 2014
  PID USER      PR  NI    VIRT    RES    SHR S  %CPU %MEM     TIME+ COMMAND
 1517 ubuntu    20   0 31.356g 983940  14660 S   0.0  3.2   2:56.31 java
Fri Jun 13 02:55:33 UTC 2014
  PID USER      PR  NI    VIRT    RES    SHR S  %CPU %MEM     TIME+ COMMAND
 1517 ubuntu    20   0 31.356g 983940  14660 S   0.0  3.2   2:56.34 java
Fri Jun 13 02:55:35 UTC 2014
  PID USER      PR  NI    VIRT    RES    SHR S  %CPU %MEM     TIME+ COMMAND
 1517 ubuntu    20   0 31.356g 983940  14660 S   0.0  3.2   2:56.36 java
Fri Jun 13 02:55:36 UTC 2014
  PID USER      PR  NI    VIRT    RES    SHR S  %CPU %MEM     TIME+ COMMAND
 1517 ubuntu    20   0 31.356g 983940  14660 S   0.0  3.2   2:56.38 java
Fri Jun 13 02:55:37 UTC 2014
  PID USER      PR  NI    VIRT    RES    SHR S  %CPU %MEM     TIME+ COMMAND
 1517 ubuntu    20   0 31.356g 983940  14660 S   0.0  3.2   2:56.38 java
Fri Jun 13 02:55:38 UTC 2014
  PID USER      PR  NI    VIRT    RES    SHR S  %CPU %MEM     TIME+ COMMAND
 1517 ubuntu    20   0 31.356g 983940  14660 S   0.0  3.2   2:56.40 java
Fri Jun 13 02:55:39 UTC 2014
  PID USER      PR  NI    VIRT    RES    SHR S  %CPU %MEM     TIME+ COMMAND
 1517 ubuntu    20   0 31.356g 983940  14660 S   6.6  3.2   2:56.43 java
Fri Jun 13 02:55:40 UTC 2014
  PID USER      PR  NI    VIRT    RES    SHR S  %CPU %MEM     TIME+ COMMAND
 1517 ubuntu    20   0 31.356g 983940  14660 S   6.6  3.2   2:56.47 java
Fri Jun 13 02:55:42 UTC 2014
  PID USER      PR  NI    VIRT    RES    SHR S  %CPU %MEM     TIME+ COMMAND
 1517 ubuntu    20   0 31.356g 983940  14660 S   0.0  3.2   2:56.47 java
Fri Jun 13 02:55:43 UTC 2014
  PID USER      PR  NI    VIRT    RES    SHR S  %CPU %MEM     TIME+ COMMAND
 1517 ubuntu    20   0 31.356g 983940  14660 S   0.0  3.2   2:56.49 java
Fri Jun 13 02:55:44 UTC 2014
  PID USER      PR  NI    VIRT    RES    SHR S  %CPU %MEM     TIME+ COMMAND
 1517 ubuntu    20   0 31.356g 983940  14660 S   0.0  3.2   2:56.50 java
Fri Jun 13 02:55:45 UTC 2014
  PID USER      PR  NI    VIRT    RES    SHR S  %CPU %MEM     TIME+ COMMAND
 1517 ubuntu    20   0 31.356g 983940  14660 S   0.0  3.2   2:56.52 java
Fri Jun 13 02:55:46 UTC 2014
  PID USER      PR  NI    VIRT    RES    SHR S  %CPU %MEM     TIME+ COMMAND
 1517 ubuntu    20   0 31.356g 983940  14660 S   0.0  3.2   2:56.53 java
Fri Jun 13 02:55:47 UTC 2014
  PID USER      PR  NI    VIRT    RES    SHR S  %CPU %MEM     TIME+ COMMAND
 1517 ubuntu    20   0 31.356g 983940  14660 S   6.6  3.2   2:56.55 java
Fri Jun 13 02:55:49 UTC 2014
  PID USER      PR  NI    VIRT    RES    SHR S  %CPU %MEM     TIME+ COMMAND
 1517 ubuntu    20   0 31.356g 983940  14660 S   0.0  3.2   2:56.56 java
Fri Jun 13 02:55:50 UTC 2014
  PID USER      PR  NI    VIRT    RES    SHR S  %CPU %MEM     TIME+ COMMAND
 1517 ubuntu    20   0 31.356g 983940  14660 S   6.6  3.2   2:56.58 java
Fri Jun 13 02:55:51 UTC 2014
  PID USER      PR  NI    VIRT    RES    SHR S  %CPU %MEM     TIME+ COMMAND
 1517 ubuntu    20   0 31.356g 983944  14660 S   0.0  3.2   2:56.61 java
Fri Jun 13 02:55:52 UTC 2014
  PID USER      PR  NI    VIRT    RES    SHR S  %CPU %MEM     TIME+ COMMAND
 1517 ubuntu    20   0 31.356g 983944  14660 S   0.0  3.2   2:56.62 java
Fri Jun 13 02:55:53 UTC 2014
  PID USER      PR  NI    VIRT    RES    SHR S  %CPU %MEM     TIME+ COMMAND
 1517 ubuntu    20   0 31.356g 983944  14660 S   6.6  3.2   2:56.64 java
Fri Jun 13 02:55:54 UTC 2014
  PID USER      PR  NI    VIRT    RES    SHR S  %CPU %MEM     TIME+ COMMAND
 1517 ubuntu    20   0 31.356g 983944  14660 S   0.0  3.2   2:56.65 java
Fri Jun 13 02:55:56 UTC 2014
  PID USER      PR  NI    VIRT    RES    SHR S  %CPU %MEM     TIME+ COMMAND
 1517 ubuntu    20   0 31.356g 983944  14660 S   0.0  3.2   2:56.66 java
Fri Jun 13 02:55:57 UTC 2014
  PID USER      PR  NI    VIRT    RES    SHR S  %CPU %MEM     TIME+ COMMAND
 1517 ubuntu    20   0 31.356g 983944  14660 S   0.0  3.2   2:56.68 java
Fri Jun 13 02:55:58 UTC 2014
  PID USER      PR  NI    VIRT    RES    SHR S  %CPU %MEM     TIME+ COMMAND
 1517 ubuntu    20   0 31.356g 983944  14660 S   0.0  3.2   2:56.70 java
Fri Jun 13 02:55:59 UTC 2014
  PID USER      PR  NI    VIRT    RES    SHR S  %CPU %MEM     TIME+ COMMAND
 1517 ubuntu    20   0 31.356g 983944  14660 S   0.0  3.2   2:56.70 java
Fri Jun 13 02:56:00 UTC 2014
  PID USER      PR  NI    VIRT    RES    SHR S  %CPU %MEM     TIME+ COMMAND
 1517 ubuntu    20   0 31.356g 983944  14660 S   0.0  3.2   2:56.72 java
Fri Jun 13 02:56:02 UTC 2014
  PID USER      PR  NI    VIRT    RES    SHR S  %CPU %MEM     TIME+ COMMAND
 1517 ubuntu    20   0 31.356g 983944  14660 S   0.0  3.2   2:56.73 java
Fri Jun 13 02:56:03 UTC 2014
  PID USER      PR  NI    VIRT    RES    SHR S  %CPU %MEM     TIME+ COMMAND
 1517 ubuntu    20   0 31.356g 983944  14660 S   0.0  3.2   2:56.74 java
Fri Jun 13 02:56:04 UTC 2014
  PID USER      PR  NI    VIRT    RES    SHR S  %CPU %MEM     TIME+ COMMAND
 1517 ubuntu    20   0 31.356g 983944  14660 S   0.0  3.2   2:56.75 java
Fri Jun 13 02:56:05 UTC 2014
  PID USER      PR  NI    VIRT    RES    SHR S  %CPU %MEM     TIME+ COMMAND
 1517 ubuntu    20   0 31.356g 983944  14660 S   0.0  3.2   2:56.76 java
Fri Jun 13 02:56:06 UTC 2014
  PID USER      PR  NI    VIRT    RES    SHR S  %CPU %MEM     TIME+ COMMAND
 1517 ubuntu    20   0 31.356g 983944  14660 S   0.0  3.2   2:56.77 java
Fri Jun 13 02:56:07 UTC 2014
  PID USER      PR  NI    VIRT    RES    SHR S  %CPU %MEM     TIME+ COMMAND
 1517 ubuntu    20   0 31.356g 983944  14660 S   0.0  3.2   2:56.79 java
Fri Jun 13 02:56:09 UTC 2014
  PID USER      PR  NI    VIRT    RES    SHR S  %CPU %MEM     TIME+ COMMAND
 1517 ubuntu    20   0 31.356g 983944  14660 S   0.0  3.2   2:56.80 java
Fri Jun 13 02:56:10 UTC 2014
  PID USER      PR  NI    VIRT    RES    SHR S  %CPU %MEM     TIME+ COMMAND
 1517 ubuntu    20   0 31.356g 983944  14660 S   0.0  3.2   2:56.81 java
Fri Jun 13 02:56:11 UTC 2014
  PID USER      PR  NI    VIRT    RES    SHR S  %CPU %MEM     TIME+ COMMAND
 1517 ubuntu    20   0 31.356g 984092  14660 S   0.0  3.2   2:56.83 java
Fri Jun 13 02:56:12 UTC 2014
  PID USER      PR  NI    VIRT    RES    SHR S  %CPU %MEM     TIME+ COMMAND
 1517 ubuntu    20   0 31.356g 984092  14660 S   0.0  3.2   2:56.84 java
Fri Jun 13 02:56:13 UTC 2014
  PID USER      PR  NI    VIRT    RES    SHR S  %CPU %MEM     TIME+ COMMAND
 1517 ubuntu    20   0 31.356g 984092  14660 S   0.0  3.2   2:57.18 java
Fri Jun 13 02:56:14 UTC 2014
  PID USER      PR  NI    VIRT    RES    SHR S  %CPU %MEM     TIME+ COMMAND
 1517 ubuntu    20   0 31.356g 984376  14660 S   0.0  3.2   2:57.19 java
Fri Jun 13 02:56:16 UTC 2014
  PID USER      PR  NI    VIRT    RES    SHR S  %CPU %MEM     TIME+ COMMAND
 1517 ubuntu    20   0 31.356g 984376  14660 S   0.0  3.2   2:57.20 java
Fri Jun 13 02:56:17 UTC 2014
  PID USER      PR  NI    VIRT    RES    SHR S  %CPU %MEM     TIME+ COMMAND
 1517 ubuntu    20   0 31.356g 984376  14660 S   6.6  3.2   2:57.22 java
Fri Jun 13 02:56:18 UTC 2014
  PID USER      PR  NI    VIRT    RES    SHR S  %CPU %MEM     TIME+ COMMAND
 1517 ubuntu    20   0 31.356g 984376  14660 S   0.0  3.2   2:57.23 java
Fri Jun 13 02:56:19 UTC 2014
  PID USER      PR  NI    VIRT    RES    SHR S  %CPU %MEM     TIME+ COMMAND
 1517 ubuntu    20   0 31.356g 984376  14660 S   0.0  3.2   2:57.25 java
Fri Jun 13 02:56:20 UTC 2014
  PID USER      PR  NI    VIRT    RES    SHR S  %CPU %MEM     TIME+ COMMAND
 1517 ubuntu    20   0 31.356g 984376  14660 S   0.0  3.2   2:57.26 java
Fri Jun 13 02:56:21 UTC 2014
  PID USER      PR  NI    VIRT    RES    SHR S  %CPU %MEM     TIME+ COMMAND
 1517 ubuntu    20   0 31.356g 984376  14660 S   0.0  3.2   2:57.26 java
Fri Jun 13 02:56:23 UTC 2014
  PID USER      PR  NI    VIRT    RES    SHR S  %CPU %MEM     TIME+ COMMAND
 1517 ubuntu    20   0 31.356g 984376  14660 S   0.0  3.2   2:57.28 java
Fri Jun 13 02:56:24 UTC 2014
  PID USER      PR  NI    VIRT    RES    SHR S  %CPU %MEM     TIME+ COMMAND
 1517 ubuntu    20   0 31.356g 984376  14660 S   0.0  3.2   2:57.29 java
Fri Jun 13 02:56:25 UTC 2014
  PID USER      PR  NI    VIRT    RES    SHR S  %CPU %MEM     TIME+ COMMAND
 1517 ubuntu    20   0 31.356g 984376  14660 S   0.0  3.2   2:57.30 java
Fri Jun 13 02:56:26 UTC 2014
  PID USER      PR  NI    VIRT    RES    SHR S  %CPU %MEM     TIME+ COMMAND
 1517 ubuntu    20   0 31.356g 984376  14660 S   6.6  3.2   2:57.31 java
Fri Jun 13 02:56:27 UTC 2014
  PID USER      PR  NI    VIRT    RES    SHR S  %CPU %MEM     TIME+ COMMAND
 1517 ubuntu    20   0 31.356g 984376  14660 S   6.6  3.2   2:57.33 java
Fri Jun 13 02:56:28 UTC 2014
  PID USER      PR  NI    VIRT    RES    SHR S  %CPU %MEM     TIME+ COMMAND
 1517 ubuntu    20   0 31.356g 984376  14660 S   0.0  3.2   2:57.34 java
Fri Jun 13 02:56:30 UTC 2014
  PID USER      PR  NI    VIRT    RES    SHR S  %CPU %MEM     TIME+ COMMAND
 1517 ubuntu    20   0 31.356g 984376  14660 S   6.6  3.2   2:57.35 java
Fri Jun 13 02:56:31 UTC 2014
  PID USER      PR  NI    VIRT    RES    SHR S  %CPU %MEM     TIME+ COMMAND
 1517 ubuntu    20   0 31.356g 984376  14660 S   0.0  3.2   2:57.36 java
Fri Jun 13 02:56:32 UTC 2014
  PID USER      PR  NI    VIRT    RES    SHR S  %CPU %MEM     TIME+ COMMAND
 1517 ubuntu    20   0 31.356g 984376  14660 S   0.0  3.2   2:57.37 java
Fri Jun 13 02:56:33 UTC 2014
  PID USER      PR  NI    VIRT    RES    SHR S  %CPU %MEM     TIME+ COMMAND
 1517 ubuntu    20   0 31.356g 984588  14660 S   0.0  3.2   2:57.38 java
Fri Jun 13 02:56:34 UTC 2014
  PID USER      PR  NI    VIRT    RES    SHR S  %CPU %MEM     TIME+ COMMAND
 1517 ubuntu    20   0 31.356g 984588  14660 S   0.0  3.2   2:57.40 java
Fri Jun 13 02:56:36 UTC 2014
  PID USER      PR  NI    VIRT    RES    SHR S  %CPU %MEM     TIME+ COMMAND
 1517 ubuntu    20   0 31.356g 984588  14660 S   6.6  3.2   2:57.41 java
Fri Jun 13 02:56:37 UTC 2014
  PID USER      PR  NI    VIRT    RES    SHR S  %CPU %MEM     TIME+ COMMAND
 1517 ubuntu    20   0 31.356g 984588  14660 S   0.0  3.2   2:57.41 java
Fri Jun 13 02:56:38 UTC 2014
  PID USER      PR  NI    VIRT    RES    SHR S  %CPU %MEM     TIME+ COMMAND
 1517 ubuntu    20   0 31.356g 984588  14660 S   0.0  3.2   2:57.43 java
Fri Jun 13 02:56:39 UTC 2014
  PID USER      PR  NI    VIRT    RES    SHR S  %CPU %MEM     TIME+ COMMAND
 1517 ubuntu    20   0 31.356g 984588  14660 S   0.0  3.2   2:57.44 java
Fri Jun 13 02:56:40 UTC 2014
  PID USER      PR  NI    VIRT    RES    SHR S  %CPU %MEM     TIME+ COMMAND
 1517 ubuntu    20   0 31.356g 984588  14660 S   0.0  3.2   2:57.45 java
Fri Jun 13 02:56:41 UTC 2014
  PID USER      PR  NI    VIRT    RES    SHR S  %CPU %MEM     TIME+ COMMAND
 1517 ubuntu    20   0 31.356g 984588  14660 S   6.6  3.2   2:57.47 java
Fri Jun 13 02:56:43 UTC 2014
  PID USER      PR  NI    VIRT    RES    SHR S  %CPU %MEM     TIME+ COMMAND
 1517 ubuntu    20   0 31.356g 984588  14660 S   0.0  3.2   2:57.47 java
Fri Jun 13 02:56:44 UTC 2014
  PID USER      PR  NI    VIRT    RES    SHR S  %CPU %MEM     TIME+ COMMAND
 1517 ubuntu    20   0 31.356g 984588  14660 S   0.0  3.2   2:57.48 java
Fri Jun 13 02:56:45 UTC 2014
  PID USER      PR  NI    VIRT    RES    SHR S  %CPU %MEM     TIME+ COMMAND
 1517 ubuntu    20   0 31.356g 984588  14660 S   0.0  3.2   2:57.50 java
Fri Jun 13 02:56:46 UTC 2014
  PID USER      PR  NI    VIRT    RES    SHR S  %CPU %MEM     TIME+ COMMAND
 1517 ubuntu    20   0 31.356g 984588  14660 S   0.0  3.2   2:57.51 java
Fri Jun 13 02:56:47 UTC 2014
  PID USER      PR  NI    VIRT    RES    SHR S  %CPU %MEM     TIME+ COMMAND
 1517 ubuntu    20   0 31.356g 984588  14660 S   0.0  3.2   2:57.52 java
Fri Jun 13 02:56:48 UTC 2014
  PID USER      PR  NI    VIRT    RES    SHR S  %CPU %MEM     TIME+ COMMAND
 1517 ubuntu    20   0 31.356g 984588  14660 S   0.0  3.2   2:57.53 java
Fri Jun 13 02:56:50 UTC 2014
  PID USER      PR  NI    VIRT    RES    SHR S  %CPU %MEM     TIME+ COMMAND
 1517 ubuntu    20   0 31.356g 984588  14660 S   0.0  3.2   2:57.55 java
Fri Jun 13 02:56:51 UTC 2014
  PID USER      PR  NI    VIRT    RES    SHR S  %CPU %MEM     TIME+ COMMAND
 1517 ubuntu    20   0 31.356g 984588  14660 S   0.0  3.2   2:57.59 java
Fri Jun 13 02:56:52 UTC 2014
  PID USER      PR  NI    VIRT    RES    SHR S  %CPU %MEM     TIME+ COMMAND
 1517 ubuntu    20   0 31.356g 984588  14660 S   0.0  3.2   2:57.60 java
Fri Jun 13 02:56:53 UTC 2014
  PID USER      PR  NI    VIRT    RES    SHR S  %CPU %MEM     TIME+ COMMAND
 1517 ubuntu    20   0 31.356g 984588  14660 S   0.0  3.2   2:57.60 java
Fri Jun 13 02:56:54 UTC 2014
  PID USER      PR  NI    VIRT    RES    SHR S  %CPU %MEM     TIME+ COMMAND
 1517 ubuntu    20   0 31.356g 984588  14660 S   6.6  3.2   2:57.63 java
Fri Jun 13 02:56:55 UTC 2014
  PID USER      PR  NI    VIRT    RES    SHR S  %CPU %MEM     TIME+ COMMAND
 1517 ubuntu    20   0 31.356g 984588  14660 S   0.0  3.2   2:57.63 java
Fri Jun 13 02:56:57 UTC 2014
  PID USER      PR  NI    VIRT    RES    SHR S  %CPU %MEM     TIME+ COMMAND
 1517 ubuntu    20   0 31.356g 984588  14660 S   0.0  3.2   2:57.64 java
Fri Jun 13 02:56:58 UTC 2014
  PID USER      PR  NI    VIRT    RES    SHR S  %CPU %MEM     TIME+ COMMAND
 1517 ubuntu    20   0 31.356g 984588  14660 S   6.6  3.2   2:57.66 java
Fri Jun 13 02:56:59 UTC 2014
  PID USER      PR  NI    VIRT    RES    SHR S  %CPU %MEM     TIME+ COMMAND
 1517 ubuntu    20   0 31.356g 984588  14660 S   0.0  3.2   2:57.67 java
Fri Jun 13 02:57:00 UTC 2014
  PID USER      PR  NI    VIRT    RES    SHR S  %CPU %MEM     TIME+ COMMAND
 1517 ubuntu    20   0 31.356g 984588  14660 S   0.0  3.2   2:57.68 java
Fri Jun 13 02:57:01 UTC 2014
  PID USER      PR  NI    VIRT    RES    SHR S  %CPU %MEM     TIME+ COMMAND
 1517 ubuntu    20   0 31.356g 984588  14660 S   6.6  3.2   2:57.70 java
Fri Jun 13 02:57:03 UTC 2014
  PID USER      PR  NI    VIRT    RES    SHR S  %CPU %MEM     TIME+ COMMAND
 1517 ubuntu    20   0 31.356g 984588  14660 S   0.0  3.2   2:57.73 java
Fri Jun 13 02:57:04 UTC 2014
  PID USER      PR  NI    VIRT    RES    SHR S  %CPU %MEM     TIME+ COMMAND
 1517 ubuntu    20   0 31.356g 984588  14660 S   0.0  3.2   2:57.74 java
Fri Jun 13 02:57:05 UTC 2014
  PID USER      PR  NI    VIRT    RES    SHR S  %CPU %MEM     TIME+ COMMAND
 1517 ubuntu    20   0 31.356g 984588  14660 S   0.0  3.2   2:57.75 java
Fri Jun 13 02:57:06 UTC 2014
  PID USER      PR  NI    VIRT    RES    SHR S  %CPU %MEM     TIME+ COMMAND
 1517 ubuntu    20   0 31.356g 984588  14660 S   0.0  3.2   2:57.77 java
Fri Jun 13 02:57:07 UTC 2014
  PID USER      PR  NI    VIRT    RES    SHR S  %CPU %MEM     TIME+ COMMAND
 1517 ubuntu    20   0 31.356g 984588  14660 S   0.0  3.2   2:57.77 java
Fri Jun 13 02:57:08 UTC 2014
  PID USER      PR  NI    VIRT    RES    SHR S  %CPU %MEM     TIME+ COMMAND
 1517 ubuntu    20   0 31.356g 984588  14660 S   6.6  3.2   2:57.79 java
Fri Jun 13 02:57:10 UTC 2014
  PID USER      PR  NI    VIRT    RES    SHR S  %CPU %MEM     TIME+ COMMAND
 1517 ubuntu    20   0 31.356g 984588  14660 S   0.0  3.2   2:57.81 java
Fri Jun 13 02:57:11 UTC 2014
  PID USER      PR  NI    VIRT    RES    SHR S  %CPU %MEM     TIME+ COMMAND
 1517 ubuntu    20   0 31.356g 984588  14660 S   0.0  3.2   2:57.81 java
Fri Jun 13 02:57:12 UTC 2014
  PID USER      PR  NI    VIRT    RES    SHR S  %CPU %MEM     TIME+ COMMAND
 1517 ubuntu    20   0 31.356g 984588  14660 S   0.0  3.2   2:57.82 java
Fri Jun 13 02:57:13 UTC 2014
  PID USER      PR  NI    VIRT    RES    SHR S  %CPU %MEM     TIME+ COMMAND
 1517 ubuntu    20   0 31.356g 984588  14660 S   0.0  3.2   2:57.84 java
Fri Jun 13 02:57:14 UTC 2014
  PID USER      PR  NI    VIRT    RES    SHR S  %CPU %MEM     TIME+ COMMAND
 1517 ubuntu    20   0 31.356g 984588  14660 S   0.0  3.2   2:57.85 java
Fri Jun 13 02:57:15 UTC 2014
  PID USER      PR  NI    VIRT    RES    SHR S  %CPU %MEM     TIME+ COMMAND
 1517 ubuntu    20   0 31.356g 984588  14660 S   0.0  3.2   2:57.87 java
Fri Jun 13 02:57:17 UTC 2014
  PID USER      PR  NI    VIRT    RES    SHR S  %CPU %MEM     TIME+ COMMAND
 1517 ubuntu    20   0 31.356g 984588  14660 S   0.0  3.2   2:57.88 java
Fri Jun 13 02:57:18 UTC 2014
  PID USER      PR  NI    VIRT    RES    SHR S  %CPU %MEM     TIME+ COMMAND
 1517 ubuntu    20   0 31.356g 984588  14660 S   6.6  3.2   2:57.90 java
Fri Jun 13 02:57:19 UTC 2014
  PID USER      PR  NI    VIRT    RES    SHR S  %CPU %MEM     TIME+ COMMAND
 1517 ubuntu    20   0 31.356g 984588  14660 S   0.0  3.2   2:57.90 java
Fri Jun 13 02:57:20 UTC 2014
  PID USER      PR  NI    VIRT    RES    SHR S  %CPU %MEM     TIME+ COMMAND
 1517 ubuntu    20   0 31.356g 984588  14660 S   0.0  3.2   2:57.91 java
Fri Jun 13 02:57:21 UTC 2014
  PID USER      PR  NI    VIRT    RES    SHR S  %CPU %MEM     TIME+ COMMAND
 1517 ubuntu    20   0 31.356g 984588  14660 S   0.0  3.2   2:57.93 java
Fri Jun 13 02:57:22 UTC 2014
  PID USER      PR  NI    VIRT    RES    SHR S  %CPU %MEM     TIME+ COMMAND
 1517 ubuntu    20   0 31.356g 984588  14660 S   0.0  3.2   2:57.93 java
Fri Jun 13 02:57:24 UTC 2014
  PID USER      PR  NI    VIRT    RES    SHR S  %CPU %MEM     TIME+ COMMAND
 1517 ubuntu    20   0 31.356g 984588  14660 S   0.0  3.2   2:57.94 java
Fri Jun 13 02:57:25 UTC 2014
  PID USER      PR  NI    VIRT    RES    SHR S  %CPU %MEM     TIME+ COMMAND
 1517 ubuntu    20   0 31.356g 984588  14660 S   0.0  3.2   2:57.96 java
Fri Jun 13 02:57:26 UTC 2014
  PID USER      PR  NI    VIRT    RES    SHR S  %CPU %MEM     TIME+ COMMAND
 1517 ubuntu    20   0 31.356g 984588  14660 S   0.0  3.2   2:57.96 java
Fri Jun 13 02:57:27 UTC 2014
  PID USER      PR  NI    VIRT    RES    SHR S  %CPU %MEM     TIME+ COMMAND
 1517 ubuntu    20   0 31.356g 984588  14660 S   0.0  3.2   2:57.97 java
Fri Jun 13 02:57:28 UTC 2014
  PID USER      PR  NI    VIRT    RES    SHR S  %CPU %MEM     TIME+ COMMAND
 1517 ubuntu    20   0 31.356g 984588  14660 S   0.0  3.2   2:57.98 java
Fri Jun 13 02:57:29 UTC 2014
  PID USER      PR  NI    VIRT    RES    SHR S  %CPU %MEM     TIME+ COMMAND
 1517 ubuntu    20   0 31.356g 984588  14660 S   0.0  3.2   2:58.00 java
Fri Jun 13 02:57:31 UTC 2014
  PID USER      PR  NI    VIRT    RES    SHR S  %CPU %MEM     TIME+ COMMAND
 1517 ubuntu    20   0 31.356g 984588  14660 S   0.0  3.2   2:58.01 java
Fri Jun 13 02:57:32 UTC 2014
  PID USER      PR  NI    VIRT    RES    SHR S  %CPU %MEM     TIME+ COMMAND
 1517 ubuntu    20   0 31.356g 984588  14660 S   0.0  3.2   2:58.01 java
Fri Jun 13 02:57:33 UTC 2014
  PID USER      PR  NI    VIRT    RES    SHR S  %CPU %MEM     TIME+ COMMAND
 1517 ubuntu    20   0 31.356g 984588  14660 S   6.6  3.2   2:58.03 java
Fri Jun 13 02:57:34 UTC 2014
  PID USER      PR  NI    VIRT    RES    SHR S  %CPU %MEM     TIME+ COMMAND
 1517 ubuntu    20   0 31.356g 984588  14660 S   0.0  3.2   2:58.04 java
Fri Jun 13 02:57:35 UTC 2014
  PID USER      PR  NI    VIRT    RES    SHR S  %CPU %MEM     TIME+ COMMAND
 1517 ubuntu    20   0 31.356g 984588  14660 S   0.0  3.2   2:58.06 java
Fri Jun 13 02:57:37 UTC 2014
  PID USER      PR  NI    VIRT    RES    SHR S  %CPU %MEM     TIME+ COMMAND
 1517 ubuntu    20   0 31.356g 984588  14660 S   0.0  3.2   2:58.06 java
Fri Jun 13 02:57:38 UTC 2014
  PID USER      PR  NI    VIRT    RES    SHR S  %CPU %MEM     TIME+ COMMAND
 1517 ubuntu    20   0 31.356g 984588  14660 S   0.0  3.2   2:58.08 java
Fri Jun 13 02:57:39 UTC 2014
  PID USER      PR  NI    VIRT    RES    SHR S  %CPU %MEM     TIME+ COMMAND
 1517 ubuntu    20   0 31.356g 984588  14660 S   0.0  3.2   2:58.09 java
Fri Jun 13 02:57:40 UTC 2014
  PID USER      PR  NI    VIRT    RES    SHR S  %CPU %MEM     TIME+ COMMAND
 1517 ubuntu    20   0 31.356g 984588  14660 S   0.0  3.2   2:58.10 java
Fri Jun 13 02:57:41 UTC 2014
  PID USER      PR  NI    VIRT    RES    SHR S  %CPU %MEM     TIME+ COMMAND
 1517 ubuntu    20   0 31.356g 984588  14660 S   6.6  3.2   2:58.11 java
Fri Jun 13 02:57:42 UTC 2014
  PID USER      PR  NI    VIRT    RES    SHR S  %CPU %MEM     TIME+ COMMAND
 1517 ubuntu    20   0 31.356g 984588  14660 S   0.0  3.2   2:58.12 java
Fri Jun 13 02:57:44 UTC 2014
  PID USER      PR  NI    VIRT    RES    SHR S  %CPU %MEM     TIME+ COMMAND
 1517 ubuntu    20   0 31.356g 984588  14660 S   0.0  3.2   2:58.13 java
Fri Jun 13 02:57:45 UTC 2014
  PID USER      PR  NI    VIRT    RES    SHR S  %CPU %MEM     TIME+ COMMAND
 1517 ubuntu    20   0 31.356g 984588  14660 S   0.0  3.2   2:58.14 java
Fri Jun 13 02:57:46 UTC 2014
  PID USER      PR  NI    VIRT    RES    SHR S  %CPU %MEM     TIME+ COMMAND
 1517 ubuntu    20   0 31.356g 984588  14660 S   0.0  3.2   2:58.15 java
Fri Jun 13 02:57:47 UTC 2014
  PID USER      PR  NI    VIRT    RES    SHR S  %CPU %MEM     TIME+ COMMAND
 1517 ubuntu    20   0 31.356g 984588  14660 S   0.0  3.2   2:58.16 java
Fri Jun 13 02:57:48 UTC 2014
  PID USER      PR  NI    VIRT    RES    SHR S  %CPU %MEM     TIME+ COMMAND
 1517 ubuntu    20   0 31.356g 984588  14660 S   6.6  3.2   2:58.18 java
Fri Jun 13 02:57:49 UTC 2014
  PID USER      PR  NI    VIRT    RES    SHR S  %CPU %MEM     TIME+ COMMAND
 1517 ubuntu    20   0 31.356g 984588  14660 S   0.0  3.2   2:58.18 java
Fri Jun 13 02:57:51 UTC 2014
  PID USER      PR  NI    VIRT    RES    SHR S  %CPU %MEM     TIME+ COMMAND
 1517 ubuntu    20   0 31.356g 984680  14660 S   6.6  3.2   2:58.34 java
Fri Jun 13 02:57:52 UTC 2014
  PID USER      PR  NI    VIRT    RES    SHR S  %CPU %MEM     TIME+ COMMAND
 1517 ubuntu    20   0 31.356g 984636  14660 S   0.0  3.2   2:58.35 java
Fri Jun 13 02:57:53 UTC 2014
  PID USER      PR  NI    VIRT    RES    SHR S  %CPU %MEM     TIME+ COMMAND
 1517 ubuntu    20   0 31.356g 984636  14660 S   0.0  3.2   2:58.36 java
Fri Jun 13 02:57:54 UTC 2014
  PID USER      PR  NI    VIRT    RES    SHR S  %CPU %MEM     TIME+ COMMAND
 1517 ubuntu    20   0 31.356g 984636  14660 S   0.0  3.2   2:58.37 java
Fri Jun 13 02:57:55 UTC 2014
  PID USER      PR  NI    VIRT    RES    SHR S  %CPU %MEM     TIME+ COMMAND
 1517 ubuntu    20   0 31.356g 984636  14660 S   0.0  3.2   2:58.37 java
Fri Jun 13 02:57:56 UTC 2014
  PID USER      PR  NI    VIRT    RES    SHR S  %CPU %MEM     TIME+ COMMAND
 1517 ubuntu    20   0 31.356g 984636  14660 S   0.0  3.2   2:58.39 java
Fri Jun 13 02:57:58 UTC 2014
  PID USER      PR  NI    VIRT    RES    SHR S  %CPU %MEM     TIME+ COMMAND
 1517 ubuntu    20   0 31.356g 984636  14660 S   0.0  3.2   2:58.40 java
Fri Jun 13 02:57:59 UTC 2014
  PID USER      PR  NI    VIRT    RES    SHR S  %CPU %MEM     TIME+ COMMAND
 1517 ubuntu    20   0 31.356g 984636  14660 S   0.0  3.2   2:58.41 java
Fri Jun 13 02:58:00 UTC 2014
  PID USER      PR  NI    VIRT    RES    SHR S  %CPU %MEM     TIME+ COMMAND
 1517 ubuntu    20   0 31.356g 984636  14660 S   0.0  3.2   2:58.43 java
Fri Jun 13 02:58:01 UTC 2014
  PID USER      PR  NI    VIRT    RES    SHR S  %CPU %MEM     TIME+ COMMAND
 1517 ubuntu    20   0 31.356g 984636  14660 S   0.0  3.2   2:58.44 java
Fri Jun 13 02:58:02 UTC 2014
  PID USER      PR  NI    VIRT    RES    SHR S  %CPU %MEM     TIME+ COMMAND
 1517 ubuntu    20   0 31.356g 984636  14660 S   0.0  3.2   2:58.44 java
Fri Jun 13 02:58:03 UTC 2014
  PID USER      PR  NI    VIRT    RES    SHR S  %CPU %MEM     TIME+ COMMAND
 1517 ubuntu    20   0 31.356g 984636  14660 S   0.0  3.2   2:58.45 java
Fri Jun 13 02:58:05 UTC 2014
  PID USER      PR  NI    VIRT    RES    SHR S  %CPU %MEM     TIME+ COMMAND
 1517 ubuntu    20   0 31.356g 984708  14660 S   0.0  3.2   2:58.55 java
Fri Jun 13 02:58:06 UTC 2014
  PID USER      PR  NI    VIRT    RES    SHR S  %CPU %MEM     TIME+ COMMAND
 1517 ubuntu    20   0 31.356g 984708  14660 S   0.0  3.2   2:58.56 java
Fri Jun 13 02:58:07 UTC 2014
  PID USER      PR  NI    VIRT    RES    SHR S  %CPU %MEM     TIME+ COMMAND
 1517 ubuntu    20   0 31.356g 984708  14660 S   0.0  3.2   2:58.56 java
Fri Jun 13 02:58:08 UTC 2014
  PID USER      PR  NI    VIRT    RES    SHR S  %CPU %MEM     TIME+ COMMAND
 1517 ubuntu    20   0 31.356g 984708  14660 S   6.6  3.2   2:58.58 java
Fri Jun 13 02:58:09 UTC 2014
  PID USER      PR  NI    VIRT    RES    SHR S  %CPU %MEM     TIME+ COMMAND
 1517 ubuntu    20   0 31.356g 984708  14660 S   0.0  3.2   2:58.60 java
Fri Jun 13 02:58:11 UTC 2014
  PID USER      PR  NI    VIRT    RES    SHR S  %CPU %MEM     TIME+ COMMAND
 1517 ubuntu    20   0 31.356g 984708  14660 S   0.0  3.2   2:58.60 java
Fri Jun 13 02:58:12 UTC 2014
  PID USER      PR  NI    VIRT    RES    SHR S  %CPU %MEM     TIME+ COMMAND
 1517 ubuntu    20   0 31.356g 984708  14660 S   0.0  3.2   2:58.61 java
Fri Jun 13 02:58:13 UTC 2014
  PID USER      PR  NI    VIRT    RES    SHR S  %CPU %MEM     TIME+ COMMAND
 1517 ubuntu    20   0 31.356g 984708  14660 S   6.6  3.2   2:58.63 java
Fri Jun 13 02:58:14 UTC 2014
  PID USER      PR  NI    VIRT    RES    SHR S  %CPU %MEM     TIME+ COMMAND
 1517 ubuntu    20   0 31.356g 984708  14660 S   0.0  3.2   2:58.63 java
Fri Jun 13 02:58:15 UTC 2014
  PID USER      PR  NI    VIRT    RES    SHR S  %CPU %MEM     TIME+ COMMAND
 1517 ubuntu    20   0 31.356g 984708  14660 S   0.0  3.2   2:58.64 java
Fri Jun 13 02:58:16 UTC 2014
  PID USER      PR  NI    VIRT    RES    SHR S  %CPU %MEM     TIME+ COMMAND
 1517 ubuntu    20   0 31.356g 984708  14660 S   6.6  3.2   2:58.66 java
Fri Jun 13 02:58:18 UTC 2014
  PID USER      PR  NI    VIRT    RES    SHR S  %CPU %MEM     TIME+ COMMAND
 1517 ubuntu    20   0 31.356g 984708  14660 S   0.0  3.2   2:58.67 java
Fri Jun 13 02:58:19 UTC 2014
  PID USER      PR  NI    VIRT    RES    SHR S  %CPU %MEM     TIME+ COMMAND
 1517 ubuntu    20   0 31.356g 984708  14660 S   0.0  3.2   2:58.68 java
