Jun 11, 2014 8:15:18 PM org.jivesoftware.smack.provider.UrlProviderFileInitializer initialize
INFO: Loading providers for file [classpath:META-INF/core.providers]
Jun 11, 2014 8:15:18 PM org.jivesoftware.smack.provider.UrlProviderFileInitializer initialize
INFO: Loading providers for file [classpath:META-INF/extension.providers]
Jun 11, 2014 8:15:45 PM org.jivesoftware.smack.PacketWriter writePackets
WARNING: Error flushing queue during shutdown, ignore and continue
Jun 11, 2014 8:15:46 PM org.jivesoftware.smack.PacketWriter writePackets
WARNING: Error flushing queue during shutdown, ignore and continue
Jun 11, 2014 8:15:51 PM org.jivesoftware.smack.PacketWriter writePackets
WARNING: Error flushing queue during shutdown, ignore and continue
Jun 11, 2014 8:15:52 PM org.jivesoftware.smack.PacketWriter writePackets
WARNING: Error flushing queue during shutdown, ignore and continue
Jun 11, 2014 8:15:55 PM org.jivesoftware.smack.PacketWriter writePackets
WARNING: Error flushing queue during shutdown, ignore and continue
Jun 11, 2014 8:15:55 PM org.jivesoftware.smack.PacketWriter writePackets
WARNING: Error flushing queue during shutdown, ignore and continue
Jun 11, 2014 8:15:56 PM org.jivesoftware.smack.PacketWriter writePackets
WARNING: Error flushing queue during shutdown, ignore and continue
Jun 11, 2014 8:15:56 PM org.jivesoftware.smack.PacketWriter writePackets
WARNING: Error flushing queue during shutdown, ignore and continue
Jun 11, 2014 8:15:57 PM org.jivesoftware.smack.PacketWriter writePackets
WARNING: Error flushing queue during shutdown, ignore and continue
Jun 11, 2014 8:15:58 PM org.jivesoftware.smack.PacketWriter writePackets
WARNING: Error flushing queue during shutdown, ignore and continue
Jun 11, 2014 8:15:58 PM org.jivesoftware.smack.PacketWriter writePackets
WARNING: Error flushing queue during shutdown, ignore and continue
Jun 11, 2014 8:15:59 PM org.jivesoftware.smack.PacketWriter writePackets
WARNING: Error flushing queue during shutdown, ignore and continue
Jun 11, 2014 8:15:59 PM org.jivesoftware.smack.PacketWriter writePackets
WARNING: Error flushing queue during shutdown, ignore and continue
Jun 11, 2014 8:16:00 PM org.jivesoftware.smack.PacketWriter writePackets
WARNING: Error flushing queue during shutdown, ignore and continue
Jun 11, 2014 8:16:00 PM org.jivesoftware.smack.PacketWriter writePackets
WARNING: Error flushing queue during shutdown, ignore and continue
Jun 11, 2014 8:16:00 PM org.jivesoftware.smack.PacketWriter writePackets
WARNING: Error flushing queue during shutdown, ignore and continue
Jun 11, 2014 8:16:01 PM org.jivesoftware.smack.PacketWriter writePackets
WARNING: Error flushing queue during shutdown, ignore and continue
Jun 11, 2014 8:16:01 PM org.jivesoftware.smack.PacketWriter writePackets
WARNING: Error flushing queue during shutdown, ignore and continue
Jun 11, 2014 8:16:01 PM org.jivesoftware.smack.PacketWriter writePackets
WARNING: Error flushing queue during shutdown, ignore and continue
error while connecting to the server: No response from the server.: 
error while connecting to the server: No response from the server.: 
Jun 11, 2014 8:16:06 PM org.jivesoftware.smack.PacketWriter writePackets
WARNING: Error flushing queue during shutdown, ignore and continue
error while connecting to the server: No response from the server.: 
error while connecting to the server: No response from the server.: 
error while connecting to the server: No response from the server.: 
error while connecting to the server: No response from the server.: 
error while connecting to the server: No response from the server.: 
Jun 11, 2014 8:16:10 PM org.jivesoftware.smack.PacketWriter writePackets
WARNING: Error flushing queue during shutdown, ignore and continue
Jun 11, 2014 8:16:11 PM org.jivesoftware.smack.PacketWriter writePackets
WARNING: Error flushing queue during shutdown, ignore and continue
Jun 11, 2014 8:16:15 PM org.jivesoftware.smack.PacketWriter writePackets
WARNING: Error flushing queue during shutdown, ignore and continue
Jun 11, 2014 8:16:15 PM org.jivesoftware.smack.PacketWriter writePackets
WARNING: Error flushing queue during shutdown, ignore and continue
error while connecting to the server: Resource binding not offered by server: 
error while connecting to the server: Resource binding not offered by server: 
error while connecting to the server: Resource binding not offered by server: 
Jun 11, 2014 8:16:20 PM org.jivesoftware.smack.PacketWriter writePackets
WARNING: Error flushing queue during shutdown, ignore and continue
Jun 11, 2014 8:16:21 PM org.jivesoftware.smack.PacketWriter writePackets
WARNING: Error flushing queue during shutdown, ignore and continue
error while connecting to the server: Resource binding not offered by server: 
Jun 11, 2014 8:16:21 PM org.jivesoftware.smack.PacketWriter writePackets
WARNING: Error flushing queue during shutdown, ignore and continue
Jun 11, 2014 8:16:22 PM org.jivesoftware.smack.PacketWriter writePackets
WARNING: Error flushing queue during shutdown, ignore and continue
error while connecting to the server: Resource binding not offered by server: 
error while connecting to the server: Resource binding not offered by server: 
error while connecting to the server: Resource binding not offered by server: 
error while connecting to the server: Resource binding not offered by server: 
error while connecting to the server: Resource binding not offered by server: 
Jun 11, 2014 8:16:25 PM org.jivesoftware.smack.PacketWriter writePackets
WARNING: Error flushing queue during shutdown, ignore and continue
error while connecting to the server: Resource binding not offered by server: 
Jun 11, 2014 8:16:26 PM org.jivesoftware.smack.PacketWriter writePackets
WARNING: Error flushing queue during shutdown, ignore and continue
error while connecting to the server: Resource binding not offered by server: 
error while connecting to the server: Resource binding not offered by server: 
Jun 11, 2014 8:16:26 PM org.jivesoftware.smack.PacketWriter writePackets
WARNING: Error flushing queue during shutdown, ignore and continue
Jun 11, 2014 8:16:26 PM org.jivesoftware.smack.PacketWriter writePackets
WARNING: Error flushing queue during shutdown, ignore and continue
Jun 11, 2014 8:16:26 PM org.jivesoftware.smack.PacketWriter writePackets
WARNING: Error flushing queue during shutdown, ignore and continue
error while connecting to the server: Resource binding not offered by server: 
Jun 11, 2014 8:16:27 PM org.jivesoftware.smack.PacketWriter writePackets
WARNING: Error flushing queue during shutdown, ignore and continue
Jun 11, 2014 8:16:27 PM org.jivesoftware.smack.PacketWriter writePackets
WARNING: Error flushing queue during shutdown, ignore and continue
Jun 11, 2014 8:16:28 PM org.jivesoftware.smack.PacketWriter writePackets
WARNING: Error flushing queue during shutdown, ignore and continue
Jun 11, 2014 8:16:28 PM org.jivesoftware.smack.PacketWriter writePackets
WARNING: Error flushing queue during shutdown, ignore and continue
Jun 11, 2014 8:16:28 PM org.jivesoftware.smack.PacketWriter writePackets
WARNING: Error flushing queue during shutdown, ignore and continue
Jun 11, 2014 8:16:29 PM org.jivesoftware.smack.PacketWriter writePackets
WARNING: Error flushing queue during shutdown, ignore and continue
