Jun 11, 2014 8:15:14 PM org.jivesoftware.smack.provider.UrlProviderFileInitializer initialize
INFO: Loading providers for file [classpath:META-INF/core.providers]
Jun 11, 2014 8:15:14 PM org.jivesoftware.smack.provider.UrlProviderFileInitializer initialize
INFO: Loading providers for file [classpath:META-INF/extension.providers]
error while connecting to the server: No response from the server.: 
error while connecting to the server: No response from the server.: 
error while connecting to the server: No response from the server.: 
error while connecting to the server: No response from the server.: 
error while connecting to the server: No response from the server.: 
error while connecting to the server: No response from the server.: 
error while connecting to the server: No response from the server.: 
error while connecting to the server: No response from the server.: 
error while connecting to the server: No response from the server.: 
error while connecting to the server: No response from the server.: 
error while connecting to the server: No response from the server.: 
error while connecting to the server: No response from the server.: 
error while connecting to the server: No response from the server.: 
error while connecting to the server: No response from the server.: 
error while connecting to the server: No response from the server.: 
error while connecting to the server: No response from the server.: 
error while connecting to the server: No response from the server.: 
error while connecting to the server: No response from the server.: 
error while connecting to the server: No response from the server.: 
error while connecting to the server: No response from the server.: 
error while connecting to the server: No response from the server.: 
error while connecting to the server: No response from the server.: 
error while connecting to the server: Resource binding not offered by server: 
Jun 11, 2014 8:16:40 PM org.jivesoftware.smack.PacketWriter writePackets
WARNING: Error flushing queue during shutdown, ignore and continue
Jun 11, 2014 8:16:45 PM org.jivesoftware.smack.PacketWriter writePackets
WARNING: Error flushing queue during shutdown, ignore and continue
Jun 11, 2014 8:16:48 PM org.jivesoftware.smack.PacketWriter writePackets
WARNING: Error flushing queue during shutdown, ignore and continue
Jun 11, 2014 8:16:50 PM org.jivesoftware.smack.PacketWriter writePackets
WARNING: Error flushing queue during shutdown, ignore and continue
Jun 11, 2014 8:16:51 PM org.jivesoftware.smack.PacketWriter writePackets
WARNING: Error flushing queue during shutdown, ignore and continue
Jun 11, 2014 8:16:51 PM org.jivesoftware.smack.PacketWriter writePackets
WARNING: Error flushing queue during shutdown, ignore and continue
Jun 11, 2014 8:16:51 PM org.jivesoftware.smack.PacketWriter writePackets
WARNING: Error flushing queue during shutdown, ignore and continue
Jun 11, 2014 8:16:52 PM org.jivesoftware.smack.PacketWriter writePackets
WARNING: Error flushing queue during shutdown, ignore and continue
Jun 11, 2014 8:16:52 PM org.jivesoftware.smack.PacketWriter writePackets
WARNING: Error flushing queue during shutdown, ignore and continue
Jun 11, 2014 8:16:53 PM org.jivesoftware.smack.PacketWriter writePackets
WARNING: Error flushing queue during shutdown, ignore and continue
Jun 11, 2014 8:16:53 PM org.jivesoftware.smack.PacketWriter writePackets
WARNING: Error flushing queue during shutdown, ignore and continue
Jun 11, 2014 8:16:53 PM org.jivesoftware.smack.PacketWriter writePackets
WARNING: Error flushing queue during shutdown, ignore and continue
Jun 11, 2014 8:16:54 PM org.jivesoftware.smack.PacketWriter writePackets
WARNING: Error flushing queue during shutdown, ignore and continue
Jun 11, 2014 8:16:55 PM org.jivesoftware.smack.PacketWriter writePackets
WARNING: Error flushing queue during shutdown, ignore and continue
Jun 11, 2014 8:16:55 PM org.jivesoftware.smack.PacketWriter writePackets
WARNING: Error flushing queue during shutdown, ignore and continue
Jun 11, 2014 8:16:55 PM org.jivesoftware.smack.PacketWriter writePackets
WARNING: Error flushing queue during shutdown, ignore and continue
Jun 11, 2014 8:16:55 PM org.jivesoftware.smack.PacketWriter writePackets
WARNING: Error flushing queue during shutdown, ignore and continue
Connection failed. No response from server.: 
Jun 11, 2014 8:16:56 PM org.jivesoftware.smack.PacketWriter writePackets
WARNING: Error flushing queue during shutdown, ignore and continue
Jun 11, 2014 8:16:57 PM org.jivesoftware.smack.PacketWriter writePackets
WARNING: Error flushing queue during shutdown, ignore and continue
Jun 11, 2014 8:16:57 PM org.jivesoftware.smack.PacketWriter writePackets
WARNING: Error flushing queue during shutdown, ignore and continue
Jun 11, 2014 8:16:58 PM org.jivesoftware.smack.PacketWriter writePackets
WARNING: Error flushing queue during shutdown, ignore and continue
Jun 11, 2014 8:16:58 PM org.jivesoftware.smack.PacketWriter writePackets
WARNING: Error flushing queue during shutdown, ignore and continue
Jun 11, 2014 8:16:58 PM org.jivesoftware.smack.PacketWriter writePackets
WARNING: Error flushing queue during shutdown, ignore and continue
Jun 11, 2014 8:16:59 PM org.jivesoftware.smack.PacketWriter writePackets
WARNING: Error flushing queue during shutdown, ignore and continue
Jun 11, 2014 8:16:59 PM org.jivesoftware.smack.PacketWriter writePackets
WARNING: Error flushing queue during shutdown, ignore and continue
Jun 11, 2014 8:17:00 PM org.jivesoftware.smack.PacketWriter writePackets
WARNING: Error flushing queue during shutdown, ignore and continue
Jun 11, 2014 8:17:00 PM org.jivesoftware.smack.PacketWriter writePackets
WARNING: Error flushing queue during shutdown, ignore and continue
Jun 11, 2014 8:17:00 PM org.jivesoftware.smack.PacketWriter writePackets
WARNING: Error flushing queue during shutdown, ignore and continue
Jun 11, 2014 8:17:00 PM org.jivesoftware.smack.PacketWriter writePackets
WARNING: Error flushing queue during shutdown, ignore and continue
Jun 11, 2014 8:17:00 PM org.jivesoftware.smack.PacketWriter writePackets
WARNING: Error flushing queue during shutdown, ignore and continue
Jun 11, 2014 8:17:01 PM org.jivesoftware.smack.PacketWriter writePackets
WARNING: Error flushing queue during shutdown, ignore and continue
Jun 11, 2014 8:17:01 PM org.jivesoftware.smack.PacketWriter writePackets
WARNING: Error flushing queue during shutdown, ignore and continue
Jun 11, 2014 8:17:01 PM org.jivesoftware.smack.PacketWriter writePackets
WARNING: Error flushing queue during shutdown, ignore and continue
Jun 11, 2014 8:17:01 PM org.jivesoftware.smack.PacketWriter writePackets
WARNING: Error flushing queue during shutdown, ignore and continue
Jun 11, 2014 8:17:01 PM org.jivesoftware.smack.PacketWriter writePackets
WARNING: Error flushing queue during shutdown, ignore and continue
Jun 11, 2014 8:17:00 PM org.jivesoftware.smack.PacketWriter writePackets
WARNING: Error flushing queue during shutdown, ignore and continue
Jun 11, 2014 8:17:01 PM org.jivesoftware.smack.PacketWriter writePackets
WARNING: Error flushing queue during shutdown, ignore and continue
Jun 11, 2014 8:17:01 PM org.jivesoftware.smack.PacketWriter writePackets
WARNING: Error flushing queue during shutdown, ignore and continue
Jun 11, 2014 8:17:01 PM org.jivesoftware.smack.PacketWriter writePackets
WARNING: Error flushing queue during shutdown, ignore and continue
Jun 11, 2014 8:17:01 PM org.jivesoftware.smack.PacketWriter writePackets
WARNING: Error flushing queue during shutdown, ignore and continue
Jun 11, 2014 8:17:01 PM org.jivesoftware.smack.PacketWriter writePackets
WARNING: Error flushing queue during shutdown, ignore and continue
Jun 11, 2014 8:17:02 PM org.jivesoftware.smack.PacketWriter writePackets
WARNING: Error flushing queue during shutdown, ignore and continue
Jun 11, 2014 8:17:02 PM org.jivesoftware.smack.PacketWriter writePackets
WARNING: Error flushing queue during shutdown, ignore and continue
Jun 11, 2014 8:17:02 PM org.jivesoftware.smack.PacketWriter writePackets
WARNING: Error flushing queue during shutdown, ignore and continue
Jun 11, 2014 8:17:02 PM org.jivesoftware.smack.PacketWriter writePackets
WARNING: Error flushing queue during shutdown, ignore and continue
Jun 11, 2014 8:17:02 PM org.jivesoftware.smack.PacketWriter writePackets
WARNING: Error flushing queue during shutdown, ignore and continue
Jun 11, 2014 8:17:03 PM org.jivesoftware.smack.PacketWriter writePackets
WARNING: Error flushing queue during shutdown, ignore and continue
Jun 11, 2014 8:17:03 PM org.jivesoftware.smack.PacketWriter writePackets
WARNING: Error flushing queue during shutdown, ignore and continue
Jun 11, 2014 8:17:03 PM org.jivesoftware.smack.PacketWriter writePackets
WARNING: Error flushing queue during shutdown, ignore and continue
Jun 11, 2014 8:17:02 PM org.jivesoftware.smack.PacketWriter writePackets
WARNING: Error flushing queue during shutdown, ignore and continue
Jun 11, 2014 8:17:02 PM org.jivesoftware.smack.PacketWriter writePackets
WARNING: Error flushing queue during shutdown, ignore and continue
Jun 11, 2014 8:17:03 PM org.jivesoftware.smack.PacketWriter writePackets
WARNING: Error flushing queue during shutdown, ignore and continue
Jun 11, 2014 8:17:03 PM org.jivesoftware.smack.PacketWriter writePackets
WARNING: Error flushing queue during shutdown, ignore and continue
Jun 11, 2014 8:17:03 PM org.jivesoftware.smack.PacketWriter writePackets
WARNING: Error flushing queue during shutdown, ignore and continue
Jun 11, 2014 8:17:03 PM org.jivesoftware.smack.PacketWriter writePackets
WARNING: Error flushing queue during shutdown, ignore and continue
Jun 11, 2014 8:17:03 PM org.jivesoftware.smack.PacketWriter writePackets
WARNING: Error flushing queue during shutdown, ignore and continue
Jun 11, 2014 8:17:03 PM org.jivesoftware.smack.PacketWriter writePackets
WARNING: Error flushing queue during shutdown, ignore and continue
Jun 11, 2014 8:17:03 PM org.jivesoftware.smack.PacketWriter writePackets
WARNING: Error flushing queue during shutdown, ignore and continue
Jun 11, 2014 8:17:03 PM org.jivesoftware.smack.PacketWriter writePackets
WARNING: Error flushing queue during shutdown, ignore and continue
Jun 11, 2014 8:17:03 PM org.jivesoftware.smack.PacketWriter writePackets
WARNING: Error flushing queue during shutdown, ignore and continue
Jun 11, 2014 8:17:03 PM org.jivesoftware.smack.PacketWriter writePackets
WARNING: Error flushing queue during shutdown, ignore and continue
Jun 11, 2014 8:17:03 PM org.jivesoftware.smack.PacketWriter writePackets
WARNING: Error flushing queue during shutdown, ignore and continue
Jun 11, 2014 8:17:04 PM org.jivesoftware.smack.PacketWriter writePackets
WARNING: Error flushing queue during shutdown, ignore and continue
Jun 11, 2014 8:17:04 PM org.jivesoftware.smack.PacketWriter writePackets
WARNING: Error flushing queue during shutdown, ignore and continue
Jun 11, 2014 8:17:04 PM org.jivesoftware.smack.PacketWriter writePackets
WARNING: Error flushing queue during shutdown, ignore and continue
Jun 11, 2014 8:17:04 PM org.jivesoftware.smack.PacketWriter writePackets
WARNING: Error flushing queue during shutdown, ignore and continue
Jun 11, 2014 8:17:04 PM org.jivesoftware.smack.PacketWriter writePackets
WARNING: Error flushing queue during shutdown, ignore and continue
Jun 11, 2014 8:17:04 PM org.jivesoftware.smack.PacketWriter writePackets
WARNING: Error flushing queue during shutdown, ignore and continue
Jun 11, 2014 8:17:04 PM org.jivesoftware.smack.PacketWriter writePackets
WARNING: Error flushing queue during shutdown, ignore and continue
java.lang.NullPointerException
	at org.jivesoftware.smack.XMPPConnection.shutdown(XMPPConnection.java:452)
	at org.jivesoftware.smack.XMPPConnection.notifyConnectionError(XMPPConnection.java:1053)
	at org.jivesoftware.smack.PacketReader.parsePackets(PacketReader.java:321)
	at org.jivesoftware.smack.PacketReader.access$000(PacketReader.java:48)
	at org.jivesoftware.smack.PacketReader$1.run(PacketReader.java:76)
Connection failed. No response from server.: 
Jun 11, 2014 8:17:26 PM org.jivesoftware.smack.PacketWriter writePackets
WARNING: Error flushing queue during shutdown, ignore and continue
Connection failed. No response from server.: 
Connection failed. No response from server.: 
Connection failed. No response from server.: 
Jun 11, 2014 8:18:11 PM org.jivesoftware.smack.PacketWriter writePackets
WARNING: Error flushing queue during shutdown, ignore and continue
Connection failed. No response from server.: 
Connection failed. No response from server.: 
Connection failed. No response from server.: 
Jun 11, 2014 8:18:56 PM org.jivesoftware.smack.PacketWriter writePackets
WARNING: Error flushing queue during shutdown, ignore and continue
Connection failed. No response from server.: 
Connection failed. No response from server.: 
Connection failed. No response from server.: 
Jun 11, 2014 8:19:41 PM org.jivesoftware.smack.PacketWriter writePackets
WARNING: Error flushing queue during shutdown, ignore and continue
Connection failed. No response from server.: 
Connection failed. No response from server.: 
Connection failed. No response from server.: 
Jun 11, 2014 8:20:26 PM org.jivesoftware.smack.PacketWriter writePackets
WARNING: Error flushing queue during shutdown, ignore and continue
Connection failed. No response from server.: 
Connection failed. No response from server.: 
Connection failed. No response from server.: 
java.lang.IllegalStateException: Not connected to server.
No response from the server.: 
Jun 11, 2014 8:21:13 PM org.jivesoftware.smack.PacketWriter writePackets
WARNING: Error flushing queue during shutdown, ignore and continue
Jun 11, 2014 8:21:13 PM org.jivesoftware.smack.PacketWriter writePackets
WARNING: Error flushing queue during shutdown, ignore and continue
Exception in thread "Smack Reconnection Manager" java.lang.IllegalStateException: Not connected to server.
	at org.jivesoftware.smack.XMPPConnection.login(XMPPConnection.java:230)
	at org.jivesoftware.smack.XMPPConnection.connect(XMPPConnection.java:1020)
	at org.jivesoftware.smack.ReconnectionManager$2.run(ReconnectionManager.java:147)
