Fri Jun 13 10:15:52 UTC 2014
  PID USER      PR  NI    VIRT    RES    SHR S  %CPU %MEM     TIME+ COMMAND
 1447 ubuntu    20   0 9026908 253732  14428 S   0.0  3.3   0:15.88 java
Fri Jun 13 10:15:53 UTC 2014
  PID USER      PR  NI    VIRT    RES    SHR S  %CPU %MEM     TIME+ COMMAND
 1447 ubuntu    20   0 9026908 253732  14428 S   6.6  3.3   0:15.89 java
Fri Jun 13 10:15:54 UTC 2014
  PID USER      PR  NI    VIRT    RES    SHR S  %CPU %MEM     TIME+ COMMAND
 1447 ubuntu    20   0 9026908 253732  14428 S   0.0  3.3   0:15.89 java
Fri Jun 13 10:15:55 UTC 2014
  PID USER      PR  NI    VIRT    RES    SHR S  %CPU %MEM     TIME+ COMMAND
 1447 ubuntu    20   0 9026908 253732  14428 S   6.6  3.3   0:15.92 java
Fri Jun 13 10:15:56 UTC 2014
  PID USER      PR  NI    VIRT    RES    SHR S  %CPU %MEM     TIME+ COMMAND
 1447 ubuntu    20   0 9026908 253732  14428 S   0.0  3.3   0:15.93 java
Fri Jun 13 10:15:58 UTC 2014
  PID USER      PR  NI    VIRT    RES    SHR S  %CPU %MEM     TIME+ COMMAND
 1447 ubuntu    20   0 9026908 253732  14428 S   0.0  3.3   0:15.94 java
Fri Jun 13 10:15:59 UTC 2014
  PID USER      PR  NI    VIRT    RES    SHR S  %CPU %MEM     TIME+ COMMAND
 1447 ubuntu    20   0 9026908 253732  14428 S   0.0  3.3   0:15.96 java
Fri Jun 13 10:16:00 UTC 2014
  PID USER      PR  NI    VIRT    RES    SHR S  %CPU %MEM     TIME+ COMMAND
 1447 ubuntu    20   0 9026908 253732  14428 S   0.0  3.3   0:15.97 java
Fri Jun 13 10:16:01 UTC 2014
  PID USER      PR  NI    VIRT    RES    SHR S  %CPU %MEM     TIME+ COMMAND
 1447 ubuntu    20   0 9026908 253732  14428 S   0.0  3.3   0:15.98 java
Fri Jun 13 10:16:02 UTC 2014
  PID USER      PR  NI    VIRT    RES    SHR S  %CPU %MEM     TIME+ COMMAND
 1447 ubuntu    20   0 9026908 253732  14428 S   6.6  3.3   0:16.00 java
Fri Jun 13 10:16:03 UTC 2014
  PID USER      PR  NI    VIRT    RES    SHR S  %CPU %MEM     TIME+ COMMAND
 1447 ubuntu    20   0 9026908 253732  14428 S   0.0  3.3   0:16.01 java
Fri Jun 13 10:16:05 UTC 2014
  PID USER      PR  NI    VIRT    RES    SHR S  %CPU %MEM     TIME+ COMMAND
 1447 ubuntu    20   0 9026908 253732  14428 S   0.0  3.3   0:16.02 java
Fri Jun 13 10:16:06 UTC 2014
  PID USER      PR  NI    VIRT    RES    SHR S  %CPU %MEM     TIME+ COMMAND
 1447 ubuntu    20   0 9026908 253732  14428 S   6.6  3.3   0:16.04 java
Fri Jun 13 10:16:07 UTC 2014
  PID USER      PR  NI    VIRT    RES    SHR S  %CPU %MEM     TIME+ COMMAND
 1447 ubuntu    20   0 9026908 253732  14428 S   6.6  3.3   0:16.06 java
Fri Jun 13 10:16:08 UTC 2014
  PID USER      PR  NI    VIRT    RES    SHR S  %CPU %MEM     TIME+ COMMAND
 1447 ubuntu    20   0 9026908 253732  14428 S   0.0  3.3   0:16.06 java
Fri Jun 13 10:16:09 UTC 2014
  PID USER      PR  NI    VIRT    RES    SHR S  %CPU %MEM     TIME+ COMMAND
 1447 ubuntu    20   0 9026908 253732  14428 S   0.0  3.3   0:16.08 java
Fri Jun 13 10:16:11 UTC 2014
  PID USER      PR  NI    VIRT    RES    SHR S  %CPU %MEM     TIME+ COMMAND
 1447 ubuntu    20   0 9026908 253732  14428 S   6.6  3.3   0:16.10 java
Fri Jun 13 10:16:12 UTC 2014
  PID USER      PR  NI    VIRT    RES    SHR S  %CPU %MEM     TIME+ COMMAND
 1447 ubuntu    20   0 9026908 253732  14428 S   0.0  3.3   0:16.10 java
Fri Jun 13 10:16:13 UTC 2014
  PID USER      PR  NI    VIRT    RES    SHR S  %CPU %MEM     TIME+ COMMAND
 1447 ubuntu    20   0 9026908 253748  14428 S   0.0  3.3   0:16.11 java
Fri Jun 13 10:16:14 UTC 2014
  PID USER      PR  NI    VIRT    RES    SHR S  %CPU %MEM     TIME+ COMMAND
 1447 ubuntu    20   0 9026908 253748  14428 S   6.6  3.3   0:16.13 java
Fri Jun 13 10:16:15 UTC 2014
  PID USER      PR  NI    VIRT    RES    SHR S  %CPU %MEM     TIME+ COMMAND
 1447 ubuntu    20   0 9026908 253748  14428 S   0.0  3.3   0:16.14 java
Fri Jun 13 10:16:16 UTC 2014
  PID USER      PR  NI    VIRT    RES    SHR S  %CPU %MEM     TIME+ COMMAND
 1447 ubuntu    20   0 9026908 253748  14428 S   0.0  3.3   0:16.16 java
Fri Jun 13 10:16:18 UTC 2014
  PID USER      PR  NI    VIRT    RES    SHR S  %CPU %MEM     TIME+ COMMAND
 1447 ubuntu    20   0 9026908 253748  14428 S   0.0  3.3   0:16.19 java
Fri Jun 13 10:16:19 UTC 2014
  PID USER      PR  NI    VIRT    RES    SHR S  %CPU %MEM     TIME+ COMMAND
 1447 ubuntu    20   0 9026908 254472  14428 S   0.0  3.3   0:16.40 java
Fri Jun 13 10:16:20 UTC 2014
  PID USER      PR  NI    VIRT    RES    SHR S  %CPU %MEM     TIME+ COMMAND
 1447 ubuntu    20   0 9026908 254868  14428 S   0.0  3.3   0:16.56 java
Fri Jun 13 10:16:21 UTC 2014
  PID USER      PR  NI    VIRT    RES    SHR S  %CPU %MEM     TIME+ COMMAND
 1447 ubuntu    20   0 9027040 257764  14568 S  33.1  3.4   0:17.14 java
Fri Jun 13 10:16:22 UTC 2014
  PID USER      PR  NI    VIRT    RES    SHR S  %CPU %MEM     TIME+ COMMAND
 1447 ubuntu    20   0 9027172 259248  14592 S  26.4  3.4   0:17.49 java
Fri Jun 13 10:16:23 UTC 2014
  PID USER      PR  NI    VIRT    RES    SHR S  %CPU %MEM     TIME+ COMMAND
 1447 ubuntu    20   0 9027304 260356  14592 S  33.1  3.4   0:17.95 java
Fri Jun 13 10:16:25 UTC 2014
  PID USER      PR  NI    VIRT    RES    SHR S  %CPU %MEM     TIME+ COMMAND
 1447 ubuntu    20   0 9027568 260100  14592 S  26.4  3.4   0:18.55 java
Fri Jun 13 10:16:26 UTC 2014
  PID USER      PR  NI    VIRT    RES    SHR S  %CPU %MEM     TIME+ COMMAND
 1447 ubuntu    20   0 9027700 261348  14592 S 125.6  3.4   0:19.20 java
Fri Jun 13 10:16:27 UTC 2014
  PID USER      PR  NI    VIRT    RES    SHR S  %CPU %MEM     TIME+ COMMAND
 1447 ubuntu    20   0 9027964 262676  14604 S  45.1  3.4   0:20.22 java
Fri Jun 13 10:16:28 UTC 2014
  PID USER      PR  NI    VIRT    RES    SHR S  %CPU %MEM     TIME+ COMMAND
 1447 ubuntu    20   0 9028096 263904  14604 S  59.5  3.4   0:20.91 java
Fri Jun 13 10:16:29 UTC 2014
  PID USER      PR  NI    VIRT    RES    SHR S  %CPU %MEM     TIME+ COMMAND
 1447 ubuntu    20   0 9028360 272308  14612 S  46.4  3.5   0:22.13 java
Fri Jun 13 10:16:31 UTC 2014
  PID USER      PR  NI    VIRT    RES    SHR S  %CPU %MEM     TIME+ COMMAND
 1447 ubuntu    20   0 9028492 296816  14612 S  39.6  3.9   0:22.86 java
Fri Jun 13 10:16:32 UTC 2014
  PID USER      PR  NI    VIRT    RES    SHR S  %CPU %MEM     TIME+ COMMAND
 1447 ubuntu    20   0 9028492 297684  14612 S  39.7  3.9   0:23.63 java
Fri Jun 13 10:16:33 UTC 2014
  PID USER      PR  NI    VIRT    RES    SHR S  %CPU %MEM     TIME+ COMMAND
 1447 ubuntu    20   0 9028492 298832  14616 S 105.7  3.9   0:24.49 java
Fri Jun 13 10:16:34 UTC 2014
  PID USER      PR  NI    VIRT    RES    SHR S  %CPU %MEM     TIME+ COMMAND
 1447 ubuntu    20   0 9028492 298860  14616 S  66.2  3.9   0:25.23 java
Fri Jun 13 10:16:35 UTC 2014
  PID USER      PR  NI    VIRT    RES    SHR S  %CPU %MEM     TIME+ COMMAND
 1447 ubuntu    20   0 9028492 299932  14616 S  72.8  3.9   0:26.22 java
Fri Jun 13 10:16:36 UTC 2014
  PID USER      PR  NI    VIRT    RES    SHR S  %CPU %MEM     TIME+ COMMAND
 1447 ubuntu    20   0 9028492 301380  14616 S  46.1  3.9   0:26.90 java
Fri Jun 13 10:16:38 UTC 2014
  PID USER      PR  NI    VIRT    RES    SHR S  %CPU %MEM     TIME+ COMMAND
 1447 ubuntu    20   0 9028492 324444  14620 S  72.8  4.2   0:27.61 java
Fri Jun 13 10:16:39 UTC 2014
  PID USER      PR  NI    VIRT    RES    SHR S  %CPU %MEM     TIME+ COMMAND
 1447 ubuntu    20   0 9028492 350184  14624 S  32.7  4.6   0:28.19 java
Fri Jun 13 10:16:40 UTC 2014
  PID USER      PR  NI    VIRT    RES    SHR S  %CPU %MEM     TIME+ COMMAND
 1447 ubuntu    20   0 9028492 351508  14624 S 165.3  4.6   0:29.22 java
Fri Jun 13 10:16:41 UTC 2014
  PID USER      PR  NI    VIRT    RES    SHR S  %CPU %MEM     TIME+ COMMAND
 1447 ubuntu    20   0 9028492 354288  14628 S  59.5  4.6   0:30.30 java
Fri Jun 13 10:16:42 UTC 2014
  PID USER      PR  NI    VIRT    RES    SHR S  %CPU %MEM     TIME+ COMMAND
 1447 ubuntu    20   0 9028492 354800  14628 S  26.5  4.6   0:30.60 java
Fri Jun 13 10:16:44 UTC 2014
  PID USER      PR  NI    VIRT    RES    SHR S  %CPU %MEM     TIME+ COMMAND
 1447 ubuntu    20   0 9028492 355696  14628 S  19.9  4.6   0:30.99 java
Fri Jun 13 10:16:45 UTC 2014
  PID USER      PR  NI    VIRT    RES    SHR S  %CPU %MEM     TIME+ COMMAND
 1447 ubuntu    20   0 9028492 351096  14628 S  33.1  4.6   0:31.31 java
Fri Jun 13 10:16:46 UTC 2014
  PID USER      PR  NI    VIRT    RES    SHR S  %CPU %MEM     TIME+ COMMAND
 1447 ubuntu    20   0 9028492 351096  14628 S   6.6  4.6   0:31.54 java
Fri Jun 13 10:16:47 UTC 2014
  PID USER      PR  NI    VIRT    RES    SHR S  %CPU %MEM     TIME+ COMMAND
 1447 ubuntu    20   0 9028492 351096  14628 S  13.2  4.6   0:31.71 java
Fri Jun 13 10:16:48 UTC 2014
  PID USER      PR  NI    VIRT    RES    SHR S  %CPU %MEM     TIME+ COMMAND
 1447 ubuntu    20   0 9028492 351096  14628 S   0.0  4.6   0:31.98 java
Fri Jun 13 10:16:49 UTC 2014
  PID USER      PR  NI    VIRT    RES    SHR S  %CPU %MEM     TIME+ COMMAND
 1447 ubuntu    20   0 9028492 351096  14628 S  19.9  4.6   0:32.19 java
Fri Jun 13 10:16:51 UTC 2014
  PID USER      PR  NI    VIRT    RES    SHR S  %CPU %MEM     TIME+ COMMAND
 1447 ubuntu    20   0 9028492 351096  14628 S  19.8  4.6   0:32.39 java
Fri Jun 13 10:16:52 UTC 2014
  PID USER      PR  NI    VIRT    RES    SHR S  %CPU %MEM     TIME+ COMMAND
 1447 ubuntu    20   0 9028492 346756  14628 S  19.8  4.5   0:32.68 java
Fri Jun 13 10:16:53 UTC 2014
  PID USER      PR  NI    VIRT    RES    SHR S  %CPU %MEM     TIME+ COMMAND
 1447 ubuntu    20   0 9028492 346756  14628 S  13.2  4.5   0:32.84 java
Fri Jun 13 10:16:54 UTC 2014
  PID USER      PR  NI    VIRT    RES    SHR S  %CPU %MEM     TIME+ COMMAND
 1447 ubuntu    20   0 9028492 346756  14628 S  19.9  4.5   0:33.04 java
Fri Jun 13 10:16:55 UTC 2014
  PID USER      PR  NI    VIRT    RES    SHR S  %CPU %MEM     TIME+ COMMAND
 1447 ubuntu    20   0 9028492 346756  14628 S  19.8  4.5   0:33.27 java
Fri Jun 13 10:16:57 UTC 2014
  PID USER      PR  NI    VIRT    RES    SHR S  %CPU %MEM     TIME+ COMMAND
 1447 ubuntu    20   0 9028492 346124  14628 S  19.9  4.5   0:33.46 java
Fri Jun 13 10:16:58 UTC 2014
  PID USER      PR  NI    VIRT    RES    SHR S  %CPU %MEM     TIME+ COMMAND
 1447 ubuntu    20   0 9028492 346124  14628 S  19.9  4.5   0:33.66 java
Fri Jun 13 10:16:59 UTC 2014
  PID USER      PR  NI    VIRT    RES    SHR S  %CPU %MEM     TIME+ COMMAND
 1447 ubuntu    20   0 9028492 346124  14628 S  13.2  4.5   0:33.88 java
Fri Jun 13 10:17:00 UTC 2014
  PID USER      PR  NI    VIRT    RES    SHR S  %CPU %MEM     TIME+ COMMAND
 1447 ubuntu    20   0 9028492 346124  14628 S  13.3  4.5   0:34.11 java
Fri Jun 13 10:17:01 UTC 2014
  PID USER      PR  NI    VIRT    RES    SHR S  %CPU %MEM     TIME+ COMMAND
 1447 ubuntu    20   0 9028492 346124  14628 S  33.1  4.5   0:34.32 java
Fri Jun 13 10:17:02 UTC 2014
  PID USER      PR  NI    VIRT    RES    SHR S  %CPU %MEM     TIME+ COMMAND
 1447 ubuntu    20   0 9028492 346412  14628 S  33.1  4.5   0:34.59 java
Fri Jun 13 10:17:04 UTC 2014
  PID USER      PR  NI    VIRT    RES    SHR S  %CPU %MEM     TIME+ COMMAND
 1447 ubuntu    20   0 9028492 346412  14628 S  26.5  4.5   0:34.91 java
Fri Jun 13 10:17:05 UTC 2014
  PID USER      PR  NI    VIRT    RES    SHR S  %CPU %MEM     TIME+ COMMAND
 1447 ubuntu    20   0 9028492 346412  14628 S  13.3  4.5   0:35.15 java
Fri Jun 13 10:17:06 UTC 2014
  PID USER      PR  NI    VIRT    RES    SHR S  %CPU %MEM     TIME+ COMMAND
 1447 ubuntu    20   0 9028492 341956  14628 S  26.4  4.4   0:35.44 java
Fri Jun 13 10:17:07 UTC 2014
  PID USER      PR  NI    VIRT    RES    SHR S  %CPU %MEM     TIME+ COMMAND
 1447 ubuntu    20   0 9028492 341956  14628 S   6.6  4.4   0:35.67 java
Fri Jun 13 10:17:08 UTC 2014
  PID USER      PR  NI    VIRT    RES    SHR S  %CPU %MEM     TIME+ COMMAND
 1447 ubuntu    20   0 9028492 341956  14628 S   0.0  4.4   0:35.94 java
Fri Jun 13 10:17:09 UTC 2014
  PID USER      PR  NI    VIRT    RES    SHR S  %CPU %MEM     TIME+ COMMAND
 1447 ubuntu    20   0 9028492 341956  14628 S  39.8  4.4   0:36.20 java
Fri Jun 13 10:17:11 UTC 2014
  PID USER      PR  NI    VIRT    RES    SHR S  %CPU %MEM     TIME+ COMMAND
 1447 ubuntu    20   0 9028492 335912  14628 S  19.9  4.4   0:36.46 java
Fri Jun 13 10:17:12 UTC 2014
  PID USER      PR  NI    VIRT    RES    SHR S  %CPU %MEM     TIME+ COMMAND
 1447 ubuntu    20   0 9028492 335912  14628 S  13.2  4.4   0:36.64 java
Fri Jun 13 10:17:13 UTC 2014
  PID USER      PR  NI    VIRT    RES    SHR S  %CPU %MEM     TIME+ COMMAND
 1447 ubuntu    20   0 9029520 335976  14628 S   6.6  4.4   0:36.84 java
Fri Jun 13 10:17:14 UTC 2014
  PID USER      PR  NI    VIRT    RES    SHR S  %CPU %MEM     TIME+ COMMAND
 1447 ubuntu    20   0 9029520 335976  14628 S  13.2  4.4   0:37.06 java
Fri Jun 13 10:17:15 UTC 2014
  PID USER      PR  NI    VIRT    RES    SHR S  %CPU %MEM     TIME+ COMMAND
 1447 ubuntu    20   0 9029520 328280  14628 S  19.9  4.3   0:37.28 java
Fri Jun 13 10:17:17 UTC 2014
  PID USER      PR  NI    VIRT    RES    SHR S  %CPU %MEM     TIME+ COMMAND
 1447 ubuntu    20   0 9029520 328280  14628 S  19.9  4.3   0:37.51 java
Fri Jun 13 10:17:18 UTC 2014
  PID USER      PR  NI    VIRT    RES    SHR S  %CPU %MEM     TIME+ COMMAND
 1447 ubuntu    20   0 9029520 328280  14628 S  13.2  4.3   0:37.74 java
Fri Jun 13 10:17:19 UTC 2014
  PID USER      PR  NI    VIRT    RES    SHR S  %CPU %MEM     TIME+ COMMAND
 1447 ubuntu    20   0 9029520 328280  14628 S  19.9  4.3   0:38.02 java
Fri Jun 13 10:17:20 UTC 2014
  PID USER      PR  NI    VIRT    RES    SHR S  %CPU %MEM     TIME+ COMMAND
 1447 ubuntu    20   0 9029520 322124  14628 S  26.2  4.2   0:38.24 java
Fri Jun 13 10:17:21 UTC 2014
  PID USER      PR  NI    VIRT    RES    SHR S  %CPU %MEM     TIME+ COMMAND
 1447 ubuntu    20   0 9029520 322124  14628 S  26.5  4.2   0:38.51 java
Fri Jun 13 10:17:22 UTC 2014
  PID USER      PR  NI    VIRT    RES    SHR S  %CPU %MEM     TIME+ COMMAND
 1447 ubuntu    20   0 9029520 322124  14628 S  19.8  4.2   0:38.73 java
Fri Jun 13 10:17:24 UTC 2014
  PID USER      PR  NI    VIRT    RES    SHR S  %CPU %MEM     TIME+ COMMAND
 1447 ubuntu    20   0 9029520 316052  14632 S  26.4  4.1   0:39.06 java
Fri Jun 13 10:17:25 UTC 2014
  PID USER      PR  NI    VIRT    RES    SHR S  %CPU %MEM     TIME+ COMMAND
 1447 ubuntu    20   0 9029520 316052  14632 S  13.2  4.1   0:39.37 java
Fri Jun 13 10:17:26 UTC 2014
  PID USER      PR  NI    VIRT    RES    SHR S  %CPU %MEM     TIME+ COMMAND
 1447 ubuntu    20   0 9029520 316052  14632 S  19.8  4.1   0:39.62 java
Fri Jun 13 10:17:27 UTC 2014
  PID USER      PR  NI    VIRT    RES    SHR S  %CPU %MEM     TIME+ COMMAND
 1447 ubuntu    20   0 9029520 309644  14632 S  13.2  4.0   0:39.90 java
Fri Jun 13 10:17:28 UTC 2014
  PID USER      PR  NI    VIRT    RES    SHR S  %CPU %MEM     TIME+ COMMAND
 1447 ubuntu    20   0 9029520 309644  14632 S  26.4  4.0   0:40.21 java
Fri Jun 13 10:17:30 UTC 2014
  PID USER      PR  NI    VIRT    RES    SHR S  %CPU %MEM     TIME+ COMMAND
 1447 ubuntu    20   0 9029520 304000  14632 S  26.3  4.0   0:40.53 java
Fri Jun 13 10:17:31 UTC 2014
  PID USER      PR  NI    VIRT    RES    SHR S  %CPU %MEM     TIME+ COMMAND
 1447 ubuntu    20   0 9029520 304000  14632 S  19.8  4.0   0:40.76 java
Fri Jun 13 10:17:32 UTC 2014
  PID USER      PR  NI    VIRT    RES    SHR S  %CPU %MEM     TIME+ COMMAND
 1447 ubuntu    20   0 9029520 304000  14632 S  19.9  4.0   0:40.99 java
Fri Jun 13 10:17:33 UTC 2014
  PID USER      PR  NI    VIRT    RES    SHR S  %CPU %MEM     TIME+ COMMAND
 1447 ubuntu    20   0 9029520 297844  14632 S  13.2  3.9   0:41.24 java
Fri Jun 13 10:17:34 UTC 2014
  PID USER      PR  NI    VIRT    RES    SHR S  %CPU %MEM     TIME+ COMMAND
 1447 ubuntu    20   0 9029520 297844  14632 S  26.5  3.9   0:41.51 java
Fri Jun 13 10:17:35 UTC 2014
  PID USER      PR  NI    VIRT    RES    SHR S  %CPU %MEM     TIME+ COMMAND
 1447 ubuntu    20   0 9029520 292716  14632 S  46.4  3.8   0:41.87 java
Fri Jun 13 10:17:37 UTC 2014
  PID USER      PR  NI    VIRT    RES    SHR S  %CPU %MEM     TIME+ COMMAND
 1447 ubuntu    20   0 9029520 292716  14632 S  26.5  3.8   0:42.11 java
Fri Jun 13 10:17:38 UTC 2014
  PID USER      PR  NI    VIRT    RES    SHR S  %CPU %MEM     TIME+ COMMAND
 1447 ubuntu    20   0 9029520 287332  14632 S  26.4  3.7   0:42.44 java
Fri Jun 13 10:17:39 UTC 2014
  PID USER      PR  NI    VIRT    RES    SHR S  %CPU %MEM     TIME+ COMMAND
 1447 ubuntu    20   0 9029520 287332  14632 S  46.4  3.7   0:42.82 java
Fri Jun 13 10:17:40 UTC 2014
  PID USER      PR  NI    VIRT    RES    SHR S  %CPU %MEM     TIME+ COMMAND
 1447 ubuntu    20   0 9029520 282716  14632 S  19.8  3.7   0:43.21 java
Fri Jun 13 10:17:41 UTC 2014
  PID USER      PR  NI    VIRT    RES    SHR S  %CPU %MEM     TIME+ COMMAND
 1447 ubuntu    20   0 9029520 282716  14632 S  26.5  3.7   0:43.51 java
Fri Jun 13 10:17:42 UTC 2014
  PID USER      PR  NI    VIRT    RES    SHR S  %CPU %MEM     TIME+ COMMAND
 1447 ubuntu    20   0 9029520 277072  14632 S  46.4  3.6   0:43.88 java
Fri Jun 13 10:17:44 UTC 2014
  PID USER      PR  NI    VIRT    RES    SHR S  %CPU %MEM     TIME+ COMMAND
 1447 ubuntu    20   0 9029520 272456  14632 S  26.4  3.5   0:44.25 java
Fri Jun 13 10:17:45 UTC 2014
  PID USER      PR  NI    VIRT    RES    SHR S  %CPU %MEM     TIME+ COMMAND
 1447 ubuntu    20   0 9029520 268352  14632 S  39.5  3.5   0:44.68 java
Fri Jun 13 10:17:46 UTC 2014
  PID USER      PR  NI    VIRT    RES    SHR S  %CPU %MEM     TIME+ COMMAND
 1447 ubuntu    20   0 9029520 268352  14632 S  26.5  3.5   0:44.96 java
Fri Jun 13 10:17:47 UTC 2014
  PID USER      PR  NI    VIRT    RES    SHR S  %CPU %MEM     TIME+ COMMAND
 1447 ubuntu    20   0 9029520 264248  14632 S  19.9  3.4   0:45.24 java
Fri Jun 13 10:17:48 UTC 2014
  PID USER      PR  NI    VIRT    RES    SHR S  %CPU %MEM     TIME+ COMMAND
 1447 ubuntu    20   0 9029520 259116  14632 S  46.3  3.4   0:45.61 java
Fri Jun 13 10:17:50 UTC 2014
  PID USER      PR  NI    VIRT    RES    SHR S  %CPU %MEM     TIME+ COMMAND
 1447 ubuntu    20   0 9029520 259116  14632 S  19.8  3.4   0:45.97 java
Fri Jun 13 10:17:51 UTC 2014
  PID USER      PR  NI    VIRT    RES    SHR S  %CPU %MEM     TIME+ COMMAND
 1447 ubuntu    20   0 9029520 255528  14632 S  46.4  3.3   0:46.37 java
Fri Jun 13 10:17:52 UTC 2014
  PID USER      PR  NI    VIRT    RES    SHR S  %CPU %MEM     TIME+ COMMAND
 1447 ubuntu    20   0 9029520 252200  14632 S  33.1  3.3   0:46.77 java
Fri Jun 13 10:17:53 UTC 2014
  PID USER      PR  NI    VIRT    RES    SHR S  %CPU %MEM     TIME+ COMMAND
 1447 ubuntu    20   0 9029520 248608  14632 S  13.2  3.2   0:47.01 java
Fri Jun 13 10:17:54 UTC 2014
  PID USER      PR  NI    VIRT    RES    SHR S  %CPU %MEM     TIME+ COMMAND
 1447 ubuntu    20   0 9029520 245016  14632 S  39.8  3.2   0:47.51 java
Fri Jun 13 10:17:55 UTC 2014
  PID USER      PR  NI    VIRT    RES    SHR S  %CPU %MEM     TIME+ COMMAND
 1447 ubuntu    20   0 9029520 241940  14632 S  59.6  3.1   0:47.85 java
Fri Jun 13 10:17:57 UTC 2014
  PID USER      PR  NI    VIRT    RES    SHR S  %CPU %MEM     TIME+ COMMAND
 1447 ubuntu    20   0 9029520 239888  14632 S  13.2  3.1   0:48.35 java
Fri Jun 13 10:17:58 UTC 2014
  PID USER      PR  NI    VIRT    RES    SHR S  %CPU %MEM     TIME+ COMMAND
 1447 ubuntu    20   0 9029520 236808  14632 S  33.1  3.1   0:48.75 java
Fri Jun 13 10:17:59 UTC 2014
  PID USER      PR  NI    VIRT    RES    SHR S  %CPU %MEM     TIME+ COMMAND
 1447 ubuntu    20   0 9029520 234244  14632 S  26.4  3.0   0:49.22 java
Fri Jun 13 10:18:00 UTC 2014
  PID USER      PR  NI    VIRT    RES    SHR S  %CPU %MEM     TIME+ COMMAND
 1447 ubuntu    20   0 9029520 231180  14632 S  19.9  3.0   0:49.57 java
Fri Jun 13 10:18:01 UTC 2014
  PID USER      PR  NI    VIRT    RES    SHR S  %CPU %MEM     TIME+ COMMAND
 1447 ubuntu    20   0 9029520 226564  14632 S  52.9  2.9   0:50.13 java
Fri Jun 13 10:18:02 UTC 2014
  PID USER      PR  NI    VIRT    RES    SHR S  %CPU %MEM     TIME+ COMMAND
 1447 ubuntu    20   0 9029520 226052  14632 S  26.5  2.9   0:50.65 java
Fri Jun 13 10:18:04 UTC 2014
  PID USER      PR  NI    VIRT    RES    SHR S  %CPU %MEM     TIME+ COMMAND
 1447 ubuntu    20   0 9029520 222460  14632 S  66.2  2.9   0:51.11 java
Fri Jun 13 10:18:05 UTC 2014
  PID USER      PR  NI    VIRT    RES    SHR S  %CPU %MEM     TIME+ COMMAND
 1447 ubuntu    20   0 9029520 219384  14632 S  53.0  2.9   0:51.64 java
Fri Jun 13 10:18:06 UTC 2014
  PID USER      PR  NI    VIRT    RES    SHR S  %CPU %MEM     TIME+ COMMAND
 1447 ubuntu    20   0 9029520 219384  14632 S  66.2  2.9   0:52.01 java
Fri Jun 13 10:18:07 UTC 2014
  PID USER      PR  NI    VIRT    RES    SHR S  %CPU %MEM     TIME+ COMMAND
 1447 ubuntu    20   0 9029672 214764  14632 S  39.7  2.8   0:52.67 java
Fri Jun 13 10:18:08 UTC 2014
  PID USER      PR  NI    VIRT    RES    SHR S  %CPU %MEM     TIME+ COMMAND
 1447 ubuntu    20   0 9029672 215028  14632 S  46.4  2.8   0:53.10 java
Fri Jun 13 10:18:10 UTC 2014
  PID USER      PR  NI    VIRT    RES    SHR S  %CPU %MEM     TIME+ COMMAND
 1447 ubuntu    20   0 9029672 213624  14632 S  43.8  2.8   0:53.63 java
Fri Jun 13 10:18:11 UTC 2014
  PID USER      PR  NI    VIRT    RES    SHR S  %CPU %MEM     TIME+ COMMAND
 1447 ubuntu    20   0 9029672 212132  14632 S  33.1  2.8   0:54.06 java
Fri Jun 13 10:18:12 UTC 2014
  PID USER      PR  NI    VIRT    RES    SHR S  %CPU %MEM     TIME+ COMMAND
 1447 ubuntu    20   0 9029672 211728  14632 S  26.5  2.8   0:54.60 java
Fri Jun 13 10:18:13 UTC 2014
  PID USER      PR  NI    VIRT    RES    SHR S  %CPU %MEM     TIME+ COMMAND
 1447 ubuntu    20   0 9029672 210704  14632 S  33.1  2.7   0:54.98 java
Fri Jun 13 10:18:14 UTC 2014
  PID USER      PR  NI    VIRT    RES    SHR S  %CPU %MEM     TIME+ COMMAND
 1447 ubuntu    20   0 9029672 209900  14632 S  33.0  2.7   0:55.48 java
Fri Jun 13 10:18:15 UTC 2014
  PID USER      PR  NI    VIRT    RES    SHR S  %CPU %MEM     TIME+ COMMAND
 1447 ubuntu    20   0 9029804 209388  14632 S  53.0  2.7   0:56.03 java
Fri Jun 13 10:18:17 UTC 2014
  PID USER      PR  NI    VIRT    RES    SHR S  %CPU %MEM     TIME+ COMMAND
 1447 ubuntu    20   0 9029804 208364  14632 S  52.9  2.7   0:56.57 java
Fri Jun 13 10:18:18 UTC 2014
  PID USER      PR  NI    VIRT    RES    SHR S  %CPU %MEM     TIME+ COMMAND
 1447 ubuntu    20   0 9029804 208372  14632 S  46.4  2.7   0:57.25 java
Fri Jun 13 10:18:19 UTC 2014
  PID USER      PR  NI    VIRT    RES    SHR S  %CPU %MEM     TIME+ COMMAND
 1447 ubuntu    20   0 9029804 208132  14632 S  26.5  2.7   0:57.83 java
Fri Jun 13 10:18:20 UTC 2014
  PID USER      PR  NI    VIRT    RES    SHR S  %CPU %MEM     TIME+ COMMAND
 1447 ubuntu    20   0 9029804 209244  14632 S  26.5  2.7   0:58.41 java
Fri Jun 13 10:18:21 UTC 2014
  PID USER      PR  NI    VIRT    RES    SHR S  %CPU %MEM     TIME+ COMMAND
 1447 ubuntu    20   0 9029804 209236  14632 S  59.5  2.7   0:58.99 java
Fri Jun 13 10:18:23 UTC 2014
  PID USER      PR  NI    VIRT    RES    SHR S  %CPU %MEM     TIME+ COMMAND
 1447 ubuntu    20   0 9029804 209200  14632 S  19.9  2.7   0:59.53 java
Fri Jun 13 10:18:24 UTC 2014
  PID USER      PR  NI    VIRT    RES    SHR S  %CPU %MEM     TIME+ COMMAND
 1447 ubuntu    20   0 9029804 208184  14632 S  72.7  2.7   1:00.22 java
Fri Jun 13 10:18:25 UTC 2014
  PID USER      PR  NI    VIRT    RES    SHR S  %CPU %MEM     TIME+ COMMAND
 1447 ubuntu    20   0 9030080 207908  14632 S  59.5  2.7   1:00.88 java
Fri Jun 13 10:18:26 UTC 2014
  PID USER      PR  NI    VIRT    RES    SHR S  %CPU %MEM     TIME+ COMMAND
 1447 ubuntu    20   0 9030080 207920  14632 S  85.6  2.7   1:01.62 java
Fri Jun 13 10:18:27 UTC 2014
  PID USER      PR  NI    VIRT    RES    SHR S  %CPU %MEM     TIME+ COMMAND
 1447 ubuntu    20   0 9030080 207416  14632 S  66.2  2.7   1:02.24 java
Fri Jun 13 10:18:28 UTC 2014
  PID USER      PR  NI    VIRT    RES    SHR S  %CPU %MEM     TIME+ COMMAND
 1447 ubuntu    20   0 9030220 211372  14632 S  59.5  2.7   1:02.93 java
Fri Jun 13 10:18:30 UTC 2014
  PID USER      PR  NI    VIRT    RES    SHR S  %CPU %MEM     TIME+ COMMAND
 1447 ubuntu    20   0 9030444 211896  14632 S  52.7  2.8   1:03.67 java
Fri Jun 13 10:18:31 UTC 2014
  PID USER      PR  NI    VIRT    RES    SHR S  %CPU %MEM     TIME+ COMMAND
 1447 ubuntu    20   0 9030588 222092  14632 S  72.8  2.9   1:04.53 java
Fri Jun 13 10:18:32 UTC 2014
  PID USER      PR  NI    VIRT    RES    SHR S  %CPU %MEM     TIME+ COMMAND
 1447 ubuntu    20   0 9030588 233932  14632 S  52.9  3.0   1:05.33 java
Fri Jun 13 10:18:33 UTC 2014
  PID USER      PR  NI    VIRT    RES    SHR S  %CPU %MEM     TIME+ COMMAND
 1447 ubuntu    20   0 9030808 234720  14632 S  79.5  3.1   1:06.11 java
Fri Jun 13 10:18:34 UTC 2014
  PID USER      PR  NI    VIRT    RES    SHR S  %CPU %MEM     TIME+ COMMAND
 1447 ubuntu    20   0 9030808 235248  14632 S  92.7  3.1   1:06.89 java
Fri Jun 13 10:18:36 UTC 2014
  PID USER      PR  NI    VIRT    RES    SHR S  %CPU %MEM     TIME+ COMMAND
 1447 ubuntu    20   0 9030808 236040  14632 S  72.9  3.1   1:07.74 java
Fri Jun 13 10:18:37 UTC 2014
  PID USER      PR  NI    VIRT    RES    SHR S  %CPU %MEM     TIME+ COMMAND
 1447 ubuntu    20   0 9030808 236024  14632 S  59.6  3.1   1:08.39 java
Fri Jun 13 10:18:38 UTC 2014
  PID USER      PR  NI    VIRT    RES    SHR S  %CPU %MEM     TIME+ COMMAND
 1447 ubuntu    20   0 9030808 236036  14632 S  53.0  3.1   1:09.19 java
Fri Jun 13 10:18:39 UTC 2014
  PID USER      PR  NI    VIRT    RES    SHR S  %CPU %MEM     TIME+ COMMAND
 1447 ubuntu    20   0 9030972 235260  14632 S  79.3  3.1   1:10.10 java
Fri Jun 13 10:18:40 UTC 2014
  PID USER      PR  NI    VIRT    RES    SHR S  %CPU %MEM     TIME+ COMMAND
 1447 ubuntu    20   0 9031332 235272  14632 S  66.0  3.1   1:10.96 java
Fri Jun 13 10:18:41 UTC 2014
  PID USER      PR  NI    VIRT    RES    SHR S  %CPU %MEM     TIME+ COMMAND
 1447 ubuntu    20   0 9031468 235264  14632 S  59.4  3.1   1:11.94 java
Fri Jun 13 10:18:43 UTC 2014
  PID USER      PR  NI    VIRT    RES    SHR S  %CPU %MEM     TIME+ COMMAND
 1447 ubuntu    20   0 9031612 234504  14632 S  79.4  3.0   1:12.90 java
Fri Jun 13 10:18:44 UTC 2014
  PID USER      PR  NI    VIRT    RES    SHR S  %CPU %MEM     TIME+ COMMAND
 1447 ubuntu    20   0 9031612 233992  14632 S  79.5  3.0   1:13.77 java
Fri Jun 13 10:18:45 UTC 2014
  PID USER      PR  NI    VIRT    RES    SHR S  %CPU %MEM     TIME+ COMMAND
 1447 ubuntu    20   0 9031776 233752  14632 S 105.9  3.0   1:14.81 java
Fri Jun 13 10:18:46 UTC 2014
  PID USER      PR  NI    VIRT    RES    SHR S  %CPU %MEM     TIME+ COMMAND
 1447 ubuntu    20   0 9031776 234020  14632 S  46.3  3.0   1:15.54 java
Fri Jun 13 10:18:47 UTC 2014
  PID USER      PR  NI    VIRT    RES    SHR S  %CPU %MEM     TIME+ COMMAND
 1447 ubuntu    20   0 9031776 234464  14632 S 105.8  3.0   1:16.46 java
Fri Jun 13 10:18:49 UTC 2014
  PID USER      PR  NI    VIRT    RES    SHR S  %CPU %MEM     TIME+ COMMAND
 1447 ubuntu    20   0 9032148 235496  14632 S  99.4  3.1   1:17.39 java
Fri Jun 13 10:18:50 UTC 2014
  PID USER      PR  NI    VIRT    RES    SHR S  %CPU %MEM     TIME+ COMMAND
 1447 ubuntu    20   0 9032148 235832  14632 S  86.1  3.1   1:18.28 java
Fri Jun 13 10:18:51 UTC 2014
  PID USER      PR  NI    VIRT    RES    SHR S  %CPU %MEM     TIME+ COMMAND
 1447 ubuntu    20   0 9032292 238768  14632 S  33.1  3.1   1:19.05 java
Fri Jun 13 10:18:52 UTC 2014
  PID USER      PR  NI    VIRT    RES    SHR S  %CPU %MEM     TIME+ COMMAND
 1447 ubuntu    20   0 9032424 244032  14632 S  38.6  3.2   1:19.86 java
Fri Jun 13 10:18:53 UTC 2014
  PID USER      PR  NI    VIRT    RES    SHR S  %CPU %MEM     TIME+ COMMAND
 1447 ubuntu    20   0 9032736 244268  14632 S  92.5  3.2   1:20.64 java
Fri Jun 13 10:18:54 UTC 2014
  PID USER      PR  NI    VIRT    RES    SHR S  %CPU %MEM     TIME+ COMMAND
 1447 ubuntu    20   0 9032876 253024  14632 S  79.5  3.3   1:21.78 java
Fri Jun 13 10:18:56 UTC 2014
  PID USER      PR  NI    VIRT    RES    SHR S  %CPU %MEM     TIME+ COMMAND
 1447 ubuntu    20   0 9032876 253540  14632 S  79.4  3.3   1:22.61 java
Fri Jun 13 10:18:57 UTC 2014
  PID USER      PR  NI    VIRT    RES    SHR S  %CPU %MEM     TIME+ COMMAND
 1447 ubuntu    20   0 9033016 254364  14632 S  86.0  3.3   1:23.62 java
Fri Jun 13 10:18:58 UTC 2014
  PID USER      PR  NI    VIRT    RES    SHR S  %CPU %MEM     TIME+ COMMAND
 1447 ubuntu    20   0 9033016 254788  14632 S  86.1  3.3   1:24.41 java
Fri Jun 13 10:18:59 UTC 2014
  PID USER      PR  NI    VIRT    RES    SHR S  %CPU %MEM     TIME+ COMMAND
 1447 ubuntu    20   0 9033160 255328  14632 S  71.9  3.3   1:25.28 java
Fri Jun 13 10:19:00 UTC 2014
  PID USER      PR  NI    VIRT    RES    SHR S  %CPU %MEM     TIME+ COMMAND
 1447 ubuntu    20   0 9033452 256428  14632 S  86.1  3.3   1:26.20 java
Fri Jun 13 10:19:02 UTC 2014
  PID USER      PR  NI    VIRT    RES    SHR S  %CPU %MEM     TIME+ COMMAND
 1447 ubuntu    20   0 9033596 256456  14632 S  85.9  3.3   1:27.05 java
Fri Jun 13 10:19:03 UTC 2014
  PID USER      PR  NI    VIRT    RES    SHR S  %CPU %MEM     TIME+ COMMAND
 1447 ubuntu    20   0 9034176 257776  14632 S 125.9  3.4   1:28.02 java
Fri Jun 13 10:19:04 UTC 2014
  PID USER      PR  NI    VIRT    RES    SHR S  %CPU %MEM     TIME+ COMMAND
 1447 ubuntu    20   0 9034320 260284  14632 S  98.6  3.4   1:29.12 java
Fri Jun 13 10:19:05 UTC 2014
  PID USER      PR  NI    VIRT    RES    SHR S  %CPU %MEM     TIME+ COMMAND
 1447 ubuntu    20   0 9034604 260284  14632 S  46.0  3.4   1:30.06 java
Fri Jun 13 10:19:06 UTC 2014
  PID USER      PR  NI    VIRT    RES    SHR S  %CPU %MEM     TIME+ COMMAND
 1447 ubuntu    20   0 9034604 260732  14632 S  99.2  3.4   1:30.93 java
Fri Jun 13 10:19:07 UTC 2014
  PID USER      PR  NI    VIRT    RES    SHR S  %CPU %MEM     TIME+ COMMAND
 1447 ubuntu    20   0 9034736 260880  14632 S  86.0  3.4   1:31.80 java
Fri Jun 13 10:19:09 UTC 2014
  PID USER      PR  NI    VIRT    RES    SHR S  %CPU %MEM     TIME+ COMMAND
 1447 ubuntu    20   0 9034736 261376  14632 S 138.8  3.4   1:32.88 java
Fri Jun 13 10:19:10 UTC 2014
  PID USER      PR  NI    VIRT    RES    SHR S  %CPU %MEM     TIME+ COMMAND
 1447 ubuntu    20   0 9035052 262020  14632 S  72.9  3.4   1:33.91 java
Fri Jun 13 10:19:11 UTC 2014
  PID USER      PR  NI    VIRT    RES    SHR S  %CPU %MEM     TIME+ COMMAND
 1447 ubuntu    20   0 9035340 261516  14632 S  66.2  3.4   1:34.86 java
Fri Jun 13 10:19:12 UTC 2014
  PID USER      PR  NI    VIRT    RES    SHR S  %CPU %MEM     TIME+ COMMAND
 1447 ubuntu    20   0 9035772 261016  14632 S  92.8  3.4   1:35.72 java
Fri Jun 13 10:19:13 UTC 2014
  PID USER      PR  NI    VIRT    RES    SHR S  %CPU %MEM     TIME+ COMMAND
 1447 ubuntu    20   0 9035920 259984  14632 S  72.8  3.4   1:36.71 java
Fri Jun 13 10:19:15 UTC 2014
  PID USER      PR  NI    VIRT    RES    SHR S  %CPU %MEM     TIME+ COMMAND
 1447 ubuntu    20   0 9035920 260248  14632 S 119.0  3.4   1:37.91 java
Fri Jun 13 10:19:16 UTC 2014
  PID USER      PR  NI    VIRT    RES    SHR S  %CPU %MEM     TIME+ COMMAND
 1447 ubuntu    20   0 9036196 259508  14632 S  52.9  3.4   1:38.94 java
Fri Jun 13 10:19:17 UTC 2014
  PID USER      PR  NI    VIRT    RES    SHR S  %CPU %MEM     TIME+ COMMAND
 1447 ubuntu    20   0 9036372 271824  14632 S  78.3  3.5   1:39.91 java
Fri Jun 13 10:19:18 UTC 2014
  PID USER      PR  NI    VIRT    RES    SHR S  %CPU %MEM     TIME+ COMMAND
 1447 ubuntu    20   0 9036520 272288  14632 S  86.1  3.5   1:41.02 java
Fri Jun 13 10:19:19 UTC 2014
  PID USER      PR  NI    VIRT    RES    SHR S  %CPU %MEM     TIME+ COMMAND
 1447 ubuntu    20   0 9036664 273812  14632 S  66.0  3.6   1:42.25 java
Fri Jun 13 10:19:21 UTC 2014
  PID USER      PR  NI    VIRT    RES    SHR S  %CPU %MEM     TIME+ COMMAND
 1447 ubuntu    20   0 9036664 289244  14632 S  39.7  3.8   1:43.25 java
Fri Jun 13 10:19:22 UTC 2014
  PID USER      PR  NI    VIRT    RES    SHR S  %CPU %MEM     TIME+ COMMAND
 1447 ubuntu    20   0 9036964 304528  14632 S  99.2  4.0   1:44.26 java
Fri Jun 13 10:19:23 UTC 2014
  PID USER      PR  NI    VIRT    RES    SHR S  %CPU %MEM     TIME+ COMMAND
 1447 ubuntu    20   0 9036964 311916  14632 S  66.0  4.1   1:45.27 java
Fri Jun 13 10:19:24 UTC 2014
  PID USER      PR  NI    VIRT    RES    SHR S  %CPU %MEM     TIME+ COMMAND
 1447 ubuntu    20   0 9037164 312180  14632 S  72.9  4.1   1:46.44 java
Fri Jun 13 10:19:25 UTC 2014
  PID USER      PR  NI    VIRT    RES    SHR S  %CPU %MEM     TIME+ COMMAND
 1447 ubuntu    20   0 9037312 311456  14632 S 105.6  4.0   1:47.61 java
Fri Jun 13 10:19:27 UTC 2014
  PID USER      PR  NI    VIRT    RES    SHR S  %CPU %MEM     TIME+ COMMAND
 1447 ubuntu    20   0 9037312 311564  14632 S  66.1  4.0   1:48.57 java
Fri Jun 13 10:19:28 UTC 2014
  PID USER      PR  NI    VIRT    RES    SHR S  %CPU %MEM     TIME+ COMMAND
 1447 ubuntu    20   0 9037468 311052  14632 S 131.1  4.0   1:49.80 java
Fri Jun 13 10:19:29 UTC 2014
  PID USER      PR  NI    VIRT    RES    SHR S  %CPU %MEM     TIME+ COMMAND
 1447 ubuntu    20   0 9037468 309864  14632 S  92.8  4.0   1:51.01 java
Fri Jun 13 10:19:30 UTC 2014
  PID USER      PR  NI    VIRT    RES    SHR S  %CPU %MEM     TIME+ COMMAND
 1447 ubuntu    20   0 9038008 309880  14632 S 106.0  4.0   1:52.39 java
Fri Jun 13 10:19:31 UTC 2014
  PID USER      PR  NI    VIRT    RES    SHR S  %CPU %MEM     TIME+ COMMAND
 1447 ubuntu    20   0 9038288 308124  14632 S 138.9  4.0   1:53.79 java
Fri Jun 13 10:19:33 UTC 2014
  PID USER      PR  NI    VIRT    RES    SHR S  %CPU %MEM     TIME+ COMMAND
 1447 ubuntu    20   0 9038288 307360  14632 S 102.3  4.0   1:54.87 java
Fri Jun 13 10:19:34 UTC 2014
  PID USER      PR  NI    VIRT    RES    SHR S  %CPU %MEM     TIME+ COMMAND
 1447 ubuntu    20   0 9038436 306856  14632 S 105.6  4.0   1:56.12 java
Fri Jun 13 10:19:35 UTC 2014
  PID USER      PR  NI    VIRT    RES    SHR S  %CPU %MEM     TIME+ COMMAND
 1447 ubuntu    20   0 9038724 305836  14632 S 105.9  4.0   1:57.47 java
Fri Jun 13 10:19:36 UTC 2014
  PID USER      PR  NI    VIRT    RES    SHR S  %CPU %MEM     TIME+ COMMAND
 1447 ubuntu    20   0 9038868 305072  14632 S  99.2  4.0   1:58.93 java
Fri Jun 13 10:19:37 UTC 2014
  PID USER      PR  NI    VIRT    RES    SHR S  %CPU %MEM     TIME+ COMMAND
 1447 ubuntu    20   0 9039612 306636  14632 S 110.7  4.0   2:00.61 java
Fri Jun 13 10:19:39 UTC 2014
  PID USER      PR  NI    VIRT    RES    SHR S  %CPU %MEM     TIME+ COMMAND
 1447 ubuntu    20   0 9039836 307524  14632 S  99.2  4.0   2:02.06 java
Fri Jun 13 10:19:40 UTC 2014
  PID USER      PR  NI    VIRT    RES    SHR S  %CPU %MEM     TIME+ COMMAND
 1447 ubuntu    20   0 9039836 307392  14632 S 116.8  4.0   2:03.67 java
Fri Jun 13 10:19:41 UTC 2014
  PID USER      PR  NI    VIRT    RES    SHR S  %CPU %MEM     TIME+ COMMAND
 1447 ubuntu    20   0 9040036 307484  14632 S 131.9  4.0   2:05.23 java
Fri Jun 13 10:19:42 UTC 2014
  PID USER      PR  NI    VIRT    RES    SHR S  %CPU %MEM     TIME+ COMMAND
 1447 ubuntu    20   0 9040036 308004  14632 S  66.1  4.0   2:06.24 java
Fri Jun 13 10:19:43 UTC 2014
  PID USER      PR  NI    VIRT    RES    SHR S  %CPU %MEM     TIME+ COMMAND
 1447 ubuntu    20   0 9040172 326096  14632 S  85.9  4.2   2:07.38 java
Fri Jun 13 10:19:45 UTC 2014
  PID USER      PR  NI    VIRT    RES    SHR S  %CPU %MEM     TIME+ COMMAND
 1447 ubuntu    20   0 9040172 327028  14632 S 123.0  4.3   2:08.64 java
Fri Jun 13 10:19:46 UTC 2014
  PID USER      PR  NI    VIRT    RES    SHR S  %CPU %MEM     TIME+ COMMAND
 1447 ubuntu    20   0 9040172 326820  14632 S  99.2  4.2   2:09.68 java
Fri Jun 13 10:19:47 UTC 2014
  PID USER      PR  NI    VIRT    RES    SHR S  %CPU %MEM     TIME+ COMMAND
 1447 ubuntu    20   0 9040172 326120  14632 S  79.4  4.2   2:11.01 java
Fri Jun 13 10:19:48 UTC 2014
  PID USER      PR  NI    VIRT    RES    SHR S  %CPU %MEM     TIME+ COMMAND
 1447 ubuntu    20   0 9040172 325372  14632 S 110.1  4.2   2:12.49 java
Fri Jun 13 10:19:49 UTC 2014
  PID USER      PR  NI    VIRT    RES    SHR S  %CPU %MEM     TIME+ COMMAND
 1447 ubuntu    20   0 9040172 324864  14632 S  66.1  4.2   2:13.77 java
Fri Jun 13 10:19:51 UTC 2014
  PID USER      PR  NI    VIRT    RES    SHR S  %CPU %MEM     TIME+ COMMAND
 1447 ubuntu    20   0 9040172 323844  14632 S  92.6  4.2   2:14.70 java
Fri Jun 13 10:19:52 UTC 2014
  PID USER      PR  NI    VIRT    RES    SHR S  %CPU %MEM     TIME+ COMMAND
 1447 ubuntu    20   0 9040172 322820  14632 S  66.1  4.2   2:15.60 java
Fri Jun 13 10:19:53 UTC 2014
  PID USER      PR  NI    VIRT    RES    SHR S  %CPU %MEM     TIME+ COMMAND
 1447 ubuntu    20   0 9040172 321280  14632 S 105.8  4.2   2:16.71 java
Fri Jun 13 10:19:54 UTC 2014
  PID USER      PR  NI    VIRT    RES    SHR S  %CPU %MEM     TIME+ COMMAND
 1447 ubuntu    20   0 9040172 321284  14632 S  72.7  4.2   2:18.01 java
Fri Jun 13 10:19:55 UTC 2014
  PID USER      PR  NI    VIRT    RES    SHR S  %CPU %MEM     TIME+ COMMAND
 1447 ubuntu    20   0 9040172 320284  14632 S  72.3  4.2   2:18.81 java
Fri Jun 13 10:19:57 UTC 2014
  PID USER      PR  NI    VIRT    RES    SHR S  %CPU %MEM     TIME+ COMMAND
 1447 ubuntu    20   0 9040172 319520  14632 S  72.9  4.2   2:19.76 java
Fri Jun 13 10:19:58 UTC 2014
  PID USER      PR  NI    VIRT    RES    SHR S  %CPU %MEM     TIME+ COMMAND
 1447 ubuntu    20   0 9040172 319520  14632 S  59.5  4.2   2:20.60 java
Fri Jun 13 10:19:59 UTC 2014
  PID USER      PR  NI    VIRT    RES    SHR S  %CPU %MEM     TIME+ COMMAND
 1447 ubuntu    20   0 9040172 318760  14632 S  53.0  4.1   2:21.47 java
Fri Jun 13 10:20:00 UTC 2014
  PID USER      PR  NI    VIRT    RES    SHR S  %CPU %MEM     TIME+ COMMAND
 1447 ubuntu    20   0 9040316 317732  14632 S  46.2  4.1   2:22.33 java
Fri Jun 13 10:20:01 UTC 2014
  PID USER      PR  NI    VIRT    RES    SHR S  %CPU %MEM     TIME+ COMMAND
 1447 ubuntu    20   0 9040316 316956  14632 S  86.1  4.1   2:23.40 java
Fri Jun 13 10:20:03 UTC 2014
  PID USER      PR  NI    VIRT    RES    SHR S  %CPU %MEM     TIME+ COMMAND
 1447 ubuntu    20   0 9040316 315928  14632 S  99.2  4.1   2:24.38 java
Fri Jun 13 10:20:04 UTC 2014
  PID USER      PR  NI    VIRT    RES    SHR S  %CPU %MEM     TIME+ COMMAND
 1447 ubuntu    20   0 9040316 315668  14632 S  66.1  4.1   2:25.27 java
Fri Jun 13 10:20:05 UTC 2014
  PID USER      PR  NI    VIRT    RES    SHR S  %CPU %MEM     TIME+ COMMAND
 1447 ubuntu    20   0 9040480 314644  14632 S 119.2  4.1   2:26.18 java
Fri Jun 13 10:20:06 UTC 2014
  PID USER      PR  NI    VIRT    RES    SHR S  %CPU %MEM     TIME+ COMMAND
 1447 ubuntu    20   0 9040480 313876  14632 S 125.7  4.1   2:27.25 java
Fri Jun 13 10:20:07 UTC 2014
  PID USER      PR  NI    VIRT    RES    SHR S  %CPU %MEM     TIME+ COMMAND
 1447 ubuntu    20   0 9040480 313628  14632 S  79.5  4.1   2:28.40 java
Fri Jun 13 10:20:08 UTC 2014
  PID USER      PR  NI    VIRT    RES    SHR S  %CPU %MEM     TIME+ COMMAND
 1447 ubuntu    20   0 9040700 312852  14632 S 112.6  4.1   2:29.41 java
Fri Jun 13 10:20:10 UTC 2014
  PID USER      PR  NI    VIRT    RES    SHR S  %CPU %MEM     TIME+ COMMAND
 1447 ubuntu    20   0 9040988 312848  14632 S  86.1  4.1   2:30.26 java
Fri Jun 13 10:20:11 UTC 2014
  PID USER      PR  NI    VIRT    RES    SHR S  %CPU %MEM     TIME+ COMMAND
 1447 ubuntu    20   0 9040988 312336  14632 S  66.3  4.1   2:31.14 java
Fri Jun 13 10:20:12 UTC 2014
  PID USER      PR  NI    VIRT    RES    SHR S  %CPU %MEM     TIME+ COMMAND
 1447 ubuntu    20   0 9040988 311308  14632 S  52.7  4.0   2:31.71 java
Fri Jun 13 10:20:13 UTC 2014
  PID USER      PR  NI    VIRT    RES    SHR S  %CPU %MEM     TIME+ COMMAND
 1447 ubuntu    20   0 9040988 310540  14632 S  46.3  4.0   2:32.39 java
Fri Jun 13 10:20:14 UTC 2014
  PID USER      PR  NI    VIRT    RES    SHR S  %CPU %MEM     TIME+ COMMAND
 1447 ubuntu    20   0 9040988 310540  14632 S 106.0  4.0   2:33.31 java
Fri Jun 13 10:20:16 UTC 2014
  PID USER      PR  NI    VIRT    RES    SHR S  %CPU %MEM     TIME+ COMMAND
 1447 ubuntu    20   0 9040988 309512  14632 S  52.9  4.0   2:34.17 java
Fri Jun 13 10:20:17 UTC 2014
  PID USER      PR  NI    VIRT    RES    SHR S  %CPU %MEM     TIME+ COMMAND
 1447 ubuntu    20   0 9040988 309000  14632 S  66.3  4.0   2:35.17 java
Fri Jun 13 10:20:18 UTC 2014
  PID USER      PR  NI    VIRT    RES    SHR S  %CPU %MEM     TIME+ COMMAND
 1447 ubuntu    20   0 9040988 308224  14632 S  52.9  4.0   2:36.37 java
Fri Jun 13 10:20:19 UTC 2014
  PID USER      PR  NI    VIRT    RES    SHR S  %CPU %MEM     TIME+ COMMAND
 1447 ubuntu    20   0 9041140 308228  14632 S 145.5  4.0   2:37.49 java
Fri Jun 13 10:20:20 UTC 2014
  PID USER      PR  NI    VIRT    RES    SHR S  %CPU %MEM     TIME+ COMMAND
 1447 ubuntu    20   0 9041364 308228  14632 S  71.4  4.0   2:38.32 java
Fri Jun 13 10:20:21 UTC 2014
  PID USER      PR  NI    VIRT    RES    SHR S  %CPU %MEM     TIME+ COMMAND
 1447 ubuntu    20   0 9041364 307980  14632 S   6.6  4.0   2:38.63 java
Fri Jun 13 10:20:23 UTC 2014
  PID USER      PR  NI    VIRT    RES    SHR S  %CPU %MEM     TIME+ COMMAND
 1447 ubuntu    20   0 9041364 308228  14632 S  33.1  4.0   2:38.91 java
Fri Jun 13 10:20:24 UTC 2014
  PID USER      PR  NI    VIRT    RES    SHR S  %CPU %MEM     TIME+ COMMAND
 1447 ubuntu    20   0 9041364 307976  14632 S  33.1  4.0   2:39.41 java
Fri Jun 13 10:20:25 UTC 2014
  PID USER      PR  NI    VIRT    RES    SHR S  %CPU %MEM     TIME+ COMMAND
 1447 ubuntu    20   0 9041364 307976  14632 S  26.5  4.0   2:39.93 java
Fri Jun 13 10:20:26 UTC 2014
  PID USER      PR  NI    VIRT    RES    SHR S  %CPU %MEM     TIME+ COMMAND
 1447 ubuntu    20   0 9041364 307976  14632 S  19.6  4.0   2:40.36 java
Fri Jun 13 10:20:27 UTC 2014
  PID USER      PR  NI    VIRT    RES    SHR S  %CPU %MEM     TIME+ COMMAND
 1447 ubuntu    20   0 9041364 307976  14632 S   0.0  4.0   2:40.55 java
Fri Jun 13 10:20:29 UTC 2014
  PID USER      PR  NI    VIRT    RES    SHR S  %CPU %MEM     TIME+ COMMAND
 1447 ubuntu    20   0 9041364 307976  14632 S   0.0  4.0   2:40.58 java
Fri Jun 13 10:20:30 UTC 2014
  PID USER      PR  NI    VIRT    RES    SHR S  %CPU %MEM     TIME+ COMMAND
 1447 ubuntu    20   0 9041364 307976  14632 S   0.0  4.0   2:40.63 java
Fri Jun 13 10:20:31 UTC 2014
  PID USER      PR  NI    VIRT    RES    SHR S  %CPU %MEM     TIME+ COMMAND
 1447 ubuntu    20   0 9041364 307460  14632 S   6.6  4.0   2:40.67 java
Fri Jun 13 10:20:32 UTC 2014
  PID USER      PR  NI    VIRT    RES    SHR S  %CPU %MEM     TIME+ COMMAND
 1447 ubuntu    20   0 9041364 307460  14632 S   0.0  4.0   2:40.73 java
Fri Jun 13 10:20:33 UTC 2014
  PID USER      PR  NI    VIRT    RES    SHR S  %CPU %MEM     TIME+ COMMAND
 1447 ubuntu    20   0 9041364 307460  14632 S   6.6  4.0   2:40.75 java
Fri Jun 13 10:20:34 UTC 2014
  PID USER      PR  NI    VIRT    RES    SHR S  %CPU %MEM     TIME+ COMMAND
 1447 ubuntu    20   0 9041364 307460  14632 S  13.2  4.0   2:40.83 java
Fri Jun 13 10:20:36 UTC 2014
  PID USER      PR  NI    VIRT    RES    SHR S  %CPU %MEM     TIME+ COMMAND
 1447 ubuntu    20   0 9041364 307460  14632 S  19.9  4.0   2:40.89 java
Fri Jun 13 10:20:37 UTC 2014
  PID USER      PR  NI    VIRT    RES    SHR S  %CPU %MEM     TIME+ COMMAND
 1447 ubuntu    20   0 9041364 307460  14632 S  12.7  4.0   2:40.94 java
Fri Jun 13 10:20:38 UTC 2014
  PID USER      PR  NI    VIRT    RES    SHR S  %CPU %MEM     TIME+ COMMAND
 1447 ubuntu    20   0 9041364 307460  14632 S   0.0  4.0   2:40.98 java
Fri Jun 13 10:20:39 UTC 2014
  PID USER      PR  NI    VIRT    RES    SHR S  %CPU %MEM     TIME+ COMMAND
 1447 ubuntu    20   0 9041364 307460  14632 S   6.6  4.0   2:41.06 java
Fri Jun 13 10:20:40 UTC 2014
  PID USER      PR  NI    VIRT    RES    SHR S  %CPU %MEM     TIME+ COMMAND
 1447 ubuntu    20   0 9041364 307460  14632 S   0.0  4.0   2:41.10 java
Fri Jun 13 10:20:41 UTC 2014
  PID USER      PR  NI    VIRT    RES    SHR S  %CPU %MEM     TIME+ COMMAND
 1447 ubuntu    20   0 9041364 307460  14632 S   0.0  4.0   2:41.16 java
Fri Jun 13 10:20:43 UTC 2014
  PID USER      PR  NI    VIRT    RES    SHR S  %CPU %MEM     TIME+ COMMAND
 1447 ubuntu    20   0 9041364 307460  14632 S   0.0  4.0   2:41.25 java
Fri Jun 13 10:20:44 UTC 2014
  PID USER      PR  NI    VIRT    RES    SHR S  %CPU %MEM     TIME+ COMMAND
 1447 ubuntu    20   0 9041364 307460  14632 S   0.0  4.0   2:41.29 java
Fri Jun 13 10:20:45 UTC 2014
  PID USER      PR  NI    VIRT    RES    SHR S  %CPU %MEM     TIME+ COMMAND
 1447 ubuntu    20   0 9041364 307460  14632 S   0.0  4.0   2:41.36 java
Fri Jun 13 10:20:46 UTC 2014
  PID USER      PR  NI    VIRT    RES    SHR S  %CPU %MEM     TIME+ COMMAND
 1447 ubuntu    20   0 9041364 307460  14632 S   6.6  4.0   2:41.42 java
Fri Jun 13 10:20:47 UTC 2014
  PID USER      PR  NI    VIRT    RES    SHR S  %CPU %MEM     TIME+ COMMAND
 1447 ubuntu    20   0 9041364 307460  14632 S  13.3  4.0   2:41.54 java
Fri Jun 13 10:20:48 UTC 2014
  PID USER      PR  NI    VIRT    RES    SHR S  %CPU %MEM     TIME+ COMMAND
 1447 ubuntu    20   0 9041364 307460  14632 S   6.6  4.0   2:41.65 java
Fri Jun 13 10:20:50 UTC 2014
  PID USER      PR  NI    VIRT    RES    SHR S  %CPU %MEM     TIME+ COMMAND
 1447 ubuntu    20   0 9041364 307460  14632 S  19.9  4.0   2:41.87 java
Fri Jun 13 10:20:51 UTC 2014
  PID USER      PR  NI    VIRT    RES    SHR S  %CPU %MEM     TIME+ COMMAND
 1447 ubuntu    20   0 9041364 307460  14632 S   6.6  4.0   2:41.98 java
Fri Jun 13 10:20:52 UTC 2014
  PID USER      PR  NI    VIRT    RES    SHR S  %CPU %MEM     TIME+ COMMAND
 1447 ubuntu    20   0 9041364 307460  14632 S  13.2  4.0   2:42.05 java
Fri Jun 13 10:20:53 UTC 2014
  PID USER      PR  NI    VIRT    RES    SHR S  %CPU %MEM     TIME+ COMMAND
 1447 ubuntu    20   0 9041364 307460  14632 S   0.0  4.0   2:42.47 java
Fri Jun 13 10:20:54 UTC 2014
  PID USER      PR  NI    VIRT    RES    SHR S  %CPU %MEM     TIME+ COMMAND
 1447 ubuntu    20   0 9041364 307460  14632 S   0.0  4.0   2:42.48 java
Fri Jun 13 10:20:56 UTC 2014
  PID USER      PR  NI    VIRT    RES    SHR S  %CPU %MEM     TIME+ COMMAND
 1447 ubuntu    20   0 9041364 307460  14632 S   0.0  4.0   2:42.50 java
Fri Jun 13 10:20:57 UTC 2014
  PID USER      PR  NI    VIRT    RES    SHR S  %CPU %MEM     TIME+ COMMAND
 1447 ubuntu    20   0 9041364 307460  14632 S   0.0  4.0   2:42.52 java
Fri Jun 13 10:20:58 UTC 2014
  PID USER      PR  NI    VIRT    RES    SHR S  %CPU %MEM     TIME+ COMMAND
 1447 ubuntu    20   0 9041364 307460  14632 S   0.0  4.0   2:42.52 java
Fri Jun 13 10:20:59 UTC 2014
  PID USER      PR  NI    VIRT    RES    SHR S  %CPU %MEM     TIME+ COMMAND
 1447 ubuntu    20   0 9041364 307460  14632 S   0.0  4.0   2:42.54 java
Fri Jun 13 10:21:00 UTC 2014
  PID USER      PR  NI    VIRT    RES    SHR S  %CPU %MEM     TIME+ COMMAND
 1447 ubuntu    20   0 9041364 307460  14632 S   0.0  4.0   2:42.55 java
Fri Jun 13 10:21:01 UTC 2014
  PID USER      PR  NI    VIRT    RES    SHR S  %CPU %MEM     TIME+ COMMAND
 1447 ubuntu    20   0 9041364 307460  14632 S   0.0  4.0   2:42.55 java
Fri Jun 13 10:21:03 UTC 2014
  PID USER      PR  NI    VIRT    RES    SHR S  %CPU %MEM     TIME+ COMMAND
 1447 ubuntu    20   0 9041364 307460  14632 S   6.6  4.0   2:42.57 java
Fri Jun 13 10:21:04 UTC 2014
  PID USER      PR  NI    VIRT    RES    SHR S  %CPU %MEM     TIME+ COMMAND
 1447 ubuntu    20   0 9041364 307460  14632 S   6.6  4.0   2:42.58 java
Fri Jun 13 10:21:05 UTC 2014
  PID USER      PR  NI    VIRT    RES    SHR S  %CPU %MEM     TIME+ COMMAND
 1447 ubuntu    20   0 9041364 307460  14632 S   0.0  4.0   2:42.58 java
Fri Jun 13 10:21:06 UTC 2014
  PID USER      PR  NI    VIRT    RES    SHR S  %CPU %MEM     TIME+ COMMAND
 1447 ubuntu    20   0 9041364 307460  14632 S   6.6  4.0   2:42.60 java
Fri Jun 13 10:21:07 UTC 2014
  PID USER      PR  NI    VIRT    RES    SHR S  %CPU %MEM     TIME+ COMMAND
 1447 ubuntu    20   0 9041364 307460  14632 S   0.0  4.0   2:42.61 java
Fri Jun 13 10:21:08 UTC 2014
  PID USER      PR  NI    VIRT    RES    SHR S  %CPU %MEM     TIME+ COMMAND
 1447 ubuntu    20   0 9041364 307460  14632 S   0.0  4.0   2:42.62 java
Fri Jun 13 10:21:10 UTC 2014
  PID USER      PR  NI    VIRT    RES    SHR S  %CPU %MEM     TIME+ COMMAND
 1447 ubuntu    20   0 9041364 307460  14632 S   0.0  4.0   2:42.63 java
Fri Jun 13 10:21:11 UTC 2014
  PID USER      PR  NI    VIRT    RES    SHR S  %CPU %MEM     TIME+ COMMAND
 1447 ubuntu    20   0 9041364 307460  14632 S   0.0  4.0   2:42.64 java
Fri Jun 13 10:21:12 UTC 2014
  PID USER      PR  NI    VIRT    RES    SHR S  %CPU %MEM     TIME+ COMMAND
 1447 ubuntu    20   0 9041364 307460  14632 S   0.0  4.0   2:42.65 java
Fri Jun 13 10:21:13 UTC 2014
  PID USER      PR  NI    VIRT    RES    SHR S  %CPU %MEM     TIME+ COMMAND
 1447 ubuntu    20   0 9041364 307460  14632 S   0.0  4.0   2:42.66 java
Fri Jun 13 10:21:14 UTC 2014
  PID USER      PR  NI    VIRT    RES    SHR S  %CPU %MEM     TIME+ COMMAND
 1447 ubuntu    20   0 9041364 307460  14632 S  13.2  4.0   2:42.68 java
Fri Jun 13 10:21:15 UTC 2014
  PID USER      PR  NI    VIRT    RES    SHR S  %CPU %MEM     TIME+ COMMAND
 1447 ubuntu    20   0 9041364 307460  14632 S   0.0  4.0   2:42.68 java
Fri Jun 13 10:21:17 UTC 2014
  PID USER      PR  NI    VIRT    RES    SHR S  %CPU %MEM     TIME+ COMMAND
 1447 ubuntu    20   0 9041364 307460  14632 S   0.0  4.0   2:42.69 java
Fri Jun 13 10:21:18 UTC 2014
  PID USER      PR  NI    VIRT    RES    SHR S  %CPU %MEM     TIME+ COMMAND
 1447 ubuntu    20   0 9041364 307460  14632 S   0.0  4.0   2:42.71 java
Fri Jun 13 10:21:19 UTC 2014
  PID USER      PR  NI    VIRT    RES    SHR S  %CPU %MEM     TIME+ COMMAND
 1447 ubuntu    20   0 9041364 307460  14632 S   0.0  4.0   2:42.72 java
Fri Jun 13 10:21:20 UTC 2014
  PID USER      PR  NI    VIRT    RES    SHR S  %CPU %MEM     TIME+ COMMAND
 1447 ubuntu    20   0 9041364 307460  14632 S   0.0  4.0   2:42.73 java
Fri Jun 13 10:21:21 UTC 2014
  PID USER      PR  NI    VIRT    RES    SHR S  %CPU %MEM     TIME+ COMMAND
 1447 ubuntu    20   0 9041364 307460  14632 S   0.0  4.0   2:42.73 java
Fri Jun 13 10:21:23 UTC 2014
  PID USER      PR  NI    VIRT    RES    SHR S  %CPU %MEM     TIME+ COMMAND
 1447 ubuntu    20   0 9041364 307460  14632 S   0.0  4.0   2:42.75 java
Fri Jun 13 10:21:24 UTC 2014
  PID USER      PR  NI    VIRT    RES    SHR S  %CPU %MEM     TIME+ COMMAND
 1447 ubuntu    20   0 9041364 307460  14632 S   0.0  4.0   2:42.75 java
Fri Jun 13 10:21:25 UTC 2014
  PID USER      PR  NI    VIRT    RES    SHR S  %CPU %MEM     TIME+ COMMAND
 1447 ubuntu    20   0 9041364 307460  14632 S   0.0  4.0   2:42.76 java
Fri Jun 13 10:21:26 UTC 2014
  PID USER      PR  NI    VIRT    RES    SHR S  %CPU %MEM     TIME+ COMMAND
 1447 ubuntu    20   0 9041364 307460  14632 S   0.0  4.0   2:42.79 java
Fri Jun 13 10:21:27 UTC 2014
  PID USER      PR  NI    VIRT    RES    SHR S  %CPU %MEM     TIME+ COMMAND
 1447 ubuntu    20   0 9041364 307460  14632 S   0.0  4.0   2:42.79 java
Fri Jun 13 10:21:28 UTC 2014
  PID USER      PR  NI    VIRT    RES    SHR S  %CPU %MEM     TIME+ COMMAND
 1447 ubuntu    20   0 9041364 307460  14632 S   0.0  4.0   2:42.80 java
Fri Jun 13 10:21:30 UTC 2014
  PID USER      PR  NI    VIRT    RES    SHR S  %CPU %MEM     TIME+ COMMAND
 1447 ubuntu    20   0 9041364 307460  14632 S   6.6  4.0   2:42.82 java
Fri Jun 13 10:21:31 UTC 2014
  PID USER      PR  NI    VIRT    RES    SHR S  %CPU %MEM     TIME+ COMMAND
 1447 ubuntu    20   0 9041364 307460  14632 S   0.0  4.0   2:42.82 java
Fri Jun 13 10:21:32 UTC 2014
  PID USER      PR  NI    VIRT    RES    SHR S  %CPU %MEM     TIME+ COMMAND
 1447 ubuntu    20   0 9041364 307460  14632 S   0.0  4.0   2:42.83 java
Fri Jun 13 10:21:33 UTC 2014
  PID USER      PR  NI    VIRT    RES    SHR S  %CPU %MEM     TIME+ COMMAND
 1447 ubuntu    20   0 9041364 307460  14632 S   0.0  4.0   2:42.83 java
Fri Jun 13 10:21:34 UTC 2014
  PID USER      PR  NI    VIRT    RES    SHR S  %CPU %MEM     TIME+ COMMAND
 1447 ubuntu    20   0 9041364 307460  14632 S   0.0  4.0   2:42.85 java
Fri Jun 13 10:21:35 UTC 2014
  PID USER      PR  NI    VIRT    RES    SHR S  %CPU %MEM     TIME+ COMMAND
 1447 ubuntu    20   0 9041364 307460  14632 S   0.0  4.0   2:42.87 java
Fri Jun 13 10:21:37 UTC 2014
  PID USER      PR  NI    VIRT    RES    SHR S  %CPU %MEM     TIME+ COMMAND
 1447 ubuntu    20   0 9041364 307460  14632 S   0.0  4.0   2:42.88 java
Fri Jun 13 10:21:38 UTC 2014
  PID USER      PR  NI    VIRT    RES    SHR S  %CPU %MEM     TIME+ COMMAND
 1447 ubuntu    20   0 9041364 307460  14632 S   0.0  4.0   2:42.90 java
Fri Jun 13 10:21:39 UTC 2014
  PID USER      PR  NI    VIRT    RES    SHR S  %CPU %MEM     TIME+ COMMAND
 1447 ubuntu    20   0 9041364 307460  14632 S   0.0  4.0   2:42.90 java
Fri Jun 13 10:21:40 UTC 2014
  PID USER      PR  NI    VIRT    RES    SHR S  %CPU %MEM     TIME+ COMMAND
 1447 ubuntu    20   0 9041364 307388  14632 S   0.0  4.0   2:42.91 java
Fri Jun 13 10:21:41 UTC 2014
  PID USER      PR  NI    VIRT    RES    SHR S  %CPU %MEM     TIME+ COMMAND
 1447 ubuntu    20   0 9041364 307388  14632 S   0.0  4.0   2:42.93 java
Fri Jun 13 10:21:42 UTC 2014
  PID USER      PR  NI    VIRT    RES    SHR S  %CPU %MEM     TIME+ COMMAND
 1447 ubuntu    20   0 9041364 307388  14632 S   0.0  4.0   2:42.94 java
Fri Jun 13 10:21:44 UTC 2014
  PID USER      PR  NI    VIRT    RES    SHR S  %CPU %MEM     TIME+ COMMAND
 1447 ubuntu    20   0 9041364 307388  14632 S   0.0  4.0   2:42.94 java
Fri Jun 13 10:21:45 UTC 2014
  PID USER      PR  NI    VIRT    RES    SHR S  %CPU %MEM     TIME+ COMMAND
 1447 ubuntu    20   0 9041364 307388  14632 S   6.6  4.0   2:42.96 java
Fri Jun 13 10:21:46 UTC 2014
  PID USER      PR  NI    VIRT    RES    SHR S  %CPU %MEM     TIME+ COMMAND
 1447 ubuntu    20   0 9041364 307388  14632 S   0.0  4.0   2:42.97 java
Fri Jun 13 10:21:47 UTC 2014
  PID USER      PR  NI    VIRT    RES    SHR S  %CPU %MEM     TIME+ COMMAND
 1447 ubuntu    20   0 9041364 307388  14632 S   0.0  4.0   2:42.98 java
Fri Jun 13 10:21:48 UTC 2014
  PID USER      PR  NI    VIRT    RES    SHR S  %CPU %MEM     TIME+ COMMAND
 1447 ubuntu    20   0 9041364 307388  14632 S   6.6  4.0   2:43.00 java
Fri Jun 13 10:21:50 UTC 2014
  PID USER      PR  NI    VIRT    RES    SHR S  %CPU %MEM     TIME+ COMMAND
 1447 ubuntu    20   0 9041364 307388  14632 S   0.0  4.0   2:43.00 java
Fri Jun 13 10:21:51 UTC 2014
  PID USER      PR  NI    VIRT    RES    SHR S  %CPU %MEM     TIME+ COMMAND
 1447 ubuntu    20   0 9041364 307380  14632 S   0.0  4.0   2:43.01 java
Fri Jun 13 10:21:52 UTC 2014
  PID USER      PR  NI    VIRT    RES    SHR S  %CPU %MEM     TIME+ COMMAND
 1447 ubuntu    20   0 9041364 307380  14632 S   0.0  4.0   2:43.02 java
Fri Jun 13 10:21:53 UTC 2014
  PID USER      PR  NI    VIRT    RES    SHR S  %CPU %MEM     TIME+ COMMAND
 1447 ubuntu    20   0 9041364 307380  14632 S   0.0  4.0   2:43.03 java
Fri Jun 13 10:21:54 UTC 2014
  PID USER      PR  NI    VIRT    RES    SHR S  %CPU %MEM     TIME+ COMMAND
 1447 ubuntu    20   0 9041364 307380  14632 S   0.0  4.0   2:43.04 java
Fri Jun 13 10:21:55 UTC 2014
  PID USER      PR  NI    VIRT    RES    SHR S  %CPU %MEM     TIME+ COMMAND
 1447 ubuntu    20   0 9041364 307380  14632 S   0.0  4.0   2:43.05 java
Fri Jun 13 10:21:57 UTC 2014
  PID USER      PR  NI    VIRT    RES    SHR S  %CPU %MEM     TIME+ COMMAND
 1447 ubuntu    20   0 9041364 307380  14632 S   0.0  4.0   2:43.06 java
Fri Jun 13 10:21:58 UTC 2014
  PID USER      PR  NI    VIRT    RES    SHR S  %CPU %MEM     TIME+ COMMAND
 1447 ubuntu    20   0 9041364 307380  14632 S   0.0  4.0   2:43.08 java
Fri Jun 13 10:21:59 UTC 2014
  PID USER      PR  NI    VIRT    RES    SHR S  %CPU %MEM     TIME+ COMMAND
 1447 ubuntu    20   0 9041364 307380  14632 S   0.0  4.0   2:43.08 java
Fri Jun 13 10:22:00 UTC 2014
  PID USER      PR  NI    VIRT    RES    SHR S  %CPU %MEM     TIME+ COMMAND
 1447 ubuntu    20   0 9041364 307380  14632 S   0.0  4.0   2:43.09 java
Fri Jun 13 10:22:01 UTC 2014
  PID USER      PR  NI    VIRT    RES    SHR S  %CPU %MEM     TIME+ COMMAND
 1447 ubuntu    20   0 9041364 307380  14632 S   6.6  4.0   2:43.11 java
Fri Jun 13 10:22:02 UTC 2014
  PID USER      PR  NI    VIRT    RES    SHR S  %CPU %MEM     TIME+ COMMAND
 1447 ubuntu    20   0 9041364 307380  14632 S   0.0  4.0   2:43.11 java
Fri Jun 13 10:22:04 UTC 2014
  PID USER      PR  NI    VIRT    RES    SHR S  %CPU %MEM     TIME+ COMMAND
 1447 ubuntu    20   0 9041364 307380  14632 S   0.0  4.0   2:43.12 java
Fri Jun 13 10:22:05 UTC 2014
  PID USER      PR  NI    VIRT    RES    SHR S  %CPU %MEM     TIME+ COMMAND
 1447 ubuntu    20   0 9041364 307380  14632 S   0.0  4.0   2:43.12 java
Fri Jun 13 10:22:06 UTC 2014
  PID USER      PR  NI    VIRT    RES    SHR S  %CPU %MEM     TIME+ COMMAND
 1447 ubuntu    20   0 9041364 307380  14632 S   0.0  4.0   2:43.15 java
Fri Jun 13 10:22:07 UTC 2014
  PID USER      PR  NI    VIRT    RES    SHR S  %CPU %MEM     TIME+ COMMAND
 1447 ubuntu    20   0 9041364 307380  14632 S   0.0  4.0   2:43.15 java
Fri Jun 13 10:22:08 UTC 2014
  PID USER      PR  NI    VIRT    RES    SHR S  %CPU %MEM     TIME+ COMMAND
 1447 ubuntu    20   0 9041364 307380  14632 S   0.0  4.0   2:43.16 java
Fri Jun 13 10:22:09 UTC 2014
  PID USER      PR  NI    VIRT    RES    SHR S  %CPU %MEM     TIME+ COMMAND
 1447 ubuntu    20   0 9041364 307380  14632 S   0.0  4.0   2:43.18 java
Fri Jun 13 10:22:11 UTC 2014
  PID USER      PR  NI    VIRT    RES    SHR S  %CPU %MEM     TIME+ COMMAND
 1447 ubuntu    20   0 9041364 307380  14632 S   6.6  4.0   2:43.19 java
Fri Jun 13 10:22:12 UTC 2014
  PID USER      PR  NI    VIRT    RES    SHR S  %CPU %MEM     TIME+ COMMAND
 1447 ubuntu    20   0 9041364 307380  14632 S   0.0  4.0   2:43.19 java
Fri Jun 13 10:22:13 UTC 2014
  PID USER      PR  NI    VIRT    RES    SHR S  %CPU %MEM     TIME+ COMMAND
 1447 ubuntu    20   0 9041364 307380  14632 S   0.0  4.0   2:43.20 java
Fri Jun 13 10:22:14 UTC 2014
  PID USER      PR  NI    VIRT    RES    SHR S  %CPU %MEM     TIME+ COMMAND
 1447 ubuntu    20   0 9041364 307380  14632 S   6.6  4.0   2:43.22 java
Fri Jun 13 10:22:15 UTC 2014
  PID USER      PR  NI    VIRT    RES    SHR S  %CPU %MEM     TIME+ COMMAND
 1447 ubuntu    20   0 9041364 307380  14632 S   0.0  4.0   2:43.22 java
Fri Jun 13 10:22:16 UTC 2014
  PID USER      PR  NI    VIRT    RES    SHR S  %CPU %MEM     TIME+ COMMAND
 1447 ubuntu    20   0 9041364 307380  14632 S   0.0  4.0   2:43.24 java
Fri Jun 13 10:22:18 UTC 2014
  PID USER      PR  NI    VIRT    RES    SHR S  %CPU %MEM     TIME+ COMMAND
 1447 ubuntu    20   0 9041364 307380  14632 S   0.0  4.0   2:43.25 java
Fri Jun 13 10:22:19 UTC 2014
  PID USER      PR  NI    VIRT    RES    SHR S  %CPU %MEM     TIME+ COMMAND
 1447 ubuntu    20   0 9041364 307380  14632 S   0.0  4.0   2:43.26 java
Fri Jun 13 10:22:20 UTC 2014
  PID USER      PR  NI    VIRT    RES    SHR S  %CPU %MEM     TIME+ COMMAND
 1447 ubuntu    20   0 9041364 307380  14632 S   0.0  4.0   2:43.27 java
Fri Jun 13 10:22:21 UTC 2014
  PID USER      PR  NI    VIRT    RES    SHR S  %CPU %MEM     TIME+ COMMAND
 1447 ubuntu    20   0 9041364 307380  14632 S   0.0  4.0   2:43.27 java
Fri Jun 13 10:22:22 UTC 2014
  PID USER      PR  NI    VIRT    RES    SHR S  %CPU %MEM     TIME+ COMMAND
 1447 ubuntu    20   0 9041364 307380  14632 S   0.0  4.0   2:43.29 java
Fri Jun 13 10:22:24 UTC 2014
  PID USER      PR  NI    VIRT    RES    SHR S  %CPU %MEM     TIME+ COMMAND
 1447 ubuntu    20   0 9041364 307380  14632 S   0.0  4.0   2:43.29 java
Fri Jun 13 10:22:25 UTC 2014
  PID USER      PR  NI    VIRT    RES    SHR S  %CPU %MEM     TIME+ COMMAND
 1447 ubuntu    20   0 9041364 307380  14632 S   0.0  4.0   2:43.30 java
Fri Jun 13 10:22:26 UTC 2014
  PID USER      PR  NI    VIRT    RES    SHR S  %CPU %MEM     TIME+ COMMAND
 1447 ubuntu    20   0 9041364 307380  14632 S   0.0  4.0   2:43.33 java
Fri Jun 13 10:22:27 UTC 2014
  PID USER      PR  NI    VIRT    RES    SHR S  %CPU %MEM     TIME+ COMMAND
 1447 ubuntu    20   0 9041364 307380  14632 S   0.0  4.0   2:43.33 java
Fri Jun 13 10:22:28 UTC 2014
  PID USER      PR  NI    VIRT    RES    SHR S  %CPU %MEM     TIME+ COMMAND
 1447 ubuntu    20   0 9041364 307380  14632 S   0.0  4.0   2:43.34 java
Fri Jun 13 10:22:29 UTC 2014
  PID USER      PR  NI    VIRT    RES    SHR S  %CPU %MEM     TIME+ COMMAND
 1447 ubuntu    20   0 9041364 307380  14632 S   0.0  4.0   2:43.34 java
Fri Jun 13 10:22:31 UTC 2014
  PID USER      PR  NI    VIRT    RES    SHR S  %CPU %MEM     TIME+ COMMAND
 1447 ubuntu    20   0 9041364 307380  14632 S   0.0  4.0   2:43.36 java
Fri Jun 13 10:22:32 UTC 2014
  PID USER      PR  NI    VIRT    RES    SHR S  %CPU %MEM     TIME+ COMMAND
 1447 ubuntu    20   0 9041364 307380  14632 S   0.0  4.0   2:43.37 java
Fri Jun 13 10:22:33 UTC 2014
  PID USER      PR  NI    VIRT    RES    SHR S  %CPU %MEM     TIME+ COMMAND
 1447 ubuntu    20   0 9041364 307380  14632 S   0.0  4.0   2:43.37 java
Fri Jun 13 10:22:34 UTC 2014
  PID USER      PR  NI    VIRT    RES    SHR S  %CPU %MEM     TIME+ COMMAND
 1447 ubuntu    20   0 9041364 307380  14632 S   0.0  4.0   2:43.38 java
Fri Jun 13 10:22:35 UTC 2014
  PID USER      PR  NI    VIRT    RES    SHR S  %CPU %MEM     TIME+ COMMAND
 1447 ubuntu    20   0 9041364 307380  14632 S   0.0  4.0   2:43.40 java
Fri Jun 13 10:22:36 UTC 2014
  PID USER      PR  NI    VIRT    RES    SHR S  %CPU %MEM     TIME+ COMMAND
 1447 ubuntu    20   0 9041364 307380  14632 S   0.0  4.0   2:43.42 java
Fri Jun 13 10:22:38 UTC 2014
  PID USER      PR  NI    VIRT    RES    SHR S  %CPU %MEM     TIME+ COMMAND
 1447 ubuntu    20   0 9041364 307380  14632 S   0.0  4.0   2:43.42 java
Fri Jun 13 10:22:39 UTC 2014
  PID USER      PR  NI    VIRT    RES    SHR S  %CPU %MEM     TIME+ COMMAND
 1447 ubuntu    20   0 9041364 307380  14632 S   0.0  4.0   2:43.44 java
Fri Jun 13 10:22:40 UTC 2014
  PID USER      PR  NI    VIRT    RES    SHR S  %CPU %MEM     TIME+ COMMAND
 1447 ubuntu    20   0 9041364 307380  14632 S   0.0  4.0   2:43.45 java
Fri Jun 13 10:22:41 UTC 2014
  PID USER      PR  NI    VIRT    RES    SHR S  %CPU %MEM     TIME+ COMMAND
 1447 ubuntu    20   0 9041364 307380  14632 S   6.6  4.0   2:43.46 java
Fri Jun 13 10:22:42 UTC 2014
  PID USER      PR  NI    VIRT    RES    SHR S  %CPU %MEM     TIME+ COMMAND
 1447 ubuntu    20   0 9041364 307380  14632 S   0.0  4.0   2:43.47 java
Fri Jun 13 10:22:43 UTC 2014
  PID USER      PR  NI    VIRT    RES    SHR S  %CPU %MEM     TIME+ COMMAND
 1447 ubuntu    20   0 9041364 307380  14632 S   0.0  4.0   2:43.48 java
