1402663820	3.65
1402663821	3.65
1402663822	3.65
1402663823	3.65
1402663824	3.65
1402663826	3.65
1402663827	3.65
1402663828	3.65
1402663829	3.65
1402663830	3.65
1402663831	3.65
1402663833	3.65
1402663834	3.65
1402663835	3.65
1402663836	3.65
1402663837	3.65
1402663838	3.65
1402663840	3.65
1402663841	3.65
1402663842	3.65
1402663843	3.65
1402663844	3.65
1402663845	3.65
1402663847	3.65
1402663848	3.65
1402663849	3.65
1402663850	3.65
1402663851	3.65
1402663853	3.8
1402663854	3.8
1402663855	3.8
1402663856	3.8
1402663857	3.8
1402663858	3.8
1402663860	3.8
1402663861	3.8
1402663862	3.8
1402663863	3.8
1402663864	3.8
1402663865	3.8
1402663867	3.8
1402663868	3.8
1402663869	3.8
1402663870	3.8
1402663871	3.8
1402663872	3.8
1402663874	3.8
1402663875	3.8
1402663876	3.8
1402663877	3.8
1402663878	3.8
1402663879	3.8
1402663881	3.8
1402663882	3.8
1402663883	3.8
1402663884	3.8
1402663885	3.8
1402663886	3.8
1402663888	3.8
1402663889	3.8
1402663890	3.8
1402663891	3.8
1402663892	3.8
1402663893	3.8
1402663895	3.8
1402663896	3.8
1402663897	3.8
1402663898	3.8
1402663899	3.8
1402663901	3.8
1402663902	3.8
1402663903	3.8
1402663904	3.8
1402663905	3.85
1402663906	3.9
1402663908	3.95
1402663909	4.05
1402663910	4.15
1402663911	4.45
1402663912	4.6
1402663914	4.6
1402663915	4.65
1402663916	4.9
1402663917	5.15
1402663918	5.3
1402663920	5.6
1402663921	5.6
1402663922	5.8
1402663923	6.65
1402663924	6.85
1402663926	7.7
1402663927	8.4
1402663928	9.8
1402663929	10.7
1402663930	11.5
1402663932	13.65
1402663933	14.55
1402663934	15.95
1402663935	17.1
1402663936	18
1402663938	18.75
1402663939	19.6
1402663940	21
1402663941	22.25
1402663942	22.55
1402663944	24.25
1402663945	24.35
1402663946	26.95
1402663947	27.3
1402663948	27.5
1402663950	31.5
1402663951	31.55
1402663952	31.7
1402663953	32.65
1402663954	35.65
1402663956	38.5
1402663957	38.5
1402663958	38.6
1402663959	40.05
1402663961	40.75
1402663962	41
1402663963	44.05
1402663964	44.75
1402663965	44.8
1402663967	44.9
1402663968	45.45
1402663969	45.7
1402663970	46
1402663972	47.95
1402663973	48.05
1402663974	48.2
1402663975	50.05
1402663976	50.05
1402663978	50.1
1402663979	50.2
1402663980	50.4
1402663981	50.95
1402663983	52.5
1402663984	52.75
1402663985	53.15
1402663986	53.4
1402663987	53.55
1402663989	54.1
1402663990	54.2
1402663991	54.95
1402663992	56.55
1402663994	56.85
1402663995	57.05
1402663996	57.65
1402663997	57.65
1402663998	57.8
1402664000	57.95
1402664001	58.25
1402664002	58.7
1402664003	59.95
1402664005	60.25
1402664006	60.15
1402664007	60.5
1402664008	60.8
1402664009	61.65
1402664011	62.6
1402664012	62.9
1402664013	63.05
1402664014	63.3
1402664015	64.45
1402664017	66.2
1402664018	68.4
1402664019	68.65
1402664020	68.75
1402664021	69.1
1402664023	70.2
1402664024	71
1402664025	71.95
1402664026	72.1
1402664028	72.3
1402664029	72.6
1402664030	72.7
1402664031	72.8
1402664032	72.9
1402664034	73.15
1402664035	73.6
1402664036	75.85
1402664037	73.55
1402664038	73.65
1402664040	73.95
1402664041	74.2
1402664042	74.35
1402664043	74.85
1402664045	75.55
1402664046	76.95
1402664047	77.05
1402664048	77.15
1402664049	77
1402664051	77.15
1402664052	77.25
1402664053	77.35
1402664054	78.2
1402664055	78.55
1402664057	78.6
1402664058	78.7
1402664059	78.95
1402664060	77.25
1402664061	77.3
1402664063	76.95
1402664064	77.05
1402664065	77.05
1402664066	76.85
1402664067	77
1402664069	77
1402664070	77.05
1402664071	77.1
1402664072	77.15
1402664074	77.2
1402664075	77.3
1402664076	77.85
1402664077	77.9
1402664078	79
1402664080	78.95
1402664081	78.95
1402664082	79
1402664083	79.05
1402664084	79.05
1402664086	79.05
1402664087	79.1
1402664088	80.95
1402664089	81.15
1402664090	81.2
1402664092	81.15
1402664093	81.2
1402664094	82.4
1402664095	82.4
1402664097	83.7
1402664098	83.7
1402664099	83.9
1402664100	83.95
1402664101	83.95
1402664103	85.85
1402664104	85.9
1402664105	85.95
1402664106	86
1402664107	86.1
1402664109	86.15
1402664110	86.15
1402664111	86.65
1402664112	87.6
1402664114	79.3
1402664115	79.3
1402664116	79.3
1402664117	79.3
1402664119	79.2
1402664121	79.2
1402664122	79.2
1402664123	79.2
1402664124	79.2
1402664126	79.2
1402664127	79.2
1402664128	79.2
1402664129	77.95
1402664131	77.95
1402664132	77.95
1402664133	77.95
1402664134	77.95
1402664135	77.95
1402664137	77.95
1402664138	77.95
1402664139	78
1402664140	75.3
1402664141	75.3
1402664143	75.3
1402664144	75.3
1402664145	75
1402664146	74.9
1402664147	74.9
1402664149	74.9
1402664150	75.2
1402664151	74.95
1402664152	74.95
1402664153	74.95
1402664155	74.9
1402664157	74.9
1402664158	74.9
1402664160	74.9
1402664161	74.9
1402664163	74.9
1402664164	74.9
1402664166	74.95
1402664167	75
1402664169	75
1402664170	75
1402664172	75
1402664173	75
1402664174	75
1402664176	75
1402664177	75
1402664179	75
1402664180	75
1402664181	75
1402664183	75
1402664185	75
1402664186	75
1402664187	75
1402664189	75
1402664190	75
1402664192	75
1402664193	75
1402664194	75
1402664196	75
1402664198	75
1402664199	75
1402664200	75
1402664201	75
1402664203	75
1402664204	75
1402664205	75
1402664206	75
1402664207	75
1402664209	75
1402664210	75
1402664211	75
1402664212	75
1402664213	75
1402664214	75
1402664216	75
1402664217	75
1402664218	75
1402664219	75
1402664220	75
1402664222	75
1402664223	75
1402664224	75
1402664225	75
1402664226	75
1402664227	75
1402664229	75
1402664230	75
1402664231	75
1402664232	75
1402664233	75
1402664234	75
1402664236	75
1402664237	75
1402664238	75
1402664239	75
1402664240	75
1402664241	75
1402664243	75
1402664244	75
1402664245	75
1402664246	75
1402664247	75
1402664248	75
1402664250	75
1402664251	75
1402664252	75
1402664253	75
1402664254	75
1402664256	75
1402664257	75
1402664258	75
1402664259	75
1402664260	75
1402664261	75
1402664263	75
1402664264	75
1402664265	75
1402664266	75
1402664267	75
1402664268	75
1402664270	75
1402664271	75
1402664272	75
1402664273	75
1402664274	75
1402664275	75
1402664277	75
1402664278	75
1402664279	75
1402664280	75
1402664281	75
1402664282	75
1402664284	75
1402664285	75
1402664286	75
1402664287	75
1402664288	75
1402664289	75
1402664291	75
1402664292	75
1402664293	75
1402664294	75
1402664295	75
1402664296	75
1402664298	75
1402664299	75
1402664300	75
1402664301	75
1402664302	75
1402664303	75
1402664305	75
1402664306	75
1402664307	75
1402664308	75
