input file is set to /home/ubuntu/whatsup/simulator/ec2-17.input
[2014-06-13 11:38:50:102]	1290 has sent 9% of his messages!
[2014-06-13 11:38:50:922]	1333 has sent 9% of his messages!
[2014-06-13 11:38:50:926]	1294 has sent 9% of his messages!
[2014-06-13 11:38:50:944]	1285 has sent 9% of his messages!
[2014-06-13 11:38:50:957]	1349 has sent 9% of his messages!
[2014-06-13 11:38:50:980]	1342 has sent 9% of his messages!
[2014-06-13 11:38:51:4]	1341 has sent 9% of his messages!
[2014-06-13 11:38:51:40]	1310 has sent 9% of his messages!
[2014-06-13 11:38:51:57]	1338 has sent 9% of his messages!
[2014-06-13 11:38:51:62]	1358 has sent 9% of his messages!
[2014-06-13 11:38:51:98]	1300 has sent 9% of his messages!
[2014-06-13 11:38:51:99]	1348 has sent 9% of his messages!
[2014-06-13 11:38:51:108]	1360 has sent 9% of his messages!
[2014-06-13 11:38:51:108]	1304 has sent 9% of his messages!
[2014-06-13 11:38:51:110]	1318 has sent 9% of his messages!
[2014-06-13 11:38:51:112]	1337 has sent 9% of his messages!
[2014-06-13 11:38:51:114]	1323 has sent 9% of his messages!
[2014-06-13 11:38:51:115]	1359 has sent 9% of his messages!
[2014-06-13 11:38:51:124]	1324 has sent 9% of his messages!
[2014-06-13 11:38:51:126]	1321 has sent 9% of his messages!
[2014-06-13 11:38:51:129]	1328 has sent 9% of his messages!
[2014-06-13 11:38:51:130]	1352 has sent 9% of his messages!
[2014-06-13 11:38:51:140]	1314 has sent 9% of his messages!
[2014-06-13 11:38:51:142]	1356 has sent 9% of his messages!
[2014-06-13 11:38:51:145]	1327 has sent 9% of his messages!
[2014-06-13 11:38:51:188]	1311 has sent 9% of his messages!
[2014-06-13 11:38:51:199]	1319 has sent 9% of his messages!
[2014-06-13 11:38:51:388]	1284 has sent 9% of his messages!
[2014-06-13 11:38:51:402]	1346 has sent 9% of his messages!
[2014-06-13 11:38:51:418]	1292 has sent 9% of his messages!
[2014-06-13 11:38:51:421]	1345 has sent 9% of his messages!
[2014-06-13 11:38:51:432]	1332 has sent 9% of his messages!
[2014-06-13 11:38:51:487]	1322 has sent 9% of his messages!
[2014-06-13 11:38:51:752]	1296 has sent 9% of his messages!
[2014-06-13 11:38:51:774]	1283 has sent 9% of his messages!
[2014-06-13 11:38:51:780]	1357 has sent 9% of his messages!
[2014-06-13 11:38:51:794]	1343 has sent 9% of his messages!
[2014-06-13 11:38:51:799]	1282 has sent 9% of his messages!
[2014-06-13 11:38:51:834]	1354 has sent 9% of his messages!
[2014-06-13 11:38:52:37]	1298 has sent 9% of his messages!
[2014-06-13 11:38:52:53]	1320 has sent 9% of his messages!
[2014-06-13 11:38:52:54]	1305 has sent 9% of his messages!
[2014-06-13 11:38:52:55]	1351 has sent 9% of his messages!
[2014-06-13 11:38:52:58]	1331 has sent 9% of his messages!
[2014-06-13 11:38:52:59]	1316 has sent 9% of his messages!
[2014-06-13 11:38:52:107]	1307 has sent 9% of his messages!
[2014-06-13 11:38:52:117]	1302 has sent 9% of his messages!
[2014-06-13 11:38:52:139]	1330 has sent 9% of his messages!
[2014-06-13 11:38:52:139]	1312 has sent 9% of his messages!
[2014-06-13 11:38:52:153]	1347 has sent 9% of his messages!
[2014-06-13 11:38:52:154]	1329 has sent 9% of his messages!
[2014-06-13 11:38:52:161]	1308 has sent 9% of his messages!
[2014-06-13 11:38:52:161]	1306 has sent 9% of his messages!
[2014-06-13 11:38:52:162]	1289 has sent 9% of his messages!
[2014-06-13 11:38:52:164]	1340 has sent 9% of his messages!
[2014-06-13 11:38:52:248]	1286 has sent 9% of his messages!
[2014-06-13 11:38:52:259]	1303 has sent 9% of his messages!
[2014-06-13 11:38:52:294]	1334 has sent 9% of his messages!
[2014-06-13 11:38:52:295]	1291 has sent 9% of his messages!
[2014-06-13 11:38:52:312]	1301 has sent 9% of his messages!
[2014-06-13 11:38:52:317]	1295 has sent 9% of his messages!
[2014-06-13 11:38:52:354]	1299 has sent 9% of his messages!
[2014-06-13 11:38:52:402]	1335 has sent 9% of his messages!
[2014-06-13 11:38:52:414]	1281 has sent 9% of his messages!
[2014-06-13 11:38:52:431]	1313 has sent 9% of his messages!
[2014-06-13 11:38:52:456]	1339 has sent 9% of his messages!
[2014-06-13 11:38:52:566]	1344 has sent 9% of his messages!
[2014-06-13 11:38:52:567]	1315 has sent 9% of his messages!
[2014-06-13 11:38:52:606]	1353 has sent 9% of his messages!
[2014-06-13 11:38:52:621]	1309 has sent 9% of his messages!
[2014-06-13 11:38:52:770]	1287 has sent 9% of his messages!
[2014-06-13 11:38:52:787]	1355 has sent 9% of his messages!
[2014-06-13 11:38:52:827]	1325 has sent 9% of his messages!
[2014-06-13 11:38:53:663]	1297 has sent 9% of his messages!
[2014-06-13 11:38:54:12]	1298 has sent 19% of his messages!
[2014-06-13 11:38:54:810]	1287 has sent 19% of his messages!
[2014-06-13 11:38:55:446]	1348 has sent 19% of his messages!
[2014-06-13 11:38:55:904]	1307 has sent 19% of his messages!
[2014-06-13 11:38:56:320]	1291 has sent 19% of his messages!
[2014-06-13 11:38:56:585]	1285 has sent 19% of his messages!
[2014-06-13 11:38:56:587]	1312 has sent 19% of his messages!
[2014-06-13 11:38:57:276]	1337 has sent 19% of his messages!
[2014-06-13 11:38:58:370]	1357 has sent 19% of his messages!
[2014-06-13 11:38:58:399]	1315 has sent 19% of his messages!
[2014-06-13 11:38:58:460]	1302 has sent 19% of his messages!
[2014-06-13 11:38:58:553]	1354 has sent 19% of his messages!
[2014-06-13 11:38:58:604]	1283 has sent 19% of his messages!
[2014-06-13 11:38:58:614]	1352 has sent 19% of his messages!
[2014-06-13 11:38:58:663]	1310 has sent 19% of his messages!
[2014-06-13 11:38:58:680]	1324 has sent 19% of his messages!
[2014-06-13 11:38:58:944]	1327 has sent 19% of his messages!
[2014-06-13 11:38:59:9]	1345 has sent 19% of his messages!
[2014-06-13 11:38:59:44]	1319 has sent 19% of his messages!
[2014-06-13 11:38:59:80]	1339 has sent 19% of his messages!
[2014-06-13 11:38:59:81]	1294 has sent 19% of his messages!
[2014-06-13 11:38:59:145]	1300 has sent 19% of his messages!
[2014-06-13 11:38:59:326]	1355 has sent 19% of his messages!
[2014-06-13 11:38:59:440]	1356 has sent 19% of his messages!
[2014-06-13 11:38:59:484]	1343 has sent 19% of his messages!
[2014-06-13 11:38:59:557]	1297 has sent 19% of his messages!
[2014-06-13 11:38:59:740]	1320 has sent 19% of his messages!
[2014-06-13 11:38:59:838]	1333 has sent 19% of his messages!
[2014-06-13 11:38:59:867]	1348 has sent 29% of his messages!
[2014-06-13 11:38:59:940]	1311 has sent 19% of his messages!
[2014-06-13 11:38:59:963]	1313 has sent 19% of his messages!
[2014-06-13 11:39:0:103]	1290 has sent 19% of his messages!
[2014-06-13 11:39:0:150]	1289 has sent 19% of his messages!
[2014-06-13 11:39:0:172]	1301 has sent 19% of his messages!
[2014-06-13 11:39:0:251]	1306 has sent 19% of his messages!
[2014-06-13 11:39:0:299]	1286 has sent 19% of his messages!
[2014-06-13 11:39:0:360]	1329 has sent 19% of his messages!
[2014-06-13 11:39:0:387]	1347 has sent 19% of his messages!
[2014-06-13 11:39:0:452]	1308 has sent 19% of his messages!
[2014-06-13 11:39:0:488]	1351 has sent 19% of his messages!
[2014-06-13 11:39:0:582]	1322 has sent 19% of his messages!
[2014-06-13 11:39:0:600]	1323 has sent 19% of his messages!
[2014-06-13 11:39:0:622]	1356 has sent 29% of his messages!
[2014-06-13 11:39:0:650]	1285 has sent 29% of his messages!
[2014-06-13 11:39:0:700]	1335 has sent 19% of his messages!
[2014-06-13 11:39:0:742]	1342 has sent 19% of his messages!
[2014-06-13 11:39:0:839]	1344 has sent 19% of his messages!
[2014-06-13 11:39:0:890]	1358 has sent 19% of his messages!
[2014-06-13 11:39:0:911]	1359 has sent 19% of his messages!
[2014-06-13 11:39:0:949]	1346 has sent 19% of his messages!
[2014-06-13 11:39:0:962]	1353 has sent 19% of his messages!
[2014-06-13 11:39:1:12]	1328 has sent 19% of his messages!
[2014-06-13 11:39:1:61]	1299 has sent 19% of his messages!
[2014-06-13 11:39:1:63]	1341 has sent 19% of his messages!
[2014-06-13 11:39:1:132]	1314 has sent 19% of his messages!
[2014-06-13 11:39:1:135]	1303 has sent 19% of his messages!
[2014-06-13 11:39:1:195]	1340 has sent 19% of his messages!
[2014-06-13 11:39:1:263]	1282 has sent 19% of his messages!
[2014-06-13 11:39:1:296]	1309 has sent 19% of his messages!
[2014-06-13 11:39:1:299]	1338 has sent 19% of his messages!
[2014-06-13 11:39:1:302]	1321 has sent 19% of his messages!
[2014-06-13 11:39:1:424]	1331 has sent 19% of his messages!
[2014-06-13 11:39:1:425]	1334 has sent 19% of his messages!
[2014-06-13 11:39:1:461]	1360 has sent 19% of his messages!
[2014-06-13 11:39:1:539]	1281 has sent 19% of his messages!
[2014-06-13 11:39:1:557]	1330 has sent 19% of his messages!
[2014-06-13 11:39:1:601]	1318 has sent 19% of his messages!
[2014-06-13 11:39:1:756]	1296 has sent 19% of his messages!
[2014-06-13 11:39:1:771]	1284 has sent 19% of his messages!
[2014-06-13 11:39:1:786]	1325 has sent 19% of his messages!
[2014-06-13 11:39:2:89]	1301 has sent 29% of his messages!
[2014-06-13 11:39:2:123]	1345 has sent 29% of his messages!
[2014-06-13 11:39:2:158]	1301 has sent 39% of his messages!
[2014-06-13 11:39:2:161]	1301 has sent 49% of his messages!
[2014-06-13 11:39:2:162]	1345 has sent 39% of his messages!
[2014-06-13 11:39:2:193]	1346 has sent 29% of his messages!
[2014-06-13 11:39:2:214]	1311 has sent 29% of his messages!
[2014-06-13 11:39:2:444]	1345 has sent 49% of his messages!
[2014-06-13 11:39:2:448]	1345 has sent 59% of his messages!
[2014-06-13 11:39:2:476]	1295 has sent 19% of his messages!
[2014-06-13 11:39:2:673]	1300 has sent 29% of his messages!
[2014-06-13 11:39:2:677]	1300 has sent 39% of his messages!
[2014-06-13 11:39:2:718]	1300 has sent 49% of his messages!
[2014-06-13 11:39:2:721]	1330 has sent 29% of his messages!
[2014-06-13 11:39:2:761]	1322 has sent 29% of his messages!
[2014-06-13 11:39:2:799]	1332 has sent 19% of his messages!
[2014-06-13 11:39:2:821]	1298 has sent 29% of his messages!
[2014-06-13 11:39:2:902]	1357 has sent 29% of his messages!
[2014-06-13 11:39:2:948]	1349 has sent 19% of his messages!
[2014-06-13 11:39:2:970]	1298 has sent 39% of his messages!
[2014-06-13 11:39:3:67]	1292 has sent 19% of his messages!
[2014-06-13 11:39:3:77]	1307 has sent 29% of his messages!
[2014-06-13 11:39:3:81]	1316 has sent 19% of his messages!
[2014-06-13 11:39:3:177]	1286 has sent 29% of his messages!
[2014-06-13 11:39:3:195]	1304 has sent 19% of his messages!
[2014-06-13 11:39:3:326]	1282 has sent 29% of his messages!
[2014-06-13 11:39:3:749]	1295 has sent 29% of his messages!
[2014-06-13 11:39:3:752]	1324 has sent 29% of his messages!
[2014-06-13 11:39:4:85]	1312 has sent 29% of his messages!
[2014-06-13 11:39:4:197]	1287 has sent 29% of his messages!
[2014-06-13 11:39:4:246]	1287 has sent 39% of his messages!
[2014-06-13 11:39:4:249]	1287 has sent 49% of his messages!
[2014-06-13 11:39:4:304]	1308 has sent 29% of his messages!
[2014-06-13 11:39:4:356]	1290 has sent 29% of his messages!
[2014-06-13 11:39:4:371]	1339 has sent 29% of his messages!
[2014-06-13 11:39:4:414]	1308 has sent 39% of his messages!
[2014-06-13 11:39:4:417]	1308 has sent 49% of his messages!
[2014-06-13 11:39:4:973]	1289 has sent 29% of his messages!
[2014-06-13 11:39:5:25]	1289 has sent 39% of his messages!
[2014-06-13 11:39:5:179]	1355 has sent 29% of his messages!
[2014-06-13 11:39:5:355]	1337 has sent 29% of his messages!
[2014-06-13 11:39:5:464]	1344 has sent 29% of his messages!
[2014-06-13 11:39:5:466]	1291 has sent 29% of his messages!
[2014-06-13 11:39:5:480]	1313 has sent 29% of his messages!
[2014-06-13 11:39:5:541]	1314 has sent 29% of his messages!
[2014-06-13 11:39:5:652]	1310 has sent 29% of his messages!
[2014-06-13 11:39:5:656]	1306 has sent 29% of his messages!
[2014-06-13 11:39:5:716]	1281 has sent 29% of his messages!
[2014-06-13 11:39:5:731]	1321 has sent 29% of his messages!
[2014-06-13 11:39:5:772]	1304 has sent 29% of his messages!
[2014-06-13 11:39:5:778]	1316 has sent 29% of his messages!
[2014-06-13 11:39:5:795]	1319 has sent 29% of his messages!
[2014-06-13 11:39:5:823]	1342 has sent 29% of his messages!
[2014-06-13 11:39:5:885]	1340 has sent 29% of his messages!
[2014-06-13 11:39:5:901]	1353 has sent 29% of his messages!
[2014-06-13 11:39:5:919]	1335 has sent 29% of his messages!
[2014-06-13 11:39:5:969]	1309 has sent 29% of his messages!
[2014-06-13 11:39:6:111]	1329 has sent 29% of his messages!
[2014-06-13 11:39:6:190]	1302 has sent 29% of his messages!
[2014-06-13 11:39:6:207]	1354 has sent 29% of his messages!
[2014-06-13 11:39:6:227]	1358 has sent 29% of his messages!
[2014-06-13 11:39:6:273]	1334 has sent 29% of his messages!
[2014-06-13 11:39:6:306]	1340 has sent 39% of his messages!
[2014-06-13 11:39:6:323]	1359 has sent 29% of his messages!
[2014-06-13 11:39:6:326]	1284 has sent 29% of his messages!
[2014-06-13 11:39:6:401]	1351 has sent 29% of his messages!
[2014-06-13 11:39:6:419]	1297 has sent 29% of his messages!
[2014-06-13 11:39:6:479]	1325 has sent 29% of his messages!
[2014-06-13 11:39:6:537]	1294 has sent 29% of his messages!
[2014-06-13 11:39:6:551]	1327 has sent 29% of his messages!
[2014-06-13 11:39:6:555]	1333 has sent 29% of his messages!
[2014-06-13 11:39:6:595]	1338 has sent 29% of his messages!
[2014-06-13 11:39:6:606]	1302 has sent 39% of his messages!
[2014-06-13 11:39:6:609]	1333 has sent 39% of his messages!
[2014-06-13 11:39:6:645]	1297 has sent 39% of his messages!
[2014-06-13 11:39:6:732]	1297 has sent 49% of his messages!
[2014-06-13 11:39:6:765]	1354 has sent 39% of his messages!
[2014-06-13 11:39:6:779]	1296 has sent 29% of his messages!
[2014-06-13 11:39:6:783]	1347 has sent 29% of his messages!
[2014-06-13 11:39:6:814]	1328 has sent 29% of his messages!
[2014-06-13 11:39:6:827]	1342 has sent 39% of his messages!
[2014-06-13 11:39:6:830]	1342 has sent 49% of his messages!
[2014-06-13 11:39:6:942]	1337 has sent 39% of his messages!
[2014-06-13 11:39:6:943]	1292 has sent 29% of his messages!
[2014-06-13 11:39:6:958]	1343 has sent 29% of his messages!
[2014-06-13 11:39:6:994]	1359 has sent 39% of his messages!
[2014-06-13 11:39:6:998]	1337 has sent 49% of his messages!
[2014-06-13 11:39:7:40]	1303 has sent 29% of his messages!
[2014-06-13 11:39:7:97]	1318 has sent 29% of his messages!
[2014-06-13 11:39:7:101]	1353 has sent 39% of his messages!
[2014-06-13 11:39:7:130]	1358 has sent 39% of his messages!
[2014-06-13 11:39:7:148]	1292 has sent 39% of his messages!
[2014-06-13 11:39:7:168]	1318 has sent 39% of his messages!
[2014-06-13 11:39:7:296]	1327 has sent 39% of his messages!
[2014-06-13 11:39:7:340]	1332 has sent 29% of his messages!
[2014-06-13 11:39:7:363]	1327 has sent 49% of his messages!
[2014-06-13 11:39:7:376]	1312 has sent 39% of his messages!
[2014-06-13 11:39:7:390]	1332 has sent 39% of his messages!
[2014-06-13 11:39:7:391]	1331 has sent 29% of his messages!
[2014-06-13 11:39:7:394]	1331 has sent 39% of his messages!
[2014-06-13 11:39:7:446]	1351 has sent 39% of his messages!
[2014-06-13 11:39:7:454]	1351 has sent 49% of his messages!
[2014-06-13 11:39:7:473]	1351 has sent 59% of his messages!
[2014-06-13 11:39:7:485]	1313 has sent 39% of his messages!
[2014-06-13 11:39:7:492]	1351 has sent 69% of his messages!
[2014-06-13 11:39:7:511]	1351 has sent 79% of his messages!
[2014-06-13 11:39:7:588]	1351 has sent 89% of his messages!
Total time: 534515ms
[2014-06-13 11:46:50:548]	Terminated successfully
[2014-06-13 11:46:50:548]	Failures: 257470 - Total: 400000
