input file is set to /home/ubuntu/whatsup/simulator/ec2-13.input
[2014-06-13 11:38:18:560]	976 has sent 9% of his messages!
[2014-06-13 11:38:18:598]	994 has sent 9% of his messages!
[2014-06-13 11:38:18:617]	1004 has sent 9% of his messages!
[2014-06-13 11:38:18:786]	1032 has sent 9% of his messages!
[2014-06-13 11:38:18:868]	993 has sent 9% of his messages!
[2014-06-13 11:38:18:926]	965 has sent 9% of his messages!
[2014-06-13 11:38:18:956]	1030 has sent 9% of his messages!
[2014-06-13 11:38:18:976]	1038 has sent 9% of his messages!
[2014-06-13 11:38:19:25]	962 has sent 9% of his messages!
[2014-06-13 11:38:19:145]	1031 has sent 9% of his messages!
[2014-06-13 11:38:19:213]	1032 has sent 19% of his messages!
[2014-06-13 11:38:19:359]	994 has sent 19% of his messages!
[2014-06-13 11:38:19:381]	962 has sent 19% of his messages!
[2014-06-13 11:38:19:579]	965 has sent 19% of his messages!
[2014-06-13 11:38:19:599]	1031 has sent 19% of his messages!
[2014-06-13 11:38:19:631]	1030 has sent 19% of his messages!
[2014-06-13 11:38:19:672]	1038 has sent 19% of his messages!
[2014-06-13 11:38:19:681]	976 has sent 19% of his messages!
[2014-06-13 11:38:19:720]	1032 has sent 29% of his messages!
[2014-06-13 11:38:19:796]	993 has sent 19% of his messages!
[2014-06-13 11:38:19:847]	1038 has sent 29% of his messages!
[2014-06-13 11:38:19:953]	1004 has sent 19% of his messages!
[2014-06-13 11:38:19:988]	962 has sent 29% of his messages!
[2014-06-13 11:38:20:170]	994 has sent 29% of his messages!
[2014-06-13 11:38:20:194]	993 has sent 29% of his messages!
[2014-06-13 11:38:20:238]	976 has sent 29% of his messages!
[2014-06-13 11:38:20:382]	1032 has sent 39% of his messages!
[2014-06-13 11:38:20:702]	993 has sent 39% of his messages!
[2014-06-13 11:38:20:939]	1038 has sent 39% of his messages!
[2014-06-13 11:38:20:942]	1004 has sent 29% of his messages!
[2014-06-13 11:38:20:944]	1031 has sent 29% of his messages!
[2014-06-13 11:38:20:964]	965 has sent 29% of his messages!
[2014-06-13 11:38:20:995]	993 has sent 49% of his messages!
[2014-06-13 11:38:21:76]	962 has sent 39% of his messages!
[2014-06-13 11:38:21:156]	994 has sent 39% of his messages!
[2014-06-13 11:38:21:279]	976 has sent 39% of his messages!
[2014-06-13 11:38:21:413]	1030 has sent 29% of his messages!
[2014-06-13 11:38:21:444]	1004 has sent 39% of his messages!
[2014-06-13 11:38:21:573]	982 has sent 9% of his messages!
[2014-06-13 11:38:21:707]	993 has sent 59% of his messages!
[2014-06-13 11:38:21:765]	1031 has sent 39% of his messages!
[2014-06-13 11:38:21:796]	1038 has sent 49% of his messages!
[2014-06-13 11:38:21:863]	1031 has sent 49% of his messages!
[2014-06-13 11:38:21:889]	962 has sent 49% of his messages!
[2014-06-13 11:38:21:945]	982 has sent 19% of his messages!
[2014-06-13 11:38:21:976]	994 has sent 49% of his messages!
[2014-06-13 11:38:22:223]	1032 has sent 49% of his messages!
[2014-06-13 11:38:22:287]	965 has sent 39% of his messages!
[2014-06-13 11:38:22:299]	976 has sent 49% of his messages!
[2014-06-13 11:38:22:300]	994 has sent 59% of his messages!
[2014-06-13 11:38:22:498]	962 has sent 59% of his messages!
[2014-06-13 11:38:22:520]	1004 has sent 49% of his messages!
[2014-06-13 11:38:22:533]	1030 has sent 39% of his messages!
[2014-06-13 11:38:22:675]	993 has sent 69% of his messages!
[2014-06-13 11:38:22:781]	965 has sent 49% of his messages!
[2014-06-13 11:38:22:820]	1038 has sent 59% of his messages!
[2014-06-13 11:38:22:858]	982 has sent 29% of his messages!
[2014-06-13 11:38:22:918]	1031 has sent 59% of his messages!
[2014-06-13 11:38:23:73]	1026 has sent 9% of his messages!
[2014-06-13 11:38:23:111]	965 has sent 59% of his messages!
[2014-06-13 11:38:23:132]	1004 has sent 59% of his messages!
[2014-06-13 11:38:23:182]	1025 has sent 9% of his messages!
[2014-06-13 11:38:23:305]	990 has sent 9% of his messages!
[2014-06-13 11:38:23:494]	981 has sent 9% of his messages!
[2014-06-13 11:38:23:560]	1008 has sent 9% of his messages!
[2014-06-13 11:38:23:694]	977 has sent 9% of his messages!
[2014-06-13 11:38:23:873]	982 has sent 39% of his messages!
[2014-06-13 11:38:23:879]	1023 has sent 9% of his messages!
[2014-06-13 11:38:23:889]	991 has sent 9% of his messages!
[2014-06-13 11:38:23:890]	980 has sent 9% of his messages!
[2014-06-13 11:38:23:891]	989 has sent 9% of his messages!
[2014-06-13 11:38:23:893]	1022 has sent 9% of his messages!
[2014-06-13 11:38:23:895]	987 has sent 9% of his messages!
[2014-06-13 11:38:23:905]	963 has sent 9% of his messages!
[2014-06-13 11:38:23:905]	1007 has sent 9% of his messages!
[2014-06-13 11:38:23:907]	1029 has sent 9% of his messages!
[2014-06-13 11:38:23:907]	1016 has sent 9% of his messages!
[2014-06-13 11:38:23:911]	1039 has sent 9% of his messages!
[2014-06-13 11:38:23:926]	1017 has sent 9% of his messages!
[2014-06-13 11:38:23:958]	972 has sent 9% of his messages!
[2014-06-13 11:38:23:990]	986 has sent 9% of his messages!
[2014-06-13 11:38:23:993]	997 has sent 9% of his messages!
[2014-06-13 11:38:24:9]	983 has sent 9% of his messages!
[2014-06-13 11:38:24:36]	1002 has sent 9% of his messages!
[2014-06-13 11:38:24:49]	1001 has sent 9% of his messages!
[2014-06-13 11:38:24:54]	985 has sent 9% of his messages!
[2014-06-13 11:38:24:65]	1018 has sent 9% of his messages!
[2014-06-13 11:38:24:92]	1014 has sent 9% of his messages!
[2014-06-13 11:38:24:152]	976 has sent 59% of his messages!
[2014-06-13 11:38:24:747]	1021 has sent 9% of his messages!
[2014-06-13 11:38:24:892]	962 has sent 69% of his messages!
[2014-06-13 11:38:24:894]	1021 has sent 19% of his messages!
[2014-06-13 11:38:24:911]	1014 has sent 19% of his messages!
[2014-06-13 11:38:24:935]	990 has sent 19% of his messages!
[2014-06-13 11:38:24:958]	1010 has sent 9% of his messages!
[2014-06-13 11:38:24:980]	972 has sent 19% of his messages!
[2014-06-13 11:38:24:993]	979 has sent 9% of his messages!
[2014-06-13 11:38:24:998]	1036 has sent 9% of his messages!
[2014-06-13 11:38:25:66]	1016 has sent 19% of his messages!
[2014-06-13 11:38:25:154]	979 has sent 19% of his messages!
[2014-06-13 11:38:25:498]	1012 has sent 9% of his messages!
[2014-06-13 11:38:25:607]	985 has sent 19% of his messages!
[2014-06-13 11:38:25:929]	993 has sent 79% of his messages!
[2014-06-13 11:38:25:957]	980 has sent 19% of his messages!
[2014-06-13 11:38:25:959]	997 has sent 19% of his messages!
[2014-06-13 11:38:26:100]	994 has sent 69% of his messages!
[2014-06-13 11:38:26:109]	987 has sent 19% of his messages!
[2014-06-13 11:38:26:114]	977 has sent 19% of his messages!
[2014-06-13 11:38:26:127]	1030 has sent 49% of his messages!
[2014-06-13 11:38:26:241]	981 has sent 19% of his messages!
[2014-06-13 11:38:26:278]	1007 has sent 19% of his messages!
[2014-06-13 11:38:26:405]	1008 has sent 19% of his messages!
[2014-06-13 11:38:26:545]	1023 has sent 19% of his messages!
[2014-06-13 11:38:26:914]	991 has sent 19% of his messages!
[2014-06-13 11:38:26:917]	1026 has sent 19% of his messages!
[2014-06-13 11:38:26:962]	1032 has sent 59% of his messages!
[2014-06-13 11:38:27:63]	1038 has sent 69% of his messages!
[2014-06-13 11:38:27:127]	1001 has sent 19% of his messages!
[2014-06-13 11:38:27:135]	986 has sent 19% of his messages!
[2014-06-13 11:38:27:151]	1039 has sent 19% of his messages!
[2014-06-13 11:38:27:156]	1012 has sent 19% of his messages!
[2014-06-13 11:38:27:432]	1002 has sent 19% of his messages!
[2014-06-13 11:38:27:479]	976 has sent 69% of his messages!
[2014-06-13 11:38:27:488]	1031 has sent 69% of his messages!
[2014-06-13 11:38:27:528]	1022 has sent 19% of his messages!
[2014-06-13 11:38:27:657]	1029 has sent 19% of his messages!
[2014-06-13 11:38:27:691]	982 has sent 49% of his messages!
[2014-06-13 11:38:27:728]	983 has sent 19% of his messages!
[2014-06-13 11:38:27:980]	1036 has sent 19% of his messages!
[2014-06-13 11:38:27:984]	1018 has sent 19% of his messages!
[2014-06-13 11:38:28:64]	1004 has sent 69% of his messages!
[2014-06-13 11:38:28:105]	990 has sent 29% of his messages!
[2014-06-13 11:38:28:243]	989 has sent 19% of his messages!
[2014-06-13 11:38:28:361]	977 has sent 29% of his messages!
[2014-06-13 11:38:28:379]	965 has sent 69% of his messages!
[2014-06-13 11:38:28:786]	993 has sent 89% of his messages!
[2014-06-13 11:38:28:803]	963 has sent 19% of his messages!
[2014-06-13 11:38:28:874]	972 has sent 29% of his messages!
[2014-06-13 11:38:28:899]	1010 has sent 19% of his messages!
[2014-06-13 11:38:28:945]	1017 has sent 19% of his messages!
[2014-06-13 11:38:28:957]	1025 has sent 19% of his messages!
[2014-06-13 11:38:29:89]	997 has sent 29% of his messages!
[2014-06-13 11:38:29:151]	962 has sent 79% of his messages!
[2014-06-13 11:38:29:263]	987 has sent 29% of his messages!
[2014-06-13 11:38:29:283]	985 has sent 29% of his messages!
[2014-06-13 11:38:29:328]	994 has sent 79% of his messages!
[2014-06-13 11:38:29:405]	1021 has sent 29% of his messages!
[2014-06-13 11:38:29:475]	1016 has sent 29% of his messages!
[2014-06-13 11:38:29:557]	979 has sent 29% of his messages!
[2014-06-13 11:38:29:688]	1026 has sent 29% of his messages!
[2014-06-13 11:38:29:867]	1032 has sent 69% of his messages!
[2014-06-13 11:38:29:869]	991 has sent 29% of his messages!
[2014-06-13 11:38:29:873]	990 has sent 39% of his messages!
[2014-06-13 11:38:29:873]	1022 has sent 29% of his messages!
[2014-06-13 11:38:29:892]	986 has sent 29% of his messages!
[2014-06-13 11:38:30:34]	1014 has sent 29% of his messages!
[2014-06-13 11:38:30:232]	976 has sent 79% of his messages!
[2014-06-13 11:38:30:234]	1038 has sent 79% of his messages!
[2014-06-13 11:38:30:309]	1039 has sent 29% of his messages!
[2014-06-13 11:38:30:359]	1029 has sent 29% of his messages!
[2014-06-13 11:38:30:392]	1008 has sent 29% of his messages!
[2014-06-13 11:38:30:451]	980 has sent 29% of his messages!
[2014-06-13 11:38:30:454]	1031 has sent 79% of his messages!
[2014-06-13 11:38:30:873]	1007 has sent 29% of his messages!
[2014-06-13 11:38:30:891]	1030 has sent 59% of his messages!
[2014-06-13 11:38:30:912]	1021 has sent 39% of his messages!
[2014-06-13 11:38:31:12]	983 has sent 29% of his messages!
[2014-06-13 11:38:31:369]	1009 has sent 9% of his messages!
[2014-06-13 11:38:31:383]	963 has sent 29% of his messages!
[2014-06-13 11:38:31:409]	1012 has sent 29% of his messages!
[2014-06-13 11:38:31:412]	989 has sent 29% of his messages!
[2014-06-13 11:38:31:570]	962 has sent 89% of his messages!
[2014-06-13 11:38:31:612]	1002 has sent 29% of his messages!
[2014-06-13 11:38:31:708]	987 has sent 39% of his messages!
[2014-06-13 11:38:31:726]	994 has sent 89% of his messages!
[2014-06-13 11:38:31:771]	1023 has sent 29% of his messages!
[2014-06-13 11:38:31:791]	1036 has sent 29% of his messages!
[2014-06-13 11:38:31:842]	981 has sent 29% of his messages!
[2014-06-13 11:38:31:971]	982 has sent 59% of his messages!
[2014-06-13 11:38:32:91]	1001 has sent 29% of his messages!
[2014-06-13 11:38:32:123]	1017 has sent 29% of his messages!
[2014-06-13 11:38:32:163]	997 has sent 39% of his messages!
[2014-06-13 11:38:32:237]	991 has sent 39% of his messages!
[2014-06-13 11:38:32:255]	1032 has sent 79% of his messages!
[2014-06-13 11:38:32:256]	1025 has sent 29% of his messages!
[2014-06-13 11:38:32:274]	1008 has sent 39% of his messages!
[2014-06-13 11:38:32:283]	1010 has sent 29% of his messages!
[2014-06-13 11:38:32:306]	979 has sent 39% of his messages!
[2014-06-13 11:38:32:451]	1018 has sent 29% of his messages!
[2014-06-13 11:38:32:454]	965 has sent 79% of his messages!
[2014-06-13 11:38:32:513]	1014 has sent 39% of his messages!
[2014-06-13 11:38:32:548]	990 has sent 49% of his messages!
[2014-06-13 11:38:32:759]	993 has sent 99% of his messages!
[2014-06-13 11:38:32:837]	1004 has sent 79% of his messages!
[2014-06-13 11:38:32:899]	976 has sent 89% of his messages!
[2014-06-13 11:38:32:903]	986 has sent 39% of his messages!
[2014-06-13 11:38:32:968]	1009 has sent 19% of his messages!
[2014-06-13 11:38:33:172]	1021 has sent 49% of his messages!
[2014-06-13 11:38:33:417]	977 has sent 39% of his messages!
[2014-06-13 11:38:33:438]	1038 has sent 89% of his messages!
[2014-06-13 11:38:33:452]	1016 has sent 39% of his messages!
[2014-06-13 11:38:33:592]	1026 has sent 39% of his messages!
[2014-06-13 11:38:33:685]	989 has sent 39% of his messages!
[2014-06-13 11:38:33:775]	980 has sent 39% of his messages!
[2014-06-13 11:38:33:791]	972 has sent 39% of his messages!
[2014-06-13 11:38:33:805]	1025 has sent 39% of his messages!
[2014-06-13 11:38:33:852]	1029 has sent 39% of his messages!
[2014-06-13 11:38:33:901]	1031 has sent 89% of his messages!
[2014-06-13 11:38:34:10]	1014 has sent 49% of his messages!
[2014-06-13 11:38:34:25]	1018 has sent 39% of his messages!
[2014-06-13 11:38:34:194]	963 has sent 39% of his messages!
[2014-06-13 11:38:34:227]	987 has sent 49% of his messages!
[2014-06-13 11:38:34:416]	981 has sent 39% of his messages!
[2014-06-13 11:38:34:417]	1032 has sent 89% of his messages!
[2014-06-13 11:38:34:596]	965 has sent 89% of his messages!
[2014-06-13 11:38:34:753]	1039 has sent 39% of his messages!
[2014-06-13 11:38:34:772]	1009 has sent 29% of his messages!
[2014-06-13 11:38:34:803]	1007 has sent 39% of his messages!
[2014-06-13 11:38:34:827]	986 has sent 49% of his messages!
[2014-06-13 11:38:35:31]	1036 has sent 39% of his messages!
[2014-06-13 11:38:35:84]	985 has sent 39% of his messages!
[2014-06-13 11:38:35:100]	1017 has sent 39% of his messages!
[2014-06-13 11:38:35:132]	1002 has sent 39% of his messages!
[2014-06-13 11:38:35:158]	1022 has sent 39% of his messages!
[2014-06-13 11:38:35:183]	1023 has sent 39% of his messages!
[2014-06-13 11:38:35:226]	977 has sent 49% of his messages!
[2014-06-13 11:38:35:257]	1026 has sent 49% of his messages!
[2014-06-13 11:38:35:302]	994 has sent 99% of his messages!
[2014-06-13 11:38:35:349]	1030 has sent 69% of his messages!
[2014-06-13 11:38:35:496]	1008 has sent 49% of his messages!
[2014-06-13 11:38:35:512]	1010 has sent 39% of his messages!
[2014-06-13 11:38:35:554]	983 has sent 39% of his messages!
[2014-06-13 11:38:35:583]	1004 has sent 89% of his messages!
[2014-06-13 11:38:35:604]	979 has sent 49% of his messages!
[2014-06-13 11:38:35:652]	1001 has sent 39% of his messages!
[2014-06-13 11:38:35:682]	1016 has sent 49% of his messages!
[2014-06-13 11:38:35:702]	991 has sent 49% of his messages!
[2014-06-13 11:38:35:705]	985 has sent 49% of his messages!
[2014-06-13 11:38:35:726]	1014 has sent 59% of his messages!
[2014-06-13 11:38:35:729]	976 has sent 99% of his messages!
[2014-06-13 11:38:35:764]	1017 has sent 49% of his messages!
[2014-06-13 11:38:35:983]	986 has sent 59% of his messages!
[2014-06-13 11:38:36:74]	997 has sent 49% of his messages!
[2014-06-13 11:38:36:191]	962 has sent 99% of his messages!
[2014-06-13 11:38:36:423]	1012 has sent 39% of his messages!
[2014-06-13 11:38:36:635]	980 has sent 49% of his messages!
[2014-06-13 11:38:36:661]	990 has sent 59% of his messages!
[2014-06-13 11:38:36:900]	1032 has sent 99% of his messages!
[2014-06-13 11:38:36:901]	1029 has sent 49% of his messages!
[2014-06-13 11:38:36:947]	1021 has sent 59% of his messages!
[2014-06-13 11:38:37:109]	965 has sent 99% of his messages!
[2014-06-13 11:38:37:133]	1009 has sent 39% of his messages!
[2014-06-13 11:38:37:370]	963 has sent 49% of his messages!
[2014-06-13 11:38:37:370]	1008 has sent 59% of his messages!
[2014-06-13 11:38:37:374]	989 has sent 49% of his messages!
[2014-06-13 11:38:37:375]	1039 has sent 49% of his messages!
[2014-06-13 11:38:37:389]	1002 has sent 49% of his messages!
[2014-06-13 11:38:37:391]	1026 has sent 59% of his messages!
[2014-06-13 11:38:37:413]	982 has sent 69% of his messages!
[2014-06-13 11:38:37:590]	1025 has sent 49% of his messages!
[2014-06-13 11:38:37:614]	972 has sent 49% of his messages!
[2014-06-13 11:38:37:651]	985 has sent 59% of his messages!
[2014-06-13 11:38:37:729]	1022 has sent 49% of his messages!
[2014-06-13 11:38:37:731]	981 has sent 49% of his messages!
[2014-06-13 11:38:37:888]	1018 has sent 49% of his messages!
[2014-06-13 11:38:38:78]	1038 has sent 99% of his messages!
[2014-06-13 11:38:38:102]	997 has sent 59% of his messages!
[2014-06-13 11:38:38:103]	1036 has sent 49% of his messages!
[2014-06-13 11:38:38:153]	1014 has sent 69% of his messages!
[2014-06-13 11:38:38:155]	1030 has sent 79% of his messages!
[2014-06-13 11:38:38:195]	1031 has sent 99% of his messages!
[2014-06-13 11:38:38:285]	1008 has sent 69% of his messages!
[2014-06-13 11:38:38:332]	981 has sent 59% of his messages!
[2014-06-13 11:38:38:362]	987 has sent 59% of his messages!
[2014-06-13 11:38:38:378]	1025 has sent 59% of his messages!
[2014-06-13 11:38:38:384]	1026 has sent 69% of his messages!
[2014-06-13 11:38:38:388]	979 has sent 59% of his messages!
[2014-06-13 11:38:38:504]	1001 has sent 49% of his messages!
[2014-06-13 11:38:38:516]	990 has sent 69% of his messages!
[2014-06-13 11:38:38:706]	1014 has sent 79% of his messages!
[2014-06-13 11:38:38:840]	1004 has sent 99% of his messages!
[2014-06-13 11:38:38:876]	1023 has sent 49% of his messages!
[2014-06-13 11:38:38:907]	1002 has sent 59% of his messages!
[2014-06-13 11:38:38:907]	1021 has sent 69% of his messages!
[2014-06-13 11:38:38:927]	977 has sent 59% of his messages!
[2014-06-13 11:38:39:10]	1016 has sent 59% of his messages!
[2014-06-13 11:38:39:140]	983 has sent 49% of his messages!
[2014-06-13 11:38:39:146]	1018 has sent 59% of his messages!
[2014-06-13 11:38:39:240]	991 has sent 59% of his messages!
[2014-06-13 11:38:39:290]	1007 has sent 49% of his messages!
[2014-06-13 11:38:39:291]	1026 has sent 79% of his messages!
[2014-06-13 11:38:39:346]	1039 has sent 59% of his messages!
[2014-06-13 11:38:39:429]	1017 has sent 59% of his messages!
[2014-06-13 11:38:39:464]	990 has sent 79% of his messages!
[2014-06-13 11:38:39:491]	986 has sent 69% of his messages!
[2014-06-13 11:38:39:497]	1012 has sent 49% of his messages!
[2014-06-13 11:38:39:508]	980 has sent 59% of his messages!
[2014-06-13 11:38:39:673]	990 has sent 89% of his messages!
[2014-06-13 11:38:39:695]	981 has sent 69% of his messages!
[2014-06-13 11:38:39:767]	1009 has sent 49% of his messages!
[2014-06-13 11:38:39:936]	1022 has sent 59% of his messages!
[2014-06-13 11:38:39:952]	1010 has sent 49% of his messages!
[2014-06-13 11:38:40:77]	989 has sent 59% of his messages!
[2014-06-13 11:38:40:242]	980 has sent 69% of his messages!
[2014-06-13 11:38:40:280]	1014 has sent 89% of his messages!
[2014-06-13 11:38:40:313]	986 has sent 79% of his messages!
[2014-06-13 11:38:40:868]	1016 has sent 69% of his messages!
[2014-06-13 11:38:40:869]	991 has sent 69% of his messages!
[2014-06-13 11:38:40:872]	997 has sent 69% of his messages!
[2014-06-13 11:38:40:872]	982 has sent 79% of his messages!
[2014-06-13 11:38:40:874]	983 has sent 59% of his messages!
[2014-06-13 11:38:40:874]	990 has sent 99% of his messages!
[2014-06-13 11:38:40:875]	963 has sent 59% of his messages!
[2014-06-13 11:38:40:878]	977 has sent 69% of his messages!
[2014-06-13 11:38:40:879]	1029 has sent 59% of his messages!
[2014-06-13 11:38:40:888]	1017 has sent 69% of his messages!
[2014-06-13 11:38:40:889]	987 has sent 69% of his messages!
[2014-06-13 11:38:40:891]	1025 has sent 69% of his messages!
[2014-06-13 11:38:40:892]	1030 has sent 89% of his messages!
[2014-06-13 11:38:40:956]	1007 has sent 59% of his messages!
[2014-06-13 11:38:41:0]	1012 has sent 59% of his messages!
[2014-06-13 11:38:41:64]	1029 has sent 69% of his messages!
[2014-06-13 11:38:41:200]	972 has sent 59% of his messages!
[2014-06-13 11:38:41:238]	997 has sent 79% of his messages!
[2014-06-13 11:38:41:250]	1026 has sent 89% of his messages!
[2014-06-13 11:38:41:282]	1007 has sent 69% of his messages!
[2014-06-13 11:38:41:298]	979 has sent 69% of his messages!
[2014-06-13 11:38:41:302]	1030 has sent 99% of his messages!
[2014-06-13 11:38:41:426]	963 has sent 69% of his messages!
[2014-06-13 11:38:41:427]	1036 has sent 59% of his messages!
[2014-06-13 11:38:41:554]	1039 has sent 69% of his messages!
[2014-06-13 11:38:41:586]	1023 has sent 59% of his messages!
[2014-06-13 11:38:41:626]	1008 has sent 79% of his messages!
[2014-06-13 11:38:41:692]	1016 has sent 79% of his messages!
[2014-06-13 11:38:41:822]	997 has sent 89% of his messages!
[2014-06-13 11:38:41:860]	1002 has sent 69% of his messages!
[2014-06-13 11:38:42:5]	981 has sent 79% of his messages!
[2014-06-13 11:38:42:27]	1001 has sent 59% of his messages!
[2014-06-13 11:38:42:55]	1018 has sent 69% of his messages!
[2014-06-13 11:38:42:136]	1022 has sent 69% of his messages!
[2014-06-13 11:38:42:303]	986 has sent 89% of his messages!
[2014-06-13 11:38:42:303]	987 has sent 79% of his messages!
[2014-06-13 11:38:42:352]	1014 has sent 99% of his messages!
[2014-06-13 11:38:42:383]	985 has sent 69% of his messages!
[2014-06-13 11:38:42:428]	1021 has sent 79% of his messages!
[2014-06-13 11:38:42:500]	1009 has sent 59% of his messages!
[2014-06-13 11:38:42:519]	991 has sent 79% of his messages!
[2014-06-13 11:38:42:639]	980 has sent 79% of his messages!
[2014-06-13 11:38:42:779]	982 has sent 89% of his messages!
[2014-06-13 11:38:42:926]	985 has sent 79% of his messages!
[2014-06-13 11:38:43:26]	1039 has sent 79% of his messages!
[2014-06-13 11:38:43:146]	970 has sent 9% of his messages!
[2014-06-13 11:38:43:184]	974 has sent 9% of his messages!
[2014-06-13 11:38:43:196]	1040 has sent 9% of his messages!
[2014-06-13 11:38:43:214]	966 has sent 9% of his messages!
[2014-06-13 11:38:43:216]	975 has sent 9% of his messages!
[2014-06-13 11:38:43:226]	978 has sent 9% of his messages!
[2014-06-13 11:38:43:276]	1024 has sent 9% of his messages!
[2014-06-13 11:38:43:278]	1024 has sent 19% of his messages!
[2014-06-13 11:38:43:297]	1006 has sent 9% of his messages!
[2014-06-13 11:38:43:316]	966 has sent 19% of his messages!
[2014-06-13 11:38:43:446]	984 has sent 9% of his messages!
[2014-06-13 11:38:43:485]	967 has sent 9% of his messages!
[2014-06-13 11:38:43:554]	1007 has sent 79% of his messages!
[2014-06-13 11:38:43:574]	972 has sent 69% of his messages!
[2014-06-13 11:38:43:586]	963 has sent 79% of his messages!
[2014-06-13 11:38:43:658]	1000 has sent 9% of his messages!
[2014-06-13 11:38:43:685]	973 has sent 9% of his messages!
[2014-06-13 11:38:43:713]	1010 has sent 59% of his messages!
[2014-06-13 11:38:43:714]	1008 has sent 89% of his messages!
[2014-06-13 11:38:43:731]	1001 has sent 69% of his messages!
[2014-06-13 11:38:43:756]	991 has sent 89% of his messages!
[2014-06-13 11:38:43:756]	974 has sent 19% of his messages!
[2014-06-13 11:38:43:811]	1024 has sent 29% of his messages!
[2014-06-13 11:38:43:811]	1040 has sent 19% of his messages!
[2014-06-13 11:38:43:812]	1006 has sent 19% of his messages!
[2014-06-13 11:38:43:812]	981 has sent 89% of his messages!
[2014-06-13 11:38:43:812]	1025 has sent 79% of his messages!
[2014-06-13 11:38:43:829]	987 has sent 89% of his messages!
[2014-06-13 11:38:43:848]	1016 has sent 89% of his messages!
[2014-06-13 11:38:43:876]	1009 has sent 69% of his messages!
[2014-06-13 11:38:43:883]	1034 has sent 9% of his messages!
[2014-06-13 11:38:43:932]	1025 has sent 89% of his messages!
[2014-06-13 11:38:43:936]	988 has sent 9% of his messages!
[2014-06-13 11:38:43:940]	1003 has sent 9% of his messages!
[2014-06-13 11:38:44:29]	992 has sent 9% of his messages!
[2014-06-13 11:38:44:166]	970 has sent 19% of his messages!
[2014-06-13 11:38:44:235]	1013 has sent 9% of his messages!
[2014-06-13 11:38:44:249]	969 has sent 9% of his messages!
[2014-06-13 11:38:44:314]	986 has sent 99% of his messages!
[2014-06-13 11:38:44:440]	1033 has sent 9% of his messages!
[2014-06-13 11:38:44:468]	977 has sent 79% of his messages!
[2014-06-13 11:38:44:543]	967 has sent 19% of his messages!
[2014-06-13 11:38:44:561]	1039 has sent 89% of his messages!
[2014-06-13 11:38:44:596]	981 has sent 99% of his messages!
[2014-06-13 11:38:44:610]	1017 has sent 79% of his messages!
[2014-06-13 11:38:44:675]	1036 has sent 69% of his messages!
[2014-06-13 11:38:44:722]	1023 has sent 69% of his messages!
[2014-06-13 11:38:44:724]	972 has sent 79% of his messages!
[2014-06-13 11:38:44:820]	1008 has sent 99% of his messages!
[2014-06-13 11:38:44:850]	1013 has sent 19% of his messages!
[2014-06-13 11:38:44:920]	987 has sent 99% of his messages!
[2014-06-13 11:38:45:18]	1001 has sent 79% of his messages!
[2014-06-13 11:38:45:33]	979 has sent 79% of his messages!
[2014-06-13 11:38:45:54]	1026 has sent 99% of his messages!
[2014-06-13 11:38:45:94]	973 has sent 19% of his messages!
[2014-06-13 11:38:45:110]	1016 has sent 99% of his messages!
[2014-06-13 11:38:45:141]	1037 has sent 9% of his messages!
[2014-06-13 11:38:45:183]	983 has sent 69% of his messages!
[2014-06-13 11:38:45:225]	973 has sent 29% of his messages!
[2014-06-13 11:38:45:234]	1018 has sent 79% of his messages!
[2014-06-13 11:38:45:286]	970 has sent 29% of his messages!
[2014-06-13 11:38:45:307]	1025 has sent 99% of his messages!
[2014-06-13 11:38:45:374]	996 has sent 9% of his messages!
[2014-06-13 11:38:45:438]	1000 has sent 19% of his messages!
[2014-06-13 11:38:45:453]	982 has sent 99% of his messages!
[2014-06-13 11:38:45:508]	997 has sent 99% of his messages!
[2014-06-13 11:38:45:530]	991 has sent 99% of his messages!
[2014-06-13 11:38:45:535]	1002 has sent 79% of his messages!
[2014-06-13 11:38:45:617]	1033 has sent 19% of his messages!
[2014-06-13 11:38:45:656]	963 has sent 89% of his messages!
[2014-06-13 11:38:45:661]	988 has sent 19% of his messages!
[2014-06-13 11:38:45:675]	1037 has sent 19% of his messages!
[2014-06-13 11:38:45:690]	980 has sent 89% of his messages!
[2014-06-13 11:38:45:693]	983 has sent 79% of his messages!
[2014-06-13 11:38:45:709]	985 has sent 89% of his messages!
[2014-06-13 11:38:45:712]	979 has sent 89% of his messages!
[2014-06-13 11:38:45:819]	1007 has sent 89% of his messages!
[2014-06-13 11:38:45:873]	1022 has sent 79% of his messages!
[2014-06-13 11:38:45:943]	980 has sent 99% of his messages!
[2014-06-13 11:38:45:958]	1033 has sent 29% of his messages!
[2014-06-13 11:38:46:30]	963 has sent 99% of his messages!
[2014-06-13 11:38:46:59]	1039 has sent 99% of his messages!
[2014-06-13 11:38:46:102]	983 has sent 89% of his messages!
[2014-06-13 11:38:46:114]	1034 has sent 19% of his messages!
[2014-06-13 11:38:46:182]	1003 has sent 19% of his messages!
[2014-06-13 11:38:46:184]	1029 has sent 79% of his messages!
[2014-06-13 11:38:46:186]	1023 has sent 79% of his messages!
[2014-06-13 11:38:46:687]	989 has sent 69% of his messages!
[2014-06-13 11:38:46:691]	1000 has sent 29% of his messages!
[2014-06-13 11:38:46:691]	1009 has sent 79% of his messages!
[2014-06-13 11:38:46:691]	985 has sent 99% of his messages!
[2014-06-13 11:38:46:691]	967 has sent 29% of his messages!
[2014-06-13 11:38:46:705]	996 has sent 19% of his messages!
[2014-06-13 11:38:46:707]	1001 has sent 89% of his messages!
[2014-06-13 11:38:46:708]	977 has sent 89% of his messages!
[2014-06-13 11:38:46:711]	1010 has sent 69% of his messages!
[2014-06-13 11:38:46:712]	972 has sent 89% of his messages!
[2014-06-13 11:38:46:739]	972 has sent 99% of his messages!
[2014-06-13 11:38:46:852]	1012 has sent 69% of his messages!
[2014-06-13 11:38:46:875]	1000 has sent 39% of his messages!
[2014-06-13 11:38:47:94]	1017 has sent 89% of his messages!
[2014-06-13 11:38:47:98]	973 has sent 39% of his messages!
[2014-06-13 11:38:47:100]	970 has sent 39% of his messages!
[2014-06-13 11:38:47:119]	1013 has sent 29% of his messages!
[2014-06-13 11:38:47:137]	1037 has sent 29% of his messages!
[2014-06-13 11:38:47:228]	967 has sent 39% of his messages!
[2014-06-13 11:38:47:264]	992 has sent 19% of his messages!
[2014-06-13 11:38:47:264]	1021 has sent 89% of his messages!
[2014-06-13 11:38:47:267]	996 has sent 29% of his messages!
[2014-06-13 11:38:47:276]	1029 has sent 89% of his messages!
[2014-06-13 11:38:47:279]	1002 has sent 89% of his messages!
[2014-06-13 11:38:47:292]	979 has sent 99% of his messages!
[2014-06-13 11:38:47:296]	1036 has sent 79% of his messages!
[2014-06-13 11:38:47:378]	1000 has sent 49% of his messages!
[2014-06-13 11:38:47:379]	977 has sent 99% of his messages!
[2014-06-13 11:38:47:381]	1009 has sent 89% of his messages!
[2014-06-13 11:38:47:395]	1029 has sent 99% of his messages!
[2014-06-13 11:38:47:412]	1002 has sent 99% of his messages!
[2014-06-13 11:38:47:436]	1012 has sent 79% of his messages!
[2014-06-13 11:38:47:602]	992 has sent 29% of his messages!
[2014-06-13 11:38:47:617]	1017 has sent 99% of his messages!
[2014-06-13 11:38:47:664]	1000 has sent 59% of his messages!
[2014-06-13 11:38:47:683]	1007 has sent 99% of his messages!
[2014-06-13 11:38:47:696]	969 has sent 19% of his messages!
[2014-06-13 11:38:47:700]	983 has sent 99% of his messages!
[2014-06-13 11:38:47:743]	1021 has sent 99% of his messages!
[2014-06-13 11:38:47:784]	973 has sent 49% of his messages!
[2014-06-13 11:38:47:805]	970 has sent 49% of his messages!
[2014-06-13 11:38:47:846]	967 has sent 49% of his messages!
[2014-06-13 11:38:47:849]	1023 has sent 89% of his messages!
[2014-06-13 11:38:47:883]	1001 has sent 99% of his messages!
[2014-06-13 11:38:47:903]	1018 has sent 89% of his messages!
[2014-06-13 11:38:47:961]	973 has sent 59% of his messages!
[2014-06-13 11:38:47:964]	996 has sent 39% of his messages!
[2014-06-13 11:38:48:60]	988 has sent 29% of his messages!
[2014-06-13 11:38:48:88]	1003 has sent 29% of his messages!
[2014-06-13 11:38:48:248]	1012 has sent 89% of his messages!
[2014-06-13 11:38:48:268]	1033 has sent 39% of his messages!
[2014-06-13 11:38:48:352]	996 has sent 49% of his messages!
[2014-06-13 11:38:48:373]	1023 has sent 99% of his messages!
[2014-06-13 11:38:48:421]	1012 has sent 99% of his messages!
[2014-06-13 11:38:48:422]	1000 has sent 69% of his messages!
[2014-06-13 11:38:48:447]	970 has sent 59% of his messages!
[2014-06-13 11:38:48:536]	1009 has sent 99% of his messages!
[2014-06-13 11:38:48:544]	989 has sent 79% of his messages!
[2014-06-13 11:38:48:546]	973 has sent 69% of his messages!
[2014-06-13 11:38:48:616]	1034 has sent 29% of his messages!
[2014-06-13 11:38:48:630]	996 has sent 59% of his messages!
[2014-06-13 11:38:48:742]	992 has sent 39% of his messages!
[2014-06-13 11:38:48:744]	1022 has sent 89% of his messages!
[2014-06-13 11:38:48:846]	1034 has sent 39% of his messages!
[2014-06-13 11:38:48:868]	970 has sent 69% of his messages!
[2014-06-13 11:38:48:931]	969 has sent 29% of his messages!
[2014-06-13 11:38:48:970]	1010 has sent 79% of his messages!
[2014-06-13 11:38:48:999]	1037 has sent 39% of his messages!
[2014-06-13 11:38:49:153]	1013 has sent 39% of his messages!
[2014-06-13 11:38:49:234]	1036 has sent 89% of his messages!
[2014-06-13 11:38:49:283]	1000 has sent 79% of his messages!
[2014-06-13 11:38:49:328]	989 has sent 89% of his messages!
[2014-06-13 11:38:49:352]	1037 has sent 49% of his messages!
[2014-06-13 11:38:49:364]	1018 has sent 99% of his messages!
[2014-06-13 11:38:49:388]	973 has sent 79% of his messages!
[2014-06-13 11:38:49:408]	967 has sent 59% of his messages!
[2014-06-13 11:38:49:563]	970 has sent 79% of his messages!
[2014-06-13 11:38:49:578]	988 has sent 39% of his messages!
[2014-06-13 11:38:49:625]	1033 has sent 49% of his messages!
[2014-06-13 11:38:49:666]	973 has sent 89% of his messages!
[2014-06-13 11:38:49:749]	1010 has sent 89% of his messages!
[2014-06-13 11:38:49:789]	1013 has sent 49% of his messages!
[2014-06-13 11:38:49:807]	996 has sent 69% of his messages!
[2014-06-13 11:38:49:830]	1037 has sent 59% of his messages!
[2014-06-13 11:38:49:996]	1034 has sent 49% of his messages!
[2014-06-13 11:38:50:1]	1003 has sent 39% of his messages!
[2014-06-13 11:38:50:30]	988 has sent 49% of his messages!
[2014-06-13 11:38:50:73]	992 has sent 49% of his messages!
[2014-06-13 11:38:50:113]	1033 has sent 59% of his messages!
[2014-06-13 11:38:50:163]	1000 has sent 89% of his messages!
[2014-06-13 11:38:50:202]	970 has sent 89% of his messages!
[2014-06-13 11:38:50:313]	969 has sent 39% of his messages!
[2014-06-13 11:38:50:405]	973 has sent 99% of his messages!
[2014-06-13 11:38:50:425]	970 has sent 99% of his messages!
[2014-06-13 11:38:50:475]	1022 has sent 99% of his messages!
[2014-06-13 11:38:50:508]	1013 has sent 59% of his messages!
[2014-06-13 11:38:50:551]	1034 has sent 59% of his messages!
[2014-06-13 11:38:50:621]	1000 has sent 99% of his messages!
[2014-06-13 11:38:50:630]	989 has sent 99% of his messages!
[2014-06-13 11:38:50:695]	992 has sent 59% of his messages!
[2014-06-13 11:38:50:719]	1010 has sent 99% of his messages!
[2014-06-13 11:38:50:725]	967 has sent 69% of his messages!
[2014-06-13 11:38:50:862]	1034 has sent 69% of his messages!
[2014-06-13 11:38:50:958]	969 has sent 49% of his messages!
[2014-06-13 11:38:51:18]	996 has sent 79% of his messages!
[2014-06-13 11:38:51:85]	988 has sent 59% of his messages!
[2014-06-13 11:38:51:103]	1003 has sent 49% of his messages!
[2014-06-13 11:38:51:116]	1037 has sent 69% of his messages!
[2014-06-13 11:38:51:180]	1036 has sent 99% of his messages!
[2014-06-13 11:38:51:295]	992 has sent 69% of his messages!
[2014-06-13 11:38:51:300]	1033 has sent 69% of his messages!
[2014-06-13 11:38:51:301]	967 has sent 79% of his messages!
[2014-06-13 11:38:51:318]	996 has sent 89% of his messages!
[2014-06-13 11:38:51:329]	1013 has sent 69% of his messages!
[2014-06-13 11:38:51:335]	1034 has sent 79% of his messages!
[2014-06-13 11:38:51:338]	1034 has sent 89% of his messages!
[2014-06-13 11:38:51:467]	1034 has sent 99% of his messages!
[2014-06-13 11:38:51:472]	969 has sent 59% of his messages!
[2014-06-13 11:38:51:542]	967 has sent 89% of his messages!
[2014-06-13 11:38:51:559]	996 has sent 99% of his messages!
[2014-06-13 11:38:51:560]	1037 has sent 79% of his messages!
[2014-06-13 11:38:51:584]	992 has sent 79% of his messages!
[2014-06-13 11:38:51:587]	992 has sent 89% of his messages!
[2014-06-13 11:38:51:589]	969 has sent 69% of his messages!
[2014-06-13 11:38:51:591]	967 has sent 99% of his messages!
[2014-06-13 11:38:51:606]	988 has sent 69% of his messages!
[2014-06-13 11:38:51:610]	1013 has sent 79% of his messages!
[2014-06-13 11:38:51:624]	1033 has sent 79% of his messages!
[2014-06-13 11:38:51:631]	1037 has sent 89% of his messages!
[2014-06-13 11:38:51:686]	1037 has sent 99% of his messages!
Total time: 515941ms
[2014-06-13 11:46:28:624]	Terminated successfully
[2014-06-13 11:46:28:624]	Failures: 111351 - Total: 400000
