input file is set to /home/ubuntu/whatsup/simulator/ec2-15.input
[2014-06-13 11:38:52:523]	1156 has sent 9% of his messages!
[2014-06-13 11:38:53:10]	1192 has sent 9% of his messages!
[2014-06-13 11:38:53:90]	1135 has sent 9% of his messages!
[2014-06-13 11:38:53:90]	1132 has sent 9% of his messages!
[2014-06-13 11:38:53:92]	1125 has sent 9% of his messages!
[2014-06-13 11:38:53:93]	1146 has sent 9% of his messages!
[2014-06-13 11:38:53:95]	1165 has sent 9% of his messages!
[2014-06-13 11:38:53:106]	1123 has sent 9% of his messages!
[2014-06-13 11:38:53:108]	1160 has sent 9% of his messages!
[2014-06-13 11:38:53:111]	1155 has sent 9% of his messages!
[2014-06-13 11:38:53:113]	1164 has sent 9% of his messages!
[2014-06-13 11:38:53:116]	1147 has sent 9% of his messages!
[2014-06-13 11:38:53:117]	1127 has sent 9% of his messages!
[2014-06-13 11:38:53:131]	1166 has sent 9% of his messages!
[2014-06-13 11:38:53:132]	1179 has sent 9% of his messages!
[2014-06-13 11:38:53:134]	1129 has sent 9% of his messages!
[2014-06-13 11:38:53:135]	1178 has sent 9% of his messages!
[2014-06-13 11:38:53:138]	1169 has sent 9% of his messages!
[2014-06-13 11:38:53:147]	1200 has sent 9% of his messages!
[2014-06-13 11:38:53:149]	1183 has sent 9% of his messages!
[2014-06-13 11:38:53:152]	1158 has sent 9% of his messages!
[2014-06-13 11:38:53:154]	1174 has sent 9% of his messages!
[2014-06-13 11:38:53:163]	1153 has sent 9% of his messages!
[2014-06-13 11:38:53:164]	1181 has sent 9% of his messages!
[2014-06-13 11:38:53:166]	1185 has sent 9% of his messages!
[2014-06-13 11:38:53:168]	1151 has sent 9% of his messages!
[2014-06-13 11:38:53:169]	1194 has sent 9% of his messages!
[2014-06-13 11:38:53:214]	1121 has sent 9% of his messages!
[2014-06-13 11:38:53:262]	1128 has sent 9% of his messages!
[2014-06-13 11:38:53:265]	1199 has sent 9% of his messages!
[2014-06-13 11:38:53:281]	1180 has sent 9% of his messages!
[2014-06-13 11:38:53:317]	1133 has sent 9% of his messages!
[2014-06-13 11:38:53:342]	1184 has sent 9% of his messages!
[2014-06-13 11:38:53:411]	1176 has sent 9% of his messages!
[2014-06-13 11:38:53:453]	1191 has sent 9% of his messages!
[2014-06-13 11:38:53:985]	1149 has sent 9% of his messages!
[2014-06-13 11:38:54:113]	1174 has sent 19% of his messages!
[2014-06-13 11:38:54:655]	1184 has sent 19% of his messages!
[2014-06-13 11:38:54:883]	1165 has sent 19% of his messages!
[2014-06-13 11:38:54:897]	1183 has sent 19% of his messages!
[2014-06-13 11:38:54:976]	1191 has sent 19% of his messages!
[2014-06-13 11:38:55:311]	1149 has sent 19% of his messages!
[2014-06-13 11:38:55:327]	1194 has sent 19% of his messages!
[2014-06-13 11:38:55:348]	1135 has sent 19% of his messages!
[2014-06-13 11:38:55:417]	1127 has sent 19% of his messages!
[2014-06-13 11:38:55:776]	1128 has sent 19% of his messages!
[2014-06-13 11:38:55:804]	1158 has sent 19% of his messages!
[2014-06-13 11:38:55:951]	1166 has sent 19% of his messages!
[2014-06-13 11:38:56:5]	1132 has sent 19% of his messages!
[2014-06-13 11:38:56:169]	1125 has sent 19% of his messages!
[2014-06-13 11:38:56:198]	1183 has sent 29% of his messages!
[2014-06-13 11:38:56:204]	1156 has sent 19% of his messages!
[2014-06-13 11:38:56:208]	1194 has sent 29% of his messages!
[2014-06-13 11:38:56:368]	1200 has sent 19% of his messages!
[2014-06-13 11:38:56:472]	1176 has sent 19% of his messages!
[2014-06-13 11:38:56:591]	1164 has sent 19% of his messages!
[2014-06-13 11:38:56:592]	1146 has sent 19% of his messages!
[2014-06-13 11:38:56:595]	1192 has sent 19% of his messages!
[2014-06-13 11:38:56:598]	1160 has sent 19% of his messages!
[2014-06-13 11:38:56:745]	1178 has sent 19% of his messages!
[2014-06-13 11:38:56:748]	1121 has sent 19% of his messages!
[2014-06-13 11:38:57:177]	1174 has sent 29% of his messages!
[2014-06-13 11:38:57:264]	1151 has sent 19% of his messages!
[2014-06-13 11:38:57:273]	1147 has sent 19% of his messages!
[2014-06-13 11:38:57:322]	1164 has sent 29% of his messages!
[2014-06-13 11:38:57:453]	1180 has sent 19% of his messages!
[2014-06-13 11:38:57:478]	1179 has sent 19% of his messages!
[2014-06-13 11:38:57:542]	1155 has sent 19% of his messages!
[2014-06-13 11:38:57:548]	1169 has sent 19% of his messages!
[2014-06-13 11:38:57:572]	1123 has sent 19% of his messages!
[2014-06-13 11:38:57:640]	1153 has sent 19% of his messages!
[2014-06-13 11:38:57:663]	1185 has sent 19% of his messages!
[2014-06-13 11:38:57:913]	1199 has sent 19% of his messages!
[2014-06-13 11:38:57:950]	1165 has sent 29% of his messages!
[2014-06-13 11:38:57:963]	1129 has sent 19% of his messages!
[2014-06-13 11:38:58:83]	1174 has sent 39% of his messages!
[2014-06-13 11:38:58:165]	1146 has sent 29% of his messages!
[2014-06-13 11:38:58:191]	1132 has sent 29% of his messages!
[2014-06-13 11:38:58:208]	1184 has sent 29% of his messages!
[2014-06-13 11:38:58:370]	1179 has sent 29% of his messages!
[2014-06-13 11:38:58:382]	1125 has sent 29% of his messages!
[2014-06-13 11:38:58:384]	1166 has sent 29% of his messages!
[2014-06-13 11:38:58:584]	1135 has sent 29% of his messages!
[2014-06-13 11:38:58:794]	1129 has sent 29% of his messages!
[2014-06-13 11:38:59:76]	1149 has sent 29% of his messages!
[2014-06-13 11:38:59:90]	1158 has sent 29% of his messages!
[2014-06-13 11:38:59:92]	1166 has sent 39% of his messages!
[2014-06-13 11:38:59:93]	1133 has sent 19% of his messages!
[2014-06-13 11:38:59:359]	1160 has sent 29% of his messages!
[2014-06-13 11:38:59:390]	1183 has sent 39% of his messages!
[2014-06-13 11:38:59:482]	1192 has sent 29% of his messages!
[2014-06-13 11:38:59:495]	1181 has sent 19% of his messages!
[2014-06-13 11:38:59:612]	1158 has sent 39% of his messages!
[2014-06-13 11:38:59:651]	1128 has sent 29% of his messages!
[2014-06-13 11:38:59:683]	1149 has sent 39% of his messages!
[2014-06-13 11:38:59:889]	1169 has sent 29% of his messages!
[2014-06-13 11:38:59:947]	1200 has sent 29% of his messages!
[2014-06-13 11:39:0:12]	1127 has sent 29% of his messages!
[2014-06-13 11:39:0:330]	1178 has sent 29% of his messages!
[2014-06-13 11:39:0:459]	1158 has sent 49% of his messages!
[2014-06-13 11:39:0:482]	1194 has sent 39% of his messages!
[2014-06-13 11:39:0:622]	1146 has sent 39% of his messages!
[2014-06-13 11:39:0:666]	1132 has sent 39% of his messages!
[2014-06-13 11:39:0:789]	1176 has sent 29% of his messages!
[2014-06-13 11:39:0:827]	1192 has sent 39% of his messages!
[2014-06-13 11:39:0:917]	1191 has sent 29% of his messages!
[2014-06-13 11:39:0:937]	1156 has sent 29% of his messages!
[2014-06-13 11:39:1:66]	1151 has sent 29% of his messages!
[2014-06-13 11:39:1:80]	1129 has sent 39% of his messages!
[2014-06-13 11:39:1:133]	1125 has sent 39% of his messages!
[2014-06-13 11:39:1:238]	1153 has sent 29% of his messages!
[2014-06-13 11:39:1:242]	1185 has sent 29% of his messages!
[2014-06-13 11:39:1:273]	1174 has sent 49% of his messages!
[2014-06-13 11:39:1:373]	1155 has sent 29% of his messages!
[2014-06-13 11:39:1:515]	1181 has sent 29% of his messages!
[2014-06-13 11:39:1:640]	1166 has sent 49% of his messages!
[2014-06-13 11:39:1:731]	1164 has sent 39% of his messages!
[2014-06-13 11:39:1:765]	1179 has sent 39% of his messages!
[2014-06-13 11:39:1:766]	1184 has sent 39% of his messages!
[2014-06-13 11:39:1:966]	1133 has sent 29% of his messages!
[2014-06-13 11:39:1:976]	1192 has sent 49% of his messages!
[2014-06-13 11:39:1:993]	1192 has sent 59% of his messages!
[2014-06-13 11:39:2:30]	1169 has sent 39% of his messages!
[2014-06-13 11:39:2:44]	1200 has sent 39% of his messages!
[2014-06-13 11:39:2:81]	1200 has sent 49% of his messages!
[2014-06-13 11:39:2:206]	1123 has sent 29% of his messages!
[2014-06-13 11:39:2:325]	1179 has sent 49% of his messages!
[2014-06-13 11:39:2:362]	1151 has sent 39% of his messages!
[2014-06-13 11:39:2:611]	1158 has sent 59% of his messages!
[2014-06-13 11:39:2:612]	1194 has sent 49% of his messages!
[2014-06-13 11:39:2:719]	1158 has sent 69% of his messages!
[2014-06-13 11:39:2:723]	1158 has sent 79% of his messages!
[2014-06-13 11:39:2:742]	1180 has sent 29% of his messages!
[2014-06-13 11:39:2:779]	1184 has sent 49% of his messages!
[2014-06-13 11:39:2:822]	1158 has sent 89% of his messages!
[2014-06-13 11:39:2:840]	1194 has sent 59% of his messages!
[2014-06-13 11:39:2:886]	1121 has sent 29% of his messages!
[2014-06-13 11:39:2:980]	1185 has sent 39% of his messages!
[2014-06-13 11:39:2:981]	1183 has sent 49% of his messages!
[2014-06-13 11:39:2:982]	1128 has sent 39% of his messages!
[2014-06-13 11:39:3:94]	1147 has sent 29% of his messages!
[2014-06-13 11:39:3:109]	1135 has sent 39% of his messages!
[2014-06-13 11:39:3:190]	1127 has sent 39% of his messages!
[2014-06-13 11:39:3:232]	1165 has sent 39% of his messages!
[2014-06-13 11:39:3:249]	1185 has sent 49% of his messages!
[2014-06-13 11:39:3:272]	1185 has sent 59% of his messages!
[2014-06-13 11:39:3:275]	1185 has sent 69% of his messages!
[2014-06-13 11:39:3:297]	1199 has sent 29% of his messages!
[2014-06-13 11:39:3:311]	1155 has sent 39% of his messages!
[2014-06-13 11:39:3:315]	1155 has sent 49% of his messages!
[2014-06-13 11:39:3:319]	1185 has sent 79% of his messages!
[2014-06-13 11:39:3:364]	1180 has sent 39% of his messages!
[2014-06-13 11:39:3:366]	1180 has sent 49% of his messages!
[2014-06-13 11:39:3:379]	1156 has sent 39% of his messages!
[2014-06-13 11:39:3:396]	1127 has sent 49% of his messages!
[2014-06-13 11:39:3:399]	1127 has sent 59% of his messages!
[2014-06-13 11:39:3:409]	1156 has sent 49% of his messages!
[2014-06-13 11:39:3:413]	1180 has sent 59% of his messages!
[2014-06-13 11:39:3:461]	1180 has sent 69% of his messages!
[2014-06-13 11:39:3:546]	1149 has sent 49% of his messages!
[2014-06-13 11:39:3:592]	1166 has sent 59% of his messages!
[2014-06-13 11:39:3:602]	1164 has sent 49% of his messages!
[2014-06-13 11:39:3:726]	1174 has sent 59% of his messages!
[2014-06-13 11:39:3:757]	1125 has sent 49% of his messages!
[2014-06-13 11:39:3:776]	1121 has sent 39% of his messages!
[2014-06-13 11:39:3:792]	1183 has sent 59% of his messages!
[2014-06-13 11:39:3:856]	1181 has sent 39% of his messages!
[2014-06-13 11:39:3:878]	1191 has sent 39% of his messages!
[2014-06-13 11:39:3:912]	1129 has sent 49% of his messages!
[2014-06-13 11:39:3:944]	1169 has sent 49% of his messages!
[2014-06-13 11:39:4:100]	1123 has sent 39% of his messages!
[2014-06-13 11:39:4:134]	1176 has sent 39% of his messages!
[2014-06-13 11:39:4:165]	1146 has sent 49% of his messages!
[2014-06-13 11:39:4:198]	1147 has sent 39% of his messages!
[2014-06-13 11:39:4:314]	1176 has sent 49% of his messages!
[2014-06-13 11:39:4:332]	1160 has sent 39% of his messages!
[2014-06-13 11:39:4:387]	1151 has sent 49% of his messages!
[2014-06-13 11:39:4:454]	1146 has sent 59% of his messages!
[2014-06-13 11:39:4:538]	1146 has sent 69% of his messages!
[2014-06-13 11:39:4:632]	1183 has sent 69% of his messages!
[2014-06-13 11:39:4:669]	1165 has sent 49% of his messages!
[2014-06-13 11:39:4:771]	1191 has sent 49% of his messages!
[2014-06-13 11:39:4:822]	1123 has sent 49% of his messages!
[2014-06-13 11:39:4:839]	1176 has sent 59% of his messages!
[2014-06-13 11:39:4:855]	1125 has sent 59% of his messages!
[2014-06-13 11:39:4:963]	1121 has sent 49% of his messages!
[2014-06-13 11:39:4:997]	1121 has sent 59% of his messages!
[2014-06-13 11:39:5:31]	1169 has sent 59% of his messages!
[2014-06-13 11:39:5:94]	1121 has sent 69% of his messages!
[2014-06-13 11:39:5:152]	1149 has sent 59% of his messages!
[2014-06-13 11:39:5:177]	1147 has sent 49% of his messages!
[2014-06-13 11:39:5:192]	1129 has sent 59% of his messages!
[2014-06-13 11:39:5:405]	1160 has sent 49% of his messages!
[2014-06-13 11:39:5:535]	1174 has sent 69% of his messages!
[2014-06-13 11:39:5:644]	1191 has sent 59% of his messages!
[2014-06-13 11:39:5:711]	1125 has sent 69% of his messages!
[2014-06-13 11:39:5:732]	1165 has sent 59% of his messages!
[2014-06-13 11:39:5:830]	1176 has sent 69% of his messages!
[2014-06-13 11:39:5:840]	1123 has sent 59% of his messages!
[2014-06-13 11:39:5:866]	1191 has sent 69% of his messages!
[2014-06-13 11:39:6:9]	1176 has sent 79% of his messages!
[2014-06-13 11:39:6:53]	1160 has sent 59% of his messages!
[2014-06-13 11:39:6:91]	1151 has sent 59% of his messages!
[2014-06-13 11:39:6:97]	1149 has sent 69% of his messages!
[2014-06-13 11:39:6:121]	1176 has sent 89% of his messages!
[2014-06-13 11:39:6:140]	1123 has sent 69% of his messages!
[2014-06-13 11:39:6:166]	1135 has sent 49% of his messages!
[2014-06-13 11:39:6:243]	1191 has sent 79% of his messages!
[2014-06-13 11:39:6:413]	1183 has sent 79% of his messages!
[2014-06-13 11:39:6:418]	1129 has sent 69% of his messages!
[2014-06-13 11:39:6:658]	1174 has sent 79% of his messages!
[2014-06-13 11:39:6:659]	1147 has sent 59% of his messages!
[2014-06-13 11:39:6:663]	1147 has sent 69% of his messages!
[2014-06-13 11:39:6:727]	1149 has sent 79% of his messages!
[2014-06-13 11:39:6:741]	1123 has sent 79% of his messages!
[2014-06-13 11:39:6:746]	1123 has sent 89% of his messages!
[2014-06-13 11:39:6:760]	1125 has sent 79% of his messages!
[2014-06-13 11:39:6:762]	1125 has sent 89% of his messages!
[2014-06-13 11:39:6:769]	1129 has sent 79% of his messages!
[2014-06-13 11:39:6:789]	1123 has sent 99% of his messages!
[2014-06-13 11:39:6:802]	1151 has sent 69% of his messages!
[2014-06-13 11:39:6:804]	1125 has sent 99% of his messages!
[2014-06-13 11:39:6:808]	1165 has sent 69% of his messages!
[2014-06-13 11:39:6:866]	1165 has sent 79% of his messages!
[2014-06-13 11:39:6:887]	1165 has sent 89% of his messages!
[2014-06-13 11:39:6:900]	1183 has sent 89% of his messages!
[2014-06-13 11:39:6:965]	1165 has sent 99% of his messages!
[2014-06-13 11:39:6:979]	1149 has sent 89% of his messages!
[2014-06-13 11:39:6:985]	1149 has sent 99% of his messages!
[2014-06-13 11:39:7:31]	1183 has sent 99% of his messages!
[2014-06-13 11:44:52:57]	1191 has sent 89% of his messages!
Total time: 537705ms
[2014-06-13 11:46:52:81]	Terminated successfully
[2014-06-13 11:46:52:81]	Failures: 271526 - Total: 400000
