input file is set to /home/ubuntu/whatsup/simulator/ec2-16.input
[2014-06-13 11:38:48:803]	1207 has sent 9% of his messages!
[2014-06-13 11:38:48:976]	1269 has sent 9% of his messages!
[2014-06-13 11:38:48:995]	1247 has sent 9% of his messages!
[2014-06-13 11:38:49:215]	1268 has sent 9% of his messages!
[2014-06-13 11:38:49:236]	1203 has sent 9% of his messages!
[2014-06-13 11:38:49:258]	1201 has sent 9% of his messages!
[2014-06-13 11:38:49:286]	1202 has sent 9% of his messages!
[2014-06-13 11:38:49:319]	1232 has sent 9% of his messages!
[2014-06-13 11:38:49:429]	1267 has sent 9% of his messages!
[2014-06-13 11:38:49:429]	1270 has sent 9% of his messages!
[2014-06-13 11:38:49:432]	1230 has sent 9% of his messages!
[2014-06-13 11:38:49:445]	1237 has sent 9% of his messages!
[2014-06-13 11:38:49:590]	1249 has sent 9% of his messages!
[2014-06-13 11:38:49:607]	1264 has sent 9% of his messages!
[2014-06-13 11:38:49:609]	1231 has sent 9% of his messages!
[2014-06-13 11:38:49:637]	1256 has sent 9% of his messages!
[2014-06-13 11:38:49:656]	1221 has sent 9% of his messages!
[2014-06-13 11:38:49:670]	1218 has sent 9% of his messages!
[2014-06-13 11:38:49:672]	1226 has sent 9% of his messages!
[2014-06-13 11:38:49:687]	1208 has sent 9% of his messages!
[2014-06-13 11:38:49:700]	1219 has sent 9% of his messages!
[2014-06-13 11:38:49:707]	1211 has sent 9% of his messages!
[2014-06-13 11:38:49:724]	1278 has sent 9% of his messages!
[2014-06-13 11:38:49:738]	1253 has sent 9% of his messages!
[2014-06-13 11:38:49:749]	1210 has sent 9% of his messages!
[2014-06-13 11:38:49:749]	1214 has sent 9% of his messages!
[2014-06-13 11:38:49:751]	1263 has sent 9% of his messages!
[2014-06-13 11:38:49:753]	1215 has sent 9% of his messages!
[2014-06-13 11:38:49:755]	1206 has sent 9% of his messages!
[2014-06-13 11:38:49:757]	1265 has sent 9% of his messages!
[2014-06-13 11:38:49:765]	1224 has sent 9% of his messages!
[2014-06-13 11:38:49:767]	1257 has sent 9% of his messages!
[2014-06-13 11:38:49:767]	1236 has sent 9% of his messages!
[2014-06-13 11:38:49:785]	1213 has sent 9% of his messages!
[2014-06-13 11:38:49:943]	1239 has sent 9% of his messages!
[2014-06-13 11:38:49:954]	1258 has sent 9% of his messages!
[2014-06-13 11:38:49:973]	1234 has sent 9% of his messages!
[2014-06-13 11:38:50:19]	1204 has sent 9% of his messages!
[2014-06-13 11:38:50:33]	1243 has sent 9% of his messages!
[2014-06-13 11:38:50:55]	1260 has sent 9% of his messages!
[2014-06-13 11:38:50:83]	1228 has sent 9% of his messages!
[2014-06-13 11:38:50:89]	1262 has sent 9% of his messages!
[2014-06-13 11:38:50:276]	1272 has sent 9% of his messages!
[2014-06-13 11:38:50:276]	1225 has sent 9% of his messages!
[2014-06-13 11:38:50:277]	1209 has sent 9% of his messages!
[2014-06-13 11:38:50:282]	1250 has sent 9% of his messages!
[2014-06-13 11:38:50:283]	1261 has sent 9% of his messages!
[2014-06-13 11:38:50:283]	1259 has sent 9% of his messages!
[2014-06-13 11:38:50:283]	1271 has sent 9% of his messages!
[2014-06-13 11:38:50:284]	1223 has sent 9% of his messages!
[2014-06-13 11:38:50:729]	1240 has sent 9% of his messages!
[2014-06-13 11:38:50:731]	1216 has sent 9% of his messages!
[2014-06-13 11:38:50:735]	1245 has sent 9% of his messages!
[2014-06-13 11:38:50:745]	1273 has sent 9% of his messages!
[2014-06-13 11:38:50:747]	1254 has sent 9% of his messages!
[2014-06-13 11:38:50:751]	1229 has sent 9% of his messages!
[2014-06-13 11:38:50:762]	1276 has sent 9% of his messages!
[2014-06-13 11:38:50:797]	1277 has sent 9% of his messages!
[2014-06-13 11:38:50:802]	1222 has sent 9% of his messages!
[2014-06-13 11:38:50:811]	1252 has sent 9% of his messages!
[2014-06-13 11:38:50:812]	1242 has sent 9% of his messages!
[2014-06-13 11:38:50:960]	1220 has sent 9% of his messages!
[2014-06-13 11:38:51:105]	1274 has sent 9% of his messages!
[2014-06-13 11:38:51:141]	1241 has sent 9% of his messages!
[2014-06-13 11:38:51:151]	1275 has sent 9% of his messages!
[2014-06-13 11:38:51:155]	1227 has sent 9% of his messages!
[2014-06-13 11:38:51:251]	1243 has sent 19% of his messages!
[2014-06-13 11:38:51:254]	1230 has sent 19% of his messages!
[2014-06-13 11:38:52:162]	1264 has sent 19% of his messages!
[2014-06-13 11:38:52:179]	1255 has sent 9% of his messages!
[2014-06-13 11:38:52:490]	1222 has sent 19% of his messages!
[2014-06-13 11:38:53:357]	1277 has sent 19% of his messages!
[2014-06-13 11:38:54:69]	1252 has sent 19% of his messages!
[2014-06-13 11:38:54:133]	1265 has sent 19% of his messages!
[2014-06-13 11:38:54:474]	1268 has sent 19% of his messages!
[2014-06-13 11:38:54:733]	1260 has sent 19% of his messages!
[2014-06-13 11:38:54:803]	1220 has sent 19% of his messages!
[2014-06-13 11:38:54:918]	1229 has sent 19% of his messages!
[2014-06-13 11:38:55:23]	1255 has sent 19% of his messages!
[2014-06-13 11:38:55:131]	1231 has sent 19% of his messages!
[2014-06-13 11:38:55:211]	1262 has sent 19% of his messages!
[2014-06-13 11:38:55:243]	1225 has sent 19% of his messages!
[2014-06-13 11:38:55:348]	1228 has sent 19% of his messages!
[2014-06-13 11:38:55:486]	1226 has sent 19% of his messages!
[2014-06-13 11:38:55:521]	1257 has sent 19% of his messages!
[2014-06-13 11:38:55:534]	1218 has sent 19% of his messages!
[2014-06-13 11:38:55:568]	1236 has sent 19% of his messages!
[2014-06-13 11:38:55:569]	1207 has sent 19% of his messages!
[2014-06-13 11:38:55:666]	1242 has sent 19% of his messages!
[2014-06-13 11:38:55:761]	1274 has sent 19% of his messages!
[2014-06-13 11:38:55:762]	1259 has sent 19% of his messages!
[2014-06-13 11:38:55:779]	1277 has sent 29% of his messages!
[2014-06-13 11:38:55:794]	1213 has sent 19% of his messages!
[2014-06-13 11:38:55:906]	1219 has sent 19% of his messages!
[2014-06-13 11:38:56:148]	1201 has sent 19% of his messages!
[2014-06-13 11:38:56:410]	1208 has sent 19% of his messages!
[2014-06-13 11:38:56:411]	1216 has sent 19% of his messages!
[2014-06-13 11:38:56:414]	1202 has sent 19% of his messages!
[2014-06-13 11:38:56:434]	1261 has sent 19% of his messages!
[2014-06-13 11:38:56:436]	1227 has sent 19% of his messages!
[2014-06-13 11:38:56:439]	1237 has sent 19% of his messages!
[2014-06-13 11:38:56:567]	1271 has sent 19% of his messages!
[2014-06-13 11:38:56:684]	1260 has sent 29% of his messages!
[2014-06-13 11:38:56:779]	1275 has sent 19% of his messages!
[2014-06-13 11:38:56:781]	1218 has sent 29% of his messages!
[2014-06-13 11:38:56:872]	1278 has sent 19% of his messages!
[2014-06-13 11:38:56:952]	1241 has sent 19% of his messages!
[2014-06-13 11:38:57:52]	1263 has sent 19% of his messages!
[2014-06-13 11:38:57:455]	1277 has sent 39% of his messages!
[2014-06-13 11:38:57:618]	1222 has sent 29% of his messages!
[2014-06-13 11:38:57:788]	1265 has sent 29% of his messages!
[2014-06-13 11:38:57:978]	1225 has sent 29% of his messages!
[2014-06-13 11:38:57:990]	1229 has sent 29% of his messages!
[2014-06-13 11:38:58:12]	1255 has sent 29% of his messages!
[2014-06-13 11:38:58:125]	1231 has sent 29% of his messages!
[2014-06-13 11:38:58:186]	1261 has sent 29% of his messages!
[2014-06-13 11:38:58:351]	1207 has sent 29% of his messages!
[2014-06-13 11:38:58:503]	1262 has sent 29% of his messages!
[2014-06-13 11:38:58:732]	1228 has sent 29% of his messages!
[2014-06-13 11:38:58:743]	1208 has sent 29% of his messages!
[2014-06-13 11:38:58:761]	1202 has sent 29% of his messages!
[2014-06-13 11:38:58:873]	1219 has sent 29% of his messages!
[2014-06-13 11:38:58:907]	1252 has sent 29% of his messages!
[2014-06-13 11:38:58:976]	1201 has sent 29% of his messages!
[2014-06-13 11:38:59:8]	1268 has sent 29% of his messages!
[2014-06-13 11:38:59:73]	1236 has sent 29% of his messages!
[2014-06-13 11:38:59:106]	1218 has sent 39% of his messages!
[2014-06-13 11:38:59:230]	1257 has sent 29% of his messages!
[2014-06-13 11:38:59:266]	1271 has sent 29% of his messages!
[2014-06-13 11:38:59:342]	1220 has sent 29% of his messages!
[2014-06-13 11:38:59:358]	1260 has sent 39% of his messages!
[2014-06-13 11:38:59:616]	1237 has sent 29% of his messages!
[2014-06-13 11:38:59:634]	1259 has sent 29% of his messages!
[2014-06-13 11:38:59:734]	1213 has sent 29% of his messages!
[2014-06-13 11:38:59:814]	1242 has sent 29% of his messages!
[2014-06-13 11:38:59:838]	1277 has sent 49% of his messages!
[2014-06-13 11:38:59:856]	1216 has sent 29% of his messages!
[2014-06-13 11:38:59:875]	1274 has sent 29% of his messages!
[2014-06-13 11:39:0:24]	1226 has sent 29% of his messages!
[2014-06-13 11:39:0:101]	1227 has sent 29% of his messages!
[2014-06-13 11:39:0:246]	1229 has sent 39% of his messages!
[2014-06-13 11:39:0:511]	1265 has sent 39% of his messages!
[2014-06-13 11:39:0:599]	1219 has sent 39% of his messages!
[2014-06-13 11:39:0:673]	1225 has sent 39% of his messages!
[2014-06-13 11:39:0:692]	1208 has sent 39% of his messages!
[2014-06-13 11:39:0:698]	1219 has sent 49% of his messages!
[2014-06-13 11:39:0:765]	1275 has sent 29% of his messages!
[2014-06-13 11:39:0:807]	1278 has sent 29% of his messages!
[2014-06-13 11:39:0:825]	1241 has sent 29% of his messages!
[2014-06-13 11:39:1:145]	1261 has sent 39% of his messages!
[2014-06-13 11:39:1:178]	1261 has sent 49% of his messages!
[2014-06-13 11:39:1:201]	1263 has sent 29% of his messages!
[2014-06-13 11:39:1:287]	1222 has sent 39% of his messages!
[2014-06-13 11:39:1:500]	1231 has sent 39% of his messages!
[2014-06-13 11:39:1:648]	1260 has sent 49% of his messages!
[2014-06-13 11:39:1:808]	1268 has sent 39% of his messages!
[2014-06-13 11:39:1:861]	1237 has sent 39% of his messages!
[2014-06-13 11:39:1:987]	1268 has sent 49% of his messages!
[2014-06-13 11:39:1:990]	1220 has sent 39% of his messages!
[2014-06-13 11:39:1:991]	1274 has sent 39% of his messages!
[2014-06-13 11:39:1:992]	1268 has sent 59% of his messages!
[2014-06-13 11:39:1:994]	1268 has sent 69% of his messages!
[2014-06-13 11:39:2:13]	1268 has sent 79% of his messages!
[2014-06-13 11:39:2:16]	1268 has sent 89% of his messages!
[2014-06-13 11:39:2:19]	1268 has sent 99% of his messages!
[2014-06-13 11:39:2:117]	1271 has sent 39% of his messages!
[2014-06-13 11:39:2:180]	1202 has sent 39% of his messages!
[2014-06-13 11:39:2:183]	1202 has sent 49% of his messages!
[2014-06-13 11:39:2:200]	1262 has sent 39% of his messages!
[2014-06-13 11:39:2:216]	1236 has sent 39% of his messages!
[2014-06-13 11:39:2:245]	1228 has sent 39% of his messages!
[2014-06-13 11:39:2:262]	1252 has sent 39% of his messages!
[2014-06-13 11:39:2:278]	1220 has sent 49% of his messages!
[2014-06-13 11:39:2:281]	1237 has sent 49% of his messages!
[2014-06-13 11:39:2:340]	1220 has sent 59% of his messages!
[2014-06-13 11:39:2:344]	1220 has sent 69% of his messages!
[2014-06-13 11:39:2:347]	1220 has sent 79% of his messages!
[2014-06-13 11:39:2:356]	1275 has sent 39% of his messages!
[2014-06-13 11:39:2:378]	1255 has sent 39% of his messages!
[2014-06-13 11:39:2:392]	1207 has sent 39% of his messages!
[2014-06-13 11:39:2:443]	1257 has sent 39% of his messages!
[2014-06-13 11:39:2:813]	1229 has sent 49% of his messages!
[2014-06-13 11:39:2:832]	1226 has sent 39% of his messages!
[2014-06-13 11:39:2:858]	1201 has sent 39% of his messages!
[2014-06-13 11:39:2:891]	1218 has sent 49% of his messages!
[2014-06-13 11:39:2:892]	1259 has sent 39% of his messages!
[2014-06-13 11:39:2:978]	1225 has sent 49% of his messages!
[2014-06-13 11:39:3:44]	1241 has sent 39% of his messages!
[2014-06-13 11:39:3:133]	1216 has sent 39% of his messages!
[2014-06-13 11:39:3:202]	1278 has sent 39% of his messages!
[2014-06-13 11:39:3:264]	1265 has sent 49% of his messages!
[2014-06-13 11:39:3:277]	1277 has sent 59% of his messages!
[2014-06-13 11:39:3:326]	1242 has sent 39% of his messages!
[2014-06-13 11:39:3:341]	1275 has sent 49% of his messages!
[2014-06-13 11:39:3:390]	1229 has sent 59% of his messages!
[2014-06-13 11:39:3:393]	1242 has sent 49% of his messages!
[2014-06-13 11:39:3:405]	1208 has sent 49% of his messages!
[2014-06-13 11:39:3:492]	1229 has sent 69% of his messages!
[2014-06-13 11:39:3:503]	1278 has sent 49% of his messages!
[2014-06-13 11:39:3:504]	1274 has sent 49% of his messages!
[2014-06-13 11:39:3:507]	1278 has sent 59% of his messages!
[2014-06-13 11:39:3:522]	1229 has sent 79% of his messages!
[2014-06-13 11:39:3:536]	1222 has sent 49% of his messages!
[2014-06-13 11:39:3:539]	1222 has sent 59% of his messages!
[2014-06-13 11:39:3:587]	1216 has sent 49% of his messages!
[2014-06-13 11:39:3:639]	1216 has sent 59% of his messages!
[2014-06-13 11:39:3:714]	1262 has sent 49% of his messages!
[2014-06-13 11:39:3:769]	1241 has sent 49% of his messages!
[2014-06-13 11:39:3:797]	1263 has sent 39% of his messages!
[2014-06-13 11:39:3:863]	1255 has sent 49% of his messages!
[2014-06-13 11:39:3:876]	1207 has sent 49% of his messages!
[2014-06-13 11:39:3:908]	1252 has sent 49% of his messages!
[2014-06-13 11:39:3:955]	1277 has sent 69% of his messages!
[2014-06-13 11:39:4:19]	1227 has sent 39% of his messages!
[2014-06-13 11:39:4:101]	1213 has sent 39% of his messages!
[2014-06-13 11:39:4:179]	1226 has sent 49% of his messages!
[2014-06-13 11:39:4:214]	1260 has sent 59% of his messages!
[2014-06-13 11:39:4:330]	1277 has sent 79% of his messages!
[2014-06-13 11:39:4:346]	1257 has sent 49% of his messages!
[2014-06-13 11:39:4:406]	1231 has sent 49% of his messages!
[2014-06-13 11:39:4:409]	1277 has sent 89% of his messages!
[2014-06-13 11:39:4:456]	1277 has sent 99% of his messages!
[2014-06-13 11:39:4:522]	1265 has sent 59% of his messages!
[2014-06-13 11:39:4:535]	1265 has sent 69% of his messages!
[2014-06-13 11:39:4:536]	1241 has sent 59% of his messages!
[2014-06-13 11:39:4:554]	1265 has sent 79% of his messages!
[2014-06-13 11:39:4:638]	1252 has sent 59% of his messages!
[2014-06-13 11:39:4:650]	1259 has sent 49% of his messages!
[2014-06-13 11:39:4:716]	1225 has sent 59% of his messages!
[2014-06-13 11:39:4:765]	1207 has sent 59% of his messages!
[2014-06-13 11:39:4:796]	1208 has sent 59% of his messages!
[2014-06-13 11:39:4:799]	1208 has sent 69% of his messages!
[2014-06-13 11:39:4:802]	1263 has sent 49% of his messages!
[2014-06-13 11:39:4:834]	1228 has sent 49% of his messages!
[2014-06-13 11:39:4:849]	1255 has sent 59% of his messages!
[2014-06-13 11:39:4:914]	1228 has sent 59% of his messages!
[2014-06-13 11:39:4:943]	1263 has sent 59% of his messages!
[2014-06-13 11:39:5:44]	1226 has sent 59% of his messages!
[2014-06-13 11:39:5:79]	1262 has sent 59% of his messages!
[2014-06-13 11:39:5:164]	1260 has sent 69% of his messages!
[2014-06-13 11:39:5:167]	1260 has sent 79% of his messages!
[2014-06-13 11:39:5:283]	1275 has sent 59% of his messages!
[2014-06-13 11:39:5:284]	1252 has sent 69% of his messages!
[2014-06-13 11:39:5:284]	1262 has sent 69% of his messages!
[2014-06-13 11:39:5:344]	1225 has sent 69% of his messages!
[2014-06-13 11:39:5:378]	1201 has sent 49% of his messages!
[2014-06-13 11:39:5:396]	1231 has sent 59% of his messages!
[2014-06-13 11:39:5:565]	1274 has sent 59% of his messages!
[2014-06-13 11:39:5:613]	1213 has sent 49% of his messages!
[2014-06-13 11:39:5:619]	1207 has sent 69% of his messages!
[2014-06-13 11:39:5:624]	1274 has sent 69% of his messages!
[2014-06-13 11:39:5:735]	1274 has sent 79% of his messages!
[2014-06-13 11:39:5:738]	1274 has sent 89% of his messages!
[2014-06-13 11:39:5:753]	1201 has sent 59% of his messages!
[2014-06-13 11:39:5:767]	1259 has sent 59% of his messages!
[2014-06-13 11:39:5:770]	1255 has sent 69% of his messages!
[2014-06-13 11:39:5:784]	1201 has sent 69% of his messages!
[2014-06-13 11:39:5:787]	1201 has sent 79% of his messages!
[2014-06-13 11:39:5:790]	1255 has sent 79% of his messages!
[2014-06-13 11:39:5:850]	1255 has sent 89% of his messages!
[2014-06-13 11:39:5:934]	1241 has sent 69% of his messages!
[2014-06-13 11:39:5:955]	1227 has sent 49% of his messages!
[2014-06-13 11:39:6:36]	1257 has sent 59% of his messages!
[2014-06-13 11:39:6:48]	1259 has sent 69% of his messages!
[2014-06-13 11:39:6:231]	1275 has sent 69% of his messages!
[2014-06-13 11:39:6:329]	1275 has sent 79% of his messages!
[2014-06-13 11:39:6:419]	1225 has sent 79% of his messages!
[2014-06-13 11:39:6:554]	1225 has sent 89% of his messages!
[2014-06-13 11:39:6:615]	1241 has sent 79% of his messages!
[2014-06-13 11:39:6:743]	1207 has sent 79% of his messages!
[2014-06-13 11:39:6:781]	1275 has sent 89% of his messages!
[2014-06-13 11:39:6:796]	1213 has sent 59% of his messages!
[2014-06-13 11:39:6:799]	1213 has sent 69% of his messages!
[2014-06-13 11:39:6:825]	1241 has sent 89% of his messages!
[2014-06-13 11:39:6:827]	1241 has sent 99% of his messages!
[2014-06-13 11:39:6:844]	1213 has sent 79% of his messages!
[2014-06-13 11:39:6:847]	1213 has sent 89% of his messages!
Total time: 536933ms
[2014-06-13 11:46:52:38]	Terminated successfully
[2014-06-13 11:46:52:38]	Failures: 248435 - Total: 400000
