Jun 13, 2014 11:37:49 AM org.jivesoftware.smack.provider.UrlProviderFileInitializer initialize
INFO: Loading providers for file [classpath:META-INF/core.providers]
Jun 13, 2014 11:37:49 AM org.jivesoftware.smack.provider.UrlProviderFileInitializer initialize
INFO: Loading providers for file [classpath:META-INF/extension.providers]
error while connecting to the server: SASL authentication DIGEST-MD5 failed: not-authorized: 
error while connecting to the server: SASL authentication DIGEST-MD5 failed: not-authorized: 
error while connecting to the server: SASL authentication DIGEST-MD5 failed: not-authorized: 
error while connecting to the server: SASL authentication DIGEST-MD5 failed: not-authorized: 
error while connecting to the server: SASL authentication DIGEST-MD5 failed: not-authorized: 
error while connecting to the server: SASL authentication DIGEST-MD5 failed: not-authorized: 
error while connecting to the server: SASL authentication DIGEST-MD5 failed: not-authorized: 
error while connecting to the server: SASL authentication DIGEST-MD5 failed: not-authorized: 
error while connecting to the server: SASL authentication DIGEST-MD5 failed: not-authorized: 
error while connecting to the server: SASL authentication DIGEST-MD5 failed: not-authorized: 
error while connecting to the server: SASL authentication DIGEST-MD5 failed: not-authorized: 
error while connecting to the server: SASL authentication DIGEST-MD5 failed: not-authorized: 
error while connecting to the server: SASL authentication DIGEST-MD5 failed: not-authorized: 
error while connecting to the server: SASL authentication DIGEST-MD5 failed: not-authorized: 
error while connecting to the server: SASL authentication DIGEST-MD5 failed: not-authorized: 
error while connecting to the server: SASL authentication DIGEST-MD5 failed: not-authorized: 
error while connecting to the server: SASL authentication DIGEST-MD5 failed: not-authorized: 
error while connecting to the server: SASL authentication DIGEST-MD5 failed: not-authorized: 
error while connecting to the server: SASL authentication DIGEST-MD5 failed: not-authorized: 
error while connecting to the server: SASL authentication DIGEST-MD5 failed: not-authorized: 
error while connecting to the server: SASL authentication DIGEST-MD5 failed: not-authorized: 
error while connecting to the server: SASL authentication DIGEST-MD5 failed: not-authorized: 
error while connecting to the server: SASL authentication DIGEST-MD5 failed: not-authorized: 
error while connecting to the server: SASL authentication DIGEST-MD5 failed: not-authorized: 
error while connecting to the server: SASL authentication DIGEST-MD5 failed: not-authorized: 
Jun 13, 2014 11:38:31 AM org.jivesoftware.smack.PacketWriter writePackets
WARNING: Error flushing queue during shutdown, ignore and continue
Jun 13, 2014 11:38:32 AM org.jivesoftware.smack.PacketWriter writePackets
WARNING: Error flushing queue during shutdown, ignore and continue
Jun 13, 2014 11:38:34 AM org.jivesoftware.smack.PacketWriter writePackets
WARNING: Error flushing queue during shutdown, ignore and continue
Jun 13, 2014 11:38:34 AM org.jivesoftware.smack.PacketWriter writePackets
WARNING: Error flushing queue during shutdown, ignore and continue
Jun 13, 2014 11:38:34 AM org.jivesoftware.smack.PacketWriter writePackets
WARNING: Error flushing queue during shutdown, ignore and continue
Jun 13, 2014 11:38:34 AM org.jivesoftware.smack.PacketWriter writePackets
WARNING: Error flushing queue during shutdown, ignore and continue
Jun 13, 2014 11:38:35 AM org.jivesoftware.smack.PacketWriter writePackets
WARNING: Error flushing queue during shutdown, ignore and continue
Jun 13, 2014 11:38:35 AM org.jivesoftware.smack.PacketWriter writePackets
WARNING: Error flushing queue during shutdown, ignore and continue
Jun 13, 2014 11:38:35 AM org.jivesoftware.smack.PacketWriter writePackets
WARNING: Error flushing queue during shutdown, ignore and continue
Jun 13, 2014 11:38:36 AM org.jivesoftware.smack.PacketWriter writePackets
WARNING: Error flushing queue during shutdown, ignore and continue
Jun 13, 2014 11:38:36 AM org.jivesoftware.smack.PacketWriter writePackets
WARNING: Error flushing queue during shutdown, ignore and continue
Jun 13, 2014 11:38:36 AM org.jivesoftware.smack.PacketWriter writePackets
WARNING: Error flushing queue during shutdown, ignore and continue
Jun 13, 2014 11:38:36 AM org.jivesoftware.smack.PacketWriter writePackets
WARNING: Error flushing queue during shutdown, ignore and continue
Jun 13, 2014 11:38:36 AM org.jivesoftware.smack.PacketWriter writePackets
WARNING: Error flushing queue during shutdown, ignore and continue
Jun 13, 2014 11:38:36 AM org.jivesoftware.smack.PacketWriter writePackets
WARNING: Error flushing queue during shutdown, ignore and continue
error while connecting to the server: No response from the server.: 
error while connecting to the server: No response from the server.: 
error while connecting to the server: No response from the server.: 
error while connecting to the server: No response from the server.: 
error while connecting to the server: No response from the server.: 
error while connecting to the server: No response from the server.: 
error while connecting to the server: No response from the server.: 
error while connecting to the server: No response from the server.: 
error while connecting to the server: No response from the server.: 
error while connecting to the server: No response from the server.: 
error while connecting to the server: No response from the server.: 
error while connecting to the server: No response from the server.: 
error while connecting to the server: No response from the server.: 
error while connecting to the server: No response from the server.: 
error while connecting to the server: No response from the server.: 
error while connecting to the server: No response from the server.: 
error while connecting to the server: No response from the server.: 
error while connecting to the server: No response from the server.: 
error while connecting to the server: No response from the server.: 
error while connecting to the server: No response from the server.: 
error while connecting to the server: No response from the server.: 
error while connecting to the server: No response from the server.: 
error while connecting to the server: No response from the server.: 
error while connecting to the server: No response from the server.: 
error while connecting to the server: No response from the server.: 
error while connecting to the server: No response from the server.: 
error while connecting to the server: No response from the server.: 
error while connecting to the server: No response from the server.: 
error while connecting to the server: No response from the server.: 
error while connecting to the server: No response from the server.: 
error while connecting to the server: No response from the server.: 
error while connecting to the server: No response from the server.: 
error while connecting to the server: No response from the server.: 
error while connecting to the server: No response from the server.: 
error while connecting to the server: No response from the server.: 
error while connecting to the server: No response from the server.: 
error while connecting to the server: No response from the server.: 
error while connecting to the server: No response from the server.: 
java.lang.IllegalStateException: Not connected to server.
error while connecting to the server: No response from the server.: 
error while connecting to the server: No response from the server.: 
error while connecting to the server: No response from the server.: 
error while connecting to the server: No response from the server.: 
error while connecting to the server: No response from the server.: 
error while connecting to the server: No response from the server.: 
error while connecting to the server: No response from the server.: 
error while connecting to the server: No response from the server.: 
error while connecting to the server: No response from the server.: 
error while connecting to the server: No response from the server.: 
error while connecting to the server: No response from the server.: 
error while connecting to the server: No response from the server.: 
error while connecting to the server: No response from the server.: 
error while connecting to the server: No response from the server.: 
error while connecting to the server: No response from the server.: 
error while connecting to the server: No response from the server.: 
error while connecting to the server: No response from the server.: 
java.lang.IllegalStateException: Not connected to server.
java.lang.IllegalStateException: Not connected to server.
Jun 13, 2014 11:38:47 AM org.jivesoftware.smack.PacketWriter writePackets
WARNING: Error flushing queue during shutdown, ignore and continue
Jun 13, 2014 11:38:47 AM org.jivesoftware.smack.PacketWriter writePackets
WARNING: Error flushing queue during shutdown, ignore and continue
Jun 13, 2014 11:38:47 AM org.jivesoftware.smack.PacketWriter writePackets
WARNING: Error flushing queue during shutdown, ignore and continue
Jun 13, 2014 11:38:47 AM org.jivesoftware.smack.PacketWriter writePackets
WARNING: Error flushing queue during shutdown, ignore and continue
Jun 13, 2014 11:38:48 AM org.jivesoftware.smack.PacketWriter writePackets
WARNING: Error flushing queue during shutdown, ignore and continue
Jun 13, 2014 11:38:48 AM org.jivesoftware.smack.PacketWriter writePackets
WARNING: Error flushing queue during shutdown, ignore and continue
Jun 13, 2014 11:38:49 AM org.jivesoftware.smack.PacketWriter writePackets
WARNING: Error flushing queue during shutdown, ignore and continue
Jun 13, 2014 11:38:49 AM org.jivesoftware.smack.PacketWriter writePackets
WARNING: Error flushing queue during shutdown, ignore and continue
Jun 13, 2014 11:38:49 AM org.jivesoftware.smack.PacketWriter writePackets
WARNING: Error flushing queue during shutdown, ignore and continue
Jun 13, 2014 11:38:51 AM org.jivesoftware.smack.PacketWriter writePackets
WARNING: Error flushing queue during shutdown, ignore and continue
Jun 13, 2014 11:38:51 AM org.jivesoftware.smack.PacketWriter writePackets
WARNING: Error flushing queue during shutdown, ignore and continue
Connection failed. No response from server.: 
Connection failed. No response from server.: 
Connection failed. No response from server.: 
Connection failed. No response from server.: 
Connection failed. No response from server.: 
Connection failed. No response from server.: 
Connection failed. No response from server.: 
Connection failed. No response from server.: 
Jun 13, 2014 11:38:55 AM org.jivesoftware.smack.PacketWriter writePackets
WARNING: Error flushing queue during shutdown, ignore and continue
Jun 13, 2014 11:38:55 AM org.jivesoftware.smack.PacketWriter writePackets
WARNING: Error flushing queue during shutdown, ignore and continue
Jun 13, 2014 11:38:55 AM org.jivesoftware.smack.PacketWriter writePackets
WARNING: Error flushing queue during shutdown, ignore and continue
Connection failed. No response from server.: 
Connection failed. No response from server.: 
Connection failed. No response from server.: 
Jun 13, 2014 11:38:55 AM org.jivesoftware.smack.PacketWriter writePackets
WARNING: Error flushing queue during shutdown, ignore and continue
Jun 13, 2014 11:38:55 AM org.jivesoftware.smack.PacketWriter writePackets
WARNING: Error flushing queue during shutdown, ignore and continue
Connection failed. No response from server.: 
Exception in thread "Smack Reconnection Manager" Jun 13, 2014 11:38:55 AM org.jivesoftware.smack.PacketWriter writePackets
WARNING: Error flushing queue during shutdown, ignore and continue
Jun 13, 2014 11:38:55 AM org.jivesoftware.smack.PacketWriter writePackets
WARNING: Error flushing queue during shutdown, ignore and continue
Jun 13, 2014 11:38:55 AM org.jivesoftware.smack.PacketWriter writePackets
WARNING: Error flushing queue during shutdown, ignore and continue
Jun 13, 2014 11:38:55 AM org.jivesoftware.smack.PacketWriter writePackets
WARNING: Error flushing queue during shutdown, ignore and continue
Jun 13, 2014 11:38:55 AM org.jivesoftware.smack.PacketWriter writePackets
WARNING: Error flushing queue during shutdown, ignore and continue
Jun 13, 2014 11:38:55 AM org.jivesoftware.smack.PacketWriter writePackets
WARNING: Error flushing queue during shutdown, ignore and continue
Jun 13, 2014 11:38:55 AM org.jivesoftware.smack.PacketWriter writePackets
WARNING: Error flushing queue during shutdown, ignore and continue
Jun 13, 2014 11:38:55 AM org.jivesoftware.smack.PacketWriter writePackets
WARNING: Error flushing queue during shutdown, ignore and continue
Jun 13, 2014 11:38:55 AM org.jivesoftware.smack.PacketWriter writePackets
WARNING: Error flushing queue during shutdown, ignore and continue
Jun 13, 2014 11:38:55 AM org.jivesoftware.smack.PacketWriter writePackets
WARNING: Error flushing queue during shutdown, ignore and continue
Jun 13, 2014 11:38:55 AM org.jivesoftware.smack.PacketWriter writePackets
WARNING: Error flushing queue during shutdown, ignore and continue
java.lang.NullPointerException
	at org.jivesoftware.smack.XMPPConnection.initConnection(XMPPConnection.java:636)
	at org.jivesoftware.smack.XMPPConnection.connectUsingConfiguration(XMPPConnection.java:596)
	at org.jivesoftware.smack.XMPPConnection.connect(XMPPConnection.java:1010)
	at org.jivesoftware.smack.ReconnectionManager$2.run(ReconnectionManager.java:147)
Connection failed. No response from server.: 
Connection failed. No response from server.: 
Connection failed. No response from server.: 
Connection failed. No response from server.: 
Connection failed. No response from server.: 
Connection failed. No response from server.: 
Connection failed. No response from server.: 
Connection failed. No response from server.: 
Connection failed. No response from server.: 
Connection failed. No response from server.: 
Connection failed. No response from server.: 
Connection failed. No response from server.: 
Connection failed. No response from server.: 
Connection failed. No response from server.: 
Connection failed. No response from server.: 
Connection failed. No response from server.: 
Connection failed. No response from server.: 
java.lang.NullPointerException
	at org.jivesoftware.smack.XMPPConnection.shutdown(XMPPConnection.java:452)
	at org.jivesoftware.smack.XMPPConnection.notifyConnectionError(XMPPConnection.java:1053)
	at org.jivesoftware.smack.PacketReader.parsePackets(PacketReader.java:321)
	at org.jivesoftware.smack.PacketReader.access$000(PacketReader.java:48)
	at org.jivesoftware.smack.PacketReader$1.run(PacketReader.java:76)
java.lang.NullPointerException
	at org.jivesoftware.smack.XMPPConnection.shutdown(XMPPConnection.java:452)
	at org.jivesoftware.smack.XMPPConnection.notifyConnectionError(XMPPConnection.java:1053)
	at org.jivesoftware.smack.PacketReader.parsePackets(PacketReader.java:321)
	at org.jivesoftware.smack.PacketReader.access$000(PacketReader.java:48)
	at org.jivesoftware.smack.PacketReader$1.run(PacketReader.java:76)
Connection failed. No response from server.: 
Connection failed. No response from server.: 
Connection failed. No response from server.: 
Connection failed. No response from server.: 
Connection failed. No response from server.: 
Jun 13, 2014 11:39:10 AM org.jivesoftware.smack.PacketWriter writePackets
WARNING: Error flushing queue during shutdown, ignore and continue
Connection failed. No response from server.: 
Connection failed. No response from server.: 
Connection failed. No response from server.: 
Connection failed. No response from server.: 
Connection failed. No response from server.: 
Connection failed. No response from server.: 
Connection failed. No response from server.: 
Connection failed. No response from server.: 
Connection failed. No response from server.: 
java.lang.NullPointerException
	at org.jivesoftware.smack.XMPPConnection.shutdown(XMPPConnection.java:452)
	at org.jivesoftware.smack.XMPPConnection.notifyConnectionError(XMPPConnection.java:1053)
	at org.jivesoftware.smack.PacketReader.parsePackets(PacketReader.java:321)
	at org.jivesoftware.smack.PacketReader.access$000(PacketReader.java:48)
	at org.jivesoftware.smack.PacketReader$1.run(PacketReader.java:76)
Connection failed. No response from server.: 
Connection failed. No response from server.: 
Connection failed. No response from server.: 
Connection failed. No response from server.: 
Connection failed. No response from server.: 
Connection failed. No response from server.: 
Connection failed. No response from server.: 
Connection failed. No response from server.: 
Connection failed. No response from server.: 
Connection failed. No response from server.: 
Connection failed. No response from server.: 
Connection failed. No response from server.: 
Connection failed. No response from server.: 
Connection failed. No response from server.: 
Connection failed. No response from server.: 
java.lang.NullPointerException
	at org.jivesoftware.smack.XMPPConnection.shutdown(XMPPConnection.java:452)
	at org.jivesoftware.smack.XMPPConnection.notifyConnectionError(XMPPConnection.java:1053)
	at org.jivesoftware.smack.PacketReader.parsePackets(PacketReader.java:321)
	at org.jivesoftware.smack.PacketReader.access$000(PacketReader.java:48)
	at org.jivesoftware.smack.PacketReader$1.run(PacketReader.java:76)
java.lang.NullPointerException
	at org.jivesoftware.smack.XMPPConnection.shutdown(XMPPConnection.java:452)
	at org.jivesoftware.smack.XMPPConnection.notifyConnectionError(XMPPConnection.java:1053)
	at org.jivesoftware.smack.PacketReader.parsePackets(PacketReader.java:321)
	at org.jivesoftware.smack.PacketReader.access$000(PacketReader.java:48)
	at org.jivesoftware.smack.PacketReader$1.run(PacketReader.java:76)
Connection failed. No response from server.: 
Connection failed. No response from server.: 
Connection failed. No response from server.: 
Connection failed. No response from server.: 
Connection failed. No response from server.: 
Connection failed. No response from server.: 
Connection failed. No response from server.: 
Connection failed. No response from server.: 
Connection failed. No response from server.: 
Connection failed. No response from server.: 
Connection failed. No response from server.: 
Connection failed. No response from server.: 
Connection failed. No response from server.: 
Connection failed. No response from server.: 
Connection failed. No response from server.: 
Connection failed. No response from server.: 
Connection failed. No response from server.: 
Connection failed. No response from server.: 
Connection failed. No response from server.: 
Connection failed. No response from server.: 
Connection failed. No response from server.: 
Connection failed. No response from server.: 
Connection failed. No response from server.: 
Connection failed. No response from server.: 
Connection failed. No response from server.: 
Connection failed. No response from server.: 
Connection failed. No response from server.: 
Jun 13, 2014 11:39:26 AM org.jivesoftware.smack.PacketWriter writePackets
WARNING: Error flushing queue during shutdown, ignore and continue
Connection failed. No response from server.: 
Connection failed. No response from server.: 
java.lang.NullPointerException
	at org.jivesoftware.smack.XMPPConnection.shutdown(XMPPConnection.java:452)
	at org.jivesoftware.smack.XMPPConnection.notifyConnectionError(XMPPConnection.java:1053)
	at org.jivesoftware.smack.PacketReader.parsePackets(PacketReader.java:321)
	at org.jivesoftware.smack.PacketReader.access$000(PacketReader.java:48)
	at org.jivesoftware.smack.PacketReader$1.run(PacketReader.java:76)
java.lang.NullPointerException
	at org.jivesoftware.smack.XMPPConnection.shutdown(XMPPConnection.java:452)
	at org.jivesoftware.smack.XMPPConnection.notifyConnectionError(XMPPConnection.java:1053)
	at org.jivesoftware.smack.PacketReader.parsePackets(PacketReader.java:321)
	at org.jivesoftware.smack.PacketReader.access$000(PacketReader.java:48)
	at org.jivesoftware.smack.PacketReader$1.run(PacketReader.java:76)
Jun 13, 2014 11:39:40 AM org.jivesoftware.smack.PacketWriter writePackets
WARNING: Error flushing queue during shutdown, ignore and continue
Connection failed. No response from server.: 
Jun 13, 2014 11:39:40 AM org.jivesoftware.smack.PacketWriter writePackets
WARNING: Error flushing queue during shutdown, ignore and continue
Connection failed. No response from server.: 
Jun 13, 2014 11:39:40 AM org.jivesoftware.smack.PacketWriter writePackets
WARNING: Error flushing queue during shutdown, ignore and continue
Jun 13, 2014 11:39:40 AM org.jivesoftware.smack.PacketWriter writePackets
WARNING: Error flushing queue during shutdown, ignore and continue
Jun 13, 2014 11:39:40 AM org.jivesoftware.smack.PacketWriter writePackets
WARNING: Error flushing queue during shutdown, ignore and continue
Connection failed. No response from server.: 
Connection failed. No response from server.: 
Connection failed. No response from server.: 
Jun 13, 2014 11:39:40 AM org.jivesoftware.smack.PacketWriter writePackets
WARNING: Error flushing queue during shutdown, ignore and continue
Jun 13, 2014 11:39:40 AM org.jivesoftware.smack.PacketWriter writePackets
WARNING: Error flushing queue during shutdown, ignore and continue
Connection failed. No response from server.: 
Connection failed. No response from server.: 
Jun 13, 2014 11:39:40 AM org.jivesoftware.smack.PacketWriter writePackets
WARNING: Error flushing queue during shutdown, ignore and continue
Connection failed. No response from server.: 
Jun 13, 2014 11:39:40 AM org.jivesoftware.smack.PacketWriter writePackets
WARNING: Error flushing queue during shutdown, ignore and continue
Connection failed. No response from server.: 
Jun 13, 2014 11:39:40 AM org.jivesoftware.smack.PacketWriter writePackets
WARNING: Error flushing queue during shutdown, ignore and continue
Connection failed. No response from server.: 
Jun 13, 2014 11:39:40 AM org.jivesoftware.smack.PacketWriter writePackets
WARNING: Error flushing queue during shutdown, ignore and continue
Connection failed. No response from server.: 
Connection failed. No response from server.: 
Jun 13, 2014 11:39:40 AM org.jivesoftware.smack.PacketWriter writePackets
WARNING: Error flushing queue during shutdown, ignore and continue
Connection failed. No response from server.: 
Jun 13, 2014 11:39:40 AM org.jivesoftware.smack.PacketWriter writePackets
WARNING: Error flushing queue during shutdown, ignore and continue
Connection failed. No response from server.: 
Jun 13, 2014 11:39:40 AM org.jivesoftware.smack.PacketWriter writePackets
WARNING: Error flushing queue during shutdown, ignore and continue
java.lang.NullPointerException
	at org.jivesoftware.smack.XMPPConnection.shutdown(XMPPConnection.java:452)
	at org.jivesoftware.smack.XMPPConnection.notifyConnectionError(XMPPConnection.java:1053)
	at org.jivesoftware.smack.PacketReader.parsePackets(PacketReader.java:321)
	at org.jivesoftware.smack.PacketReader.access$000(PacketReader.java:48)
	at org.jivesoftware.smack.PacketReader$1.run(PacketReader.java:76)
Jun 13, 2014 11:39:40 AM org.jivesoftware.smack.PacketWriter writePackets
WARNING: Error flushing queue during shutdown, ignore and continue
Jun 13, 2014 11:39:40 AM org.jivesoftware.smack.PacketWriter writePackets
WARNING: Error flushing queue during shutdown, ignore and continue
Connection failed. No response from server.: 
Connection failed. No response from server.: 
Connection failed. No response from server.: 
Jun 13, 2014 11:39:40 AM org.jivesoftware.smack.PacketWriter writePackets
WARNING: Error flushing queue during shutdown, ignore and continue
Jun 13, 2014 11:39:40 AM org.jivesoftware.smack.PacketWriter writePackets
WARNING: Error flushing queue during shutdown, ignore and continue
Connection failed. No response from server.: 
Connection failed. No response from server.: 
Jun 13, 2014 11:39:40 AM org.jivesoftware.smack.PacketWriter writePackets
WARNING: Error flushing queue during shutdown, ignore and continue
Jun 13, 2014 11:39:40 AM org.jivesoftware.smack.PacketWriter writePackets
WARNING: Error flushing queue during shutdown, ignore and continue
Connection failed. No response from server.: 
Connection failed. No response from server.: 
Jun 13, 2014 11:39:40 AM org.jivesoftware.smack.PacketWriter writePackets
WARNING: Error flushing queue during shutdown, ignore and continue
Connection failed. No response from server.: 
Jun 13, 2014 11:39:40 AM org.jivesoftware.smack.PacketWriter writePackets
WARNING: Error flushing queue during shutdown, ignore and continue
Connection failed. No response from server.: 
Jun 13, 2014 11:39:40 AM org.jivesoftware.smack.PacketWriter writePackets
WARNING: Error flushing queue during shutdown, ignore and continue
Connection failed. No response from server.: 
Jun 13, 2014 11:39:40 AM org.jivesoftware.smack.PacketWriter writePackets
WARNING: Error flushing queue during shutdown, ignore and continue
Connection failed. No response from server.: 
Jun 13, 2014 11:39:41 AM org.jivesoftware.smack.PacketWriter writePackets
WARNING: Error flushing queue during shutdown, ignore and continue
Connection failed. No response from server.: 
Jun 13, 2014 11:39:41 AM org.jivesoftware.smack.PacketWriter writePackets
WARNING: Error flushing queue during shutdown, ignore and continue
Connection failed. No response from server.: 
Connection failed. No response from server.: 
Jun 13, 2014 11:39:41 AM org.jivesoftware.smack.PacketWriter writePackets
WARNING: Error flushing queue during shutdown, ignore and continue
Connection failed. No response from server.: 
java.lang.NullPointerException
	at org.jivesoftware.smack.XMPPConnection.shutdown(XMPPConnection.java:452)
	at org.jivesoftware.smack.XMPPConnection.notifyConnectionError(XMPPConnection.java:1053)
	at org.jivesoftware.smack.PacketReader.parsePackets(PacketReader.java:321)
	at org.jivesoftware.smack.PacketReader.access$000(PacketReader.java:48)
	at org.jivesoftware.smack.PacketReader$1.run(PacketReader.java:76)
java.lang.NullPointerException
	at org.jivesoftware.smack.XMPPConnection.shutdown(XMPPConnection.java:452)
	at org.jivesoftware.smack.XMPPConnection.notifyConnectionError(XMPPConnection.java:1053)
	at org.jivesoftware.smack.PacketReader.parsePackets(PacketReader.java:321)
	at org.jivesoftware.smack.PacketReader.access$000(PacketReader.java:48)
	at org.jivesoftware.smack.PacketReader$1.run(PacketReader.java:76)
java.lang.NullPointerException
	at org.jivesoftware.smack.XMPPConnection.shutdown(XMPPConnection.java:452)
	at org.jivesoftware.smack.XMPPConnection.notifyConnectionError(XMPPConnection.java:1053)
	at org.jivesoftware.smack.PacketReader.parsePackets(PacketReader.java:321)
	at org.jivesoftware.smack.PacketReader.access$000(PacketReader.java:48)
	at org.jivesoftware.smack.PacketReader$1.run(PacketReader.java:76)
Connection failed. No response from server.: 
Connection failed. No response from server.: 
Connection failed. No response from server.: 
Connection failed. No response from server.: 
Connection failed. No response from server.: 
Connection failed. No response from server.: 
Connection failed. No response from server.: 
Connection failed. No response from server.: 
Connection failed. No response from server.: 
Connection failed. No response from server.: 
Connection failed. No response from server.: 
Connection failed. No response from server.: 
Connection failed. No response from server.: 
Connection failed. No response from server.: 
Connection failed. No response from server.: 
Connection failed. No response from server.: 
Connection failed. No response from server.: 
Connection failed. No response from server.: 
Connection failed. No response from server.: 
Connection failed. No response from server.: 
Connection failed. No response from server.: 
Connection failed. No response from server.: 
Connection failed. No response from server.: 
Connection failed. No response from server.: 
Connection failed. No response from server.: 
Connection failed. No response from server.: 
Connection failed. No response from server.: 
Connection failed. No response from server.: 
Connection failed. No response from server.: 
Jun 13, 2014 11:39:56 AM org.jivesoftware.smack.PacketWriter writePackets
WARNING: Error flushing queue during shutdown, ignore and continue
Jun 13, 2014 11:40:07 AM org.jivesoftware.smack.PacketWriter writePackets
WARNING: Error flushing queue during shutdown, ignore and continue
Connection failed. No response from server.: 
Connection failed. No response from server.: 
Connection failed. No response from server.: 
Connection failed. No response from server.: 
Connection failed. No response from server.: 
Connection failed. No response from server.: 
Connection failed. No response from server.: 
Connection failed. No response from server.: 
Connection failed. No response from server.: 
Connection failed. No response from server.: 
Connection failed. No response from server.: 
Connection failed. No response from server.: 
Connection failed. No response from server.: 
Connection failed. No response from server.: 
Connection failed. No response from server.: 
Connection failed. No response from server.: 
Connection failed. No response from server.: 
Connection failed. No response from server.: 
Connection failed. No response from server.: 
Connection failed. No response from server.: 
Connection failed. No response from server.: 
Connection failed. No response from server.: 
Connection failed. No response from server.: 
Connection failed. No response from server.: 
Connection failed. No response from server.: 
Connection failed. No response from server.: 
Connection failed. No response from server.: 
Connection failed. No response from server.: 
Connection failed. No response from server.: 
java.lang.NullPointerException
	at org.jivesoftware.smack.XMPPConnection.shutdown(XMPPConnection.java:452)
	at org.jivesoftware.smack.XMPPConnection.notifyConnectionError(XMPPConnection.java:1053)
	at org.jivesoftware.smack.PacketReader.parsePackets(PacketReader.java:321)
	at org.jivesoftware.smack.PacketReader.access$000(PacketReader.java:48)
	at org.jivesoftware.smack.PacketReader$1.run(PacketReader.java:76)
java.lang.NullPointerException
	at org.jivesoftware.smack.XMPPConnection.shutdown(XMPPConnection.java:452)
	at org.jivesoftware.smack.XMPPConnection.notifyConnectionError(XMPPConnection.java:1053)
	at org.jivesoftware.smack.PacketReader.parsePackets(PacketReader.java:321)
	at org.jivesoftware.smack.PacketReader.access$000(PacketReader.java:48)
	at org.jivesoftware.smack.PacketReader$1.run(PacketReader.java:76)
java.lang.NullPointerException
	at org.jivesoftware.smack.XMPPConnection.shutdown(XMPPConnection.java:452)
	at org.jivesoftware.smack.XMPPConnection.notifyConnectionError(XMPPConnection.java:1053)
	at org.jivesoftware.smack.PacketReader.parsePackets(PacketReader.java:321)
	at org.jivesoftware.smack.PacketReader.access$000(PacketReader.java:48)
	at org.jivesoftware.smack.PacketReader$1.run(PacketReader.java:76)
java.lang.NullPointerException
	at org.jivesoftware.smack.XMPPConnection.shutdown(XMPPConnection.java:452)
	at org.jivesoftware.smack.XMPPConnection.notifyConnectionError(XMPPConnection.java:1053)
	at org.jivesoftware.smack.PacketReader.parsePackets(PacketReader.java:321)
	at org.jivesoftware.smack.PacketReader.access$000(PacketReader.java:48)
	at org.jivesoftware.smack.PacketReader$1.run(PacketReader.java:76)
java.lang.NullPointerException
	at org.jivesoftware.smack.XMPPConnection.shutdown(XMPPConnection.java:452)
	at org.jivesoftware.smack.XMPPConnection.notifyConnectionError(XMPPConnection.java:1053)
	at org.jivesoftware.smack.PacketReader.parsePackets(PacketReader.java:321)
	at org.jivesoftware.smack.PacketReader.access$000(PacketReader.java:48)
	at org.jivesoftware.smack.PacketReader$1.run(PacketReader.java:76)
java.lang.NullPointerException
	at org.jivesoftware.smack.XMPPConnection.shutdown(XMPPConnection.java:452)
	at org.jivesoftware.smack.XMPPConnection.notifyConnectionError(XMPPConnection.java:1053)
	at org.jivesoftware.smack.PacketReader.parsePackets(PacketReader.java:321)
	at org.jivesoftware.smack.PacketReader.access$000(PacketReader.java:48)
	at org.jivesoftware.smack.PacketReader$1.run(PacketReader.java:76)
java.lang.NullPointerException
	at org.jivesoftware.smack.XMPPConnection.shutdown(XMPPConnection.java:452)
	at org.jivesoftware.smack.XMPPConnection.notifyConnectionError(XMPPConnection.java:1053)
	at org.jivesoftware.smack.PacketReader.parsePackets(PacketReader.java:321)
	at org.jivesoftware.smack.PacketReader.access$000(PacketReader.java:48)
	at org.jivesoftware.smack.PacketReader$1.run(PacketReader.java:76)
java.lang.NullPointerException
	at org.jivesoftware.smack.XMPPConnection.shutdown(XMPPConnection.java:452)
	at org.jivesoftware.smack.XMPPConnection.notifyConnectionError(XMPPConnection.java:1053)
	at org.jivesoftware.smack.PacketReader.parsePackets(PacketReader.java:321)
	at org.jivesoftware.smack.PacketReader.access$000(PacketReader.java:48)
	at org.jivesoftware.smack.PacketReader$1.run(PacketReader.java:76)
java.lang.NullPointerException
	at org.jivesoftware.smack.XMPPConnection.shutdown(XMPPConnection.java:452)
	at org.jivesoftware.smack.XMPPConnection.notifyConnectionError(XMPPConnection.java:1053)
	at org.jivesoftware.smack.PacketReader.parsePackets(PacketReader.java:321)
	at org.jivesoftware.smack.PacketReader.access$000(PacketReader.java:48)
	at org.jivesoftware.smack.PacketReader$1.run(PacketReader.java:76)
java.lang.NullPointerException
	at org.jivesoftware.smack.XMPPConnection.shutdown(XMPPConnection.java:452)
	at org.jivesoftware.smack.XMPPConnection.notifyConnectionError(XMPPConnection.java:1053)
	at org.jivesoftware.smack.PacketReader.parsePackets(PacketReader.java:321)
	at org.jivesoftware.smack.PacketReader.access$000(PacketReader.java:48)
	at org.jivesoftware.smack.PacketReader$1.run(PacketReader.java:76)
java.lang.NullPointerException
	at org.jivesoftware.smack.XMPPConnection.shutdown(XMPPConnection.java:452)
	at org.jivesoftware.smack.XMPPConnection.notifyConnectionError(XMPPConnection.java:1053)
	at org.jivesoftware.smack.PacketReader.parsePackets(PacketReader.java:321)
	at org.jivesoftware.smack.PacketReader.access$000(PacketReader.java:48)
	at org.jivesoftware.smack.PacketReader$1.run(PacketReader.java:76)
java.lang.NullPointerException
	at org.jivesoftware.smack.XMPPConnection.shutdown(XMPPConnection.java:452)
	at org.jivesoftware.smack.XMPPConnection.notifyConnectionError(XMPPConnection.java:1053)
	at org.jivesoftware.smack.PacketReader.parsePackets(PacketReader.java:321)
	at org.jivesoftware.smack.PacketReader.access$000(PacketReader.java:48)
	at org.jivesoftware.smack.PacketReader$1.run(PacketReader.java:76)
java.lang.NullPointerException
	at org.jivesoftware.smack.XMPPConnection.shutdown(XMPPConnection.java:452)
	at org.jivesoftware.smack.XMPPConnection.notifyConnectionError(XMPPConnection.java:1053)
	at org.jivesoftware.smack.PacketReader.parsePackets(PacketReader.java:321)
	at org.jivesoftware.smack.PacketReader.access$000(PacketReader.java:48)
	at org.jivesoftware.smack.PacketReader$1.run(PacketReader.java:76)
java.lang.NullPointerException
	at org.jivesoftware.smack.XMPPConnection.shutdown(XMPPConnection.java:452)
	at org.jivesoftware.smack.XMPPConnection.notifyConnectionError(XMPPConnection.java:1053)
	at org.jivesoftware.smack.PacketReader.parsePackets(PacketReader.java:321)
	at org.jivesoftware.smack.PacketReader.access$000(PacketReader.java:48)
	at org.jivesoftware.smack.PacketReader$1.run(PacketReader.java:76)
java.lang.NullPointerException
	at org.jivesoftware.smack.XMPPConnection.shutdown(XMPPConnection.java:452)
	at org.jivesoftware.smack.XMPPConnection.notifyConnectionError(XMPPConnection.java:1053)
	at org.jivesoftware.smack.PacketReader.parsePackets(PacketReader.java:321)
	at org.jivesoftware.smack.PacketReader.access$000(PacketReader.java:48)
	at org.jivesoftware.smack.PacketReader$1.run(PacketReader.java:76)
java.lang.NullPointerException
	at org.jivesoftware.smack.XMPPConnection.shutdown(XMPPConnection.java:452)
	at org.jivesoftware.smack.XMPPConnection.notifyConnectionError(XMPPConnection.java:1053)
	at org.jivesoftware.smack.PacketReader.parsePackets(PacketReader.java:321)
	at org.jivesoftware.smack.PacketReader.access$000(PacketReader.java:48)
	at org.jivesoftware.smack.PacketReader$1.run(PacketReader.java:76)
java.lang.NullPointerException
	at org.jivesoftware.smack.XMPPConnection.shutdown(XMPPConnection.java:452)
	at org.jivesoftware.smack.XMPPConnection.notifyConnectionError(XMPPConnection.java:1053)
	at org.jivesoftware.smack.PacketReader.parsePackets(PacketReader.java:321)
	at org.jivesoftware.smack.PacketReader.access$000(PacketReader.java:48)
	at org.jivesoftware.smack.PacketReader$1.run(PacketReader.java:76)
java.lang.NullPointerException
	at org.jivesoftware.smack.XMPPConnection.shutdown(XMPPConnection.java:452)
	at org.jivesoftware.smack.XMPPConnection.notifyConnectionError(XMPPConnection.java:1053)
	at org.jivesoftware.smack.PacketReader.parsePackets(PacketReader.java:321)
	at org.jivesoftware.smack.PacketReader.access$000(PacketReader.java:48)
	at org.jivesoftware.smack.PacketReader$1.run(PacketReader.java:76)
java.lang.NullPointerException
	at org.jivesoftware.smack.XMPPConnection.shutdown(XMPPConnection.java:452)
	at org.jivesoftware.smack.XMPPConnection.notifyConnectionError(XMPPConnection.java:1053)
	at org.jivesoftware.smack.PacketReader.parsePackets(PacketReader.java:321)
	at org.jivesoftware.smack.PacketReader.access$000(PacketReader.java:48)
	at org.jivesoftware.smack.PacketReader$1.run(PacketReader.java:76)
java.lang.NullPointerException
	at org.jivesoftware.smack.XMPPConnection.shutdown(XMPPConnection.java:452)
	at org.jivesoftware.smack.XMPPConnection.notifyConnectionError(XMPPConnection.java:1053)
	at org.jivesoftware.smack.PacketReader.parsePackets(PacketReader.java:321)
	at org.jivesoftware.smack.PacketReader.access$000(PacketReader.java:48)
	at org.jivesoftware.smack.PacketReader$1.run(PacketReader.java:76)
java.lang.NullPointerException
	at org.jivesoftware.smack.XMPPConnection.shutdown(XMPPConnection.java:452)
	at org.jivesoftware.smack.XMPPConnection.notifyConnectionError(XMPPConnection.java:1053)
	at org.jivesoftware.smack.PacketReader.parsePackets(PacketReader.java:321)
	at org.jivesoftware.smack.PacketReader.access$000(PacketReader.java:48)
	at org.jivesoftware.smack.PacketReader$1.run(PacketReader.java:76)
java.lang.NullPointerException
	at org.jivesoftware.smack.XMPPConnection.shutdown(XMPPConnection.java:452)
	at org.jivesoftware.smack.XMPPConnection.notifyConnectionError(XMPPConnection.java:1053)
	at org.jivesoftware.smack.PacketReader.parsePackets(PacketReader.java:321)
	at org.jivesoftware.smack.PacketReader.access$000(PacketReader.java:48)
	at org.jivesoftware.smack.PacketReader$1.run(PacketReader.java:76)
java.lang.NullPointerException
	at org.jivesoftware.smack.XMPPConnection.shutdown(XMPPConnection.java:452)
	at org.jivesoftware.smack.XMPPConnection.notifyConnectionError(XMPPConnection.java:1053)
	at org.jivesoftware.smack.PacketReader.parsePackets(PacketReader.java:321)
	at org.jivesoftware.smack.PacketReader.access$000(PacketReader.java:48)
	at org.jivesoftware.smack.PacketReader$1.run(PacketReader.java:76)
java.lang.NullPointerException
	at org.jivesoftware.smack.XMPPConnection.shutdown(XMPPConnection.java:452)
	at org.jivesoftware.smack.XMPPConnection.notifyConnectionError(XMPPConnection.java:1053)
	at org.jivesoftware.smack.PacketReader.parsePackets(PacketReader.java:321)
	at org.jivesoftware.smack.PacketReader.access$000(PacketReader.java:48)
	at org.jivesoftware.smack.PacketReader$1.run(PacketReader.java:76)
java.lang.NullPointerException
	at org.jivesoftware.smack.XMPPConnection.shutdown(XMPPConnection.java:452)
	at org.jivesoftware.smack.XMPPConnection.notifyConnectionError(XMPPConnection.java:1053)
	at org.jivesoftware.smack.PacketReader.parsePackets(PacketReader.java:321)
	at org.jivesoftware.smack.PacketReader.access$000(PacketReader.java:48)
	at org.jivesoftware.smack.PacketReader$1.run(PacketReader.java:76)
java.lang.NullPointerException
	at org.jivesoftware.smack.XMPPConnection.shutdown(XMPPConnection.java:452)
	at org.jivesoftware.smack.XMPPConnection.notifyConnectionError(XMPPConnection.java:1053)
	at org.jivesoftware.smack.PacketReader.parsePackets(PacketReader.java:321)
	at org.jivesoftware.smack.PacketReader.access$000(PacketReader.java:48)
	at org.jivesoftware.smack.PacketReader$1.run(PacketReader.java:76)
Connection failed. No response from server.: 
Connection failed. No response from server.: 
Connection failed. No response from server.: 
Connection failed. No response from server.: 
Connection failed. No response from server.: 
Connection failed. No response from server.: 
Connection failed. No response from server.: 
Connection failed. No response from server.: 
Connection failed. No response from server.: 
Connection failed. No response from server.: 
Connection failed. No response from server.: 
Connection failed. No response from server.: 
Connection failed. No response from server.: 
Connection failed. No response from server.: 
Connection failed. No response from server.: 
Connection failed. No response from server.: 
Connection failed. No response from server.: 
Connection failed. No response from server.: 
Connection failed. No response from server.: 
Connection failed. No response from server.: 
Connection failed. No response from server.: 
Connection failed. No response from server.: 
Connection failed. No response from server.: 
Connection failed. No response from server.: 
Connection failed. No response from server.: 
Connection failed. No response from server.: 
Connection failed. No response from server.: 
Connection failed. No response from server.: 
Connection failed. No response from server.: 
Jun 13, 2014 11:40:31 AM org.jivesoftware.smack.PacketWriter writePackets
WARNING: Error flushing queue during shutdown, ignore and continue
Jun 13, 2014 11:40:31 AM org.jivesoftware.smack.PacketWriter writePackets
WARNING: Error flushing queue during shutdown, ignore and continue
Jun 13, 2014 11:40:31 AM org.jivesoftware.smack.PacketWriter writePackets
WARNING: Error flushing queue during shutdown, ignore and continue
Jun 13, 2014 11:40:31 AM org.jivesoftware.smack.PacketWriter writePackets
WARNING: Error flushing queue during shutdown, ignore and continue
Jun 13, 2014 11:40:31 AM org.jivesoftware.smack.PacketWriter writePackets
WARNING: Error flushing queue during shutdown, ignore and continue
Jun 13, 2014 11:40:31 AM org.jivesoftware.smack.PacketWriter writePackets
WARNING: Error flushing queue during shutdown, ignore and continue
java.lang.NullPointerException
	at org.jivesoftware.smack.XMPPConnection.shutdown(XMPPConnection.java:452)
	at org.jivesoftware.smack.XMPPConnection.notifyConnectionError(XMPPConnection.java:1053)
	at org.jivesoftware.smack.PacketReader.parsePackets(PacketReader.java:321)
	at org.jivesoftware.smack.PacketReader.access$000(PacketReader.java:48)
	at org.jivesoftware.smack.PacketReader$1.run(PacketReader.java:76)
java.lang.NullPointerException
	at org.jivesoftware.smack.XMPPConnection.shutdown(XMPPConnection.java:452)
	at org.jivesoftware.smack.XMPPConnection.notifyConnectionError(XMPPConnection.java:1053)
	at org.jivesoftware.smack.PacketReader.parsePackets(PacketReader.java:321)
	at org.jivesoftware.smack.PacketReader.access$000(PacketReader.java:48)
	at org.jivesoftware.smack.PacketReader$1.run(PacketReader.java:76)
Connection failed. No response from server.: 
Connection failed. No response from server.: 
Connection failed. No response from server.: 
Connection failed. No response from server.: 
Connection failed. No response from server.: 
Connection failed. No response from server.: 
Connection failed. No response from server.: 
Connection failed. No response from server.: 
Connection failed. No response from server.: 
Connection failed. No response from server.: 
Connection failed. No response from server.: 
Connection failed. No response from server.: 
Connection failed. No response from server.: 
Connection failed. No response from server.: 
Connection failed. No response from server.: 
Connection failed. No response from server.: 
Connection failed. No response from server.: 
Connection failed. No response from server.: 
Connection failed. No response from server.: 
Connection failed. No response from server.: 
Connection failed. No response from server.: 
Connection failed. No response from server.: 
Connection failed. No response from server.: 
Connection failed. No response from server.: 
Connection failed. No response from server.: 
Connection failed. No response from server.: 
Connection failed. No response from server.: 
Connection failed. No response from server.: 
Connection failed. No response from server.: 
java.lang.NullPointerException
	at org.jivesoftware.smack.XMPPConnection.shutdown(XMPPConnection.java:452)
	at org.jivesoftware.smack.XMPPConnection.notifyConnectionError(XMPPConnection.java:1053)
	at org.jivesoftware.smack.PacketReader.parsePackets(PacketReader.java:321)
	at org.jivesoftware.smack.PacketReader.access$000(PacketReader.java:48)
	at org.jivesoftware.smack.PacketReader$1.run(PacketReader.java:76)
java.lang.NullPointerException
	at org.jivesoftware.smack.XMPPConnection.shutdown(XMPPConnection.java:452)
	at org.jivesoftware.smack.XMPPConnection.notifyConnectionError(XMPPConnection.java:1053)
	at org.jivesoftware.smack.PacketReader.parsePackets(PacketReader.java:321)
	at org.jivesoftware.smack.PacketReader.access$000(PacketReader.java:48)
	at org.jivesoftware.smack.PacketReader$1.run(PacketReader.java:76)
java.lang.NullPointerException
	at org.jivesoftware.smack.XMPPConnection.shutdown(XMPPConnection.java:452)
	at org.jivesoftware.smack.XMPPConnection.notifyConnectionError(XMPPConnection.java:1053)
	at org.jivesoftware.smack.PacketReader.parsePackets(PacketReader.java:321)
	at org.jivesoftware.smack.PacketReader.access$000(PacketReader.java:48)
	at org.jivesoftware.smack.PacketReader$1.run(PacketReader.java:76)
Connection failed. No response from server.: 
Connection failed. No response from server.: 
Connection failed. No response from server.: 
Connection failed. No response from server.: 
Connection failed. No response from server.: 
Connection failed. No response from server.: 
Connection failed. No response from server.: 
Connection failed. No response from server.: 
Connection failed. No response from server.: 
Connection failed. No response from server.: 
Connection failed. No response from server.: 
Connection failed. No response from server.: 
Connection failed. No response from server.: 
Connection failed. No response from server.: 
Connection failed. No response from server.: 
Connection failed. No response from server.: 
Connection failed. No response from server.: 
Connection failed. No response from server.: 
Connection failed. No response from server.: 
Connection failed. No response from server.: 
Connection failed. No response from server.: 
Connection failed. No response from server.: 
Connection failed. No response from server.: 
Connection failed. No response from server.: 
Connection failed. No response from server.: 
Connection failed. No response from server.: 
Connection failed. No response from server.: 
Connection failed. No response from server.: 
Connection failed. No response from server.: 
Connection failed. No response from server.: 
Connection failed. No response from server.: 
Connection failed. No response from server.: 
Connection failed. No response from server.: 
Connection failed. No response from server.: 
Connection failed. No response from server.: 
Connection failed. No response from server.: 
Connection failed. No response from server.: 
Connection failed. No response from server.: 
Connection failed. No response from server.: 
Connection failed. No response from server.: 
Connection failed. No response from server.: 
Connection failed. No response from server.: 
Connection failed. No response from server.: 
Connection failed. No response from server.: 
Connection failed. No response from server.: 
Connection failed. No response from server.: 
Connection failed. No response from server.: 
Connection failed. No response from server.: 
Connection failed. No response from server.: 
Connection failed. No response from server.: 
Connection failed. No response from server.: 
Connection failed. No response from server.: 
Connection failed. No response from server.: 
Connection failed. No response from server.: 
Connection failed. No response from server.: 
Connection failed. No response from server.: 
Connection failed. No response from server.: 
Connection failed. No response from server.: 
Connection failed. No response from server.: 
Connection failed. No response from server.: 
Connection failed. No response from server.: 
Connection failed. No response from server.: 
Connection failed. No response from server.: 
Connection failed. No response from server.: 
Connection failed. No response from server.: 
Connection failed. No response from server.: 
Connection failed. No response from server.: 
Connection failed. No response from server.: 
Connection failed. No response from server.: 
Connection failed. No response from server.: 
Connection failed. No response from server.: 
Connection failed. No response from server.: 
Connection failed. No response from server.: 
Connection failed. No response from server.: 
Connection failed. No response from server.: 
Connection failed. No response from server.: 
Connection failed. No response from server.: 
Connection failed. No response from server.: 
Connection failed. No response from server.: 
Connection failed. No response from server.: 
Connection failed. No response from server.: 
Connection failed. No response from server.: 
Connection failed. No response from server.: 
Connection failed. No response from server.: 
Connection failed. No response from server.: 
Connection failed. No response from server.: 
Connection failed. No response from server.: 
Connection failed. No response from server.: 
Connection failed. No response from server.: 
Connection failed. No response from server.: 
Connection failed. No response from server.: 
Connection failed. No response from server.: 
Connection failed. No response from server.: 
Connection failed. No response from server.: 
Connection failed. No response from server.: 
Connection failed. No response from server.: 
Connection failed. No response from server.: 
Connection failed. No response from server.: 
Connection failed. No response from server.: 
Connection failed. No response from server.: 
Connection failed. No response from server.: 
Connection failed. No response from server.: 
Connection failed. No response from server.: 
Connection failed. No response from server.: 
Connection failed. No response from server.: 
Connection failed. No response from server.: 
Connection failed. No response from server.: 
Connection failed. No response from server.: 
Connection failed. No response from server.: 
Connection failed. No response from server.: 
Connection failed. No response from server.: 
Connection failed. No response from server.: 
Connection failed. No response from server.: 
Connection failed. No response from server.: 
Connection failed. No response from server.: 
Connection failed. No response from server.: 
Connection failed. No response from server.: 
Connection failed. No response from server.: 
Connection failed. No response from server.: 
Connection failed. No response from server.: 
Connection failed. No response from server.: 
Connection failed. No response from server.: 
Connection failed. No response from server.: 
Connection failed. No response from server.: 
Connection failed. No response from server.: 
Connection failed. No response from server.: 
Connection failed. No response from server.: 
Connection failed. No response from server.: 
Connection failed. No response from server.: 
Connection failed. No response from server.: 
Connection failed. No response from server.: 
Connection failed. No response from server.: 
Connection failed. No response from server.: 
Connection failed. No response from server.: 
Connection failed. No response from server.: 
Connection failed. No response from server.: 
Connection failed. No response from server.: 
Connection failed. No response from server.: 
Connection failed. No response from server.: 
Connection failed. No response from server.: 
Connection failed. No response from server.: 
Connection failed. No response from server.: 
Connection failed. No response from server.: 
Connection failed. No response from server.: 
Connection failed. No response from server.: 
Connection failed. No response from server.: 
Connection failed. No response from server.: 
Connection failed. No response from server.: 
Connection failed. No response from server.: 
Connection failed. No response from server.: 
Connection failed. No response from server.: 
Connection failed. No response from server.: 
Connection failed. No response from server.: 
Connection failed. No response from server.: 
Connection failed. No response from server.: 
Connection failed. No response from server.: 
Connection failed. No response from server.: 
Connection failed. No response from server.: 
Connection failed. No response from server.: 
Connection failed. No response from server.: 
Connection failed. No response from server.: 
Connection failed. No response from server.: 
Connection failed. No response from server.: 
Connection failed. No response from server.: 
Connection failed. No response from server.: 
Connection failed. No response from server.: 
Connection failed. No response from server.: 
Connection failed. No response from server.: 
Connection failed. No response from server.: 
Connection failed. No response from server.: 
Connection failed. No response from server.: 
Connection failed. No response from server.: 
Connection failed. No response from server.: 
Connection failed. No response from server.: 
Connection failed. No response from server.: 
Connection failed. No response from server.: 
Connection failed. No response from server.: 
Connection failed. No response from server.: 
Connection failed. No response from server.: 
Connection failed. No response from server.: 
Connection failed. No response from server.: 
Connection failed. No response from server.: 
Connection failed. No response from server.: 
Connection failed. No response from server.: 
Connection failed. No response from server.: 
Connection failed. No response from server.: 
Connection failed. No response from server.: 
Connection failed. No response from server.: 
Connection failed. No response from server.: 
Connection failed. No response from server.: 
Connection failed. No response from server.: 
Connection failed. No response from server.: 
Connection failed. No response from server.: 
Connection failed. No response from server.: 
Connection failed. No response from server.: 
Connection failed. No response from server.: 
Connection failed. No response from server.: 
Connection failed. No response from server.: 
Connection failed. No response from server.: 
Connection failed. No response from server.: 
Connection failed. No response from server.: 
Connection failed. No response from server.: 
Connection failed. No response from server.: 
Connection failed. No response from server.: 
Connection failed. No response from server.: 
Connection failed. No response from server.: 
Connection failed. No response from server.: 
Connection failed. No response from server.: 
Connection failed. No response from server.: 
Connection failed. No response from server.: 
Connection failed. No response from server.: 
Connection failed. No response from server.: 
Connection failed. No response from server.: 
Connection failed. No response from server.: 
Connection failed. No response from server.: 
Connection failed. No response from server.: 
Connection failed. No response from server.: 
Connection failed. No response from server.: 
Connection failed. No response from server.: 
Connection failed. No response from server.: 
Connection failed. No response from server.: 
Connection failed. No response from server.: 
Connection failed. No response from server.: 
Connection failed. No response from server.: 
Connection failed. No response from server.: 
Connection failed. No response from server.: 
Connection failed. No response from server.: 
Connection failed. No response from server.: 
Connection failed. No response from server.: 
Connection failed. No response from server.: 
Connection failed. No response from server.: 
Connection failed. No response from server.: 
Connection failed. No response from server.: 
Connection failed. No response from server.: 
Connection failed. No response from server.: 
Connection failed. No response from server.: 
Connection failed. No response from server.: 
Connection failed. No response from server.: 
Connection failed. No response from server.: 
Connection failed. No response from server.: 
Connection failed. No response from server.: 
Connection failed. No response from server.: 
Connection failed. No response from server.: 
Connection failed. No response from server.: 
Connection failed. No response from server.: 
Connection failed. No response from server.: 
Connection failed. No response from server.: 
Connection failed. No response from server.: 
Connection failed. No response from server.: 
Connection failed. No response from server.: 
Connection failed. No response from server.: 
Connection failed. No response from server.: 
Connection failed. No response from server.: 
Connection failed. No response from server.: 
Connection failed. No response from server.: 
Connection failed. No response from server.: 
Connection failed. No response from server.: 
Connection failed. No response from server.: 
Connection failed. No response from server.: 
Connection failed. No response from server.: 
Connection failed. No response from server.: 
Connection failed. No response from server.: 
Connection failed. No response from server.: 
Connection failed. No response from server.: 
Connection failed. No response from server.: 
Connection failed. No response from server.: 
Connection failed. No response from server.: 
Connection failed. No response from server.: 
Connection failed. No response from server.: 
Connection failed. No response from server.: 
Connection failed. No response from server.: 
Connection failed. No response from server.: 
Connection failed. No response from server.: 
Connection failed. No response from server.: 
Connection failed. No response from server.: 
Connection failed. No response from server.: 
Connection failed. No response from server.: 
Connection failed. No response from server.: 
Connection failed. No response from server.: 
Connection failed. No response from server.: 
Connection failed. No response from server.: 
Connection failed. No response from server.: 
Connection failed. No response from server.: 
Connection failed. No response from server.: 
Connection failed. No response from server.: 
Connection failed. No response from server.: 
Connection failed. No response from server.: 
Connection failed. No response from server.: 
Connection failed. No response from server.: 
Connection failed. No response from server.: 
Connection failed. No response from server.: 
Connection failed. No response from server.: 
Connection failed. No response from server.: 
Connection failed. No response from server.: 
Connection failed. No response from server.: 
Connection failed. No response from server.: 
Connection failed. No response from server.: 
Connection failed. No response from server.: 
Connection failed. No response from server.: 
Connection failed. No response from server.: 
java.lang.NullPointerException
	at org.jivesoftware.smack.XMPPConnection.shutdown(XMPPConnection.java:452)
	at org.jivesoftware.smack.XMPPConnection.notifyConnectionError(XMPPConnection.java:1053)
	at org.jivesoftware.smack.PacketReader.parsePackets(PacketReader.java:321)
	at org.jivesoftware.smack.PacketReader.access$000(PacketReader.java:48)
	at org.jivesoftware.smack.PacketReader$1.run(PacketReader.java:76)
Connection failed. No response from server.: 
Connection failed. No response from server.: 
Connection failed. No response from server.: 
Connection failed. No response from server.: 
Connection failed. No response from server.: 
Connection failed. No response from server.: 
Connection failed. No response from server.: 
Connection failed. No response from server.: 
Connection failed. No response from server.: 
Connection failed. No response from server.: 
Connection failed. No response from server.: 
Connection failed. No response from server.: 
Connection failed. No response from server.: 
Connection failed. No response from server.: 
Connection failed. No response from server.: 
Connection failed. No response from server.: 
Connection failed. No response from server.: 
Connection failed. No response from server.: 
Connection failed. No response from server.: 
Connection failed. No response from server.: 
Connection failed. No response from server.: 
Connection failed. No response from server.: 
Connection failed. No response from server.: 
Connection failed. No response from server.: 
Connection failed. No response from server.: 
Connection failed. No response from server.: 
Connection failed. No response from server.: 
Connection failed. No response from server.: 
Connection failed. No response from server.: 
Connection failed. No response from server.: 
Connection failed. No response from server.: 
Connection failed. No response from server.: 
Connection failed. No response from server.: 
Connection failed. No response from server.: 
Connection failed. No response from server.: 
Connection failed. No response from server.: 
Connection failed. No response from server.: 
Connection failed. No response from server.: 
Connection failed. No response from server.: 
Connection failed. No response from server.: 
Connection failed. No response from server.: 
Connection failed. No response from server.: 
Connection failed. No response from server.: 
Connection failed. No response from server.: 
Connection failed. No response from server.: 
Connection failed. No response from server.: 
Connection failed. No response from server.: 
Connection failed. No response from server.: 
Connection failed. No response from server.: 
Connection failed. No response from server.: 
Connection failed. No response from server.: 
Connection failed. No response from server.: 
Connection failed. No response from server.: 
Connection failed. No response from server.: 
Connection failed. No response from server.: 
Connection failed. No response from server.: 
Connection failed. No response from server.: 
Connection failed. No response from server.: 
Connection failed. No response from server.: 
Connection failed. No response from server.: 
Connection failed. No response from server.: 
Connection failed. No response from server.: 
Connection failed. No response from server.: 
Connection failed. No response from server.: 
Connection failed. No response from server.: 
Connection failed. No response from server.: 
Connection failed. No response from server.: 
Connection failed. No response from server.: 
Connection failed. No response from server.: 
Connection failed. No response from server.: 
Connection failed. No response from server.: 
Connection failed. No response from server.: 
Connection failed. No response from server.: 
Connection failed. No response from server.: 
Connection failed. No response from server.: 
Connection failed. No response from server.: 
Connection failed. No response from server.: 
Connection failed. No response from server.: 
Connection failed. No response from server.: 
Connection failed. No response from server.: 
Connection failed. No response from server.: 
Connection failed. No response from server.: 
Connection failed. No response from server.: 
Connection failed. No response from server.: 
Connection failed. No response from server.: 
Connection failed. No response from server.: 
Connection failed. No response from server.: 
Connection failed. No response from server.: 
Connection failed. No response from server.: 
Connection failed. No response from server.: 
Connection failed. No response from server.: 
Connection failed. No response from server.: 
Connection failed. No response from server.: 
Connection failed. No response from server.: 
Connection failed. No response from server.: 
Connection failed. No response from server.: 
Connection failed. No response from server.: 
Connection failed. No response from server.: 
Connection failed. No response from server.: 
Connection failed. No response from server.: 
Connection failed. No response from server.: 
Connection failed. No response from server.: 
Connection failed. No response from server.: 
Connection failed. No response from server.: 
Connection failed. No response from server.: 
Connection failed. No response from server.: 
Connection failed. No response from server.: 
Connection failed. No response from server.: 
Connection failed. No response from server.: 
Connection failed. No response from server.: 
Connection failed. No response from server.: 
Connection failed. No response from server.: 
Connection failed. No response from server.: 
Connection failed. No response from server.: 
Connection failed. No response from server.: 
Connection failed. No response from server.: 
Connection failed. No response from server.: 
Connection failed. No response from server.: 
Connection failed. No response from server.: 
Connection failed. No response from server.: 
Connection failed. No response from server.: 
Connection failed. No response from server.: 
Connection failed. No response from server.: 
Connection failed. No response from server.: 
Connection failed. No response from server.: 
Connection failed. No response from server.: 
Connection failed. No response from server.: 
Connection failed. No response from server.: 
Connection failed. No response from server.: 
Connection failed. No response from server.: 
Connection failed. No response from server.: 
Connection failed. No response from server.: 
Connection failed. No response from server.: 
Connection failed. No response from server.: 
Connection failed. No response from server.: 
Connection failed. No response from server.: 
Connection failed. No response from server.: 
Connection failed. No response from server.: 
Connection failed. No response from server.: 
Connection failed. No response from server.: 
Connection failed. No response from server.: 
Connection failed. No response from server.: 
Connection failed. No response from server.: 
Connection failed. No response from server.: 
Connection failed. No response from server.: 
Connection failed. No response from server.: 
Connection failed. No response from server.: 
Connection failed. No response from server.: 
Connection failed. No response from server.: 
Connection failed. No response from server.: 
Connection failed. No response from server.: 
Connection failed. No response from server.: 
Connection failed. No response from server.: 
Connection failed. No response from server.: 
Connection failed. No response from server.: 
Connection failed. No response from server.: 
Connection failed. No response from server.: 
Connection failed. No response from server.: 
Connection failed. No response from server.: 
Connection failed. No response from server.: 
Connection failed. No response from server.: 
Connection failed. No response from server.: 
Connection failed. No response from server.: 
Connection failed. No response from server.: 
Connection failed. No response from server.: 
Connection failed. No response from server.: 
Connection failed. No response from server.: 
Connection failed. No response from server.: 
Connection failed. No response from server.: 
Connection failed. No response from server.: 
Connection failed. No response from server.: 
Connection failed. No response from server.: 
Connection failed. No response from server.: 
Connection failed. No response from server.: 
Connection failed. No response from server.: 
Connection failed. No response from server.: 
Connection failed. No response from server.: 
Connection failed. No response from server.: 
Connection failed. No response from server.: 
Connection failed. No response from server.: 
Connection failed. No response from server.: 
Connection failed. No response from server.: 
Connection failed. No response from server.: 
Connection failed. No response from server.: 
Connection failed. No response from server.: 
Connection failed. No response from server.: 
Connection failed. No response from server.: 
Connection failed. No response from server.: 
Connection failed. No response from server.: 
Connection failed. No response from server.: 
Connection failed. No response from server.: 
Connection failed. No response from server.: 
Connection failed. No response from server.: 
Connection failed. No response from server.: 
Connection failed. No response from server.: 
Connection failed. No response from server.: 
Connection failed. No response from server.: 
Connection failed. No response from server.: 
Connection failed. No response from server.: 
Connection failed. No response from server.: 
Connection failed. No response from server.: 
Connection failed. No response from server.: 
Connection failed. No response from server.: 
Connection failed. No response from server.: 
Connection failed. No response from server.: 
Connection failed. No response from server.: 
Connection failed. No response from server.: 
Connection failed. No response from server.: 
Connection failed. No response from server.: 
Connection failed. No response from server.: 
Connection failed. No response from server.: 
Connection failed. No response from server.: 
Connection failed. No response from server.: 
Connection failed. No response from server.: 
Connection failed. No response from server.: 
Connection failed. No response from server.: 
Connection failed. No response from server.: 
Connection failed. No response from server.: 
Connection failed. No response from server.: 
Connection failed. No response from server.: 
Connection failed. No response from server.: 
Connection failed. No response from server.: 
Connection failed. No response from server.: 
Connection failed. No response from server.: 
Connection failed. No response from server.: 
Connection failed. No response from server.: 
Connection failed. No response from server.: 
Connection failed. No response from server.: 
Connection failed. No response from server.: 
Connection failed. No response from server.: 
Connection failed. No response from server.: 
Connection failed. No response from server.: 
Connection failed. No response from server.: 
Connection failed. No response from server.: 
Connection failed. No response from server.: 
Connection failed. No response from server.: 
Connection failed. No response from server.: 
Connection failed. No response from server.: 
Connection failed. No response from server.: 
Connection failed. No response from server.: 
Connection failed. No response from server.: 
Connection failed. No response from server.: 
Connection failed. No response from server.: 
Connection failed. No response from server.: 
Connection failed. No response from server.: 
Connection failed. No response from server.: 
Connection failed. No response from server.: 
Connection failed. No response from server.: 
Connection failed. No response from server.: 
Connection failed. No response from server.: 
Connection failed. No response from server.: 
Connection failed. No response from server.: 
Connection failed. No response from server.: 
Connection failed. No response from server.: 
Connection failed. No response from server.: 
Connection failed. No response from server.: 
Connection failed. No response from server.: 
Connection failed. No response from server.: 
Connection failed. No response from server.: 
Connection failed. No response from server.: 
Connection failed. No response from server.: 
Connection failed. No response from server.: 
Connection failed. No response from server.: 
Connection failed. No response from server.: 
Connection failed. No response from server.: 
Connection failed. No response from server.: 
Connection failed. No response from server.: 
Connection failed. No response from server.: 
Connection failed. No response from server.: 
Connection failed. No response from server.: 
Connection failed. No response from server.: 
Connection failed. No response from server.: 
Connection failed. No response from server.: 
Connection failed. No response from server.: 
Connection failed. No response from server.: 
Connection failed. No response from server.: 
Connection failed. No response from server.: 
Connection failed. No response from server.: 
Connection failed. No response from server.: 
Connection failed. No response from server.: 
Connection failed. No response from server.: 
Connection failed. No response from server.: 
Connection failed. No response from server.: 
Connection failed. No response from server.: 
Connection failed. No response from server.: 
Connection failed. No response from server.: 
Connection failed. No response from server.: 
Connection failed. No response from server.: 
Connection failed. No response from server.: 
Connection failed. No response from server.: 
Connection failed. No response from server.: 
Connection failed. No response from server.: 
Connection failed. No response from server.: 
Connection failed. No response from server.: 
Connection failed. No response from server.: 
Connection failed. No response from server.: 
Connection failed. No response from server.: 
Connection failed. No response from server.: 
Connection failed. No response from server.: 
Connection failed. No response from server.: 
Connection failed. No response from server.: 
Connection failed. No response from server.: 
Connection failed. No response from server.: 
Connection failed. No response from server.: 
Connection failed. No response from server.: 
Connection failed. No response from server.: 
Connection failed. No response from server.: 
Connection failed. No response from server.: 
Connection failed. No response from server.: 
Connection failed. No response from server.: 
Connection failed. No response from server.: 
Connection failed. No response from server.: 
Connection failed. No response from server.: 
Connection failed. No response from server.: 
Connection failed. No response from server.: 
Connection failed. No response from server.: 
Connection failed. No response from server.: 
Connection failed. No response from server.: 
Connection failed. No response from server.: 
Connection failed. No response from server.: 
Connection failed. No response from server.: 
Connection failed. No response from server.: 
Connection failed. No response from server.: 
Connection failed. No response from server.: 
Connection failed. No response from server.: 
Connection failed. No response from server.: 
Connection failed. No response from server.: 
Connection failed. No response from server.: 
Connection failed. No response from server.: 
Connection failed. No response from server.: 
Connection failed. No response from server.: 
Connection failed. No response from server.: 
Connection failed. No response from server.: 
Connection failed. No response from server.: 
Connection failed. No response from server.: 
