input file is set to /home/ubuntu/whatsup/simulator/ec2-19.input
[2014-06-13 11:13:10:238]	1498 has sent 9% of his messages!
[2014-06-13 11:13:10:492]	1515 has sent 9% of his messages!
[2014-06-13 11:13:10:522]	1452 has sent 9% of his messages!
[2014-06-13 11:13:10:542]	1441 has sent 9% of his messages!
[2014-06-13 11:13:10:563]	1454 has sent 9% of his messages!
[2014-06-13 11:13:10:563]	1446 has sent 9% of his messages!
[2014-06-13 11:13:10:567]	1497 has sent 9% of his messages!
[2014-06-13 11:13:10:584]	1516 has sent 9% of his messages!
[2014-06-13 11:13:10:838]	1520 has sent 9% of his messages!
[2014-06-13 11:13:10:871]	1507 has sent 9% of his messages!
[2014-06-13 11:13:10:871]	1460 has sent 9% of his messages!
[2014-06-13 11:13:10:885]	1499 has sent 9% of his messages!
[2014-06-13 11:13:10:885]	1459 has sent 9% of his messages!
[2014-06-13 11:13:10:894]	1463 has sent 9% of his messages!
[2014-06-13 11:13:10:912]	1509 has sent 9% of his messages!
[2014-06-13 11:13:10:927]	1479 has sent 9% of his messages!
[2014-06-13 11:13:10:931]	1467 has sent 9% of his messages!
[2014-06-13 11:13:10:948]	1444 has sent 9% of his messages!
[2014-06-13 11:13:10:970]	1492 has sent 9% of his messages!
[2014-06-13 11:13:10:972]	1491 has sent 9% of his messages!
[2014-06-13 11:13:10:976]	1481 has sent 9% of his messages!
[2014-06-13 11:13:11:14]	1519 has sent 9% of his messages!
[2014-06-13 11:13:11:15]	1506 has sent 9% of his messages!
[2014-06-13 11:13:11:20]	1447 has sent 9% of his messages!
[2014-06-13 11:13:11:25]	1482 has sent 9% of his messages!
[2014-06-13 11:13:11:40]	1443 has sent 9% of his messages!
[2014-06-13 11:13:11:57]	1480 has sent 9% of his messages!
[2014-06-13 11:13:11:82]	1488 has sent 9% of his messages!
[2014-06-13 11:13:11:96]	1503 has sent 9% of his messages!
[2014-06-13 11:13:11:102]	1456 has sent 9% of his messages!
[2014-06-13 11:13:11:121]	1495 has sent 9% of his messages!
[2014-06-13 11:13:11:140]	1494 has sent 9% of his messages!
[2014-06-13 11:13:11:156]	1502 has sent 9% of his messages!
[2014-06-13 11:13:11:174]	1458 has sent 9% of his messages!
[2014-06-13 11:13:11:180]	1477 has sent 9% of his messages!
[2014-06-13 11:13:11:193]	1487 has sent 9% of his messages!
[2014-06-13 11:13:11:577]	1455 has sent 9% of his messages!
[2014-06-13 11:13:11:607]	1511 has sent 9% of his messages!
[2014-06-13 11:13:11:608]	1472 has sent 9% of his messages!
[2014-06-13 11:13:11:611]	1500 has sent 9% of his messages!
[2014-06-13 11:13:11:660]	1496 has sent 9% of his messages!
[2014-06-13 11:13:11:683]	1468 has sent 9% of his messages!
[2014-06-13 11:13:11:711]	1466 has sent 9% of his messages!
[2014-06-13 11:13:12:203]	1510 has sent 9% of his messages!
[2014-06-13 11:13:12:222]	1484 has sent 9% of his messages!
[2014-06-13 11:13:12:259]	1465 has sent 9% of his messages!
[2014-06-13 11:13:12:263]	1464 has sent 9% of his messages!
[2014-06-13 11:13:12:263]	1453 has sent 9% of his messages!
[2014-06-13 11:13:12:278]	1518 has sent 9% of his messages!
[2014-06-13 11:13:12:281]	1474 has sent 9% of his messages!
[2014-06-13 11:13:12:283]	1471 has sent 9% of his messages!
[2014-06-13 11:13:12:286]	1493 has sent 9% of his messages!
[2014-06-13 11:13:12:295]	1508 has sent 9% of his messages!
[2014-06-13 11:13:12:295]	1449 has sent 9% of his messages!
[2014-06-13 11:13:12:299]	1457 has sent 9% of his messages!
[2014-06-13 11:13:12:311]	1504 has sent 9% of his messages!
[2014-06-13 11:13:12:315]	1448 has sent 9% of his messages!
[2014-06-13 11:13:12:327]	1442 has sent 9% of his messages!
[2014-06-13 11:13:12:331]	1462 has sent 9% of his messages!
[2014-06-13 11:13:12:335]	1461 has sent 9% of his messages!
[2014-06-13 11:13:12:747]	1469 has sent 9% of his messages!
[2014-06-13 11:13:12:751]	1489 has sent 9% of his messages!
[2014-06-13 11:13:12:755]	1445 has sent 9% of his messages!
[2014-06-13 11:13:12:769]	1478 has sent 9% of his messages!
[2014-06-13 11:13:12:771]	1514 has sent 9% of his messages!
[2014-06-13 11:13:12:775]	1517 has sent 9% of his messages!
[2014-06-13 11:13:12:777]	1451 has sent 9% of his messages!
[2014-06-13 11:13:12:798]	1490 has sent 9% of his messages!
[2014-06-13 11:13:12:811]	1505 has sent 9% of his messages!
[2014-06-13 11:13:12:811]	1470 has sent 9% of his messages!
[2014-06-13 11:13:12:815]	1513 has sent 9% of his messages!
[2014-06-13 11:13:12:819]	1476 has sent 9% of his messages!
[2014-06-13 11:13:12:834]	1486 has sent 9% of his messages!
[2014-06-13 11:13:12:835]	1501 has sent 9% of his messages!
[2014-06-13 11:13:13:122]	1450 has sent 9% of his messages!
[2014-06-13 11:13:14:478]	1514 has sent 19% of his messages!
[2014-06-13 11:13:15:829]	1456 has sent 19% of his messages!
[2014-06-13 11:13:15:875]	1511 has sent 19% of his messages!
[2014-06-13 11:13:15:898]	1504 has sent 19% of his messages!
[2014-06-13 11:13:16:332]	1459 has sent 19% of his messages!
[2014-06-13 11:13:16:979]	1449 has sent 19% of his messages!
[2014-06-13 11:13:17:68]	1443 has sent 19% of his messages!
[2014-06-13 11:13:17:72]	1495 has sent 19% of his messages!
[2014-06-13 11:13:17:153]	1476 has sent 19% of his messages!
[2014-06-13 11:13:17:293]	1489 has sent 19% of his messages!
[2014-06-13 11:13:17:400]	1492 has sent 19% of his messages!
[2014-06-13 11:13:17:794]	1519 has sent 19% of his messages!
[2014-06-13 11:13:17:890]	1461 has sent 19% of his messages!
[2014-06-13 11:13:17:999]	1497 has sent 19% of his messages!
[2014-06-13 11:13:18:92]	1457 has sent 19% of his messages!
[2014-06-13 11:13:18:165]	1442 has sent 19% of his messages!
[2014-06-13 11:13:18:289]	1478 has sent 19% of his messages!
[2014-06-13 11:13:18:337]	1452 has sent 19% of his messages!
[2014-06-13 11:13:18:446]	1448 has sent 19% of his messages!
[2014-06-13 11:13:18:447]	1464 has sent 19% of his messages!
[2014-06-13 11:13:18:502]	1464 has sent 29% of his messages!
[2014-06-13 11:13:18:518]	1460 has sent 19% of his messages!
[2014-06-13 11:13:18:541]	1453 has sent 19% of his messages!
[2014-06-13 11:13:18:598]	1453 has sent 29% of his messages!
[2014-06-13 11:13:18:618]	1464 has sent 39% of his messages!
[2014-06-13 11:13:18:744]	1501 has sent 19% of his messages!
[2014-06-13 11:13:18:800]	1481 has sent 19% of his messages!
[2014-06-13 11:13:18:930]	1479 has sent 19% of his messages!
[2014-06-13 11:13:18:944]	1447 has sent 19% of his messages!
[2014-06-13 11:13:19:30]	1507 has sent 19% of his messages!
[2014-06-13 11:13:19:31]	1445 has sent 19% of his messages!
[2014-06-13 11:13:19:46]	1520 has sent 19% of his messages!
[2014-06-13 11:13:19:154]	1488 has sent 19% of his messages!
[2014-06-13 11:13:19:155]	1470 has sent 19% of his messages!
[2014-06-13 11:13:19:296]	1486 has sent 19% of his messages!
[2014-06-13 11:13:19:319]	1505 has sent 19% of his messages!
[2014-06-13 11:13:19:519]	1443 has sent 29% of his messages!
[2014-06-13 11:13:19:760]	1477 has sent 19% of his messages!
[2014-06-13 11:13:19:831]	1517 has sent 19% of his messages!
[2014-06-13 11:13:19:865]	1494 has sent 19% of his messages!
[2014-06-13 11:13:19:902]	1509 has sent 19% of his messages!
[2014-06-13 11:13:19:949]	1462 has sent 19% of his messages!
[2014-06-13 11:13:19:950]	1482 has sent 19% of his messages!
[2014-06-13 11:13:19:980]	1480 has sent 19% of his messages!
[2014-06-13 11:13:20:63]	1446 has sent 19% of his messages!
[2014-06-13 11:13:20:93]	1496 has sent 19% of his messages!
[2014-06-13 11:13:20:449]	1503 has sent 19% of his messages!
[2014-06-13 11:13:20:479]	1499 has sent 19% of his messages!
[2014-06-13 11:13:20:755]	1466 has sent 19% of his messages!
[2014-06-13 11:13:20:834]	1471 has sent 19% of his messages!
[2014-06-13 11:13:20:853]	1510 has sent 19% of his messages!
[2014-06-13 11:13:21:223]	1513 has sent 19% of his messages!
[2014-06-13 11:13:21:256]	1451 has sent 19% of his messages!
[2014-06-13 11:13:21:362]	1507 has sent 29% of his messages!
[2014-06-13 11:13:21:363]	1465 has sent 19% of his messages!
[2014-06-13 11:13:21:442]	1450 has sent 19% of his messages!
[2014-06-13 11:13:21:489]	1500 has sent 19% of his messages!
[2014-06-13 11:13:21:523]	1463 has sent 19% of his messages!
[2014-06-13 11:13:21:637]	1461 has sent 29% of his messages!
[2014-06-13 11:13:21:638]	1490 has sent 19% of his messages!
[2014-06-13 11:13:21:640]	1508 has sent 19% of his messages!
[2014-06-13 11:13:21:813]	1450 has sent 29% of his messages!
[2014-06-13 11:13:21:882]	1444 has sent 19% of his messages!
[2014-06-13 11:13:21:906]	1469 has sent 19% of his messages!
[2014-06-13 11:13:21:970]	1518 has sent 19% of his messages!
[2014-06-13 11:13:22:186]	1515 has sent 19% of his messages!
[2014-06-13 11:13:22:377]	1474 has sent 19% of his messages!
[2014-06-13 11:13:22:463]	1506 has sent 19% of his messages!
[2014-06-13 11:13:22:464]	1484 has sent 19% of his messages!
[2014-06-13 11:13:22:535]	1458 has sent 19% of his messages!
[2014-06-13 11:13:22:704]	1493 has sent 19% of his messages!
[2014-06-13 11:13:22:735]	1502 has sent 19% of his messages!
[2014-06-13 11:13:22:844]	1456 has sent 29% of his messages!
[2014-06-13 11:13:22:857]	1441 has sent 19% of his messages!
[2014-06-13 11:13:22:858]	1467 has sent 19% of his messages!
[2014-06-13 11:13:22:878]	1455 has sent 19% of his messages!
[2014-06-13 11:13:22:958]	1487 has sent 19% of his messages!
[2014-06-13 11:13:23:160]	1494 has sent 29% of his messages!
[2014-06-13 11:13:23:559]	1460 has sent 29% of his messages!
[2014-06-13 11:13:23:559]	1498 has sent 19% of his messages!
[2014-06-13 11:13:23:560]	1490 has sent 29% of his messages!
[2014-06-13 11:13:23:560]	1491 has sent 19% of his messages!
[2014-06-13 11:13:23:562]	1489 has sent 29% of his messages!
[2014-06-13 11:13:23:563]	1465 has sent 29% of his messages!
[2014-06-13 11:13:23:563]	1442 has sent 29% of his messages!
[2014-06-13 11:13:23:564]	1516 has sent 19% of his messages!
[2014-06-13 11:13:23:605]	1472 has sent 19% of his messages!
[2014-06-13 11:13:23:755]	1489 has sent 39% of his messages!
[2014-06-13 11:13:23:782]	1509 has sent 29% of his messages!
[2014-06-13 11:13:23:786]	1509 has sent 39% of his messages!
[2014-06-13 11:13:23:842]	1517 has sent 29% of his messages!
[2014-06-13 11:13:23:908]	1517 has sent 39% of his messages!
[2014-06-13 11:13:23:935]	1504 has sent 29% of his messages!
[2014-06-13 11:13:23:938]	1504 has sent 39% of his messages!
[2014-06-13 11:13:23:952]	1517 has sent 49% of his messages!
[2014-06-13 11:13:24:96]	1514 has sent 29% of his messages!
[2014-06-13 11:13:24:151]	1451 has sent 29% of his messages!
[2014-06-13 11:13:24:192]	1454 has sent 19% of his messages!
[2014-06-13 11:13:24:547]	1457 has sent 29% of his messages!
[2014-06-13 11:13:24:717]	1448 has sent 29% of his messages!
[2014-06-13 11:13:24:731]	1468 has sent 19% of his messages!
[2014-06-13 11:13:24:895]	1478 has sent 29% of his messages!
[2014-06-13 11:13:24:932]	1478 has sent 39% of his messages!
[2014-06-13 11:13:24:935]	1478 has sent 49% of his messages!
[2014-06-13 11:13:24:979]	1478 has sent 59% of his messages!
[2014-06-13 11:13:24:980]	1499 has sent 29% of his messages!
[2014-06-13 11:13:25:39]	1505 has sent 29% of his messages!
[2014-06-13 11:13:25:102]	1480 has sent 29% of his messages!
[2014-06-13 11:13:25:149]	1520 has sent 29% of his messages!
[2014-06-13 11:13:25:294]	1455 has sent 29% of his messages!
[2014-06-13 11:13:25:357]	1455 has sent 39% of his messages!
[2014-06-13 11:13:25:376]	1443 has sent 39% of his messages!
[2014-06-13 11:13:25:390]	1482 has sent 29% of his messages!
[2014-06-13 11:13:25:394]	1515 has sent 29% of his messages!
[2014-06-13 11:13:25:409]	1459 has sent 29% of his messages!
[2014-06-13 11:13:25:455]	1519 has sent 29% of his messages!
[2014-06-13 11:13:25:524]	1495 has sent 29% of his messages!
[2014-06-13 11:13:25:856]	1492 has sent 29% of his messages!
[2014-06-13 11:13:25:858]	1501 has sent 29% of his messages!
[2014-06-13 11:13:25:860]	1463 has sent 29% of his messages!
[2014-06-13 11:13:26:29]	1456 has sent 39% of his messages!
[2014-06-13 11:13:26:49]	1488 has sent 29% of his messages!
[2014-06-13 11:13:26:119]	1466 has sent 29% of his messages!
[2014-06-13 11:13:26:308]	1496 has sent 29% of his messages!
[2014-06-13 11:13:26:331]	1476 has sent 29% of his messages!
[2014-06-13 11:13:26:393]	1446 has sent 29% of his messages!
[2014-06-13 11:13:26:527]	1518 has sent 29% of his messages!
[2014-06-13 11:13:26:567]	1477 has sent 29% of his messages!
[2014-06-13 11:13:26:673]	1487 has sent 29% of his messages!
[2014-06-13 11:13:26:792]	1444 has sent 29% of his messages!
[2014-06-13 11:13:26:807]	1500 has sent 29% of his messages!
[2014-06-13 11:13:26:918]	1468 has sent 29% of his messages!
[2014-06-13 11:13:26:961]	1468 has sent 39% of his messages!
[2014-06-13 11:13:27:22]	1462 has sent 29% of his messages!
[2014-06-13 11:13:27:75]	1484 has sent 29% of his messages!
[2014-06-13 11:13:27:147]	1494 has sent 39% of his messages!
[2014-06-13 11:13:27:413]	1510 has sent 29% of his messages!
[2014-06-13 11:13:27:453]	1452 has sent 29% of his messages!
[2014-06-13 11:13:27:525]	1510 has sent 39% of his messages!
[2014-06-13 11:13:27:542]	1510 has sent 49% of his messages!
[2014-06-13 11:13:27:560]	1495 has sent 39% of his messages!
[2014-06-13 11:13:27:563]	1495 has sent 49% of his messages!
[2014-06-13 11:13:27:582]	1460 has sent 39% of his messages!
[2014-06-13 11:13:27:598]	1460 has sent 49% of his messages!
[2014-06-13 11:13:27:675]	1469 has sent 29% of his messages!
[2014-06-13 11:13:27:676]	1457 has sent 39% of his messages!
[2014-06-13 11:13:27:710]	1506 has sent 29% of his messages!
[2014-06-13 11:13:27:761]	1472 has sent 29% of his messages!
[2014-06-13 11:13:27:815]	1442 has sent 39% of his messages!
[2014-06-13 11:13:27:853]	1518 has sent 39% of his messages!
[2014-06-13 11:13:27:893]	1471 has sent 29% of his messages!
[2014-06-13 11:13:27:921]	1498 has sent 29% of his messages!
[2014-06-13 11:13:27:961]	1508 has sent 29% of his messages!
[2014-06-13 11:13:27:962]	1514 has sent 39% of his messages!
[2014-06-13 11:13:28:13]	1476 has sent 39% of his messages!
[2014-06-13 11:13:28:48]	1520 has sent 39% of his messages!
[2014-06-13 11:13:28:98]	1492 has sent 39% of his messages!
[2014-06-13 11:13:28:276]	1472 has sent 39% of his messages!
[2014-06-13 11:13:28:276]	1452 has sent 39% of his messages!
[2014-06-13 11:13:28:281]	1474 has sent 29% of his messages!
[2014-06-13 11:13:28:282]	1459 has sent 39% of his messages!
[2014-06-13 11:13:28:299]	1480 has sent 39% of his messages!
[2014-06-13 11:13:28:323]	1448 has sent 39% of his messages!
[2014-06-13 11:13:28:339]	1488 has sent 39% of his messages!
[2014-06-13 11:13:28:343]	1513 has sent 29% of his messages!
[2014-06-13 11:13:28:420]	1456 has sent 49% of his messages!
[2014-06-13 11:13:28:423]	1456 has sent 59% of his messages!
[2014-06-13 11:13:28:435]	1491 has sent 29% of his messages!
[2014-06-13 11:13:28:456]	1493 has sent 29% of his messages!
[2014-06-13 11:13:28:488]	1506 has sent 39% of his messages!
[2014-06-13 11:13:28:495]	1498 has sent 39% of his messages!
[2014-06-13 11:13:28:551]	1498 has sent 49% of his messages!
[2014-06-13 11:13:28:566]	1461 has sent 39% of his messages!
[2014-06-13 11:13:28:651]	1506 has sent 49% of his messages!
[2014-06-13 11:13:28:688]	1463 has sent 39% of his messages!
[2014-06-13 11:13:28:691]	1463 has sent 49% of his messages!
[2014-06-13 11:13:28:772]	1501 has sent 39% of his messages!
[2014-06-13 11:13:28:783]	1513 has sent 39% of his messages!
[2014-06-13 11:13:28:849]	1502 has sent 29% of his messages!
[2014-06-13 11:13:28:856]	1454 has sent 29% of his messages!
[2014-06-13 11:13:28:981]	1471 has sent 39% of his messages!
[2014-06-13 11:13:28:983]	1477 has sent 39% of his messages!
[2014-06-13 11:13:28:995]	1461 has sent 49% of his messages!
[2014-06-13 11:13:29:116]	1459 has sent 49% of his messages!
[2014-06-13 11:13:29:393]	1446 has sent 39% of his messages!
[2014-06-13 11:13:29:488]	1500 has sent 39% of his messages!
[2014-06-13 11:13:29:561]	1462 has sent 39% of his messages!
[2014-06-13 11:13:29:752]	1519 has sent 39% of his messages!
[2014-06-13 11:13:29:766]	1469 has sent 39% of his messages!
[2014-06-13 11:13:29:868]	1488 has sent 49% of his messages!
[2014-06-13 11:13:30:102]	1477 has sent 49% of his messages!
[2014-06-13 11:13:30:132]	1454 has sent 39% of his messages!
[2014-06-13 11:13:30:134]	1502 has sent 39% of his messages!
[2014-06-13 11:13:30:135]	1471 has sent 49% of his messages!
[2014-06-13 11:13:30:137]	1457 has sent 49% of his messages!
[2014-06-13 11:13:30:174]	1491 has sent 39% of his messages!
[2014-06-13 11:13:30:230]	1471 has sent 59% of his messages!
[2014-06-13 11:13:30:273]	1454 has sent 49% of his messages!
[2014-06-13 11:13:30:276]	1459 has sent 59% of his messages!
[2014-06-13 11:13:30:320]	1461 has sent 59% of his messages!
[2014-06-13 11:13:30:342]	1488 has sent 59% of his messages!
[2014-06-13 11:13:30:452]	1502 has sent 49% of his messages!
[2014-06-13 11:13:30:477]	1446 has sent 49% of his messages!
[2014-06-13 11:13:30:481]	1457 has sent 59% of his messages!
[2014-06-13 11:13:30:482]	1461 has sent 69% of his messages!
[2014-06-13 11:13:30:632]	1469 has sent 49% of his messages!
[2014-06-13 11:13:30:730]	1469 has sent 59% of his messages!
[2014-06-13 11:13:30:733]	1488 has sent 69% of his messages!
[2014-06-13 11:13:30:751]	1500 has sent 49% of his messages!
[2014-06-13 11:13:30:824]	1459 has sent 69% of his messages!
[2014-06-13 11:13:30:826]	1471 has sent 69% of his messages!
[2014-06-13 11:13:30:843]	1491 has sent 49% of his messages!
[2014-06-13 11:13:30:856]	1454 has sent 59% of his messages!
[2014-06-13 11:13:30:881]	1471 has sent 79% of his messages!
[2014-06-13 11:13:31:62]	1461 has sent 79% of his messages!
[2014-06-13 11:13:31:148]	1446 has sent 59% of his messages!
[2014-06-13 11:13:31:152]	1469 has sent 69% of his messages!
[2014-06-13 11:13:31:232]	1471 has sent 89% of his messages!
[2014-06-13 11:13:31:259]	1500 has sent 59% of his messages!
[2014-06-13 11:13:31:314]	1471 has sent 99% of his messages!
[2014-06-13 11:13:31:373]	1488 has sent 79% of his messages!
[2014-06-13 11:13:31:419]	1502 has sent 59% of his messages!
[2014-06-13 11:13:31:423]	1459 has sent 79% of his messages!
[2014-06-13 11:13:31:425]	1491 has sent 59% of his messages!
[2014-06-13 11:13:31:448]	1491 has sent 69% of his messages!
[2014-06-13 11:13:31:531]	1491 has sent 79% of his messages!
[2014-06-13 11:13:31:534]	1491 has sent 89% of his messages!
[2014-06-13 11:13:31:536]	1500 has sent 69% of his messages!
[2014-06-13 11:13:31:539]	1461 has sent 89% of his messages!
[2014-06-13 11:13:31:592]	1454 has sent 69% of his messages!
[2014-06-13 11:13:31:672]	1469 has sent 79% of his messages!
[2014-06-13 11:13:31:688]	1488 has sent 89% of his messages!
[2014-06-13 11:13:31:700]	1461 has sent 99% of his messages!
[2014-06-13 11:13:31:750]	1446 has sent 69% of his messages!
[2014-06-13 11:13:31:788]	1454 has sent 79% of his messages!
[2014-06-13 11:13:31:868]	1469 has sent 89% of his messages!
[2014-06-13 11:13:31:896]	1459 has sent 89% of his messages!
[2014-06-13 11:13:31:974]	1488 has sent 99% of his messages!
[2014-06-13 11:13:32:6]	1446 has sent 79% of his messages!
[2014-06-13 11:13:32:60]	1459 has sent 99% of his messages!
[2014-06-13 11:13:32:87]	1500 has sent 79% of his messages!
[2014-06-13 11:13:32:214]	1502 has sent 69% of his messages!
[2014-06-13 11:13:32:280]	1469 has sent 99% of his messages!
[2014-06-13 11:13:32:281]	1454 has sent 89% of his messages!
[2014-06-13 11:13:32:455]	1502 has sent 79% of his messages!
[2014-06-13 11:13:32:474]	1500 has sent 89% of his messages!
[2014-06-13 11:13:32:525]	1446 has sent 89% of his messages!
[2014-06-13 11:13:32:536]	1502 has sent 89% of his messages!
[2014-06-13 11:13:32:572]	1502 has sent 99% of his messages!
[2014-06-13 11:13:32:686]	1446 has sent 99% of his messages!
[2014-06-13 11:13:32:719]	1500 has sent 99% of his messages!
[2014-06-13 11:13:32:747]	1454 has sent 99% of his messages!
[2014-06-13 11:17:59:367]	1520 has sent 49% of his messages!
Total time: 538545ms
[2014-06-13 11:21:15:841]	Terminated successfully
[2014-06-13 11:21:15:842]	Failures: 221808 - Total: 400000
