input file is set to /home/ubuntu/whatsup/simulator/ec2-14.input
[2014-06-13 11:13:6:605]	1050 has sent 9% of his messages!
[2014-06-13 11:13:7:202]	1115 has sent 9% of his messages!
[2014-06-13 11:13:7:228]	1058 has sent 9% of his messages!
[2014-06-13 11:13:7:289]	1057 has sent 9% of his messages!
[2014-06-13 11:13:7:331]	1070 has sent 9% of his messages!
[2014-06-13 11:13:7:333]	1113 has sent 9% of his messages!
[2014-06-13 11:13:7:349]	1079 has sent 9% of his messages!
[2014-06-13 11:13:7:359]	1111 has sent 9% of his messages!
[2014-06-13 11:13:7:370]	1101 has sent 9% of his messages!
[2014-06-13 11:13:7:374]	1086 has sent 9% of his messages!
[2014-06-13 11:13:7:394]	1100 has sent 9% of his messages!
[2014-06-13 11:13:7:412]	1109 has sent 9% of his messages!
[2014-06-13 11:13:7:418]	1117 has sent 9% of his messages!
[2014-06-13 11:13:7:422]	1107 has sent 9% of his messages!
[2014-06-13 11:13:7:440]	1069 has sent 9% of his messages!
[2014-06-13 11:13:7:443]	1104 has sent 9% of his messages!
[2014-06-13 11:13:7:445]	1063 has sent 9% of his messages!
[2014-06-13 11:13:7:471]	1103 has sent 9% of his messages!
[2014-06-13 11:13:7:520]	1078 has sent 9% of his messages!
[2014-06-13 11:13:7:554]	1102 has sent 9% of his messages!
[2014-06-13 11:13:7:556]	1046 has sent 9% of his messages!
[2014-06-13 11:13:7:627]	1075 has sent 9% of his messages!
[2014-06-13 11:13:7:640]	1077 has sent 9% of his messages!
[2014-06-13 11:13:7:664]	1051 has sent 9% of his messages!
[2014-06-13 11:13:7:680]	1065 has sent 9% of his messages!
[2014-06-13 11:13:7:715]	1092 has sent 9% of his messages!
[2014-06-13 11:13:7:843]	1074 has sent 9% of his messages!
[2014-06-13 11:13:7:847]	1062 has sent 9% of his messages!
[2014-06-13 11:13:7:862]	1097 has sent 9% of his messages!
[2014-06-13 11:13:7:879]	1094 has sent 9% of his messages!
[2014-06-13 11:13:7:905]	1081 has sent 9% of his messages!
[2014-06-13 11:13:7:922]	1044 has sent 9% of his messages!
[2014-06-13 11:13:7:945]	1095 has sent 9% of his messages!
[2014-06-13 11:13:7:951]	1073 has sent 9% of his messages!
[2014-06-13 11:13:7:951]	1088 has sent 9% of his messages!
[2014-06-13 11:13:7:953]	1053 has sent 9% of his messages!
[2014-06-13 11:13:7:954]	1055 has sent 9% of his messages!
[2014-06-13 11:13:7:967]	1096 has sent 9% of his messages!
[2014-06-13 11:13:7:971]	1049 has sent 9% of his messages!
[2014-06-13 11:13:7:991]	1106 has sent 9% of his messages!
[2014-06-13 11:13:7:995]	1105 has sent 9% of his messages!
[2014-06-13 11:13:8:21]	1089 has sent 9% of his messages!
[2014-06-13 11:13:8:57]	1066 has sent 9% of his messages!
[2014-06-13 11:13:8:62]	1042 has sent 9% of his messages!
[2014-06-13 11:13:8:101]	1114 has sent 9% of his messages!
[2014-06-13 11:13:8:108]	1099 has sent 9% of his messages!
[2014-06-13 11:13:8:122]	1045 has sent 9% of his messages!
[2014-06-13 11:13:8:125]	1041 has sent 9% of his messages!
[2014-06-13 11:13:8:138]	1119 has sent 9% of his messages!
[2014-06-13 11:13:8:154]	1085 has sent 9% of his messages!
[2014-06-13 11:13:8:156]	1054 has sent 9% of his messages!
[2014-06-13 11:13:8:161]	1093 has sent 9% of his messages!
[2014-06-13 11:13:8:466]	1082 has sent 9% of his messages!
[2014-06-13 11:13:8:510]	1061 has sent 9% of his messages!
[2014-06-13 11:13:8:514]	1116 has sent 9% of his messages!
[2014-06-13 11:13:8:693]	1052 has sent 9% of his messages!
[2014-06-13 11:13:8:736]	1090 has sent 9% of his messages!
[2014-06-13 11:13:8:756]	1060 has sent 9% of his messages!
[2014-06-13 11:13:8:768]	1083 has sent 9% of his messages!
[2014-06-13 11:13:9:97]	1048 has sent 9% of his messages!
[2014-06-13 11:13:9:183]	1087 has sent 9% of his messages!
[2014-06-13 11:13:9:194]	1084 has sent 9% of his messages!
[2014-06-13 11:13:9:213]	1064 has sent 9% of his messages!
[2014-06-13 11:13:9:357]	1104 has sent 19% of his messages!
[2014-06-13 11:13:9:469]	1056 has sent 9% of his messages!
[2014-06-13 11:13:9:526]	1064 has sent 19% of his messages!
[2014-06-13 11:13:9:662]	1094 has sent 19% of his messages!
[2014-06-13 11:13:9:702]	1085 has sent 19% of his messages!
[2014-06-13 11:13:10:307]	1042 has sent 19% of his messages!
[2014-06-13 11:13:10:812]	1056 has sent 19% of his messages!
[2014-06-13 11:13:11:396]	1058 has sent 19% of his messages!
[2014-06-13 11:13:11:606]	1116 has sent 19% of his messages!
[2014-06-13 11:13:11:925]	1113 has sent 19% of his messages!
[2014-06-13 11:13:12:63]	1082 has sent 19% of his messages!
[2014-06-13 11:13:12:76]	1117 has sent 19% of his messages!
[2014-06-13 11:13:12:112]	1079 has sent 19% of his messages!
[2014-06-13 11:13:12:342]	1078 has sent 19% of his messages!
[2014-06-13 11:13:12:611]	1093 has sent 19% of his messages!
[2014-06-13 11:13:12:728]	1096 has sent 19% of his messages!
[2014-06-13 11:13:12:884]	1084 has sent 19% of his messages!
[2014-06-13 11:13:12:957]	1101 has sent 19% of his messages!
[2014-06-13 11:13:12:980]	1048 has sent 19% of his messages!
[2014-06-13 11:13:13:74]	1061 has sent 19% of his messages!
[2014-06-13 11:13:13:89]	1060 has sent 19% of his messages!
[2014-06-13 11:13:13:269]	1062 has sent 19% of his messages!
[2014-06-13 11:13:13:408]	1107 has sent 19% of his messages!
[2014-06-13 11:13:13:641]	1046 has sent 19% of his messages!
[2014-06-13 11:13:13:673]	1103 has sent 19% of his messages!
[2014-06-13 11:13:13:688]	1041 has sent 19% of his messages!
[2014-06-13 11:13:13:689]	1086 has sent 19% of his messages!
[2014-06-13 11:13:13:752]	1088 has sent 19% of his messages!
[2014-06-13 11:13:13:771]	1087 has sent 19% of his messages!
[2014-06-13 11:13:13:911]	1049 has sent 19% of his messages!
[2014-06-13 11:13:13:964]	1106 has sent 19% of his messages!
[2014-06-13 11:13:14:180]	1074 has sent 19% of his messages!
[2014-06-13 11:13:14:274]	1100 has sent 19% of his messages!
[2014-06-13 11:13:14:275]	1054 has sent 19% of his messages!
[2014-06-13 11:13:14:276]	1066 has sent 19% of his messages!
[2014-06-13 11:13:14:277]	1063 has sent 19% of his messages!
[2014-06-13 11:13:14:341]	1050 has sent 19% of his messages!
[2014-06-13 11:13:14:365]	1119 has sent 19% of his messages!
[2014-06-13 11:13:14:438]	1069 has sent 19% of his messages!
[2014-06-13 11:13:14:550]	1109 has sent 19% of his messages!
[2014-06-13 11:13:14:690]	1105 has sent 19% of his messages!
[2014-06-13 11:13:14:694]	1055 has sent 19% of his messages!
[2014-06-13 11:13:14:730]	1117 has sent 29% of his messages!
[2014-06-13 11:13:14:735]	1092 has sent 19% of his messages!
[2014-06-13 11:13:14:842]	1093 has sent 29% of his messages!
[2014-06-13 11:13:15:143]	1056 has sent 29% of his messages!
[2014-06-13 11:13:15:520]	1065 has sent 19% of his messages!
[2014-06-13 11:13:15:540]	1089 has sent 19% of his messages!
[2014-06-13 11:13:15:704]	1079 has sent 29% of his messages!
[2014-06-13 11:13:15:706]	1102 has sent 19% of his messages!
[2014-06-13 11:13:15:789]	1073 has sent 19% of his messages!
[2014-06-13 11:13:15:876]	1103 has sent 29% of his messages!
[2014-06-13 11:13:15:884]	1062 has sent 29% of his messages!
[2014-06-13 11:13:16:95]	1089 has sent 29% of his messages!
[2014-06-13 11:13:16:202]	1087 has sent 29% of his messages!
[2014-06-13 11:13:16:444]	1107 has sent 29% of his messages!
[2014-06-13 11:13:16:594]	1088 has sent 29% of his messages!
[2014-06-13 11:13:16:661]	1065 has sent 29% of his messages!
[2014-06-13 11:13:16:742]	1096 has sent 29% of his messages!
[2014-06-13 11:13:16:745]	1093 has sent 39% of his messages!
[2014-06-13 11:13:16:759]	1041 has sent 29% of his messages!
[2014-06-13 11:13:16:759]	1074 has sent 29% of his messages!
[2014-06-13 11:13:16:813]	1119 has sent 29% of his messages!
[2014-06-13 11:13:16:910]	1113 has sent 29% of his messages!
[2014-06-13 11:13:16:972]	1082 has sent 29% of his messages!
[2014-06-13 11:13:17:66]	1046 has sent 29% of his messages!
[2014-06-13 11:13:17:185]	1054 has sent 29% of his messages!
[2014-06-13 11:13:17:195]	1060 has sent 29% of his messages!
[2014-06-13 11:13:17:381]	1105 has sent 29% of his messages!
[2014-06-13 11:13:17:525]	1061 has sent 29% of his messages!
[2014-06-13 11:13:17:576]	1066 has sent 29% of his messages!
[2014-06-13 11:13:17:615]	1106 has sent 29% of his messages!
[2014-06-13 11:13:17:673]	1063 has sent 29% of his messages!
[2014-06-13 11:13:17:676]	1100 has sent 29% of his messages!
[2014-06-13 11:13:17:755]	1062 has sent 39% of his messages!
[2014-06-13 11:13:17:796]	1045 has sent 19% of his messages!
[2014-06-13 11:13:17:892]	1049 has sent 29% of his messages!
[2014-06-13 11:13:18:186]	1061 has sent 39% of his messages!
[2014-06-13 11:13:18:218]	1061 has sent 49% of his messages!
[2014-06-13 11:13:18:235]	1061 has sent 59% of his messages!
[2014-06-13 11:13:18:252]	1117 has sent 39% of his messages!
[2014-06-13 11:13:18:302]	1109 has sent 29% of his messages!
[2014-06-13 11:13:18:380]	1069 has sent 29% of his messages!
[2014-06-13 11:13:18:611]	1086 has sent 29% of his messages!
[2014-06-13 11:13:18:638]	1050 has sent 29% of his messages!
[2014-06-13 11:13:18:830]	1092 has sent 29% of his messages!
[2014-06-13 11:13:18:837]	1073 has sent 29% of his messages!
[2014-06-13 11:13:19:21]	1103 has sent 39% of his messages!
[2014-06-13 11:13:19:49]	1107 has sent 39% of his messages!
[2014-06-13 11:13:19:162]	1079 has sent 39% of his messages!
[2014-06-13 11:13:19:167]	1089 has sent 39% of his messages!
[2014-06-13 11:13:19:227]	1041 has sent 39% of his messages!
[2014-06-13 11:13:19:238]	1041 has sent 49% of his messages!
[2014-06-13 11:13:19:242]	1054 has sent 39% of his messages!
[2014-06-13 11:13:19:255]	1105 has sent 39% of his messages!
[2014-06-13 11:13:19:373]	1087 has sent 39% of his messages!
[2014-06-13 11:13:19:471]	1056 has sent 39% of his messages!
[2014-06-13 11:13:19:477]	1055 has sent 29% of his messages!
[2014-06-13 11:13:19:497]	1106 has sent 39% of his messages!
[2014-06-13 11:13:19:596]	1102 has sent 29% of his messages!
[2014-06-13 11:13:19:650]	1093 has sent 49% of his messages!
[2014-06-13 11:13:19:652]	1074 has sent 39% of his messages!
[2014-06-13 11:13:19:656]	1060 has sent 39% of his messages!
[2014-06-13 11:13:19:671]	1089 has sent 49% of his messages!
[2014-06-13 11:13:20:155]	1066 has sent 39% of his messages!
[2014-06-13 11:13:20:231]	1069 has sent 39% of his messages!
[2014-06-13 11:13:20:235]	1050 has sent 39% of his messages!
[2014-06-13 11:13:20:279]	1113 has sent 39% of his messages!
[2014-06-13 11:13:20:366]	1119 has sent 39% of his messages!
[2014-06-13 11:13:20:417]	1062 has sent 49% of his messages!
[2014-06-13 11:13:20:598]	1100 has sent 39% of his messages!
[2014-06-13 11:13:20:709]	1093 has sent 59% of his messages!
[2014-06-13 11:13:20:728]	1082 has sent 39% of his messages!
[2014-06-13 11:13:20:745]	1088 has sent 39% of his messages!
[2014-06-13 11:13:20:798]	1087 has sent 49% of his messages!
[2014-06-13 11:13:20:903]	1063 has sent 39% of his messages!
[2014-06-13 11:13:20:917]	1046 has sent 39% of his messages!
[2014-06-13 11:13:20:919]	1073 has sent 39% of his messages!
[2014-06-13 11:13:21:61]	1050 has sent 49% of his messages!
[2014-06-13 11:13:21:199]	1049 has sent 39% of his messages!
[2014-06-13 11:13:21:293]	1109 has sent 39% of his messages!
[2014-06-13 11:13:21:329]	1092 has sent 39% of his messages!
[2014-06-13 11:13:21:436]	1060 has sent 49% of his messages!
[2014-06-13 11:13:21:530]	1045 has sent 29% of his messages!
[2014-06-13 11:13:21:660]	1092 has sent 49% of his messages!
[2014-06-13 11:13:21:664]	1092 has sent 59% of his messages!
[2014-06-13 11:13:21:774]	1054 has sent 49% of his messages!
[2014-06-13 11:13:21:789]	1106 has sent 49% of his messages!
[2014-06-13 11:13:21:859]	1113 has sent 49% of his messages!
[2014-06-13 11:13:21:909]	1096 has sent 39% of his messages!
[2014-06-13 11:13:22:14]	1086 has sent 39% of his messages!
[2014-06-13 11:13:22:38]	1056 has sent 49% of his messages!
[2014-06-13 11:13:22:269]	1102 has sent 39% of his messages!
[2014-06-13 11:13:22:284]	1089 has sent 59% of his messages!
[2014-06-13 11:13:22:307]	1066 has sent 49% of his messages!
[2014-06-13 11:13:22:480]	1119 has sent 49% of his messages!
[2014-06-13 11:13:22:497]	1062 has sent 59% of his messages!
[2014-06-13 11:13:22:498]	1105 has sent 49% of his messages!
[2014-06-13 11:13:22:518]	1107 has sent 49% of his messages!
[2014-06-13 11:13:22:563]	1050 has sent 59% of his messages!
[2014-06-13 11:13:22:686]	1046 has sent 49% of his messages!
[2014-06-13 11:13:22:697]	1113 has sent 59% of his messages!
[2014-06-13 11:13:22:845]	1055 has sent 39% of his messages!
[2014-06-13 11:13:22:907]	1054 has sent 59% of his messages!
[2014-06-13 11:13:22:942]	1055 has sent 49% of his messages!
[2014-06-13 11:13:22:973]	1093 has sent 69% of his messages!
[2014-06-13 11:13:23:55]	1103 has sent 49% of his messages!
[2014-06-13 11:13:23:110]	1102 has sent 49% of his messages!
[2014-06-13 11:13:23:165]	1087 has sent 59% of his messages!
[2014-06-13 11:13:23:292]	1089 has sent 69% of his messages!
[2014-06-13 11:13:23:377]	1079 has sent 49% of his messages!
[2014-06-13 11:13:23:499]	1060 has sent 59% of his messages!
[2014-06-13 11:13:23:504]	1109 has sent 49% of his messages!
[2014-06-13 11:13:23:540]	1100 has sent 49% of his messages!
[2014-06-13 11:13:23:573]	1063 has sent 49% of his messages!
[2014-06-13 11:13:23:660]	1045 has sent 39% of his messages!
[2014-06-13 11:13:23:791]	1088 has sent 49% of his messages!
[2014-06-13 11:13:23:911]	1046 has sent 59% of his messages!
[2014-06-13 11:13:23:927]	1105 has sent 59% of his messages!
[2014-06-13 11:13:24:31]	1062 has sent 69% of his messages!
[2014-06-13 11:13:24:81]	1086 has sent 49% of his messages!
[2014-06-13 11:13:24:86]	1103 has sent 59% of his messages!
[2014-06-13 11:13:24:137]	1093 has sent 79% of his messages!
[2014-06-13 11:13:24:187]	1107 has sent 59% of his messages!
[2014-06-13 11:13:24:190]	1066 has sent 59% of his messages!
[2014-06-13 11:13:24:244]	1045 has sent 49% of his messages!
[2014-06-13 11:13:24:267]	1050 has sent 69% of his messages!
[2014-06-13 11:13:24:323]	1096 has sent 49% of his messages!
[2014-06-13 11:13:24:376]	1102 has sent 59% of his messages!
[2014-06-13 11:13:24:520]	1107 has sent 69% of his messages!
[2014-06-13 11:13:24:562]	1056 has sent 59% of his messages!
[2014-06-13 11:13:24:590]	1088 has sent 59% of his messages!
[2014-06-13 11:13:24:696]	1106 has sent 59% of his messages!
[2014-06-13 11:13:24:833]	1046 has sent 69% of his messages!
[2014-06-13 11:13:24:890]	1087 has sent 69% of his messages!
[2014-06-13 11:13:24:923]	1050 has sent 79% of his messages!
[2014-06-13 11:13:24:952]	1119 has sent 59% of his messages!
[2014-06-13 11:13:24:969]	1060 has sent 69% of his messages!
[2014-06-13 11:13:24:987]	1054 has sent 69% of his messages!
[2014-06-13 11:13:25:52]	1107 has sent 79% of his messages!
[2014-06-13 11:13:25:67]	1086 has sent 59% of his messages!
[2014-06-13 11:13:25:153]	1079 has sent 59% of his messages!
[2014-06-13 11:13:25:165]	1088 has sent 69% of his messages!
[2014-06-13 11:13:25:240]	1109 has sent 59% of his messages!
[2014-06-13 11:13:25:311]	1088 has sent 79% of his messages!
[2014-06-13 11:13:25:590]	1103 has sent 69% of his messages!
[2014-06-13 11:13:25:705]	1089 has sent 79% of his messages!
[2014-06-13 11:13:25:725]	1060 has sent 79% of his messages!
[2014-06-13 11:13:25:812]	1079 has sent 69% of his messages!
[2014-06-13 11:13:25:817]	1056 has sent 69% of his messages!
[2014-06-13 11:13:25:844]	1100 has sent 59% of his messages!
[2014-06-13 11:13:25:849]	1050 has sent 89% of his messages!
[2014-06-13 11:13:25:851]	1054 has sent 79% of his messages!
[2014-06-13 11:13:25:880]	1089 has sent 89% of his messages!
[2014-06-13 11:13:25:894]	1103 has sent 79% of his messages!
[2014-06-13 11:13:25:930]	1056 has sent 79% of his messages!
[2014-06-13 11:13:25:945]	1105 has sent 69% of his messages!
[2014-06-13 11:13:25:961]	1045 has sent 59% of his messages!
[2014-06-13 11:13:26:109]	1093 has sent 89% of his messages!
[2014-06-13 11:13:26:151]	1119 has sent 69% of his messages!
[2014-06-13 11:13:26:160]	1046 has sent 79% of his messages!
[2014-06-13 11:13:26:260]	1079 has sent 79% of his messages!
[2014-06-13 11:13:26:518]	1089 has sent 99% of his messages!
[2014-06-13 11:13:26:535]	1066 has sent 69% of his messages!
[2014-06-13 11:13:26:540]	1119 has sent 79% of his messages!
[2014-06-13 11:13:26:725]	1066 has sent 79% of his messages!
[2014-06-13 11:13:26:727]	1079 has sent 89% of his messages!
[2014-06-13 11:13:26:727]	1103 has sent 89% of his messages!
[2014-06-13 11:13:26:745]	1106 has sent 69% of his messages!
[2014-06-13 11:13:26:821]	1045 has sent 69% of his messages!
[2014-06-13 11:13:26:822]	1102 has sent 69% of his messages!
[2014-06-13 11:13:26:823]	1105 has sent 79% of his messages!
[2014-06-13 11:13:26:839]	1087 has sent 79% of his messages!
[2014-06-13 11:13:26:853]	1093 has sent 99% of his messages!
[2014-06-13 11:13:26:855]	1046 has sent 89% of his messages!
[2014-06-13 11:13:26:903]	1119 has sent 89% of his messages!
[2014-06-13 11:13:26:953]	1107 has sent 89% of his messages!
[2014-06-13 11:13:26:967]	1056 has sent 89% of his messages!
[2014-06-13 11:13:26:967]	1109 has sent 69% of his messages!
[2014-06-13 11:13:26:982]	1054 has sent 89% of his messages!
[2014-06-13 11:13:26:987]	1060 has sent 89% of his messages!
[2014-06-13 11:13:27:38]	1106 has sent 79% of his messages!
[2014-06-13 11:13:27:146]	1045 has sent 79% of his messages!
[2014-06-13 11:13:27:213]	1106 has sent 89% of his messages!
[2014-06-13 11:13:27:227]	1045 has sent 89% of his messages!
[2014-06-13 11:13:27:228]	1056 has sent 99% of his messages!
[2014-06-13 11:13:27:258]	1100 has sent 69% of his messages!
[2014-06-13 11:13:27:375]	1103 has sent 99% of his messages!
[2014-06-13 11:13:27:433]	1107 has sent 99% of his messages!
[2014-06-13 11:13:27:501]	1087 has sent 89% of his messages!
[2014-06-13 11:13:27:526]	1109 has sent 79% of his messages!
[2014-06-13 11:13:27:539]	1105 has sent 89% of his messages!
[2014-06-13 11:13:27:542]	1105 has sent 99% of his messages!
[2014-06-13 11:13:27:665]	1046 has sent 99% of his messages!
[2014-06-13 11:13:27:681]	1102 has sent 79% of his messages!
[2014-06-13 11:13:27:692]	1106 has sent 99% of his messages!
[2014-06-13 11:13:27:776]	1054 has sent 99% of his messages!
[2014-06-13 11:13:27:885]	1102 has sent 89% of his messages!
[2014-06-13 11:13:27:944]	1066 has sent 89% of his messages!
[2014-06-13 11:13:27:963]	1100 has sent 79% of his messages!
[2014-06-13 11:13:28:41]	1100 has sent 89% of his messages!
[2014-06-13 11:13:28:61]	1079 has sent 99% of his messages!
[2014-06-13 11:13:28:77]	1050 has sent 99% of his messages!
[2014-06-13 11:13:28:92]	1100 has sent 99% of his messages!
Total time: 538473ms
[2014-06-13 11:21:11:964]	Terminated successfully
[2014-06-13 11:21:11:964]	Failures: 232806 - Total: 400000
