Jun 14, 2014 2:58:18 AM org.jivesoftware.smack.provider.UrlProviderFileInitializer initialize
INFO: Loading providers for file [classpath:META-INF/core.providers]
Jun 14, 2014 2:58:19 AM org.jivesoftware.smack.provider.UrlProviderFileInitializer initialize
INFO: Loading providers for file [classpath:META-INF/extension.providers]
Jun 14, 2014 2:58:29 AM org.jivesoftware.smack.PacketWriter writePackets
WARNING: Error flushing queue during shutdown, ignore and continue
Jun 14, 2014 2:58:30 AM org.jivesoftware.smack.PacketWriter writePackets
WARNING: Error flushing queue during shutdown, ignore and continue
Jun 14, 2014 2:58:31 AM org.jivesoftware.smack.PacketWriter writePackets
WARNING: Error flushing queue during shutdown, ignore and continue
Jun 14, 2014 2:58:32 AM org.jivesoftware.smack.PacketWriter writePackets
WARNING: Error flushing queue during shutdown, ignore and continue
error while connecting to the server: Connection failed. No response from server.: 
error while connecting to the server: Connection failed. No response from server.: 
error while connecting to the server: Connection failed. No response from server.: 
error while connecting to the server: Connection failed. No response from server.: 
error while connecting to the server: Connection failed. No response from server.: 
error while connecting to the server: Connection failed. No response from server.: 
error while connecting to the server: Connection failed. No response from server.: 
error while connecting to the server: Connection failed. No response from server.: 
error while connecting to the server: Connection failed. No response from server.: 
error while connecting to the server: Connection failed. No response from server.: 
error while connecting to the server: Connection failed. No response from server.: 
error while connecting to the server: Connection failed. No response from server.: 
error while connecting to the server: Connection failed. No response from server.: 
error while connecting to the server: Connection failed. No response from server.: 
error while connecting to the server: Connection failed. No response from server.: 
error while connecting to the server: Connection failed. No response from server.: 
error while connecting to the server: Connection failed. No response from server.: 
error while connecting to the server: Connection failed. No response from server.: 
error while connecting to the server: Connection failed. No response from server.: 
error while connecting to the server: Connection failed. No response from server.: 
error while connecting to the server: Connection failed. No response from server.: 
error while connecting to the server: Connection failed. No response from server.: 
error while connecting to the server: Connection failed. No response from server.: 
error while connecting to the server: Connection failed. No response from server.: 
error while connecting to the server: Connection failed. No response from server.: 
error while connecting to the server: Connection failed. No response from server.: 
error while connecting to the server: Connection failed. No response from server.: 
error while connecting to the server: Connection failed. No response from server.: 
error while connecting to the server: Connection failed. No response from server.: 
error while connecting to the server: Connection failed. No response from server.: 
error while connecting to the server: Connection failed. No response from server.: 
error while connecting to the server: Connection failed. No response from server.: 
error while connecting to the server: Connection failed. No response from server.: 
error while connecting to the server: Connection failed. No response from server.: 
error while connecting to the server: Connection failed. No response from server.: 
error while connecting to the server: Connection failed. No response from server.: 
error while connecting to the server: Connection failed. No response from server.: 
error while connecting to the server: Connection failed. No response from server.: 
error while connecting to the server: Connection failed. No response from server.: 
error while connecting to the server: Connection failed. No response from server.: 
error while connecting to the server: Connection failed. No response from server.: 
error while connecting to the server: Connection failed. No response from server.: 
error while connecting to the server: Connection failed. No response from server.: 
error while connecting to the server: Connection failed. No response from server.: 
error while connecting to the server: Connection failed. No response from server.: 
error while connecting to the server: Connection failed. No response from server.: 
error while connecting to the server: Connection failed. No response from server.: 
error while connecting to the server: Connection failed. No response from server.: 
error while connecting to the server: Connection failed. No response from server.: 
error while connecting to the server: Connection failed. No response from server.: 
error while connecting to the server: Connection failed. No response from server.: 
error while connecting to the server: Connection failed. No response from server.: 
error while connecting to the server: Connection failed. No response from server.: 
error while connecting to the server: Connection failed. No response from server.: 
error while connecting to the server: Connection failed. No response from server.: 
error while connecting to the server: Connection failed. No response from server.: 
error while connecting to the server: Connection failed. No response from server.: 
error while connecting to the server: Connection failed. No response from server.: 
error while connecting to the server: Connection failed. No response from server.: 
error while connecting to the server: Connection failed. No response from server.: 
error while connecting to the server: Connection failed. No response from server.: 
error while connecting to the server: Connection failed. No response from server.: 
error while connecting to the server: Connection failed. No response from server.: 
error while connecting to the server: Connection failed. No response from server.: 
Jun 14, 2014 2:58:38 AM org.jivesoftware.smack.PacketWriter writePackets
WARNING: Error flushing queue during shutdown, ignore and continue
Jun 14, 2014 2:58:38 AM org.jivesoftware.smack.PacketWriter writePackets
WARNING: Error flushing queue during shutdown, ignore and continue
Jun 14, 2014 2:58:39 AM org.jivesoftware.smack.PacketWriter writePackets
WARNING: Error flushing queue during shutdown, ignore and continue
Jun 14, 2014 2:58:40 AM org.jivesoftware.smack.PacketWriter writePackets
WARNING: Error flushing queue during shutdown, ignore and continue
Jun 14, 2014 2:58:40 AM org.jivesoftware.smack.PacketWriter writePackets
WARNING: Error flushing queue during shutdown, ignore and continue
Jun 14, 2014 2:58:42 AM org.jivesoftware.smack.PacketWriter writePackets
WARNING: Error flushing queue during shutdown, ignore and continue
Connection failed. No response from server.: 
Jun 14, 2014 2:58:49 AM org.jivesoftware.smack.PacketWriter writePackets
WARNING: Error flushing queue during shutdown, ignore and continue
Connection failed. No response from server.: 
Connection failed. No response from server.: 
Connection failed. No response from server.: 
Connection failed. No response from server.: 
Connection failed. No response from server.: 
Connection failed. No response from server.: 
Connection failed. No response from server.: 
Connection failed. No response from server.: 
Connection failed. No response from server.: 
Connection failed. No response from server.: 
Connection failed. No response from server.: 
Connection failed. No response from server.: 
Connection failed. No response from server.: 
Connection failed. No response from server.: 
Connection failed. No response from server.: 
Connection failed. No response from server.: 
Connection failed. No response from server.: 
Connection failed. No response from server.: 
Connection failed. No response from server.: 
Connection failed. No response from server.: 
Connection failed. No response from server.: 
Connection failed. No response from server.: 
Connection failed. No response from server.: 
Connection failed. No response from server.: 
Connection failed. No response from server.: 
Connection failed. No response from server.: 
Connection failed. No response from server.: 
Connection failed. No response from server.: 
Connection failed. No response from server.: 
Connection failed. No response from server.: 
Connection failed. No response from server.: 
Connection failed. No response from server.: 
Connection failed. No response from server.: 
Connection failed. No response from server.: 
Connection failed. No response from server.: 
Connection failed. No response from server.: 
Connection failed. No response from server.: 
Connection failed. No response from server.: 
Connection failed. No response from server.: 
Connection failed. No response from server.: 
Connection failed. No response from server.: 
Connection failed. No response from server.: 
Connection failed. No response from server.: 
Connection failed. No response from server.: 
Connection failed. No response from server.: 
Connection failed. No response from server.: 
Connection failed. No response from server.: 
Connection failed. No response from server.: 
Connection failed. No response from server.: 
Connection failed. No response from server.: 
Connection failed. No response from server.: 
Connection failed. No response from server.: 
Connection failed. No response from server.: 
Connection failed. No response from server.: 
Jun 14, 2014 2:58:52 AM org.jivesoftware.smack.PacketWriter writePackets
WARNING: Error flushing queue during shutdown, ignore and continue
Connection failed. No response from server.: 
Connection failed. No response from server.: 
Connection failed. No response from server.: 
Connection failed. No response from server.: 
Connection failed. No response from server.: 
Jun 14, 2014 2:58:55 AM org.jivesoftware.smack.PacketWriter writePackets
WARNING: Error flushing queue during shutdown, ignore and continue
Connection failed. No response from server.: 
Connection failed. No response from server.: 
Connection failed. No response from server.: 
Connection failed. No response from server.: 
Connection failed. No response from server.: 
Connection failed. No response from server.: 
Connection failed. No response from server.: 
Connection failed. No response from server.: 
Connection failed. No response from server.: 
Connection failed. No response from server.: 
Connection failed. No response from server.: 
Connection failed. No response from server.: 
Connection failed. No response from server.: 
Connection failed. No response from server.: 
Connection failed. No response from server.: 
Connection failed. No response from server.: 
Connection failed. No response from server.: 
Connection failed. No response from server.: 
Connection failed. No response from server.: 
Connection failed. No response from server.: 
Connection failed. No response from server.: 
Connection failed. No response from server.: 
Connection failed. No response from server.: 
Connection failed. No response from server.: 
Connection failed. No response from server.: 
Connection failed. No response from server.: 
Connection failed. No response from server.: 
Connection failed. No response from server.: 
Connection failed. No response from server.: 
Connection failed. No response from server.: 
Connection failed. No response from server.: 
Connection failed. No response from server.: 
Connection failed. No response from server.: 
Connection failed. No response from server.: 
Connection failed. No response from server.: 
Connection failed. No response from server.: 
Connection failed. No response from server.: 
Connection failed. No response from server.: 
Connection failed. No response from server.: 
Connection failed. No response from server.: 
Connection failed. No response from server.: 
Connection failed. No response from server.: 
Connection failed. No response from server.: 
Connection failed. No response from server.: 
Connection failed. No response from server.: 
Connection failed. No response from server.: 
Connection failed. No response from server.: 
Connection failed. No response from server.: 
Connection failed. No response from server.: 
Connection failed. No response from server.: 
Connection failed. No response from server.: 
Connection failed. No response from server.: 
Connection failed. No response from server.: 
Connection failed. No response from server.: 
Connection failed. No response from server.: 
Connection failed. No response from server.: 
Connection failed. No response from server.: 
Connection failed. No response from server.: 
Connection failed. No response from server.: 
Connection failed. No response from server.: 
Connection failed. No response from server.: 
Connection failed. No response from server.: 
Connection failed. No response from server.: 
Connection failed. No response from server.: 
Connection failed. No response from server.: 
Connection failed. No response from server.: 
Connection failed. No response from server.: 
Connection failed. No response from server.: 
Connection failed. No response from server.: 
Connection failed. No response from server.: 
Connection failed. No response from server.: 
Connection failed. No response from server.: 
Connection failed. No response from server.: 
Connection failed. No response from server.: 
Connection failed. No response from server.: 
Connection failed. No response from server.: 
Connection failed. No response from server.: 
Connection failed. No response from server.: 
Connection failed. No response from server.: 
Connection failed. No response from server.: 
Connection failed. No response from server.: 
Connection failed. No response from server.: 
Connection failed. No response from server.: 
Connection failed. No response from server.: 
Connection failed. No response from server.: 
Connection failed. No response from server.: 
Connection failed. No response from server.: 
Connection failed. No response from server.: 
Connection failed. No response from server.: 
Connection failed. No response from server.: 
Connection failed. No response from server.: 
Connection failed. No response from server.: 
Connection failed. No response from server.: 
Connection failed. No response from server.: 
Connection failed. No response from server.: 
Connection failed. No response from server.: 
Connection failed. No response from server.: 
Connection failed. No response from server.: 
Connection failed. No response from server.: 
Connection failed. No response from server.: 
Connection failed. No response from server.: 
Connection failed. No response from server.: 
Connection failed. No response from server.: 
Connection failed. No response from server.: 
Connection failed. No response from server.: 
Connection failed. No response from server.: 
Connection failed. No response from server.: 
Connection failed. No response from server.: 
Connection failed. No response from server.: 
Connection failed. No response from server.: 
Connection failed. No response from server.: 
Connection failed. No response from server.: 
Connection failed. No response from server.: 
Connection failed. No response from server.: 
Connection failed. No response from server.: 
Connection failed. No response from server.: 
Connection failed. No response from server.: 
Connection failed. No response from server.: 
Connection failed. No response from server.: 
Connection failed. No response from server.: 
Connection failed. No response from server.: 
Connection failed. No response from server.: 
Connection failed. No response from server.: 
Connection failed. No response from server.: 
Connection failed. No response from server.: 
Connection failed. No response from server.: 
Connection failed. No response from server.: 
Connection failed. No response from server.: 
Connection failed. No response from server.: 
Connection failed. No response from server.: 
Connection failed. No response from server.: 
Connection failed. No response from server.: 
Connection failed. No response from server.: 
Connection failed. No response from server.: 
Connection failed. No response from server.: 
Connection failed. No response from server.: 
Connection failed. No response from server.: 
Connection failed. No response from server.: 
Connection failed. No response from server.: 
Connection failed. No response from server.: 
Connection failed. No response from server.: 
Connection failed. No response from server.: 
Connection failed. No response from server.: 
Connection failed. No response from server.: 
Connection failed. No response from server.: 
Connection failed. No response from server.: 
Connection failed. No response from server.: 
Connection failed. No response from server.: 
Connection failed. No response from server.: 
Connection failed. No response from server.: 
Connection failed. No response from server.: 
Connection failed. No response from server.: 
Connection failed. No response from server.: 
Connection failed. No response from server.: 
Connection failed. No response from server.: 
Connection failed. No response from server.: 
Connection failed. No response from server.: 
Connection failed. No response from server.: 
Connection failed. No response from server.: 
Connection failed. No response from server.: 
Connection failed. No response from server.: 
Connection failed. No response from server.: 
Connection failed. No response from server.: 
Connection failed. No response from server.: 
Connection failed. No response from server.: 
Connection failed. No response from server.: 
Connection failed. No response from server.: 
Connection failed. No response from server.: 
Connection failed. No response from server.: 
Connection failed. No response from server.: 
Connection failed. No response from server.: 
Connection failed. No response from server.: 
Connection failed. No response from server.: 
Connection failed. No response from server.: 
Connection failed. No response from server.: 
Connection failed. No response from server.: 
Connection failed. No response from server.: 
Connection failed. No response from server.: 
Connection failed. No response from server.: 
Connection failed. No response from server.: 
Connection failed. No response from server.: 
Connection failed. No response from server.: 
Connection failed. No response from server.: 
Connection failed. No response from server.: 
Connection failed. No response from server.: 
Connection failed. No response from server.: 
Connection failed. No response from server.: 
Connection failed. No response from server.: 
Connection failed. No response from server.: 
Connection failed. No response from server.: 
Connection failed. No response from server.: 
Connection failed. No response from server.: 
Connection failed. No response from server.: 
Connection failed. No response from server.: 
Connection failed. No response from server.: 
Connection failed. No response from server.: 
Connection failed. No response from server.: 
Connection failed. No response from server.: 
Connection failed. No response from server.: 
Connection failed. No response from server.: 
Connection failed. No response from server.: 
Connection failed. No response from server.: 
Connection failed. No response from server.: 
Connection failed. No response from server.: 
Connection failed. No response from server.: 
Connection failed. No response from server.: 
Connection failed. No response from server.: 
Connection failed. No response from server.: 
Connection failed. No response from server.: 
Connection failed. No response from server.: 
Connection failed. No response from server.: 
Connection failed. No response from server.: 
Connection failed. No response from server.: 
Connection failed. No response from server.: 
Connection failed. No response from server.: 
Connection failed. No response from server.: 
Connection failed. No response from server.: 
Connection failed. No response from server.: 
Connection failed. No response from server.: 
Connection failed. No response from server.: 
Connection failed. No response from server.: 
Connection failed. No response from server.: 
Connection failed. No response from server.: 
Connection failed. No response from server.: 
Connection failed. No response from server.: 
Connection failed. No response from server.: 
Connection failed. No response from server.: 
Connection failed. No response from server.: 
Connection failed. No response from server.: 
Connection failed. No response from server.: 
Jun 14, 2014 3:00:05 AM org.jivesoftware.smack.PacketWriter writePackets
WARNING: Error flushing queue during shutdown, ignore and continue
Connection failed. No response from server.: 
Connection failed. No response from server.: 
Connection failed. No response from server.: 
Connection failed. No response from server.: 
Jun 14, 2014 3:00:06 AM org.jivesoftware.smack.PacketWriter writePackets
WARNING: Error flushing queue during shutdown, ignore and continue
Jun 14, 2014 3:00:07 AM org.jivesoftware.smack.PacketWriter writePackets
WARNING: Error flushing queue during shutdown, ignore and continue
Jun 14, 2014 3:00:07 AM org.jivesoftware.smack.PacketWriter writePackets
WARNING: Error flushing queue during shutdown, ignore and continue
Jun 14, 2014 3:00:07 AM org.jivesoftware.smack.PacketWriter writePackets
WARNING: Error flushing queue during shutdown, ignore and continue
Connection failed. No response from server.: 
Connection failed. No response from server.: 
Connection failed. No response from server.: 
Connection failed. No response from server.: 
Connection failed. No response from server.: 
Connection failed. No response from server.: 
Connection failed. No response from server.: 
Connection failed. No response from server.: 
Connection failed. No response from server.: 
Connection failed. No response from server.: 
Connection failed. No response from server.: 
Connection failed. No response from server.: 
Connection failed. No response from server.: 
Connection failed. No response from server.: 
Connection failed. No response from server.: 
Connection failed. No response from server.: 
Connection failed. No response from server.: 
Connection failed. No response from server.: 
