Jun 14, 2014 2:58:10 AM org.jivesoftware.smack.provider.UrlProviderFileInitializer initialize
INFO: Loading providers for file [classpath:META-INF/core.providers]
Jun 14, 2014 2:58:10 AM org.jivesoftware.smack.provider.UrlProviderFileInitializer initialize
INFO: Loading providers for file [classpath:META-INF/extension.providers]
error while connecting to the server: Connection failed. No response from server.: 
error while connecting to the server: Connection failed. No response from server.: 
error while connecting to the server: Connection failed. No response from server.: 
error while connecting to the server: Connection failed. No response from server.: 
error while connecting to the server: Connection failed. No response from server.: 
error while connecting to the server: Connection failed. No response from server.: 
error while connecting to the server: Connection failed. No response from server.: 
error while connecting to the server: Connection failed. No response from server.: 
error while connecting to the server: Connection failed. No response from server.: 
error while connecting to the server: Connection failed. No response from server.: 
error while connecting to the server: Connection failed. No response from server.: 
error while connecting to the server: Connection failed. No response from server.: 
error while connecting to the server: Connection failed. No response from server.: 
error while connecting to the server: Connection failed. No response from server.: 
error while connecting to the server: Connection failed. No response from server.: 
error while connecting to the server: Connection failed. No response from server.: 
error while connecting to the server: Connection failed. No response from server.: 
error while connecting to the server: Connection failed. No response from server.: 
error while connecting to the server: Connection failed. No response from server.: 
error while connecting to the server: Connection failed. No response from server.: 
error while connecting to the server: Connection failed. No response from server.: 
error while connecting to the server: Connection failed. No response from server.: 
error while connecting to the server: Connection failed. No response from server.: 
error while connecting to the server: Connection failed. No response from server.: 
error while connecting to the server: Connection failed. No response from server.: 
error while connecting to the server: Connection failed. No response from server.: 
error while connecting to the server: Connection failed. No response from server.: 
error while connecting to the server: Connection failed. No response from server.: 
error while connecting to the server: Connection failed. No response from server.: 
error while connecting to the server: Connection failed. No response from server.: 
error while connecting to the server: Connection failed. No response from server.: 
error while connecting to the server: Connection failed. No response from server.: 
error while connecting to the server: Connection failed. No response from server.: 
error while connecting to the server: Connection failed. No response from server.: 
error while connecting to the server: Connection failed. No response from server.: 
error while connecting to the server: Connection failed. No response from server.: 
error while connecting to the server: Connection failed. No response from server.: 
error while connecting to the server: Connection failed. No response from server.: 
error while connecting to the server: Connection failed. No response from server.: 
error while connecting to the server: Connection failed. No response from server.: 
Connection failed. No response from server.: 
Connection failed. No response from server.: 
Connection failed. No response from server.: 
Connection failed. No response from server.: 
Connection failed. No response from server.: 
Connection failed. No response from server.: 
Connection failed. No response from server.: 
Connection failed. No response from server.: 
Connection failed. No response from server.: 
Connection failed. No response from server.: 
Connection failed. No response from server.: 
Connection failed. No response from server.: 
Connection failed. No response from server.: 
Connection failed. No response from server.: 
Connection failed. No response from server.: 
Connection failed. No response from server.: 
Connection failed. No response from server.: 
Connection failed. No response from server.: 
Connection failed. No response from server.: 
Connection failed. No response from server.: 
Connection failed. No response from server.: 
Connection failed. No response from server.: 
Connection failed. No response from server.: 
Connection failed. No response from server.: 
Connection failed. No response from server.: 
Connection failed. No response from server.: 
Connection failed. No response from server.: 
Connection failed. No response from server.: 
Connection failed. No response from server.: 
Connection failed. No response from server.: 
Connection failed. No response from server.: 
Connection failed. No response from server.: 
Connection failed. No response from server.: 
Connection failed. No response from server.: 
Connection failed. No response from server.: 
Connection failed. No response from server.: 
Connection failed. No response from server.: 
Connection failed. No response from server.: 
Connection failed. No response from server.: 
Jun 14, 2014 2:58:52 AM org.jivesoftware.smack.PacketWriter writePackets
WARNING: Error flushing queue during shutdown, ignore and continue
Jun 14, 2014 2:58:54 AM org.jivesoftware.smack.PacketWriter writePackets
WARNING: Error flushing queue during shutdown, ignore and continue
Jun 14, 2014 2:58:54 AM org.jivesoftware.smack.PacketWriter writePackets
WARNING: Error flushing queue during shutdown, ignore and continue
Jun 14, 2014 2:58:55 AM org.jivesoftware.smack.PacketWriter writePackets
WARNING: Error flushing queue during shutdown, ignore and continue
Connection failed. No response from server.: 
Connection failed. No response from server.: 
Connection failed. No response from server.: 
Connection failed. No response from server.: 
Connection failed. No response from server.: 
Connection failed. No response from server.: 
Connection failed. No response from server.: 
Connection failed. No response from server.: 
Connection failed. No response from server.: 
Connection failed. No response from server.: 
Connection failed. No response from server.: 
Connection failed. No response from server.: 
Connection failed. No response from server.: 
Connection failed. No response from server.: 
Connection failed. No response from server.: 
Connection failed. No response from server.: 
Jun 14, 2014 2:58:57 AM org.jivesoftware.smack.PacketWriter writePackets
WARNING: Error flushing queue during shutdown, ignore and continue
Connection failed. No response from server.: 
Connection failed. No response from server.: 
Jun 14, 2014 2:58:57 AM org.jivesoftware.smack.PacketWriter writePackets
WARNING: Error flushing queue during shutdown, ignore and continue
Connection failed. No response from server.: 
Connection failed. No response from server.: 
Connection failed. No response from server.: 
Connection failed. No response from server.: 
Connection failed. No response from server.: 
Connection failed. No response from server.: 
Connection failed. No response from server.: 
Connection failed. No response from server.: 
Jun 14, 2014 2:58:57 AM org.jivesoftware.smack.PacketWriter writePackets
WARNING: Error flushing queue during shutdown, ignore and continue
Connection failed. No response from server.: 
Connection failed. No response from server.: 
Connection failed. No response from server.: 
Connection failed. No response from server.: 
Jun 14, 2014 2:58:57 AM org.jivesoftware.smack.PacketWriter writePackets
WARNING: Error flushing queue during shutdown, ignore and continue
Jun 14, 2014 2:58:57 AM org.jivesoftware.smack.PacketWriter writePackets
WARNING: Error flushing queue during shutdown, ignore and continue
Connection failed. No response from server.: 
Connection failed. No response from server.: 
Connection failed. No response from server.: 
Jun 14, 2014 2:58:58 AM org.jivesoftware.smack.PacketWriter writePackets
WARNING: Error flushing queue during shutdown, ignore and continue
Jun 14, 2014 2:58:58 AM org.jivesoftware.smack.PacketWriter writePackets
WARNING: Error flushing queue during shutdown, ignore and continue
Connection failed. No response from server.: 
Connection failed. No response from server.: 
Jun 14, 2014 2:58:59 AM org.jivesoftware.smack.PacketWriter writePackets
WARNING: Error flushing queue during shutdown, ignore and continue
Jun 14, 2014 2:58:59 AM org.jivesoftware.smack.PacketWriter writePackets
WARNING: Error flushing queue during shutdown, ignore and continue
Jun 14, 2014 2:58:59 AM org.jivesoftware.smack.PacketWriter writePackets
WARNING: Error flushing queue during shutdown, ignore and continue
Jun 14, 2014 2:58:59 AM org.jivesoftware.smack.PacketWriter writePackets
WARNING: Error flushing queue during shutdown, ignore and continue
Jun 14, 2014 2:58:59 AM org.jivesoftware.smack.PacketWriter writePackets
WARNING: Error flushing queue during shutdown, ignore and continue
Connection failed. No response from server.: 
Connection failed. No response from server.: 
Connection failed. No response from server.: 
Jun 14, 2014 2:58:59 AM org.jivesoftware.smack.PacketWriter writePackets
WARNING: Error flushing queue during shutdown, ignore and continue
Jun 14, 2014 2:58:59 AM org.jivesoftware.smack.PacketWriter writePackets
WARNING: Error flushing queue during shutdown, ignore and continue
Jun 14, 2014 2:58:59 AM org.jivesoftware.smack.PacketWriter writePackets
WARNING: Error flushing queue during shutdown, ignore and continue
Jun 14, 2014 2:59:00 AM org.jivesoftware.smack.PacketWriter writePackets
WARNING: Error flushing queue during shutdown, ignore and continue
Jun 14, 2014 2:59:00 AM org.jivesoftware.smack.PacketWriter writePackets
WARNING: Error flushing queue during shutdown, ignore and continue
Jun 14, 2014 2:59:00 AM org.jivesoftware.smack.PacketWriter writePackets
WARNING: Error flushing queue during shutdown, ignore and continue
Jun 14, 2014 2:59:00 AM org.jivesoftware.smack.PacketWriter writePackets
WARNING: Error flushing queue during shutdown, ignore and continue
Jun 14, 2014 2:59:00 AM org.jivesoftware.smack.PacketWriter writePackets
WARNING: Error flushing queue during shutdown, ignore and continue
Jun 14, 2014 2:59:00 AM org.jivesoftware.smack.PacketWriter writePackets
WARNING: Error flushing queue during shutdown, ignore and continue
Jun 14, 2014 2:59:00 AM org.jivesoftware.smack.PacketWriter writePackets
WARNING: Error flushing queue during shutdown, ignore and continue
Connection failed. No response from server.: 
Connection failed. No response from server.: 
Connection failed. No response from server.: 
Connection failed. No response from server.: 
Connection failed. No response from server.: 
Connection failed. No response from server.: 
Connection failed. No response from server.: 
Connection failed. No response from server.: 
Connection failed. No response from server.: 
Connection failed. No response from server.: 
Connection failed. No response from server.: 
Connection failed. No response from server.: 
Connection failed. No response from server.: 
Connection failed. No response from server.: 
Connection failed. No response from server.: 
Connection failed. No response from server.: 
Connection failed. No response from server.: 
Connection failed. No response from server.: 
Connection failed. No response from server.: 
Connection failed. No response from server.: 
Connection failed. No response from server.: 
Connection failed. No response from server.: 
Connection failed. No response from server.: 
Connection failed. No response from server.: 
Connection failed. No response from server.: 
Connection failed. No response from server.: 
Connection failed. No response from server.: 
Connection failed. No response from server.: 
Connection failed. No response from server.: 
Connection failed. No response from server.: 
Connection failed. No response from server.: 
Connection failed. No response from server.: 
Connection failed. No response from server.: 
Connection failed. No response from server.: 
Connection failed. No response from server.: 
Connection failed. No response from server.: 
Connection failed. No response from server.: 
Connection failed. No response from server.: 
Connection failed. No response from server.: 
Connection failed. No response from server.: 
Connection failed. No response from server.: 
Connection failed. No response from server.: 
Connection failed. No response from server.: 
Connection failed. No response from server.: 
Connection failed. No response from server.: 
Connection failed. No response from server.: 
Connection failed. No response from server.: 
Connection failed. No response from server.: 
Connection failed. No response from server.: 
Connection failed. No response from server.: 
Connection failed. No response from server.: 
Connection failed. No response from server.: 
Connection failed. No response from server.: 
Connection failed. No response from server.: 
Connection failed. No response from server.: 
Connection failed. No response from server.: 
Connection failed. No response from server.: 
Connection failed. No response from server.: 
Connection failed. No response from server.: 
Connection failed. No response from server.: 
Connection failed. No response from server.: 
Connection failed. No response from server.: 
Connection failed. No response from server.: 
Connection failed. No response from server.: 
Connection failed. No response from server.: 
Connection failed. No response from server.: 
Connection failed. No response from server.: 
Connection failed. No response from server.: 
Connection failed. No response from server.: 
Connection failed. No response from server.: 
Connection failed. No response from server.: 
Connection failed. No response from server.: 
Connection failed. No response from server.: 
Connection failed. No response from server.: 
Connection failed. No response from server.: 
Connection failed. No response from server.: 
Connection failed. No response from server.: 
Connection failed. No response from server.: 
Connection failed. No response from server.: 
Jun 14, 2014 2:59:40 AM org.jivesoftware.smack.PacketWriter writePackets
WARNING: Error flushing queue during shutdown, ignore and continue
Jun 14, 2014 2:59:40 AM org.jivesoftware.smack.PacketWriter writePackets
WARNING: Error flushing queue during shutdown, ignore and continue
Connection failed. No response from server.: 
Connection failed. No response from server.: 
Jun 14, 2014 2:59:41 AM org.jivesoftware.smack.PacketWriter writePackets
WARNING: Error flushing queue during shutdown, ignore and continue
Jun 14, 2014 2:59:41 AM org.jivesoftware.smack.PacketWriter writePackets
WARNING: Error flushing queue during shutdown, ignore and continue
Connection failed. No response from server.: 
Connection failed. No response from server.: 
Connection failed. No response from server.: 
Connection failed. No response from server.: 
Connection failed. No response from server.: 
Connection failed. No response from server.: 
Connection failed. No response from server.: 
Connection failed. No response from server.: 
Connection failed. No response from server.: 
Jun 14, 2014 2:59:42 AM org.jivesoftware.smack.PacketWriter writePackets
WARNING: Error flushing queue during shutdown, ignore and continue
Connection failed. No response from server.: 
Connection failed. No response from server.: 
Jun 14, 2014 2:59:43 AM org.jivesoftware.smack.PacketWriter writePackets
WARNING: Error flushing queue during shutdown, ignore and continue
Connection failed. No response from server.: 
Jun 14, 2014 2:59:43 AM org.jivesoftware.smack.PacketWriter writePackets
WARNING: Error flushing queue during shutdown, ignore and continue
Connection failed. No response from server.: 
Jun 14, 2014 2:59:44 AM org.jivesoftware.smack.PacketWriter writePackets
WARNING: Error flushing queue during shutdown, ignore and continue
Jun 14, 2014 2:59:45 AM org.jivesoftware.smack.PacketWriter writePackets
WARNING: Error flushing queue during shutdown, ignore and continue
Jun 14, 2014 2:59:45 AM org.jivesoftware.smack.PacketWriter writePackets
WARNING: Error flushing queue during shutdown, ignore and continue
Jun 14, 2014 2:59:45 AM org.jivesoftware.smack.PacketWriter writePackets
WARNING: Error flushing queue during shutdown, ignore and continue
Jun 14, 2014 2:59:45 AM org.jivesoftware.smack.PacketWriter writePackets
WARNING: Error flushing queue during shutdown, ignore and continue
Connection failed. No response from server.: 
Jun 14, 2014 2:59:45 AM org.jivesoftware.smack.PacketWriter writePackets
WARNING: Error flushing queue during shutdown, ignore and continue
Jun 14, 2014 2:59:46 AM org.jivesoftware.smack.PacketWriter writePackets
WARNING: Error flushing queue during shutdown, ignore and continue
Jun 14, 2014 2:59:46 AM org.jivesoftware.smack.PacketWriter writePackets
WARNING: Error flushing queue during shutdown, ignore and continue
Jun 14, 2014 2:59:47 AM org.jivesoftware.smack.PacketWriter writePackets
WARNING: Error flushing queue during shutdown, ignore and continue
Jun 14, 2014 2:59:47 AM org.jivesoftware.smack.PacketWriter writePackets
WARNING: Error flushing queue during shutdown, ignore and continue
Jun 14, 2014 2:59:48 AM org.jivesoftware.smack.PacketWriter writePackets
WARNING: Error flushing queue during shutdown, ignore and continue
Connection failed. No response from server.: 
Connection failed. No response from server.: 
Connection failed. No response from server.: 
Connection failed. No response from server.: 
Connection failed. No response from server.: 
Connection failed. No response from server.: 
Connection failed. No response from server.: 
Connection failed. No response from server.: 
Connection failed. No response from server.: 
Connection failed. No response from server.: 
Connection failed. No response from server.: 
