Jun 13, 2014 1:34:49 PM org.jivesoftware.smack.provider.UrlProviderFileInitializer initialize
INFO: Loading providers for file [classpath:META-INF/core.providers]
Jun 13, 2014 1:34:49 PM org.jivesoftware.smack.provider.UrlProviderFileInitializer initialize
INFO: Loading providers for file [classpath:META-INF/extension.providers]
error while connecting to the server: SASL authentication DIGEST-MD5 failed: not-authorized: 
error while connecting to the server: SASL authentication DIGEST-MD5 failed: not-authorized: 
error while connecting to the server: SASL authentication DIGEST-MD5 failed: not-authorized: 
error while connecting to the server: SASL authentication DIGEST-MD5 failed: not-authorized: 
error while connecting to the server: SASL authentication DIGEST-MD5 failed: not-authorized: 
error while connecting to the server: SASL authentication DIGEST-MD5 failed: not-authorized: 
error while connecting to the server: SASL authentication DIGEST-MD5 failed: not-authorized: 
error while connecting to the server: SASL authentication DIGEST-MD5 failed: not-authorized: 
error while connecting to the server: SASL authentication DIGEST-MD5 failed: not-authorized: 
error while connecting to the server: SASL authentication DIGEST-MD5 failed: not-authorized: 
error while connecting to the server: SASL authentication DIGEST-MD5 failed: not-authorized: 
error while connecting to the server: SASL authentication DIGEST-MD5 failed: not-authorized: 
error while connecting to the server: SASL authentication DIGEST-MD5 failed: not-authorized: 
error while connecting to the server: SASL authentication DIGEST-MD5 failed: not-authorized: 
error while connecting to the server: SASL authentication DIGEST-MD5 failed: not-authorized: 
error while connecting to the server: SASL authentication DIGEST-MD5 failed: not-authorized: 
error while connecting to the server: SASL authentication DIGEST-MD5 failed: not-authorized: 
error while connecting to the server: SASL authentication DIGEST-MD5 failed: not-authorized: 
error while connecting to the server: SASL authentication DIGEST-MD5 failed: not-authorized: 
error while connecting to the server: SASL authentication DIGEST-MD5 failed: not-authorized: 
error while connecting to the server: SASL authentication DIGEST-MD5 failed: not-authorized: 
error while connecting to the server: SASL authentication DIGEST-MD5 failed: not-authorized: 
error while connecting to the server: SASL authentication DIGEST-MD5 failed: not-authorized: 
error while connecting to the server: SASL authentication DIGEST-MD5 failed: not-authorized: 
error while connecting to the server: SASL authentication DIGEST-MD5 failed: not-authorized: 
error while connecting to the server: SASL authentication DIGEST-MD5 failed: not-authorized: 
error while connecting to the server: SASL authentication DIGEST-MD5 failed: not-authorized: 
error while connecting to the server: SASL authentication DIGEST-MD5 failed: not-authorized: 
error while connecting to the server: SASL authentication DIGEST-MD5 failed: not-authorized: 
error while connecting to the server: SASL authentication DIGEST-MD5 failed: not-authorized: 
error while connecting to the server: SASL authentication DIGEST-MD5 failed: not-authorized: 
error while connecting to the server: SASL authentication DIGEST-MD5 failed: not-authorized: 
error while connecting to the server: SASL authentication DIGEST-MD5 failed: not-authorized: 
error while connecting to the server: SASL authentication DIGEST-MD5 failed: not-authorized: 
error while connecting to the server: SASL authentication DIGEST-MD5 failed: not-authorized: 
error while connecting to the server: SASL authentication DIGEST-MD5 failed: not-authorized: 
error while connecting to the server: SASL authentication DIGEST-MD5 failed: not-authorized: 
error while connecting to the server: SASL authentication DIGEST-MD5 failed: not-authorized: 
error while connecting to the server: SASL authentication DIGEST-MD5 failed: not-authorized: 
error while connecting to the server: SASL authentication DIGEST-MD5 failed: not-authorized: 
error while connecting to the server: SASL authentication DIGEST-MD5 failed: not-authorized: 
error while connecting to the server: SASL authentication DIGEST-MD5 failed: not-authorized: 
error while connecting to the server: SASL authentication DIGEST-MD5 failed: not-authorized: 
error while connecting to the server: SASL authentication DIGEST-MD5 failed: not-authorized: 
error while connecting to the server: SASL authentication DIGEST-MD5 failed: not-authorized: 
error while connecting to the server: SASL authentication DIGEST-MD5 failed: not-authorized: 
error while connecting to the server: SASL authentication DIGEST-MD5 failed: not-authorized: 
error while connecting to the server: SASL authentication DIGEST-MD5 failed: not-authorized: 
error while connecting to the server: SASL authentication DIGEST-MD5 failed: not-authorized: 
error while connecting to the server: SASL authentication DIGEST-MD5 failed: not-authorized: 
error while connecting to the server: SASL authentication DIGEST-MD5 failed: not-authorized: 
error while connecting to the server: SASL authentication DIGEST-MD5 failed: not-authorized: 
error while connecting to the server: SASL authentication DIGEST-MD5 failed: not-authorized: 
error while connecting to the server: SASL authentication DIGEST-MD5 failed: not-authorized: 
error while connecting to the server: SASL authentication DIGEST-MD5 failed: not-authorized: 
error while connecting to the server: SASL authentication DIGEST-MD5 failed: not-authorized: 
error while connecting to the server: SASL authentication DIGEST-MD5 failed: not-authorized: 
error while connecting to the server: SASL authentication DIGEST-MD5 failed: not-authorized: 
error while connecting to the server: SASL authentication DIGEST-MD5 failed: not-authorized: 
error while connecting to the server: SASL authentication DIGEST-MD5 failed: not-authorized: 
error while connecting to the server: SASL authentication DIGEST-MD5 failed: not-authorized: 
error while connecting to the server: SASL authentication DIGEST-MD5 failed: not-authorized: 
error while connecting to the server: SASL authentication DIGEST-MD5 failed: not-authorized: 
error while connecting to the server: SASL authentication DIGEST-MD5 failed: not-authorized: 
error while connecting to the server: SASL authentication DIGEST-MD5 failed: not-authorized: 
error while connecting to the server: SASL authentication DIGEST-MD5 failed: not-authorized: 
error while connecting to the server: SASL authentication DIGEST-MD5 failed: not-authorized: 
error while connecting to the server: SASL authentication DIGEST-MD5 failed: not-authorized: 
error while connecting to the server: SASL authentication DIGEST-MD5 failed: not-authorized: 
error while connecting to the server: SASL authentication DIGEST-MD5 failed: not-authorized: 
error while connecting to the server: SASL authentication DIGEST-MD5 failed: not-authorized: 
error while connecting to the server: SASL authentication DIGEST-MD5 failed: not-authorized: 
error while connecting to the server: SASL authentication DIGEST-MD5 failed: not-authorized: 
error while connecting to the server: SASL authentication DIGEST-MD5 failed: not-authorized: 
error while connecting to the server: SASL authentication DIGEST-MD5 failed: not-authorized: 
error while connecting to the server: SASL authentication DIGEST-MD5 failed: not-authorized: 
error while connecting to the server: SASL authentication DIGEST-MD5 failed: not-authorized: 
error while connecting to the server: SASL authentication DIGEST-MD5 failed: not-authorized: 
error while connecting to the server: SASL authentication DIGEST-MD5 failed: not-authorized: 
error while connecting to the server: SASL authentication DIGEST-MD5 failed: not-authorized: 
Jun 13, 2014 1:37:47 PM org.jivesoftware.smack.PacketWriter writePackets
WARNING: Error flushing queue during shutdown, ignore and continue
Jun 13, 2014 1:37:59 PM org.jivesoftware.smack.PacketWriter writePackets
WARNING: Error flushing queue during shutdown, ignore and continue
Jun 13, 2014 1:38:10 PM org.jivesoftware.smack.PacketWriter writePackets
WARNING: Error flushing queue during shutdown, ignore and continue
Jun 13, 2014 1:38:11 PM org.jivesoftware.smack.PacketWriter writePackets
WARNING: Error flushing queue during shutdown, ignore and continue
Jun 13, 2014 1:38:16 PM org.jivesoftware.smack.PacketWriter writePackets
WARNING: Error flushing queue during shutdown, ignore and continue
Jun 13, 2014 1:38:17 PM org.jivesoftware.smack.PacketWriter writePackets
WARNING: Error flushing queue during shutdown, ignore and continue
Jun 13, 2014 1:38:18 PM org.jivesoftware.smack.PacketWriter writePackets
WARNING: Error flushing queue during shutdown, ignore and continue
Jun 13, 2014 1:38:21 PM org.jivesoftware.smack.PacketWriter writePackets
WARNING: Error flushing queue during shutdown, ignore and continue
Jun 13, 2014 1:38:22 PM org.jivesoftware.smack.PacketWriter writePackets
WARNING: Error flushing queue during shutdown, ignore and continue
Jun 13, 2014 1:38:22 PM org.jivesoftware.smack.PacketWriter writePackets
WARNING: Error flushing queue during shutdown, ignore and continue
Jun 13, 2014 1:38:22 PM org.jivesoftware.smack.PacketWriter writePackets
WARNING: Error flushing queue during shutdown, ignore and continue
Jun 13, 2014 1:38:23 PM org.jivesoftware.smack.PacketWriter writePackets
WARNING: Error flushing queue during shutdown, ignore and continue
Jun 13, 2014 1:38:23 PM org.jivesoftware.smack.PacketWriter writePackets
WARNING: Error flushing queue during shutdown, ignore and continue
Jun 13, 2014 1:38:24 PM org.jivesoftware.smack.PacketWriter writePackets
WARNING: Error flushing queue during shutdown, ignore and continue
Jun 13, 2014 1:38:24 PM org.jivesoftware.smack.PacketWriter writePackets
WARNING: Error flushing queue during shutdown, ignore and continue
Jun 13, 2014 1:38:25 PM org.jivesoftware.smack.PacketWriter writePackets
WARNING: Error flushing queue during shutdown, ignore and continue
Jun 13, 2014 1:38:26 PM org.jivesoftware.smack.PacketWriter writePackets
WARNING: Error flushing queue during shutdown, ignore and continue
Jun 13, 2014 1:38:26 PM org.jivesoftware.smack.PacketWriter writePackets
WARNING: Error flushing queue during shutdown, ignore and continue
Jun 13, 2014 1:38:27 PM org.jivesoftware.smack.PacketWriter writePackets
WARNING: Error flushing queue during shutdown, ignore and continue
Jun 13, 2014 1:38:27 PM org.jivesoftware.smack.PacketWriter writePackets
WARNING: Error flushing queue during shutdown, ignore and continue
Jun 13, 2014 1:38:29 PM org.jivesoftware.smack.PacketWriter writePackets
WARNING: Error flushing queue during shutdown, ignore and continue
Jun 13, 2014 1:38:29 PM org.jivesoftware.smack.PacketWriter writePackets
WARNING: Error flushing queue during shutdown, ignore and continue
Jun 13, 2014 1:38:30 PM org.jivesoftware.smack.PacketWriter writePackets
WARNING: Error flushing queue during shutdown, ignore and continue
Jun 13, 2014 1:38:30 PM org.jivesoftware.smack.PacketWriter writePackets
WARNING: Error flushing queue during shutdown, ignore and continue
Jun 13, 2014 1:38:31 PM org.jivesoftware.smack.PacketWriter writePackets
WARNING: Error flushing queue during shutdown, ignore and continue
Jun 13, 2014 1:38:32 PM org.jivesoftware.smack.PacketWriter writePackets
WARNING: Error flushing queue during shutdown, ignore and continue
Jun 13, 2014 1:38:33 PM org.jivesoftware.smack.PacketWriter writePackets
WARNING: Error flushing queue during shutdown, ignore and continue
Jun 13, 2014 1:38:33 PM org.jivesoftware.smack.PacketWriter writePackets
WARNING: Error flushing queue during shutdown, ignore and continue
Jun 13, 2014 1:38:33 PM org.jivesoftware.smack.PacketWriter writePackets
WARNING: Error flushing queue during shutdown, ignore and continue
Jun 13, 2014 1:38:33 PM org.jivesoftware.smack.PacketWriter writePackets
WARNING: Error flushing queue during shutdown, ignore and continue
Jun 13, 2014 1:38:33 PM org.jivesoftware.smack.PacketWriter writePackets
WARNING: Error flushing queue during shutdown, ignore and continue
Jun 13, 2014 1:38:33 PM org.jivesoftware.smack.PacketWriter writePackets
WARNING: Error flushing queue during shutdown, ignore and continue
Jun 13, 2014 1:38:33 PM org.jivesoftware.smack.PacketWriter writePackets
WARNING: Error flushing queue during shutdown, ignore and continue
Jun 13, 2014 1:38:33 PM org.jivesoftware.smack.PacketWriter writePackets
WARNING: Error flushing queue during shutdown, ignore and continue
Jun 13, 2014 1:38:33 PM org.jivesoftware.smack.PacketWriter writePackets
WARNING: Error flushing queue during shutdown, ignore and continue
Jun 13, 2014 1:38:33 PM org.jivesoftware.smack.PacketWriter writePackets
WARNING: Error flushing queue during shutdown, ignore and continue
Jun 13, 2014 1:38:33 PM org.jivesoftware.smack.PacketWriter writePackets
WARNING: Error flushing queue during shutdown, ignore and continue
Jun 13, 2014 1:38:33 PM org.jivesoftware.smack.PacketWriter writePackets
WARNING: Error flushing queue during shutdown, ignore and continue
Jun 13, 2014 1:38:33 PM org.jivesoftware.smack.PacketWriter writePackets
WARNING: Error flushing queue during shutdown, ignore and continue
Jun 13, 2014 1:38:33 PM org.jivesoftware.smack.PacketWriter writePackets
WARNING: Error flushing queue during shutdown, ignore and continue
Jun 13, 2014 1:38:33 PM org.jivesoftware.smack.PacketWriter writePackets
WARNING: Error flushing queue during shutdown, ignore and continue
Jun 13, 2014 1:38:33 PM org.jivesoftware.smack.PacketWriter writePackets
WARNING: Error flushing queue during shutdown, ignore and continue
Jun 13, 2014 1:38:34 PM org.jivesoftware.smack.PacketWriter writePackets
WARNING: Error flushing queue during shutdown, ignore and continue
Jun 13, 2014 1:38:34 PM org.jivesoftware.smack.PacketWriter writePackets
WARNING: Error flushing queue during shutdown, ignore and continue
Jun 13, 2014 1:38:34 PM org.jivesoftware.smack.PacketWriter writePackets
WARNING: Error flushing queue during shutdown, ignore and continue
Jun 13, 2014 1:38:33 PM org.jivesoftware.smack.PacketWriter writePackets
WARNING: Error flushing queue during shutdown, ignore and continue
Jun 13, 2014 1:38:33 PM org.jivesoftware.smack.PacketWriter writePackets
WARNING: Error flushing queue during shutdown, ignore and continue
Jun 13, 2014 1:38:33 PM org.jivesoftware.smack.PacketWriter writePackets
WARNING: Error flushing queue during shutdown, ignore and continue
Jun 13, 2014 1:38:33 PM org.jivesoftware.smack.PacketWriter writePackets
WARNING: Error flushing queue during shutdown, ignore and continue
Jun 13, 2014 1:38:33 PM org.jivesoftware.smack.PacketWriter writePackets
WARNING: Error flushing queue during shutdown, ignore and continue
Jun 13, 2014 1:38:34 PM org.jivesoftware.smack.PacketWriter writePackets
WARNING: Error flushing queue during shutdown, ignore and continue
Jun 13, 2014 1:38:34 PM org.jivesoftware.smack.PacketWriter writePackets
WARNING: Error flushing queue during shutdown, ignore and continue
Jun 13, 2014 1:38:34 PM org.jivesoftware.smack.PacketWriter writePackets
WARNING: Error flushing queue during shutdown, ignore and continue
Jun 13, 2014 1:38:34 PM org.jivesoftware.smack.PacketWriter writePackets
WARNING: Error flushing queue during shutdown, ignore and continue
Jun 13, 2014 1:38:34 PM org.jivesoftware.smack.PacketWriter writePackets
WARNING: Error flushing queue during shutdown, ignore and continue
Jun 13, 2014 1:38:34 PM org.jivesoftware.smack.PacketWriter writePackets
WARNING: Error flushing queue during shutdown, ignore and continue
Jun 13, 2014 1:38:34 PM org.jivesoftware.smack.PacketWriter writePackets
WARNING: Error flushing queue during shutdown, ignore and continue
Jun 13, 2014 1:38:35 PM org.jivesoftware.smack.PacketWriter writePackets
WARNING: Error flushing queue during shutdown, ignore and continue
Jun 13, 2014 1:38:34 PM org.jivesoftware.smack.PacketWriter writePackets
WARNING: Error flushing queue during shutdown, ignore and continue
Jun 13, 2014 1:38:35 PM org.jivesoftware.smack.PacketWriter writePackets
WARNING: Error flushing queue during shutdown, ignore and continue
Jun 13, 2014 1:38:35 PM org.jivesoftware.smack.PacketWriter writePackets
WARNING: Error flushing queue during shutdown, ignore and continue
Jun 13, 2014 1:38:35 PM org.jivesoftware.smack.PacketWriter writePackets
WARNING: Error flushing queue during shutdown, ignore and continue
Jun 13, 2014 1:38:35 PM org.jivesoftware.smack.PacketWriter writePackets
WARNING: Error flushing queue during shutdown, ignore and continue
Jun 13, 2014 1:38:35 PM org.jivesoftware.smack.PacketWriter writePackets
WARNING: Error flushing queue during shutdown, ignore and continue
Jun 13, 2014 1:38:35 PM org.jivesoftware.smack.PacketWriter writePackets
WARNING: Error flushing queue during shutdown, ignore and continue
Jun 13, 2014 1:38:35 PM org.jivesoftware.smack.PacketWriter writePackets
WARNING: Error flushing queue during shutdown, ignore and continue
Jun 13, 2014 1:38:35 PM org.jivesoftware.smack.PacketWriter writePackets
WARNING: Error flushing queue during shutdown, ignore and continue
Jun 13, 2014 1:38:35 PM org.jivesoftware.smack.PacketWriter writePackets
WARNING: Error flushing queue during shutdown, ignore and continue
Jun 13, 2014 1:38:35 PM org.jivesoftware.smack.PacketWriter writePackets
WARNING: Error flushing queue during shutdown, ignore and continue
Jun 13, 2014 1:38:35 PM org.jivesoftware.smack.PacketWriter writePackets
WARNING: Error flushing queue during shutdown, ignore and continue
Jun 13, 2014 1:38:35 PM org.jivesoftware.smack.PacketWriter writePackets
WARNING: Error flushing queue during shutdown, ignore and continue
Jun 13, 2014 1:38:35 PM org.jivesoftware.smack.PacketWriter writePackets
WARNING: Error flushing queue during shutdown, ignore and continue
