Jun 13, 2014 1:35:00 PM org.jivesoftware.smack.provider.UrlProviderFileInitializer initialize
INFO: Loading providers for file [classpath:META-INF/core.providers]
Jun 13, 2014 1:35:00 PM org.jivesoftware.smack.provider.UrlProviderFileInitializer initialize
INFO: Loading providers for file [classpath:META-INF/extension.providers]
error while connecting to the server: SASL authentication DIGEST-MD5 failed: not-authorized: 
error while connecting to the server: SASL authentication DIGEST-MD5 failed: not-authorized: 
error while connecting to the server: SASL authentication DIGEST-MD5 failed: not-authorized: 
error while connecting to the server: SASL authentication DIGEST-MD5 failed: not-authorized: 
error while connecting to the server: SASL authentication DIGEST-MD5 failed: not-authorized: 
error while connecting to the server: SASL authentication DIGEST-MD5 failed: not-authorized: 
error while connecting to the server: SASL authentication DIGEST-MD5 failed: not-authorized: 
error while connecting to the server: SASL authentication DIGEST-MD5 failed: not-authorized: 
error while connecting to the server: SASL authentication DIGEST-MD5 failed: not-authorized: 
error while connecting to the server: SASL authentication DIGEST-MD5 failed: not-authorized: 
error while connecting to the server: SASL authentication DIGEST-MD5 failed: not-authorized: 
error while connecting to the server: SASL authentication DIGEST-MD5 failed: not-authorized: 
error while connecting to the server: SASL authentication DIGEST-MD5 failed: not-authorized: 
error while connecting to the server: SASL authentication DIGEST-MD5 failed: not-authorized: 
error while connecting to the server: SASL authentication DIGEST-MD5 failed: not-authorized: 
error while connecting to the server: SASL authentication DIGEST-MD5 failed: not-authorized: 
error while connecting to the server: SASL authentication DIGEST-MD5 failed: not-authorized: 
error while connecting to the server: SASL authentication DIGEST-MD5 failed: not-authorized: 
error while connecting to the server: SASL authentication DIGEST-MD5 failed: not-authorized: 
error while connecting to the server: SASL authentication DIGEST-MD5 failed: not-authorized: 
error while connecting to the server: SASL authentication DIGEST-MD5 failed: not-authorized: 
error while connecting to the server: SASL authentication DIGEST-MD5 failed: not-authorized: 
error while connecting to the server: SASL authentication DIGEST-MD5 failed: not-authorized: 
error while connecting to the server: SASL authentication DIGEST-MD5 failed: not-authorized: 
error while connecting to the server: SASL authentication DIGEST-MD5 failed: not-authorized: 
error while connecting to the server: SASL authentication DIGEST-MD5 failed: not-authorized: 
error while connecting to the server: SASL authentication DIGEST-MD5 failed: not-authorized: 
error while connecting to the server: SASL authentication DIGEST-MD5 failed: not-authorized: 
error while connecting to the server: SASL authentication DIGEST-MD5 failed: not-authorized: 
error while connecting to the server: SASL authentication DIGEST-MD5 failed: not-authorized: 
error while connecting to the server: SASL authentication DIGEST-MD5 failed: not-authorized: 
error while connecting to the server: SASL authentication DIGEST-MD5 failed: not-authorized: 
error while connecting to the server: SASL authentication DIGEST-MD5 failed: not-authorized: 
error while connecting to the server: SASL authentication DIGEST-MD5 failed: not-authorized: 
error while connecting to the server: SASL authentication DIGEST-MD5 failed: not-authorized: 
error while connecting to the server: SASL authentication DIGEST-MD5 failed: not-authorized: 
error while connecting to the server: SASL authentication DIGEST-MD5 failed: not-authorized: 
error while connecting to the server: SASL authentication DIGEST-MD5 failed: not-authorized: 
error while connecting to the server: SASL authentication DIGEST-MD5 failed: not-authorized: 
error while connecting to the server: SASL authentication DIGEST-MD5 failed: not-authorized: 
error while connecting to the server: SASL authentication DIGEST-MD5 failed: not-authorized: 
error while connecting to the server: SASL authentication DIGEST-MD5 failed: not-authorized: 
error while connecting to the server: SASL authentication DIGEST-MD5 failed: not-authorized: 
error while connecting to the server: SASL authentication DIGEST-MD5 failed: not-authorized: 
error while connecting to the server: SASL authentication DIGEST-MD5 failed: not-authorized: 
error while connecting to the server: SASL authentication DIGEST-MD5 failed: not-authorized: 
error while connecting to the server: SASL authentication DIGEST-MD5 failed: not-authorized: 
error while connecting to the server: SASL authentication DIGEST-MD5 failed: not-authorized: 
error while connecting to the server: SASL authentication DIGEST-MD5 failed: not-authorized: 
error while connecting to the server: SASL authentication DIGEST-MD5 failed: not-authorized: 
error while connecting to the server: SASL authentication DIGEST-MD5 failed: not-authorized: 
error while connecting to the server: SASL authentication DIGEST-MD5 failed: not-authorized: 
error while connecting to the server: SASL authentication DIGEST-MD5 failed: not-authorized: 
error while connecting to the server: SASL authentication DIGEST-MD5 failed: not-authorized: 
error while connecting to the server: SASL authentication DIGEST-MD5 failed: not-authorized: 
error while connecting to the server: SASL authentication DIGEST-MD5 failed: not-authorized: 
error while connecting to the server: SASL authentication DIGEST-MD5 failed: not-authorized: 
error while connecting to the server: SASL authentication DIGEST-MD5 failed: not-authorized: 
error while connecting to the server: SASL authentication DIGEST-MD5 failed: not-authorized: 
error while connecting to the server: SASL authentication DIGEST-MD5 failed: not-authorized: 
error while connecting to the server: SASL authentication DIGEST-MD5 failed: not-authorized: 
error while connecting to the server: SASL authentication DIGEST-MD5 failed: not-authorized: 
error while connecting to the server: SASL authentication DIGEST-MD5 failed: not-authorized: 
error while connecting to the server: SASL authentication DIGEST-MD5 failed: not-authorized: 
error while connecting to the server: SASL authentication DIGEST-MD5 failed: not-authorized: 
error while connecting to the server: SASL authentication DIGEST-MD5 failed: not-authorized: 
error while connecting to the server: SASL authentication DIGEST-MD5 failed: not-authorized: 
error while connecting to the server: SASL authentication DIGEST-MD5 failed: not-authorized: 
error while connecting to the server: SASL authentication DIGEST-MD5 failed: not-authorized: 
error while connecting to the server: SASL authentication DIGEST-MD5 failed: not-authorized: 
error while connecting to the server: SASL authentication DIGEST-MD5 failed: not-authorized: 
error while connecting to the server: SASL authentication DIGEST-MD5 failed: not-authorized: 
error while connecting to the server: SASL authentication DIGEST-MD5 failed: not-authorized: 
error while connecting to the server: SASL authentication DIGEST-MD5 failed: not-authorized: 
error while connecting to the server: SASL authentication DIGEST-MD5 failed: not-authorized: 
error while connecting to the server: SASL authentication DIGEST-MD5 failed: not-authorized: 
error while connecting to the server: SASL authentication DIGEST-MD5 failed: not-authorized: 
error while connecting to the server: SASL authentication DIGEST-MD5 failed: not-authorized: 
error while connecting to the server: SASL authentication DIGEST-MD5 failed: not-authorized: 
error while connecting to the server: SASL authentication DIGEST-MD5 failed: not-authorized: 
Jun 13, 2014 1:38:23 PM org.jivesoftware.smack.PacketWriter writePackets
WARNING: Error flushing queue during shutdown, ignore and continue
Jun 13, 2014 1:38:32 PM org.jivesoftware.smack.PacketWriter writePackets
WARNING: Error flushing queue during shutdown, ignore and continue
Jun 13, 2014 1:38:35 PM org.jivesoftware.smack.PacketWriter writePackets
WARNING: Error flushing queue during shutdown, ignore and continue
Jun 13, 2014 1:38:38 PM org.jivesoftware.smack.PacketWriter writePackets
WARNING: Error flushing queue during shutdown, ignore and continue
Jun 13, 2014 1:38:38 PM org.jivesoftware.smack.PacketWriter writePackets
WARNING: Error flushing queue during shutdown, ignore and continue
Jun 13, 2014 1:38:39 PM org.jivesoftware.smack.PacketWriter writePackets
WARNING: Error flushing queue during shutdown, ignore and continue
Jun 13, 2014 1:38:41 PM org.jivesoftware.smack.PacketWriter writePackets
WARNING: Error flushing queue during shutdown, ignore and continue
Jun 13, 2014 1:38:42 PM org.jivesoftware.smack.PacketWriter writePackets
WARNING: Error flushing queue during shutdown, ignore and continue
Jun 13, 2014 1:38:42 PM org.jivesoftware.smack.PacketWriter writePackets
WARNING: Error flushing queue during shutdown, ignore and continue
Jun 13, 2014 1:38:43 PM org.jivesoftware.smack.PacketWriter writePackets
WARNING: Error flushing queue during shutdown, ignore and continue
Jun 13, 2014 1:38:43 PM org.jivesoftware.smack.PacketWriter writePackets
WARNING: Error flushing queue during shutdown, ignore and continue
Jun 13, 2014 1:38:44 PM org.jivesoftware.smack.PacketWriter writePackets
WARNING: Error flushing queue during shutdown, ignore and continue
Jun 13, 2014 1:38:45 PM org.jivesoftware.smack.PacketWriter writePackets
WARNING: Error flushing queue during shutdown, ignore and continue
Jun 13, 2014 1:38:48 PM org.jivesoftware.smack.PacketWriter writePackets
WARNING: Error flushing queue during shutdown, ignore and continue
Jun 13, 2014 1:38:48 PM org.jivesoftware.smack.PacketWriter writePackets
WARNING: Error flushing queue during shutdown, ignore and continue
Jun 13, 2014 1:38:48 PM org.jivesoftware.smack.PacketWriter writePackets
WARNING: Error flushing queue during shutdown, ignore and continue
Jun 13, 2014 1:38:49 PM org.jivesoftware.smack.PacketWriter writePackets
WARNING: Error flushing queue during shutdown, ignore and continue
Jun 13, 2014 1:38:49 PM org.jivesoftware.smack.PacketWriter writePackets
WARNING: Error flushing queue during shutdown, ignore and continue
Jun 13, 2014 1:38:49 PM org.jivesoftware.smack.PacketWriter writePackets
WARNING: Error flushing queue during shutdown, ignore and continue
Jun 13, 2014 1:38:49 PM org.jivesoftware.smack.PacketWriter writePackets
WARNING: Error flushing queue during shutdown, ignore and continue
Jun 13, 2014 1:38:51 PM org.jivesoftware.smack.PacketWriter writePackets
WARNING: Error flushing queue during shutdown, ignore and continue
Jun 13, 2014 1:38:51 PM org.jivesoftware.smack.PacketWriter writePackets
WARNING: Error flushing queue during shutdown, ignore and continue
Jun 13, 2014 1:38:51 PM org.jivesoftware.smack.PacketWriter writePackets
WARNING: Error flushing queue during shutdown, ignore and continue
Jun 13, 2014 1:38:51 PM org.jivesoftware.smack.PacketWriter writePackets
WARNING: Error flushing queue during shutdown, ignore and continue
Jun 13, 2014 1:38:51 PM org.jivesoftware.smack.PacketWriter writePackets
WARNING: Error flushing queue during shutdown, ignore and continue
Jun 13, 2014 1:38:51 PM org.jivesoftware.smack.PacketWriter writePackets
WARNING: Error flushing queue during shutdown, ignore and continue
Jun 13, 2014 1:38:51 PM org.jivesoftware.smack.PacketWriter writePackets
WARNING: Error flushing queue during shutdown, ignore and continue
Jun 13, 2014 1:38:51 PM org.jivesoftware.smack.PacketWriter writePackets
WARNING: Error flushing queue during shutdown, ignore and continue
Jun 13, 2014 1:38:51 PM org.jivesoftware.smack.PacketWriter writePackets
WARNING: Error flushing queue during shutdown, ignore and continue
Jun 13, 2014 1:38:52 PM org.jivesoftware.smack.PacketWriter writePackets
WARNING: Error flushing queue during shutdown, ignore and continue
Jun 13, 2014 1:38:52 PM org.jivesoftware.smack.PacketWriter writePackets
WARNING: Error flushing queue during shutdown, ignore and continue
Jun 13, 2014 1:38:52 PM org.jivesoftware.smack.PacketWriter writePackets
WARNING: Error flushing queue during shutdown, ignore and continue
Jun 13, 2014 1:38:52 PM org.jivesoftware.smack.PacketWriter writePackets
WARNING: Error flushing queue during shutdown, ignore and continue
Jun 13, 2014 1:38:52 PM org.jivesoftware.smack.PacketWriter writePackets
WARNING: Error flushing queue during shutdown, ignore and continue
Jun 13, 2014 1:38:52 PM org.jivesoftware.smack.PacketWriter writePackets
WARNING: Error flushing queue during shutdown, ignore and continue
Jun 13, 2014 1:38:52 PM org.jivesoftware.smack.PacketWriter writePackets
WARNING: Error flushing queue during shutdown, ignore and continue
Jun 13, 2014 1:38:52 PM org.jivesoftware.smack.PacketWriter writePackets
WARNING: Error flushing queue during shutdown, ignore and continue
Jun 13, 2014 1:38:54 PM org.jivesoftware.smack.PacketWriter writePackets
WARNING: Error flushing queue during shutdown, ignore and continue
Jun 13, 2014 1:38:55 PM org.jivesoftware.smack.PacketWriter writePackets
WARNING: Error flushing queue during shutdown, ignore and continue
Jun 13, 2014 1:38:55 PM org.jivesoftware.smack.PacketWriter writePackets
WARNING: Error flushing queue during shutdown, ignore and continue
Jun 13, 2014 1:38:55 PM org.jivesoftware.smack.PacketWriter writePackets
WARNING: Error flushing queue during shutdown, ignore and continue
Jun 13, 2014 1:38:55 PM org.jivesoftware.smack.PacketWriter writePackets
WARNING: Error flushing queue during shutdown, ignore and continue
Jun 13, 2014 1:38:55 PM org.jivesoftware.smack.PacketWriter writePackets
WARNING: Error flushing queue during shutdown, ignore and continue
Jun 13, 2014 1:38:55 PM org.jivesoftware.smack.PacketWriter writePackets
WARNING: Error flushing queue during shutdown, ignore and continue
Jun 13, 2014 1:38:55 PM org.jivesoftware.smack.PacketWriter writePackets
WARNING: Error flushing queue during shutdown, ignore and continue
Jun 13, 2014 1:38:55 PM org.jivesoftware.smack.PacketWriter writePackets
WARNING: Error flushing queue during shutdown, ignore and continue
Jun 13, 2014 1:38:55 PM org.jivesoftware.smack.PacketWriter writePackets
WARNING: Error flushing queue during shutdown, ignore and continue
Jun 13, 2014 1:38:55 PM org.jivesoftware.smack.PacketWriter writePackets
WARNING: Error flushing queue during shutdown, ignore and continue
Jun 13, 2014 1:38:55 PM org.jivesoftware.smack.PacketWriter writePackets
WARNING: Error flushing queue during shutdown, ignore and continue
Jun 13, 2014 1:38:55 PM org.jivesoftware.smack.PacketWriter writePackets
WARNING: Error flushing queue during shutdown, ignore and continue
Jun 13, 2014 1:38:56 PM org.jivesoftware.smack.PacketWriter writePackets
WARNING: Error flushing queue during shutdown, ignore and continue
Jun 13, 2014 1:38:56 PM org.jivesoftware.smack.PacketWriter writePackets
WARNING: Error flushing queue during shutdown, ignore and continue
Jun 13, 2014 1:38:56 PM org.jivesoftware.smack.PacketWriter writePackets
WARNING: Error flushing queue during shutdown, ignore and continue
Jun 13, 2014 1:38:56 PM org.jivesoftware.smack.PacketWriter writePackets
WARNING: Error flushing queue during shutdown, ignore and continue
Jun 13, 2014 1:38:56 PM org.jivesoftware.smack.PacketWriter writePackets
WARNING: Error flushing queue during shutdown, ignore and continue
Jun 13, 2014 1:38:56 PM org.jivesoftware.smack.PacketWriter writePackets
WARNING: Error flushing queue during shutdown, ignore and continue
Jun 13, 2014 1:38:56 PM org.jivesoftware.smack.PacketWriter writePackets
WARNING: Error flushing queue during shutdown, ignore and continue
Jun 13, 2014 1:38:56 PM org.jivesoftware.smack.PacketWriter writePackets
WARNING: Error flushing queue during shutdown, ignore and continue
