Jun 13, 2014 9:20:36 AM org.jivesoftware.smack.provider.UrlProviderFileInitializer initialize
INFO: Loading providers for file [classpath:META-INF/core.providers]
Jun 13, 2014 9:20:36 AM org.jivesoftware.smack.provider.UrlProviderFileInitializer initialize
INFO: Loading providers for file [classpath:META-INF/extension.providers]
error while connecting to the server: SASL authentication DIGEST-MD5 failed: not-authorized: 
error while connecting to the server: SASL authentication DIGEST-MD5 failed: not-authorized: 
error while connecting to the server: SASL authentication DIGEST-MD5 failed: not-authorized: 
error while connecting to the server: SASL authentication DIGEST-MD5 failed: not-authorized: 
error while connecting to the server: SASL authentication DIGEST-MD5 failed: not-authorized: 
error while connecting to the server: SASL authentication DIGEST-MD5 failed: not-authorized: 
error while connecting to the server: SASL authentication DIGEST-MD5 failed: not-authorized: 
error while connecting to the server: SASL authentication DIGEST-MD5 failed: not-authorized: 
error while connecting to the server: SASL authentication DIGEST-MD5 failed: not-authorized: 
error while connecting to the server: SASL authentication DIGEST-MD5 failed: not-authorized: 
error while connecting to the server: SASL authentication DIGEST-MD5 failed: not-authorized: 
error while connecting to the server: SASL authentication DIGEST-MD5 failed: not-authorized: 
error while connecting to the server: SASL authentication DIGEST-MD5 failed: not-authorized: 
error while connecting to the server: SASL authentication DIGEST-MD5 failed: not-authorized: 
error while connecting to the server: SASL authentication DIGEST-MD5 failed: not-authorized: 
error while connecting to the server: SASL authentication DIGEST-MD5 failed: not-authorized: 
error while connecting to the server: SASL authentication DIGEST-MD5 failed: not-authorized: 
error while connecting to the server: SASL authentication DIGEST-MD5 failed: not-authorized: 
error while connecting to the server: SASL authentication DIGEST-MD5 failed: not-authorized: 
error while connecting to the server: SASL authentication DIGEST-MD5 failed: not-authorized: 
error while connecting to the server: SASL authentication DIGEST-MD5 failed: not-authorized: 
error while connecting to the server: SASL authentication DIGEST-MD5 failed: not-authorized: 
error while connecting to the server: SASL authentication DIGEST-MD5 failed: not-authorized: 
error while connecting to the server: SASL authentication DIGEST-MD5 failed: not-authorized: 
error while connecting to the server: SASL authentication DIGEST-MD5 failed: not-authorized: 
error while connecting to the server: SASL authentication DIGEST-MD5 failed: not-authorized: 
error while connecting to the server: SASL authentication DIGEST-MD5 failed: not-authorized: 
error while connecting to the server: SASL authentication DIGEST-MD5 failed: not-authorized: 
error while connecting to the server: SASL authentication DIGEST-MD5 failed: not-authorized: 
error while connecting to the server: SASL authentication DIGEST-MD5 failed: not-authorized: 
error while connecting to the server: SASL authentication DIGEST-MD5 failed: not-authorized: 
error while connecting to the server: SASL authentication DIGEST-MD5 failed: not-authorized: 
error while connecting to the server: SASL authentication DIGEST-MD5 failed: not-authorized: 
error while connecting to the server: SASL authentication DIGEST-MD5 failed: not-authorized: 
error while connecting to the server: SASL authentication DIGEST-MD5 failed: not-authorized: 
error while connecting to the server: SASL authentication DIGEST-MD5 failed: not-authorized: 
error while connecting to the server: SASL authentication DIGEST-MD5 failed: not-authorized: 
error while connecting to the server: SASL authentication DIGEST-MD5 failed: not-authorized: 
error while connecting to the server: SASL authentication DIGEST-MD5 failed: not-authorized: 
error while connecting to the server: SASL authentication DIGEST-MD5 failed: not-authorized: 
error while connecting to the server: SASL authentication DIGEST-MD5 failed: not-authorized: 
error while connecting to the server: SASL authentication DIGEST-MD5 failed: not-authorized: 
error while connecting to the server: SASL authentication DIGEST-MD5 failed: not-authorized: 
error while connecting to the server: SASL authentication DIGEST-MD5 failed: not-authorized: 
error while connecting to the server: SASL authentication DIGEST-MD5 failed: not-authorized: 
error while connecting to the server: SASL authentication DIGEST-MD5 failed: not-authorized: 
error while connecting to the server: SASL authentication DIGEST-MD5 failed: not-authorized: 
error while connecting to the server: SASL authentication DIGEST-MD5 failed: not-authorized: 
error while connecting to the server: SASL authentication DIGEST-MD5 failed: not-authorized: 
error while connecting to the server: SASL authentication DIGEST-MD5 failed: not-authorized: 
error while connecting to the server: SASL authentication DIGEST-MD5 failed: not-authorized: 
error while connecting to the server: SASL authentication DIGEST-MD5 failed: not-authorized: 
error while connecting to the server: SASL authentication DIGEST-MD5 failed: not-authorized: 
error while connecting to the server: SASL authentication DIGEST-MD5 failed: not-authorized: 
error while connecting to the server: SASL authentication DIGEST-MD5 failed: not-authorized: 
error while connecting to the server: SASL authentication DIGEST-MD5 failed: not-authorized: 
error while connecting to the server: SASL authentication DIGEST-MD5 failed: not-authorized: 
error while connecting to the server: SASL authentication DIGEST-MD5 failed: not-authorized: 
error while connecting to the server: SASL authentication DIGEST-MD5 failed: not-authorized: 
error while connecting to the server: SASL authentication DIGEST-MD5 failed: not-authorized: 
error while connecting to the server: SASL authentication DIGEST-MD5 failed: not-authorized: 
error while connecting to the server: SASL authentication DIGEST-MD5 failed: not-authorized: 
error while connecting to the server: SASL authentication DIGEST-MD5 failed: not-authorized: 
error while connecting to the server: SASL authentication DIGEST-MD5 failed: not-authorized: 
error while connecting to the server: SASL authentication DIGEST-MD5 failed: not-authorized: 
error while connecting to the server: SASL authentication DIGEST-MD5 failed: not-authorized: 
error while connecting to the server: SASL authentication DIGEST-MD5 failed: not-authorized: 
error while connecting to the server: SASL authentication DIGEST-MD5 failed: not-authorized: 
error while connecting to the server: SASL authentication DIGEST-MD5 failed: not-authorized: 
error while connecting to the server: SASL authentication DIGEST-MD5 failed: not-authorized: 
error while connecting to the server: SASL authentication DIGEST-MD5 failed: not-authorized: 
error while connecting to the server: SASL authentication DIGEST-MD5 failed: not-authorized: 
error while connecting to the server: SASL authentication DIGEST-MD5 failed: not-authorized: 
error while connecting to the server: SASL authentication DIGEST-MD5 failed: not-authorized: 
error while connecting to the server: SASL authentication DIGEST-MD5 failed: not-authorized: 
error while connecting to the server: SASL authentication DIGEST-MD5 failed: not-authorized: 
error while connecting to the server: SASL authentication DIGEST-MD5 failed: not-authorized: 
error while connecting to the server: SASL authentication DIGEST-MD5 failed: not-authorized: 
error while connecting to the server: SASL authentication DIGEST-MD5 failed: not-authorized: 
error while connecting to the server: SASL authentication DIGEST-MD5 failed: not-authorized: 
Jun 13, 2014 9:23:15 AM org.jivesoftware.smack.PacketWriter writePackets
WARNING: Error flushing queue during shutdown, ignore and continue
Jun 13, 2014 9:23:16 AM org.jivesoftware.smack.PacketWriter writePackets
WARNING: Error flushing queue during shutdown, ignore and continue
Jun 13, 2014 9:23:17 AM org.jivesoftware.smack.PacketWriter writePackets
WARNING: Error flushing queue during shutdown, ignore and continue
Jun 13, 2014 9:23:18 AM org.jivesoftware.smack.PacketWriter writePackets
WARNING: Error flushing queue during shutdown, ignore and continue
Jun 13, 2014 9:23:18 AM org.jivesoftware.smack.PacketWriter writePackets
WARNING: Error flushing queue during shutdown, ignore and continue
Jun 13, 2014 9:23:18 AM org.jivesoftware.smack.PacketWriter writePackets
WARNING: Error flushing queue during shutdown, ignore and continue
Jun 13, 2014 9:23:20 AM org.jivesoftware.smack.PacketWriter writePackets
WARNING: Error flushing queue during shutdown, ignore and continue
Jun 13, 2014 9:23:20 AM org.jivesoftware.smack.PacketWriter writePackets
WARNING: Error flushing queue during shutdown, ignore and continue
Jun 13, 2014 9:23:22 AM org.jivesoftware.smack.PacketWriter writePackets
WARNING: Error flushing queue during shutdown, ignore and continue
Jun 13, 2014 9:23:22 AM org.jivesoftware.smack.PacketWriter writePackets
WARNING: Error flushing queue during shutdown, ignore and continue
Jun 13, 2014 9:23:24 AM org.jivesoftware.smack.PacketWriter writePackets
WARNING: Error flushing queue during shutdown, ignore and continue
Jun 13, 2014 9:23:25 AM org.jivesoftware.smack.PacketWriter writePackets
WARNING: Error flushing queue during shutdown, ignore and continue
Jun 13, 2014 9:23:25 AM org.jivesoftware.smack.PacketWriter writePackets
WARNING: Error flushing queue during shutdown, ignore and continue
Jun 13, 2014 9:23:25 AM org.jivesoftware.smack.PacketWriter sendPacket
SEVERE: Failed to queue packet to send to server: <iq id="imi6T-326653" type="get"><ping xmlns='urn:xmpp:ping' /></iq>
java.lang.InterruptedException
	at java.util.concurrent.locks.AbstractQueuedSynchronizer$ConditionObject.reportInterruptAfterWait(AbstractQueuedSynchronizer.java:2017)
	at java.util.concurrent.locks.AbstractQueuedSynchronizer$ConditionObject.await(AbstractQueuedSynchronizer.java:2052)
	at java.util.concurrent.ArrayBlockingQueue.put(ArrayBlockingQueue.java:324)
	at org.jivesoftware.smack.PacketWriter.sendPacket(PacketWriter.java:91)
	at org.jivesoftware.smack.XMPPConnection.sendPacket(XMPPConnection.java:488)
	at org.jivesoftware.smack.keepalive.KeepAliveManager$5.run(KeepAliveManager.java:281)
	at java.util.concurrent.Executors$RunnableAdapter.call(Executors.java:471)
	at java.util.concurrent.FutureTask.run(FutureTask.java:262)
	at java.util.concurrent.ScheduledThreadPoolExecutor$ScheduledFutureTask.access$201(ScheduledThreadPoolExecutor.java:178)
	at java.util.concurrent.ScheduledThreadPoolExecutor$ScheduledFutureTask.run(ScheduledThreadPoolExecutor.java:292)
	at java.util.concurrent.ThreadPoolExecutor.runWorker(ThreadPoolExecutor.java:1145)
	at java.util.concurrent.ThreadPoolExecutor$Worker.run(ThreadPoolExecutor.java:615)
	at java.lang.Thread.run(Thread.java:744)

Jun 13, 2014 9:23:25 AM org.jivesoftware.smack.PacketWriter writePackets
WARNING: Error flushing queue during shutdown, ignore and continue
Jun 13, 2014 9:23:26 AM org.jivesoftware.smack.PacketWriter writePackets
WARNING: Error flushing queue during shutdown, ignore and continue
Jun 13, 2014 9:23:26 AM org.jivesoftware.smack.PacketWriter writePackets
WARNING: Error flushing queue during shutdown, ignore and continue
Jun 13, 2014 9:23:26 AM org.jivesoftware.smack.PacketWriter writePackets
WARNING: Error flushing queue during shutdown, ignore and continue
Jun 13, 2014 9:23:27 AM org.jivesoftware.smack.PacketWriter writePackets
WARNING: Error flushing queue during shutdown, ignore and continue
Jun 13, 2014 9:23:28 AM org.jivesoftware.smack.PacketWriter writePackets
WARNING: Error flushing queue during shutdown, ignore and continue
Jun 13, 2014 9:23:29 AM org.jivesoftware.smack.PacketWriter writePackets
WARNING: Error flushing queue during shutdown, ignore and continue
Jun 13, 2014 9:23:29 AM org.jivesoftware.smack.PacketWriter writePackets
WARNING: Error flushing queue during shutdown, ignore and continue
Jun 13, 2014 9:23:29 AM org.jivesoftware.smack.PacketWriter writePackets
WARNING: Error flushing queue during shutdown, ignore and continue
Jun 13, 2014 9:23:29 AM org.jivesoftware.smack.PacketWriter writePackets
WARNING: Error flushing queue during shutdown, ignore and continue
Jun 13, 2014 9:23:30 AM org.jivesoftware.smack.PacketWriter writePackets
WARNING: Error flushing queue during shutdown, ignore and continue
Jun 13, 2014 9:23:30 AM org.jivesoftware.smack.PacketWriter writePackets
WARNING: Error flushing queue during shutdown, ignore and continue
Jun 13, 2014 9:23:30 AM org.jivesoftware.smack.PacketWriter writePackets
WARNING: Error flushing queue during shutdown, ignore and continue
Jun 13, 2014 9:23:30 AM org.jivesoftware.smack.PacketWriter writePackets
WARNING: Error flushing queue during shutdown, ignore and continue
Jun 13, 2014 9:23:31 AM org.jivesoftware.smack.PacketWriter writePackets
WARNING: Error flushing queue during shutdown, ignore and continue
Jun 13, 2014 9:23:32 AM org.jivesoftware.smack.PacketWriter writePackets
WARNING: Error flushing queue during shutdown, ignore and continue
Jun 13, 2014 9:23:32 AM org.jivesoftware.smack.PacketWriter writePackets
WARNING: Error flushing queue during shutdown, ignore and continue
Jun 13, 2014 9:23:32 AM org.jivesoftware.smack.PacketWriter writePackets
WARNING: Error flushing queue during shutdown, ignore and continue
Jun 13, 2014 9:23:32 AM org.jivesoftware.smack.PacketWriter writePackets
WARNING: Error flushing queue during shutdown, ignore and continue
Jun 13, 2014 9:23:32 AM org.jivesoftware.smack.PacketWriter writePackets
WARNING: Error flushing queue during shutdown, ignore and continue
Jun 13, 2014 9:23:32 AM org.jivesoftware.smack.PacketWriter writePackets
WARNING: Error flushing queue during shutdown, ignore and continue
Jun 13, 2014 9:23:32 AM org.jivesoftware.smack.PacketWriter writePackets
WARNING: Error flushing queue during shutdown, ignore and continue
Jun 13, 2014 9:23:33 AM org.jivesoftware.smack.PacketWriter writePackets
WARNING: Error flushing queue during shutdown, ignore and continue
Jun 13, 2014 9:23:33 AM org.jivesoftware.smack.PacketWriter writePackets
WARNING: Error flushing queue during shutdown, ignore and continue
Jun 13, 2014 9:23:33 AM org.jivesoftware.smack.PacketWriter writePackets
WARNING: Error flushing queue during shutdown, ignore and continue
Jun 13, 2014 9:23:34 AM org.jivesoftware.smack.PacketWriter writePackets
WARNING: Error flushing queue during shutdown, ignore and continue
Jun 13, 2014 9:23:36 AM org.jivesoftware.smack.PacketWriter writePackets
WARNING: Error flushing queue during shutdown, ignore and continue
Jun 13, 2014 9:23:37 AM org.jivesoftware.smack.PacketWriter writePackets
WARNING: Error flushing queue during shutdown, ignore and continue
