Fri Jun 13 08:25:11 UTC 2014
  PID USER      PR  NI    VIRT    RES    SHR S  %CPU %MEM     TIME+ COMMAND
 1566 ubuntu    20   0 16.889g 275148  14440 S   0.0  1.8   0:13.91 java
Fri Jun 13 08:25:13 UTC 2014
  PID USER      PR  NI    VIRT    RES    SHR S  %CPU %MEM     TIME+ COMMAND
 1566 ubuntu    20   0 16.889g 275148  14440 S   0.0  1.8   0:13.91 java
Fri Jun 13 08:25:14 UTC 2014
  PID USER      PR  NI    VIRT    RES    SHR S  %CPU %MEM     TIME+ COMMAND
 1566 ubuntu    20   0 16.889g 275148  14440 S   0.0  1.8   0:13.92 java
Fri Jun 13 08:25:15 UTC 2014
  PID USER      PR  NI    VIRT    RES    SHR S  %CPU %MEM     TIME+ COMMAND
 1566 ubuntu    20   0 16.889g 275148  14440 S   0.0  1.8   0:13.93 java
Fri Jun 13 08:25:16 UTC 2014
  PID USER      PR  NI    VIRT    RES    SHR S  %CPU %MEM     TIME+ COMMAND
 1566 ubuntu    20   0 16.889g 275148  14440 S   0.0  1.8   0:13.93 java
Fri Jun 13 08:25:17 UTC 2014
  PID USER      PR  NI    VIRT    RES    SHR S  %CPU %MEM     TIME+ COMMAND
 1566 ubuntu    20   0 16.889g 275148  14440 S   0.0  1.8   0:13.94 java
Fri Jun 13 08:25:18 UTC 2014
  PID USER      PR  NI    VIRT    RES    SHR S  %CPU %MEM     TIME+ COMMAND
 1566 ubuntu    20   0 16.889g 275148  14440 S   0.0  1.8   0:13.96 java
Fri Jun 13 08:25:20 UTC 2014
  PID USER      PR  NI    VIRT    RES    SHR S  %CPU %MEM     TIME+ COMMAND
 1566 ubuntu    20   0 16.889g 275148  14440 S   0.0  1.8   0:13.96 java
Fri Jun 13 08:25:21 UTC 2014
  PID USER      PR  NI    VIRT    RES    SHR S  %CPU %MEM     TIME+ COMMAND
 1566 ubuntu    20   0 16.889g 275148  14440 S   0.0  1.8   0:13.98 java
Fri Jun 13 08:25:22 UTC 2014
  PID USER      PR  NI    VIRT    RES    SHR S  %CPU %MEM     TIME+ COMMAND
 1566 ubuntu    20   0 16.889g 275148  14440 S   0.0  1.8   0:13.98 java
Fri Jun 13 08:25:23 UTC 2014
  PID USER      PR  NI    VIRT    RES    SHR S  %CPU %MEM     TIME+ COMMAND
 1566 ubuntu    20   0 16.889g 275148  14440 S   0.0  1.8   0:13.99 java
Fri Jun 13 08:25:24 UTC 2014
  PID USER      PR  NI    VIRT    RES    SHR S  %CPU %MEM     TIME+ COMMAND
 1566 ubuntu    20   0 16.889g 275148  14440 S   0.0  1.8   0:13.99 java
Fri Jun 13 08:25:25 UTC 2014
  PID USER      PR  NI    VIRT    RES    SHR S  %CPU %MEM     TIME+ COMMAND
 1566 ubuntu    20   0 16.889g 275148  14440 S   6.6  1.8   0:14.01 java
Fri Jun 13 08:25:27 UTC 2014
  PID USER      PR  NI    VIRT    RES    SHR S  %CPU %MEM     TIME+ COMMAND
 1566 ubuntu    20   0 16.889g 275148  14440 S   0.0  1.8   0:14.01 java
Fri Jun 13 08:25:28 UTC 2014
  PID USER      PR  NI    VIRT    RES    SHR S  %CPU %MEM     TIME+ COMMAND
 1566 ubuntu    20   0 16.889g 275148  14440 S   0.0  1.8   0:14.01 java
Fri Jun 13 08:25:29 UTC 2014
  PID USER      PR  NI    VIRT    RES    SHR S  %CPU %MEM     TIME+ COMMAND
 1566 ubuntu    20   0 16.889g 275148  14440 S   0.0  1.8   0:14.02 java
Fri Jun 13 08:25:30 UTC 2014
  PID USER      PR  NI    VIRT    RES    SHR S  %CPU %MEM     TIME+ COMMAND
 1566 ubuntu    20   0 16.889g 275148  14440 S   0.0  1.8   0:14.02 java
Fri Jun 13 08:25:31 UTC 2014
  PID USER      PR  NI    VIRT    RES    SHR S  %CPU %MEM     TIME+ COMMAND
 1566 ubuntu    20   0 16.889g 275268  14440 S   0.0  1.8   0:14.04 java
Fri Jun 13 08:25:32 UTC 2014
  PID USER      PR  NI    VIRT    RES    SHR S  %CPU %MEM     TIME+ COMMAND
 1566 ubuntu    20   0 16.889g 275268  14440 S   0.0  1.8   0:14.04 java
Fri Jun 13 08:25:34 UTC 2014
  PID USER      PR  NI    VIRT    RES    SHR S  %CPU %MEM     TIME+ COMMAND
 1566 ubuntu    20   0 16.889g 275268  14440 S   0.0  1.8   0:14.06 java
Fri Jun 13 08:25:35 UTC 2014
  PID USER      PR  NI    VIRT    RES    SHR S  %CPU %MEM     TIME+ COMMAND
 1566 ubuntu    20   0 16.889g 275268  14440 S   0.0  1.8   0:14.06 java
Fri Jun 13 08:25:36 UTC 2014
  PID USER      PR  NI    VIRT    RES    SHR S  %CPU %MEM     TIME+ COMMAND
 1566 ubuntu    20   0 16.889g 275268  14440 S   0.0  1.8   0:14.07 java
Fri Jun 13 08:25:37 UTC 2014
  PID USER      PR  NI    VIRT    RES    SHR S  %CPU %MEM     TIME+ COMMAND
 1566 ubuntu    20   0 16.889g 275268  14440 S   0.0  1.8   0:14.07 java
Fri Jun 13 08:25:38 UTC 2014
  PID USER      PR  NI    VIRT    RES    SHR S  %CPU %MEM     TIME+ COMMAND
 1566 ubuntu    20   0 16.889g 275268  14440 S   0.0  1.8   0:14.09 java
Fri Jun 13 08:25:40 UTC 2014
  PID USER      PR  NI    VIRT    RES    SHR S  %CPU %MEM     TIME+ COMMAND
 1566 ubuntu    20   0 16.889g 275268  14440 S   6.6  1.8   0:14.10 java
Fri Jun 13 08:25:41 UTC 2014
  PID USER      PR  NI    VIRT    RES    SHR S  %CPU %MEM     TIME+ COMMAND
 1566 ubuntu    20   0 16.889g 275268  14440 S   6.6  1.8   0:14.13 java
Fri Jun 13 08:25:42 UTC 2014
  PID USER      PR  NI    VIRT    RES    SHR S  %CPU %MEM     TIME+ COMMAND
 1566 ubuntu    20   0 16.889g 275268  14440 S   0.0  1.8   0:14.13 java
Fri Jun 13 08:25:43 UTC 2014
  PID USER      PR  NI    VIRT    RES    SHR S  %CPU %MEM     TIME+ COMMAND
 1566 ubuntu    20   0 16.889g 276348  14440 S  13.3  1.8   0:14.31 java
Fri Jun 13 08:25:44 UTC 2014
  PID USER      PR  NI    VIRT    RES    SHR S  %CPU %MEM     TIME+ COMMAND
 1566 ubuntu    20   0 16.889g 277820  14440 S   6.6  1.8   0:14.49 java
Fri Jun 13 08:25:45 UTC 2014
  PID USER      PR  NI    VIRT    RES    SHR S  %CPU %MEM     TIME+ COMMAND
 1566 ubuntu    20   0 16.889g 278080  14528 S 271.4  1.8   0:15.14 java
Fri Jun 13 08:25:47 UTC 2014
  PID USER      PR  NI    VIRT    RES    SHR S  %CPU %MEM     TIME+ COMMAND
 1566 ubuntu    20   0 16.889g 281428  14548 S  19.9  1.8   0:15.62 java
Fri Jun 13 08:25:48 UTC 2014
  PID USER      PR  NI    VIRT    RES    SHR S  %CPU %MEM     TIME+ COMMAND
 1566 ubuntu    20   0 16.889g 283176  14620 S  19.9  1.8   0:16.14 java
Fri Jun 13 08:25:49 UTC 2014
  PID USER      PR  NI    VIRT    RES    SHR S  %CPU %MEM     TIME+ COMMAND
 1566 ubuntu    20   0 16.889g 290504  14620 S  72.9  1.9   0:16.86 java
Fri Jun 13 08:25:50 UTC 2014
  PID USER      PR  NI    VIRT    RES    SHR S  %CPU %MEM     TIME+ COMMAND
 1566 ubuntu    20   0 16.889g 294272  14620 S  66.2  1.9   0:17.71 java
Fri Jun 13 08:25:51 UTC 2014
  PID USER      PR  NI    VIRT    RES    SHR S  %CPU %MEM     TIME+ COMMAND
 1566 ubuntu    20   0 16.890g 307872  14632 S 205.2  2.0   0:19.06 java
Fri Jun 13 08:25:52 UTC 2014
  PID USER      PR  NI    VIRT    RES    SHR S  %CPU %MEM     TIME+ COMMAND
 1566 ubuntu    20   0 16.890g 310760  14632 S 218.5  2.0   0:20.17 java
Fri Jun 13 08:25:54 UTC 2014
  PID USER      PR  NI    VIRT    RES    SHR S  %CPU %MEM     TIME+ COMMAND
 1566 ubuntu    20   0 16.890g 313116  14632 S 132.6  2.0   0:21.32 java
Fri Jun 13 08:25:55 UTC 2014
  PID USER      PR  NI    VIRT    RES    SHR S  %CPU %MEM     TIME+ COMMAND
 1566 ubuntu    20   0 16.890g 315912  14640 S 164.6  2.1   0:22.52 java
Fri Jun 13 08:25:56 UTC 2014
  PID USER      PR  NI    VIRT    RES    SHR S  %CPU %MEM     TIME+ COMMAND
 1566 ubuntu    20   0 16.890g 320716  14640 S  53.0  2.1   0:23.54 java
Fri Jun 13 08:25:57 UTC 2014
  PID USER      PR  NI    VIRT    RES    SHR S  %CPU %MEM     TIME+ COMMAND
 1566 ubuntu    20   0 16.890g 321884  14640 S  86.1  2.1   0:24.37 java
Fri Jun 13 08:25:58 UTC 2014
  PID USER      PR  NI    VIRT    RES    SHR S  %CPU %MEM     TIME+ COMMAND
 1566 ubuntu    20   0 16.891g 341592  14644 S  79.5  2.2   0:25.93 java
Fri Jun 13 08:25:59 UTC 2014
  PID USER      PR  NI    VIRT    RES    SHR S  %CPU %MEM     TIME+ COMMAND
 1566 ubuntu    20   0 16.891g 342276  14644 S 125.9  2.2   0:27.13 java
Fri Jun 13 08:26:01 UTC 2014
  PID USER      PR  NI    VIRT    RES    SHR S  %CPU %MEM     TIME+ COMMAND
 1566 ubuntu    20   0 16.891g 353520  14644 S  79.3  2.3   0:28.71 java
Fri Jun 13 08:26:02 UTC 2014
  PID USER      PR  NI    VIRT    RES    SHR S  %CPU %MEM     TIME+ COMMAND
 1566 ubuntu    20   0 16.891g 354760  14644 S  46.4  2.3   0:29.90 java
Fri Jun 13 08:26:03 UTC 2014
  PID USER      PR  NI    VIRT    RES    SHR S  %CPU %MEM     TIME+ COMMAND
 1566 ubuntu    20   0 16.891g 353100  14648 S  66.2  2.3   0:30.57 java
Fri Jun 13 08:26:04 UTC 2014
  PID USER      PR  NI    VIRT    RES    SHR S  %CPU %MEM     TIME+ COMMAND
 1566 ubuntu    20   0 16.891g 353100  14648 S  65.2  2.3   0:31.12 java
Fri Jun 13 08:26:05 UTC 2014
  PID USER      PR  NI    VIRT    RES    SHR S  %CPU %MEM     TIME+ COMMAND
 1566 ubuntu    20   0 16.891g 350768  14648 S  39.7  2.3   0:31.68 java
Fri Jun 13 08:26:06 UTC 2014
  PID USER      PR  NI    VIRT    RES    SHR S  %CPU %MEM     TIME+ COMMAND
 1566 ubuntu    20   0 16.891g 348164  14648 S  33.1  2.3   0:32.09 java
Fri Jun 13 08:26:08 UTC 2014
  PID USER      PR  NI    VIRT    RES    SHR S  %CPU %MEM     TIME+ COMMAND
 1566 ubuntu    20   0 16.891g 345520  14648 S  39.8  2.2   0:32.54 java
Fri Jun 13 08:26:09 UTC 2014
  PID USER      PR  NI    VIRT    RES    SHR S  %CPU %MEM     TIME+ COMMAND
 1566 ubuntu    20   0 16.891g 345636  14648 S  72.9  2.2   0:33.01 java
Fri Jun 13 08:26:10 UTC 2014
  PID USER      PR  NI    VIRT    RES    SHR S  %CPU %MEM     TIME+ COMMAND
 1566 ubuntu    20   0 16.891g 342276  14648 S  19.9  2.2   0:33.35 java
Fri Jun 13 08:26:11 UTC 2014
  PID USER      PR  NI    VIRT    RES    SHR S  %CPU %MEM     TIME+ COMMAND
 1566 ubuntu    20   0 16.891g 338344  14648 S  26.5  2.2   0:33.68 java
Fri Jun 13 08:26:12 UTC 2014
  PID USER      PR  NI    VIRT    RES    SHR S  %CPU %MEM     TIME+ COMMAND
 1566 ubuntu    20   0 16.891g 334712  14648 S  26.5  2.2   0:33.98 java
Fri Jun 13 08:26:14 UTC 2014
  PID USER      PR  NI    VIRT    RES    SHR S  %CPU %MEM     TIME+ COMMAND
 1566 ubuntu    20   0 16.891g 337280  14648 S  19.9  2.2   0:34.47 java
Fri Jun 13 08:26:15 UTC 2014
  PID USER      PR  NI    VIRT    RES    SHR S  %CPU %MEM     TIME+ COMMAND
 1566 ubuntu    20   0 16.891g 336228  14648 S  33.0  2.2   0:34.77 java
Fri Jun 13 08:26:16 UTC 2014
  PID USER      PR  NI    VIRT    RES    SHR S  %CPU %MEM     TIME+ COMMAND
 1566 ubuntu    20   0 16.891g 332344  14648 S  19.9  2.2   0:35.11 java
Fri Jun 13 08:26:17 UTC 2014
  PID USER      PR  NI    VIRT    RES    SHR S  %CPU %MEM     TIME+ COMMAND
 1566 ubuntu    20   0 16.891g 330704  14648 S  59.6  2.1   0:35.47 java
Fri Jun 13 08:26:18 UTC 2014
  PID USER      PR  NI    VIRT    RES    SHR S  %CPU %MEM     TIME+ COMMAND
 1566 ubuntu    20   0 16.891g 322700  14648 S  33.1  2.1   0:36.24 java
Fri Jun 13 08:26:19 UTC 2014
  PID USER      PR  NI    VIRT    RES    SHR S  %CPU %MEM     TIME+ COMMAND
 1566 ubuntu    20   0 16.891g 322740  14648 S  33.1  2.1   0:36.61 java
Fri Jun 13 08:26:21 UTC 2014
  PID USER      PR  NI    VIRT    RES    SHR S  %CPU %MEM     TIME+ COMMAND
 1566 ubuntu    20   0 16.891g 319400  14648 S  46.4  2.1   0:37.05 java
Fri Jun 13 08:26:22 UTC 2014
  PID USER      PR  NI    VIRT    RES    SHR S  %CPU %MEM     TIME+ COMMAND
 1566 ubuntu    20   0 16.891g 316056  14648 S  46.3  2.1   0:37.47 java
Fri Jun 13 08:26:23 UTC 2014
  PID USER      PR  NI    VIRT    RES    SHR S  %CPU %MEM     TIME+ COMMAND
 1566 ubuntu    20   0 16.891g 310992  14648 S  19.9  2.0   0:37.81 java
Fri Jun 13 08:26:24 UTC 2014
  PID USER      PR  NI    VIRT    RES    SHR S  %CPU %MEM     TIME+ COMMAND
 1566 ubuntu    20   0 16.891g 307740  14648 S  26.5  2.0   0:38.37 java
Fri Jun 13 08:26:25 UTC 2014
  PID USER      PR  NI    VIRT    RES    SHR S  %CPU %MEM     TIME+ COMMAND
 1566 ubuntu    20   0 16.891g 300564  14648 S  92.7  2.0   0:38.84 java
Fri Jun 13 08:26:26 UTC 2014
  PID USER      PR  NI    VIRT    RES    SHR S  %CPU %MEM     TIME+ COMMAND
 1566 ubuntu    20   0 16.891g 296972  14648 S  52.9  1.9   0:39.43 java
Fri Jun 13 08:26:28 UTC 2014
  PID USER      PR  NI    VIRT    RES    SHR S  %CPU %MEM     TIME+ COMMAND
 1566 ubuntu    20   0 16.891g 293380  14648 S  46.2  1.9   0:40.01 java
Fri Jun 13 08:26:29 UTC 2014
  PID USER      PR  NI    VIRT    RES    SHR S  %CPU %MEM     TIME+ COMMAND
 1566 ubuntu    20   0 16.891g 286712  14648 S  39.8  1.9   0:40.39 java
Fri Jun 13 08:26:30 UTC 2014
  PID USER      PR  NI    VIRT    RES    SHR S  %CPU %MEM     TIME+ COMMAND
 1566 ubuntu    20   0 16.891g 283632  14648 S  26.5  1.8   0:40.80 java
Fri Jun 13 08:26:31 UTC 2014
  PID USER      PR  NI    VIRT    RES    SHR S  %CPU %MEM     TIME+ COMMAND
 1566 ubuntu    20   0 16.891g 281580  14648 S  46.3  1.8   0:41.24 java
Fri Jun 13 08:26:32 UTC 2014
  PID USER      PR  NI    VIRT    RES    SHR S  %CPU %MEM     TIME+ COMMAND
 1566 ubuntu    20   0 16.891g 276452  14648 S  26.5  1.8   0:41.62 java
Fri Jun 13 08:26:33 UTC 2014
  PID USER      PR  NI    VIRT    RES    SHR S  %CPU %MEM     TIME+ COMMAND
 1566 ubuntu    20   0 16.891g 273372  14648 S  46.4  1.8   0:42.08 java
Fri Jun 13 08:26:35 UTC 2014
  PID USER      PR  NI    VIRT    RES    SHR S  %CPU %MEM     TIME+ COMMAND
 1566 ubuntu    20   0 16.891g 271320  14648 S  39.7  1.8   0:42.38 java
Fri Jun 13 08:26:36 UTC 2014
  PID USER      PR  NI    VIRT    RES    SHR S  %CPU %MEM     TIME+ COMMAND
 1566 ubuntu    20   0 16.891g 267480  14648 S 105.9  1.7   0:43.00 java
Fri Jun 13 08:26:37 UTC 2014
  PID USER      PR  NI    VIRT    RES    SHR S  %CPU %MEM     TIME+ COMMAND
 1566 ubuntu    20   0 16.891g 264404  14648 S  26.5  1.7   0:43.73 java
Fri Jun 13 08:26:38 UTC 2014
  PID USER      PR  NI    VIRT    RES    SHR S  %CPU %MEM     TIME+ COMMAND
 1566 ubuntu    20   0 16.891g 261584  14648 S  39.7  1.7   0:44.10 java
Fri Jun 13 08:26:39 UTC 2014
  PID USER      PR  NI    VIRT    RES    SHR S  %CPU %MEM     TIME+ COMMAND
 1566 ubuntu    20   0 16.891g 259532  14648 S  19.9  1.7   0:44.50 java
Fri Jun 13 08:26:41 UTC 2014
  PID USER      PR  NI    VIRT    RES    SHR S  %CPU %MEM     TIME+ COMMAND
 1566 ubuntu    20   0 16.891g 255940  14648 S  26.5  1.7   0:44.89 java
Fri Jun 13 08:26:42 UTC 2014
  PID USER      PR  NI    VIRT    RES    SHR S  %CPU %MEM     TIME+ COMMAND
 1566 ubuntu    20   0 16.891g 253888  14648 S  46.4  1.6   0:45.35 java
Fri Jun 13 08:26:43 UTC 2014
  PID USER      PR  NI    VIRT    RES    SHR S  %CPU %MEM     TIME+ COMMAND
 1566 ubuntu    20   0 16.891g 251836  14648 S  53.0  1.6   0:45.83 java
Fri Jun 13 08:26:44 UTC 2014
  PID USER      PR  NI    VIRT    RES    SHR S  %CPU %MEM     TIME+ COMMAND
 1566 ubuntu    20   0 16.891g 249784  14648 S  19.9  1.6   0:46.17 java
Fri Jun 13 08:26:45 UTC 2014
  PID USER      PR  NI    VIRT    RES    SHR S  %CPU %MEM     TIME+ COMMAND
 1566 ubuntu    20   0 16.891g 247996  14648 S  39.7  1.6   0:46.55 java
Fri Jun 13 08:26:46 UTC 2014
  PID USER      PR  NI    VIRT    RES    SHR S  %CPU %MEM     TIME+ COMMAND
 1566 ubuntu    20   0 16.891g 246460  14648 S  39.7  1.6   0:46.88 java
Fri Jun 13 08:26:48 UTC 2014
  PID USER      PR  NI    VIRT    RES    SHR S  %CPU %MEM     TIME+ COMMAND
 1566 ubuntu    20   0 16.891g 245696  14648 S  59.5  1.6   0:47.30 java
Fri Jun 13 08:26:49 UTC 2014
  PID USER      PR  NI    VIRT    RES    SHR S  %CPU %MEM     TIME+ COMMAND
 1566 ubuntu    20   0 16.891g 243680  14648 S  33.1  1.6   0:47.73 java
Fri Jun 13 08:26:50 UTC 2014
  PID USER      PR  NI    VIRT    RES    SHR S  %CPU %MEM     TIME+ COMMAND
 1566 ubuntu    20   0 16.891g 242656  14648 S  26.5  1.6   0:48.09 java
Fri Jun 13 08:26:51 UTC 2014
  PID USER      PR  NI    VIRT    RES    SHR S  %CPU %MEM     TIME+ COMMAND
 1566 ubuntu    20   0 16.891g 241116  14648 S  26.5  1.6   0:48.55 java
Fri Jun 13 08:26:52 UTC 2014
  PID USER      PR  NI    VIRT    RES    SHR S  %CPU %MEM     TIME+ COMMAND
 1566 ubuntu    20   0 16.891g 239328  14648 S  46.4  1.6   0:49.14 java
Fri Jun 13 08:26:53 UTC 2014
  PID USER      PR  NI    VIRT    RES    SHR S  %CPU %MEM     TIME+ COMMAND
 1566 ubuntu    20   0 16.891g 238564  14648 S  13.3  1.5   0:49.58 java
Fri Jun 13 08:26:55 UTC 2014
  PID USER      PR  NI    VIRT    RES    SHR S  %CPU %MEM     TIME+ COMMAND
 1566 ubuntu    20   0 16.891g 237540  14648 S  19.9  1.5   0:50.16 java
Fri Jun 13 08:26:56 UTC 2014
  PID USER      PR  NI    VIRT    RES    SHR S  %CPU %MEM     TIME+ COMMAND
 1566 ubuntu    20   0 16.891g 237292  14648 S  53.0  1.5   0:50.65 java
Fri Jun 13 08:26:57 UTC 2014
  PID USER      PR  NI    VIRT    RES    SHR S  %CPU %MEM     TIME+ COMMAND
 1566 ubuntu    20   0 16.891g 237048  14648 S  19.8  1.5   0:51.12 java
Fri Jun 13 08:26:58 UTC 2014
  PID USER      PR  NI    VIRT    RES    SHR S  %CPU %MEM     TIME+ COMMAND
 1566 ubuntu    20   0 16.891g 237516  14648 S  53.0  1.5   0:51.65 java
Fri Jun 13 08:26:59 UTC 2014
  PID USER      PR  NI    VIRT    RES    SHR S  %CPU %MEM     TIME+ COMMAND
 1566 ubuntu    20   0 16.891g 237780  14648 S  92.7  1.5   0:52.20 java
Fri Jun 13 08:27:00 UTC 2014
  PID USER      PR  NI    VIRT    RES    SHR S  %CPU %MEM     TIME+ COMMAND
 1566 ubuntu    20   0 16.891g 238044  14648 S  46.3  1.5   0:53.48 java
Fri Jun 13 08:27:02 UTC 2014
  PID USER      PR  NI    VIRT    RES    SHR S  %CPU %MEM     TIME+ COMMAND
 1566 ubuntu    20   0 16.891g 238648  14648 S  46.4  1.5   0:54.06 java
Fri Jun 13 08:27:03 UTC 2014
  PID USER      PR  NI    VIRT    RES    SHR S  %CPU %MEM     TIME+ COMMAND
 1566 ubuntu    20   0 16.891g 239060  14648 S  46.4  1.6   0:54.83 java
Fri Jun 13 08:27:04 UTC 2014
  PID USER      PR  NI    VIRT    RES    SHR S  %CPU %MEM     TIME+ COMMAND
 1566 ubuntu    20   0 16.891g 239060  14648 S  13.3  1.6   0:55.30 java
Fri Jun 13 08:27:05 UTC 2014
  PID USER      PR  NI    VIRT    RES    SHR S  %CPU %MEM     TIME+ COMMAND
 1566 ubuntu    20   0 16.891g 239580  14648 S  79.5  1.6   0:55.92 java
Fri Jun 13 08:27:06 UTC 2014
  PID USER      PR  NI    VIRT    RES    SHR S  %CPU %MEM     TIME+ COMMAND
 1566 ubuntu    20   0 16.891g 240852  14648 S  46.4  1.6   0:56.56 java
Fri Jun 13 08:27:08 UTC 2014
  PID USER      PR  NI    VIRT    RES    SHR S  %CPU %MEM     TIME+ COMMAND
 1566 ubuntu    20   0 16.891g 246232  14648 S  33.1  1.6   0:57.30 java
Fri Jun 13 08:27:09 UTC 2014
  PID USER      PR  NI    VIRT    RES    SHR S  %CPU %MEM     TIME+ COMMAND
 1566 ubuntu    20   0 16.891g 246232  14648 S  59.6  1.6   0:57.83 java
Fri Jun 13 08:27:10 UTC 2014
  PID USER      PR  NI    VIRT    RES    SHR S  %CPU %MEM     TIME+ COMMAND
 1566 ubuntu    20   0 16.891g 246496  14648 S  53.0  1.6   0:58.40 java
Fri Jun 13 08:27:11 UTC 2014
  PID USER      PR  NI    VIRT    RES    SHR S  %CPU %MEM     TIME+ COMMAND
 1566 ubuntu    20   0 16.891g 246760  14648 S  59.6  1.6   0:59.08 java
Fri Jun 13 08:27:12 UTC 2014
  PID USER      PR  NI    VIRT    RES    SHR S  %CPU %MEM     TIME+ COMMAND
 1566 ubuntu    20   0 16.891g 247020  14648 S  86.1  1.6   1:00.42 java
Fri Jun 13 08:27:13 UTC 2014
  PID USER      PR  NI    VIRT    RES    SHR S  %CPU %MEM     TIME+ COMMAND
 1566 ubuntu    20   0 16.891g 247284  14648 S  85.3  1.6   1:01.27 java
Fri Jun 13 08:27:15 UTC 2014
  PID USER      PR  NI    VIRT    RES    SHR S  %CPU %MEM     TIME+ COMMAND
 1566 ubuntu    20   0 16.891g 247468  14648 S  53.0  1.6   1:02.07 java
Fri Jun 13 08:27:16 UTC 2014
  PID USER      PR  NI    VIRT    RES    SHR S  %CPU %MEM     TIME+ COMMAND
 1566 ubuntu    20   0 16.891g 247468  14648 S  66.3  1.6   1:02.80 java
Fri Jun 13 08:27:17 UTC 2014
  PID USER      PR  NI    VIRT    RES    SHR S  %CPU %MEM     TIME+ COMMAND
 1566 ubuntu    20   0 16.891g 247984  14648 S  59.7  1.6   1:03.46 java
Fri Jun 13 08:27:18 UTC 2014
  PID USER      PR  NI    VIRT    RES    SHR S  %CPU %MEM     TIME+ COMMAND
 1566 ubuntu    20   0 16.891g 247984  14648 S  46.3  1.6   1:04.01 java
Fri Jun 13 08:27:19 UTC 2014
  PID USER      PR  NI    VIRT    RES    SHR S  %CPU %MEM     TIME+ COMMAND
 1566 ubuntu    20   0 16.891g 247984  14648 S  79.5  1.6   1:04.76 java
Fri Jun 13 08:27:20 UTC 2014
  PID USER      PR  NI    VIRT    RES    SHR S  %CPU %MEM     TIME+ COMMAND
 1566 ubuntu    20   0 16.891g 247984  14648 S  59.6  1.6   1:05.40 java
Fri Jun 13 08:27:22 UTC 2014
  PID USER      PR  NI    VIRT    RES    SHR S  %CPU %MEM     TIME+ COMMAND
 1566 ubuntu    20   0 16.891g 248512  14648 S 105.6  1.6   1:06.31 java
Fri Jun 13 08:27:23 UTC 2014
  PID USER      PR  NI    VIRT    RES    SHR S  %CPU %MEM     TIME+ COMMAND
 1566 ubuntu    20   0 16.891g 249048  14648 S  53.0  1.6   1:06.80 java
Fri Jun 13 08:27:24 UTC 2014
  PID USER      PR  NI    VIRT    RES    SHR S  %CPU %MEM     TIME+ COMMAND
 1566 ubuntu    20   0 16.891g 257840  14648 S  53.0  1.7   1:07.56 java
Fri Jun 13 08:27:25 UTC 2014
  PID USER      PR  NI    VIRT    RES    SHR S  %CPU %MEM     TIME+ COMMAND
 1566 ubuntu    20   0 16.891g 257840  14648 S  86.0  1.7   1:08.38 java
Fri Jun 13 08:27:26 UTC 2014
  PID USER      PR  NI    VIRT    RES    SHR S  %CPU %MEM     TIME+ COMMAND
 1566 ubuntu    20   0 16.891g 258300  14648 S  86.0  1.7   1:09.47 java
Fri Jun 13 08:27:28 UTC 2014
  PID USER      PR  NI    VIRT    RES    SHR S  %CPU %MEM     TIME+ COMMAND
 1566 ubuntu    20   0 16.891g 258564  14648 S  86.1  1.7   1:10.26 java
Fri Jun 13 08:27:29 UTC 2014
  PID USER      PR  NI    VIRT    RES    SHR S  %CPU %MEM     TIME+ COMMAND
 1566 ubuntu    20   0 16.891g 259092  14648 S  79.4  1.7   1:11.36 java
Fri Jun 13 08:27:30 UTC 2014
  PID USER      PR  NI    VIRT    RES    SHR S  %CPU %MEM     TIME+ COMMAND
 1566 ubuntu    20   0 16.891g 259620  14648 S 139.0  1.7   1:12.52 java
Fri Jun 13 08:27:31 UTC 2014
  PID USER      PR  NI    VIRT    RES    SHR S  %CPU %MEM     TIME+ COMMAND
 1566 ubuntu    20   0 16.891g 259620  14648 S  72.6  1.7   1:13.56 java
Fri Jun 13 08:27:32 UTC 2014
  PID USER      PR  NI    VIRT    RES    SHR S  %CPU %MEM     TIME+ COMMAND
 1566 ubuntu    20   0 16.891g 259792  14648 S 105.8  1.7   1:14.65 java
Fri Jun 13 08:27:33 UTC 2014
  PID USER      PR  NI    VIRT    RES    SHR S  %CPU %MEM     TIME+ COMMAND
 1566 ubuntu    20   0 16.891g 260352  14648 S  66.2  1.7   1:15.64 java
Fri Jun 13 08:27:35 UTC 2014
  PID USER      PR  NI    VIRT    RES    SHR S  %CPU %MEM     TIME+ COMMAND
 1566 ubuntu    20   0 16.891g 260880  14648 S  59.6  1.7   1:16.74 java
Fri Jun 13 08:27:36 UTC 2014
  PID USER      PR  NI    VIRT    RES    SHR S  %CPU %MEM     TIME+ COMMAND
 1566 ubuntu    20   0 16.891g 267380  14648 S  53.0  1.7   1:17.77 java
Fri Jun 13 08:27:37 UTC 2014
  PID USER      PR  NI    VIRT    RES    SHR S  %CPU %MEM     TIME+ COMMAND
 1566 ubuntu    20   0 16.891g 267908  14648 S  99.3  1.7   1:18.61 java
Fri Jun 13 08:27:38 UTC 2014
  PID USER      PR  NI    VIRT    RES    SHR S  %CPU %MEM     TIME+ COMMAND
 1566 ubuntu    20   0 16.891g 267908  14648 S 119.2  1.7   1:19.62 java
Fri Jun 13 08:27:39 UTC 2014
  PID USER      PR  NI    VIRT    RES    SHR S  %CPU %MEM     TIME+ COMMAND
 1566 ubuntu    20   0 16.891g 267908  14648 S  72.8  1.7   1:20.45 java
Fri Jun 13 08:27:40 UTC 2014
  PID USER      PR  NI    VIRT    RES    SHR S  %CPU %MEM     TIME+ COMMAND
 1566 ubuntu    20   0 16.891g 268700  14648 S  59.5  1.7   1:21.59 java
Fri Jun 13 08:27:42 UTC 2014
  PID USER      PR  NI    VIRT    RES    SHR S  %CPU %MEM     TIME+ COMMAND
 1566 ubuntu    20   0 16.891g 268816  14648 S 125.7  1.7   1:22.63 java
Fri Jun 13 08:27:43 UTC 2014
  PID USER      PR  NI    VIRT    RES    SHR S  %CPU %MEM     TIME+ COMMAND
 1566 ubuntu    20   0 16.891g 269076  14648 S  86.2  1.7   1:23.46 java
Fri Jun 13 08:27:44 UTC 2014
  PID USER      PR  NI    VIRT    RES    SHR S  %CPU %MEM     TIME+ COMMAND
 1566 ubuntu    20   0 16.891g 271652  14648 S  86.0  1.8   1:24.54 java
Fri Jun 13 08:27:45 UTC 2014
  PID USER      PR  NI    VIRT    RES    SHR S  %CPU %MEM     TIME+ COMMAND
 1566 ubuntu    20   0 16.891g 274480  14648 S 132.5  1.8   1:25.60 java
Fri Jun 13 08:27:46 UTC 2014
  PID USER      PR  NI    VIRT    RES    SHR S  %CPU %MEM     TIME+ COMMAND
 1566 ubuntu    20   0 16.891g 280108  14648 S 158.6  1.8   1:27.23 java
Fri Jun 13 08:27:47 UTC 2014
  PID USER      PR  NI    VIRT    RES    SHR S  %CPU %MEM     TIME+ COMMAND
 1566 ubuntu    20   0 16.891g 311392  14648 S 145.7  2.0   1:29.01 java
Fri Jun 13 08:27:49 UTC 2014
  PID USER      PR  NI    VIRT    RES    SHR S  %CPU %MEM     TIME+ COMMAND
 1566 ubuntu    20   0 16.891g 312892  14648 S  92.6  2.0   1:30.50 java
Fri Jun 13 08:27:50 UTC 2014
  PID USER      PR  NI    VIRT    RES    SHR S  %CPU %MEM     TIME+ COMMAND
 1566 ubuntu    20   0 16.891g 313524  14648 S  86.0  2.0   1:31.88 java
Fri Jun 13 08:27:51 UTC 2014
  PID USER      PR  NI    VIRT    RES    SHR S  %CPU %MEM     TIME+ COMMAND
 1566 ubuntu    20   0 16.891g 313956  14648 S 105.9  2.0   1:33.69 java
Fri Jun 13 08:27:52 UTC 2014
  PID USER      PR  NI    VIRT    RES    SHR S  %CPU %MEM     TIME+ COMMAND
 1566 ubuntu    20   0 16.891g 314040  14648 S 152.3  2.0   1:35.41 java
Fri Jun 13 08:27:53 UTC 2014
  PID USER      PR  NI    VIRT    RES    SHR S  %CPU %MEM     TIME+ COMMAND
 1566 ubuntu    20   0 16.891g 315484  14648 S 171.8  2.0   1:37.12 java
Fri Jun 13 08:27:55 UTC 2014
  PID USER      PR  NI    VIRT    RES    SHR S  %CPU %MEM     TIME+ COMMAND
 1566 ubuntu    20   0 16.891g 325796  14648 S  79.4  2.1   1:38.69 java
Fri Jun 13 08:27:56 UTC 2014
  PID USER      PR  NI    VIRT    RES    SHR S  %CPU %MEM     TIME+ COMMAND
 1566 ubuntu    20   0 16.891g 325812  14648 S  79.4  2.1   1:39.77 java
Fri Jun 13 08:27:57 UTC 2014
  PID USER      PR  NI    VIRT    RES    SHR S  %CPU %MEM     TIME+ COMMAND
 1566 ubuntu    20   0 16.891g 326144  14648 S 178.4  2.1   1:41.13 java
Fri Jun 13 08:27:58 UTC 2014
  PID USER      PR  NI    VIRT    RES    SHR S  %CPU %MEM     TIME+ COMMAND
 1566 ubuntu    20   0 16.891g 326364  14648 S 119.0  2.1   1:43.13 java
Fri Jun 13 08:27:59 UTC 2014
  PID USER      PR  NI    VIRT    RES    SHR S  %CPU %MEM     TIME+ COMMAND
 1566 ubuntu    20   0 16.891g 327092  14648 S 112.7  2.1   1:44.39 java
Fri Jun 13 08:28:00 UTC 2014
  PID USER      PR  NI    VIRT    RES    SHR S  %CPU %MEM     TIME+ COMMAND
 1566 ubuntu    20   0 16.891g 326800  14648 S 185.2  2.1   1:46.01 java
Fri Jun 13 08:28:02 UTC 2014
  PID USER      PR  NI    VIRT    RES    SHR S  %CPU %MEM     TIME+ COMMAND
 1566 ubuntu    20   0 16.891g 327500  14648 S 218.1  2.1   1:48.16 java
Fri Jun 13 08:28:03 UTC 2014
  PID USER      PR  NI    VIRT    RES    SHR S  %CPU %MEM     TIME+ COMMAND
 1566 ubuntu    20   0 16.891g 328328  14648 S 152.0  2.1   1:49.73 java
Fri Jun 13 08:28:04 UTC 2014
  PID USER      PR  NI    VIRT    RES    SHR S  %CPU %MEM     TIME+ COMMAND
 1566 ubuntu    20   0 16.891g 329392  14648 S 105.8  2.1   1:51.32 java
Fri Jun 13 08:28:05 UTC 2014
  PID USER      PR  NI    VIRT    RES    SHR S  %CPU %MEM     TIME+ COMMAND
 1566 ubuntu    20   0 16.891g 329836  14648 S 132.5  2.1   1:52.66 java
Fri Jun 13 08:28:06 UTC 2014
  PID USER      PR  NI    VIRT    RES    SHR S  %CPU %MEM     TIME+ COMMAND
 1566 ubuntu    20   0 16.891g 330188  14648 S 152.1  2.1   1:54.64 java
Fri Jun 13 08:28:08 UTC 2014
  PID USER      PR  NI    VIRT    RES    SHR S  %CPU %MEM     TIME+ COMMAND
 1566 ubuntu    20   0 16.891g 331032  14648 S 119.3  2.1   1:56.03 java
Fri Jun 13 08:28:09 UTC 2014
  PID USER      PR  NI    VIRT    RES    SHR S  %CPU %MEM     TIME+ COMMAND
 1566 ubuntu    20   0 16.891g 332228  14648 S 185.1  2.2   1:57.79 java
Fri Jun 13 08:28:10 UTC 2014
  PID USER      PR  NI    VIRT    RES    SHR S  %CPU %MEM     TIME+ COMMAND
 1566 ubuntu    20   0 16.891g 332308  14648 S 165.4  2.2   1:59.44 java
Fri Jun 13 08:28:11 UTC 2014
  PID USER      PR  NI    VIRT    RES    SHR S  %CPU %MEM     TIME+ COMMAND
 1566 ubuntu    20   0 16.891g 346716  14648 S 165.4  2.3   2:01.28 java
Fri Jun 13 08:28:12 UTC 2014
  PID USER      PR  NI    VIRT    RES    SHR S  %CPU %MEM     TIME+ COMMAND
 1566 ubuntu    20   0 16.891g 372872  14648 S 125.9  2.4   2:03.00 java
Fri Jun 13 08:28:13 UTC 2014
  PID USER      PR  NI    VIRT    RES    SHR S  %CPU %MEM     TIME+ COMMAND
 1566 ubuntu    20   0 16.891g 373672  14648 S  99.4  2.4   2:04.28 java
Fri Jun 13 08:28:15 UTC 2014
  PID USER      PR  NI    VIRT    RES    SHR S  %CPU %MEM     TIME+ COMMAND
 1566 ubuntu    20   0 16.891g 373436  14648 S 211.5  2.4   2:06.06 java
Fri Jun 13 08:28:16 UTC 2014
  PID USER      PR  NI    VIRT    RES    SHR S  %CPU %MEM     TIME+ COMMAND
 1566 ubuntu    20   0 16.891g 373388  14648 S  72.8  2.4   2:07.79 java
Fri Jun 13 08:28:17 UTC 2014
  PID USER      PR  NI    VIRT    RES    SHR S  %CPU %MEM     TIME+ COMMAND
 1566 ubuntu    20   0 16.891g 373136  14648 S 165.0  2.4   2:09.35 java
Fri Jun 13 08:28:18 UTC 2014
  PID USER      PR  NI    VIRT    RES    SHR S  %CPU %MEM     TIME+ COMMAND
 1566 ubuntu    20   0 16.891g 373152  14648 S 139.2  2.4   2:11.31 java
Fri Jun 13 08:28:19 UTC 2014
  PID USER      PR  NI    VIRT    RES    SHR S  %CPU %MEM     TIME+ COMMAND
 1566 ubuntu    20   0 16.891g 372392  14648 S 125.9  2.4   2:12.87 java
Fri Jun 13 08:28:20 UTC 2014
  PID USER      PR  NI    VIRT    RES    SHR S  %CPU %MEM     TIME+ COMMAND
 1566 ubuntu    20   0 16.891g 373180  14648 S 112.6  2.4   2:14.86 java
Fri Jun 13 08:28:22 UTC 2014
  PID USER      PR  NI    VIRT    RES    SHR S  %CPU %MEM     TIME+ COMMAND
 1566 ubuntu    20   0 16.891g 372664  14648 S 176.7  2.4   2:16.94 java
Fri Jun 13 08:28:23 UTC 2014
  PID USER      PR  NI    VIRT    RES    SHR S  %CPU %MEM     TIME+ COMMAND
 1566 ubuntu    20   0 16.891g 373560  14648 S 125.8  2.4   2:18.94 java
Fri Jun 13 08:28:24 UTC 2014
  PID USER      PR  NI    VIRT    RES    SHR S  %CPU %MEM     TIME+ COMMAND
 1566 ubuntu    20   0 16.891g 374656  14648 S 132.6  2.4   2:21.02 java
Fri Jun 13 08:28:25 UTC 2014
  PID USER      PR  NI    VIRT    RES    SHR S  %CPU %MEM     TIME+ COMMAND
 1566 ubuntu    20   0 16.891g 375724  14648 S 257.8  2.4   2:23.01 java
Fri Jun 13 08:28:26 UTC 2014
  PID USER      PR  NI    VIRT    RES    SHR S  %CPU %MEM     TIME+ COMMAND
 1566 ubuntu    20   0 16.891g 376652  14648 S 264.5  2.4   2:25.81 java
Fri Jun 13 08:28:28 UTC 2014
  PID USER      PR  NI    VIRT    RES    SHR S  %CPU %MEM     TIME+ COMMAND
 1566 ubuntu    20   0 16.891g 381268  14648 S 263.1  2.5   2:28.59 java
Fri Jun 13 08:28:29 UTC 2014
  PID USER      PR  NI    VIRT    RES    SHR S  %CPU %MEM     TIME+ COMMAND
 1566 ubuntu    20   0 16.891g 381740  14648 S 165.4  2.5   2:30.65 java
Fri Jun 13 08:28:30 UTC 2014
  PID USER      PR  NI    VIRT    RES    SHR S  %CPU %MEM     TIME+ COMMAND
 1566 ubuntu    20   0 16.891g 382924  14648 S 291.1  2.5   2:33.19 java
Fri Jun 13 08:28:31 UTC 2014
  PID USER      PR  NI    VIRT    RES    SHR S  %CPU %MEM     TIME+ COMMAND
 1566 ubuntu    20   0 16.891g 383396  14648 S 119.2  2.5   2:35.11 java
Fri Jun 13 08:28:32 UTC 2014
  PID USER      PR  NI    VIRT    RES    SHR S  %CPU %MEM     TIME+ COMMAND
 1566 ubuntu    20   0 16.891g 383692  14648 S 145.6  2.5   2:37.25 java
Fri Jun 13 08:28:33 UTC 2014
  PID USER      PR  NI    VIRT    RES    SHR S  %CPU %MEM     TIME+ COMMAND
 1566 ubuntu    20   0 16.891g 386044  14648 S 178.5  2.5   2:39.53 java
Fri Jun 13 08:28:35 UTC 2014
  PID USER      PR  NI    VIRT    RES    SHR S  %CPU %MEM     TIME+ COMMAND
 1566 ubuntu    20   0 16.891g 390132  14648 S 165.6  2.5   2:41.32 java
Fri Jun 13 08:28:36 UTC 2014
  PID USER      PR  NI    VIRT    RES    SHR S  %CPU %MEM     TIME+ COMMAND
 1566 ubuntu    20   0 16.891g 391188  14648 S 138.9  2.5   2:43.49 java
Fri Jun 13 08:28:37 UTC 2014
  PID USER      PR  NI    VIRT    RES    SHR S  %CPU %MEM     TIME+ COMMAND
 1566 ubuntu    20   0 16.891g 391472  14648 S 145.5  2.5   2:45.82 java
Fri Jun 13 08:28:38 UTC 2014
  PID USER      PR  NI    VIRT    RES    SHR S  %CPU %MEM     TIME+ COMMAND
 1566 ubuntu    20   0 16.891g 390664  14648 S 211.7  2.5   2:47.81 java
Fri Jun 13 08:28:39 UTC 2014
  PID USER      PR  NI    VIRT    RES    SHR S  %CPU %MEM     TIME+ COMMAND
 1566 ubuntu    20   0 16.891g 390412  14648 S 211.7  2.5   2:50.19 java
Fri Jun 13 08:28:41 UTC 2014
  PID USER      PR  NI    VIRT    RES    SHR S  %CPU %MEM     TIME+ COMMAND
 1566 ubuntu    20   0 16.891g 389904  14648 S 191.1  2.5   2:52.26 java
Fri Jun 13 08:28:42 UTC 2014
  PID USER      PR  NI    VIRT    RES    SHR S  %CPU %MEM     TIME+ COMMAND
 1566 ubuntu    20   0 16.891g 390172  14648 S 105.8  2.5   2:54.37 java
Fri Jun 13 08:28:43 UTC 2014
  PID USER      PR  NI    VIRT    RES    SHR S  %CPU %MEM     TIME+ COMMAND
 1566 ubuntu    20   0 16.891g 389488  14648 S 224.5  2.5   2:56.70 java
Fri Jun 13 08:28:44 UTC 2014
  PID USER      PR  NI    VIRT    RES    SHR S  %CPU %MEM     TIME+ COMMAND
 1566 ubuntu    20   0 16.891g 388988  14648 S 185.3  2.5   2:59.22 java
Fri Jun 13 08:28:45 UTC 2014
  PID USER      PR  NI    VIRT    RES    SHR S  %CPU %MEM     TIME+ COMMAND
 1566 ubuntu    20   0 16.891g 389904  14648 S 185.1  2.5   3:01.76 java
Fri Jun 13 08:28:46 UTC 2014
  PID USER      PR  NI    VIRT    RES    SHR S  %CPU %MEM     TIME+ COMMAND
 1566 ubuntu    20   0 16.891g 406688  14648 S 158.8  2.6   3:03.94 java
Fri Jun 13 08:28:48 UTC 2014
  PID USER      PR  NI    VIRT    RES    SHR S  %CPU %MEM     TIME+ COMMAND
 1566 ubuntu    20   0 16.891g 419908  14648 S 152.0  2.7   3:06.02 java
Fri Jun 13 08:28:49 UTC 2014
  PID USER      PR  NI    VIRT    RES    SHR S  %CPU %MEM     TIME+ COMMAND
 1566 ubuntu    20   0 16.891g 419152  14648 S 151.8  2.7   3:07.83 java
Fri Jun 13 08:28:50 UTC 2014
  PID USER      PR  NI    VIRT    RES    SHR S  %CPU %MEM     TIME+ COMMAND
 1566 ubuntu    20   0 16.891g 418052  14648 S 197.7  2.7   3:09.99 java
Fri Jun 13 08:28:51 UTC 2014
  PID USER      PR  NI    VIRT    RES    SHR S  %CPU %MEM     TIME+ COMMAND
 1566 ubuntu    20   0 16.891g 416776  14648 S 244.6  2.7   3:12.72 java
Fri Jun 13 08:28:52 UTC 2014
  PID USER      PR  NI    VIRT    RES    SHR S  %CPU %MEM     TIME+ COMMAND
 1566 ubuntu    20   0 16.891g 417052  14648 S 236.7  2.7   3:15.27 java
Fri Jun 13 08:28:54 UTC 2014
  PID USER      PR  NI    VIRT    RES    SHR S  %CPU %MEM     TIME+ COMMAND
 1566 ubuntu    20   0 16.891g 416544  14648 S 231.1  2.7   3:17.87 java
Fri Jun 13 08:28:55 UTC 2014
  PID USER      PR  NI    VIRT    RES    SHR S  %CPU %MEM     TIME+ COMMAND
 1566 ubuntu    20   0 16.891g 417756  14648 S 211.7  2.7   3:20.40 java
Fri Jun 13 08:28:56 UTC 2014
  PID USER      PR  NI    VIRT    RES    SHR S  %CPU %MEM     TIME+ COMMAND
 1566 ubuntu    20   0 16.891g 417172  14648 S 151.8  2.7   3:22.83 java
Fri Jun 13 08:28:57 UTC 2014
  PID USER      PR  NI    VIRT    RES    SHR S  %CPU %MEM     TIME+ COMMAND
 1566 ubuntu    20   0 16.891g 415832  14648 S 198.1  2.7   3:25.28 java
Fri Jun 13 08:28:58 UTC 2014
  PID USER      PR  NI    VIRT    RES    SHR S  %CPU %MEM     TIME+ COMMAND
 1566 ubuntu    20   0 16.891g 416604  14648 S 218.4  2.7   3:27.67 java
Fri Jun 13 08:28:59 UTC 2014
  PID USER      PR  NI    VIRT    RES    SHR S  %CPU %MEM     TIME+ COMMAND
 1566 ubuntu    20   0 16.891g 416380  14648 S 158.7  2.7   3:30.31 java
Fri Jun 13 08:29:01 UTC 2014
  PID USER      PR  NI    VIRT    RES    SHR S  %CPU %MEM     TIME+ COMMAND
 1566 ubuntu    20   0 16.891g 440872  14648 S 198.8  2.9   3:32.47 java
Fri Jun 13 08:29:02 UTC 2014
  PID USER      PR  NI    VIRT    RES    SHR S  %CPU %MEM     TIME+ COMMAND
 1566 ubuntu    20   0 16.891g 446840  14648 S 192.2  2.9   3:34.89 java
Fri Jun 13 08:29:03 UTC 2014
  PID USER      PR  NI    VIRT    RES    SHR S  %CPU %MEM     TIME+ COMMAND
 1566 ubuntu    20   0 16.891g 490728  14648 S 185.5  3.2   3:37.37 java
Fri Jun 13 08:29:04 UTC 2014
  PID USER      PR  NI    VIRT    RES    SHR S  %CPU %MEM     TIME+ COMMAND
 1566 ubuntu    20   0 16.891g 522368  14648 S 235.7  3.4   3:40.09 java
Fri Jun 13 08:29:05 UTC 2014
  PID USER      PR  NI    VIRT    RES    SHR S  %CPU %MEM     TIME+ COMMAND
 1566 ubuntu    20   0 16.891g 581964  14648 S 205.0  3.8   3:43.08 java
Fri Jun 13 08:29:07 UTC 2014
  PID USER      PR  NI    VIRT    RES    SHR S  %CPU %MEM     TIME+ COMMAND
 1566 ubuntu    20   0 16.891g 643124  14648 S 271.1  4.2   3:45.80 java
Fri Jun 13 08:29:08 UTC 2014
  PID USER      PR  NI    VIRT    RES    SHR S  %CPU %MEM     TIME+ COMMAND
 1566 ubuntu    20   0 16.891g 686960  14648 S 224.5  4.5   3:48.46 java
Fri Jun 13 08:29:09 UTC 2014
  PID USER      PR  NI    VIRT    RES    SHR S  %CPU %MEM     TIME+ COMMAND
 1566 ubuntu    20   0 16.891g 744512  14648 S 251.1  4.8   3:51.52 java
Fri Jun 13 08:29:10 UTC 2014
  PID USER      PR  NI    VIRT    RES    SHR S  %CPU %MEM     TIME+ COMMAND
 1566 ubuntu    20   0 16.891g 751620  14648 S 251.3  4.9   3:54.28 java
Fri Jun 13 08:29:11 UTC 2014
  PID USER      PR  NI    VIRT    RES    SHR S  %CPU %MEM     TIME+ COMMAND
 1566 ubuntu    20   0 16.891g 841204  14648 S 184.9  5.5   3:57.43 java
Fri Jun 13 08:29:13 UTC 2014
  PID USER      PR  NI    VIRT    RES    SHR S  %CPU %MEM     TIME+ COMMAND
 1566 ubuntu    20   0 16.891g 849780  14648 S 168.0  5.5   3:59.15 java
Fri Jun 13 08:29:14 UTC 2014
  PID USER      PR  NI    VIRT    RES    SHR S  %CPU %MEM     TIME+ COMMAND
 1566 ubuntu    20   0 16.891g 931252  14648 S 244.8  6.0   4:01.71 java
Fri Jun 13 08:29:15 UTC 2014
  PID USER      PR  NI    VIRT    RES    SHR S  %CPU %MEM     TIME+ COMMAND
 1566 ubuntu    20   0 16.891g 931516  14648 S 158.6  6.0   4:03.63 java
Fri Jun 13 08:29:16 UTC 2014
  PID USER      PR  NI    VIRT    RES    SHR S  %CPU %MEM     TIME+ COMMAND
 1566 ubuntu    20   0 16.891g 934812  14648 S 238.1  6.1   4:05.96 java
Fri Jun 13 08:29:17 UTC 2014
  PID USER      PR  NI    VIRT    RES    SHR S  %CPU %MEM     TIME+ COMMAND
 1566 ubuntu    20   0 16.891g 934392  14648 S 198.4  6.1   4:08.71 java
Fri Jun 13 08:29:18 UTC 2014
  PID USER      PR  NI    VIRT    RES    SHR S  %CPU %MEM     TIME+ COMMAND
 1566 ubuntu    20   0 16.891g 927880  14648 S 198.8  6.0   4:11.55 java
Fri Jun 13 08:29:20 UTC 2014
  PID USER      PR  NI    VIRT    RES    SHR S  %CPU %MEM     TIME+ COMMAND
 1566 ubuntu    20   0 16.891g 930044  14648 S 132.5  6.0   4:14.16 java
Fri Jun 13 08:29:21 UTC 2014
  PID USER      PR  NI    VIRT    RES    SHR S  %CPU %MEM     TIME+ COMMAND
 1566 ubuntu    20   0 16.891g 926152  14648 S 198.6  6.0   4:16.78 java
Fri Jun 13 08:29:22 UTC 2014
  PID USER      PR  NI    VIRT    RES    SHR S  %CPU %MEM     TIME+ COMMAND
 1566 ubuntu    20   0 16.891g 911448  14648 S 165.8  5.9   4:18.76 java
Fri Jun 13 08:29:23 UTC 2014
  PID USER      PR  NI    VIRT    RES    SHR S  %CPU %MEM     TIME+ COMMAND
 1566 ubuntu    20   0 16.891g 911660  14648 S 211.5  5.9   4:20.67 java
Fri Jun 13 08:29:24 UTC 2014
  PID USER      PR  NI    VIRT    RES    SHR S  %CPU %MEM     TIME+ COMMAND
 1566 ubuntu    20   0 16.891g 911924  14648 S 145.7  5.9   4:22.33 java
Fri Jun 13 08:29:26 UTC 2014
  PID USER      PR  NI    VIRT    RES    SHR S  %CPU %MEM     TIME+ COMMAND
 1566 ubuntu    20   0 16.891g 897712  14648 S 119.3  5.8   4:23.81 java
Fri Jun 13 08:29:27 UTC 2014
  PID USER      PR  NI    VIRT    RES    SHR S  %CPU %MEM     TIME+ COMMAND
 1566 ubuntu    20   0 16.891g 898408  14648 S 125.7  5.8   4:25.61 java
Fri Jun 13 08:29:28 UTC 2014
  PID USER      PR  NI    VIRT    RES    SHR S  %CPU %MEM     TIME+ COMMAND
 1566 ubuntu    20   0 16.891g 897896  14648 S  79.5  5.8   4:27.06 java
Fri Jun 13 08:29:29 UTC 2014
  PID USER      PR  NI    VIRT    RES    SHR S  %CPU %MEM     TIME+ COMMAND
 1566 ubuntu    20   0 16.891g 897896  14648 S 178.7  5.8   4:28.69 java
Fri Jun 13 08:29:30 UTC 2014
  PID USER      PR  NI    VIRT    RES    SHR S  %CPU %MEM     TIME+ COMMAND
 1566 ubuntu    20   0 16.891g 892524  14648 S 211.7  5.8   4:30.91 java
Fri Jun 13 08:29:31 UTC 2014
  PID USER      PR  NI    VIRT    RES    SHR S  %CPU %MEM     TIME+ COMMAND
 1566 ubuntu    20   0 16.891g 892788  14648 S 145.4  5.8   4:32.84 java
Fri Jun 13 08:29:33 UTC 2014
  PID USER      PR  NI    VIRT    RES    SHR S  %CPU %MEM     TIME+ COMMAND
 1566 ubuntu    20   0 16.891g 889440  14648 S 125.8  5.8   4:34.97 java
Fri Jun 13 08:29:34 UTC 2014
  PID USER      PR  NI    VIRT    RES    SHR S  %CPU %MEM     TIME+ COMMAND
 1566 ubuntu    20   0 16.891g 877680  14648 S 205.4  5.7   4:36.98 java
Fri Jun 13 08:29:35 UTC 2014
  PID USER      PR  NI    VIRT    RES    SHR S  %CPU %MEM     TIME+ COMMAND
 1566 ubuntu    20   0 16.891g 877684  14648 S  53.0  5.7   4:38.34 java
Fri Jun 13 08:29:36 UTC 2014
  PID USER      PR  NI    VIRT    RES    SHR S  %CPU %MEM     TIME+ COMMAND
 1566 ubuntu    20   0 16.891g 877172  14648 S  79.4  5.7   4:39.18 java
Fri Jun 13 08:29:37 UTC 2014
  PID USER      PR  NI    VIRT    RES    SHR S  %CPU %MEM     TIME+ COMMAND
 1566 ubuntu    20   0 16.891g 877432  14648 S 112.5  5.7   4:40.12 java
Fri Jun 13 08:29:38 UTC 2014
  PID USER      PR  NI    VIRT    RES    SHR S  %CPU %MEM     TIME+ COMMAND
 1566 ubuntu    20   0 16.891g 867464  14648 S  66.3  5.6   4:41.29 java
Fri Jun 13 08:29:40 UTC 2014
  PID USER      PR  NI    VIRT    RES    SHR S  %CPU %MEM     TIME+ COMMAND
 1566 ubuntu    20   0 16.891g 867464  14648 S  46.4  5.6   4:41.75 java
Fri Jun 13 08:29:41 UTC 2014
  PID USER      PR  NI    VIRT    RES    SHR S  %CPU %MEM     TIME+ COMMAND
 1566 ubuntu    20   0 16.891g 867464  14648 S  13.2  5.6   4:42.26 java
Fri Jun 13 08:29:42 UTC 2014
  PID USER      PR  NI    VIRT    RES    SHR S  %CPU %MEM     TIME+ COMMAND
 1566 ubuntu    20   0 16.891g 867724  14648 S  46.4  5.6   4:42.68 java
Fri Jun 13 08:29:43 UTC 2014
  PID USER      PR  NI    VIRT    RES    SHR S  %CPU %MEM     TIME+ COMMAND
 1566 ubuntu    20   0 16.891g 866728  14648 S  26.5  5.6   4:43.10 java
Fri Jun 13 08:29:44 UTC 2014
  PID USER      PR  NI    VIRT    RES    SHR S  %CPU %MEM     TIME+ COMMAND
 1566 ubuntu    20   0 16.891g 866728  14648 S  39.8  5.6   4:43.44 java
Fri Jun 13 08:29:46 UTC 2014
  PID USER      PR  NI    VIRT    RES    SHR S  %CPU %MEM     TIME+ COMMAND
 1566 ubuntu    20   0 16.891g 866728  14648 S  85.5  5.6   4:44.06 java
Fri Jun 13 08:29:47 UTC 2014
  PID USER      PR  NI    VIRT    RES    SHR S  %CPU %MEM     TIME+ COMMAND
 1566 ubuntu    20   0 16.891g 856468  14648 S  46.4  5.6   4:44.76 java
Fri Jun 13 08:29:48 UTC 2014
  PID USER      PR  NI    VIRT    RES    SHR S  %CPU %MEM     TIME+ COMMAND
 1566 ubuntu    20   0 16.891g 856728  14648 S  13.3  5.6   4:45.65 java
Fri Jun 13 08:29:49 UTC 2014
  PID USER      PR  NI    VIRT    RES    SHR S  %CPU %MEM     TIME+ COMMAND
 1566 ubuntu    20   0 16.891g 856728  14648 S  19.9  5.6   4:45.90 java
Fri Jun 13 08:29:50 UTC 2014
  PID USER      PR  NI    VIRT    RES    SHR S  %CPU %MEM     TIME+ COMMAND
 1566 ubuntu    20   0 16.891g 856728  14648 S  19.9  5.6   4:46.42 java
Fri Jun 13 08:29:51 UTC 2014
  PID USER      PR  NI    VIRT    RES    SHR S  %CPU %MEM     TIME+ COMMAND
 1566 ubuntu    20   0 16.891g 856728  14648 S   0.0  5.6   4:46.43 java
Fri Jun 13 08:29:53 UTC 2014
  PID USER      PR  NI    VIRT    RES    SHR S  %CPU %MEM     TIME+ COMMAND
 1566 ubuntu    20   0 16.891g 856880  14648 S  13.3  5.6   4:46.45 java
Fri Jun 13 08:29:54 UTC 2014
  PID USER      PR  NI    VIRT    RES    SHR S  %CPU %MEM     TIME+ COMMAND
 1566 ubuntu    20   0 16.891g 856880  14648 S   0.0  5.6   4:46.45 java
Fri Jun 13 08:29:55 UTC 2014
  PID USER      PR  NI    VIRT    RES    SHR S  %CPU %MEM     TIME+ COMMAND
 1566 ubuntu    20   0 16.891g 856880  14648 S   0.0  5.6   4:46.45 java
Fri Jun 13 08:29:56 UTC 2014
  PID USER      PR  NI    VIRT    RES    SHR S  %CPU %MEM     TIME+ COMMAND
 1566 ubuntu    20   0 16.891g 856880  14648 S   0.0  5.6   4:46.46 java
Fri Jun 13 08:29:57 UTC 2014
  PID USER      PR  NI    VIRT    RES    SHR S  %CPU %MEM     TIME+ COMMAND
 1566 ubuntu    20   0 16.891g 856880  14648 S   0.0  5.6   4:46.46 java
Fri Jun 13 08:29:58 UTC 2014
  PID USER      PR  NI    VIRT    RES    SHR S  %CPU %MEM     TIME+ COMMAND
 1566 ubuntu    20   0 16.891g 856880  14648 S   0.0  5.6   4:46.46 java
Fri Jun 13 08:30:00 UTC 2014
  PID USER      PR  NI    VIRT    RES    SHR S  %CPU %MEM     TIME+ COMMAND
 1566 ubuntu    20   0 16.891g 856880  14648 S   0.0  5.6   4:46.47 java
Fri Jun 13 08:30:01 UTC 2014
  PID USER      PR  NI    VIRT    RES    SHR S  %CPU %MEM     TIME+ COMMAND
 1566 ubuntu    20   0 16.891g 856880  14648 S   6.6  5.6   4:46.48 java
Fri Jun 13 08:30:02 UTC 2014
  PID USER      PR  NI    VIRT    RES    SHR S  %CPU %MEM     TIME+ COMMAND
 1566 ubuntu    20   0 16.891g 856880  14648 S   0.0  5.6   4:46.50 java
Fri Jun 13 08:30:03 UTC 2014
  PID USER      PR  NI    VIRT    RES    SHR S  %CPU %MEM     TIME+ COMMAND
 1566 ubuntu    20   0 16.891g 856880  14648 S   0.0  5.6   4:46.50 java
Fri Jun 13 08:30:04 UTC 2014
  PID USER      PR  NI    VIRT    RES    SHR S  %CPU %MEM     TIME+ COMMAND
 1566 ubuntu    20   0 16.891g 856880  14648 S   0.0  5.6   4:46.51 java
Fri Jun 13 08:30:05 UTC 2014
  PID USER      PR  NI    VIRT    RES    SHR S  %CPU %MEM     TIME+ COMMAND
 1566 ubuntu    20   0 16.891g 856880  14648 S   0.0  5.6   4:46.51 java
Fri Jun 13 08:30:07 UTC 2014
  PID USER      PR  NI    VIRT    RES    SHR S  %CPU %MEM     TIME+ COMMAND
 1566 ubuntu    20   0 16.891g 856880  14648 S   6.6  5.6   4:46.52 java
Fri Jun 13 08:30:08 UTC 2014
  PID USER      PR  NI    VIRT    RES    SHR S  %CPU %MEM     TIME+ COMMAND
 1566 ubuntu    20   0 16.891g 856880  14648 S   0.0  5.6   4:46.52 java
Fri Jun 13 08:30:09 UTC 2014
  PID USER      PR  NI    VIRT    RES    SHR S  %CPU %MEM     TIME+ COMMAND
 1566 ubuntu    20   0 16.891g 856880  14648 S   0.0  5.6   4:46.52 java
Fri Jun 13 08:30:10 UTC 2014
  PID USER      PR  NI    VIRT    RES    SHR S  %CPU %MEM     TIME+ COMMAND
 1566 ubuntu    20   0 16.891g 856880  14648 S   0.0  5.6   4:46.54 java
Fri Jun 13 08:30:11 UTC 2014
  PID USER      PR  NI    VIRT    RES    SHR S  %CPU %MEM     TIME+ COMMAND
 1566 ubuntu    20   0 16.891g 856900  14648 S   0.0  5.6   4:46.56 java
Fri Jun 13 08:30:12 UTC 2014
  PID USER      PR  NI    VIRT    RES    SHR S  %CPU %MEM     TIME+ COMMAND
 1566 ubuntu    20   0 16.891g 856900  14648 S   0.0  5.6   4:46.58 java
Fri Jun 13 08:30:14 UTC 2014
  PID USER      PR  NI    VIRT    RES    SHR S  %CPU %MEM     TIME+ COMMAND
 1566 ubuntu    20   0 16.891g 856900  14648 S   0.0  5.6   4:46.59 java
Fri Jun 13 08:30:15 UTC 2014
  PID USER      PR  NI    VIRT    RES    SHR S  %CPU %MEM     TIME+ COMMAND
 1566 ubuntu    20   0 16.891g 856900  14648 S   0.0  5.6   4:46.59 java
Fri Jun 13 08:30:16 UTC 2014
  PID USER      PR  NI    VIRT    RES    SHR S  %CPU %MEM     TIME+ COMMAND
 1566 ubuntu    20   0 16.891g 856900  14648 S   0.0  5.6   4:46.60 java
Fri Jun 13 08:30:17 UTC 2014
  PID USER      PR  NI    VIRT    RES    SHR S  %CPU %MEM     TIME+ COMMAND
 1566 ubuntu    20   0 16.891g 856900  14648 S   0.0  5.6   4:46.61 java
Fri Jun 13 08:30:18 UTC 2014
  PID USER      PR  NI    VIRT    RES    SHR S  %CPU %MEM     TIME+ COMMAND
 1566 ubuntu    20   0 16.891g 856900  14648 S   0.0  5.6   4:46.62 java
Fri Jun 13 08:30:19 UTC 2014
  PID USER      PR  NI    VIRT    RES    SHR S  %CPU %MEM     TIME+ COMMAND
 1566 ubuntu    20   0 16.891g 856900  14648 S   0.0  5.6   4:46.62 java
Fri Jun 13 08:30:21 UTC 2014
  PID USER      PR  NI    VIRT    RES    SHR S  %CPU %MEM     TIME+ COMMAND
 1566 ubuntu    20   0 16.891g 856900  14648 S   0.0  5.6   4:46.62 java
Fri Jun 13 08:30:22 UTC 2014
  PID USER      PR  NI    VIRT    RES    SHR S  %CPU %MEM     TIME+ COMMAND
 1566 ubuntu    20   0 16.891g 856900  14648 S   0.0  5.6   4:46.65 java
Fri Jun 13 08:30:23 UTC 2014
  PID USER      PR  NI    VIRT    RES    SHR S  %CPU %MEM     TIME+ COMMAND
 1566 ubuntu    20   0 16.891g 856900  14648 S   0.0  5.6   4:46.65 java
Fri Jun 13 08:30:24 UTC 2014
  PID USER      PR  NI    VIRT    RES    SHR S  %CPU %MEM     TIME+ COMMAND
 1566 ubuntu    20   0 16.891g 856900  14648 S   0.0  5.6   4:46.65 java
Fri Jun 13 08:30:25 UTC 2014
  PID USER      PR  NI    VIRT    RES    SHR S  %CPU %MEM     TIME+ COMMAND
 1566 ubuntu    20   0 16.891g 856900  14648 S   0.0  5.6   4:46.66 java
Fri Jun 13 08:30:27 UTC 2014
  PID USER      PR  NI    VIRT    RES    SHR S  %CPU %MEM     TIME+ COMMAND
 1566 ubuntu    20   0 16.891g 856900  14648 S   0.0  5.6   4:46.66 java
Fri Jun 13 08:30:28 UTC 2014
  PID USER      PR  NI    VIRT    RES    SHR S  %CPU %MEM     TIME+ COMMAND
 1566 ubuntu    20   0 16.891g 856900  14648 S   6.6  5.6   4:46.67 java
Fri Jun 13 08:30:29 UTC 2014
  PID USER      PR  NI    VIRT    RES    SHR S  %CPU %MEM     TIME+ COMMAND
 1566 ubuntu    20   0 16.891g 856900  14648 S   0.0  5.6   4:46.67 java
Fri Jun 13 08:30:30 UTC 2014
  PID USER      PR  NI    VIRT    RES    SHR S  %CPU %MEM     TIME+ COMMAND
 1566 ubuntu    20   0 16.891g 856900  14648 S   0.0  5.6   4:46.67 java
Fri Jun 13 08:30:31 UTC 2014
  PID USER      PR  NI    VIRT    RES    SHR S  %CPU %MEM     TIME+ COMMAND
 1566 ubuntu    20   0 16.891g 856900  14648 S   0.0  5.6   4:46.70 java
Fri Jun 13 08:30:32 UTC 2014
  PID USER      PR  NI    VIRT    RES    SHR S  %CPU %MEM     TIME+ COMMAND
 1566 ubuntu    20   0 16.891g 856900  14648 S   0.0  5.6   4:46.70 java
Fri Jun 13 08:30:34 UTC 2014
  PID USER      PR  NI    VIRT    RES    SHR S  %CPU %MEM     TIME+ COMMAND
 1566 ubuntu    20   0 16.891g 856900  14648 S   0.0  5.6   4:46.71 java
Fri Jun 13 08:30:35 UTC 2014
  PID USER      PR  NI    VIRT    RES    SHR S  %CPU %MEM     TIME+ COMMAND
 1566 ubuntu    20   0 16.891g 856980  14648 S   0.0  5.6   4:46.71 java
Fri Jun 13 08:30:36 UTC 2014
  PID USER      PR  NI    VIRT    RES    SHR S  %CPU %MEM     TIME+ COMMAND
 1566 ubuntu    20   0 16.891g 856980  14648 S   0.0  5.6   4:46.72 java
Fri Jun 13 08:30:37 UTC 2014
  PID USER      PR  NI    VIRT    RES    SHR S  %CPU %MEM     TIME+ COMMAND
 1566 ubuntu    20   0 16.891g 856980  14648 S   0.0  5.6   4:46.72 java
Fri Jun 13 08:30:38 UTC 2014
  PID USER      PR  NI    VIRT    RES    SHR S  %CPU %MEM     TIME+ COMMAND
 1566 ubuntu    20   0 16.891g 856980  14648 S   0.0  5.6   4:46.74 java
Fri Jun 13 08:30:39 UTC 2014
  PID USER      PR  NI    VIRT    RES    SHR S  %CPU %MEM     TIME+ COMMAND
 1566 ubuntu    20   0 16.891g 856980  14648 S   0.0  5.6   4:46.74 java
Fri Jun 13 08:30:41 UTC 2014
  PID USER      PR  NI    VIRT    RES    SHR S  %CPU %MEM     TIME+ COMMAND
 1566 ubuntu    20   0 16.891g 856980  14648 S   0.0  5.6   4:46.75 java
Fri Jun 13 08:30:42 UTC 2014
  PID USER      PR  NI    VIRT    RES    SHR S  %CPU %MEM     TIME+ COMMAND
 1566 ubuntu    20   0 16.891g 856980  14648 S   0.0  5.6   4:46.76 java
Fri Jun 13 08:30:43 UTC 2014
  PID USER      PR  NI    VIRT    RES    SHR S  %CPU %MEM     TIME+ COMMAND
 1566 ubuntu    20   0 16.891g 857000  14648 S   0.0  5.6   4:46.77 java
Fri Jun 13 08:30:44 UTC 2014
  PID USER      PR  NI    VIRT    RES    SHR S  %CPU %MEM     TIME+ COMMAND
 1566 ubuntu    20   0 16.891g 857072  14648 S   0.0  5.6   4:46.78 java
Fri Jun 13 08:30:45 UTC 2014
  PID USER      PR  NI    VIRT    RES    SHR S  %CPU %MEM     TIME+ COMMAND
 1566 ubuntu    20   0 16.891g 857072  14648 S   0.0  5.6   4:46.79 java
Fri Jun 13 08:30:46 UTC 2014
  PID USER      PR  NI    VIRT    RES    SHR S  %CPU %MEM     TIME+ COMMAND
 1566 ubuntu    20   0 16.891g 857072  14648 S   0.0  5.6   4:46.79 java
Fri Jun 13 08:30:48 UTC 2014
  PID USER      PR  NI    VIRT    RES    SHR S  %CPU %MEM     TIME+ COMMAND
 1566 ubuntu    20   0 16.891g 857072  14648 S   0.0  5.6   4:46.80 java
Fri Jun 13 08:30:49 UTC 2014
  PID USER      PR  NI    VIRT    RES    SHR S  %CPU %MEM     TIME+ COMMAND
 1566 ubuntu    20   0 16.891g 857072  14648 S   0.0  5.6   4:46.80 java
Fri Jun 13 08:30:50 UTC 2014
  PID USER      PR  NI    VIRT    RES    SHR S  %CPU %MEM     TIME+ COMMAND
 1566 ubuntu    20   0 16.891g 857072  14648 S   6.6  5.6   4:46.81 java
Fri Jun 13 08:30:51 UTC 2014
  PID USER      PR  NI    VIRT    RES    SHR S  %CPU %MEM     TIME+ COMMAND
 1566 ubuntu    20   0 16.891g 857856  14648 S   0.0  5.6   4:46.83 java
Fri Jun 13 08:30:52 UTC 2014
  PID USER      PR  NI    VIRT    RES    SHR S  %CPU %MEM     TIME+ COMMAND
 1566 ubuntu    20   0 16.891g 857856  14648 S   0.0  5.6   4:46.83 java
Fri Jun 13 08:30:53 UTC 2014
  PID USER      PR  NI    VIRT    RES    SHR S  %CPU %MEM     TIME+ COMMAND
 1566 ubuntu    20   0 16.891g 857856  14648 S   0.0  5.6   4:46.84 java
Fri Jun 13 08:30:55 UTC 2014
  PID USER      PR  NI    VIRT    RES    SHR S  %CPU %MEM     TIME+ COMMAND
 1566 ubuntu    20   0 16.891g 857856  14648 S   0.0  5.6   4:46.84 java
Fri Jun 13 08:30:56 UTC 2014
  PID USER      PR  NI    VIRT    RES    SHR S  %CPU %MEM     TIME+ COMMAND
 1566 ubuntu    20   0 16.891g 857856  14648 S   0.0  5.6   4:46.84 java
Fri Jun 13 08:30:57 UTC 2014
  PID USER      PR  NI    VIRT    RES    SHR S  %CPU %MEM     TIME+ COMMAND
 1566 ubuntu    20   0 16.891g 857856  14648 S   0.0  5.6   4:46.85 java
Fri Jun 13 08:30:58 UTC 2014
  PID USER      PR  NI    VIRT    RES    SHR S  %CPU %MEM     TIME+ COMMAND
 1566 ubuntu    20   0 16.891g 857856  14648 S   0.0  5.6   4:46.85 java
Fri Jun 13 08:30:59 UTC 2014
  PID USER      PR  NI    VIRT    RES    SHR S  %CPU %MEM     TIME+ COMMAND
 1566 ubuntu    20   0 16.891g 857856  14648 S   0.0  5.6   4:46.86 java
Fri Jun 13 08:31:00 UTC 2014
  PID USER      PR  NI    VIRT    RES    SHR S  %CPU %MEM     TIME+ COMMAND
 1566 ubuntu    20   0 16.891g 857856  14648 S   0.0  5.6   4:46.87 java
Fri Jun 13 08:31:02 UTC 2014
  PID USER      PR  NI    VIRT    RES    SHR S  %CPU %MEM     TIME+ COMMAND
 1566 ubuntu    20   0 16.891g 857856  14648 S   0.0  5.6   4:46.88 java
Fri Jun 13 08:31:03 UTC 2014
  PID USER      PR  NI    VIRT    RES    SHR S  %CPU %MEM     TIME+ COMMAND
 1566 ubuntu    20   0 16.891g 857856  14648 S   0.0  5.6   4:46.88 java
Fri Jun 13 08:31:04 UTC 2014
  PID USER      PR  NI    VIRT    RES    SHR S  %CPU %MEM     TIME+ COMMAND
 1566 ubuntu    20   0 16.891g 857856  14648 S   0.0  5.6   4:46.89 java
Fri Jun 13 08:31:05 UTC 2014
  PID USER      PR  NI    VIRT    RES    SHR S  %CPU %MEM     TIME+ COMMAND
 1566 ubuntu    20   0 16.891g 857856  14648 S   0.0  5.6   4:46.89 java
Fri Jun 13 08:31:06 UTC 2014
  PID USER      PR  NI    VIRT    RES    SHR S  %CPU %MEM     TIME+ COMMAND
 1566 ubuntu    20   0 16.891g 857856  14648 S   0.0  5.6   4:46.89 java
Fri Jun 13 08:31:07 UTC 2014
  PID USER      PR  NI    VIRT    RES    SHR S  %CPU %MEM     TIME+ COMMAND
 1566 ubuntu    20   0 16.891g 857856  14648 S   6.6  5.6   4:46.91 java
Fri Jun 13 08:31:09 UTC 2014
  PID USER      PR  NI    VIRT    RES    SHR S  %CPU %MEM     TIME+ COMMAND
 1566 ubuntu    20   0 16.891g 857856  14648 S   0.0  5.6   4:46.91 java
Fri Jun 13 08:31:10 UTC 2014
  PID USER      PR  NI    VIRT    RES    SHR S  %CPU %MEM     TIME+ COMMAND
 1566 ubuntu    20   0 16.891g 857856  14648 S   0.0  5.6   4:46.91 java
Fri Jun 13 08:31:11 UTC 2014
  PID USER      PR  NI    VIRT    RES    SHR S  %CPU %MEM     TIME+ COMMAND
 1566 ubuntu    20   0 16.891g 857856  14648 S   6.6  5.6   4:46.93 java
Fri Jun 13 08:31:12 UTC 2014
  PID USER      PR  NI    VIRT    RES    SHR S  %CPU %MEM     TIME+ COMMAND
 1566 ubuntu    20   0 16.891g 857856  14648 S   0.0  5.6   4:46.93 java
Fri Jun 13 08:31:13 UTC 2014
  PID USER      PR  NI    VIRT    RES    SHR S  %CPU %MEM     TIME+ COMMAND
 1566 ubuntu    20   0 16.891g 857856  14648 S   0.0  5.6   4:46.94 java
Fri Jun 13 08:31:15 UTC 2014
  PID USER      PR  NI    VIRT    RES    SHR S  %CPU %MEM     TIME+ COMMAND
 1566 ubuntu    20   0 16.891g 857856  14648 S   0.0  5.6   4:46.94 java
Fri Jun 13 08:31:16 UTC 2014
  PID USER      PR  NI    VIRT    RES    SHR S  %CPU %MEM     TIME+ COMMAND
 1566 ubuntu    20   0 16.891g 857856  14648 S   0.0  5.6   4:46.96 java
Fri Jun 13 08:31:17 UTC 2014
  PID USER      PR  NI    VIRT    RES    SHR S  %CPU %MEM     TIME+ COMMAND
 1566 ubuntu    20   0 16.891g 857856  14648 S   0.0  5.6   4:46.96 java
Fri Jun 13 08:31:18 UTC 2014
  PID USER      PR  NI    VIRT    RES    SHR S  %CPU %MEM     TIME+ COMMAND
 1566 ubuntu    20   0 16.891g 857856  14648 S   0.0  5.6   4:46.96 java
Fri Jun 13 08:31:19 UTC 2014
  PID USER      PR  NI    VIRT    RES    SHR S  %CPU %MEM     TIME+ COMMAND
 1566 ubuntu    20   0 16.891g 857856  14648 S   0.0  5.6   4:46.97 java
Fri Jun 13 08:31:20 UTC 2014
  PID USER      PR  NI    VIRT    RES    SHR S  %CPU %MEM     TIME+ COMMAND
 1566 ubuntu    20   0 16.891g 857856  14648 S   0.0  5.6   4:46.97 java
Fri Jun 13 08:31:22 UTC 2014
  PID USER      PR  NI    VIRT    RES    SHR S  %CPU %MEM     TIME+ COMMAND
 1566 ubuntu    20   0 16.891g 857856  14648 S   0.0  5.6   4:46.98 java
Fri Jun 13 08:31:23 UTC 2014
  PID USER      PR  NI    VIRT    RES    SHR S  %CPU %MEM     TIME+ COMMAND
 1566 ubuntu    20   0 16.891g 857856  14648 S   0.0  5.6   4:47.00 java
Fri Jun 13 08:31:24 UTC 2014
  PID USER      PR  NI    VIRT    RES    SHR S  %CPU %MEM     TIME+ COMMAND
 1566 ubuntu    20   0 16.891g 857856  14648 S   0.0  5.6   4:47.00 java
Fri Jun 13 08:31:25 UTC 2014
  PID USER      PR  NI    VIRT    RES    SHR S  %CPU %MEM     TIME+ COMMAND
 1566 ubuntu    20   0 16.891g 857856  14648 S   0.0  5.6   4:47.00 java
Fri Jun 13 08:31:26 UTC 2014
  PID USER      PR  NI    VIRT    RES    SHR S  %CPU %MEM     TIME+ COMMAND
 1566 ubuntu    20   0 16.891g 857856  14648 S   0.0  5.6   4:47.01 java
Fri Jun 13 08:31:27 UTC 2014
  PID USER      PR  NI    VIRT    RES    SHR S  %CPU %MEM     TIME+ COMMAND
 1566 ubuntu    20   0 16.891g 857856  14648 S   0.0  5.6   4:47.01 java
Fri Jun 13 08:31:29 UTC 2014
  PID USER      PR  NI    VIRT    RES    SHR S  %CPU %MEM     TIME+ COMMAND
 1566 ubuntu    20   0 16.891g 857856  14648 S   0.0  5.6   4:47.01 java
Fri Jun 13 08:31:30 UTC 2014
  PID USER      PR  NI    VIRT    RES    SHR S  %CPU %MEM     TIME+ COMMAND
 1566 ubuntu    20   0 16.891g 857856  14648 S   0.0  5.6   4:47.02 java
Fri Jun 13 08:31:31 UTC 2014
  PID USER      PR  NI    VIRT    RES    SHR S  %CPU %MEM     TIME+ COMMAND
 1566 ubuntu    20   0 16.891g 857856  14648 S  13.2  5.6   4:47.04 java
Fri Jun 13 08:31:32 UTC 2014
  PID USER      PR  NI    VIRT    RES    SHR S  %CPU %MEM     TIME+ COMMAND
 1566 ubuntu    20   0 16.891g 857856  14648 S   0.0  5.6   4:47.04 java
Fri Jun 13 08:31:33 UTC 2014
  PID USER      PR  NI    VIRT    RES    SHR S  %CPU %MEM     TIME+ COMMAND
 1566 ubuntu    20   0 16.891g 857856  14648 S   0.0  5.6   4:47.05 java
Fri Jun 13 08:31:34 UTC 2014
  PID USER      PR  NI    VIRT    RES    SHR S  %CPU %MEM     TIME+ COMMAND
 1566 ubuntu    20   0 16.891g 857856  14648 S   0.0  5.6   4:47.05 java
Fri Jun 13 08:31:36 UTC 2014
  PID USER      PR  NI    VIRT    RES    SHR S  %CPU %MEM     TIME+ COMMAND
 1566 ubuntu    20   0 16.891g 857856  14648 S   0.0  5.6   4:47.05 java
Fri Jun 13 08:31:37 UTC 2014
  PID USER      PR  NI    VIRT    RES    SHR S  %CPU %MEM     TIME+ COMMAND
 1566 ubuntu    20   0 16.891g 857856  14648 S   0.0  5.6   4:47.06 java
Fri Jun 13 08:31:38 UTC 2014
  PID USER      PR  NI    VIRT    RES    SHR S  %CPU %MEM     TIME+ COMMAND
 1566 ubuntu    20   0 16.891g 857856  14648 S   0.0  5.6   4:47.07 java
Fri Jun 13 08:31:39 UTC 2014
  PID USER      PR  NI    VIRT    RES    SHR S  %CPU %MEM     TIME+ COMMAND
 1566 ubuntu    20   0 16.891g 857856  14648 S   0.0  5.6   4:47.08 java
Fri Jun 13 08:31:40 UTC 2014
  PID USER      PR  NI    VIRT    RES    SHR S  %CPU %MEM     TIME+ COMMAND
 1566 ubuntu    20   0 16.891g 857856  14648 S   0.0  5.6   4:47.08 java
Fri Jun 13 08:31:41 UTC 2014
  PID USER      PR  NI    VIRT    RES    SHR S  %CPU %MEM     TIME+ COMMAND
 1566 ubuntu    20   0 16.891g 857856  14648 S   0.0  5.6   4:47.10 java
Fri Jun 13 08:31:43 UTC 2014
  PID USER      PR  NI    VIRT    RES    SHR S  %CPU %MEM     TIME+ COMMAND
 1566 ubuntu    20   0 16.891g 857856  14648 S   0.0  5.6   4:47.10 java
Fri Jun 13 08:31:44 UTC 2014
  PID USER      PR  NI    VIRT    RES    SHR S  %CPU %MEM     TIME+ COMMAND
 1566 ubuntu    20   0 16.891g 857856  14648 S   0.0  5.6   4:47.11 java
Fri Jun 13 08:31:45 UTC 2014
  PID USER      PR  NI    VIRT    RES    SHR S  %CPU %MEM     TIME+ COMMAND
 1566 ubuntu    20   0 16.891g 857856  14648 S   0.0  5.6   4:47.11 java
Fri Jun 13 08:31:46 UTC 2014
  PID USER      PR  NI    VIRT    RES    SHR S  %CPU %MEM     TIME+ COMMAND
 1566 ubuntu    20   0 16.891g 857856  14648 S   0.0  5.6   4:47.12 java
Fri Jun 13 08:31:47 UTC 2014
  PID USER      PR  NI    VIRT    RES    SHR S  %CPU %MEM     TIME+ COMMAND
 1566 ubuntu    20   0 16.891g 857856  14648 S   0.0  5.6   4:47.13 java
Fri Jun 13 08:31:48 UTC 2014
  PID USER      PR  NI    VIRT    RES    SHR S  %CPU %MEM     TIME+ COMMAND
 1566 ubuntu    20   0 16.891g 857856  14648 S   0.0  5.6   4:47.13 java
Fri Jun 13 08:31:50 UTC 2014
  PID USER      PR  NI    VIRT    RES    SHR S  %CPU %MEM     TIME+ COMMAND
 1566 ubuntu    20   0 16.891g 857856  14648 S   0.0  5.6   4:47.14 java
Fri Jun 13 08:31:51 UTC 2014
  PID USER      PR  NI    VIRT    RES    SHR S  %CPU %MEM     TIME+ COMMAND
 1566 ubuntu    20   0 16.891g 857856  14648 S   0.0  5.6   4:47.14 java
Fri Jun 13 08:31:52 UTC 2014
  PID USER      PR  NI    VIRT    RES    SHR S  %CPU %MEM     TIME+ COMMAND
 1566 ubuntu    20   0 16.891g 857856  14648 S   0.0  5.6   4:47.16 java
Fri Jun 13 08:31:53 UTC 2014
  PID USER      PR  NI    VIRT    RES    SHR S  %CPU %MEM     TIME+ COMMAND
 1566 ubuntu    20   0 16.891g 857856  14648 S   0.0  5.6   4:47.17 java
Fri Jun 13 08:31:54 UTC 2014
  PID USER      PR  NI    VIRT    RES    SHR S  %CPU %MEM     TIME+ COMMAND
 1566 ubuntu    20   0 16.891g 857856  14648 S   0.0  5.6   4:47.17 java
Fri Jun 13 08:31:55 UTC 2014
  PID USER      PR  NI    VIRT    RES    SHR S  %CPU %MEM     TIME+ COMMAND
 1566 ubuntu    20   0 16.891g 857856  14648 S   0.0  5.6   4:47.18 java
Fri Jun 13 08:31:57 UTC 2014
  PID USER      PR  NI    VIRT    RES    SHR S  %CPU %MEM     TIME+ COMMAND
 1566 ubuntu    20   0 16.891g 857856  14648 S   0.0  5.6   4:47.18 java
Fri Jun 13 08:31:58 UTC 2014
  PID USER      PR  NI    VIRT    RES    SHR S  %CPU %MEM     TIME+ COMMAND
 1566 ubuntu    20   0 16.891g 857856  14648 S   0.0  5.6   4:47.18 java
Fri Jun 13 08:31:59 UTC 2014
  PID USER      PR  NI    VIRT    RES    SHR S  %CPU %MEM     TIME+ COMMAND
 1566 ubuntu    20   0 16.891g 857856  14648 S   0.0  5.6   4:47.19 java
Fri Jun 13 08:32:00 UTC 2014
  PID USER      PR  NI    VIRT    RES    SHR S  %CPU %MEM     TIME+ COMMAND
 1566 ubuntu    20   0 16.891g 857856  14648 S   0.0  5.6   4:47.19 java
Fri Jun 13 08:32:01 UTC 2014
  PID USER      PR  NI    VIRT    RES    SHR S  %CPU %MEM     TIME+ COMMAND
 1566 ubuntu    20   0 16.891g 857856  14648 S   0.0  5.6   4:47.20 java
Fri Jun 13 08:32:02 UTC 2014
  PID USER      PR  NI    VIRT    RES    SHR S  %CPU %MEM     TIME+ COMMAND
 1566 ubuntu    20   0 16.891g 857856  14648 S   0.0  5.6   4:47.22 java
Fri Jun 13 08:32:04 UTC 2014
  PID USER      PR  NI    VIRT    RES    SHR S  %CPU %MEM     TIME+ COMMAND
 1566 ubuntu    20   0 16.891g 857856  14648 S   0.0  5.6   4:47.22 java
Fri Jun 13 08:32:05 UTC 2014
  PID USER      PR  NI    VIRT    RES    SHR S  %CPU %MEM     TIME+ COMMAND
 1566 ubuntu    20   0 16.891g 857856  14648 S   0.0  5.6   4:47.22 java
Fri Jun 13 08:32:06 UTC 2014
  PID USER      PR  NI    VIRT    RES    SHR S  %CPU %MEM     TIME+ COMMAND
 1566 ubuntu    20   0 16.891g 857856  14648 S   0.0  5.6   4:47.23 java
Fri Jun 13 08:32:07 UTC 2014
  PID USER      PR  NI    VIRT    RES    SHR S  %CPU %MEM     TIME+ COMMAND
 1566 ubuntu    20   0 16.891g 857856  14648 S   0.0  5.6   4:47.23 java
Fri Jun 13 08:32:08 UTC 2014
  PID USER      PR  NI    VIRT    RES    SHR S  %CPU %MEM     TIME+ COMMAND
 1566 ubuntu    20   0 16.891g 857856  14648 S   0.0  5.6   4:47.23 java
Fri Jun 13 08:32:10 UTC 2014
  PID USER      PR  NI    VIRT    RES    SHR S  %CPU %MEM     TIME+ COMMAND
 1566 ubuntu    20   0 16.891g 857856  14648 S   0.0  5.6   4:47.24 java
Fri Jun 13 08:32:11 UTC 2014
  PID USER      PR  NI    VIRT    RES    SHR S  %CPU %MEM     TIME+ COMMAND
 1566 ubuntu    20   0 16.891g 857856  14648 S   0.0  5.6   4:47.25 java
Fri Jun 13 08:32:12 UTC 2014
  PID USER      PR  NI    VIRT    RES    SHR S  %CPU %MEM     TIME+ COMMAND
 1566 ubuntu    20   0 16.891g 857856  14648 S   0.0  5.6   4:47.27 java
Fri Jun 13 08:32:13 UTC 2014
  PID USER      PR  NI    VIRT    RES    SHR S  %CPU %MEM     TIME+ COMMAND
 1566 ubuntu    20   0 16.891g 857856  14648 S   0.0  5.6   4:47.27 java
Fri Jun 13 08:32:14 UTC 2014
  PID USER      PR  NI    VIRT    RES    SHR S  %CPU %MEM     TIME+ COMMAND
 1566 ubuntu    20   0 16.891g 857856  14648 S   0.0  5.6   4:47.27 java
Fri Jun 13 08:32:15 UTC 2014
  PID USER      PR  NI    VIRT    RES    SHR S  %CPU %MEM     TIME+ COMMAND
 1566 ubuntu    20   0 16.891g 857856  14648 S   0.0  5.6   4:47.28 java
Fri Jun 13 08:32:17 UTC 2014
  PID USER      PR  NI    VIRT    RES    SHR S  %CPU %MEM     TIME+ COMMAND
 1566 ubuntu    20   0 16.891g 857856  14648 S   0.0  5.6   4:47.28 java
Fri Jun 13 08:32:18 UTC 2014
  PID USER      PR  NI    VIRT    RES    SHR S  %CPU %MEM     TIME+ COMMAND
 1566 ubuntu    20   0 16.891g 857856  14648 S   0.0  5.6   4:47.30 java
Fri Jun 13 08:32:19 UTC 2014
  PID USER      PR  NI    VIRT    RES    SHR S  %CPU %MEM     TIME+ COMMAND
 1566 ubuntu    20   0 16.891g 857856  14648 S   0.0  5.6   4:47.30 java
Fri Jun 13 08:32:20 UTC 2014
  PID USER      PR  NI    VIRT    RES    SHR S  %CPU %MEM     TIME+ COMMAND
 1566 ubuntu    20   0 16.891g 857856  14648 S   6.6  5.6   4:47.31 java
Fri Jun 13 08:32:21 UTC 2014
  PID USER      PR  NI    VIRT    RES    SHR S  %CPU %MEM     TIME+ COMMAND
 1566 ubuntu    20   0 16.891g 857856  14648 S   0.0  5.6   4:47.32 java
Fri Jun 13 08:32:22 UTC 2014
  PID USER      PR  NI    VIRT    RES    SHR S  %CPU %MEM     TIME+ COMMAND
 1566 ubuntu    20   0 16.891g 857856  14648 S   0.0  5.6   4:47.32 java
Fri Jun 13 08:32:24 UTC 2014
  PID USER      PR  NI    VIRT    RES    SHR S  %CPU %MEM     TIME+ COMMAND
 1566 ubuntu    20   0 16.891g 857856  14648 S   0.0  5.6   4:47.32 java
Fri Jun 13 08:32:25 UTC 2014
  PID USER      PR  NI    VIRT    RES    SHR S  %CPU %MEM     TIME+ COMMAND
 1566 ubuntu    20   0 16.891g 857856  14648 S   0.0  5.6   4:47.33 java
Fri Jun 13 08:32:26 UTC 2014
  PID USER      PR  NI    VIRT    RES    SHR S  %CPU %MEM     TIME+ COMMAND
 1566 ubuntu    20   0 16.891g 857856  14648 S   0.0  5.6   4:47.34 java
Fri Jun 13 08:32:27 UTC 2014
  PID USER      PR  NI    VIRT    RES    SHR S  %CPU %MEM     TIME+ COMMAND
 1566 ubuntu    20   0 16.891g 857856  14648 S   0.0  5.6   4:47.34 java
Fri Jun 13 08:32:28 UTC 2014
  PID USER      PR  NI    VIRT    RES    SHR S  %CPU %MEM     TIME+ COMMAND
 1566 ubuntu    20   0 16.891g 857856  14648 S   0.0  5.6   4:47.35 java
Fri Jun 13 08:32:29 UTC 2014
  PID USER      PR  NI    VIRT    RES    SHR S  %CPU %MEM     TIME+ COMMAND
 1566 ubuntu    20   0 16.891g 857856  14648 S   0.0  5.6   4:47.35 java
Fri Jun 13 08:32:31 UTC 2014
  PID USER      PR  NI    VIRT    RES    SHR S  %CPU %MEM     TIME+ COMMAND
 1566 ubuntu    20   0 16.891g 857856  14648 S   0.0  5.6   4:47.35 java
Fri Jun 13 08:32:32 UTC 2014
  PID USER      PR  NI    VIRT    RES    SHR S  %CPU %MEM     TIME+ COMMAND
 1566 ubuntu    20   0 16.891g 857856  14648 S   0.0  5.6   4:47.37 java
Fri Jun 13 08:32:33 UTC 2014
  PID USER      PR  NI    VIRT    RES    SHR S  %CPU %MEM     TIME+ COMMAND
 1566 ubuntu    20   0 16.891g 857856  14648 S   0.0  5.6   4:47.37 java
Fri Jun 13 08:32:34 UTC 2014
  PID USER      PR  NI    VIRT    RES    SHR S  %CPU %MEM     TIME+ COMMAND
 1566 ubuntu    20   0 16.891g 857856  14648 S   0.0  5.6   4:47.37 java
Fri Jun 13 08:32:35 UTC 2014
  PID USER      PR  NI    VIRT    RES    SHR S  %CPU %MEM     TIME+ COMMAND
 1566 ubuntu    20   0 16.891g 857856  14648 S   0.0  5.6   4:47.39 java
Fri Jun 13 08:32:36 UTC 2014
  PID USER      PR  NI    VIRT    RES    SHR S  %CPU %MEM     TIME+ COMMAND
 1566 ubuntu    20   0 16.891g 857856  14648 S   0.0  5.6   4:47.39 java
Fri Jun 13 08:32:38 UTC 2014
  PID USER      PR  NI    VIRT    RES    SHR S  %CPU %MEM     TIME+ COMMAND
 1566 ubuntu    20   0 16.891g 857856  14648 S   6.6  5.6   4:47.40 java
Fri Jun 13 08:32:39 UTC 2014
  PID USER      PR  NI    VIRT    RES    SHR S  %CPU %MEM     TIME+ COMMAND
 1566 ubuntu    20   0 16.891g 857856  14648 S   0.0  5.6   4:47.40 java
Fri Jun 13 08:32:40 UTC 2014
  PID USER      PR  NI    VIRT    RES    SHR S  %CPU %MEM     TIME+ COMMAND
 1566 ubuntu    20   0 16.891g 857856  14648 S   0.0  5.6   4:47.41 java
Fri Jun 13 08:32:41 UTC 2014
  PID USER      PR  NI    VIRT    RES    SHR S  %CPU %MEM     TIME+ COMMAND
 1566 ubuntu    20   0 16.891g 857856  14648 S   0.0  5.6   4:47.42 java
Fri Jun 13 08:32:42 UTC 2014
  PID USER      PR  NI    VIRT    RES    SHR S  %CPU %MEM     TIME+ COMMAND
 1566 ubuntu    20   0 16.891g 857864  14648 S   6.6  5.6   4:47.44 java
Fri Jun 13 08:32:43 UTC 2014
  PID USER      PR  NI    VIRT    RES    SHR S  %CPU %MEM     TIME+ COMMAND
 1566 ubuntu    20   0 16.891g 857864  14648 S   0.0  5.6   4:47.44 java
Fri Jun 13 08:32:45 UTC 2014
  PID USER      PR  NI    VIRT    RES    SHR S  %CPU %MEM     TIME+ COMMAND
 1566 ubuntu    20   0 16.891g 857864  14648 S   0.0  5.6   4:47.45 java
Fri Jun 13 08:32:46 UTC 2014
  PID USER      PR  NI    VIRT    RES    SHR S  %CPU %MEM     TIME+ COMMAND
 1566 ubuntu    20   0 16.891g 857864  14648 S   0.0  5.6   4:47.45 java
Fri Jun 13 08:32:47 UTC 2014
  PID USER      PR  NI    VIRT    RES    SHR S  %CPU %MEM     TIME+ COMMAND
 1566 ubuntu    20   0 16.891g 857864  14648 S   0.0  5.6   4:47.45 java
Fri Jun 13 08:32:48 UTC 2014
  PID USER      PR  NI    VIRT    RES    SHR S  %CPU %MEM     TIME+ COMMAND
 1566 ubuntu    20   0 16.891g 857864  14648 S   0.0  5.6   4:47.47 java
Fri Jun 13 08:32:49 UTC 2014
  PID USER      PR  NI    VIRT    RES    SHR S  %CPU %MEM     TIME+ COMMAND
 1566 ubuntu    20   0 16.891g 857864  14648 S   0.0  5.6   4:47.47 java
Fri Jun 13 08:32:50 UTC 2014
  PID USER      PR  NI    VIRT    RES    SHR S  %CPU %MEM     TIME+ COMMAND
 1566 ubuntu    20   0 16.891g 857864  14648 S   0.0  5.6   4:47.48 java
Fri Jun 13 08:32:52 UTC 2014
  PID USER      PR  NI    VIRT    RES    SHR S  %CPU %MEM     TIME+ COMMAND
 1566 ubuntu    20   0 16.891g 857864  14648 S   0.0  5.6   4:47.49 java
Fri Jun 13 08:32:53 UTC 2014
  PID USER      PR  NI    VIRT    RES    SHR S  %CPU %MEM     TIME+ COMMAND
 1566 ubuntu    20   0 16.891g 857864  14648 S   0.0  5.6   4:47.49 java
Fri Jun 13 08:32:54 UTC 2014
  PID USER      PR  NI    VIRT    RES    SHR S  %CPU %MEM     TIME+ COMMAND
 1566 ubuntu    20   0 16.891g 857864  14648 S   0.0  5.6   4:47.50 java
Fri Jun 13 08:32:55 UTC 2014
  PID USER      PR  NI    VIRT    RES    SHR S  %CPU %MEM     TIME+ COMMAND
 1566 ubuntu    20   0 16.891g 857864  14648 S   0.0  5.6   4:47.50 java
Fri Jun 13 08:32:56 UTC 2014
  PID USER      PR  NI    VIRT    RES    SHR S  %CPU %MEM     TIME+ COMMAND
 1566 ubuntu    20   0 16.891g 857864  14648 S   0.0  5.6   4:47.51 java
Fri Jun 13 08:32:58 UTC 2014
  PID USER      PR  NI    VIRT    RES    SHR S  %CPU %MEM     TIME+ COMMAND
 1566 ubuntu    20   0 16.891g 857864  14648 S   6.6  5.6   4:47.52 java
Fri Jun 13 08:32:59 UTC 2014
  PID USER      PR  NI    VIRT    RES    SHR S  %CPU %MEM     TIME+ COMMAND
 1566 ubuntu    20   0 16.891g 857864  14648 S   0.0  5.6   4:47.52 java
Fri Jun 13 08:33:00 UTC 2014
  PID USER      PR  NI    VIRT    RES    SHR S  %CPU %MEM     TIME+ COMMAND
 1566 ubuntu    20   0 16.891g 857864  14648 S   0.0  5.6   4:47.52 java
Fri Jun 13 08:33:01 UTC 2014
  PID USER      PR  NI    VIRT    RES    SHR S  %CPU %MEM     TIME+ COMMAND
 1566 ubuntu    20   0 16.891g 857864  14648 S   6.6  5.6   4:47.54 java
Fri Jun 13 08:33:02 UTC 2014
  PID USER      PR  NI    VIRT    RES    SHR S  %CPU %MEM     TIME+ COMMAND
 1566 ubuntu    20   0 16.891g 857864  14648 S   0.0  5.6   4:47.54 java
Fri Jun 13 08:33:03 UTC 2014
  PID USER      PR  NI    VIRT    RES    SHR S  %CPU %MEM     TIME+ COMMAND
 1566 ubuntu    20   0 16.891g 857864  14648 S   0.0  5.6   4:47.54 java
Fri Jun 13 08:33:05 UTC 2014
  PID USER      PR  NI    VIRT    RES    SHR S  %CPU %MEM     TIME+ COMMAND
 1566 ubuntu    20   0 16.891g 857864  14648 S   6.6  5.6   4:47.55 java
Fri Jun 13 08:33:06 UTC 2014
  PID USER      PR  NI    VIRT    RES    SHR S  %CPU %MEM     TIME+ COMMAND
 1566 ubuntu    20   0 16.891g 857864  14648 S   0.0  5.6   4:47.56 java
Fri Jun 13 08:33:07 UTC 2014
  PID USER      PR  NI    VIRT    RES    SHR S  %CPU %MEM     TIME+ COMMAND
 1566 ubuntu    20   0 16.891g 857864  14648 S   0.0  5.6   4:47.56 java
Fri Jun 13 08:33:08 UTC 2014
  PID USER      PR  NI    VIRT    RES    SHR S  %CPU %MEM     TIME+ COMMAND
 1566 ubuntu    20   0 16.891g 857864  14648 S   0.0  5.6   4:47.56 java
Fri Jun 13 08:33:09 UTC 2014
  PID USER      PR  NI    VIRT    RES    SHR S  %CPU %MEM     TIME+ COMMAND
 1566 ubuntu    20   0 16.891g 857864  14648 S   0.0  5.6   4:47.57 java
Fri Jun 13 08:33:10 UTC 2014
  PID USER      PR  NI    VIRT    RES    SHR S  %CPU %MEM     TIME+ COMMAND
 1566 ubuntu    20   0 16.891g 857864  14648 S   0.0  5.6   4:47.57 java
Fri Jun 13 08:33:12 UTC 2014
  PID USER      PR  NI    VIRT    RES    SHR S  %CPU %MEM     TIME+ COMMAND
 1566 ubuntu    20   0 16.891g 857864  14648 S   0.0  5.6   4:47.59 java
Fri Jun 13 08:33:13 UTC 2014
  PID USER      PR  NI    VIRT    RES    SHR S  %CPU %MEM     TIME+ COMMAND
 1566 ubuntu    20   0 16.891g 857864  14648 S   6.6  5.6   4:47.60 java
Fri Jun 13 08:33:14 UTC 2014
  PID USER      PR  NI    VIRT    RES    SHR S  %CPU %MEM     TIME+ COMMAND
 1566 ubuntu    20   0 16.891g 857864  14648 S   0.0  5.6   4:47.61 java
Fri Jun 13 08:33:15 UTC 2014
  PID USER      PR  NI    VIRT    RES    SHR S  %CPU %MEM     TIME+ COMMAND
 1566 ubuntu    20   0 16.891g 857864  14648 S   0.0  5.6   4:47.61 java
Fri Jun 13 08:33:16 UTC 2014
  PID USER      PR  NI    VIRT    RES    SHR S  %CPU %MEM     TIME+ COMMAND
 1566 ubuntu    20   0 16.891g 857864  14648 S   0.0  5.6   4:47.61 java
