Fri Jun 13 13:55:15 UTC 2014
  PID USER      PR  NI    VIRT    RES    SHR S  %CPU %MEM     TIME+ COMMAND
 1634 ubuntu    20   0 9059976 289948  14204 S   6.6  3.8   0:18.51 java
Fri Jun 13 13:55:16 UTC 2014
  PID USER      PR  NI    VIRT    RES    SHR S  %CPU %MEM     TIME+ COMMAND
 1634 ubuntu    20   0 9059976 289948  14204 S   0.0  3.8   0:18.52 java
Fri Jun 13 13:55:17 UTC 2014
  PID USER      PR  NI    VIRT    RES    SHR S  %CPU %MEM     TIME+ COMMAND
 1634 ubuntu    20   0 9059976 289948  14204 S   0.0  3.8   0:18.53 java
Fri Jun 13 13:55:18 UTC 2014
  PID USER      PR  NI    VIRT    RES    SHR S  %CPU %MEM     TIME+ COMMAND
 1634 ubuntu    20   0 9059976 289948  14204 S   0.0  3.8   0:18.53 java
Fri Jun 13 13:55:20 UTC 2014
  PID USER      PR  NI    VIRT    RES    SHR S  %CPU %MEM     TIME+ COMMAND
 1634 ubuntu    20   0 9059976 289948  14204 S   0.0  3.8   0:18.54 java
Fri Jun 13 13:55:21 UTC 2014
  PID USER      PR  NI    VIRT    RES    SHR S  %CPU %MEM     TIME+ COMMAND
 1634 ubuntu    20   0 9059976 289948  14204 S   6.6  3.8   0:18.55 java
Fri Jun 13 13:55:22 UTC 2014
  PID USER      PR  NI    VIRT    RES    SHR S  %CPU %MEM     TIME+ COMMAND
 1634 ubuntu    20   0 9059976 289948  14204 S   0.0  3.8   0:18.56 java
Fri Jun 13 13:55:23 UTC 2014
  PID USER      PR  NI    VIRT    RES    SHR S  %CPU %MEM     TIME+ COMMAND
 1634 ubuntu    20   0 9059976 289948  14204 S   0.0  3.8   0:18.56 java
Fri Jun 13 13:55:24 UTC 2014
  PID USER      PR  NI    VIRT    RES    SHR S  %CPU %MEM     TIME+ COMMAND
 1634 ubuntu    20   0 9059976 289948  14204 S   0.0  3.8   0:18.57 java
Fri Jun 13 13:55:25 UTC 2014
  PID USER      PR  NI    VIRT    RES    SHR S  %CPU %MEM     TIME+ COMMAND
 1634 ubuntu    20   0 9059976 289948  14204 S   6.6  3.8   0:18.59 java
Fri Jun 13 13:55:27 UTC 2014
  PID USER      PR  NI    VIRT    RES    SHR S  %CPU %MEM     TIME+ COMMAND
 1634 ubuntu    20   0 9059976 289948  14204 S   6.6  3.8   0:18.60 java
Fri Jun 13 13:55:28 UTC 2014
  PID USER      PR  NI    VIRT    RES    SHR S  %CPU %MEM     TIME+ COMMAND
 1634 ubuntu    20   0 9059976 289948  14204 S   0.0  3.8   0:18.61 java
Fri Jun 13 13:55:29 UTC 2014
  PID USER      PR  NI    VIRT    RES    SHR S  %CPU %MEM     TIME+ COMMAND
 1634 ubuntu    20   0 9059976 289948  14204 S   0.0  3.8   0:18.61 java
Fri Jun 13 13:55:30 UTC 2014
  PID USER      PR  NI    VIRT    RES    SHR S  %CPU %MEM     TIME+ COMMAND
 1634 ubuntu    20   0 9059976 289948  14204 S   0.0  3.8   0:18.62 java
Fri Jun 13 13:55:31 UTC 2014
  PID USER      PR  NI    VIRT    RES    SHR S  %CPU %MEM     TIME+ COMMAND
 1634 ubuntu    20   0 9059976 289948  14204 S   6.6  3.8   0:18.63 java
Fri Jun 13 13:55:32 UTC 2014
  PID USER      PR  NI    VIRT    RES    SHR S  %CPU %MEM     TIME+ COMMAND
 1634 ubuntu    20   0 9059976 289948  14204 S   0.0  3.8   0:18.63 java
Fri Jun 13 13:55:34 UTC 2014
  PID USER      PR  NI    VIRT    RES    SHR S  %CPU %MEM     TIME+ COMMAND
 1634 ubuntu    20   0 9059976 289948  14204 S   6.6  3.8   0:18.65 java
Fri Jun 13 13:55:35 UTC 2014
  PID USER      PR  NI    VIRT    RES    SHR S  %CPU %MEM     TIME+ COMMAND
 1634 ubuntu    20   0 9059976 289948  14204 S   6.6  3.8   0:18.67 java
Fri Jun 13 13:55:36 UTC 2014
  PID USER      PR  NI    VIRT    RES    SHR S  %CPU %MEM     TIME+ COMMAND
 1634 ubuntu    20   0 9059976 289948  14204 S   0.0  3.8   0:18.67 java
Fri Jun 13 13:55:37 UTC 2014
  PID USER      PR  NI    VIRT    RES    SHR S  %CPU %MEM     TIME+ COMMAND
 1634 ubuntu    20   0 9059976 289948  14204 S   0.0  3.8   0:18.68 java
Fri Jun 13 13:55:38 UTC 2014
  PID USER      PR  NI    VIRT    RES    SHR S  %CPU %MEM     TIME+ COMMAND
 1634 ubuntu    20   0 9059976 290208  14204 S   0.0  3.8   0:18.68 java
Fri Jun 13 13:55:39 UTC 2014
  PID USER      PR  NI    VIRT    RES    SHR S  %CPU %MEM     TIME+ COMMAND
 1634 ubuntu    20   0 9059976 290208  14204 S   0.0  3.8   0:18.70 java
Fri Jun 13 13:55:41 UTC 2014
  PID USER      PR  NI    VIRT    RES    SHR S  %CPU %MEM     TIME+ COMMAND
 1634 ubuntu    20   0 9059976 290208  14204 S   0.0  3.8   0:18.70 java
Fri Jun 13 13:55:42 UTC 2014
  PID USER      PR  NI    VIRT    RES    SHR S  %CPU %MEM     TIME+ COMMAND
 1634 ubuntu    20   0 9059976 290208  14204 S   0.0  3.8   0:18.71 java
Fri Jun 13 13:55:43 UTC 2014
  PID USER      PR  NI    VIRT    RES    SHR S  %CPU %MEM     TIME+ COMMAND
 1634 ubuntu    20   0 9059976 290208  14204 S   0.0  3.8   0:18.71 java
Fri Jun 13 13:55:44 UTC 2014
  PID USER      PR  NI    VIRT    RES    SHR S  %CPU %MEM     TIME+ COMMAND
 1634 ubuntu    20   0 9059976 290208  14204 S   0.0  3.8   0:18.72 java
Fri Jun 13 13:55:45 UTC 2014
  PID USER      PR  NI    VIRT    RES    SHR S  %CPU %MEM     TIME+ COMMAND
 1634 ubuntu    20   0 9059976 290736  14204 S   0.0  3.8   0:18.74 java
Fri Jun 13 13:55:47 UTC 2014
  PID USER      PR  NI    VIRT    RES    SHR S  %CPU %MEM     TIME+ COMMAND
 1634 ubuntu    20   0 9059976 290736  14204 S   0.0  3.8   0:18.75 java
Fri Jun 13 13:55:48 UTC 2014
  PID USER      PR  NI    VIRT    RES    SHR S  %CPU %MEM     TIME+ COMMAND
 1634 ubuntu    20   0 9059976 290736  14204 S   6.6  3.8   0:18.77 java
Fri Jun 13 13:55:49 UTC 2014
  PID USER      PR  NI    VIRT    RES    SHR S  %CPU %MEM     TIME+ COMMAND
 1634 ubuntu    20   0 9059976 290736  14204 S   0.0  3.8   0:18.77 java
Fri Jun 13 13:55:50 UTC 2014
  PID USER      PR  NI    VIRT    RES    SHR S  %CPU %MEM     TIME+ COMMAND
 1634 ubuntu    20   0 9059976 290900  14204 S   0.0  3.8   0:18.78 java
Fri Jun 13 13:55:51 UTC 2014
  PID USER      PR  NI    VIRT    RES    SHR S  %CPU %MEM     TIME+ COMMAND
 1634 ubuntu    20   0 9059976 290900  14204 S   0.0  3.8   0:18.80 java
Fri Jun 13 13:55:52 UTC 2014
  PID USER      PR  NI    VIRT    RES    SHR S  %CPU %MEM     TIME+ COMMAND
 1634 ubuntu    20   0 9059976 291816  14204 S  13.3  3.8   0:18.86 java
Fri Jun 13 13:55:54 UTC 2014
  PID USER      PR  NI    VIRT    RES    SHR S  %CPU %MEM     TIME+ COMMAND
 1634 ubuntu    20   0 9059976 293000  14204 S  19.9  3.8   0:19.02 java
Fri Jun 13 13:55:55 UTC 2014
  PID USER      PR  NI    VIRT    RES    SHR S  %CPU %MEM     TIME+ COMMAND
 1634 ubuntu    20   0 9059976 294912  14204 S   6.6  3.8   0:19.10 java
Fri Jun 13 13:55:56 UTC 2014
  PID USER      PR  NI    VIRT    RES    SHR S  %CPU %MEM     TIME+ COMMAND
 1634 ubuntu    20   0 9059976 296848  14376 S  72.8  3.9   0:19.79 java
Fri Jun 13 13:55:57 UTC 2014
  PID USER      PR  NI    VIRT    RES    SHR S  %CPU %MEM     TIME+ COMMAND
 1634 ubuntu    20   0 9059976 297776  14376 S  13.3  3.9   0:20.01 java
Fri Jun 13 13:55:58 UTC 2014
  PID USER      PR  NI    VIRT    RES    SHR S  %CPU %MEM     TIME+ COMMAND
 1634 ubuntu    20   0 9059976 299352  14376 S  46.3  3.9   0:20.48 java
Fri Jun 13 13:55:59 UTC 2014
  PID USER      PR  NI    VIRT    RES    SHR S  %CPU %MEM     TIME+ COMMAND
 1634 ubuntu    20   0 9059976 300384  14376 S  26.5  3.9   0:20.96 java
Fri Jun 13 13:56:01 UTC 2014
  PID USER      PR  NI    VIRT    RES    SHR S  %CPU %MEM     TIME+ COMMAND
 1634 ubuntu    20   0 9059976 303120  14376 S  33.1  3.9   0:21.67 java
Fri Jun 13 13:56:02 UTC 2014
  PID USER      PR  NI    VIRT    RES    SHR S  %CPU %MEM     TIME+ COMMAND
 1634 ubuntu    20   0 9059976 313972  14384 S  39.7  4.1   0:22.61 java
Fri Jun 13 13:56:03 UTC 2014
  PID USER      PR  NI    VIRT    RES    SHR S  %CPU %MEM     TIME+ COMMAND
 1634 ubuntu    20   0 9059976 330832  14384 S  52.9  4.3   0:23.32 java
Fri Jun 13 13:56:04 UTC 2014
  PID USER      PR  NI    VIRT    RES    SHR S  %CPU %MEM     TIME+ COMMAND
 1634 ubuntu    20   0 9059976 355580  14384 S 165.3  4.6   0:24.30 java
Fri Jun 13 13:56:05 UTC 2014
  PID USER      PR  NI    VIRT    RES    SHR S  %CPU %MEM     TIME+ COMMAND
 1634 ubuntu    20   0 9059976 356416  14384 S  59.6  4.6   0:24.98 java
Fri Jun 13 13:56:06 UTC 2014
  PID USER      PR  NI    VIRT    RES    SHR S  %CPU %MEM     TIME+ COMMAND
 1634 ubuntu    20   0 9059976 357472  14384 S  26.5  4.6   0:25.56 java
Fri Jun 13 13:56:08 UTC 2014
  PID USER      PR  NI    VIRT    RES    SHR S  %CPU %MEM     TIME+ COMMAND
 1634 ubuntu    20   0 9059976 359236  14388 S  39.8  4.7   0:26.36 java
Fri Jun 13 13:56:09 UTC 2014
  PID USER      PR  NI    VIRT    RES    SHR S  %CPU %MEM     TIME+ COMMAND
 1634 ubuntu    20   0 9059976 359764  14388 S  39.8  4.7   0:26.99 java
Fri Jun 13 13:56:10 UTC 2014
  PID USER      PR  NI    VIRT    RES    SHR S  %CPU %MEM     TIME+ COMMAND
 1634 ubuntu    20   0 9059976 360580  14388 S  52.7  4.7   0:27.69 java
Fri Jun 13 13:56:11 UTC 2014
  PID USER      PR  NI    VIRT    RES    SHR S  %CPU %MEM     TIME+ COMMAND
 1634 ubuntu    20   0 9059976 360932  14388 S  59.6  4.7   0:28.41 java
Fri Jun 13 13:56:12 UTC 2014
  PID USER      PR  NI    VIRT    RES    SHR S  %CPU %MEM     TIME+ COMMAND
 1634 ubuntu    20   0 9059976 372476  14388 S  91.0  4.8   0:29.04 java
Fri Jun 13 13:56:14 UTC 2014
  PID USER      PR  NI    VIRT    RES    SHR S  %CPU %MEM     TIME+ COMMAND
 1634 ubuntu    20   0 9059976 372520  14388 S  66.1  4.8   0:29.47 java
Fri Jun 13 13:56:15 UTC 2014
  PID USER      PR  NI    VIRT    RES    SHR S  %CPU %MEM     TIME+ COMMAND
 1634 ubuntu    20   0 9059976 372692  14388 S 159.0  4.8   0:30.14 java
Fri Jun 13 13:56:16 UTC 2014
  PID USER      PR  NI    VIRT    RES    SHR S  %CPU %MEM     TIME+ COMMAND
 1634 ubuntu    20   0 9059980 373076  14392 S  52.9  4.8   0:30.81 java
Fri Jun 13 13:56:17 UTC 2014
  PID USER      PR  NI    VIRT    RES    SHR S  %CPU %MEM     TIME+ COMMAND
 1634 ubuntu    20   0 9059976 373096  14392 S  26.3  4.8   0:31.20 java
Fri Jun 13 13:56:18 UTC 2014
  PID USER      PR  NI    VIRT    RES    SHR S  %CPU %MEM     TIME+ COMMAND
 1634 ubuntu    20   0 9059976 373372  14396 S  19.9  4.9   0:31.37 java
Fri Jun 13 13:56:19 UTC 2014
  PID USER      PR  NI    VIRT    RES    SHR S  %CPU %MEM     TIME+ COMMAND
 1634 ubuntu    20   0 9059976 373780  14396 S  33.1  4.9   0:31.66 java
Fri Jun 13 13:56:21 UTC 2014
  PID USER      PR  NI    VIRT    RES    SHR S  %CPU %MEM     TIME+ COMMAND
 1634 ubuntu    20   0 9059976 373780  14396 S  39.5  4.9   0:31.92 java
Fri Jun 13 13:56:22 UTC 2014
  PID USER      PR  NI    VIRT    RES    SHR S  %CPU %MEM     TIME+ COMMAND
 1634 ubuntu    20   0 9059976 373780  14396 S  13.3  4.9   0:32.06 java
Fri Jun 13 13:56:23 UTC 2014
  PID USER      PR  NI    VIRT    RES    SHR S  %CPU %MEM     TIME+ COMMAND
 1634 ubuntu    20   0 9059976 374240  14396 S  19.9  4.9   0:32.29 java
Fri Jun 13 13:56:24 UTC 2014
  PID USER      PR  NI    VIRT    RES    SHR S  %CPU %MEM     TIME+ COMMAND
 1634 ubuntu    20   0 9059976 374240  14396 S  26.5  4.9   0:32.52 java
Fri Jun 13 13:56:25 UTC 2014
  PID USER      PR  NI    VIRT    RES    SHR S  %CPU %MEM     TIME+ COMMAND
 1634 ubuntu    20   0 9059976 374784  14396 S  13.3  4.9   0:32.72 java
Fri Jun 13 13:56:26 UTC 2014
  PID USER      PR  NI    VIRT    RES    SHR S  %CPU %MEM     TIME+ COMMAND
 1634 ubuntu    20   0 9059976 374784  14396 S  19.9  4.9   0:32.89 java
Fri Jun 13 13:56:28 UTC 2014
  PID USER      PR  NI    VIRT    RES    SHR S  %CPU %MEM     TIME+ COMMAND
 1634 ubuntu    20   0 9059976 374784  14396 S  13.2  4.9   0:33.13 java
Fri Jun 13 13:56:29 UTC 2014
  PID USER      PR  NI    VIRT    RES    SHR S  %CPU %MEM     TIME+ COMMAND
 1634 ubuntu    20   0 9059976 374784  14396 S  13.2  4.9   0:33.32 java
Fri Jun 13 13:56:30 UTC 2014
  PID USER      PR  NI    VIRT    RES    SHR S  %CPU %MEM     TIME+ COMMAND
 1634 ubuntu    20   0 9059976 375604  14396 S  19.9  4.9   0:33.61 java
Fri Jun 13 13:56:31 UTC 2014
  PID USER      PR  NI    VIRT    RES    SHR S  %CPU %MEM     TIME+ COMMAND
 1634 ubuntu    20   0 9059976 375604  14396 S  19.9  4.9   0:33.87 java
Fri Jun 13 13:56:32 UTC 2014
  PID USER      PR  NI    VIRT    RES    SHR S  %CPU %MEM     TIME+ COMMAND
 1634 ubuntu    20   0 9059976 375604  14396 S  13.3  4.9   0:34.06 java
Fri Jun 13 13:56:34 UTC 2014
  PID USER      PR  NI    VIRT    RES    SHR S  %CPU %MEM     TIME+ COMMAND
 1634 ubuntu    20   0 9059976 375604  14396 S   6.6  4.9   0:34.19 java
Fri Jun 13 13:56:35 UTC 2014
  PID USER      PR  NI    VIRT    RES    SHR S  %CPU %MEM     TIME+ COMMAND
 1634 ubuntu    20   0 9059976 374764  14396 S  19.9  4.9   0:34.43 java
Fri Jun 13 13:56:36 UTC 2014
  PID USER      PR  NI    VIRT    RES    SHR S  %CPU %MEM     TIME+ COMMAND
 1634 ubuntu    20   0 9059976 374764  14396 S  19.6  4.9   0:34.66 java
Fri Jun 13 13:56:37 UTC 2014
  PID USER      PR  NI    VIRT    RES    SHR S  %CPU %MEM     TIME+ COMMAND
 1634 ubuntu    20   0 9059976 374764  14396 S  12.9  4.9   0:34.86 java
Fri Jun 13 13:56:38 UTC 2014
  PID USER      PR  NI    VIRT    RES    SHR S  %CPU %MEM     TIME+ COMMAND
 1634 ubuntu    20   0 9059976 374764  14396 S  13.2  4.9   0:35.08 java
Fri Jun 13 13:56:39 UTC 2014
  PID USER      PR  NI    VIRT    RES    SHR S  %CPU %MEM     TIME+ COMMAND
 1634 ubuntu    20   0 9059976 375028  14396 S  33.1  4.9   0:35.30 java
Fri Jun 13 13:56:41 UTC 2014
  PID USER      PR  NI    VIRT    RES    SHR S  %CPU %MEM     TIME+ COMMAND
 1634 ubuntu    20   0 9059976 375028  14396 S  13.3  4.9   0:35.54 java
Fri Jun 13 13:56:42 UTC 2014
  PID USER      PR  NI    VIRT    RES    SHR S  %CPU %MEM     TIME+ COMMAND
 1634 ubuntu    20   0 9059976 375028  14396 S  19.8  4.9   0:35.72 java
Fri Jun 13 13:56:43 UTC 2014
  PID USER      PR  NI    VIRT    RES    SHR S  %CPU %MEM     TIME+ COMMAND
 1634 ubuntu    20   0 9059976 375028  14396 S  46.4  4.9   0:36.06 java
Fri Jun 13 13:56:44 UTC 2014
  PID USER      PR  NI    VIRT    RES    SHR S  %CPU %MEM     TIME+ COMMAND
 1634 ubuntu    20   0 9059976 374900  14396 S  19.9  4.9   0:36.26 java
Fri Jun 13 13:56:45 UTC 2014
  PID USER      PR  NI    VIRT    RES    SHR S  %CPU %MEM     TIME+ COMMAND
 1634 ubuntu    20   0 9059976 374900  14396 S   6.6  4.9   0:36.47 java
Fri Jun 13 13:56:46 UTC 2014
  PID USER      PR  NI    VIRT    RES    SHR S  %CPU %MEM     TIME+ COMMAND
 1634 ubuntu    20   0 9059976 374900  14396 S   6.6  4.9   0:36.67 java
Fri Jun 13 13:56:48 UTC 2014
  PID USER      PR  NI    VIRT    RES    SHR S  %CPU %MEM     TIME+ COMMAND
 1634 ubuntu    20   0 9059976 375164  14396 S  13.2  4.9   0:36.87 java
Fri Jun 13 13:56:49 UTC 2014
  PID USER      PR  NI    VIRT    RES    SHR S  %CPU %MEM     TIME+ COMMAND
 1634 ubuntu    20   0 9059976 375164  14396 S   6.6  4.9   0:37.10 java
Fri Jun 13 13:56:50 UTC 2014
  PID USER      PR  NI    VIRT    RES    SHR S  %CPU %MEM     TIME+ COMMAND
 1634 ubuntu    20   0 9059976 375164  14396 S  19.9  4.9   0:37.38 java
Fri Jun 13 13:56:51 UTC 2014
  PID USER      PR  NI    VIRT    RES    SHR S  %CPU %MEM     TIME+ COMMAND
 1634 ubuntu    20   0 9059976 375164  14396 S  19.9  4.9   0:37.62 java
Fri Jun 13 13:56:52 UTC 2014
  PID USER      PR  NI    VIRT    RES    SHR S  %CPU %MEM     TIME+ COMMAND
 1634 ubuntu    20   0 9059976 374844  14396 S   6.6  4.9   0:37.82 java
Fri Jun 13 13:56:54 UTC 2014
  PID USER      PR  NI    VIRT    RES    SHR S  %CPU %MEM     TIME+ COMMAND
 1634 ubuntu    20   0 9059976 374844  14396 S  26.5  4.9   0:38.02 java
Fri Jun 13 13:56:55 UTC 2014
  PID USER      PR  NI    VIRT    RES    SHR S  %CPU %MEM     TIME+ COMMAND
 1634 ubuntu    20   0 9059976 374844  14396 S   6.6  4.9   0:38.27 java
Fri Jun 13 13:56:56 UTC 2014
  PID USER      PR  NI    VIRT    RES    SHR S  %CPU %MEM     TIME+ COMMAND
 1634 ubuntu    20   0 9059976 375108  14396 S  26.5  4.9   0:38.52 java
Fri Jun 13 13:56:57 UTC 2014
  PID USER      PR  NI    VIRT    RES    SHR S  %CPU %MEM     TIME+ COMMAND
 1634 ubuntu    20   0 9059976 375108  14396 S  19.9  4.9   0:38.79 java
Fri Jun 13 13:56:58 UTC 2014
  PID USER      PR  NI    VIRT    RES    SHR S  %CPU %MEM     TIME+ COMMAND
 1634 ubuntu    20   0 9059976 375152  14396 S   6.6  4.9   0:38.95 java
Fri Jun 13 13:56:59 UTC 2014
  PID USER      PR  NI    VIRT    RES    SHR S  %CPU %MEM     TIME+ COMMAND
 1634 ubuntu    20   0 9059976 374984  14396 S   6.6  4.9   0:39.13 java
Fri Jun 13 13:57:01 UTC 2014
  PID USER      PR  NI    VIRT    RES    SHR S  %CPU %MEM     TIME+ COMMAND
 1634 ubuntu    20   0 9059976 374984  14396 S  33.1  4.9   0:39.40 java
Fri Jun 13 13:57:02 UTC 2014
  PID USER      PR  NI    VIRT    RES    SHR S  %CPU %MEM     TIME+ COMMAND
 1634 ubuntu    20   0 9059976 374984  14396 S  13.2  4.9   0:39.70 java
Fri Jun 13 13:57:03 UTC 2014
  PID USER      PR  NI    VIRT    RES    SHR S  %CPU %MEM     TIME+ COMMAND
 1634 ubuntu    20   0 9059976 374984  14396 S  26.5  4.9   0:40.00 java
Fri Jun 13 13:57:04 UTC 2014
  PID USER      PR  NI    VIRT    RES    SHR S  %CPU %MEM     TIME+ COMMAND
 1634 ubuntu    20   0 9059976 367704  14396 S  52.9  4.8   0:40.43 java
Fri Jun 13 13:57:05 UTC 2014
  PID USER      PR  NI    VIRT    RES    SHR S  %CPU %MEM     TIME+ COMMAND
 1634 ubuntu    20   0 9059976 367704  14396 S  19.9  4.8   0:40.74 java
Fri Jun 13 13:57:06 UTC 2014
  PID USER      PR  NI    VIRT    RES    SHR S  %CPU %MEM     TIME+ COMMAND
 1634 ubuntu    20   0 9059976 367968  14396 S  26.5  4.8   0:41.04 java
Fri Jun 13 13:57:08 UTC 2014
  PID USER      PR  NI    VIRT    RES    SHR S  %CPU %MEM     TIME+ COMMAND
 1634 ubuntu    20   0 9059976 367968  14396 S  19.9  4.8   0:41.23 java
Fri Jun 13 13:57:09 UTC 2014
  PID USER      PR  NI    VIRT    RES    SHR S  %CPU %MEM     TIME+ COMMAND
 1634 ubuntu    20   0 9059976 367968  14396 S  26.5  4.8   0:41.47 java
Fri Jun 13 13:57:10 UTC 2014
  PID USER      PR  NI    VIRT    RES    SHR S  %CPU %MEM     TIME+ COMMAND
 1634 ubuntu    20   0 9059976 363848  14396 S  53.0  4.7   0:41.79 java
Fri Jun 13 13:57:11 UTC 2014
  PID USER      PR  NI    VIRT    RES    SHR S  %CPU %MEM     TIME+ COMMAND
 1634 ubuntu    20   0 9059976 363848  14396 S  26.5  4.7   0:42.08 java
Fri Jun 13 13:57:12 UTC 2014
  PID USER      PR  NI    VIRT    RES    SHR S  %CPU %MEM     TIME+ COMMAND
 1634 ubuntu    20   0 9059976 363848  14396 S  19.9  4.7   0:42.42 java
Fri Jun 13 13:57:13 UTC 2014
  PID USER      PR  NI    VIRT    RES    SHR S  %CPU %MEM     TIME+ COMMAND
 1634 ubuntu    20   0 9059976 354364  14396 S  46.3  4.6   0:42.74 java
Fri Jun 13 13:57:15 UTC 2014
  PID USER      PR  NI    VIRT    RES    SHR S  %CPU %MEM     TIME+ COMMAND
 1634 ubuntu    20   0 9059976 354364  14396 S  72.9  4.6   0:43.17 java
Fri Jun 13 13:57:16 UTC 2014
  PID USER      PR  NI    VIRT    RES    SHR S  %CPU %MEM     TIME+ COMMAND
 1634 ubuntu    20   0 9059976 354628  14396 S  19.9  4.6   0:43.57 java
Fri Jun 13 13:57:17 UTC 2014
  PID USER      PR  NI    VIRT    RES    SHR S  %CPU %MEM     TIME+ COMMAND
 1634 ubuntu    20   0 9059976 344164  14396 S  26.5  4.5   0:43.92 java
Fri Jun 13 13:57:18 UTC 2014
  PID USER      PR  NI    VIRT    RES    SHR S  %CPU %MEM     TIME+ COMMAND
 1634 ubuntu    20   0 9059976 344188  14396 S  19.9  4.5   0:44.25 java
Fri Jun 13 13:57:19 UTC 2014
  PID USER      PR  NI    VIRT    RES    SHR S  %CPU %MEM     TIME+ COMMAND
 1634 ubuntu    20   0 9059976 344188  14396 S  26.5  4.5   0:44.60 java
Fri Jun 13 13:57:21 UTC 2014
  PID USER      PR  NI    VIRT    RES    SHR S  %CPU %MEM     TIME+ COMMAND
 1634 ubuntu    20   0 9059976 334952  14396 S  19.9  4.4   0:44.98 java
Fri Jun 13 13:57:22 UTC 2014
  PID USER      PR  NI    VIRT    RES    SHR S  %CPU %MEM     TIME+ COMMAND
 1634 ubuntu    20   0 9059976 334952  14396 S  33.1  4.4   0:45.27 java
Fri Jun 13 13:57:23 UTC 2014
  PID USER      PR  NI    VIRT    RES    SHR S  %CPU %MEM     TIME+ COMMAND
 1634 ubuntu    20   0 9059976 334952  14396 S  26.4  4.4   0:45.68 java
Fri Jun 13 13:57:24 UTC 2014
  PID USER      PR  NI    VIRT    RES    SHR S  %CPU %MEM     TIME+ COMMAND
 1634 ubuntu    20   0 9059976 326744  14396 S  51.6  4.2   0:45.99 java
Fri Jun 13 13:57:25 UTC 2014
  PID USER      PR  NI    VIRT    RES    SHR S  %CPU %MEM     TIME+ COMMAND
 1634 ubuntu    20   0 9059976 326744  14396 S  46.4  4.2   0:46.31 java
Fri Jun 13 13:57:26 UTC 2014
  PID USER      PR  NI    VIRT    RES    SHR S  %CPU %MEM     TIME+ COMMAND
 1634 ubuntu    20   0 9059976 319564  14396 S  53.0  4.2   0:46.74 java
Fri Jun 13 13:57:28 UTC 2014
  PID USER      PR  NI    VIRT    RES    SHR S  %CPU %MEM     TIME+ COMMAND
 1634 ubuntu    20   0 9059976 319828  14396 S  13.2  4.2   0:47.22 java
Fri Jun 13 13:57:29 UTC 2014
  PID USER      PR  NI    VIRT    RES    SHR S  %CPU %MEM     TIME+ COMMAND
 1634 ubuntu    20   0 9059976 313672  14396 S  66.3  4.1   0:47.67 java
Fri Jun 13 13:57:30 UTC 2014
  PID USER      PR  NI    VIRT    RES    SHR S  %CPU %MEM     TIME+ COMMAND
 1634 ubuntu    20   0 9059976 308540  14396 S  19.9  4.0   0:48.08 java
Fri Jun 13 13:57:31 UTC 2014
  PID USER      PR  NI    VIRT    RES    SHR S  %CPU %MEM     TIME+ COMMAND
 1634 ubuntu    20   0 9059976 308724  14400 S  13.2  4.0   0:48.49 java
Fri Jun 13 13:57:32 UTC 2014
  PID USER      PR  NI    VIRT    RES    SHR S  %CPU %MEM     TIME+ COMMAND
 1634 ubuntu    20   0 9059976 304372  14400 S  39.7  4.0   0:48.92 java
Fri Jun 13 13:57:33 UTC 2014
  PID USER      PR  NI    VIRT    RES    SHR S  %CPU %MEM     TIME+ COMMAND
 1634 ubuntu    20   0 9059976 304372  14400 S   6.6  4.0   0:49.26 java
Fri Jun 13 13:57:35 UTC 2014
  PID USER      PR  NI    VIRT    RES    SHR S  %CPU %MEM     TIME+ COMMAND
 1634 ubuntu    20   0 9059976 300780  14400 S  53.0  3.9   0:49.75 java
Fri Jun 13 13:57:36 UTC 2014
  PID USER      PR  NI    VIRT    RES    SHR S  %CPU %MEM     TIME+ COMMAND
 1634 ubuntu    20   0 9059976 297704  14400 S  26.3  3.9   0:50.12 java
Fri Jun 13 13:57:37 UTC 2014
  PID USER      PR  NI    VIRT    RES    SHR S  %CPU %MEM     TIME+ COMMAND
 1634 ubuntu    20   0 9059976 295136  14400 S  46.3  3.8   0:50.59 java
Fri Jun 13 13:57:38 UTC 2014
  PID USER      PR  NI    VIRT    RES    SHR S  %CPU %MEM     TIME+ COMMAND
 1634 ubuntu    20   0 9059976 295136  14400 S  66.3  3.8   0:51.06 java
Fri Jun 13 13:57:39 UTC 2014
  PID USER      PR  NI    VIRT    RES    SHR S  %CPU %MEM     TIME+ COMMAND
 1634 ubuntu    20   0 9059976 291296  14400 S  52.7  3.8   0:51.60 java
Fri Jun 13 13:57:41 UTC 2014
  PID USER      PR  NI    VIRT    RES    SHR S  %CPU %MEM     TIME+ COMMAND
 1634 ubuntu    20   0 9059976 291296  14400 S  19.9  3.8   0:51.95 java
Fri Jun 13 13:57:42 UTC 2014
  PID USER      PR  NI    VIRT    RES    SHR S  %CPU %MEM     TIME+ COMMAND
 1634 ubuntu    20   0 9059976 289760  14400 S  46.4  3.8   0:52.39 java
Fri Jun 13 13:57:43 UTC 2014
  PID USER      PR  NI    VIRT    RES    SHR S  %CPU %MEM     TIME+ COMMAND
 1634 ubuntu    20   0 9059976 288220  14400 S  52.6  3.7   0:52.79 java
Fri Jun 13 13:57:44 UTC 2014
  PID USER      PR  NI    VIRT    RES    SHR S  %CPU %MEM     TIME+ COMMAND
 1634 ubuntu    20   0 9059976 287192  14400 S  39.7  3.7   0:53.29 java
Fri Jun 13 13:57:45 UTC 2014
  PID USER      PR  NI    VIRT    RES    SHR S  %CPU %MEM     TIME+ COMMAND
 1634 ubuntu    20   0 9059976 286432  14400 S  59.5  3.7   0:53.72 java
Fri Jun 13 13:57:46 UTC 2014
  PID USER      PR  NI    VIRT    RES    SHR S  %CPU %MEM     TIME+ COMMAND
 1634 ubuntu    20   0 9059976 285668  14400 S  46.4  3.7   0:54.19 java
Fri Jun 13 13:57:48 UTC 2014
  PID USER      PR  NI    VIRT    RES    SHR S  %CPU %MEM     TIME+ COMMAND
 1634 ubuntu    20   0 9059976 284644  14400 S  65.3  3.7   0:54.79 java
Fri Jun 13 13:57:49 UTC 2014
  PID USER      PR  NI    VIRT    RES    SHR S  %CPU %MEM     TIME+ COMMAND
 1634 ubuntu    20   0 9059976 283616  14400 S  33.1  3.7   0:55.33 java
Fri Jun 13 13:57:50 UTC 2014
  PID USER      PR  NI    VIRT    RES    SHR S  %CPU %MEM     TIME+ COMMAND
 1634 ubuntu    20   0 9059976 283104  14400 S  33.0  3.7   0:55.84 java
Fri Jun 13 13:57:51 UTC 2014
  PID USER      PR  NI    VIRT    RES    SHR S  %CPU %MEM     TIME+ COMMAND
 1634 ubuntu    20   0 9059976 282592  14400 S  32.7  3.7   0:56.32 java
Fri Jun 13 13:57:52 UTC 2014
  PID USER      PR  NI    VIRT    RES    SHR S  %CPU %MEM     TIME+ COMMAND
 1634 ubuntu    20   0 9059976 282516  14400 S  39.7  3.7   0:56.79 java
Fri Jun 13 13:57:54 UTC 2014
  PID USER      PR  NI    VIRT    RES    SHR S  %CPU %MEM     TIME+ COMMAND
 1634 ubuntu    20   0 9059976 282264  14400 S  72.9  3.7   0:57.35 java
Fri Jun 13 13:57:55 UTC 2014
  PID USER      PR  NI    VIRT    RES    SHR S  %CPU %MEM     TIME+ COMMAND
 1634 ubuntu    20   0 9059976 282264  14400 S  39.8  3.7   0:57.86 java
Fri Jun 13 13:57:56 UTC 2014
  PID USER      PR  NI    VIRT    RES    SHR S  %CPU %MEM     TIME+ COMMAND
 1634 ubuntu    20   0 9059976 282264  14400 S  39.3  3.7   0:58.31 java
Fri Jun 13 13:57:57 UTC 2014
  PID USER      PR  NI    VIRT    RES    SHR S  %CPU %MEM     TIME+ COMMAND
 1634 ubuntu    20   0 9059976 282752  14400 S  33.1  3.7   0:58.93 java
Fri Jun 13 13:57:58 UTC 2014
  PID USER      PR  NI    VIRT    RES    SHR S  %CPU %MEM     TIME+ COMMAND
 1634 ubuntu    20   0 9059976 283016  14400 S  52.3  3.7   0:59.60 java
Fri Jun 13 13:57:59 UTC 2014
  PID USER      PR  NI    VIRT    RES    SHR S  %CPU %MEM     TIME+ COMMAND
 1634 ubuntu    20   0 9059976 283184  14400 S  59.6  3.7   1:00.35 java
Fri Jun 13 13:58:01 UTC 2014
  PID USER      PR  NI    VIRT    RES    SHR S  %CPU %MEM     TIME+ COMMAND
 1634 ubuntu    20   0 9059976 283184  14400 S  53.0  3.7   1:01.03 java
Fri Jun 13 13:58:02 UTC 2014
  PID USER      PR  NI    VIRT    RES    SHR S  %CPU %MEM     TIME+ COMMAND
 1634 ubuntu    20   0 9059976 283448  14400 S  52.3  3.7   1:01.62 java
Fri Jun 13 13:58:03 UTC 2014
  PID USER      PR  NI    VIRT    RES    SHR S  %CPU %MEM     TIME+ COMMAND
 1634 ubuntu    20   0 9059976 283712  14400 S  46.3  3.7   1:02.26 java
Fri Jun 13 13:58:04 UTC 2014
  PID USER      PR  NI    VIRT    RES    SHR S  %CPU %MEM     TIME+ COMMAND
 1634 ubuntu    20   0 9059976 283468  14400 S  59.6  3.7   1:02.84 java
Fri Jun 13 13:58:05 UTC 2014
  PID USER      PR  NI    VIRT    RES    SHR S  %CPU %MEM     TIME+ COMMAND
 1634 ubuntu    20   0 9059976 282444  14400 S  19.8  3.7   1:03.56 java
Fri Jun 13 13:58:06 UTC 2014
  PID USER      PR  NI    VIRT    RES    SHR S  %CPU %MEM     TIME+ COMMAND
 1634 ubuntu    20   0 9059976 281928  14400 S  53.0  3.7   1:04.19 java
Fri Jun 13 13:58:08 UTC 2014
  PID USER      PR  NI    VIRT    RES    SHR S  %CPU %MEM     TIME+ COMMAND
 1634 ubuntu    20   0 9059976 280904  14400 S  79.4  3.7   1:04.84 java
Fri Jun 13 13:58:09 UTC 2014
  PID USER      PR  NI    VIRT    RES    SHR S  %CPU %MEM     TIME+ COMMAND
 1634 ubuntu    20   0 9059976 280636  14400 S  72.9  3.6   1:05.55 java
Fri Jun 13 13:58:10 UTC 2014
  PID USER      PR  NI    VIRT    RES    SHR S  %CPU %MEM     TIME+ COMMAND
 1634 ubuntu    20   0 9059976 280636  14400 S  52.2  3.6   1:06.07 java
Fri Jun 13 13:58:11 UTC 2014
  PID USER      PR  NI    VIRT    RES    SHR S  %CPU %MEM     TIME+ COMMAND
 1634 ubuntu    20   0 9059976 281136  14400 S  52.9  3.7   1:06.76 java
Fri Jun 13 13:58:12 UTC 2014
  PID USER      PR  NI    VIRT    RES    SHR S  %CPU %MEM     TIME+ COMMAND
 1634 ubuntu    20   0 9059976 281136  14400 S  39.8  3.7   1:07.40 java
Fri Jun 13 13:58:14 UTC 2014
  PID USER      PR  NI    VIRT    RES    SHR S  %CPU %MEM     TIME+ COMMAND
 1634 ubuntu    20   0 9059976 281400  14400 S  39.7  3.7   1:08.10 java
Fri Jun 13 13:58:15 UTC 2014
  PID USER      PR  NI    VIRT    RES    SHR S  %CPU %MEM     TIME+ COMMAND
 1634 ubuntu    20   0 9059976 281884  14400 S 105.8  3.7   1:09.02 java
Fri Jun 13 13:58:16 UTC 2014
  PID USER      PR  NI    VIRT    RES    SHR S  %CPU %MEM     TIME+ COMMAND
 1634 ubuntu    20   0 9059976 281884  14400 S  79.5  3.7   1:09.83 java
Fri Jun 13 13:58:17 UTC 2014
  PID USER      PR  NI    VIRT    RES    SHR S  %CPU %MEM     TIME+ COMMAND
 1634 ubuntu    20   0 9059976 282128  14400 S  79.3  3.7   1:10.72 java
Fri Jun 13 13:58:18 UTC 2014
  PID USER      PR  NI    VIRT    RES    SHR S  %CPU %MEM     TIME+ COMMAND
 1634 ubuntu    20   0 9059976 281632  14400 S  71.2  3.7   1:11.59 java
Fri Jun 13 13:58:19 UTC 2014
  PID USER      PR  NI    VIRT    RES    SHR S  %CPU %MEM     TIME+ COMMAND
 1634 ubuntu    20   0 9059976 281380  14400 S  53.0  3.7   1:12.36 java
Fri Jun 13 13:58:21 UTC 2014
  PID USER      PR  NI    VIRT    RES    SHR S  %CPU %MEM     TIME+ COMMAND
 1634 ubuntu    20   0 9059976 281388  14400 S  86.1  3.7   1:13.23 java
Fri Jun 13 13:58:22 UTC 2014
  PID USER      PR  NI    VIRT    RES    SHR S  %CPU %MEM     TIME+ COMMAND
 1634 ubuntu    20   0 9059976 281644  14400 S 125.7  3.7   1:14.22 java
Fri Jun 13 13:58:23 UTC 2014
  PID USER      PR  NI    VIRT    RES    SHR S  %CPU %MEM     TIME+ COMMAND
 1634 ubuntu    20   0 9059976 282696  14400 S  79.5  3.7   1:15.16 java
Fri Jun 13 13:58:24 UTC 2014
  PID USER      PR  NI    VIRT    RES    SHR S  %CPU %MEM     TIME+ COMMAND
 1634 ubuntu    20   0 9059976 282696  14400 S  79.3  3.7   1:15.99 java
Fri Jun 13 13:58:25 UTC 2014
  PID USER      PR  NI    VIRT    RES    SHR S  %CPU %MEM     TIME+ COMMAND
 1634 ubuntu    20   0 9059976 283236  14400 S  79.5  3.7   1:16.92 java
Fri Jun 13 13:58:27 UTC 2014
  PID USER      PR  NI    VIRT    RES    SHR S  %CPU %MEM     TIME+ COMMAND
 1634 ubuntu    20   0 9059976 282212  14400 S  86.0  3.7   1:17.72 java
Fri Jun 13 13:58:28 UTC 2014
  PID USER      PR  NI    VIRT    RES    SHR S  %CPU %MEM     TIME+ COMMAND
 1634 ubuntu    20   0 9059976 282212  14400 S  59.6  3.7   1:18.59 java
Fri Jun 13 13:58:29 UTC 2014
  PID USER      PR  NI    VIRT    RES    SHR S  %CPU %MEM     TIME+ COMMAND
 1634 ubuntu    20   0 9059976 281956  14400 S  92.1  3.7   1:19.60 java
Fri Jun 13 13:58:30 UTC 2014
  PID USER      PR  NI    VIRT    RES    SHR S  %CPU %MEM     TIME+ COMMAND
 1634 ubuntu    20   0 9059976 281696  14400 S  79.3  3.7   1:20.48 java
Fri Jun 13 13:58:31 UTC 2014
  PID USER      PR  NI    VIRT    RES    SHR S  %CPU %MEM     TIME+ COMMAND
 1634 ubuntu    20   0 9059976 282216  14400 S  59.5  3.7   1:21.25 java
Fri Jun 13 13:58:32 UTC 2014
  PID USER      PR  NI    VIRT    RES    SHR S  %CPU %MEM     TIME+ COMMAND
 1634 ubuntu    20   0 9059976 282480  14400 S  72.7  3.7   1:22.16 java
Fri Jun 13 13:58:34 UTC 2014
  PID USER      PR  NI    VIRT    RES    SHR S  %CPU %MEM     TIME+ COMMAND
 1634 ubuntu    20   0 9059976 283252  14400 S  86.0  3.7   1:23.24 java
Fri Jun 13 13:58:35 UTC 2014
  PID USER      PR  NI    VIRT    RES    SHR S  %CPU %MEM     TIME+ COMMAND
 1634 ubuntu    20   0 9059976 283256  14400 S  99.0  3.7   1:24.12 java
Fri Jun 13 13:58:36 UTC 2014
  PID USER      PR  NI    VIRT    RES    SHR S  %CPU %MEM     TIME+ COMMAND
 1634 ubuntu    20   0 9059976 283260  14400 S  39.8  3.7   1:24.90 java
Fri Jun 13 13:58:37 UTC 2014
  PID USER      PR  NI    VIRT    RES    SHR S  %CPU %MEM     TIME+ COMMAND
 1634 ubuntu    20   0 9059976 282236  14400 S 105.8  3.7   1:25.89 java
Fri Jun 13 13:58:38 UTC 2014
  PID USER      PR  NI    VIRT    RES    SHR S  %CPU %MEM     TIME+ COMMAND
 1634 ubuntu    20   0 9059976 281720  14400 S 112.2  3.7   1:26.93 java
Fri Jun 13 13:58:40 UTC 2014
  PID USER      PR  NI    VIRT    RES    SHR S  %CPU %MEM     TIME+ COMMAND
 1634 ubuntu    20   0 9059976 281472  14400 S  78.7  3.7   1:27.79 java
Fri Jun 13 13:58:41 UTC 2014
  PID USER      PR  NI    VIRT    RES    SHR S  %CPU %MEM     TIME+ COMMAND
 1634 ubuntu    20   0 9059976 280960  14400 S  79.4  3.7   1:28.70 java
Fri Jun 13 13:58:42 UTC 2014
  PID USER      PR  NI    VIRT    RES    SHR S  %CPU %MEM     TIME+ COMMAND
 1634 ubuntu    20   0 9059976 280444  14400 S  53.0  3.6   1:29.53 java
Fri Jun 13 13:58:43 UTC 2014
  PID USER      PR  NI    VIRT    RES    SHR S  %CPU %MEM     TIME+ COMMAND
 1634 ubuntu    20   0 9059976 281204  14400 S  72.9  3.7   1:30.35 java
Fri Jun 13 13:58:44 UTC 2014
  PID USER      PR  NI    VIRT    RES    SHR S  %CPU %MEM     TIME+ COMMAND
 1634 ubuntu    20   0 9059976 281464  14400 S  86.1  3.7   1:31.17 java
Fri Jun 13 13:58:45 UTC 2014
  PID USER      PR  NI    VIRT    RES    SHR S  %CPU %MEM     TIME+ COMMAND
 1634 ubuntu    20   0 9059976 281196  14400 S  98.1  3.7   1:32.26 java
Fri Jun 13 13:58:47 UTC 2014
  PID USER      PR  NI    VIRT    RES    SHR S  %CPU %MEM     TIME+ COMMAND
 1634 ubuntu    20   0 9059976 281728  14400 S  79.5  3.7   1:33.14 java
Fri Jun 13 13:58:48 UTC 2014
  PID USER      PR  NI    VIRT    RES    SHR S  %CPU %MEM     TIME+ COMMAND
 1634 ubuntu    20   0 9059976 281832  14400 S  33.1  3.7   1:33.98 java
Fri Jun 13 13:58:49 UTC 2014
  PID USER      PR  NI    VIRT    RES    SHR S  %CPU %MEM     TIME+ COMMAND
 1634 ubuntu    20   0 9059976 281972  14400 S  78.6  3.7   1:34.82 java
Fri Jun 13 13:58:50 UTC 2014
  PID USER      PR  NI    VIRT    RES    SHR S  %CPU %MEM     TIME+ COMMAND
 1634 ubuntu    20   0 9059976 282352  14400 S 145.4  3.7   1:36.16 java
Fri Jun 13 13:58:51 UTC 2014
  PID USER      PR  NI    VIRT    RES    SHR S  %CPU %MEM     TIME+ COMMAND
 1634 ubuntu    20   0 9059976 282104  14400 S  46.3  3.7   1:37.11 java
Fri Jun 13 13:58:53 UTC 2014
  PID USER      PR  NI    VIRT    RES    SHR S  %CPU %MEM     TIME+ COMMAND
 1634 ubuntu    20   0 9059976 282392  14400 S  77.2  3.7   1:38.20 java
Fri Jun 13 13:58:54 UTC 2014
  PID USER      PR  NI    VIRT    RES    SHR S  %CPU %MEM     TIME+ COMMAND
 1634 ubuntu    20   0 9059976 282392  14400 S  46.4  3.7   1:39.07 java
Fri Jun 13 13:58:55 UTC 2014
  PID USER      PR  NI    VIRT    RES    SHR S  %CPU %MEM     TIME+ COMMAND
 1634 ubuntu    20   0 9059976 280340  14400 S  66.3  3.6   1:39.94 java
Fri Jun 13 13:58:56 UTC 2014
  PID USER      PR  NI    VIRT    RES    SHR S  %CPU %MEM     TIME+ COMMAND
 1634 ubuntu    20   0 9059976 280332  14400 S  59.6  3.6   1:41.04 java
Fri Jun 13 13:58:57 UTC 2014
  PID USER      PR  NI    VIRT    RES    SHR S  %CPU %MEM     TIME+ COMMAND
 1634 ubuntu    20   0 9059976 278804  14400 S  59.5  3.6   1:42.13 java
Fri Jun 13 13:58:58 UTC 2014
  PID USER      PR  NI    VIRT    RES    SHR S  %CPU %MEM     TIME+ COMMAND
 1634 ubuntu    20   0 9059976 278036  14400 S  79.4  3.6   1:43.08 java
Fri Jun 13 13:59:00 UTC 2014
  PID USER      PR  NI    VIRT    RES    SHR S  %CPU %MEM     TIME+ COMMAND
 1634 ubuntu    20   0 9059976 278044  14400 S 125.6  3.6   1:44.08 java
Fri Jun 13 13:59:01 UTC 2014
  PID USER      PR  NI    VIRT    RES    SHR S  %CPU %MEM     TIME+ COMMAND
 1634 ubuntu    20   0 9059976 277784  14400 S  92.8  3.6   1:45.15 java
Fri Jun 13 13:59:02 UTC 2014
  PID USER      PR  NI    VIRT    RES    SHR S  %CPU %MEM     TIME+ COMMAND
 1634 ubuntu    20   0 9059976 277272  14400 S  72.8  3.6   1:46.22 java
Fri Jun 13 13:59:03 UTC 2014
  PID USER      PR  NI    VIRT    RES    SHR S  %CPU %MEM     TIME+ COMMAND
 1634 ubuntu    20   0 9059976 277040  14400 S 105.7  3.6   1:47.40 java
Fri Jun 13 13:59:04 UTC 2014
  PID USER      PR  NI    VIRT    RES    SHR S  %CPU %MEM     TIME+ COMMAND
 1634 ubuntu    20   0 9059976 293684  14400 S 118.8  3.8   1:48.62 java
Fri Jun 13 13:59:06 UTC 2014
  PID USER      PR  NI    VIRT    RES    SHR S  %CPU %MEM     TIME+ COMMAND
 1634 ubuntu    20   0 9059976 295296  14400 S 198.4  3.8   1:50.17 java
Fri Jun 13 13:59:07 UTC 2014
  PID USER      PR  NI    VIRT    RES    SHR S  %CPU %MEM     TIME+ COMMAND
 1634 ubuntu    20   0 9059976 294864  14400 S  92.5  3.8   1:51.28 java
Fri Jun 13 13:59:08 UTC 2014
  PID USER      PR  NI    VIRT    RES    SHR S  %CPU %MEM     TIME+ COMMAND
 1634 ubuntu    20   0 9059976 294976  14400 S  72.7  3.8   1:52.38 java
Fri Jun 13 13:59:09 UTC 2014
  PID USER      PR  NI    VIRT    RES    SHR S  %CPU %MEM     TIME+ COMMAND
 1634 ubuntu    20   0 9059976 294720  14400 S 110.6  3.8   1:53.41 java
Fri Jun 13 13:59:10 UTC 2014
  PID USER      PR  NI    VIRT    RES    SHR S  %CPU %MEM     TIME+ COMMAND
 1634 ubuntu    20   0 9059976 293692  14400 S  92.6  3.8   1:54.27 java
Fri Jun 13 13:59:11 UTC 2014
  PID USER      PR  NI    VIRT    RES    SHR S  %CPU %MEM     TIME+ COMMAND
 1634 ubuntu    20   0 9059976 293440  14400 S  39.3  3.8   1:55.06 java
Fri Jun 13 13:59:13 UTC 2014
  PID USER      PR  NI    VIRT    RES    SHR S  %CPU %MEM     TIME+ COMMAND
 1634 ubuntu    20   0 9059976 293184  14400 S  79.5  3.8   1:55.95 java
Fri Jun 13 13:59:14 UTC 2014
  PID USER      PR  NI    VIRT    RES    SHR S  %CPU %MEM     TIME+ COMMAND
 1634 ubuntu    20   0 9059976 292936  14400 S  86.0  3.8   1:56.90 java
Fri Jun 13 13:59:15 UTC 2014
  PID USER      PR  NI    VIRT    RES    SHR S  %CPU %MEM     TIME+ COMMAND
 1634 ubuntu    20   0 9059976 293192  14400 S  66.1  3.8   1:57.99 java
Fri Jun 13 13:59:16 UTC 2014
  PID USER      PR  NI    VIRT    RES    SHR S  %CPU %MEM     TIME+ COMMAND
 1634 ubuntu    20   0 9059976 293608  14400 S  59.6  3.8   1:58.93 java
Fri Jun 13 13:59:17 UTC 2014
  PID USER      PR  NI    VIRT    RES    SHR S  %CPU %MEM     TIME+ COMMAND
 1634 ubuntu    20   0 9059976 292316  14400 S  79.5  3.8   1:59.82 java
Fri Jun 13 13:59:19 UTC 2014
  PID USER      PR  NI    VIRT    RES    SHR S  %CPU %MEM     TIME+ COMMAND
 1634 ubuntu    20   0 9059976 290556  14400 S  92.6  3.8   2:00.85 java
Fri Jun 13 13:59:20 UTC 2014
  PID USER      PR  NI    VIRT    RES    SHR S  %CPU %MEM     TIME+ COMMAND
 1634 ubuntu    20   0 9059976 289532  14400 S  79.5  3.8   2:01.74 java
Fri Jun 13 13:59:21 UTC 2014
  PID USER      PR  NI    VIRT    RES    SHR S  %CPU %MEM     TIME+ COMMAND
 1634 ubuntu    20   0 9059976 287988  14400 S  72.7  3.7   2:02.74 java
Fri Jun 13 13:59:22 UTC 2014
  PID USER      PR  NI    VIRT    RES    SHR S  %CPU %MEM     TIME+ COMMAND
 1634 ubuntu    20   0 9059976 286448  14400 S 119.3  3.7   2:03.98 java
Fri Jun 13 13:59:23 UTC 2014
  PID USER      PR  NI    VIRT    RES    SHR S  %CPU %MEM     TIME+ COMMAND
 1634 ubuntu    20   0 9059976 294864  14400 S 145.8  3.8   2:05.34 java
Fri Jun 13 13:59:24 UTC 2014
  PID USER      PR  NI    VIRT    RES    SHR S  %CPU %MEM     TIME+ COMMAND
 1634 ubuntu    20   0 9059976 314216  14400 S  66.2  4.1   2:06.37 java
Fri Jun 13 13:59:26 UTC 2014
  PID USER      PR  NI    VIRT    RES    SHR S  %CPU %MEM     TIME+ COMMAND
 1634 ubuntu    20   0 9059976 314856  14400 S 125.8  4.1   2:07.43 java
Fri Jun 13 13:59:27 UTC 2014
  PID USER      PR  NI    VIRT    RES    SHR S  %CPU %MEM     TIME+ COMMAND
 1634 ubuntu    20   0 9059976 314844  14400 S 119.2  4.1   2:08.75 java
Fri Jun 13 13:59:28 UTC 2014
  PID USER      PR  NI    VIRT    RES    SHR S  %CPU %MEM     TIME+ COMMAND
 1634 ubuntu    20   0 9059976 313848  14400 S  91.9  4.1   2:10.08 java
Fri Jun 13 13:59:29 UTC 2014
  PID USER      PR  NI    VIRT    RES    SHR S  %CPU %MEM     TIME+ COMMAND
 1634 ubuntu    20   0 9059976 312068  14400 S  97.3  4.1   2:11.26 java
Fri Jun 13 13:59:30 UTC 2014
  PID USER      PR  NI    VIRT    RES    SHR S  %CPU %MEM     TIME+ COMMAND
 1634 ubuntu    20   0 9059976 312184  14400 S 138.8  4.1   2:12.45 java
Fri Jun 13 13:59:32 UTC 2014
  PID USER      PR  NI    VIRT    RES    SHR S  %CPU %MEM     TIME+ COMMAND
 1634 ubuntu    20   0 9059976 311204  14400 S  52.9  4.0   2:13.58 java
Fri Jun 13 13:59:33 UTC 2014
  PID USER      PR  NI    VIRT    RES    SHR S  %CPU %MEM     TIME+ COMMAND
 1634 ubuntu    20   0 9059976 310180  14400 S  92.6  4.0   2:14.60 java
Fri Jun 13 13:59:34 UTC 2014
  PID USER      PR  NI    VIRT    RES    SHR S  %CPU %MEM     TIME+ COMMAND
 1634 ubuntu    20   0 9059976 309416  14400 S  59.5  4.0   2:15.51 java
Fri Jun 13 13:59:35 UTC 2014
  PID USER      PR  NI    VIRT    RES    SHR S  %CPU %MEM     TIME+ COMMAND
 1634 ubuntu    20   0 9059976 309164  14400 S  79.3  4.0   2:16.37 java
Fri Jun 13 13:59:36 UTC 2014
  PID USER      PR  NI    VIRT    RES    SHR S  %CPU %MEM     TIME+ COMMAND
 1634 ubuntu    20   0 9059976 308904  14400 S  92.7  4.0   2:17.49 java
Fri Jun 13 13:59:37 UTC 2014
  PID USER      PR  NI    VIRT    RES    SHR S  %CPU %MEM     TIME+ COMMAND
 1634 ubuntu    20   0 9059976 307876  14400 S  59.6  4.0   2:18.49 java
Fri Jun 13 13:59:39 UTC 2014
  PID USER      PR  NI    VIRT    RES    SHR S  %CPU %MEM     TIME+ COMMAND
 1634 ubuntu    20   0 9059976 307876  14400 S  53.0  4.0   2:19.13 java
Fri Jun 13 13:59:40 UTC 2014
  PID USER      PR  NI    VIRT    RES    SHR S  %CPU %MEM     TIME+ COMMAND
 1634 ubuntu    20   0 9059976 307364  14400 S  57.7  4.0   2:19.90 java
Fri Jun 13 13:59:41 UTC 2014
  PID USER      PR  NI    VIRT    RES    SHR S  %CPU %MEM     TIME+ COMMAND
 1634 ubuntu    20   0 9059976 306340  14400 S 105.9  4.0   2:20.77 java
Fri Jun 13 13:59:42 UTC 2014
  PID USER      PR  NI    VIRT    RES    SHR S  %CPU %MEM     TIME+ COMMAND
 1634 ubuntu    20   0 9059976 305824  14400 S  46.1  4.0   2:21.54 java
Fri Jun 13 13:59:43 UTC 2014
  PID USER      PR  NI    VIRT    RES    SHR S  %CPU %MEM     TIME+ COMMAND
 1634 ubuntu    20   0 9059976 306076  14400 S  46.1  4.0   2:22.08 java
Fri Jun 13 13:59:45 UTC 2014
  PID USER      PR  NI    VIRT    RES    SHR S  %CPU %MEM     TIME+ COMMAND
 1634 ubuntu    20   0 9059976 305316  14400 S  59.6  4.0   2:22.73 java
Fri Jun 13 13:59:46 UTC 2014
  PID USER      PR  NI    VIRT    RES    SHR S  %CPU %MEM     TIME+ COMMAND
 1634 ubuntu    20   0 9059976 305036  14400 S  39.7  4.0   2:23.61 java
Fri Jun 13 13:59:47 UTC 2014
  PID USER      PR  NI    VIRT    RES    SHR S  %CPU %MEM     TIME+ COMMAND
 1634 ubuntu    20   0 9059976 304520  14400 S  46.4  4.0   2:24.26 java
Fri Jun 13 13:59:48 UTC 2014
  PID USER      PR  NI    VIRT    RES    SHR S  %CPU %MEM     TIME+ COMMAND
 1634 ubuntu    20   0 9059976 305300  14400 S  79.5  4.0   2:24.88 java
Fri Jun 13 13:59:49 UTC 2014
  PID USER      PR  NI    VIRT    RES    SHR S  %CPU %MEM     TIME+ COMMAND
 1634 ubuntu    20   0 9059976 304788  14400 S  72.6  4.0   2:25.97 java
Fri Jun 13 13:59:51 UTC 2014
  PID USER      PR  NI    VIRT    RES    SHR S  %CPU %MEM     TIME+ COMMAND
 1634 ubuntu    20   0 9059976 305280  14400 S  79.3  4.0   2:27.08 java
Fri Jun 13 13:59:52 UTC 2014
  PID USER      PR  NI    VIRT    RES    SHR S  %CPU %MEM     TIME+ COMMAND
 1634 ubuntu    20   0 9059976 304888  14400 S  46.3  4.0   2:27.68 java
Fri Jun 13 13:59:53 UTC 2014
  PID USER      PR  NI    VIRT    RES    SHR S  %CPU %MEM     TIME+ COMMAND
 1634 ubuntu    20   0 9059976 304888  14400 S  19.8  4.0   2:28.13 java
Fri Jun 13 13:59:54 UTC 2014
  PID USER      PR  NI    VIRT    RES    SHR S  %CPU %MEM     TIME+ COMMAND
 1634 ubuntu    20   0 9061004 304116  14400 S  33.1  4.0   2:28.68 java
Fri Jun 13 13:59:55 UTC 2014
  PID USER      PR  NI    VIRT    RES    SHR S  %CPU %MEM     TIME+ COMMAND
 1634 ubuntu    20   0 9061004 303092  14400 S  39.7  3.9   2:29.23 java
Fri Jun 13 13:59:56 UTC 2014
  PID USER      PR  NI    VIRT    RES    SHR S  %CPU %MEM     TIME+ COMMAND
 1634 ubuntu    20   0 9061004 302824  14400 S  46.3  3.9   2:29.80 java
Fri Jun 13 13:59:58 UTC 2014
  PID USER      PR  NI    VIRT    RES    SHR S  %CPU %MEM     TIME+ COMMAND
 1634 ubuntu    20   0 9061004 302824  14400 S  46.3  3.9   2:30.34 java
Fri Jun 13 13:59:59 UTC 2014
  PID USER      PR  NI    VIRT    RES    SHR S  %CPU %MEM     TIME+ COMMAND
 1634 ubuntu    20   0 9061004 302312  14400 S  59.4  3.9   2:30.85 java
Fri Jun 13 14:00:00 UTC 2014
  PID USER      PR  NI    VIRT    RES    SHR S  %CPU %MEM     TIME+ COMMAND
 1634 ubuntu    20   0 9061004 301800  14400 S  46.4  3.9   2:31.17 java
Fri Jun 13 14:00:01 UTC 2014
  PID USER      PR  NI    VIRT    RES    SHR S  %CPU %MEM     TIME+ COMMAND
 1634 ubuntu    20   0 9061004 301800  14400 S  19.9  3.9   2:31.66 java
Fri Jun 13 14:00:02 UTC 2014
  PID USER      PR  NI    VIRT    RES    SHR S  %CPU %MEM     TIME+ COMMAND
 1634 ubuntu    20   0 9061004 301288  14400 S   0.0  3.9   2:31.85 java
Fri Jun 13 14:00:03 UTC 2014
  PID USER      PR  NI    VIRT    RES    SHR S  %CPU %MEM     TIME+ COMMAND
 1634 ubuntu    20   0 9061004 301288  14400 S   0.0  3.9   2:31.92 java
Fri Jun 13 14:00:05 UTC 2014
  PID USER      PR  NI    VIRT    RES    SHR S  %CPU %MEM     TIME+ COMMAND
 1634 ubuntu    20   0 9061004 301288  14400 S  13.3  3.9   2:32.02 java
Fri Jun 13 14:00:06 UTC 2014
  PID USER      PR  NI    VIRT    RES    SHR S  %CPU %MEM     TIME+ COMMAND
 1634 ubuntu    20   0 9061004 301288  14400 S   6.6  3.9   2:32.18 java
Fri Jun 13 14:00:07 UTC 2014
  PID USER      PR  NI    VIRT    RES    SHR S  %CPU %MEM     TIME+ COMMAND
 1634 ubuntu    20   0 9061004 301288  14400 S   6.6  3.9   2:32.27 java
Fri Jun 13 14:00:08 UTC 2014
  PID USER      PR  NI    VIRT    RES    SHR S  %CPU %MEM     TIME+ COMMAND
 1634 ubuntu    20   0 9061004 300772  14400 S   0.0  3.9   2:32.42 java
Fri Jun 13 14:00:09 UTC 2014
  PID USER      PR  NI    VIRT    RES    SHR S  %CPU %MEM     TIME+ COMMAND
 1634 ubuntu    20   0 9061004 301036  14400 S  46.3  3.9   2:32.72 java
Fri Jun 13 14:00:11 UTC 2014
  PID USER      PR  NI    VIRT    RES    SHR S  %CPU %MEM     TIME+ COMMAND
 1634 ubuntu    20   0 9061004 300524  14400 S   6.6  3.9   2:32.93 java
Fri Jun 13 14:00:12 UTC 2014
  PID USER      PR  NI    VIRT    RES    SHR S  %CPU %MEM     TIME+ COMMAND
 1634 ubuntu    20   0 9061004 300524  14400 S  33.1  3.9   2:33.32 java
Fri Jun 13 14:00:13 UTC 2014
  PID USER      PR  NI    VIRT    RES    SHR S  %CPU %MEM     TIME+ COMMAND
 1634 ubuntu    20   0 9061004 300268  14400 S  39.8  3.9   2:33.67 java
Fri Jun 13 14:00:14 UTC 2014
  PID USER      PR  NI    VIRT    RES    SHR S  %CPU %MEM     TIME+ COMMAND
 1634 ubuntu    20   0 9061004 300268  14400 S  32.7  3.9   2:33.76 java
Fri Jun 13 14:00:15 UTC 2014
  PID USER      PR  NI    VIRT    RES    SHR S  %CPU %MEM     TIME+ COMMAND
 1634 ubuntu    20   0 9061004 300268  14400 S   0.0  3.9   2:33.94 java
Fri Jun 13 14:00:16 UTC 2014
  PID USER      PR  NI    VIRT    RES    SHR S  %CPU %MEM     TIME+ COMMAND
 1634 ubuntu    20   0 9061004 300268  14400 S   0.0  3.9   2:33.95 java
Fri Jun 13 14:00:18 UTC 2014
  PID USER      PR  NI    VIRT    RES    SHR S  %CPU %MEM     TIME+ COMMAND
 1634 ubuntu    20   0 9061004 300268  14400 S   0.0  3.9   2:33.95 java
Fri Jun 13 14:00:19 UTC 2014
  PID USER      PR  NI    VIRT    RES    SHR S  %CPU %MEM     TIME+ COMMAND
 1634 ubuntu    20   0 9061004 300268  14400 S   0.0  3.9   2:33.96 java
Fri Jun 13 14:00:20 UTC 2014
  PID USER      PR  NI    VIRT    RES    SHR S  %CPU %MEM     TIME+ COMMAND
 1634 ubuntu    20   0 9061004 300268  14400 S   0.0  3.9   2:33.96 java
Fri Jun 13 14:00:21 UTC 2014
  PID USER      PR  NI    VIRT    RES    SHR S  %CPU %MEM     TIME+ COMMAND
 1634 ubuntu    20   0 9061004 300268  14400 S   0.0  3.9   2:33.98 java
Fri Jun 13 14:00:22 UTC 2014
  PID USER      PR  NI    VIRT    RES    SHR S  %CPU %MEM     TIME+ COMMAND
 1634 ubuntu    20   0 9061004 300268  14400 S   0.0  3.9   2:33.98 java
Fri Jun 13 14:00:23 UTC 2014
  PID USER      PR  NI    VIRT    RES    SHR S  %CPU %MEM     TIME+ COMMAND
 1634 ubuntu    20   0 9061004 300268  14400 S   0.0  3.9   2:33.98 java
Fri Jun 13 14:00:25 UTC 2014
  PID USER      PR  NI    VIRT    RES    SHR S  %CPU %MEM     TIME+ COMMAND
 1634 ubuntu    20   0 9061004 300268  14400 S   0.0  3.9   2:33.99 java
Fri Jun 13 14:00:26 UTC 2014
  PID USER      PR  NI    VIRT    RES    SHR S  %CPU %MEM     TIME+ COMMAND
 1634 ubuntu    20   0 9061004 300268  14400 S   6.6  3.9   2:34.01 java
Fri Jun 13 14:00:27 UTC 2014
  PID USER      PR  NI    VIRT    RES    SHR S  %CPU %MEM     TIME+ COMMAND
 1634 ubuntu    20   0 9061004 300268  14400 S   0.0  3.9   2:34.01 java
Fri Jun 13 14:00:28 UTC 2014
  PID USER      PR  NI    VIRT    RES    SHR S  %CPU %MEM     TIME+ COMMAND
 1634 ubuntu    20   0 9061004 300268  14400 S   0.0  3.9   2:34.02 java
Fri Jun 13 14:00:29 UTC 2014
  PID USER      PR  NI    VIRT    RES    SHR S  %CPU %MEM     TIME+ COMMAND
 1634 ubuntu    20   0 9061004 300268  14400 S   0.0  3.9   2:34.02 java
Fri Jun 13 14:00:30 UTC 2014
  PID USER      PR  NI    VIRT    RES    SHR S  %CPU %MEM     TIME+ COMMAND
 1634 ubuntu    20   0 9061004 300268  14400 S   0.0  3.9   2:34.03 java
Fri Jun 13 14:00:32 UTC 2014
  PID USER      PR  NI    VIRT    RES    SHR S  %CPU %MEM     TIME+ COMMAND
 1634 ubuntu    20   0 9061004 300268  14400 S   0.0  3.9   2:34.03 java
Fri Jun 13 14:00:33 UTC 2014
  PID USER      PR  NI    VIRT    RES    SHR S  %CPU %MEM     TIME+ COMMAND
 1634 ubuntu    20   0 9061004 300268  14400 S   0.0  3.9   2:34.04 java
Fri Jun 13 14:00:34 UTC 2014
  PID USER      PR  NI    VIRT    RES    SHR S  %CPU %MEM     TIME+ COMMAND
 1634 ubuntu    20   0 9061004 300268  14400 S   0.0  3.9   2:34.05 java
Fri Jun 13 14:00:35 UTC 2014
  PID USER      PR  NI    VIRT    RES    SHR S  %CPU %MEM     TIME+ COMMAND
 1634 ubuntu    20   0 9061004 300268  14400 S   6.6  3.9   2:34.06 java
Fri Jun 13 14:00:36 UTC 2014
  PID USER      PR  NI    VIRT    RES    SHR S  %CPU %MEM     TIME+ COMMAND
 1634 ubuntu    20   0 9061004 300268  14400 S   0.0  3.9   2:34.06 java
Fri Jun 13 14:00:37 UTC 2014
  PID USER      PR  NI    VIRT    RES    SHR S  %CPU %MEM     TIME+ COMMAND
 1634 ubuntu    20   0 9061004 300268  14400 S   0.0  3.9   2:34.07 java
Fri Jun 13 14:00:39 UTC 2014
  PID USER      PR  NI    VIRT    RES    SHR S  %CPU %MEM     TIME+ COMMAND
 1634 ubuntu    20   0 9061004 300268  14400 S   0.0  3.9   2:34.08 java
Fri Jun 13 14:00:40 UTC 2014
  PID USER      PR  NI    VIRT    RES    SHR S  %CPU %MEM     TIME+ COMMAND
 1634 ubuntu    20   0 9061004 300268  14400 S   0.0  3.9   2:34.09 java
Fri Jun 13 14:00:41 UTC 2014
  PID USER      PR  NI    VIRT    RES    SHR S  %CPU %MEM     TIME+ COMMAND
 1634 ubuntu    20   0 9061004 300268  14400 S   0.0  3.9   2:34.09 java
Fri Jun 13 14:00:42 UTC 2014
  PID USER      PR  NI    VIRT    RES    SHR S  %CPU %MEM     TIME+ COMMAND
 1634 ubuntu    20   0 9061004 300268  14400 S   0.0  3.9   2:34.10 java
Fri Jun 13 14:00:43 UTC 2014
  PID USER      PR  NI    VIRT    RES    SHR S  %CPU %MEM     TIME+ COMMAND
 1634 ubuntu    20   0 9061004 300268  14400 S   0.0  3.9   2:34.11 java
Fri Jun 13 14:00:44 UTC 2014
  PID USER      PR  NI    VIRT    RES    SHR S  %CPU %MEM     TIME+ COMMAND
 1634 ubuntu    20   0 9061004 300268  14400 S   6.6  3.9   2:34.12 java
Fri Jun 13 14:00:46 UTC 2014
  PID USER      PR  NI    VIRT    RES    SHR S  %CPU %MEM     TIME+ COMMAND
 1634 ubuntu    20   0 9061004 300268  14400 S   0.0  3.9   2:34.13 java
Fri Jun 13 14:00:47 UTC 2014
  PID USER      PR  NI    VIRT    RES    SHR S  %CPU %MEM     TIME+ COMMAND
 1634 ubuntu    20   0 9061004 300268  14400 S   0.0  3.9   2:34.13 java
Fri Jun 13 14:00:48 UTC 2014
  PID USER      PR  NI    VIRT    RES    SHR S  %CPU %MEM     TIME+ COMMAND
 1634 ubuntu    20   0 9061004 300268  14400 S   0.0  3.9   2:34.13 java
Fri Jun 13 14:00:49 UTC 2014
  PID USER      PR  NI    VIRT    RES    SHR S  %CPU %MEM     TIME+ COMMAND
 1634 ubuntu    20   0 9061004 300524  14400 S   0.0  3.9   2:34.15 java
Fri Jun 13 14:00:50 UTC 2014
  PID USER      PR  NI    VIRT    RES    SHR S  %CPU %MEM     TIME+ COMMAND
 1634 ubuntu    20   0 9061004 300524  14400 S   0.0  3.9   2:34.16 java
Fri Jun 13 14:00:52 UTC 2014
  PID USER      PR  NI    VIRT    RES    SHR S  %CPU %MEM     TIME+ COMMAND
 1634 ubuntu    20   0 9061004 300524  14400 S   0.0  3.9   2:34.16 java
Fri Jun 13 14:00:53 UTC 2014
  PID USER      PR  NI    VIRT    RES    SHR S  %CPU %MEM     TIME+ COMMAND
 1634 ubuntu    20   0 9061004 300524  14400 S   0.0  3.9   2:34.17 java
Fri Jun 13 14:00:54 UTC 2014
  PID USER      PR  NI    VIRT    RES    SHR S  %CPU %MEM     TIME+ COMMAND
 1634 ubuntu    20   0 9061004 300532  14400 S   0.0  3.9   2:34.18 java
Fri Jun 13 14:00:55 UTC 2014
  PID USER      PR  NI    VIRT    RES    SHR S  %CPU %MEM     TIME+ COMMAND
 1634 ubuntu    20   0 9061004 300532  14400 S   0.0  3.9   2:34.19 java
Fri Jun 13 14:00:56 UTC 2014
  PID USER      PR  NI    VIRT    RES    SHR S  %CPU %MEM     TIME+ COMMAND
 1634 ubuntu    20   0 9061004 300532  14400 S   0.0  3.9   2:34.20 java
Fri Jun 13 14:00:57 UTC 2014
  PID USER      PR  NI    VIRT    RES    SHR S  %CPU %MEM     TIME+ COMMAND
 1634 ubuntu    20   0 9061004 300532  14400 S   0.0  3.9   2:34.20 java
Fri Jun 13 14:00:59 UTC 2014
  PID USER      PR  NI    VIRT    RES    SHR S  %CPU %MEM     TIME+ COMMAND
 1634 ubuntu    20   0 9061004 300532  14400 S   6.6  3.9   2:34.21 java
Fri Jun 13 14:01:00 UTC 2014
  PID USER      PR  NI    VIRT    RES    SHR S  %CPU %MEM     TIME+ COMMAND
 1634 ubuntu    20   0 9061004 300532  14400 S   0.0  3.9   2:34.22 java
Fri Jun 13 14:01:01 UTC 2014
  PID USER      PR  NI    VIRT    RES    SHR S  %CPU %MEM     TIME+ COMMAND
 1634 ubuntu    20   0 9061004 300532  14400 S   0.0  3.9   2:34.22 java
Fri Jun 13 14:01:02 UTC 2014
  PID USER      PR  NI    VIRT    RES    SHR S  %CPU %MEM     TIME+ COMMAND
 1634 ubuntu    20   0 9061004 300532  14400 S   0.0  3.9   2:34.23 java
Fri Jun 13 14:01:03 UTC 2014
  PID USER      PR  NI    VIRT    RES    SHR S  %CPU %MEM     TIME+ COMMAND
 1634 ubuntu    20   0 9061004 300532  14400 S   0.0  3.9   2:34.23 java
Fri Jun 13 14:01:04 UTC 2014
  PID USER      PR  NI    VIRT    RES    SHR S  %CPU %MEM     TIME+ COMMAND
 1634 ubuntu    20   0 9061004 300548  14400 S   0.0  3.9   2:34.25 java
Fri Jun 13 14:01:06 UTC 2014
  PID USER      PR  NI    VIRT    RES    SHR S  %CPU %MEM     TIME+ COMMAND
 1634 ubuntu    20   0 9061004 300548  14400 S   0.0  3.9   2:34.26 java
Fri Jun 13 14:01:07 UTC 2014
  PID USER      PR  NI    VIRT    RES    SHR S  %CPU %MEM     TIME+ COMMAND
 1634 ubuntu    20   0 9061004 300548  14400 S   0.0  3.9   2:34.26 java
Fri Jun 13 14:01:08 UTC 2014
  PID USER      PR  NI    VIRT    RES    SHR S  %CPU %MEM     TIME+ COMMAND
 1634 ubuntu    20   0 9061004 300548  14400 S   0.0  3.9   2:34.27 java
Fri Jun 13 14:01:09 UTC 2014
  PID USER      PR  NI    VIRT    RES    SHR S  %CPU %MEM     TIME+ COMMAND
 1634 ubuntu    20   0 9061004 300548  14400 S   0.0  3.9   2:34.27 java
Fri Jun 13 14:01:10 UTC 2014
  PID USER      PR  NI    VIRT    RES    SHR S  %CPU %MEM     TIME+ COMMAND
 1634 ubuntu    20   0 9061004 300548  14400 S   0.0  3.9   2:34.27 java
Fri Jun 13 14:01:11 UTC 2014
  PID USER      PR  NI    VIRT    RES    SHR S  %CPU %MEM     TIME+ COMMAND
 1634 ubuntu    20   0 9061004 300548  14400 S   0.0  3.9   2:34.29 java
Fri Jun 13 14:01:13 UTC 2014
  PID USER      PR  NI    VIRT    RES    SHR S  %CPU %MEM     TIME+ COMMAND
 1634 ubuntu    20   0 9061004 300548  14400 S   0.0  3.9   2:34.29 java
Fri Jun 13 14:01:14 UTC 2014
  PID USER      PR  NI    VIRT    RES    SHR S  %CPU %MEM     TIME+ COMMAND
 1634 ubuntu    20   0 9061004 300548  14400 S   0.0  3.9   2:34.30 java
Fri Jun 13 14:01:15 UTC 2014
  PID USER      PR  NI    VIRT    RES    SHR S  %CPU %MEM     TIME+ COMMAND
 1634 ubuntu    20   0 9061004 300548  14400 S   0.0  3.9   2:34.30 java
Fri Jun 13 14:01:16 UTC 2014
  PID USER      PR  NI    VIRT    RES    SHR S  %CPU %MEM     TIME+ COMMAND
 1634 ubuntu    20   0 9061004 300548  14400 S   6.6  3.9   2:34.32 java
Fri Jun 13 14:01:17 UTC 2014
  PID USER      PR  NI    VIRT    RES    SHR S  %CPU %MEM     TIME+ COMMAND
 1634 ubuntu    20   0 9061004 300548  14400 S   0.0  3.9   2:34.33 java
Fri Jun 13 14:01:19 UTC 2014
  PID USER      PR  NI    VIRT    RES    SHR S  %CPU %MEM     TIME+ COMMAND
 1634 ubuntu    20   0 9061004 300548  14400 S   0.0  3.9   2:34.33 java
Fri Jun 13 14:01:20 UTC 2014
  PID USER      PR  NI    VIRT    RES    SHR S  %CPU %MEM     TIME+ COMMAND
 1634 ubuntu    20   0 9061004 300548  14400 S   0.0  3.9   2:34.34 java
Fri Jun 13 14:01:21 UTC 2014
  PID USER      PR  NI    VIRT    RES    SHR S  %CPU %MEM     TIME+ COMMAND
 1634 ubuntu    20   0 9061004 300548  14400 S   0.0  3.9   2:34.34 java
Fri Jun 13 14:01:22 UTC 2014
  PID USER      PR  NI    VIRT    RES    SHR S  %CPU %MEM     TIME+ COMMAND
 1634 ubuntu    20   0 9061004 300548  14400 S   0.0  3.9   2:34.34 java
Fri Jun 13 14:01:23 UTC 2014
  PID USER      PR  NI    VIRT    RES    SHR S  %CPU %MEM     TIME+ COMMAND
 1634 ubuntu    20   0 9061004 300548  14400 S   0.0  3.9   2:34.36 java
Fri Jun 13 14:01:24 UTC 2014
  PID USER      PR  NI    VIRT    RES    SHR S  %CPU %MEM     TIME+ COMMAND
 1634 ubuntu    20   0 9061004 300548  14400 S   0.0  3.9   2:34.36 java
Fri Jun 13 14:01:26 UTC 2014
  PID USER      PR  NI    VIRT    RES    SHR S  %CPU %MEM     TIME+ COMMAND
 1634 ubuntu    20   0 9061004 300548  14400 S   6.6  3.9   2:34.38 java
Fri Jun 13 14:01:27 UTC 2014
  PID USER      PR  NI    VIRT    RES    SHR S  %CPU %MEM     TIME+ COMMAND
 1634 ubuntu    20   0 9061004 300548  14400 S   0.0  3.9   2:34.38 java
Fri Jun 13 14:01:28 UTC 2014
  PID USER      PR  NI    VIRT    RES    SHR S  %CPU %MEM     TIME+ COMMAND
 1634 ubuntu    20   0 9061004 300548  14400 S   0.0  3.9   2:34.39 java
Fri Jun 13 14:01:29 UTC 2014
  PID USER      PR  NI    VIRT    RES    SHR S  %CPU %MEM     TIME+ COMMAND
 1634 ubuntu    20   0 9061004 300548  14400 S   0.0  3.9   2:34.40 java
Fri Jun 13 14:01:30 UTC 2014
  PID USER      PR  NI    VIRT    RES    SHR S  %CPU %MEM     TIME+ COMMAND
 1634 ubuntu    20   0 9061004 300548  14400 S   0.0  3.9   2:34.40 java
Fri Jun 13 14:01:31 UTC 2014
  PID USER      PR  NI    VIRT    RES    SHR S  %CPU %MEM     TIME+ COMMAND
 1634 ubuntu    20   0 9061004 300548  14400 S   0.0  3.9   2:34.41 java
Fri Jun 13 14:01:33 UTC 2014
  PID USER      PR  NI    VIRT    RES    SHR S  %CPU %MEM     TIME+ COMMAND
 1634 ubuntu    20   0 9061004 300548  14400 S   0.0  3.9   2:34.41 java
Fri Jun 13 14:01:34 UTC 2014
  PID USER      PR  NI    VIRT    RES    SHR S  %CPU %MEM     TIME+ COMMAND
 1634 ubuntu    20   0 9061004 300548  14400 S  13.3  3.9   2:34.43 java
Fri Jun 13 14:01:35 UTC 2014
  PID USER      PR  NI    VIRT    RES    SHR S  %CPU %MEM     TIME+ COMMAND
 1634 ubuntu    20   0 9061004 300548  14400 S   0.0  3.9   2:34.43 java
