Fri Jun 13 08:08:14 UTC 2014
  PID USER      PR  NI    VIRT    RES    SHR S  %CPU %MEM     TIME+ COMMAND
 1472 ubuntu    20   0 16.878g 235084  14448 S   0.0  1.5   0:16.46 java
Fri Jun 13 08:08:15 UTC 2014
  PID USER      PR  NI    VIRT    RES    SHR S  %CPU %MEM     TIME+ COMMAND
 1472 ubuntu    20   0 16.878g 235084  14448 S   0.0  1.5   0:16.47 java
Fri Jun 13 08:08:17 UTC 2014
  PID USER      PR  NI    VIRT    RES    SHR S  %CPU %MEM     TIME+ COMMAND
 1472 ubuntu    20   0 16.878g 235084  14448 S   6.6  1.5   0:16.49 java
Fri Jun 13 08:08:18 UTC 2014
  PID USER      PR  NI    VIRT    RES    SHR S  %CPU %MEM     TIME+ COMMAND
 1472 ubuntu    20   0 16.878g 235084  14448 S   0.0  1.5   0:16.50 java
Fri Jun 13 08:08:19 UTC 2014
  PID USER      PR  NI    VIRT    RES    SHR S  %CPU %MEM     TIME+ COMMAND
 1472 ubuntu    20   0 16.878g 235084  14448 S   0.0  1.5   0:16.50 java
Fri Jun 13 08:08:20 UTC 2014
  PID USER      PR  NI    VIRT    RES    SHR S  %CPU %MEM     TIME+ COMMAND
 1472 ubuntu    20   0 16.878g 235084  14448 S   0.0  1.5   0:16.51 java
Fri Jun 13 08:08:21 UTC 2014
  PID USER      PR  NI    VIRT    RES    SHR S  %CPU %MEM     TIME+ COMMAND
 1472 ubuntu    20   0 16.878g 235084  14448 S   0.0  1.5   0:16.52 java
Fri Jun 13 08:08:22 UTC 2014
  PID USER      PR  NI    VIRT    RES    SHR S  %CPU %MEM     TIME+ COMMAND
 1472 ubuntu    20   0 16.878g 235084  14448 S   0.0  1.5   0:16.53 java
Fri Jun 13 08:08:24 UTC 2014
  PID USER      PR  NI    VIRT    RES    SHR S  %CPU %MEM     TIME+ COMMAND
 1472 ubuntu    20   0 16.878g 235084  14448 S   0.0  1.5   0:16.53 java
Fri Jun 13 08:08:25 UTC 2014
  PID USER      PR  NI    VIRT    RES    SHR S  %CPU %MEM     TIME+ COMMAND
 1472 ubuntu    20   0 16.878g 235084  14448 S   0.0  1.5   0:16.54 java
Fri Jun 13 08:08:26 UTC 2014
  PID USER      PR  NI    VIRT    RES    SHR S  %CPU %MEM     TIME+ COMMAND
 1472 ubuntu    20   0 16.878g 235084  14448 S   6.6  1.5   0:16.55 java
Fri Jun 13 08:08:27 UTC 2014
  PID USER      PR  NI    VIRT    RES    SHR S  %CPU %MEM     TIME+ COMMAND
 1472 ubuntu    20   0 16.878g 235084  14448 S   0.0  1.5   0:16.56 java
Fri Jun 13 08:08:28 UTC 2014
  PID USER      PR  NI    VIRT    RES    SHR S  %CPU %MEM     TIME+ COMMAND
 1472 ubuntu    20   0 16.878g 235084  14448 S   0.0  1.5   0:16.56 java
Fri Jun 13 08:08:29 UTC 2014
  PID USER      PR  NI    VIRT    RES    SHR S  %CPU %MEM     TIME+ COMMAND
 1472 ubuntu    20   0 16.878g 235084  14448 S   0.0  1.5   0:16.58 java
Fri Jun 13 08:08:31 UTC 2014
  PID USER      PR  NI    VIRT    RES    SHR S  %CPU %MEM     TIME+ COMMAND
 1472 ubuntu    20   0 16.878g 235084  14448 S   0.0  1.5   0:16.59 java
Fri Jun 13 08:08:32 UTC 2014
  PID USER      PR  NI    VIRT    RES    SHR S  %CPU %MEM     TIME+ COMMAND
 1472 ubuntu    20   0 16.878g 235084  14448 S   0.0  1.5   0:16.59 java
Fri Jun 13 08:08:33 UTC 2014
  PID USER      PR  NI    VIRT    RES    SHR S  %CPU %MEM     TIME+ COMMAND
 1472 ubuntu    20   0 16.878g 235084  14448 S   6.6  1.5   0:16.60 java
Fri Jun 13 08:08:34 UTC 2014
  PID USER      PR  NI    VIRT    RES    SHR S  %CPU %MEM     TIME+ COMMAND
 1472 ubuntu    20   0 16.878g 235084  14448 S   0.0  1.5   0:16.60 java
Fri Jun 13 08:08:35 UTC 2014
  PID USER      PR  NI    VIRT    RES    SHR S  %CPU %MEM     TIME+ COMMAND
 1472 ubuntu    20   0 16.878g 235084  14448 S   0.0  1.5   0:16.62 java
Fri Jun 13 08:08:36 UTC 2014
  PID USER      PR  NI    VIRT    RES    SHR S  %CPU %MEM     TIME+ COMMAND
 1472 ubuntu    20   0 16.878g 235084  14448 S   0.0  1.5   0:16.63 java
Fri Jun 13 08:08:38 UTC 2014
  PID USER      PR  NI    VIRT    RES    SHR S  %CPU %MEM     TIME+ COMMAND
 1472 ubuntu    20   0 16.878g 235084  14448 S   0.0  1.5   0:16.63 java
Fri Jun 13 08:08:39 UTC 2014
  PID USER      PR  NI    VIRT    RES    SHR S  %CPU %MEM     TIME+ COMMAND
 1472 ubuntu    20   0 16.878g 235084  14448 S   0.0  1.5   0:16.64 java
Fri Jun 13 08:08:40 UTC 2014
  PID USER      PR  NI    VIRT    RES    SHR S  %CPU %MEM     TIME+ COMMAND
 1472 ubuntu    20   0 16.878g 235084  14448 S   0.0  1.5   0:16.64 java
Fri Jun 13 08:08:41 UTC 2014
  PID USER      PR  NI    VIRT    RES    SHR S  %CPU %MEM     TIME+ COMMAND
 1472 ubuntu    20   0 16.878g 235084  14448 S   0.0  1.5   0:16.66 java
Fri Jun 13 08:08:42 UTC 2014
  PID USER      PR  NI    VIRT    RES    SHR S  %CPU %MEM     TIME+ COMMAND
 1472 ubuntu    20   0 16.878g 235084  14448 S   0.0  1.5   0:16.66 java
Fri Jun 13 08:08:43 UTC 2014
  PID USER      PR  NI    VIRT    RES    SHR S  %CPU %MEM     TIME+ COMMAND
 1472 ubuntu    20   0 16.878g 235084  14448 S   6.6  1.5   0:16.67 java
Fri Jun 13 08:08:45 UTC 2014
  PID USER      PR  NI    VIRT    RES    SHR S  %CPU %MEM     TIME+ COMMAND
 1472 ubuntu    20   0 16.878g 235084  14448 S   0.0  1.5   0:16.67 java
Fri Jun 13 08:08:46 UTC 2014
  PID USER      PR  NI    VIRT    RES    SHR S  %CPU %MEM     TIME+ COMMAND
 1472 ubuntu    20   0 16.878g 235084  14448 S   0.0  1.5   0:16.68 java
Fri Jun 13 08:08:47 UTC 2014
  PID USER      PR  NI    VIRT    RES    SHR S  %CPU %MEM     TIME+ COMMAND
 1472 ubuntu    20   0 16.878g 235084  14448 S   0.0  1.5   0:16.70 java
Fri Jun 13 08:08:48 UTC 2014
  PID USER      PR  NI    VIRT    RES    SHR S  %CPU %MEM     TIME+ COMMAND
 1472 ubuntu    20   0 16.878g 235084  14448 S   0.0  1.5   0:16.71 java
Fri Jun 13 08:08:49 UTC 2014
  PID USER      PR  NI    VIRT    RES    SHR S  %CPU %MEM     TIME+ COMMAND
 1472 ubuntu    20   0 16.878g 235084  14448 S   0.0  1.5   0:16.71 java
Fri Jun 13 08:08:50 UTC 2014
  PID USER      PR  NI    VIRT    RES    SHR S  %CPU %MEM     TIME+ COMMAND
 1472 ubuntu    20   0 16.878g 235084  14448 S   0.0  1.5   0:16.72 java
Fri Jun 13 08:08:52 UTC 2014
  PID USER      PR  NI    VIRT    RES    SHR S  %CPU %MEM     TIME+ COMMAND
 1472 ubuntu    20   0 16.878g 235084  14448 S   0.0  1.5   0:16.72 java
Fri Jun 13 08:08:53 UTC 2014
  PID USER      PR  NI    VIRT    RES    SHR S  %CPU %MEM     TIME+ COMMAND
 1472 ubuntu    20   0 16.878g 235084  14448 S   0.0  1.5   0:16.73 java
Fri Jun 13 08:08:54 UTC 2014
  PID USER      PR  NI    VIRT    RES    SHR S  %CPU %MEM     TIME+ COMMAND
 1472 ubuntu    20   0 16.878g 235084  14448 S   0.0  1.5   0:16.74 java
Fri Jun 13 08:08:55 UTC 2014
  PID USER      PR  NI    VIRT    RES    SHR S  %CPU %MEM     TIME+ COMMAND
 1472 ubuntu    20   0 16.878g 235084  14448 S   0.0  1.5   0:16.75 java
Fri Jun 13 08:08:56 UTC 2014
  PID USER      PR  NI    VIRT    RES    SHR S  %CPU %MEM     TIME+ COMMAND
 1472 ubuntu    20   0 16.878g 235084  14448 S   0.0  1.5   0:16.76 java
Fri Jun 13 08:08:58 UTC 2014
  PID USER      PR  NI    VIRT    RES    SHR S  %CPU %MEM     TIME+ COMMAND
 1472 ubuntu    20   0 16.878g 235052  14448 S   0.0  1.5   0:16.76 java
Fri Jun 13 08:08:59 UTC 2014
  PID USER      PR  NI    VIRT    RES    SHR S  %CPU %MEM     TIME+ COMMAND
 1472 ubuntu    20   0 16.878g 235052  14448 S   0.0  1.5   0:16.77 java
Fri Jun 13 08:09:00 UTC 2014
  PID USER      PR  NI    VIRT    RES    SHR S  %CPU %MEM     TIME+ COMMAND
 1472 ubuntu    20   0 16.878g 235052  14448 S   0.0  1.5   0:16.78 java
Fri Jun 13 08:09:01 UTC 2014
  PID USER      PR  NI    VIRT    RES    SHR S  %CPU %MEM     TIME+ COMMAND
 1472 ubuntu    20   0 16.878g 235052  14448 S   0.0  1.5   0:16.79 java
Fri Jun 13 08:09:02 UTC 2014
  PID USER      PR  NI    VIRT    RES    SHR S  %CPU %MEM     TIME+ COMMAND
 1472 ubuntu    20   0 16.878g 235052  14448 S   0.0  1.5   0:16.79 java
Fri Jun 13 08:09:03 UTC 2014
  PID USER      PR  NI    VIRT    RES    SHR S  %CPU %MEM     TIME+ COMMAND
 1472 ubuntu    20   0 16.878g 235052  14448 S   0.0  1.5   0:16.80 java
Fri Jun 13 08:09:05 UTC 2014
  PID USER      PR  NI    VIRT    RES    SHR S  %CPU %MEM     TIME+ COMMAND
 1472 ubuntu    20   0 16.878g 235052  14448 S   6.6  1.5   0:16.81 java
Fri Jun 13 08:09:06 UTC 2014
  PID USER      PR  NI    VIRT    RES    SHR S  %CPU %MEM     TIME+ COMMAND
 1472 ubuntu    20   0 16.878g 235052  14448 S   0.0  1.5   0:16.82 java
Fri Jun 13 08:09:07 UTC 2014
  PID USER      PR  NI    VIRT    RES    SHR S  %CPU %MEM     TIME+ COMMAND
 1472 ubuntu    20   0 16.878g 235052  14448 S   0.0  1.5   0:16.83 java
Fri Jun 13 08:09:08 UTC 2014
  PID USER      PR  NI    VIRT    RES    SHR S  %CPU %MEM     TIME+ COMMAND
 1472 ubuntu    20   0 16.878g 235052  14448 S   0.0  1.5   0:16.84 java
Fri Jun 13 08:09:09 UTC 2014
  PID USER      PR  NI    VIRT    RES    SHR S  %CPU %MEM     TIME+ COMMAND
 1472 ubuntu    20   0 16.878g 235052  14448 S   0.0  1.5   0:16.84 java
Fri Jun 13 08:09:10 UTC 2014
  PID USER      PR  NI    VIRT    RES    SHR S  %CPU %MEM     TIME+ COMMAND
 1472 ubuntu    20   0 16.878g 235052  14448 S   0.0  1.5   0:16.85 java
Fri Jun 13 08:09:12 UTC 2014
  PID USER      PR  NI    VIRT    RES    SHR S  %CPU %MEM     TIME+ COMMAND
 1472 ubuntu    20   0 16.878g 235052  14448 S   6.6  1.5   0:16.86 java
Fri Jun 13 08:09:13 UTC 2014
  PID USER      PR  NI    VIRT    RES    SHR S  %CPU %MEM     TIME+ COMMAND
 1472 ubuntu    20   0 16.878g 235052  14448 S   0.0  1.5   0:16.87 java
Fri Jun 13 08:09:14 UTC 2014
  PID USER      PR  NI    VIRT    RES    SHR S  %CPU %MEM     TIME+ COMMAND
 1472 ubuntu    20   0 16.878g 235052  14448 S   0.0  1.5   0:16.87 java
Fri Jun 13 08:09:15 UTC 2014
  PID USER      PR  NI    VIRT    RES    SHR S  %CPU %MEM     TIME+ COMMAND
 1472 ubuntu    20   0 16.878g 235052  14448 S   0.0  1.5   0:16.88 java
Fri Jun 13 08:09:16 UTC 2014
  PID USER      PR  NI    VIRT    RES    SHR S  %CPU %MEM     TIME+ COMMAND
 1472 ubuntu    20   0 16.878g 235052  14448 S   0.0  1.5   0:16.89 java
Fri Jun 13 08:09:17 UTC 2014
  PID USER      PR  NI    VIRT    RES    SHR S  %CPU %MEM     TIME+ COMMAND
 1472 ubuntu    20   0 16.878g 235052  14448 S   0.0  1.5   0:16.91 java
Fri Jun 13 08:09:19 UTC 2014
  PID USER      PR  NI    VIRT    RES    SHR S  %CPU %MEM     TIME+ COMMAND
 1472 ubuntu    20   0 16.878g 235052  14448 S   0.0  1.5   0:16.91 java
Fri Jun 13 08:09:20 UTC 2014
  PID USER      PR  NI    VIRT    RES    SHR S  %CPU %MEM     TIME+ COMMAND
 1472 ubuntu    20   0 16.878g 235052  14448 S   0.0  1.5   0:16.92 java
Fri Jun 13 08:09:21 UTC 2014
  PID USER      PR  NI    VIRT    RES    SHR S  %CPU %MEM     TIME+ COMMAND
 1472 ubuntu    20   0 16.878g 235052  14448 S   0.0  1.5   0:16.92 java
Fri Jun 13 08:09:22 UTC 2014
  PID USER      PR  NI    VIRT    RES    SHR S  %CPU %MEM     TIME+ COMMAND
 1472 ubuntu    20   0 16.878g 235052  14448 S   0.0  1.5   0:16.93 java
Fri Jun 13 08:09:23 UTC 2014
  PID USER      PR  NI    VIRT    RES    SHR S  %CPU %MEM     TIME+ COMMAND
 1472 ubuntu    20   0 16.878g 235052  14448 S   0.0  1.5   0:16.93 java
Fri Jun 13 08:09:24 UTC 2014
  PID USER      PR  NI    VIRT    RES    SHR S  %CPU %MEM     TIME+ COMMAND
 1472 ubuntu    20   0 16.878g 235052  14448 S   0.0  1.5   0:16.95 java
Fri Jun 13 08:09:26 UTC 2014
  PID USER      PR  NI    VIRT    RES    SHR S  %CPU %MEM     TIME+ COMMAND
 1472 ubuntu    20   0 16.878g 235052  14448 S   0.0  1.5   0:16.97 java
Fri Jun 13 08:09:27 UTC 2014
  PID USER      PR  NI    VIRT    RES    SHR S  %CPU %MEM     TIME+ COMMAND
 1472 ubuntu    20   0 16.878g 234188  14448 S   0.0  1.5   0:16.98 java
Fri Jun 13 08:09:28 UTC 2014
  PID USER      PR  NI    VIRT    RES    SHR S  %CPU %MEM     TIME+ COMMAND
 1472 ubuntu    20   0 16.878g 234188  14448 S   0.0  1.5   0:16.98 java
Fri Jun 13 08:09:29 UTC 2014
  PID USER      PR  NI    VIRT    RES    SHR S  %CPU %MEM     TIME+ COMMAND
 1472 ubuntu    20   0 16.878g 234188  14448 S   0.0  1.5   0:17.01 java
Fri Jun 13 08:09:30 UTC 2014
  PID USER      PR  NI    VIRT    RES    SHR S  %CPU %MEM     TIME+ COMMAND
 1472 ubuntu    20   0 16.878g 234188  14448 S   0.0  1.5   0:17.04 java
Fri Jun 13 08:09:31 UTC 2014
  PID USER      PR  NI    VIRT    RES    SHR S  %CPU %MEM     TIME+ COMMAND
 1472 ubuntu    20   0 16.878g 234188  14448 S   0.0  1.5   0:17.05 java
Fri Jun 13 08:09:33 UTC 2014
  PID USER      PR  NI    VIRT    RES    SHR S  %CPU %MEM     TIME+ COMMAND
 1472 ubuntu    20   0 16.878g 234188  14448 S   0.0  1.5   0:17.05 java
Fri Jun 13 08:09:34 UTC 2014
  PID USER      PR  NI    VIRT    RES    SHR S  %CPU %MEM     TIME+ COMMAND
 1472 ubuntu    20   0 16.878g 234924  14452 S  33.1  1.5   0:17.15 java
Fri Jun 13 08:09:35 UTC 2014
  PID USER      PR  NI    VIRT    RES    SHR S  %CPU %MEM     TIME+ COMMAND
 1472 ubuntu    20   0 16.878g 235868  14452 S  39.7  1.5   0:17.29 java
Fri Jun 13 08:09:36 UTC 2014
  PID USER      PR  NI    VIRT    RES    SHR S  %CPU %MEM     TIME+ COMMAND
 1472 ubuntu    20   0 16.878g 236640  14452 S   6.6  1.5   0:17.37 java
Fri Jun 13 08:09:37 UTC 2014
  PID USER      PR  NI    VIRT    RES    SHR S  %CPU %MEM     TIME+ COMMAND
 1472 ubuntu    20   0 16.878g 242844  14592 S  26.5  1.6   0:17.92 java
Fri Jun 13 08:09:38 UTC 2014
  PID USER      PR  NI    VIRT    RES    SHR S  %CPU %MEM     TIME+ COMMAND
 1472 ubuntu    20   0 16.878g 244032  14616 S  19.8  1.6   0:18.09 java
Fri Jun 13 08:09:40 UTC 2014
  PID USER      PR  NI    VIRT    RES    SHR S  %CPU %MEM     TIME+ COMMAND
 1472 ubuntu    20   0 16.878g 244876  14616 S  26.5  1.6   0:18.61 java
Fri Jun 13 08:09:41 UTC 2014
  PID USER      PR  NI    VIRT    RES    SHR S  %CPU %MEM     TIME+ COMMAND
 1472 ubuntu    20   0 16.878g 246848  14616 S  39.8  1.6   0:19.00 java
Fri Jun 13 08:09:42 UTC 2014
  PID USER      PR  NI    VIRT    RES    SHR S  %CPU %MEM     TIME+ COMMAND
 1472 ubuntu    20   0 16.878g 248460  14616 S  59.7  1.6   0:19.55 java
Fri Jun 13 08:09:43 UTC 2014
  PID USER      PR  NI    VIRT    RES    SHR S  %CPU %MEM     TIME+ COMMAND
 1472 ubuntu    20   0 16.878g 250476  14624 S  19.9  1.6   0:20.02 java
Fri Jun 13 08:09:44 UTC 2014
  PID USER      PR  NI    VIRT    RES    SHR S  %CPU %MEM     TIME+ COMMAND
 1472 ubuntu    20   0 16.878g 251288  14624 S  52.9  1.6   0:20.91 java
Fri Jun 13 08:09:46 UTC 2014
  PID USER      PR  NI    VIRT    RES    SHR S  %CPU %MEM     TIME+ COMMAND
 1472 ubuntu    20   0 16.878g 251484  14632 S  53.0  1.6   0:21.77 java
Fri Jun 13 08:09:47 UTC 2014
  PID USER      PR  NI    VIRT    RES    SHR S  %CPU %MEM     TIME+ COMMAND
 1472 ubuntu    20   0 16.878g 252472  14632 S  59.6  1.6   0:22.23 java
Fri Jun 13 08:09:48 UTC 2014
  PID USER      PR  NI    VIRT    RES    SHR S  %CPU %MEM     TIME+ COMMAND
 1472 ubuntu    20   0 16.878g 252440  14632 S  39.7  1.6   0:22.95 java
Fri Jun 13 08:09:49 UTC 2014
  PID USER      PR  NI    VIRT    RES    SHR S  %CPU %MEM     TIME+ COMMAND
 1472 ubuntu    20   0 16.878g 253468  14632 S  59.7  1.6   0:23.61 java
Fri Jun 13 08:09:50 UTC 2014
  PID USER      PR  NI    VIRT    RES    SHR S  %CPU %MEM     TIME+ COMMAND
 1472 ubuntu    20   0 16.878g 259140  14636 S  46.4  1.7   0:24.25 java
Fri Jun 13 08:09:51 UTC 2014
  PID USER      PR  NI    VIRT    RES    SHR S  %CPU %MEM     TIME+ COMMAND
 1472 ubuntu    20   0 16.878g 259160  14636 S  46.4  1.7   0:25.01 java
Fri Jun 13 08:09:53 UTC 2014
  PID USER      PR  NI    VIRT    RES    SHR S  %CPU %MEM     TIME+ COMMAND
 1472 ubuntu    20   0 16.878g 261544  14636 S  66.3  1.7   0:25.64 java
Fri Jun 13 08:09:54 UTC 2014
  PID USER      PR  NI    VIRT    RES    SHR S  %CPU %MEM     TIME+ COMMAND
 1472 ubuntu    20   0 16.878g 261932  14640 S  66.3  1.7   0:26.12 java
Fri Jun 13 08:09:55 UTC 2014
  PID USER      PR  NI    VIRT    RES    SHR S  %CPU %MEM     TIME+ COMMAND
 1472 ubuntu    20   0 16.878g 262312  14640 S  33.1  1.7   0:26.58 java
Fri Jun 13 08:09:56 UTC 2014
  PID USER      PR  NI    VIRT    RES    SHR S  %CPU %MEM     TIME+ COMMAND
 1472 ubuntu    20   0 16.878g 262400  14640 S  39.7  1.7   0:27.16 java
Fri Jun 13 08:09:57 UTC 2014
  PID USER      PR  NI    VIRT    RES    SHR S  %CPU %MEM     TIME+ COMMAND
 1472 ubuntu    20   0 16.878g 261248  14640 S  33.1  1.7   0:27.90 java
Fri Jun 13 08:09:58 UTC 2014
  PID USER      PR  NI    VIRT    RES    SHR S  %CPU %MEM     TIME+ COMMAND
 1472 ubuntu    20   0 16.878g 259732  14640 S  26.5  1.7   0:28.19 java
Fri Jun 13 08:10:00 UTC 2014
  PID USER      PR  NI    VIRT    RES    SHR S  %CPU %MEM     TIME+ COMMAND
 1472 ubuntu    20   0 16.878g 259732  14640 S  13.2  1.7   0:28.40 java
Fri Jun 13 08:10:01 UTC 2014
  PID USER      PR  NI    VIRT    RES    SHR S  %CPU %MEM     TIME+ COMMAND
 1472 ubuntu    20   0 16.878g 258348  14640 S  19.9  1.7   0:28.71 java
Fri Jun 13 08:10:02 UTC 2014
  PID USER      PR  NI    VIRT    RES    SHR S  %CPU %MEM     TIME+ COMMAND
 1472 ubuntu    20   0 16.878g 258220  14640 S   6.6  1.7   0:28.86 java
Fri Jun 13 08:10:03 UTC 2014
  PID USER      PR  NI    VIRT    RES    SHR S  %CPU %MEM     TIME+ COMMAND
 1472 ubuntu    20   0 16.878g 256460  14640 S  26.5  1.7   0:29.09 java
Fri Jun 13 08:10:04 UTC 2014
  PID USER      PR  NI    VIRT    RES    SHR S  %CPU %MEM     TIME+ COMMAND
 1472 ubuntu    20   0 16.878g 256928  14640 S  26.5  1.7   0:29.32 java
Fri Jun 13 08:10:05 UTC 2014
  PID USER      PR  NI    VIRT    RES    SHR S  %CPU %MEM     TIME+ COMMAND
 1472 ubuntu    20   0 16.878g 255152  14640 S  26.5  1.7   0:29.56 java
Fri Jun 13 08:10:07 UTC 2014
  PID USER      PR  NI    VIRT    RES    SHR S  %CPU %MEM     TIME+ COMMAND
 1472 ubuntu    20   0 16.878g 255152  14640 S  19.9  1.7   0:29.74 java
Fri Jun 13 08:10:08 UTC 2014
  PID USER      PR  NI    VIRT    RES    SHR S  %CPU %MEM     TIME+ COMMAND
 1472 ubuntu    20   0 16.878g 254860  14640 S  26.5  1.7   0:29.97 java
Fri Jun 13 08:10:09 UTC 2014
  PID USER      PR  NI    VIRT    RES    SHR S  %CPU %MEM     TIME+ COMMAND
 1472 ubuntu    20   0 16.878g 254588  14640 S  19.9  1.7   0:30.21 java
Fri Jun 13 08:10:10 UTC 2014
  PID USER      PR  NI    VIRT    RES    SHR S  %CPU %MEM     TIME+ COMMAND
 1472 ubuntu    20   0 16.878g 253300  14640 S  46.4  1.6   0:30.44 java
Fri Jun 13 08:10:11 UTC 2014
  PID USER      PR  NI    VIRT    RES    SHR S  %CPU %MEM     TIME+ COMMAND
 1472 ubuntu    20   0 16.878g 250984  14640 S  19.8  1.6   0:30.59 java
Fri Jun 13 08:10:12 UTC 2014
  PID USER      PR  NI    VIRT    RES    SHR S  %CPU %MEM     TIME+ COMMAND
 1472 ubuntu    20   0 16.878g 249444  14640 S  13.2  1.6   0:30.87 java
Fri Jun 13 08:10:14 UTC 2014
  PID USER      PR  NI    VIRT    RES    SHR S  %CPU %MEM     TIME+ COMMAND
 1472 ubuntu    20   0 16.878g 246880  14640 S  19.9  1.6   0:31.07 java
Fri Jun 13 08:10:15 UTC 2014
  PID USER      PR  NI    VIRT    RES    SHR S  %CPU %MEM     TIME+ COMMAND
 1472 ubuntu    20   0 16.878g 246880  14640 S  13.3  1.6   0:31.22 java
Fri Jun 13 08:10:16 UTC 2014
  PID USER      PR  NI    VIRT    RES    SHR S  %CPU %MEM     TIME+ COMMAND
 1472 ubuntu    20   0 16.878g 244316  14640 S   6.6  1.6   0:31.37 java
Fri Jun 13 08:10:17 UTC 2014
  PID USER      PR  NI    VIRT    RES    SHR S  %CPU %MEM     TIME+ COMMAND
 1472 ubuntu    20   0 16.878g 242776  14640 S  13.3  1.6   0:31.56 java
Fri Jun 13 08:10:18 UTC 2014
  PID USER      PR  NI    VIRT    RES    SHR S  %CPU %MEM     TIME+ COMMAND
 1472 ubuntu    20   0 16.878g 241240  14640 S  19.9  1.6   0:31.70 java
Fri Jun 13 08:10:20 UTC 2014
  PID USER      PR  NI    VIRT    RES    SHR S  %CPU %MEM     TIME+ COMMAND
 1472 ubuntu    20   0 16.878g 238676  14640 S  19.9  1.5   0:31.92 java
Fri Jun 13 08:10:21 UTC 2014
  PID USER      PR  NI    VIRT    RES    SHR S  %CPU %MEM     TIME+ COMMAND
 1472 ubuntu    20   0 16.878g 238676  14640 S   6.6  1.5   0:32.11 java
Fri Jun 13 08:10:22 UTC 2014
  PID USER      PR  NI    VIRT    RES    SHR S  %CPU %MEM     TIME+ COMMAND
 1472 ubuntu    20   0 16.878g 237136  14640 S   6.6  1.5   0:32.30 java
Fri Jun 13 08:10:23 UTC 2014
  PID USER      PR  NI    VIRT    RES    SHR S  %CPU %MEM     TIME+ COMMAND
 1472 ubuntu    20   0 16.878g 234572  14640 S  19.9  1.5   0:32.51 java
Fri Jun 13 08:10:24 UTC 2014
  PID USER      PR  NI    VIRT    RES    SHR S  %CPU %MEM     TIME+ COMMAND
 1472 ubuntu    20   0 16.878g 233280  14640 S  13.3  1.5   0:32.65 java
Fri Jun 13 08:10:25 UTC 2014
  PID USER      PR  NI    VIRT    RES    SHR S  %CPU %MEM     TIME+ COMMAND
 1472 ubuntu    20   0 16.878g 231740  14640 S  13.3  1.5   0:32.85 java
Fri Jun 13 08:10:27 UTC 2014
  PID USER      PR  NI    VIRT    RES    SHR S  %CPU %MEM     TIME+ COMMAND
 1472 ubuntu    20   0 16.878g 230444  14640 S  19.9  1.5   0:33.00 java
Fri Jun 13 08:10:28 UTC 2014
  PID USER      PR  NI    VIRT    RES    SHR S  %CPU %MEM     TIME+ COMMAND
 1472 ubuntu    20   0 16.878g 228904  14640 S  13.2  1.5   0:33.22 java
Fri Jun 13 08:10:29 UTC 2014
  PID USER      PR  NI    VIRT    RES    SHR S  %CPU %MEM     TIME+ COMMAND
 1472 ubuntu    20   0 16.878g 227412  14648 S  13.3  1.5   0:33.58 java
Fri Jun 13 08:10:30 UTC 2014
  PID USER      PR  NI    VIRT    RES    SHR S  %CPU %MEM     TIME+ COMMAND
 1472 ubuntu    20   0 16.878g 225872  14648 S   0.0  1.5   0:33.75 java
Fri Jun 13 08:10:31 UTC 2014
  PID USER      PR  NI    VIRT    RES    SHR S  %CPU %MEM     TIME+ COMMAND
 1472 ubuntu    20   0 16.878g 224596  14648 S   6.6  1.5   0:33.92 java
Fri Jun 13 08:10:32 UTC 2014
  PID USER      PR  NI    VIRT    RES    SHR S  %CPU %MEM     TIME+ COMMAND
 1472 ubuntu    20   0 16.878g 223056  14648 S  19.9  1.4   0:34.13 java
Fri Jun 13 08:10:34 UTC 2014
  PID USER      PR  NI    VIRT    RES    SHR S  %CPU %MEM     TIME+ COMMAND
 1472 ubuntu    20   0 16.878g 222544  14648 S  13.3  1.4   0:34.32 java
Fri Jun 13 08:10:35 UTC 2014
  PID USER      PR  NI    VIRT    RES    SHR S  %CPU %MEM     TIME+ COMMAND
 1472 ubuntu    20   0 16.878g 221264  14648 S  39.7  1.4   0:34.59 java
Fri Jun 13 08:10:36 UTC 2014
  PID USER      PR  NI    VIRT    RES    SHR S  %CPU %MEM     TIME+ COMMAND
 1472 ubuntu    20   0 16.878g 219212  14648 S  26.5  1.4   0:34.86 java
Fri Jun 13 08:10:37 UTC 2014
  PID USER      PR  NI    VIRT    RES    SHR S  %CPU %MEM     TIME+ COMMAND
 1472 ubuntu    20   0 16.878g 217672  14648 S   6.6  1.4   0:35.11 java
Fri Jun 13 08:10:38 UTC 2014
  PID USER      PR  NI    VIRT    RES    SHR S  %CPU %MEM     TIME+ COMMAND
 1472 ubuntu    20   0 16.878g 216132  14648 S  13.3  1.4   0:35.29 java
Fri Jun 13 08:10:39 UTC 2014
  PID USER      PR  NI    VIRT    RES    SHR S  %CPU %MEM     TIME+ COMMAND
 1472 ubuntu    20   0 16.878g 215620  14648 S  13.3  1.4   0:35.50 java
Fri Jun 13 08:10:41 UTC 2014
  PID USER      PR  NI    VIRT    RES    SHR S  %CPU %MEM     TIME+ COMMAND
 1472 ubuntu    20   0 16.878g 213832  14648 S  19.9  1.4   0:35.73 java
Fri Jun 13 08:10:42 UTC 2014
  PID USER      PR  NI    VIRT    RES    SHR S  %CPU %MEM     TIME+ COMMAND
 1472 ubuntu    20   0 16.878g 213320  14648 S  26.5  1.4   0:35.95 java
Fri Jun 13 08:10:43 UTC 2014
  PID USER      PR  NI    VIRT    RES    SHR S  %CPU %MEM     TIME+ COMMAND
 1472 ubuntu    20   0 16.878g 211780  14648 S  19.9  1.4   0:36.22 java
Fri Jun 13 08:10:44 UTC 2014
  PID USER      PR  NI    VIRT    RES    SHR S  %CPU %MEM     TIME+ COMMAND
 1472 ubuntu    20   0 16.878g 211780  14648 S  26.5  1.4   0:36.45 java
Fri Jun 13 08:10:45 UTC 2014
  PID USER      PR  NI    VIRT    RES    SHR S  %CPU %MEM     TIME+ COMMAND
 1472 ubuntu    20   0 16.878g 210756  14648 S  33.1  1.4   0:36.66 java
Fri Jun 13 08:10:46 UTC 2014
  PID USER      PR  NI    VIRT    RES    SHR S  %CPU %MEM     TIME+ COMMAND
 1472 ubuntu    20   0 16.878g 210756  14648 S  19.9  1.4   0:36.90 java
Fri Jun 13 08:10:48 UTC 2014
  PID USER      PR  NI    VIRT    RES    SHR S  %CPU %MEM     TIME+ COMMAND
 1472 ubuntu    20   0 16.878g 209728  14648 S  19.9  1.4   0:37.13 java
Fri Jun 13 08:10:49 UTC 2014
  PID USER      PR  NI    VIRT    RES    SHR S  %CPU %MEM     TIME+ COMMAND
 1472 ubuntu    20   0 16.878g 209728  14648 S  13.2  1.4   0:37.34 java
Fri Jun 13 08:10:50 UTC 2014
  PID USER      PR  NI    VIRT    RES    SHR S  %CPU %MEM     TIME+ COMMAND
 1472 ubuntu    20   0 16.878g 209728  14648 S  13.3  1.4   0:37.56 java
Fri Jun 13 08:10:51 UTC 2014
  PID USER      PR  NI    VIRT    RES    SHR S  %CPU %MEM     TIME+ COMMAND
 1472 ubuntu    20   0 16.878g 209728  14648 S  13.3  1.4   0:37.77 java
Fri Jun 13 08:10:52 UTC 2014
  PID USER      PR  NI    VIRT    RES    SHR S  %CPU %MEM     TIME+ COMMAND
 1472 ubuntu    20   0 16.878g 208704  14648 S  13.3  1.4   0:38.01 java
Fri Jun 13 08:10:53 UTC 2014
  PID USER      PR  NI    VIRT    RES    SHR S  %CPU %MEM     TIME+ COMMAND
 1472 ubuntu    20   0 16.878g 208968  14648 S   6.6  1.4   0:38.29 java
Fri Jun 13 08:10:55 UTC 2014
  PID USER      PR  NI    VIRT    RES    SHR S  %CPU %MEM     TIME+ COMMAND
 1472 ubuntu    20   0 16.878g 208968  14648 S  39.7  1.4   0:38.59 java
Fri Jun 13 08:10:56 UTC 2014
  PID USER      PR  NI    VIRT    RES    SHR S  %CPU %MEM     TIME+ COMMAND
 1472 ubuntu    20   0 16.878g 209232  14648 S  39.8  1.4   0:38.95 java
Fri Jun 13 08:10:57 UTC 2014
  PID USER      PR  NI    VIRT    RES    SHR S  %CPU %MEM     TIME+ COMMAND
 1472 ubuntu    20   0 16.878g 209232  14648 S  13.2  1.4   0:39.32 java
Fri Jun 13 08:10:58 UTC 2014
  PID USER      PR  NI    VIRT    RES    SHR S  %CPU %MEM     TIME+ COMMAND
 1472 ubuntu    20   0 16.878g 209232  14648 S  53.0  1.4   0:39.63 java
Fri Jun 13 08:10:59 UTC 2014
  PID USER      PR  NI    VIRT    RES    SHR S  %CPU %MEM     TIME+ COMMAND
 1472 ubuntu    20   0 16.878g 209496  14648 S   6.6  1.4   0:39.95 java
Fri Jun 13 08:11:01 UTC 2014
  PID USER      PR  NI    VIRT    RES    SHR S  %CPU %MEM     TIME+ COMMAND
 1472 ubuntu    20   0 16.878g 208980  14648 S  33.1  1.4   0:40.34 java
Fri Jun 13 08:11:02 UTC 2014
  PID USER      PR  NI    VIRT    RES    SHR S  %CPU %MEM     TIME+ COMMAND
 1472 ubuntu    20   0 16.878g 208980  14648 S  33.1  1.4   0:40.67 java
Fri Jun 13 08:11:03 UTC 2014
  PID USER      PR  NI    VIRT    RES    SHR S  %CPU %MEM     TIME+ COMMAND
 1472 ubuntu    20   0 16.878g 209244  14648 S  33.1  1.4   0:40.95 java
Fri Jun 13 08:11:04 UTC 2014
  PID USER      PR  NI    VIRT    RES    SHR S  %CPU %MEM     TIME+ COMMAND
 1472 ubuntu    20   0 16.878g 209244  14648 S  26.5  1.4   0:41.27 java
Fri Jun 13 08:11:05 UTC 2014
  PID USER      PR  NI    VIRT    RES    SHR S  %CPU %MEM     TIME+ COMMAND
 1472 ubuntu    20   0 16.878g 209244  14648 S  39.7  1.4   0:41.66 java
Fri Jun 13 08:11:06 UTC 2014
  PID USER      PR  NI    VIRT    RES    SHR S  %CPU %MEM     TIME+ COMMAND
 1472 ubuntu    20   0 16.878g 209256  14648 S   6.6  1.4   0:41.92 java
Fri Jun 13 08:11:08 UTC 2014
  PID USER      PR  NI    VIRT    RES    SHR S  %CPU %MEM     TIME+ COMMAND
 1472 ubuntu    20   0 16.878g 209364  14648 S  26.5  1.4   0:42.31 java
Fri Jun 13 08:11:09 UTC 2014
  PID USER      PR  NI    VIRT    RES    SHR S  %CPU %MEM     TIME+ COMMAND
 1472 ubuntu    20   0 16.878g 209364  14648 S  39.7  1.4   0:42.59 java
Fri Jun 13 08:11:10 UTC 2014
  PID USER      PR  NI    VIRT    RES    SHR S  %CPU %MEM     TIME+ COMMAND
 1472 ubuntu    20   0 16.878g 209364  14648 S  26.5  1.4   0:42.88 java
Fri Jun 13 08:11:11 UTC 2014
  PID USER      PR  NI    VIRT    RES    SHR S  %CPU %MEM     TIME+ COMMAND
 1472 ubuntu    20   0 16.878g 209364  14648 S  39.8  1.4   0:43.26 java
Fri Jun 13 08:11:12 UTC 2014
  PID USER      PR  NI    VIRT    RES    SHR S  %CPU %MEM     TIME+ COMMAND
 1472 ubuntu    20   0 16.878g 209628  14648 S  19.9  1.4   0:43.57 java
Fri Jun 13 08:11:13 UTC 2014
  PID USER      PR  NI    VIRT    RES    SHR S  %CPU %MEM     TIME+ COMMAND
 1472 ubuntu    20   0 16.878g 209892  14648 S  26.5  1.4   0:43.78 java
Fri Jun 13 08:11:15 UTC 2014
  PID USER      PR  NI    VIRT    RES    SHR S  %CPU %MEM     TIME+ COMMAND
 1472 ubuntu    20   0 16.878g 209892  14648 S  33.1  1.4   0:44.13 java
Fri Jun 13 08:11:16 UTC 2014
  PID USER      PR  NI    VIRT    RES    SHR S  %CPU %MEM     TIME+ COMMAND
 1472 ubuntu    20   0 16.878g 210500  14648 S  59.5  1.4   0:44.63 java
Fri Jun 13 08:11:17 UTC 2014
  PID USER      PR  NI    VIRT    RES    SHR S  %CPU %MEM     TIME+ COMMAND
 1472 ubuntu    20   0 16.878g 209948  14648 S  33.1  1.4   0:45.10 java
Fri Jun 13 08:11:18 UTC 2014
  PID USER      PR  NI    VIRT    RES    SHR S  %CPU %MEM     TIME+ COMMAND
 1472 ubuntu    20   0 16.878g 210212  14648 S  33.1  1.4   0:45.53 java
Fri Jun 13 08:11:19 UTC 2014
  PID USER      PR  NI    VIRT    RES    SHR S  %CPU %MEM     TIME+ COMMAND
 1472 ubuntu    20   0 16.878g 210476  14648 S  46.4  1.4   0:45.98 java
Fri Jun 13 08:11:20 UTC 2014
  PID USER      PR  NI    VIRT    RES    SHR S  %CPU %MEM     TIME+ COMMAND
 1472 ubuntu    20   0 16.878g 210476  14648 S  46.4  1.4   0:46.51 java
Fri Jun 13 08:11:22 UTC 2014
  PID USER      PR  NI    VIRT    RES    SHR S  %CPU %MEM     TIME+ COMMAND
 1472 ubuntu    20   0 16.878g 210476  14648 S  66.3  1.4   0:46.85 java
Fri Jun 13 08:11:23 UTC 2014
  PID USER      PR  NI    VIRT    RES    SHR S  %CPU %MEM     TIME+ COMMAND
 1472 ubuntu    20   0 16.878g 210476  14648 S  39.8  1.4   0:47.16 java
Fri Jun 13 08:11:24 UTC 2014
  PID USER      PR  NI    VIRT    RES    SHR S  %CPU %MEM     TIME+ COMMAND
 1472 ubuntu    20   0 16.878g 210476  14648 S  53.0  1.4   0:47.63 java
Fri Jun 13 08:11:25 UTC 2014
  PID USER      PR  NI    VIRT    RES    SHR S  %CPU %MEM     TIME+ COMMAND
 1472 ubuntu    20   0 16.878g 210740  14648 S  26.5  1.4   0:48.03 java
Fri Jun 13 08:11:26 UTC 2014
  PID USER      PR  NI    VIRT    RES    SHR S  %CPU %MEM     TIME+ COMMAND
 1472 ubuntu    20   0 16.878g 210740  14648 S  33.1  1.4   0:48.53 java
Fri Jun 13 08:11:27 UTC 2014
  PID USER      PR  NI    VIRT    RES    SHR S  %CPU %MEM     TIME+ COMMAND
 1472 ubuntu    20   0 16.878g 211004  14648 S  26.5  1.4   0:48.85 java
Fri Jun 13 08:11:29 UTC 2014
  PID USER      PR  NI    VIRT    RES    SHR S  %CPU %MEM     TIME+ COMMAND
 1472 ubuntu    20   0 16.878g 211004  14648 S  46.4  1.4   0:49.35 java
Fri Jun 13 08:11:30 UTC 2014
  PID USER      PR  NI    VIRT    RES    SHR S  %CPU %MEM     TIME+ COMMAND
 1472 ubuntu    20   0 16.878g 211272  14648 S  19.9  1.4   0:49.76 java
Fri Jun 13 08:11:31 UTC 2014
  PID USER      PR  NI    VIRT    RES    SHR S  %CPU %MEM     TIME+ COMMAND
 1472 ubuntu    20   0 16.878g 211272  14648 S  26.5  1.4   0:50.23 java
Fri Jun 13 08:11:32 UTC 2014
  PID USER      PR  NI    VIRT    RES    SHR S  %CPU %MEM     TIME+ COMMAND
 1472 ubuntu    20   0 16.878g 211536  14648 S  46.3  1.4   0:50.69 java
Fri Jun 13 08:11:33 UTC 2014
  PID USER      PR  NI    VIRT    RES    SHR S  %CPU %MEM     TIME+ COMMAND
 1472 ubuntu    20   0 16.878g 211536  14648 S   6.6  1.4   0:51.05 java
Fri Jun 13 08:11:35 UTC 2014
  PID USER      PR  NI    VIRT    RES    SHR S  %CPU %MEM     TIME+ COMMAND
 1472 ubuntu    20   0 16.878g 212008  14648 S  26.5  1.4   0:51.47 java
Fri Jun 13 08:11:36 UTC 2014
  PID USER      PR  NI    VIRT    RES    SHR S  %CPU %MEM     TIME+ COMMAND
 1472 ubuntu    20   0 16.878g 212008  14648 S  33.1  1.4   0:51.83 java
Fri Jun 13 08:11:37 UTC 2014
  PID USER      PR  NI    VIRT    RES    SHR S  %CPU %MEM     TIME+ COMMAND
 1472 ubuntu    20   0 16.878g 212268  14648 S  46.4  1.4   0:52.38 java
Fri Jun 13 08:11:38 UTC 2014
  PID USER      PR  NI    VIRT    RES    SHR S  %CPU %MEM     TIME+ COMMAND
 1472 ubuntu    20   0 16.878g 212268  14648 S  46.4  1.4   0:52.81 java
Fri Jun 13 08:11:39 UTC 2014
  PID USER      PR  NI    VIRT    RES    SHR S  %CPU %MEM     TIME+ COMMAND
 1472 ubuntu    20   0 16.878g 212464  14648 S  39.8  1.4   0:53.27 java
Fri Jun 13 08:11:40 UTC 2014
  PID USER      PR  NI    VIRT    RES    SHR S  %CPU %MEM     TIME+ COMMAND
 1472 ubuntu    20   0 16.878g 212464  14648 S  53.0  1.4   0:53.88 java
Fri Jun 13 08:11:42 UTC 2014
  PID USER      PR  NI    VIRT    RES    SHR S  %CPU %MEM     TIME+ COMMAND
 1472 ubuntu    20   0 16.878g 212464  14648 S  59.6  1.4   0:54.40 java
Fri Jun 13 08:11:43 UTC 2014
  PID USER      PR  NI    VIRT    RES    SHR S  %CPU %MEM     TIME+ COMMAND
 1472 ubuntu    20   0 16.878g 212728  14648 S  26.5  1.4   0:54.87 java
Fri Jun 13 08:11:44 UTC 2014
  PID USER      PR  NI    VIRT    RES    SHR S  %CPU %MEM     TIME+ COMMAND
 1472 ubuntu    20   0 16.878g 212992  14648 S  53.0  1.4   0:55.44 java
Fri Jun 13 08:11:45 UTC 2014
  PID USER      PR  NI    VIRT    RES    SHR S  %CPU %MEM     TIME+ COMMAND
 1472 ubuntu    20   0 16.878g 212992  14648 S  59.6  1.4   0:56.08 java
Fri Jun 13 08:11:46 UTC 2014
  PID USER      PR  NI    VIRT    RES    SHR S  %CPU %MEM     TIME+ COMMAND
 1472 ubuntu    20   0 16.878g 213256  14648 S  72.9  1.4   0:56.64 java
Fri Jun 13 08:11:47 UTC 2014
  PID USER      PR  NI    VIRT    RES    SHR S  %CPU %MEM     TIME+ COMMAND
 1472 ubuntu    20   0 16.878g 213256  14648 S  59.7  1.4   0:57.24 java
Fri Jun 13 08:11:49 UTC 2014
  PID USER      PR  NI    VIRT    RES    SHR S  %CPU %MEM     TIME+ COMMAND
 1472 ubuntu    20   0 16.878g 213256  14648 S  46.4  1.4   0:57.89 java
Fri Jun 13 08:11:50 UTC 2014
  PID USER      PR  NI    VIRT    RES    SHR S  %CPU %MEM     TIME+ COMMAND
 1472 ubuntu    20   0 16.878g 213520  14648 S  86.2  1.4   0:58.73 java
Fri Jun 13 08:11:51 UTC 2014
  PID USER      PR  NI    VIRT    RES    SHR S  %CPU %MEM     TIME+ COMMAND
 1472 ubuntu    20   0 16.878g 218248  14648 S  53.0  1.4   0:59.31 java
Fri Jun 13 08:11:52 UTC 2014
  PID USER      PR  NI    VIRT    RES    SHR S  %CPU %MEM     TIME+ COMMAND
 1472 ubuntu    20   0 16.878g 218748  14648 S  53.0  1.4   1:00.12 java
Fri Jun 13 08:11:53 UTC 2014
  PID USER      PR  NI    VIRT    RES    SHR S  %CPU %MEM     TIME+ COMMAND
 1472 ubuntu    20   0 16.878g 218776  14648 S  72.9  1.4   1:00.94 java
Fri Jun 13 08:11:54 UTC 2014
  PID USER      PR  NI    VIRT    RES    SHR S  %CPU %MEM     TIME+ COMMAND
 1472 ubuntu    20   0 16.878g 219040  14648 S  46.4  1.4   1:01.61 java
Fri Jun 13 08:11:56 UTC 2014
  PID USER      PR  NI    VIRT    RES    SHR S  %CPU %MEM     TIME+ COMMAND
 1472 ubuntu    20   0 16.878g 219716  14648 S  46.4  1.4   1:02.40 java
Fri Jun 13 08:11:57 UTC 2014
  PID USER      PR  NI    VIRT    RES    SHR S  %CPU %MEM     TIME+ COMMAND
 1472 ubuntu    20   0 16.878g 220244  14648 S  26.5  1.4   1:03.08 java
Fri Jun 13 08:11:58 UTC 2014
  PID USER      PR  NI    VIRT    RES    SHR S  %CPU %MEM     TIME+ COMMAND
 1472 ubuntu    20   0 16.878g 220508  14648 S  92.6  1.4   1:03.88 java
Fri Jun 13 08:11:59 UTC 2014
  PID USER      PR  NI    VIRT    RES    SHR S  %CPU %MEM     TIME+ COMMAND
 1472 ubuntu    20   0 16.878g 230080  14648 S  53.0  1.5   1:04.72 java
Fri Jun 13 08:12:00 UTC 2014
  PID USER      PR  NI    VIRT    RES    SHR S  %CPU %MEM     TIME+ COMMAND
 1472 ubuntu    20   0 16.878g 239588  14648 S  79.4  1.6   1:05.59 java
Fri Jun 13 08:12:02 UTC 2014
  PID USER      PR  NI    VIRT    RES    SHR S  %CPU %MEM     TIME+ COMMAND
 1472 ubuntu    20   0 16.878g 239080  14648 S  99.4  1.6   1:06.40 java
Fri Jun 13 08:12:03 UTC 2014
  PID USER      PR  NI    VIRT    RES    SHR S  %CPU %MEM     TIME+ COMMAND
 1472 ubuntu    20   0 16.878g 238848  14648 S  72.9  1.6   1:07.30 java
Fri Jun 13 08:12:04 UTC 2014
  PID USER      PR  NI    VIRT    RES    SHR S  %CPU %MEM     TIME+ COMMAND
 1472 ubuntu    20   0 16.878g 238088  14648 S 105.8  1.5   1:08.18 java
Fri Jun 13 08:12:05 UTC 2014
  PID USER      PR  NI    VIRT    RES    SHR S  %CPU %MEM     TIME+ COMMAND
 1472 ubuntu    20   0 16.878g 237844  14648 S  46.4  1.5   1:08.81 java
Fri Jun 13 08:12:06 UTC 2014
  PID USER      PR  NI    VIRT    RES    SHR S  %CPU %MEM     TIME+ COMMAND
 1472 ubuntu    20   0 16.878g 237736  14648 S  86.2  1.5   1:09.55 java
Fri Jun 13 08:12:07 UTC 2014
  PID USER      PR  NI    VIRT    RES    SHR S  %CPU %MEM     TIME+ COMMAND
 1472 ubuntu    20   0 16.878g 237736  14648 S  79.5  1.5   1:10.41 java
Fri Jun 13 08:12:09 UTC 2014
  PID USER      PR  NI    VIRT    RES    SHR S  %CPU %MEM     TIME+ COMMAND
 1472 ubuntu    20   0 16.878g 238524  14648 S  53.0  1.5   1:11.18 java
Fri Jun 13 08:12:10 UTC 2014
  PID USER      PR  NI    VIRT    RES    SHR S  %CPU %MEM     TIME+ COMMAND
 1472 ubuntu    20   0 16.878g 239268  14648 S  86.1  1.6   1:12.21 java
Fri Jun 13 08:12:11 UTC 2014
  PID USER      PR  NI    VIRT    RES    SHR S  %CPU %MEM     TIME+ COMMAND
 1472 ubuntu    20   0 16.878g 240848  14648 S  72.9  1.6   1:12.88 java
Fri Jun 13 08:12:12 UTC 2014
  PID USER      PR  NI    VIRT    RES    SHR S  %CPU %MEM     TIME+ COMMAND
 1472 ubuntu    20   0 16.878g 240080  14648 S 105.9  1.6   1:13.82 java
Fri Jun 13 08:12:13 UTC 2014
  PID USER      PR  NI    VIRT    RES    SHR S  %CPU %MEM     TIME+ COMMAND
 1472 ubuntu    20   0 16.878g 239412  14648 S  66.2  1.6   1:14.40 java
Fri Jun 13 08:12:14 UTC 2014
  PID USER      PR  NI    VIRT    RES    SHR S  %CPU %MEM     TIME+ COMMAND
 1472 ubuntu    20   0 16.878g 238628  14648 S  92.8  1.5   1:15.34 java
Fri Jun 13 08:12:16 UTC 2014
  PID USER      PR  NI    VIRT    RES    SHR S  %CPU %MEM     TIME+ COMMAND
 1472 ubuntu    20   0 16.878g 238344  14648 S  39.8  1.5   1:16.04 java
Fri Jun 13 08:12:17 UTC 2014
  PID USER      PR  NI    VIRT    RES    SHR S  %CPU %MEM     TIME+ COMMAND
 1472 ubuntu    20   0 16.878g 237832  14648 S  92.5  1.5   1:17.01 java
Fri Jun 13 08:12:18 UTC 2014
  PID USER      PR  NI    VIRT    RES    SHR S  %CPU %MEM     TIME+ COMMAND
 1472 ubuntu    20   0 16.878g 238892  14648 S 105.8  1.6   1:17.99 java
Fri Jun 13 08:12:19 UTC 2014
  PID USER      PR  NI    VIRT    RES    SHR S  %CPU %MEM     TIME+ COMMAND
 1472 ubuntu    20   0 16.878g 239248  14648 S  72.9  1.6   1:18.87 java
Fri Jun 13 08:12:20 UTC 2014
  PID USER      PR  NI    VIRT    RES    SHR S  %CPU %MEM     TIME+ COMMAND
 1472 ubuntu    20   0 16.878g 239172  14648 S  72.8  1.6   1:19.78 java
Fri Jun 13 08:12:21 UTC 2014
  PID USER      PR  NI    VIRT    RES    SHR S  %CPU %MEM     TIME+ COMMAND
 1472 ubuntu    20   0 16.878g 240116  14648 S 139.2  1.6   1:20.79 java
Fri Jun 13 08:12:23 UTC 2014
  PID USER      PR  NI    VIRT    RES    SHR S  %CPU %MEM     TIME+ COMMAND
 1472 ubuntu    20   0 16.878g 240140  14648 S  72.9  1.6   1:21.73 java
Fri Jun 13 08:12:24 UTC 2014
  PID USER      PR  NI    VIRT    RES    SHR S  %CPU %MEM     TIME+ COMMAND
 1472 ubuntu    20   0 16.878g 240020  14648 S 125.9  1.6   1:22.65 java
Fri Jun 13 08:12:25 UTC 2014
  PID USER      PR  NI    VIRT    RES    SHR S  %CPU %MEM     TIME+ COMMAND
 1472 ubuntu    20   0 16.878g 242020  14648 S 119.3  1.6   1:23.64 java
Fri Jun 13 08:12:26 UTC 2014
  PID USER      PR  NI    VIRT    RES    SHR S  %CPU %MEM     TIME+ COMMAND
 1472 ubuntu    20   0 16.878g 241528  14648 S  99.2  1.6   1:24.54 java
Fri Jun 13 08:12:27 UTC 2014
  PID USER      PR  NI    VIRT    RES    SHR S  %CPU %MEM     TIME+ COMMAND
 1472 ubuntu    20   0 16.878g 241080  14648 S  66.1  1.6   1:25.48 java
Fri Jun 13 08:12:29 UTC 2014
  PID USER      PR  NI    VIRT    RES    SHR S  %CPU %MEM     TIME+ COMMAND
 1472 ubuntu    20   0 16.878g 241892  14648 S 132.6  1.6   1:26.61 java
Fri Jun 13 08:12:30 UTC 2014
  PID USER      PR  NI    VIRT    RES    SHR S  %CPU %MEM     TIME+ COMMAND
 1472 ubuntu    20   0 16.878g 252432  14648 S  92.7  1.6   1:27.45 java
Fri Jun 13 08:12:31 UTC 2014
  PID USER      PR  NI    VIRT    RES    SHR S  %CPU %MEM     TIME+ COMMAND
 1472 ubuntu    20   0 16.878g 252516  14648 S  72.9  1.6   1:28.47 java
Fri Jun 13 08:12:32 UTC 2014
  PID USER      PR  NI    VIRT    RES    SHR S  %CPU %MEM     TIME+ COMMAND
 1472 ubuntu    20   0 16.878g 251908  14648 S  79.5  1.6   1:29.43 java
Fri Jun 13 08:12:33 UTC 2014
  PID USER      PR  NI    VIRT    RES    SHR S  %CPU %MEM     TIME+ COMMAND
 1472 ubuntu    20   0 16.878g 251188  14648 S  79.4  1.6   1:30.56 java
Fri Jun 13 08:12:34 UTC 2014
  PID USER      PR  NI    VIRT    RES    SHR S  %CPU %MEM     TIME+ COMMAND
 1472 ubuntu    20   0 16.878g 251452  14648 S  79.5  1.6   1:31.32 java
Fri Jun 13 08:12:36 UTC 2014
  PID USER      PR  NI    VIRT    RES    SHR S  %CPU %MEM     TIME+ COMMAND
 1472 ubuntu    20   0 16.878g 250692  14648 S  72.7  1.6   1:32.33 java
Fri Jun 13 08:12:37 UTC 2014
  PID USER      PR  NI    VIRT    RES    SHR S  %CPU %MEM     TIME+ COMMAND
 1472 ubuntu    20   0 16.878g 253296  14648 S  99.4  1.6   1:33.50 java
Fri Jun 13 08:12:38 UTC 2014
  PID USER      PR  NI    VIRT    RES    SHR S  %CPU %MEM     TIME+ COMMAND
 1472 ubuntu    20   0 16.878g 253560  14648 S  59.6  1.6   1:34.52 java
Fri Jun 13 08:12:39 UTC 2014
  PID USER      PR  NI    VIRT    RES    SHR S  %CPU %MEM     TIME+ COMMAND
 1472 ubuntu    20   0 16.878g 253820  14648 S 105.8  1.6   1:35.60 java
Fri Jun 13 08:12:40 UTC 2014
  PID USER      PR  NI    VIRT    RES    SHR S  %CPU %MEM     TIME+ COMMAND
 1472 ubuntu    20   0 16.879g 254084  14648 S  72.8  1.6   1:36.46 java
Fri Jun 13 08:12:41 UTC 2014
  PID USER      PR  NI    VIRT    RES    SHR S  %CPU %MEM     TIME+ COMMAND
 1472 ubuntu    20   0 16.879g 254612  14648 S  99.2  1.7   1:37.53 java
Fri Jun 13 08:12:43 UTC 2014
  PID USER      PR  NI    VIRT    RES    SHR S  %CPU %MEM     TIME+ COMMAND
 1472 ubuntu    20   0 16.880g 254612  14648 S 119.1  1.7   1:38.73 java
Fri Jun 13 08:12:44 UTC 2014
  PID USER      PR  NI    VIRT    RES    SHR S  %CPU %MEM     TIME+ COMMAND
 1472 ubuntu    20   0 16.880g 254612  14648 S 132.3  1.7   1:40.06 java
Fri Jun 13 08:12:45 UTC 2014
  PID USER      PR  NI    VIRT    RES    SHR S  %CPU %MEM     TIME+ COMMAND
 1472 ubuntu    20   0 16.880g 255924  14648 S  92.6  1.7   1:41.32 java
Fri Jun 13 08:12:46 UTC 2014
  PID USER      PR  NI    VIRT    RES    SHR S  %CPU %MEM     TIME+ COMMAND
 1472 ubuntu    20   0 16.880g 279808  14648 S  53.0  1.8   1:42.85 java
Fri Jun 13 08:12:47 UTC 2014
  PID USER      PR  NI    VIRT    RES    SHR S  %CPU %MEM     TIME+ COMMAND
 1472 ubuntu    20   0 16.880g 279980  14648 S  86.1  1.8   1:44.22 java
Fri Jun 13 08:12:49 UTC 2014
  PID USER      PR  NI    VIRT    RES    SHR S  %CPU %MEM     TIME+ COMMAND
 1472 ubuntu    20   0 16.880g 280504  14648 S  79.5  1.8   1:45.34 java
Fri Jun 13 08:12:50 UTC 2014
  PID USER      PR  NI    VIRT    RES    SHR S  %CPU %MEM     TIME+ COMMAND
 1472 ubuntu    20   0 16.880g 279480  14648 S  92.8  1.8   1:46.36 java
Fri Jun 13 08:12:51 UTC 2014
  PID USER      PR  NI    VIRT    RES    SHR S  %CPU %MEM     TIME+ COMMAND
 1472 ubuntu    20   0 16.880g 278716  14648 S 125.7  1.8   1:47.58 java
Fri Jun 13 08:12:52 UTC 2014
  PID USER      PR  NI    VIRT    RES    SHR S  %CPU %MEM     TIME+ COMMAND
 1472 ubuntu    20   0 16.880g 278204  14648 S  92.5  1.8   1:48.72 java
Fri Jun 13 08:12:53 UTC 2014
  PID USER      PR  NI    VIRT    RES    SHR S  %CPU %MEM     TIME+ COMMAND
 1472 ubuntu    20   0 16.880g 276980  14648 S 145.8  1.8   1:50.16 java
Fri Jun 13 08:12:54 UTC 2014
  PID USER      PR  NI    VIRT    RES    SHR S  %CPU %MEM     TIME+ COMMAND
 1472 ubuntu    20   0 16.880g 275956  14648 S 119.3  1.8   1:51.39 java
Fri Jun 13 08:12:56 UTC 2014
  PID USER      PR  NI    VIRT    RES    SHR S  %CPU %MEM     TIME+ COMMAND
 1472 ubuntu    20   0 16.880g 275448  14648 S 112.4  1.8   1:52.81 java
Fri Jun 13 08:12:57 UTC 2014
  PID USER      PR  NI    VIRT    RES    SHR S  %CPU %MEM     TIME+ COMMAND
 1472 ubuntu    20   0 16.880g 276512  14648 S 119.2  1.8   1:54.25 java
Fri Jun 13 08:12:58 UTC 2014
  PID USER      PR  NI    VIRT    RES    SHR S  %CPU %MEM     TIME+ COMMAND
 1472 ubuntu    20   0 16.880g 277328  14648 S  66.2  1.8   1:55.44 java
Fri Jun 13 08:12:59 UTC 2014
  PID USER      PR  NI    VIRT    RES    SHR S  %CPU %MEM     TIME+ COMMAND
 1472 ubuntu    20   0 16.880g 276868  14648 S  66.2  1.8   1:56.63 java
Fri Jun 13 08:13:00 UTC 2014
  PID USER      PR  NI    VIRT    RES    SHR S  %CPU %MEM     TIME+ COMMAND
 1472 ubuntu    20   0 16.880g 277200  14648 S  72.9  1.8   1:57.98 java
Fri Jun 13 08:13:01 UTC 2014
  PID USER      PR  NI    VIRT    RES    SHR S  %CPU %MEM     TIME+ COMMAND
 1472 ubuntu    20   0 16.880g 278212  14648 S  92.7  1.8   1:59.12 java
Fri Jun 13 08:13:03 UTC 2014
  PID USER      PR  NI    VIRT    RES    SHR S  %CPU %MEM     TIME+ COMMAND
 1472 ubuntu    20   0 16.880g 278332  14648 S 139.2  1.8   2:00.41 java
Fri Jun 13 08:13:04 UTC 2014
  PID USER      PR  NI    VIRT    RES    SHR S  %CPU %MEM     TIME+ COMMAND
 1472 ubuntu    20   0 16.880g 278660  14648 S 119.3  1.8   2:01.73 java
Fri Jun 13 08:13:05 UTC 2014
  PID USER      PR  NI    VIRT    RES    SHR S  %CPU %MEM     TIME+ COMMAND
 1472 ubuntu    20   0 16.880g 279132  14648 S 139.1  1.8   2:02.98 java
Fri Jun 13 08:13:06 UTC 2014
  PID USER      PR  NI    VIRT    RES    SHR S  %CPU %MEM     TIME+ COMMAND
 1472 ubuntu    20   0 16.880g 279820  14648 S 185.2  1.8   2:05.05 java
Fri Jun 13 08:13:07 UTC 2014
  PID USER      PR  NI    VIRT    RES    SHR S  %CPU %MEM     TIME+ COMMAND
 1472 ubuntu    20   0 16.880g 279884  14648 S 125.9  1.8   2:06.40 java
Fri Jun 13 08:13:09 UTC 2014
  PID USER      PR  NI    VIRT    RES    SHR S  %CPU %MEM     TIME+ COMMAND
 1472 ubuntu    20   0 16.880g 280232  14648 S 132.2  1.8   2:07.54 java
Fri Jun 13 08:13:10 UTC 2014
  PID USER      PR  NI    VIRT    RES    SHR S  %CPU %MEM     TIME+ COMMAND
 1472 ubuntu    20   0 16.880g 279900  14648 S 119.0  1.8   2:08.75 java
Fri Jun 13 08:13:11 UTC 2014
  PID USER      PR  NI    VIRT    RES    SHR S  %CPU %MEM     TIME+ COMMAND
 1472 ubuntu    20   0 16.880g 280732  14648 S 105.8  1.8   2:09.92 java
Fri Jun 13 08:13:12 UTC 2014
  PID USER      PR  NI    VIRT    RES    SHR S  %CPU %MEM     TIME+ COMMAND
 1472 ubuntu    20   0 16.880g 282336  14648 S  99.4  1.8   2:11.20 java
Fri Jun 13 08:13:13 UTC 2014
  PID USER      PR  NI    VIRT    RES    SHR S  %CPU %MEM     TIME+ COMMAND
 1472 ubuntu    20   0 16.880g 281428  14648 S 151.9  1.8   2:12.42 java
Fri Jun 13 08:13:14 UTC 2014
  PID USER      PR  NI    VIRT    RES    SHR S  %CPU %MEM     TIME+ COMMAND
 1472 ubuntu    20   0 16.880g 281784  14648 S 145.5  1.8   2:13.92 java
Fri Jun 13 08:13:16 UTC 2014
  PID USER      PR  NI    VIRT    RES    SHR S  %CPU %MEM     TIME+ COMMAND
 1472 ubuntu    20   0 16.880g 280996  14648 S 145.5  1.8   2:15.50 java
Fri Jun 13 08:13:17 UTC 2014
  PID USER      PR  NI    VIRT    RES    SHR S  %CPU %MEM     TIME+ COMMAND
 1472 ubuntu    20   0 16.880g 280460  14648 S 165.6  1.8   2:16.96 java
Fri Jun 13 08:13:18 UTC 2014
  PID USER      PR  NI    VIRT    RES    SHR S  %CPU %MEM     TIME+ COMMAND
 1472 ubuntu    20   0 16.880g 279684  14648 S 139.2  1.8   2:18.26 java
Fri Jun 13 08:13:19 UTC 2014
  PID USER      PR  NI    VIRT    RES    SHR S  %CPU %MEM     TIME+ COMMAND
 1472 ubuntu    20   0 16.880g 278656  14648 S  72.6  1.8   2:19.18 java
Fri Jun 13 08:13:20 UTC 2014
  PID USER      PR  NI    VIRT    RES    SHR S  %CPU %MEM     TIME+ COMMAND
 1472 ubuntu    20   0 16.880g 278388  14648 S 192.2  1.8   2:20.62 java
Fri Jun 13 08:13:21 UTC 2014
  PID USER      PR  NI    VIRT    RES    SHR S  %CPU %MEM     TIME+ COMMAND
 1472 ubuntu    20   0 16.880g 277876  14648 S  72.8  1.8   2:21.75 java
Fri Jun 13 08:13:23 UTC 2014
  PID USER      PR  NI    VIRT    RES    SHR S  %CPU %MEM     TIME+ COMMAND
 1472 ubuntu    20   0 16.880g 277384  14648 S  72.9  1.8   2:22.47 java
Fri Jun 13 08:13:24 UTC 2014
  PID USER      PR  NI    VIRT    RES    SHR S  %CPU %MEM     TIME+ COMMAND
 1472 ubuntu    20   0 16.880g 277368  14648 S  66.3  1.8   2:23.14 java
Fri Jun 13 08:13:25 UTC 2014
  PID USER      PR  NI    VIRT    RES    SHR S  %CPU %MEM     TIME+ COMMAND
 1472 ubuntu    20   0 16.880g 276340  14648 S  59.4  1.8   2:23.96 java
Fri Jun 13 08:13:26 UTC 2014
  PID USER      PR  NI    VIRT    RES    SHR S  %CPU %MEM     TIME+ COMMAND
 1472 ubuntu    20   0 16.880g 275316  14648 S  53.0  1.8   2:24.65 java
Fri Jun 13 08:13:27 UTC 2014
  PID USER      PR  NI    VIRT    RES    SHR S  %CPU %MEM     TIME+ COMMAND
 1472 ubuntu    20   0 16.880g 274800  14648 S  92.8  1.8   2:25.55 java
Fri Jun 13 08:13:29 UTC 2014
  PID USER      PR  NI    VIRT    RES    SHR S  %CPU %MEM     TIME+ COMMAND
 1472 ubuntu    20   0 16.880g 275064  14648 S  66.3  1.8   2:26.58 java
Fri Jun 13 08:13:30 UTC 2014
  PID USER      PR  NI    VIRT    RES    SHR S  %CPU %MEM     TIME+ COMMAND
 1472 ubuntu    20   0 16.880g 274552  14648 S  19.9  1.8   2:27.32 java
Fri Jun 13 08:13:31 UTC 2014
  PID USER      PR  NI    VIRT    RES    SHR S  %CPU %MEM     TIME+ COMMAND
 1472 ubuntu    20   0 16.880g 274040  14648 S  46.3  1.8   2:27.86 java
Fri Jun 13 08:13:32 UTC 2014
  PID USER      PR  NI    VIRT    RES    SHR S  %CPU %MEM     TIME+ COMMAND
 1472 ubuntu    20   0 16.880g 273528  14648 S  66.3  1.8   2:28.61 java
Fri Jun 13 08:13:33 UTC 2014
  PID USER      PR  NI    VIRT    RES    SHR S  %CPU %MEM     TIME+ COMMAND
 1472 ubuntu    20   0 16.880g 273012  14648 S  26.5  1.8   2:28.94 java
Fri Jun 13 08:13:34 UTC 2014
  PID USER      PR  NI    VIRT    RES    SHR S  %CPU %MEM     TIME+ COMMAND
 1472 ubuntu    20   0 16.880g 273012  14648 S  33.1  1.8   2:29.15 java
Fri Jun 13 08:13:36 UTC 2014
  PID USER      PR  NI    VIRT    RES    SHR S  %CPU %MEM     TIME+ COMMAND
 1472 ubuntu    20   0 16.880g 272500  14648 S  19.9  1.8   2:29.51 java
Fri Jun 13 08:13:37 UTC 2014
  PID USER      PR  NI    VIRT    RES    SHR S  %CPU %MEM     TIME+ COMMAND
 1472 ubuntu    20   0 16.880g 272500  14648 S  19.9  1.8   2:29.70 java
Fri Jun 13 08:13:38 UTC 2014
  PID USER      PR  NI    VIRT    RES    SHR S  %CPU %MEM     TIME+ COMMAND
 1472 ubuntu    20   0 16.880g 271988  14648 S  13.2  1.8   2:29.95 java
Fri Jun 13 08:13:39 UTC 2014
  PID USER      PR  NI    VIRT    RES    SHR S  %CPU %MEM     TIME+ COMMAND
 1472 ubuntu    20   0 16.880g 271988  14648 S   6.6  1.8   2:30.08 java
Fri Jun 13 08:13:40 UTC 2014
  PID USER      PR  NI    VIRT    RES    SHR S  %CPU %MEM     TIME+ COMMAND
 1472 ubuntu    20   0 16.880g 271496  14648 S  19.9  1.8   2:30.23 java
Fri Jun 13 08:13:41 UTC 2014
  PID USER      PR  NI    VIRT    RES    SHR S  %CPU %MEM     TIME+ COMMAND
 1472 ubuntu    20   0 16.880g 271496  14648 S  13.3  1.8   2:30.33 java
Fri Jun 13 08:13:43 UTC 2014
  PID USER      PR  NI    VIRT    RES    SHR S  %CPU %MEM     TIME+ COMMAND
 1472 ubuntu    20   0 16.880g 271512  14648 S  26.5  1.8   2:30.49 java
Fri Jun 13 08:13:44 UTC 2014
  PID USER      PR  NI    VIRT    RES    SHR S  %CPU %MEM     TIME+ COMMAND
 1472 ubuntu    20   0 16.880g 271512  14648 S   6.6  1.8   2:30.84 java
Fri Jun 13 08:13:45 UTC 2014
  PID USER      PR  NI    VIRT    RES    SHR S  %CPU %MEM     TIME+ COMMAND
 1472 ubuntu    20   0 16.880g 271512  14648 S  26.5  1.8   2:31.14 java
Fri Jun 13 08:13:46 UTC 2014
  PID USER      PR  NI    VIRT    RES    SHR S  %CPU %MEM     TIME+ COMMAND
 1472 ubuntu    20   0 16.880g 271512  14648 S  26.5  1.8   2:31.32 java
Fri Jun 13 08:13:47 UTC 2014
  PID USER      PR  NI    VIRT    RES    SHR S  %CPU %MEM     TIME+ COMMAND
 1472 ubuntu    20   0 16.880g 271776  14648 S   0.0  1.8   2:31.60 java
Fri Jun 13 08:13:48 UTC 2014
  PID USER      PR  NI    VIRT    RES    SHR S  %CPU %MEM     TIME+ COMMAND
 1472 ubuntu    20   0 16.880g 271776  14648 S  19.9  1.8   2:31.70 java
Fri Jun 13 08:13:50 UTC 2014
  PID USER      PR  NI    VIRT    RES    SHR S  %CPU %MEM     TIME+ COMMAND
 1472 ubuntu    20   0 16.880g 271776  14648 S   6.6  1.8   2:31.75 java
Fri Jun 13 08:13:51 UTC 2014
  PID USER      PR  NI    VIRT    RES    SHR S  %CPU %MEM     TIME+ COMMAND
 1472 ubuntu    20   0 16.880g 271776  14648 S  13.3  1.8   2:31.81 java
Fri Jun 13 08:13:52 UTC 2014
  PID USER      PR  NI    VIRT    RES    SHR S  %CPU %MEM     TIME+ COMMAND
 1472 ubuntu    20   0 16.880g 271776  14648 S   6.6  1.8   2:31.85 java
Fri Jun 13 08:13:53 UTC 2014
  PID USER      PR  NI    VIRT    RES    SHR S  %CPU %MEM     TIME+ COMMAND
 1472 ubuntu    20   0 16.880g 271776  14648 S   6.6  1.8   2:31.91 java
Fri Jun 13 08:13:54 UTC 2014
  PID USER      PR  NI    VIRT    RES    SHR S  %CPU %MEM     TIME+ COMMAND
 1472 ubuntu    20   0 16.880g 272040  14648 S   6.6  1.8   2:32.00 java
Fri Jun 13 08:13:55 UTC 2014
  PID USER      PR  NI    VIRT    RES    SHR S  %CPU %MEM     TIME+ COMMAND
 1472 ubuntu    20   0 16.880g 271528  14648 S   6.6  1.8   2:32.23 java
Fri Jun 13 08:13:57 UTC 2014
  PID USER      PR  NI    VIRT    RES    SHR S  %CPU %MEM     TIME+ COMMAND
 1472 ubuntu    20   0 16.880g 271528  14648 S   0.0  1.8   2:32.24 java
Fri Jun 13 08:13:58 UTC 2014
  PID USER      PR  NI    VIRT    RES    SHR S  %CPU %MEM     TIME+ COMMAND
 1472 ubuntu    20   0 16.880g 271528  14648 S   0.0  1.8   2:32.25 java
Fri Jun 13 08:13:59 UTC 2014
  PID USER      PR  NI    VIRT    RES    SHR S  %CPU %MEM     TIME+ COMMAND
 1472 ubuntu    20   0 16.880g 271528  14648 S   0.0  1.8   2:32.26 java
Fri Jun 13 08:14:00 UTC 2014
  PID USER      PR  NI    VIRT    RES    SHR S  %CPU %MEM     TIME+ COMMAND
 1472 ubuntu    20   0 16.880g 271528  14648 S   0.0  1.8   2:32.26 java
Fri Jun 13 08:14:01 UTC 2014
  PID USER      PR  NI    VIRT    RES    SHR S  %CPU %MEM     TIME+ COMMAND
 1472 ubuntu    20   0 16.880g 271528  14648 S   0.0  1.8   2:32.27 java
Fri Jun 13 08:14:02 UTC 2014
  PID USER      PR  NI    VIRT    RES    SHR S  %CPU %MEM     TIME+ COMMAND
 1472 ubuntu    20   0 16.880g 271528  14648 S   0.0  1.8   2:32.27 java
Fri Jun 13 08:14:04 UTC 2014
  PID USER      PR  NI    VIRT    RES    SHR S  %CPU %MEM     TIME+ COMMAND
 1472 ubuntu    20   0 16.880g 271528  14648 S   0.0  1.8   2:32.28 java
Fri Jun 13 08:14:05 UTC 2014
  PID USER      PR  NI    VIRT    RES    SHR S  %CPU %MEM     TIME+ COMMAND
 1472 ubuntu    20   0 16.880g 271528  14648 S   0.0  1.8   2:32.29 java
Fri Jun 13 08:14:06 UTC 2014
  PID USER      PR  NI    VIRT    RES    SHR S  %CPU %MEM     TIME+ COMMAND
 1472 ubuntu    20   0 16.880g 271528  14648 S   0.0  1.8   2:32.29 java
Fri Jun 13 08:14:07 UTC 2014
  PID USER      PR  NI    VIRT    RES    SHR S  %CPU %MEM     TIME+ COMMAND
 1472 ubuntu    20   0 16.880g 271528  14648 S   0.0  1.8   2:32.30 java
Fri Jun 13 08:14:08 UTC 2014
  PID USER      PR  NI    VIRT    RES    SHR S  %CPU %MEM     TIME+ COMMAND
 1472 ubuntu    20   0 16.880g 271528  14648 S   0.0  1.8   2:32.31 java
Fri Jun 13 08:14:10 UTC 2014
  PID USER      PR  NI    VIRT    RES    SHR S  %CPU %MEM     TIME+ COMMAND
 1472 ubuntu    20   0 16.880g 271528  14648 S   0.0  1.8   2:32.32 java
Fri Jun 13 08:14:11 UTC 2014
  PID USER      PR  NI    VIRT    RES    SHR S  %CPU %MEM     TIME+ COMMAND
 1472 ubuntu    20   0 16.880g 271528  14648 S   0.0  1.8   2:32.33 java
Fri Jun 13 08:14:12 UTC 2014
  PID USER      PR  NI    VIRT    RES    SHR S  %CPU %MEM     TIME+ COMMAND
 1472 ubuntu    20   0 16.880g 271528  14648 S   0.0  1.8   2:32.33 java
Fri Jun 13 08:14:13 UTC 2014
  PID USER      PR  NI    VIRT    RES    SHR S  %CPU %MEM     TIME+ COMMAND
 1472 ubuntu    20   0 16.880g 271528  14648 S   0.0  1.8   2:32.33 java
Fri Jun 13 08:14:14 UTC 2014
  PID USER      PR  NI    VIRT    RES    SHR S  %CPU %MEM     TIME+ COMMAND
 1472 ubuntu    20   0 16.880g 271528  14648 S   0.0  1.8   2:32.34 java
Fri Jun 13 08:14:15 UTC 2014
  PID USER      PR  NI    VIRT    RES    SHR S  %CPU %MEM     TIME+ COMMAND
 1472 ubuntu    20   0 16.880g 271528  14648 S   6.6  1.8   2:32.35 java
Fri Jun 13 08:14:17 UTC 2014
  PID USER      PR  NI    VIRT    RES    SHR S  %CPU %MEM     TIME+ COMMAND
 1472 ubuntu    20   0 16.880g 271528  14648 S   0.0  1.8   2:32.36 java
Fri Jun 13 08:14:18 UTC 2014
  PID USER      PR  NI    VIRT    RES    SHR S  %CPU %MEM     TIME+ COMMAND
 1472 ubuntu    20   0 16.880g 271528  14648 S   0.0  1.8   2:32.37 java
Fri Jun 13 08:14:19 UTC 2014
  PID USER      PR  NI    VIRT    RES    SHR S  %CPU %MEM     TIME+ COMMAND
 1472 ubuntu    20   0 16.880g 271528  14648 S   0.0  1.8   2:32.37 java
Fri Jun 13 08:14:20 UTC 2014
  PID USER      PR  NI    VIRT    RES    SHR S  %CPU %MEM     TIME+ COMMAND
 1472 ubuntu    20   0 16.880g 271528  14648 S   6.6  1.8   2:32.38 java
Fri Jun 13 08:14:21 UTC 2014
  PID USER      PR  NI    VIRT    RES    SHR S  %CPU %MEM     TIME+ COMMAND
 1472 ubuntu    20   0 16.880g 271528  14648 S   0.0  1.8   2:32.39 java
Fri Jun 13 08:14:22 UTC 2014
  PID USER      PR  NI    VIRT    RES    SHR S  %CPU %MEM     TIME+ COMMAND
 1472 ubuntu    20   0 16.880g 271528  14648 S   0.0  1.8   2:32.39 java
Fri Jun 13 08:14:24 UTC 2014
  PID USER      PR  NI    VIRT    RES    SHR S  %CPU %MEM     TIME+ COMMAND
 1472 ubuntu    20   0 16.880g 271528  14648 S   0.0  1.8   2:32.40 java
Fri Jun 13 08:14:25 UTC 2014
  PID USER      PR  NI    VIRT    RES    SHR S  %CPU %MEM     TIME+ COMMAND
 1472 ubuntu    20   0 16.880g 271528  14648 S   0.0  1.8   2:32.40 java
Fri Jun 13 08:14:26 UTC 2014
  PID USER      PR  NI    VIRT    RES    SHR S  %CPU %MEM     TIME+ COMMAND
 1472 ubuntu    20   0 16.880g 271528  14648 S   0.0  1.8   2:32.41 java
Fri Jun 13 08:14:27 UTC 2014
  PID USER      PR  NI    VIRT    RES    SHR S  %CPU %MEM     TIME+ COMMAND
 1472 ubuntu    20   0 16.880g 271528  14648 S   6.6  1.8   2:32.43 java
Fri Jun 13 08:14:28 UTC 2014
  PID USER      PR  NI    VIRT    RES    SHR S  %CPU %MEM     TIME+ COMMAND
 1472 ubuntu    20   0 16.880g 271528  14648 S   0.0  1.8   2:32.43 java
Fri Jun 13 08:14:29 UTC 2014
  PID USER      PR  NI    VIRT    RES    SHR S  %CPU %MEM     TIME+ COMMAND
 1472 ubuntu    20   0 16.880g 271528  14648 S   0.0  1.8   2:32.44 java
Fri Jun 13 08:14:31 UTC 2014
  PID USER      PR  NI    VIRT    RES    SHR S  %CPU %MEM     TIME+ COMMAND
 1472 ubuntu    20   0 16.880g 271528  14648 S   0.0  1.8   2:32.44 java
Fri Jun 13 08:14:32 UTC 2014
  PID USER      PR  NI    VIRT    RES    SHR S  %CPU %MEM     TIME+ COMMAND
 1472 ubuntu    20   0 16.880g 271528  14648 S   0.0  1.8   2:32.45 java
Fri Jun 13 08:14:33 UTC 2014
  PID USER      PR  NI    VIRT    RES    SHR S  %CPU %MEM     TIME+ COMMAND
 1472 ubuntu    20   0 16.880g 271528  14648 S   0.0  1.8   2:32.46 java
Fri Jun 13 08:14:34 UTC 2014
  PID USER      PR  NI    VIRT    RES    SHR S  %CPU %MEM     TIME+ COMMAND
 1472 ubuntu    20   0 16.880g 271528  14648 S   6.6  1.8   2:32.47 java
Fri Jun 13 08:14:35 UTC 2014
  PID USER      PR  NI    VIRT    RES    SHR S  %CPU %MEM     TIME+ COMMAND
 1472 ubuntu    20   0 16.880g 271528  14648 S   0.0  1.8   2:32.47 java
Fri Jun 13 08:14:36 UTC 2014
  PID USER      PR  NI    VIRT    RES    SHR S  %CPU %MEM     TIME+ COMMAND
 1472 ubuntu    20   0 16.880g 271528  14648 S   6.6  1.8   2:32.49 java
Fri Jun 13 08:14:38 UTC 2014
  PID USER      PR  NI    VIRT    RES    SHR S  %CPU %MEM     TIME+ COMMAND
 1472 ubuntu    20   0 16.880g 271528  14648 S   0.0  1.8   2:32.49 java
Fri Jun 13 08:14:39 UTC 2014
  PID USER      PR  NI    VIRT    RES    SHR S  %CPU %MEM     TIME+ COMMAND
 1472 ubuntu    20   0 16.880g 271528  14648 S   6.6  1.8   2:32.50 java
Fri Jun 13 08:14:40 UTC 2014
  PID USER      PR  NI    VIRT    RES    SHR S  %CPU %MEM     TIME+ COMMAND
 1472 ubuntu    20   0 16.880g 271528  14648 S   0.0  1.8   2:32.51 java
Fri Jun 13 08:14:41 UTC 2014
  PID USER      PR  NI    VIRT    RES    SHR S  %CPU %MEM     TIME+ COMMAND
 1472 ubuntu    20   0 16.880g 271528  14648 S   0.0  1.8   2:32.51 java
Fri Jun 13 08:14:42 UTC 2014
  PID USER      PR  NI    VIRT    RES    SHR S  %CPU %MEM     TIME+ COMMAND
 1472 ubuntu    20   0 16.880g 271528  14648 S   0.0  1.8   2:32.52 java
Fri Jun 13 08:14:43 UTC 2014
  PID USER      PR  NI    VIRT    RES    SHR S  %CPU %MEM     TIME+ COMMAND
 1472 ubuntu    20   0 16.880g 271528  14648 S   0.0  1.8   2:32.52 java
Fri Jun 13 08:14:45 UTC 2014
  PID USER      PR  NI    VIRT    RES    SHR S  %CPU %MEM     TIME+ COMMAND
 1472 ubuntu    20   0 16.880g 271528  14648 S   0.0  1.8   2:32.53 java
Fri Jun 13 08:14:46 UTC 2014
  PID USER      PR  NI    VIRT    RES    SHR S  %CPU %MEM     TIME+ COMMAND
 1472 ubuntu    20   0 16.880g 272048  14648 S   0.0  1.8   2:32.54 java
Fri Jun 13 08:14:47 UTC 2014
  PID USER      PR  NI    VIRT    RES    SHR S  %CPU %MEM     TIME+ COMMAND
 1472 ubuntu    20   0 16.880g 272048  14648 S   0.0  1.8   2:32.55 java
Fri Jun 13 08:14:48 UTC 2014
  PID USER      PR  NI    VIRT    RES    SHR S  %CPU %MEM     TIME+ COMMAND
 1472 ubuntu    20   0 16.880g 272048  14648 S   0.0  1.8   2:32.56 java
Fri Jun 13 08:14:49 UTC 2014
  PID USER      PR  NI    VIRT    RES    SHR S  %CPU %MEM     TIME+ COMMAND
 1472 ubuntu    20   0 16.880g 272048  14648 S   0.0  1.8   2:32.56 java
Fri Jun 13 08:14:50 UTC 2014
  PID USER      PR  NI    VIRT    RES    SHR S  %CPU %MEM     TIME+ COMMAND
 1472 ubuntu    20   0 16.880g 272048  14648 S   0.0  1.8   2:32.57 java
Fri Jun 13 08:14:52 UTC 2014
  PID USER      PR  NI    VIRT    RES    SHR S  %CPU %MEM     TIME+ COMMAND
 1472 ubuntu    20   0 16.880g 272048  14648 S   0.0  1.8   2:32.58 java
Fri Jun 13 08:14:53 UTC 2014
  PID USER      PR  NI    VIRT    RES    SHR S  %CPU %MEM     TIME+ COMMAND
 1472 ubuntu    20   0 16.880g 272048  14648 S   0.0  1.8   2:32.58 java
Fri Jun 13 08:14:54 UTC 2014
  PID USER      PR  NI    VIRT    RES    SHR S  %CPU %MEM     TIME+ COMMAND
 1472 ubuntu    20   0 16.880g 272048  14648 S   0.0  1.8   2:32.59 java
Fri Jun 13 08:14:55 UTC 2014
  PID USER      PR  NI    VIRT    RES    SHR S  %CPU %MEM     TIME+ COMMAND
 1472 ubuntu    20   0 16.880g 272060  14648 S   0.0  1.8   2:32.59 java
Fri Jun 13 08:14:56 UTC 2014
  PID USER      PR  NI    VIRT    RES    SHR S  %CPU %MEM     TIME+ COMMAND
 1472 ubuntu    20   0 16.880g 272060  14648 S   6.6  1.8   2:32.61 java
Fri Jun 13 08:14:58 UTC 2014
  PID USER      PR  NI    VIRT    RES    SHR S  %CPU %MEM     TIME+ COMMAND
 1472 ubuntu    20   0 16.880g 272060  14648 S   0.0  1.8   2:32.61 java
Fri Jun 13 08:14:59 UTC 2014
  PID USER      PR  NI    VIRT    RES    SHR S  %CPU %MEM     TIME+ COMMAND
 1472 ubuntu    20   0 16.880g 272060  14648 S   0.0  1.8   2:32.62 java
Fri Jun 13 08:15:00 UTC 2014
  PID USER      PR  NI    VIRT    RES    SHR S  %CPU %MEM     TIME+ COMMAND
 1472 ubuntu    20   0 16.880g 272060  14648 S   0.0  1.8   2:32.62 java
Fri Jun 13 08:15:01 UTC 2014
  PID USER      PR  NI    VIRT    RES    SHR S  %CPU %MEM     TIME+ COMMAND
 1472 ubuntu    20   0 16.880g 272060  14648 S   0.0  1.8   2:32.62 java
Fri Jun 13 08:15:02 UTC 2014
  PID USER      PR  NI    VIRT    RES    SHR S  %CPU %MEM     TIME+ COMMAND
 1472 ubuntu    20   0 16.880g 272060  14648 S   0.0  1.8   2:32.63 java
Fri Jun 13 08:15:03 UTC 2014
  PID USER      PR  NI    VIRT    RES    SHR S  %CPU %MEM     TIME+ COMMAND
 1472 ubuntu    20   0 16.880g 272060  14648 S   0.0  1.8   2:32.64 java
Fri Jun 13 08:15:05 UTC 2014
  PID USER      PR  NI    VIRT    RES    SHR S  %CPU %MEM     TIME+ COMMAND
 1472 ubuntu    20   0 16.880g 272060  14648 S   0.0  1.8   2:32.65 java
Fri Jun 13 08:15:06 UTC 2014
  PID USER      PR  NI    VIRT    RES    SHR S  %CPU %MEM     TIME+ COMMAND
 1472 ubuntu    20   0 16.880g 272060  14648 S   0.0  1.8   2:32.65 java
Fri Jun 13 08:15:07 UTC 2014
  PID USER      PR  NI    VIRT    RES    SHR S  %CPU %MEM     TIME+ COMMAND
 1472 ubuntu    20   0 16.880g 272060  14648 S   0.0  1.8   2:32.66 java
Fri Jun 13 08:15:08 UTC 2014
  PID USER      PR  NI    VIRT    RES    SHR S  %CPU %MEM     TIME+ COMMAND
 1472 ubuntu    20   0 16.880g 272060  14648 S   0.0  1.8   2:32.66 java
Fri Jun 13 08:15:09 UTC 2014
  PID USER      PR  NI    VIRT    RES    SHR S  %CPU %MEM     TIME+ COMMAND
 1472 ubuntu    20   0 16.880g 272060  14648 S   0.0  1.8   2:32.67 java
Fri Jun 13 08:15:10 UTC 2014
  PID USER      PR  NI    VIRT    RES    SHR S  %CPU %MEM     TIME+ COMMAND
 1472 ubuntu    20   0 16.880g 272060  14648 S   0.0  1.8   2:32.68 java
Fri Jun 13 08:15:12 UTC 2014
  PID USER      PR  NI    VIRT    RES    SHR S  %CPU %MEM     TIME+ COMMAND
 1472 ubuntu    20   0 16.880g 272060  14648 S   6.6  1.8   2:32.69 java
Fri Jun 13 08:15:13 UTC 2014
  PID USER      PR  NI    VIRT    RES    SHR S  %CPU %MEM     TIME+ COMMAND
 1472 ubuntu    20   0 16.880g 272060  14648 S   0.0  1.8   2:32.69 java
Fri Jun 13 08:15:14 UTC 2014
  PID USER      PR  NI    VIRT    RES    SHR S  %CPU %MEM     TIME+ COMMAND
 1472 ubuntu    20   0 16.880g 272060  14648 S   0.0  1.8   2:32.69 java
Fri Jun 13 08:15:15 UTC 2014
  PID USER      PR  NI    VIRT    RES    SHR S  %CPU %MEM     TIME+ COMMAND
 1472 ubuntu    20   0 16.880g 272060  14648 S   0.0  1.8   2:32.70 java
Fri Jun 13 08:15:16 UTC 2014
  PID USER      PR  NI    VIRT    RES    SHR S  %CPU %MEM     TIME+ COMMAND
 1472 ubuntu    20   0 16.880g 272060  14648 S   0.0  1.8   2:32.70 java
Fri Jun 13 08:15:17 UTC 2014
  PID USER      PR  NI    VIRT    RES    SHR S  %CPU %MEM     TIME+ COMMAND
 1472 ubuntu    20   0 16.880g 272060  14648 S   0.0  1.8   2:32.72 java
Fri Jun 13 08:15:19 UTC 2014
  PID USER      PR  NI    VIRT    RES    SHR S  %CPU %MEM     TIME+ COMMAND
 1472 ubuntu    20   0 16.880g 272060  14648 S   0.0  1.8   2:32.72 java
Fri Jun 13 08:15:20 UTC 2014
  PID USER      PR  NI    VIRT    RES    SHR S  %CPU %MEM     TIME+ COMMAND
 1472 ubuntu    20   0 16.880g 272060  14648 S   0.0  1.8   2:32.73 java
Fri Jun 13 08:15:21 UTC 2014
  PID USER      PR  NI    VIRT    RES    SHR S  %CPU %MEM     TIME+ COMMAND
 1472 ubuntu    20   0 16.880g 272060  14648 S   0.0  1.8   2:32.73 java
Fri Jun 13 08:15:22 UTC 2014
  PID USER      PR  NI    VIRT    RES    SHR S  %CPU %MEM     TIME+ COMMAND
 1472 ubuntu    20   0 16.880g 272060  14648 S   0.0  1.8   2:32.74 java
Fri Jun 13 08:15:23 UTC 2014
  PID USER      PR  NI    VIRT    RES    SHR S  %CPU %MEM     TIME+ COMMAND
 1472 ubuntu    20   0 16.880g 272060  14648 S   0.0  1.8   2:32.75 java
Fri Jun 13 08:15:24 UTC 2014
  PID USER      PR  NI    VIRT    RES    SHR S  %CPU %MEM     TIME+ COMMAND
 1472 ubuntu    20   0 16.880g 272060  14648 S   0.0  1.8   2:32.75 java
Fri Jun 13 08:15:26 UTC 2014
  PID USER      PR  NI    VIRT    RES    SHR S  %CPU %MEM     TIME+ COMMAND
 1472 ubuntu    20   0 16.880g 272060  14648 S   0.0  1.8   2:32.76 java
Fri Jun 13 08:15:27 UTC 2014
  PID USER      PR  NI    VIRT    RES    SHR S  %CPU %MEM     TIME+ COMMAND
 1472 ubuntu    20   0 16.880g 272060  14648 S   0.0  1.8   2:32.77 java
Fri Jun 13 08:15:28 UTC 2014
  PID USER      PR  NI    VIRT    RES    SHR S  %CPU %MEM     TIME+ COMMAND
 1472 ubuntu    20   0 16.880g 272060  14648 S   0.0  1.8   2:32.77 java
Fri Jun 13 08:15:29 UTC 2014
  PID USER      PR  NI    VIRT    RES    SHR S  %CPU %MEM     TIME+ COMMAND
 1472 ubuntu    20   0 16.880g 272060  14648 S   0.0  1.8   2:32.79 java
Fri Jun 13 08:15:30 UTC 2014
  PID USER      PR  NI    VIRT    RES    SHR S  %CPU %MEM     TIME+ COMMAND
 1472 ubuntu    20   0 16.880g 272060  14648 S   0.0  1.8   2:32.79 java
Fri Jun 13 08:15:31 UTC 2014
  PID USER      PR  NI    VIRT    RES    SHR S  %CPU %MEM     TIME+ COMMAND
 1472 ubuntu    20   0 16.880g 272060  14648 S   0.0  1.8   2:32.80 java
Fri Jun 13 08:15:33 UTC 2014
  PID USER      PR  NI    VIRT    RES    SHR S  %CPU %MEM     TIME+ COMMAND
 1472 ubuntu    20   0 16.880g 272060  14648 S   0.0  1.8   2:32.80 java
Fri Jun 13 08:15:34 UTC 2014
  PID USER      PR  NI    VIRT    RES    SHR S  %CPU %MEM     TIME+ COMMAND
 1472 ubuntu    20   0 16.880g 272060  14648 S   0.0  1.8   2:32.80 java
Fri Jun 13 08:15:35 UTC 2014
  PID USER      PR  NI    VIRT    RES    SHR S  %CPU %MEM     TIME+ COMMAND
 1472 ubuntu    20   0 16.880g 272060  14648 S   0.0  1.8   2:32.81 java
Fri Jun 13 08:15:36 UTC 2014
  PID USER      PR  NI    VIRT    RES    SHR S  %CPU %MEM     TIME+ COMMAND
 1472 ubuntu    20   0 16.880g 272060  14648 S   0.0  1.8   2:32.82 java
Fri Jun 13 08:15:37 UTC 2014
  PID USER      PR  NI    VIRT    RES    SHR S  %CPU %MEM     TIME+ COMMAND
 1472 ubuntu    20   0 16.880g 272060  14648 S   6.6  1.8   2:32.84 java
Fri Jun 13 08:15:38 UTC 2014
  PID USER      PR  NI    VIRT    RES    SHR S  %CPU %MEM     TIME+ COMMAND
 1472 ubuntu    20   0 16.880g 271292  14648 S   0.0  1.8   2:32.84 java
Fri Jun 13 08:15:40 UTC 2014
  PID USER      PR  NI    VIRT    RES    SHR S  %CPU %MEM     TIME+ COMMAND
 1472 ubuntu    20   0 16.880g 271292  14648 S   0.0  1.8   2:32.84 java
Fri Jun 13 08:15:41 UTC 2014
  PID USER      PR  NI    VIRT    RES    SHR S  %CPU %MEM     TIME+ COMMAND
 1472 ubuntu    20   0 16.880g 271292  14648 S   0.0  1.8   2:32.85 java
Fri Jun 13 08:15:42 UTC 2014
  PID USER      PR  NI    VIRT    RES    SHR S  %CPU %MEM     TIME+ COMMAND
 1472 ubuntu    20   0 16.880g 271308  14648 S   0.0  1.8   2:32.85 java
Fri Jun 13 08:15:43 UTC 2014
  PID USER      PR  NI    VIRT    RES    SHR S  %CPU %MEM     TIME+ COMMAND
 1472 ubuntu    20   0 16.880g 271308  14648 S   0.0  1.8   2:32.86 java
Fri Jun 13 08:15:44 UTC 2014
  PID USER      PR  NI    VIRT    RES    SHR S  %CPU %MEM     TIME+ COMMAND
 1472 ubuntu    20   0 16.880g 271308  14648 S   0.0  1.8   2:32.87 java
Fri Jun 13 08:15:45 UTC 2014
  PID USER      PR  NI    VIRT    RES    SHR S  %CPU %MEM     TIME+ COMMAND
 1472 ubuntu    20   0 16.880g 271308  14648 S   0.0  1.8   2:32.87 java
Fri Jun 13 08:15:47 UTC 2014
  PID USER      PR  NI    VIRT    RES    SHR S  %CPU %MEM     TIME+ COMMAND
 1472 ubuntu    20   0 16.880g 271308  14648 S   0.0  1.8   2:32.88 java
Fri Jun 13 08:15:48 UTC 2014
  PID USER      PR  NI    VIRT    RES    SHR S  %CPU %MEM     TIME+ COMMAND
 1472 ubuntu    20   0 16.880g 271308  14648 S   0.0  1.8   2:32.89 java
Fri Jun 13 08:15:49 UTC 2014
  PID USER      PR  NI    VIRT    RES    SHR S  %CPU %MEM     TIME+ COMMAND
 1472 ubuntu    20   0 16.880g 271308  14648 S   0.0  1.8   2:32.90 java
Fri Jun 13 08:15:50 UTC 2014
  PID USER      PR  NI    VIRT    RES    SHR S  %CPU %MEM     TIME+ COMMAND
 1472 ubuntu    20   0 16.880g 271308  14648 S   6.6  1.8   2:32.91 java
Fri Jun 13 08:15:51 UTC 2014
  PID USER      PR  NI    VIRT    RES    SHR S  %CPU %MEM     TIME+ COMMAND
 1472 ubuntu    20   0 16.880g 271308  14648 S   0.0  1.8   2:32.91 java
